record in kb
time		total		used		free
[15:28:15]		1048572		0		1048572
[15:28:18]		1048572		0		1048572
[15:28:21]		1048572		0		1048572
[15:28:24]		1048572		0		1048572
[15:28:27]		1048572		0		1048572
[15:28:30]		1048572		0		1048572
[15:28:33]		1048572		0		1048572
[15:28:36]		1048572		0		1048572
[15:28:39]		1048572		0		1048572
[15:28:42]		1048572		0		1048572
[15:28:45]		1048572		0		1048572
[15:28:48]		1048572		0		1048572
[15:28:51]		1048572		0		1048572
[15:28:54]		1048572		0		1048572
[15:28:57]		1048572		0		1048572
[15:29:00]		1048572		0		1048572
[15:29:03]		1048572		0		1048572
[15:29:06]		1048572		0		1048572
[15:29:09]		1048572		0		1048572
[15:29:12]		1048572		0		1048572
[15:29:15]		1048572		0		1048572
[15:29:18]		1048572		0		1048572
[15:29:21]		1048572		0		1048572
[15:29:24]		1048572		0		1048572
[15:29:27]		1048572		0		1048572
[15:29:30]		1048572		0		1048572
[15:29:33]		1048572		0		1048572
[15:29:36]		1048572		0		1048572
[15:29:39]		1048572		0		1048572
[15:29:42]		1048572		0		1048572
[15:29:45]		1048572		0		1048572
[15:29:48]		1048572		0		1048572
[15:29:51]		1048572		0		1048572
[15:29:54]		1048572		0		1048572
[15:29:57]		1048572		0		1048572
[15:30:00]		1048572		0		1048572
[15:30:03]		1048572		0		1048572
[15:30:06]		1048572		0		1048572
[15:30:09]		1048572		0		1048572
[15:30:12]		1048572		0		1048572
[15:30:15]		1048572		0		1048572
[15:30:18]		1048572		0		1048572
[15:30:21]		1048572		0		1048572
[15:30:24]		1048572		0		1048572
[15:30:27]		1048572		0		1048572
[15:30:30]		1048572		0		1048572
[15:30:33]		1048572		0		1048572
[15:30:36]		1048572		0		1048572
[15:30:39]		1048572		0		1048572
[15:30:42]		1048572		0		1048572
[15:30:45]		1048572		0		1048572
[15:30:48]		1048572		0		1048572
[15:30:51]		1048572		0		1048572
[15:30:54]		1048572		0		1048572
[15:30:57]		1048572		0		1048572
[15:31:00]		1048572		0		1048572
[15:31:03]		1048572		0		1048572
[15:31:06]		1048572		0		1048572
[15:31:09]		1048572		0		1048572
[15:31:12]		1048572		0		1048572
[15:31:15]		1048572		0		1048572
[15:31:18]		1048572		0		1048572
[15:31:21]		1048572		0		1048572
[15:31:24]		1048572		0		1048572
[15:31:27]		1048572		0		1048572
[15:31:30]		1048572		0		1048572
[15:31:33]		1048572		0		1048572
[15:31:36]		1048572		0		1048572
[15:31:39]		1048572		0		1048572
[15:31:42]		1048572		0		1048572
[15:31:45]		1048572		0		1048572
[15:31:48]		1048572		0		1048572
[15:31:51]		1048572		0		1048572
[15:31:54]		1048572		0		1048572
[15:31:57]		1048572		0		1048572
[15:32:00]		1048572		0		1048572
[15:32:03]		1048572		0		1048572
[15:32:06]		1048572		0		1048572
[15:32:09]		1048572		0		1048572
[15:32:12]		1048572		0		1048572
[15:32:15]		1048572		0		1048572
[15:32:18]		1048572		0		1048572
[15:32:21]		1048572		0		1048572
[15:32:24]		1048572		0		1048572
[15:32:27]		1048572		0		1048572
[15:32:30]		1048572		0		1048572
[15:32:33]		1048572		0		1048572
[15:32:36]		1048572		0		1048572
[15:32:39]		1048572		0		1048572
[15:32:42]		1048572		0		1048572
[15:32:45]		1048572		0		1048572
[15:32:48]		1048572		0		1048572
[15:32:51]		1048572		0		1048572
[15:32:54]		1048572		0		1048572
[15:32:57]		1048572		0		1048572
[15:33:00]		1048572		0		1048572
[15:33:03]		1048572		0		1048572
[15:33:06]		1048572		0		1048572
[15:33:09]		1048572		0		1048572
[15:33:12]		1048572		0		1048572
[15:33:15]		1048572		0		1048572
[15:33:18]		1048572		0		1048572
[15:33:21]		1048572		0		1048572
[15:33:24]		1048572		0		1048572
[15:33:27]		1048572		0		1048572
[15:33:30]		1048572		0		1048572
[15:33:33]		1048572		0		1048572
[15:33:36]		1048572		0		1048572
[15:33:39]		1048572		0		1048572
[15:33:42]		1048572		0		1048572
[15:33:45]		1048572		0		1048572
[15:33:48]		1048572		0		1048572
[15:33:51]		1048572		0		1048572
[15:33:54]		1048572		0		1048572
[15:33:57]		1048572		0		1048572
[15:34:00]		1048572		0		1048572
[15:34:03]		1048572		0		1048572
[15:34:06]		1048572		0		1048572
[15:34:09]		1048572		0		1048572
[15:34:12]		1048572		0		1048572
[15:34:15]		1048572		0		1048572
[15:34:18]		1048572		0		1048572
[15:34:21]		1048572		0		1048572
[15:34:24]		1048572		0		1048572
[15:34:27]		1048572		0		1048572
[15:34:30]		1048572		0		1048572
[15:34:33]		1048572		0		1048572
[15:34:36]		1048572		0		1048572
[15:34:39]		1048572		0		1048572
[15:34:42]		1048572		0		1048572
[15:34:45]		1048572		0		1048572
[15:34:48]		1048572		0		1048572
[15:34:51]		1048572		0		1048572
[15:34:54]		1048572		0		1048572
[15:34:57]		1048572		0		1048572
[15:35:00]		1048572		0		1048572
[15:35:03]		1048572		0		1048572
[15:35:06]		1048572		0		1048572
[15:35:09]		1048572		0		1048572
[15:35:12]		1048572		0		1048572
[15:35:15]		1048572		0		1048572
[15:35:18]		1048572		0		1048572
[15:35:21]		1048572		0		1048572
[15:35:24]		1048572		0		1048572
[15:35:27]		1048572		0		1048572
[15:35:30]		1048572		0		1048572
[15:35:33]		1048572		0		1048572
[15:35:36]		1048572		0		1048572
[15:35:39]		1048572		0		1048572
[15:35:42]		1048572		0		1048572
[15:35:45]		1048572		0		1048572
[15:35:48]		1048572		0		1048572
[15:35:51]		1048572		0		1048572
[15:35:54]		1048572		0		1048572
[15:35:57]		1048572		0		1048572
[15:36:00]		1048572		0		1048572
[15:36:03]		1048572		0		1048572
[15:36:06]		1048572		0		1048572
[15:36:09]		1048572		0		1048572
[15:36:12]		1048572		0		1048572
[15:36:15]		1048572		0		1048572
[15:36:18]		1048572		0		1048572
[15:36:21]		1048572		0		1048572
[15:36:24]		1048572		0		1048572
[15:36:27]		1048572		0		1048572
[15:36:30]		1048572		0		1048572
[15:36:33]		1048572		0		1048572
[15:36:36]		1048572		0		1048572
[15:36:39]		1048572		0		1048572
[15:36:42]		1048572		0		1048572
[15:36:45]		1048572		0		1048572
[15:36:48]		1048572		0		1048572
[15:36:51]		1048572		0		1048572
[15:36:54]		1048572		0		1048572
[15:36:57]		1048572		0		1048572
[15:37:00]		1048572		0		1048572
[15:37:03]		1048572		0		1048572
[15:37:06]		1048572		0		1048572
[15:37:09]		1048572		0		1048572
[15:37:12]		1048572		0		1048572
[15:37:15]		1048572		0		1048572
[15:37:18]		1048572		0		1048572
[15:37:21]		1048572		0		1048572
[15:37:24]		1048572		0		1048572
[15:37:27]		1048572		0		1048572
[15:37:30]		1048572		0		1048572
[15:37:33]		1048572		0		1048572
[15:37:36]		1048572		0		1048572
[15:37:39]		1048572		0		1048572
[15:37:42]		1048572		0		1048572
[15:37:45]		1048572		0		1048572
[15:37:48]		1048572		0		1048572
[15:37:51]		1048572		0		1048572
[15:37:54]		1048572		0		1048572
[15:37:57]		1048572		0		1048572
[15:38:00]		1048572		0		1048572
[15:38:03]		1048572		0		1048572
[15:38:06]		1048572		0		1048572
[15:38:09]		1048572		0		1048572
[15:38:12]		1048572		0		1048572
[15:38:15]		1048572		0		1048572
[15:38:18]		1048572		0		1048572
[15:38:21]		1048572		0		1048572
[15:38:24]		1048572		0		1048572
[15:38:27]		1048572		0		1048572
[15:38:30]		1048572		0		1048572
[15:38:33]		1048572		0		1048572
[15:38:36]		1048572		0		1048572
[15:38:39]		1048572		0		1048572
[15:38:42]		1048572		0		1048572
[15:38:45]		1048572		0		1048572
[15:38:48]		1048572		0		1048572
[15:38:51]		1048572		0		1048572
[15:38:54]		1048572		0		1048572
[15:38:57]		1048572		0		1048572
[15:39:00]		1048572		0		1048572
[15:39:03]		1048572		0		1048572
[15:39:06]		1048572		0		1048572
[15:39:09]		1048572		0		1048572
[15:39:12]		1048572		0		1048572
[15:39:15]		1048572		0		1048572
[15:39:18]		1048572		0		1048572
[15:39:21]		1048572		0		1048572
[15:39:24]		1048572		0		1048572
[15:39:27]		1048572		0		1048572
[15:39:30]		1048572		0		1048572
[15:39:33]		1048572		0		1048572
[15:39:36]		1048572		0		1048572
[15:39:39]		1048572		0		1048572
[15:39:42]		1048572		0		1048572
[15:39:45]		1048572		0		1048572
[15:39:48]		1048572		0		1048572
[15:39:51]		1048572		0		1048572
[15:39:54]		1048572		0		1048572
[15:39:57]		1048572		0		1048572
[15:40:00]		1048572		0		1048572
[15:40:03]		1048572		0		1048572
[15:40:06]		1048572		0		1048572
[15:40:09]		1048572		0		1048572
[15:40:12]		1048572		0		1048572
[15:40:15]		1048572		0		1048572
[15:40:18]		1048572		0		1048572
[15:40:21]		1048572		0		1048572
[15:40:24]		1048572		0		1048572
[15:40:27]		1048572		0		1048572
[15:40:30]		1048572		0		1048572
[15:40:33]		1048572		0		1048572
[15:40:36]		1048572		0		1048572
[15:40:39]		1048572		0		1048572
[15:40:42]		1048572		0		1048572
[15:40:45]		1048572		0		1048572
[15:40:48]		1048572		0		1048572
[15:40:51]		1048572		0		1048572
[15:40:54]		1048572		0		1048572
[15:40:57]		1048572		0		1048572
[15:41:00]		1048572		0		1048572
[15:41:03]		1048572		0		1048572
[15:41:06]		1048572		0		1048572
[15:41:09]		1048572		0		1048572
[15:41:12]		1048572		0		1048572
[15:41:15]		1048572		0		1048572
[15:41:18]		1048572		0		1048572
[15:41:21]		1048572		0		1048572
[15:41:24]		1048572		0		1048572
[15:41:27]		1048572		0		1048572
[15:41:30]		1048572		0		1048572
[15:41:33]		1048572		0		1048572
[15:41:36]		1048572		0		1048572
[15:41:39]		1048572		0		1048572
[15:41:42]		1048572		0		1048572
[15:41:45]		1048572		0		1048572
[15:41:48]		1048572		0		1048572
[15:41:51]		1048572		0		1048572
[15:41:54]		1048572		0		1048572
[15:41:57]		1048572		0		1048572
[15:42:00]		1048572		0		1048572
[15:42:03]		1048572		0		1048572
[15:42:06]		1048572		0		1048572
[15:42:09]		1048572		0		1048572
[15:42:12]		1048572		0		1048572
[15:42:15]		1048572		0		1048572
[15:42:18]		1048572		0		1048572
[15:42:21]		1048572		0		1048572
[15:42:24]		1048572		0		1048572
[15:42:27]		1048572		0		1048572
[15:42:30]		1048572		0		1048572
[15:42:33]		1048572		0		1048572
[15:42:36]		1048572		0		1048572
[15:42:39]		1048572		0		1048572
[15:42:42]		1048572		0		1048572
[15:42:45]		1048572		0		1048572
[15:42:48]		1048572		0		1048572
[15:42:51]		1048572		0		1048572
[15:42:54]		1048572		0		1048572
[15:42:57]		1048572		0		1048572
[15:43:00]		1048572		0		1048572
[15:43:03]		1048572		0		1048572
[15:43:06]		1048572		0		1048572
[15:43:09]		1048572		0		1048572
[15:43:12]		1048572		0		1048572
[15:43:15]		1048572		0		1048572
[15:43:18]		1048572		0		1048572
[15:43:21]		1048572		0		1048572
[15:43:24]		1048572		0		1048572
[15:43:27]		1048572		0		1048572
[15:43:30]		1048572		0		1048572
[15:43:33]		1048572		0		1048572
[15:43:36]		1048572		0		1048572
[15:43:39]		1048572		0		1048572
[15:43:42]		1048572		0		1048572
[15:43:45]		1048572		0		1048572
[15:43:48]		1048572		0		1048572
[15:43:51]		1048572		0		1048572
[15:43:54]		1048572		0		1048572
[15:43:57]		1048572		0		1048572
[15:44:00]		1048572		0		1048572
[15:44:03]		1048572		0		1048572
[15:44:06]		1048572		0		1048572
[15:44:09]		1048572		0		1048572
[15:44:12]		1048572		0		1048572
[15:44:15]		1048572		0		1048572
[15:44:18]		1048572		0		1048572
[15:44:21]		1048572		0		1048572
[15:44:24]		1048572		0		1048572
[15:44:27]		1048572		0		1048572
[15:44:30]		1048572		0		1048572
[15:44:33]		1048572		0		1048572
[15:44:36]		1048572		0		1048572
[15:44:39]		1048572		0		1048572
[15:44:42]		1048572		0		1048572
[15:44:45]		1048572		0		1048572
[15:44:48]		1048572		0		1048572
[15:44:51]		1048572		0		1048572
[15:44:54]		1048572		0		1048572
[15:44:57]		1048572		0		1048572
[15:45:00]		1048572		0		1048572
[15:45:03]		1048572		0		1048572
[15:45:06]		1048572		0		1048572
[15:45:09]		1048572		0		1048572
[15:45:12]		1048572		0		1048572
[15:45:15]		1048572		0		1048572
[15:45:18]		1048572		0		1048572
[15:45:21]		1048572		0		1048572
[15:45:24]		1048572		0		1048572
[15:45:27]		1048572		0		1048572
[15:45:30]		1048572		0		1048572
[15:45:33]		1048572		0		1048572
[15:45:36]		1048572		0		1048572
[15:45:39]		1048572		0		1048572
[15:45:42]		1048572		0		1048572
[15:45:45]		1048572		0		1048572
[15:45:48]		1048572		0		1048572
[15:45:51]		1048572		0		1048572
[15:45:54]		1048572		0		1048572
[15:45:57]		1048572		0		1048572
[15:46:00]		1048572		0		1048572
[15:46:03]		1048572		0		1048572
[15:46:06]		1048572		0		1048572
[15:46:09]		1048572		0		1048572
[15:46:12]		1048572		0		1048572
[15:46:15]		1048572		0		1048572
[15:46:18]		1048572		0		1048572
[15:46:21]		1048572		0		1048572
[15:46:24]		1048572		0		1048572
[15:46:27]		1048572		0		1048572
[15:46:30]		1048572		0		1048572
[15:46:33]		1048572		0		1048572
[15:46:36]		1048572		0		1048572
[15:46:39]		1048572		0		1048572
[15:46:42]		1048572		0		1048572
[15:46:45]		1048572		0		1048572
[15:46:48]		1048572		0		1048572
[15:46:51]		1048572		0		1048572
[15:46:54]		1048572		0		1048572
[15:46:57]		1048572		0		1048572
[15:47:00]		1048572		0		1048572
[15:47:03]		1048572		0		1048572
[15:47:06]		1048572		0		1048572
[15:47:09]		1048572		0		1048572
[15:47:12]		1048572		0		1048572
[15:47:15]		1048572		0		1048572
[15:47:18]		1048572		0		1048572
[15:47:21]		1048572		0		1048572
[15:47:24]		1048572		0		1048572
[15:47:27]		1048572		0		1048572
[15:47:30]		1048572		0		1048572
[15:47:33]		1048572		0		1048572
[15:47:36]		1048572		0		1048572
[15:47:39]		1048572		0		1048572
[15:47:42]		1048572		0		1048572
[15:47:45]		1048572		0		1048572
[15:47:48]		1048572		0		1048572
[15:47:51]		1048572		0		1048572
[15:47:54]		1048572		0		1048572
[15:47:57]		1048572		0		1048572
[15:48:00]		1048572		0		1048572
[15:48:03]		1048572		0		1048572
[15:48:06]		1048572		0		1048572
[15:48:09]		1048572		0		1048572
[15:48:12]		1048572		0		1048572
[15:48:15]		1048572		0		1048572
[15:48:18]		1048572		0		1048572
[15:48:21]		1048572		0		1048572
[15:48:24]		1048572		0		1048572
[15:48:27]		1048572		0		1048572
[15:48:30]		1048572		0		1048572
[15:48:33]		1048572		0		1048572
[15:48:36]		1048572		0		1048572
[15:48:39]		1048572		0		1048572
[15:48:42]		1048572		0		1048572
[15:48:45]		1048572		0		1048572
[15:48:48]		1048572		0		1048572
[15:48:51]		1048572		0		1048572
[15:48:54]		1048572		0		1048572
[15:48:57]		1048572		0		1048572
[15:49:00]		1048572		0		1048572
[15:49:03]		1048572		0		1048572
[15:49:06]		1048572		0		1048572
[15:49:09]		1048572		0		1048572
[15:49:12]		1048572		0		1048572
[15:49:15]		1048572		0		1048572
[15:49:18]		1048572		0		1048572
[15:49:21]		1048572		0		1048572
[15:49:24]		1048572		0		1048572
[15:49:27]		1048572		0		1048572
[15:49:30]		1048572		0		1048572
[15:49:33]		1048572		0		1048572
[15:49:36]		1048572		0		1048572
[15:49:39]		1048572		0		1048572
[15:49:42]		1048572		0		1048572
[15:49:45]		1048572		0		1048572
[15:49:48]		1048572		0		1048572
[15:49:51]		1048572		0		1048572
[15:49:54]		1048572		0		1048572
[15:49:57]		1048572		0		1048572
[15:50:00]		1048572		0		1048572
[15:50:03]		1048572		0		1048572
[15:50:06]		1048572		0		1048572
[15:50:09]		1048572		0		1048572
[15:50:12]		1048572		0		1048572
[15:50:15]		1048572		0		1048572
[15:50:18]		1048572		0		1048572
[15:50:21]		1048572		0		1048572
[15:50:24]		1048572		0		1048572
[15:50:27]		1048572		0		1048572
[15:50:30]		1048572		0		1048572
[15:50:33]		1048572		0		1048572
[15:50:36]		1048572		0		1048572
[15:50:39]		1048572		0		1048572
[15:50:42]		1048572		0		1048572
[15:50:45]		1048572		0		1048572
[15:50:48]		1048572		0		1048572
[15:50:51]		1048572		0		1048572
[15:50:54]		1048572		0		1048572
[15:50:57]		1048572		0		1048572
[15:51:00]		1048572		0		1048572
[15:51:03]		1048572		0		1048572
[15:51:06]		1048572		0		1048572
[15:51:09]		1048572		0		1048572
[15:51:12]		1048572		0		1048572
[15:51:15]		1048572		0		1048572
[15:51:18]		1048572		0		1048572
[15:51:21]		1048572		0		1048572
[15:51:24]		1048572		0		1048572
[15:51:27]		1048572		0		1048572
[15:51:30]		1048572		0		1048572
[15:51:33]		1048572		0		1048572
[15:51:36]		1048572		0		1048572
[15:51:39]		1048572		0		1048572
[15:51:42]		1048572		0		1048572
[15:51:45]		1048572		0		1048572
[15:51:48]		1048572		0		1048572
[15:51:51]		1048572		0		1048572
[15:51:54]		1048572		0		1048572
[15:51:57]		1048572		0		1048572
[15:52:00]		1048572		0		1048572
[15:52:03]		1048572		0		1048572
[15:52:06]		1048572		0		1048572
[15:52:09]		1048572		0		1048572
[15:52:12]		1048572		0		1048572
[15:52:15]		1048572		0		1048572
[15:52:18]		1048572		0		1048572
[15:52:21]		1048572		0		1048572
[15:52:24]		1048572		0		1048572
[15:52:27]		1048572		0		1048572
[15:52:30]		1048572		0		1048572
[15:52:33]		1048572		0		1048572
[15:52:36]		1048572		0		1048572
[15:52:39]		1048572		0		1048572
[15:52:42]		1048572		0		1048572
[15:52:45]		1048572		0		1048572
[15:52:48]		1048572		0		1048572
[15:52:51]		1048572		0		1048572
[15:52:54]		1048572		0		1048572
[15:52:57]		1048572		0		1048572
[15:53:00]		1048572		0		1048572
[15:53:03]		1048572		0		1048572
[15:53:06]		1048572		0		1048572
[15:53:09]		1048572		0		1048572
[15:53:12]		1048572		0		1048572
[15:53:15]		1048572		0		1048572
[15:53:18]		1048572		0		1048572
[15:53:21]		1048572		0		1048572
[15:53:24]		1048572		0		1048572
[15:53:27]		1048572		0		1048572
[15:53:30]		1048572		0		1048572
[15:53:33]		1048572		0		1048572
[15:53:36]		1048572		0		1048572
[15:53:39]		1048572		0		1048572
[15:53:42]		1048572		0		1048572
[15:53:45]		1048572		0		1048572
[15:53:48]		1048572		0		1048572
[15:53:51]		1048572		0		1048572
[15:53:54]		1048572		0		1048572
[15:53:57]		1048572		0		1048572
[15:54:00]		1048572		0		1048572
[15:54:03]		1048572		0		1048572
[15:54:06]		1048572		0		1048572
[15:54:09]		1048572		0		1048572
[15:54:12]		1048572		0		1048572
[15:54:15]		1048572		0		1048572
[15:54:18]		1048572		0		1048572
[15:54:21]		1048572		0		1048572
[15:54:24]		1048572		0		1048572
[15:54:27]		1048572		0		1048572
[15:54:30]		1048572		0		1048572
[15:54:33]		1048572		0		1048572
[15:54:36]		1048572		0		1048572
[15:54:39]		1048572		0		1048572
[15:54:42]		1048572		0		1048572
[15:54:45]		1048572		0		1048572
[15:54:48]		1048572		0		1048572
[15:54:51]		1048572		0		1048572
[15:54:54]		1048572		0		1048572
[15:54:57]		1048572		0		1048572
[15:55:00]		1048572		0		1048572
[15:55:03]		1048572		0		1048572
[15:55:06]		1048572		0		1048572
[15:55:09]		1048572		0		1048572
[15:55:12]		1048572		0		1048572
[15:55:15]		1048572		0		1048572
[15:55:18]		1048572		0		1048572
[15:55:21]		1048572		0		1048572
[15:55:24]		1048572		0		1048572
[15:55:27]		1048572		0		1048572
[15:55:30]		1048572		0		1048572
[15:55:33]		1048572		0		1048572
[15:55:36]		1048572		0		1048572
[15:55:39]		1048572		0		1048572
[15:55:42]		1048572		0		1048572
[15:55:45]		1048572		0		1048572
[15:55:48]		1048572		0		1048572
[15:55:51]		1048572		0		1048572
[15:55:54]		1048572		0		1048572
[15:55:57]		1048572		0		1048572
[15:56:00]		1048572		0		1048572
[15:56:03]		1048572		0		1048572
[15:56:06]		1048572		0		1048572
[15:56:09]		1048572		0		1048572
[15:56:12]		1048572		0		1048572
[15:56:15]		1048572		0		1048572
[15:56:18]		1048572		0		1048572
[15:56:21]		1048572		0		1048572
[15:56:24]		1048572		0		1048572
[15:56:27]		1048572		0		1048572
[15:56:30]		1048572		0		1048572
[15:56:33]		1048572		0		1048572
[15:56:36]		1048572		0		1048572
[15:56:39]		1048572		0		1048572
[15:56:42]		1048572		0		1048572
[15:56:45]		1048572		0		1048572
[15:56:48]		1048572		0		1048572
[15:56:51]		1048572		0		1048572
[15:56:54]		1048572		0		1048572
[15:56:57]		1048572		0		1048572
[15:57:00]		1048572		0		1048572
[15:57:03]		1048572		0		1048572
[15:57:06]		1048572		0		1048572
[15:57:09]		1048572		0		1048572
[15:57:12]		1048572		0		1048572
[15:57:15]		1048572		0		1048572
[15:57:18]		1048572		0		1048572
[15:57:21]		1048572		0		1048572
[15:57:24]		1048572		0		1048572
[15:57:27]		1048572		0		1048572
[15:57:30]		1048572		0		1048572
[15:57:33]		1048572		0		1048572
[15:57:36]		1048572		0		1048572
[15:57:39]		1048572		0		1048572
[15:57:42]		1048572		0		1048572
[15:57:45]		1048572		0		1048572
[15:57:48]		1048572		0		1048572
[15:57:51]		1048572		0		1048572
[15:57:54]		1048572		0		1048572
[15:57:57]		1048572		0		1048572
[15:58:00]		1048572		0		1048572
[15:58:03]		1048572		0		1048572
[15:58:06]		1048572		0		1048572
[15:58:09]		1048572		0		1048572
[15:58:12]		1048572		0		1048572
[15:58:15]		1048572		0		1048572
[15:58:18]		1048572		0		1048572
[15:58:21]		1048572		0		1048572
[15:58:24]		1048572		0		1048572
[15:58:27]		1048572		0		1048572
[15:58:30]		1048572		0		1048572
[15:58:33]		1048572		0		1048572
[15:58:36]		1048572		0		1048572
[15:58:39]		1048572		0		1048572
[15:58:42]		1048572		0		1048572
[15:58:45]		1048572		0		1048572
[15:58:48]		1048572		0		1048572
[15:58:51]		1048572		0		1048572
[15:58:54]		1048572		0		1048572
[15:58:57]		1048572		0		1048572
[15:59:00]		1048572		0		1048572
[15:59:03]		1048572		0		1048572
[15:59:06]		1048572		0		1048572
[15:59:09]		1048572		0		1048572
[15:59:12]		1048572		0		1048572
[15:59:15]		1048572		0		1048572
[15:59:18]		1048572		0		1048572
[15:59:21]		1048572		0		1048572
[15:59:24]		1048572		0		1048572
[15:59:27]		1048572		0		1048572
[15:59:30]		1048572		0		1048572
[15:59:33]		1048572		0		1048572
[15:59:36]		1048572		0		1048572
[15:59:39]		1048572		0		1048572
[15:59:42]		1048572		0		1048572
[15:59:45]		1048572		0		1048572
[15:59:48]		1048572		0		1048572
[15:59:51]		1048572		0		1048572
[15:59:54]		1048572		0		1048572
[15:59:57]		1048572		0		1048572
[16:00:00]		1048572		0		1048572
[16:00:03]		1048572		0		1048572
[16:00:06]		1048572		0		1048572
[16:00:09]		1048572		0		1048572
[16:00:12]		1048572		0		1048572
[16:00:15]		1048572		0		1048572
[16:00:18]		1048572		0		1048572
[16:00:21]		1048572		0		1048572
[16:00:24]		1048572		0		1048572
[16:00:27]		1048572		0		1048572
[16:00:30]		1048572		0		1048572
[16:00:33]		1048572		0		1048572
[16:00:36]		1048572		0		1048572
[16:00:39]		1048572		0		1048572
[16:00:42]		1048572		0		1048572
[16:00:45]		1048572		0		1048572
[16:00:48]		1048572		0		1048572
[16:00:51]		1048572		0		1048572
[16:00:54]		1048572		0		1048572
[16:00:57]		1048572		0		1048572
[16:01:00]		1048572		0		1048572
[16:01:03]		1048572		0		1048572
[16:01:06]		1048572		0		1048572
[16:01:09]		1048572		0		1048572
[16:01:12]		1048572		0		1048572
[16:01:15]		1048572		0		1048572
[16:01:18]		1048572		0		1048572
[16:01:21]		1048572		0		1048572
[16:01:24]		1048572		0		1048572
[16:01:27]		1048572		0		1048572
[16:01:30]		1048572		0		1048572
[16:01:33]		1048572		0		1048572
[16:01:36]		1048572		0		1048572
[16:01:39]		1048572		0		1048572
[16:01:42]		1048572		0		1048572
[16:01:45]		1048572		0		1048572
[16:01:48]		1048572		0		1048572
[16:01:51]		1048572		0		1048572
[16:01:54]		1048572		0		1048572
[16:01:57]		1048572		0		1048572
[16:02:00]		1048572		0		1048572
[16:02:03]		1048572		0		1048572
[16:02:06]		1048572		0		1048572
[16:02:09]		1048572		0		1048572
[16:02:12]		1048572		0		1048572
[16:02:15]		1048572		0		1048572
[16:02:19]		1048572		0		1048572
[16:02:22]		1048572		0		1048572
[16:02:25]		1048572		0		1048572
[16:02:28]		1048572		0		1048572
[16:02:31]		1048572		0		1048572
[16:02:34]		1048572		0		1048572
[16:02:37]		1048572		0		1048572
[16:02:40]		1048572		0		1048572
[16:02:43]		1048572		0		1048572
[16:02:46]		1048572		0		1048572
[16:02:49]		1048572		0		1048572
[16:02:52]		1048572		0		1048572
[16:02:55]		1048572		0		1048572
[16:02:58]		1048572		0		1048572
[16:03:01]		1048572		0		1048572
[16:03:04]		1048572		0		1048572
[16:03:07]		1048572		0		1048572
[16:03:10]		1048572		0		1048572
[16:03:13]		1048572		0		1048572
[16:03:16]		1048572		0		1048572
[16:03:19]		1048572		0		1048572
[16:03:22]		1048572		0		1048572
[16:03:25]		1048572		0		1048572
[16:03:28]		1048572		0		1048572
[16:03:31]		1048572		0		1048572
[16:03:34]		1048572		0		1048572
[16:03:37]		1048572		0		1048572
[16:03:40]		1048572		0		1048572
[16:03:43]		1048572		0		1048572
[16:03:46]		1048572		0		1048572
[16:03:49]		1048572		0		1048572
[16:03:52]		1048572		0		1048572
[16:03:55]		1048572		0		1048572
[16:03:58]		1048572		0		1048572
[16:04:01]		1048572		0		1048572
[16:04:04]		1048572		0		1048572
[16:04:07]		1048572		0		1048572
[16:04:10]		1048572		0		1048572
[16:04:13]		1048572		0		1048572
[16:04:16]		1048572		0		1048572
[16:04:19]		1048572		0		1048572
[16:04:22]		1048572		0		1048572
[16:04:25]		1048572		0		1048572
[16:04:28]		1048572		0		1048572
[16:04:31]		1048572		0		1048572
[16:04:34]		1048572		0		1048572
[16:04:37]		1048572		0		1048572
[16:04:40]		1048572		0		1048572
[16:04:43]		1048572		0		1048572
[16:04:46]		1048572		0		1048572
[16:04:49]		1048572		0		1048572
[16:04:52]		1048572		0		1048572
[16:04:55]		1048572		0		1048572
[16:04:58]		1048572		0		1048572
[16:05:01]		1048572		0		1048572
[16:05:04]		1048572		0		1048572
[16:05:07]		1048572		0		1048572
[16:05:10]		1048572		0		1048572
[16:05:13]		1048572		0		1048572
[16:05:16]		1048572		0		1048572
[16:05:19]		1048572		0		1048572
[16:05:22]		1048572		0		1048572
[16:05:25]		1048572		0		1048572
[16:05:28]		1048572		0		1048572
[16:05:31]		1048572		0		1048572
[16:05:34]		1048572		0		1048572
[16:05:37]		1048572		0		1048572
[16:05:40]		1048572		0		1048572
[16:05:43]		1048572		0		1048572
[16:05:46]		1048572		0		1048572
[16:05:49]		1048572		0		1048572
[16:05:52]		1048572		0		1048572
[16:05:55]		1048572		0		1048572
[16:05:58]		1048572		0		1048572
[16:06:01]		1048572		0		1048572
[16:06:04]		1048572		0		1048572
[16:06:07]		1048572		0		1048572
[16:06:10]		1048572		0		1048572
[16:06:13]		1048572		0		1048572
[16:06:16]		1048572		0		1048572
[16:06:19]		1048572		0		1048572
[16:06:22]		1048572		0		1048572
[16:06:25]		1048572		0		1048572
[16:06:28]		1048572		0		1048572
[16:06:31]		1048572		0		1048572
[16:06:34]		1048572		0		1048572
[16:06:37]		1048572		0		1048572
[16:06:40]		1048572		0		1048572
[16:06:43]		1048572		0		1048572
[16:06:46]		1048572		0		1048572
[16:06:49]		1048572		0		1048572
[16:06:52]		1048572		0		1048572
[16:06:55]		1048572		0		1048572
[16:06:58]		1048572		0		1048572
[16:07:01]		1048572		0		1048572
[16:07:04]		1048572		0		1048572
[16:07:07]		1048572		0		1048572
[16:07:10]		1048572		0		1048572
[16:07:13]		1048572		0		1048572
[16:07:16]		1048572		0		1048572
[16:07:19]		1048572		0		1048572
[16:07:22]		1048572		0		1048572
[16:07:25]		1048572		0		1048572
[16:07:28]		1048572		0		1048572
[16:07:31]		1048572		0		1048572
[16:07:34]		1048572		0		1048572
[16:07:37]		1048572		0		1048572
[16:07:40]		1048572		0		1048572
[16:07:43]		1048572		0		1048572
[16:07:46]		1048572		0		1048572
[16:07:49]		1048572		0		1048572
[16:07:52]		1048572		0		1048572
[16:07:55]		1048572		0		1048572
[16:07:58]		1048572		0		1048572
[16:08:01]		1048572		0		1048572
[16:08:04]		1048572		0		1048572
[16:08:07]		1048572		0		1048572
[16:08:10]		1048572		0		1048572
[16:08:13]		1048572		0		1048572
[16:08:16]		1048572		0		1048572
[16:08:19]		1048572		0		1048572
[16:08:22]		1048572		0		1048572
[16:08:25]		1048572		0		1048572
[16:08:28]		1048572		0		1048572
[16:08:31]		1048572		0		1048572
[16:08:34]		1048572		0		1048572
[16:08:37]		1048572		0		1048572
[16:08:40]		1048572		0		1048572
[16:08:43]		1048572		0		1048572
[16:08:46]		1048572		0		1048572
[16:08:49]		1048572		0		1048572
[16:08:52]		1048572		0		1048572
[16:08:55]		1048572		0		1048572
[16:08:58]		1048572		0		1048572
[16:09:01]		1048572		0		1048572
[16:09:04]		1048572		0		1048572
[16:09:07]		1048572		0		1048572
[16:09:10]		1048572		0		1048572
[16:09:13]		1048572		0		1048572
[16:09:16]		1048572		0		1048572
[16:09:19]		1048572		0		1048572
[16:09:22]		1048572		0		1048572
[16:09:25]		1048572		0		1048572
[16:09:28]		1048572		0		1048572
[16:09:31]		1048572		0		1048572
[16:09:34]		1048572		0		1048572
[16:09:37]		1048572		0		1048572
[16:09:40]		1048572		0		1048572
[16:09:43]		1048572		0		1048572
[16:09:46]		1048572		0		1048572
[16:09:49]		1048572		0		1048572
[16:09:52]		1048572		0		1048572
[16:09:55]		1048572		0		1048572
[16:09:58]		1048572		0		1048572
[16:10:01]		1048572		0		1048572
[16:10:04]		1048572		0		1048572
[16:10:07]		1048572		0		1048572
[16:10:10]		1048572		0		1048572
[16:10:13]		1048572		0		1048572
[16:10:16]		1048572		0		1048572
[16:10:19]		1048572		0		1048572
[16:10:22]		1048572		0		1048572
[16:10:25]		1048572		0		1048572
[16:10:28]		1048572		0		1048572
[16:10:31]		1048572		0		1048572
[16:10:34]		1048572		0		1048572
[16:10:37]		1048572		0		1048572
[16:10:40]		1048572		0		1048572
[16:10:43]		1048572		0		1048572
[16:10:46]		1048572		0		1048572
[16:10:49]		1048572		0		1048572
[16:10:52]		1048572		0		1048572
[16:10:55]		1048572		0		1048572
[16:10:58]		1048572		0		1048572
[16:11:01]		1048572		0		1048572
[16:11:04]		1048572		0		1048572
[16:11:07]		1048572		0		1048572
[16:11:10]		1048572		0		1048572
[16:11:13]		1048572		0		1048572
[16:11:16]		1048572		0		1048572
[16:11:19]		1048572		0		1048572
[16:11:22]		1048572		0		1048572
[16:11:25]		1048572		0		1048572
[16:11:28]		1048572		0		1048572
[16:11:31]		1048572		0		1048572
[16:11:34]		1048572		0		1048572
[16:11:37]		1048572		0		1048572
[16:11:40]		1048572		0		1048572
[16:11:43]		1048572		0		1048572
[16:11:46]		1048572		0		1048572
[16:11:49]		1048572		0		1048572
[16:11:52]		1048572		0		1048572
[16:11:55]		1048572		0		1048572
[16:11:58]		1048572		0		1048572
[16:12:01]		1048572		0		1048572
[16:12:04]		1048572		0		1048572
[16:12:07]		1048572		0		1048572
[16:12:10]		1048572		0		1048572
[16:12:13]		1048572		0		1048572
[16:12:16]		1048572		0		1048572
[16:12:19]		1048572		0		1048572
[16:12:22]		1048572		0		1048572
[16:12:25]		1048572		0		1048572
[16:12:28]		1048572		0		1048572
[16:12:31]		1048572		0		1048572
[16:12:34]		1048572		0		1048572
[16:12:37]		1048572		0		1048572
[16:12:40]		1048572		0		1048572
[16:12:43]		1048572		0		1048572
[16:12:46]		1048572		0		1048572
[16:12:49]		1048572		0		1048572
[16:12:52]		1048572		0		1048572
[16:12:55]		1048572		0		1048572
[16:12:58]		1048572		0		1048572
[16:13:01]		1048572		0		1048572
[16:13:04]		1048572		0		1048572
[16:13:07]		1048572		0		1048572
[16:13:10]		1048572		0		1048572
[16:13:13]		1048572		0		1048572
[16:13:16]		1048572		0		1048572
[16:13:19]		1048572		0		1048572
[16:13:22]		1048572		0		1048572
[16:13:25]		1048572		0		1048572
[16:13:28]		1048572		0		1048572
[16:13:31]		1048572		0		1048572
[16:13:34]		1048572		0		1048572
[16:13:37]		1048572		0		1048572
[16:13:40]		1048572		0		1048572
[16:13:43]		1048572		0		1048572
[16:13:46]		1048572		0		1048572
[16:13:49]		1048572		0		1048572
[16:13:52]		1048572		0		1048572
[16:13:55]		1048572		0		1048572
[16:13:58]		1048572		0		1048572
[16:14:01]		1048572		0		1048572
[16:14:04]		1048572		0		1048572
[16:14:07]		1048572		0		1048572
[16:14:10]		1048572		0		1048572
[16:14:13]		1048572		0		1048572
[16:14:16]		1048572		0		1048572
[16:14:19]		1048572		0		1048572
[16:14:22]		1048572		0		1048572
[16:14:25]		1048572		0		1048572
[16:14:28]		1048572		0		1048572
[16:14:31]		1048572		0		1048572
[16:14:34]		1048572		0		1048572
[16:14:37]		1048572		0		1048572
[16:14:40]		1048572		0		1048572
[16:14:43]		1048572		0		1048572
[16:14:46]		1048572		0		1048572
[16:14:49]		1048572		0		1048572
[16:14:52]		1048572		0		1048572
[16:14:55]		1048572		0		1048572
[16:14:58]		1048572		0		1048572
[16:15:01]		1048572		0		1048572
[16:15:04]		1048572		0		1048572
[16:15:07]		1048572		0		1048572
[16:15:10]		1048572		0		1048572
[16:15:13]		1048572		0		1048572
[16:15:16]		1048572		0		1048572
[16:15:19]		1048572		0		1048572
[16:15:22]		1048572		0		1048572
[16:15:25]		1048572		0		1048572
[16:15:28]		1048572		0		1048572
[16:15:31]		1048572		0		1048572
[16:15:34]		1048572		0		1048572
[16:15:37]		1048572		0		1048572
[16:15:40]		1048572		0		1048572
[16:15:43]		1048572		0		1048572
[16:15:46]		1048572		0		1048572
[16:15:49]		1048572		0		1048572
[16:15:52]		1048572		0		1048572
[16:15:55]		1048572		0		1048572
[16:15:58]		1048572		0		1048572
[16:16:01]		1048572		0		1048572
[16:16:04]		1048572		0		1048572
[16:16:07]		1048572		0		1048572
[16:16:10]		1048572		0		1048572
[16:16:13]		1048572		0		1048572
[16:16:16]		1048572		0		1048572
[16:16:19]		1048572		0		1048572
[16:16:22]		1048572		0		1048572
[16:16:25]		1048572		0		1048572
[16:16:28]		1048572		0		1048572
[16:16:31]		1048572		0		1048572
[16:16:34]		1048572		0		1048572
[16:16:37]		1048572		0		1048572
[16:16:40]		1048572		0		1048572
[16:16:43]		1048572		0		1048572
[16:16:46]		1048572		0		1048572
[16:16:49]		1048572		0		1048572
[16:16:52]		1048572		0		1048572
[16:16:55]		1048572		0		1048572
[16:16:58]		1048572		0		1048572
[16:17:01]		1048572		0		1048572
[16:17:04]		1048572		0		1048572
[16:17:07]		1048572		0		1048572
[16:17:10]		1048572		0		1048572
[16:17:13]		1048572		0		1048572
[16:17:16]		1048572		0		1048572
[16:17:19]		1048572		0		1048572
[16:17:22]		1048572		0		1048572
[16:17:25]		1048572		0		1048572
[16:17:28]		1048572		0		1048572
[16:17:31]		1048572		0		1048572
[16:17:34]		1048572		0		1048572
[16:17:37]		1048572		0		1048572
[16:17:40]		1048572		0		1048572
[16:17:43]		1048572		0		1048572
[16:17:46]		1048572		0		1048572
[16:17:49]		1048572		0		1048572
[16:17:52]		1048572		0		1048572
[16:17:55]		1048572		0		1048572
[16:17:58]		1048572		0		1048572
[16:18:01]		1048572		0		1048572
[16:18:04]		1048572		0		1048572
[16:18:07]		1048572		0		1048572
[16:18:10]		1048572		0		1048572
[16:18:13]		1048572		0		1048572
[16:18:16]		1048572		0		1048572
[16:18:19]		1048572		0		1048572
[16:18:22]		1048572		0		1048572
[16:18:25]		1048572		0		1048572
[16:18:28]		1048572		0		1048572
[16:18:31]		1048572		0		1048572
[16:18:34]		1048572		0		1048572
[16:18:37]		1048572		0		1048572
[16:18:40]		1048572		0		1048572
[16:18:43]		1048572		0		1048572
[16:18:46]		1048572		0		1048572
[16:18:49]		1048572		0		1048572
[16:18:52]		1048572		0		1048572
[16:18:55]		1048572		0		1048572
[16:18:58]		1048572		0		1048572
[16:19:01]		1048572		0		1048572
[16:19:04]		1048572		0		1048572
[16:19:07]		1048572		0		1048572
[16:19:10]		1048572		0		1048572
[16:19:13]		1048572		0		1048572
[16:19:16]		1048572		0		1048572
[16:19:19]		1048572		0		1048572
[16:19:22]		1048572		0		1048572
[16:19:25]		1048572		0		1048572
[16:19:28]		1048572		0		1048572
[16:19:31]		1048572		0		1048572
[16:19:34]		1048572		0		1048572
[16:19:37]		1048572		0		1048572
[16:19:40]		1048572		0		1048572
[16:19:43]		1048572		0		1048572
[16:19:46]		1048572		0		1048572
[16:19:49]		1048572		0		1048572
[16:19:52]		1048572		0		1048572
[16:19:55]		1048572		0		1048572
[16:19:58]		1048572		0		1048572
[16:20:01]		1048572		0		1048572
[16:20:04]		1048572		0		1048572
[16:20:07]		1048572		0		1048572
[16:20:10]		1048572		0		1048572
[16:20:13]		1048572		0		1048572
[16:20:16]		1048572		0		1048572
[16:20:19]		1048572		0		1048572
[16:20:22]		1048572		0		1048572
[16:20:25]		1048572		0		1048572
[16:20:28]		1048572		0		1048572
[16:20:31]		1048572		0		1048572
[16:20:34]		1048572		0		1048572
[16:20:37]		1048572		0		1048572
[16:20:40]		1048572		0		1048572
[16:20:43]		1048572		0		1048572
[16:20:46]		1048572		0		1048572
[16:20:49]		1048572		0		1048572
[16:20:52]		1048572		0		1048572
[16:20:55]		1048572		0		1048572
[16:20:58]		1048572		0		1048572
[16:21:01]		1048572		0		1048572
[16:21:04]		1048572		0		1048572
[16:21:07]		1048572		0		1048572
[16:21:10]		1048572		0		1048572
[16:21:13]		1048572		0		1048572
[16:21:16]		1048572		0		1048572
[16:21:19]		1048572		0		1048572
[16:21:22]		1048572		0		1048572
[16:21:25]		1048572		0		1048572
[16:21:28]		1048572		0		1048572
[16:21:31]		1048572		0		1048572
[16:21:34]		1048572		0		1048572
[16:21:37]		1048572		0		1048572
[16:21:40]		1048572		0		1048572
[16:21:43]		1048572		0		1048572
[16:21:46]		1048572		0		1048572
[16:21:49]		1048572		0		1048572
[16:21:52]		1048572		0		1048572
[16:21:55]		1048572		0		1048572
[16:21:58]		1048572		0		1048572
[16:22:01]		1048572		0		1048572
[16:22:04]		1048572		0		1048572
[16:22:07]		1048572		0		1048572
[16:22:10]		1048572		0		1048572
[16:22:13]		1048572		0		1048572
[16:22:16]		1048572		0		1048572
[16:22:19]		1048572		0		1048572
[16:22:22]		1048572		0		1048572
[16:22:25]		1048572		0		1048572
[16:22:28]		1048572		0		1048572
[16:22:31]		1048572		0		1048572
[16:22:34]		1048572		0		1048572
[16:22:37]		1048572		0		1048572
[16:22:40]		1048572		0		1048572
[16:22:43]		1048572		0		1048572
[16:22:46]		1048572		0		1048572
[16:22:49]		1048572		0		1048572
[16:22:52]		1048572		0		1048572
[16:22:55]		1048572		0		1048572
[16:22:58]		1048572		0		1048572
[16:23:01]		1048572		0		1048572
[16:23:04]		1048572		0		1048572
[16:23:07]		1048572		0		1048572
[16:23:10]		1048572		0		1048572
[16:23:13]		1048572		0		1048572
[16:23:16]		1048572		0		1048572
[16:23:19]		1048572		0		1048572
[16:23:22]		1048572		0		1048572
[16:23:25]		1048572		0		1048572
[16:23:28]		1048572		0		1048572
[16:23:31]		1048572		0		1048572
[16:23:34]		1048572		0		1048572
[16:23:37]		1048572		0		1048572
[16:23:40]		1048572		0		1048572
[16:23:43]		1048572		0		1048572
[16:23:46]		1048572		0		1048572
[16:23:49]		1048572		0		1048572
[16:23:52]		1048572		0		1048572
[16:23:55]		1048572		0		1048572
[16:23:58]		1048572		0		1048572
[16:24:01]		1048572		0		1048572
[16:24:04]		1048572		0		1048572
[16:24:07]		1048572		0		1048572
[16:24:10]		1048572		0		1048572
[16:24:13]		1048572		0		1048572
[16:24:16]		1048572		0		1048572
[16:24:19]		1048572		0		1048572
[16:24:22]		1048572		0		1048572
[16:24:25]		1048572		0		1048572
[16:24:28]		1048572		0		1048572
[16:24:31]		1048572		0		1048572
[16:24:34]		1048572		0		1048572
[16:24:37]		1048572		0		1048572
[16:24:40]		1048572		0		1048572
[16:24:43]		1048572		0		1048572
[16:24:46]		1048572		0		1048572
[16:24:49]		1048572		0		1048572
[16:24:52]		1048572		0		1048572
[16:24:55]		1048572		0		1048572
[16:24:58]		1048572		0		1048572
[16:25:01]		1048572		0		1048572
[16:25:04]		1048572		0		1048572
[16:25:07]		1048572		0		1048572
[16:25:10]		1048572		0		1048572
[16:25:13]		1048572		0		1048572
[16:25:16]		1048572		0		1048572
[16:25:19]		1048572		0		1048572
[16:25:22]		1048572		0		1048572
[16:25:25]		1048572		0		1048572
[16:25:28]		1048572		0		1048572
[16:25:31]		1048572		0		1048572
[16:25:34]		1048572		0		1048572
[16:25:37]		1048572		0		1048572
[16:25:40]		1048572		0		1048572
[16:25:43]		1048572		0		1048572
[16:25:46]		1048572		0		1048572
[16:25:49]		1048572		0		1048572
[16:25:52]		1048572		0		1048572
[16:25:55]		1048572		0		1048572
[16:25:58]		1048572		0		1048572
[16:26:01]		1048572		0		1048572
[16:26:04]		1048572		0		1048572
[16:26:07]		1048572		0		1048572
[16:26:10]		1048572		0		1048572
[16:26:13]		1048572		0		1048572
[16:26:16]		1048572		0		1048572
[16:26:19]		1048572		0		1048572
[16:26:22]		1048572		0		1048572
[16:26:25]		1048572		0		1048572
[16:26:28]		1048572		0		1048572
[16:26:31]		1048572		0		1048572
[16:26:34]		1048572		0		1048572
[16:26:37]		1048572		0		1048572
[16:26:40]		1048572		0		1048572
[16:26:43]		1048572		0		1048572
[16:26:46]		1048572		0		1048572
[16:26:49]		1048572		0		1048572
[16:26:52]		1048572		0		1048572
[16:26:55]		1048572		0		1048572
[16:26:58]		1048572		0		1048572
[16:27:01]		1048572		0		1048572
[16:27:04]		1048572		0		1048572
[16:27:07]		1048572		0		1048572
[16:27:10]		1048572		0		1048572
[16:27:13]		1048572		0		1048572
[16:27:16]		1048572		0		1048572
[16:27:19]		1048572		0		1048572
[16:27:22]		1048572		0		1048572
[16:27:25]		1048572		0		1048572
[16:27:28]		1048572		0		1048572
[16:27:31]		1048572		0		1048572
[16:27:34]		1048572		0		1048572
[16:27:37]		1048572		0		1048572
[16:27:40]		1048572		0		1048572
[16:27:43]		1048572		0		1048572
[16:27:46]		1048572		0		1048572
[16:27:49]		1048572		0		1048572
[16:27:52]		1048572		0		1048572
[16:27:55]		1048572		0		1048572
[16:27:58]		1048572		0		1048572
[16:28:01]		1048572		0		1048572
[16:28:04]		1048572		0		1048572
[16:28:07]		1048572		0		1048572
[16:28:10]		1048572		0		1048572
[16:28:13]		1048572		0		1048572
[16:28:16]		1048572		0		1048572
[16:28:19]		1048572		0		1048572
[16:28:22]		1048572		0		1048572
[16:28:25]		1048572		0		1048572
[16:28:28]		1048572		0		1048572
[16:28:31]		1048572		0		1048572
[16:28:34]		1048572		0		1048572
[16:28:37]		1048572		0		1048572
[16:28:40]		1048572		0		1048572
[16:28:43]		1048572		0		1048572
[16:28:46]		1048572		0		1048572
[16:28:49]		1048572		0		1048572
[16:28:52]		1048572		0		1048572
[16:28:55]		1048572		0		1048572
[16:28:58]		1048572		0		1048572
[16:29:01]		1048572		0		1048572
[16:29:04]		1048572		0		1048572
[16:29:07]		1048572		0		1048572
[16:29:10]		1048572		0		1048572
[16:29:13]		1048572		0		1048572
[16:29:16]		1048572		0		1048572
[16:29:19]		1048572		0		1048572
[16:29:22]		1048572		0		1048572
[16:29:25]		1048572		0		1048572
[16:29:28]		1048572		0		1048572
[16:29:31]		1048572		0		1048572
[16:29:34]		1048572		0		1048572
[16:29:37]		1048572		0		1048572
[16:29:40]		1048572		0		1048572
[16:29:43]		1048572		0		1048572
[16:29:46]		1048572		0		1048572
[16:29:49]		1048572		0		1048572
[16:29:52]		1048572		0		1048572
[16:29:55]		1048572		0		1048572
[16:29:58]		1048572		0		1048572
[16:30:01]		1048572		0		1048572
[16:30:04]		1048572		0		1048572
[16:30:07]		1048572		0		1048572
[16:30:10]		1048572		0		1048572
[16:30:13]		1048572		0		1048572
[16:30:16]		1048572		0		1048572
[16:30:19]		1048572		0		1048572
[16:30:22]		1048572		0		1048572
[16:30:25]		1048572		0		1048572
[16:30:28]		1048572		0		1048572
[16:30:31]		1048572		0		1048572
[16:30:34]		1048572		0		1048572
[16:30:37]		1048572		0		1048572
[16:30:40]		1048572		0		1048572
[16:30:43]		1048572		0		1048572
[16:30:46]		1048572		0		1048572
[16:30:49]		1048572		0		1048572
[16:30:52]		1048572		0		1048572
[16:30:55]		1048572		0		1048572
[16:30:58]		1048572		0		1048572
[16:31:01]		1048572		0		1048572
[16:31:04]		1048572		0		1048572
[16:31:07]		1048572		0		1048572
[16:31:10]		1048572		0		1048572
[16:31:13]		1048572		0		1048572
[16:31:16]		1048572		0		1048572
[16:31:19]		1048572		0		1048572
[16:31:22]		1048572		0		1048572
[16:31:25]		1048572		0		1048572
[16:31:28]		1048572		0		1048572
[16:31:31]		1048572		0		1048572
[16:31:34]		1048572		0		1048572
[16:31:37]		1048572		0		1048572
[16:31:40]		1048572		0		1048572
[16:31:43]		1048572		0		1048572
[16:31:46]		1048572		0		1048572
[16:31:49]		1048572		0		1048572
[16:31:52]		1048572		0		1048572
[16:31:55]		1048572		0		1048572
[16:31:58]		1048572		0		1048572
[16:32:01]		1048572		0		1048572
[16:32:04]		1048572		0		1048572
[16:32:07]		1048572		0		1048572
[16:32:10]		1048572		0		1048572
[16:32:13]		1048572		0		1048572
[16:32:16]		1048572		0		1048572
[16:32:19]		1048572		0		1048572
[16:32:22]		1048572		0		1048572
[16:32:25]		1048572		0		1048572
[16:32:28]		1048572		0		1048572
[16:32:31]		1048572		0		1048572
[16:32:34]		1048572		0		1048572
[16:32:37]		1048572		0		1048572
[16:32:40]		1048572		0		1048572
[16:32:43]		1048572		0		1048572
[16:32:46]		1048572		0		1048572
[16:32:49]		1048572		0		1048572
[16:32:52]		1048572		0		1048572
[16:32:55]		1048572		0		1048572
[16:32:58]		1048572		0		1048572
[16:33:01]		1048572		0		1048572
[16:33:04]		1048572		0		1048572
[16:33:07]		1048572		0		1048572
[16:33:10]		1048572		0		1048572
[16:33:13]		1048572		0		1048572
[16:33:16]		1048572		0		1048572
[16:33:19]		1048572		0		1048572
[16:33:22]		1048572		0		1048572
[16:33:25]		1048572		0		1048572
[16:33:28]		1048572		0		1048572
[16:33:31]		1048572		0		1048572
[16:33:34]		1048572		0		1048572
[16:33:37]		1048572		0		1048572
[16:33:40]		1048572		0		1048572
[16:33:43]		1048572		0		1048572
[16:33:46]		1048572		0		1048572
[16:33:49]		1048572		0		1048572
