recorded by mmserver domain:[id:6 time:Sat Mar 30 20:18:56 2013
]
time		tg_mem		use_mem		free_mem		
20:18:58		1048576		284152		764424		
20:19:01		524288		18446744073709311480		764424		
20:19:03		524288		18446744073709311480		764424		
20:19:05		524288		18446744073709311480		764424		
20:19:07		524288		18446744073709311480		764424		
20:19:09		524288		18446744073709311480		764424		
20:19:11		524288		18446744073709311480		764424		
20:19:13		524288		18446744073709311480		764424		
20:19:15		524288		18446744073709311480		764424		
20:19:17		524288		18446744073709311480		764424		
20:19:19		524288		18446744073709311480		764424		
20:19:21		524288		18446744073709311480		764424		
20:19:23		524288		18446744073709311480		764424		
20:19:25		524288		18446744073709311480		764424		
20:19:27		524288		18446744073709311480		764424		
20:19:29		524288		18446744073709311480		764424		
20:19:31		524288		18446744073709311480		764424		
20:19:33		524288		18446744073709311480		764424		
20:19:35		524288		18446744073709311480		764424		
20:19:37		524288		18446744073709311480		764424		
20:19:39		524288		305040		219248		
20:19:41		524288		306776		217512		
20:19:43		524288		308420		215868		
20:19:45		524288		310124		214164		
20:19:47		524288		311984		212304		
20:19:49		524288		313844		210444		
20:19:51		524288		315456		208832		
20:19:53		524288		317160		207128		
20:19:55		524288		318092		206196		
20:19:57		534812		328616		206196		
20:19:59		542182		335986		206196		
20:20:01		544387		338191		206196		
20:20:03		545333		339137		206196		
20:20:06		543121		336925		206196		
20:20:08		544889		338693		206196		
20:20:10		545211		339015		206196		
20:20:12		544746		338550		206196		
20:20:14		541771		335575		206196		
20:20:16		543490		337294		206196		
20:20:18		537982		331786		206196		
20:20:20		529213		323017		206196		
20:20:22		526911		339811		187100		
20:20:24		529431		342331		187100		
20:20:26		534012		342996		191016		
20:20:28		534147		344627		189520		
20:20:30		535034		346134		188900		
20:20:32		535869		346969		188900		
20:20:34		534085		345185		188900		
20:20:36		533653		344753		188900		
20:20:38		536227		347327		188900		
20:20:40		535818		346918		188900		
20:20:42		531580		354304		177276		
20:20:44		529535		355795		173740		
20:20:46		527957		354217		173740		
20:20:48		518330		344590		173740		
20:20:50		512027		359459		152568		
20:20:52		526319		361011		165308		
20:20:54		517991		352683		165308		
20:20:56		508865		363581		145284		
20:20:58		513275		367091		146184		
20:21:00		520264		348696		171568		
20:21:02		496937		350537		146400		
20:21:04		502777		351913		150864		
20:21:06		499705		353461		146244		
20:21:09		506616		355008		151608		
20:21:11		498630		356570		142060		
20:21:13		507138		358102		149036		
20:21:15		500105		351069		149036		
20:21:17		493885		361093		132792		
20:21:19		503466		362522		140944		
20:21:21		499368		363632		135736		
20:21:23		500809		365041		135768		
20:21:25		501837		366069		135768		
20:21:27		502030		368526		133504		
20:21:29		503151		369895		133256		
20:21:31		501176		371284		129892		
20:21:33		500257		372877		127380		
20:21:35		503536		374296		129240		
20:21:37		504485		376081		128404		
20:21:39		505250		377590		127660		
20:21:41		506011		378971		127040		
20:21:43		526838		380362		146476		
20:21:45		564158		381738		182420		
20:21:47		562070		383154		178916		
20:21:49		553124		383692		169432		
20:21:51		546602		386098		160504		
20:21:53		553707		387623		166084		
20:21:55		558169		388861		169308		
20:21:57		552013		390285		161728		
20:21:59		544620		391788		152832		
20:22:01		544639		393359		151280		
20:22:03		545491		394767		150724		
20:22:05		544931		396347		148584		
20:22:07		544132		397904		146228		
20:22:09		545528		399456		146072		
20:22:12		546466		400874		145592		
20:22:14		532575		403135		129440		
20:22:16		537123		404707		132416		
20:22:18		535811		406339		129472		
20:22:20		534449		408077		126372		
20:22:22		533508		409880		123628		
20:22:24		535224		411536		123688		
20:22:26		536036		413184		122852		
20:22:28		539744		414940		124804		
20:22:30		541735		431059		110676		
20:22:32		554656		398912		155744		
20:22:34		526174		401802		124372		
20:22:36		526156		403476		122680		
20:22:38		526248		405056		121192		
20:22:40		526289		406709		119580		
20:22:42		533531		408527		125004		
20:22:44		533026		410066		122960		
20:22:46		529469		411625		117844		
20:22:48		534231		413147		121084		
20:22:50		531533		414821		116712		
20:22:52		530237		416313		113924		
20:22:54		533863		417987		115876		
20:22:56		533072		419800		113272		
20:22:58		532465		421393		111072		
20:23:00		537461		422965		114496		
20:23:02		538353		424601		113752		
20:23:04		538031		426107		111924		
20:23:06		541004		428028		112976		
20:23:08		553585		429293		124292		
20:23:10		554798		430910		123888		
20:23:12		550058		432198		117860		
20:23:14		552459		433639		118820		
20:23:17		585223		435031		150192		
20:23:19		585854		436562		149292		
20:23:21		578233		438117		140116		
20:23:23		577094		439550		137544		
20:23:25		574458		441426		133032		
20:23:27		571442		443030		128412		
20:23:29		565511		444443		121068		
20:23:31		557745		446165		111580		
20:23:33		556501		448641		107860		
20:23:35		553080		450056		103024		
20:23:37		553841		451825		102016		
20:23:39		551653		453421		98232		
20:23:41		560217		455009		105208		
20:23:43		561635		456799		104836		
20:23:45		596471		458279		138192		
20:23:47		591260		459624		131636		
20:23:49		586247		460903		125344		
20:23:51		586798		462602		124196		
20:23:53		585922		463802		122120		
20:23:55		585222		465086		120136		
20:23:57		596825		469745		127080		
20:23:59		597210		200970		396240		
20:24:01		387739		201455		186284		
20:24:03		395136		202024		193112		
20:24:05		383400		201448		181952		
20:24:07		382771		204107		178664		
20:24:09		374934		205758		169176		
20:24:11		364650		207098		157552		
20:24:13		359733		208565		151168		
20:24:15		352871		210199		142672		
20:24:18		344357		211853		132504		
20:24:20		346094		213838		132256		
20:24:22		339206		215226		123980		
20:24:24		336129		216893		119236		
20:24:26		336584		218588		117996		
20:24:28		335679		220287		115392		
20:24:30		335878		221850		114028		
20:24:32		335352		223680		111672		
20:24:34		333235		225159		108076		
20:24:36		331060		226796		104264		
20:24:38		329772		228300		101472		
20:24:40		328071		230103		97968		
20:24:42		329101		231689		97412		
20:24:44		329781		233329		96452		
20:24:46		330389		235985		94404		
20:24:48		331893		237673		94220		
20:24:50		333231		239663		93568		
20:24:52		332348		241228		91120		
20:24:54		401821		242441		159380		
20:24:56		406203		243907		162296		
20:24:58		404114		245414		158700		
20:25:00		401878		247302		154576		
20:25:02		404320		249000		155320		
20:25:04		402191		250747		151444		
20:25:06		399191		252239		146952		
20:25:08		395919		253927		141992		
20:25:10		386027		255475		130552		
20:25:12		414610		257026		157584		
20:25:15		424360		258592		165768		
20:25:17		422132		260208		161924		
20:25:19		416523		261791		154732		
20:25:21		414068		263428		150640		
20:25:23		411466		265198		146268		
20:25:25		408566		266946		141620		
20:25:27		408036		250604		157432		
20:25:29		391068		252168		138900		
20:25:31		399585		253657		145928		
20:25:33		384840		255124		129716		
20:25:35		371626		256510		115116		
20:25:37		369633		258177		111456		
20:25:39		365657		259657		106000		
20:25:41		364610		261618		102992		
20:25:43		364125		263209		100916		
20:25:45		361825		264909		96916		
20:25:47		367663		266439		101224		
20:25:49		366452		268016		98436		
20:25:51		364655		269971		94684		
20:25:53		406425		271349		135076		
20:25:55		406622		273002		133620		
20:25:57		396235		274363		121872		
20:25:59		393250		276186		117064		
20:26:01		405732		277784		127948		
20:26:03		397277		280397		116880		
20:26:05		470126		325810		144316		
20:26:07		443592		301292		142300		
20:26:09		493359		352795		140564		
20:26:11		448096		286948		161148		
20:26:13		473624		288544		185080		
20:26:15		459934		289826		170108		
20:26:18		454635		291751		162884		
20:26:20		447948		293372		154576		
20:26:22		435353		294757		140596		
20:26:24		426351		296451		129900		
20:26:26		426226		298186		128040		
20:26:28		468237		299369		168868		
20:26:30		470340		301256		169084		
20:26:32		458101		302689		155412		
20:26:34		454150		304254		149896		
20:26:36		452142		305966		146176		
20:26:38		450581		307785		142796		
20:26:40		445238		309478		135760		
20:26:42		442863		311351		131512		
20:26:44		441040		313124		127916		
20:26:46		435799		314579		121220		
20:26:48		430432		316064		114368		
20:26:50		430580		299432		131148		
20:26:52		408581		301157		107424		
20:26:54		405675		302591		103084		
20:26:56		404230		304402		99828		
20:26:58		406936		305992		100944		
20:27:00		399616		307536		92080		
20:27:02		403720		309224		94496		
20:27:04		399538		310994		88544		
20:27:06		398625		312281		86344		
20:27:08		398812		313832		84980		
20:27:10		396123		315575		80548		
20:27:12		462264		333976		128288		
20:27:14		484402		318606		165796		
20:27:16		461611		319963		141648		
20:27:18		459947		321771		138176		
20:27:21		459093		324357		134736		
20:27:23		468391		325999		142392		
20:27:25		463945		327753		136192		
20:27:27		459177		329713		129464		
20:27:29		455150		331202		123948		
20:27:31		451696		333112		118584		
20:27:33		455420		334976		120444		
20:27:35		480506		336534		143972		
20:27:37		477704		338288		139416		
20:27:39		477704		339868		137836		
20:27:41		473894		341826		132068		
20:27:43		468567		343379		125188		
20:27:45		468320		345148		123172		
20:27:47		467734		347042		120692		
20:27:49		469149		348797		120352		
20:27:51		463251		350339		112912		
20:27:53		453371		351899		101472		
20:27:55		453907		353519		100388		
20:27:57		451806		355154		96652		
20:27:59		457851		356595		101256		
20:28:01		458851		358527		100324		
20:28:03		450548		359956		90592		
20:28:05		489486		361634		127852		
20:28:07		500989		363153		137836		
20:28:09		487792		364620		123172		
20:28:11		498777		366273		132504		
20:28:13		493312		201368		291944		
20:28:15		345716		201332		144384		
20:28:17		348455		202351		146104		
20:28:19		356812		202400		154412		
20:28:22		353062		203862		149200		
20:28:24		357509		205393		152116		
20:28:26		350703		206863		143840		
20:28:28		344142		208642		135500		
20:28:30		396936		209820		187116		
20:28:32		404199		211379		192820		
20:28:34		403494		213062		190432		
20:28:36		403194		214558		188636		
20:28:38		400467		216823		183644		
20:28:40		393741		218249		175492		
20:28:42		392927		219731		173196		
20:28:44		420053		221469		198584		
20:28:46		423444		222660		200784		
20:28:48		416121		224233		191888		
20:28:50		416936		225916		191020		
20:28:52		408867		227331		181536		
20:28:54		405776		229108		176668		
20:28:56		412714		230746		181968		
20:28:58		410565		232317		178248		
20:29:00		403494		233770		169724		
20:29:02		400803		235327		165476		
20:29:04		393404		236732		156672		
20:29:06		384051		238291		145760		
20:29:08		376217		239477		136740		
20:29:10		380091		241119		138972		
20:29:12		380896		242452		138444		
20:29:14		377967		244079		133888		
20:29:16		382270		245654		136616		
20:29:18		381755		246999		134756		
20:29:20		382806		248702		134104		
20:29:22		429525		249913		179612		
20:29:25		439532		251704		187828		
20:29:27		431904		253220		178684		
20:29:29		429951		254927		175024		
20:29:31		427602		256638		170964		
20:29:33		428511		258415		170096		
20:29:35		417825		259849		157976		
20:29:37		403420		261348		142072		
20:29:39		409515		263103		146412		
20:29:41		401714		264790		136924		
20:29:43		394372		266376		127996		
20:29:45		385028		267944		117084		
20:29:47		383415		251051		132364		
20:29:49		385779		253195		132584		
20:29:51		386847		254851		131996		
20:29:53		383597		256437		127160		
20:29:55		383697		258305		125392		
20:29:57		375611		260323		115288		
20:29:59		378179		262179		116000		
20:30:01		375572		263788		111784		
20:30:03		385992		265124		120868		
20:30:05		429040		266572		162468		
20:30:07		414769		268017		146752		
20:30:09		403855		269595		134260		
20:30:11		400320		271300		129020		
20:30:13		401866		272690		129176		
20:30:15		438776		274012		164764		
20:30:17		434233		275141		159092		
20:30:19		424556		276564		147992		
20:30:21		420308		278144		142164		
20:30:23		479249		279021		200228		
20:30:25		480785		280589		200196		
20:30:27		486194		281998		204196		
20:30:30		478415		283395		195020		
20:30:32		477478		284782		192696		
20:30:34		473277		286317		186960		
20:30:36		467129		287609		179520		
20:30:38		458243		289203		169040		
20:30:40		473181		290561		182620		
20:30:42		474607		292359		182248		
20:30:44		466821		294153		172668		
20:30:46		466631		295731		170900		
20:30:48		466233		297441		168792		
20:30:50		475027		299259		175768		
20:30:52		471925		300993		170932		
20:30:54		469441		302817		166624		
20:30:56		467515		304363		163152		
20:30:58		467326		306098		161228		
20:31:00		464313		307733		156580		
20:31:02		459743		309175		150568		
20:31:04		449790		310942		138848		
20:31:06		448108		312452		135656		
20:31:08		448108		314032		134076		
20:31:10		440672		315308		125364		
20:31:12		440549		320169		120380		
20:31:14		444544		299836		144708		
20:31:16		458635		301991		156644		
20:31:18		459382		303482		155900		
20:31:20		452216		305152		147064		
20:31:22		448908		306308		142600		
20:31:24		448059		307971		140088		
20:31:26		450723		309675		141048		
20:31:28		509972		311572		198400		
20:31:30		512141		313309		198832		
20:31:32		510065		314921		195144		
20:31:35		508352		316368		191984		
20:31:37		508352		318292		190060		
20:31:39		510012		319828		190184		
20:31:41		504390		321242		183148		
20:31:43		497176		322956		174220		
20:31:45		493164		324432		168732		
20:31:47		494583		326503		168080		
20:31:49		494689		328097		166592		
20:31:51		492873		329565		163308		
20:31:53		485627		331311		154316		
20:31:55		482016		333124		148892		
20:31:57		479680		334632		145048		
20:31:59		474985		336229		138756		
20:32:01		475123		338075		137048		
20:32:03		476135		339799		136336		
20:32:05		470659		341423		129236		
20:32:07		464568		342864		121704		
20:32:09		467516		344416		123100		
20:32:11		456808		345924		110884		
20:32:13		456407		347599		108808		
20:32:15		457367		349271		108096		
20:32:17		455594		350878		104716		
20:32:19		458101		352641		105460		
20:32:21		458005		354405		103600		
20:32:23		458299		356187		102112		
20:32:25		460989		357885		103104		
20:32:27		460811		359567		101244		
20:32:29		461155		361183		99972		
20:32:31		465338		362666		102672		
20:32:34		602903		460615		142288		
20:32:36		589178		364770		224408		
20:32:38		583059		370367		212692		
20:32:40		573410		201966		371444		
20:32:42		453277		201989		251288		
20:32:44		452264		202480		249784		
20:32:46		451789		202501		249288		
20:32:48		447419		204519		242900		
20:32:50		446046		205874		240172		
20:32:52		441616		207552		234064		
20:32:54		440947		208959		231988		
20:32:56		436353		210597		225756		
20:32:58		420282		212042		208240		
20:33:00		408728		213508		195220		
20:33:02		409255		214995		194260		
20:33:04		394412		216396		178016		
20:33:06		389878		218094		171784		
20:33:08		382345		219581		162764		
20:33:10		376908		221336		155572		
20:33:12		367189		222589		144600		
20:33:14		365327		224231		141096		
20:33:16		366393		225885		140508		
20:33:18		359795		227283		132512		
20:33:20		352307		228787		123520		
20:33:22		354185		230665		123520		
20:33:24		349618		232358		117260		
20:33:26		347936		234088		113848		
20:33:28		344486		235630		108856		
20:33:30		343645		237021		106624		
20:33:32		343499		238827		104672		
20:33:35		343149		240369		102780		
20:33:37		342979		242059		100920		
20:33:39		338312		243468		94844		
20:33:41		372204		244996		127208		
20:33:43		374152		246572		127580		
20:33:45		368908		248056		120852		
20:33:47		366901		249893		117008		
20:33:49		462958		314486		148472		
20:33:51		445473		273965		171508		
20:33:53		485582		253998		231584		
20:33:55		467716		255104		212612		
20:33:57		463195		256567		206628		
20:33:59		464233		258161		206072		
20:34:01		463181		259589		203592		
20:34:03		459388		261408		197980		
20:34:05		453757		263093		190664		
20:34:07		448388		264576		183812		
20:34:09		447018		266210		180808		
20:34:11		455187		267903		187284		
20:34:13		444962		251470		193492		
20:34:15		430728		253952		176776		
20:34:17		426550		255602		170948		
20:34:19		424241		257385		166856		
20:34:21		422640		258852		163788		
20:34:23		418179		260279		157900		
20:34:25		413014		261906		151108		
20:34:27		410726		263430		147296		
20:34:29		405535		265027		140508		
20:34:31		391771		266607		125164		
20:34:33		386894		268210		118684		
20:34:35		383837		269741		114096		
20:34:38		423877		271281		152596		
20:34:40		425634		272946		152688		
20:34:42		413785		274333		139452		
20:34:44		419964		275924		144040		
20:34:46		418712		277400		141312		
20:34:48		419194		279586		139608		
20:34:50		419878		281014		138864		
20:34:52		421219		282635		138584		
20:34:54		449729		284393		165336		
20:34:56		450080		286076		164004		
20:34:58		512850		287374		225476		
20:35:00		516219		289007		227212		
20:35:02		511681		290637		221044		
20:35:04		506820		292348		214472		
20:35:06		502860		293720		209140		
20:35:08		501986		295294		206692		
20:35:10		495805		296833		198972		
20:35:12		491950		298402		193548		
20:35:14		491950		300014		191936		
20:35:16		482409		301573		180836		
20:35:18		482236		303104		179132		
20:35:20		476220		304652		171568		
20:35:22		473727		306251		167476		
20:35:24		471394		308010		163384		
20:35:26		466776		309344		157432		
20:35:28		459020		310980		148040		
20:35:30		457300		312980		144320		
20:35:32		453111		314495		138616		
20:35:34		453067		316343		136724		
20:35:36		446006		332714		113292		
20:35:38		451989		300481		151508		
20:35:41		418515		302947		115568		
20:35:43		418179		304271		113908		
20:35:45		415369		305925		109444		
20:35:47		416981		307537		109444		
20:35:49		417820		310020		107800		
20:35:51		416686		311458		105228		
20:35:53		419551		312959		106592		
20:35:55		419487		314383		105104		
20:35:57		419281		315821		103460		
20:35:59		421419		317803		103616		
20:36:01		424403		319579		104824		
20:36:03		491241		346705		144536		
20:36:05		539441		322457		216984		
20:36:07		527020		323800		203220		
20:36:09		515378		325490		189888		
20:36:11		512119		327067		185052		
20:36:13		513074		328734		184340		
20:36:15		520545		330377		190168		
20:36:17		516505		331853		184652		
20:36:19		511862		333598		178264		
20:36:21		505343		335295		170048		
20:36:23		504608		336636		167972		
20:36:25		500045		338429		161616		
20:36:27		496538		339882		156656		
20:36:29		491948		341988		149960		
20:36:31		489942		343514		146428		
20:36:33		486982		345174		141808		
20:36:35		485956		346752		139204		
20:36:37		489943		348259		141684		
20:36:39		486341		349989		136352		
20:36:41		487000		351764		135236		
20:36:43		480354		353146		127208		
20:36:45		505809		354701		151108		
20:36:48		506654		356414		150240		
20:36:50		496206		357962		138244		
20:36:52		507873		359585		148288		
20:36:54		503552		361248		142304		
20:36:56		500246		362746		137500		
20:36:58		503564		364452		139112		
20:37:00		503044		366040		137004		
20:37:02		555320		367352		187968		
20:37:04		553994		202322		351672		
20:37:06		414815		202271		212544		
20:37:08		413266		202722		210544		
20:37:10		404742		202754		201988		
20:37:12		399491		205015		194476		
20:37:14		426168		206644		219524		
20:37:16		422608		208104		214504		
20:37:18		424330		209922		214408		
20:37:20		423333		211341		211992		
20:37:22		425540		214076		211464		
20:37:24		424223		215515		208708		
20:37:26		424089		217337		206752		
20:37:28		415138		218926		196212		
20:37:30		406740		220416		186324		
20:37:32		408889		222069		186820		
20:37:34		397875		223611		174264		
20:37:36		396428		225232		171196		
20:37:38		387532		226628		160904		
20:37:40		377004		228188		148816		
20:37:42		370977		229913		141064		
20:37:44		376546		231514		145032		
20:37:46		376335		233319		143016		
20:37:48		368182		235022		133160		
20:37:50		353897		236393		117504		
20:37:53		348147		238331		109816		
20:37:55		352812		239864		112948		
20:37:57		349354		241614		107740		
20:37:59		348298		243286		105012		
20:38:01		355073		244885		110188		
20:38:03		354863		246411		108452		
20:38:05		356720		248268		108452		
20:38:07		357329		250117		107212		
20:38:09		424160		251384		172776		
20:38:11		428025		253077		174948		
20:38:13		432127		254731		177396		
20:38:15		432511		256447		176064		
20:38:17		429901		258053		171848		
20:38:19		428335		259651		168684		
20:38:21		424440		261148		163292		
20:38:23		423073		262789		160284		
20:38:25		412816		264096		148720		
20:38:27		415752		266008		149744		
20:38:29		412748		267436		145312		
20:38:31		406302		268834		137468		
20:38:33		401463		251935		149528		
20:38:35		417052		254040		163012		
20:38:37		422375		255519		166856		
20:38:39		416701		257005		159696		
20:38:41		415199		258791		156408		
20:38:43		412827		261191		151636		
20:38:45		448536		262584		185952		
20:38:47		448273		264181		184092		
20:38:49		430681		265561		165120		
20:38:51		418351		267151		151200		
20:38:54		415757		268865		146892		
20:38:56		411267		270823		140444		
20:38:58		421026		272150		148876		
20:39:00		416922		273626		143296		
20:39:02		414336		275100		139236		
20:39:04		410569		276821		133748		
20:39:06		406942		278338		128604		
20:39:08		398865		279905		118960		
20:39:10		394497		281457		113040		
20:39:12		390918		283118		107800		
20:39:14		398019		284731		113288		
20:39:16		397226		286294		110932		
20:39:18		394025		288053		105972		
20:39:20		467998		314070		153928		
20:39:22		500292		304852		195440		
20:39:24		489242		292254		196988		
20:39:26		475995		293919		182076		
20:39:28		468546		295334		173212		
20:39:30		468937		297213		171724		
20:39:32		464634		298522		166112		
20:39:34		470251		300327		169924		
20:39:36		496007		302027		193980		
20:39:38		498165		303749		194416		
20:39:40		491421		305313		186108		
20:39:42		490238		307046		183192		
20:39:44		487069		308681		178388		
20:39:46		509790		310386		199404		
20:39:48		503793		312013		191780		
20:39:50		498531		313695		184836		
20:39:52		495188		315156		180032		
20:39:54		490659		316827		173832		
20:39:57		489521		333449		156072		
20:39:59		498686		300926		197760		
20:40:01		462653		303609		159044		
20:40:03		454118		305398		148720		
20:40:05		449473		306921		142552		
20:40:07		445784		308532		137252		
20:40:09		439342		310058		129284		
20:40:11		434238		311586		122652		
20:40:13		433693		313337		120356		
20:40:15		438879		314927		123952		
20:40:17		488291		316383		171908		
20:40:19		489490		318078		171412		
20:40:21		487502		319498		168004		
20:40:23		483018		321402		161616		
20:40:25		474483		322847		151636		
20:40:27		471700		324620		147080		
20:40:29		482496		326552		155944		
20:40:31		481827		328083		153744		
20:40:33		475383		329979		145404		
20:40:35		474709		331785		142924		
20:40:37		470005		333281		136724		
20:40:39		476077		334733		141344		
20:40:41		478244		336436		141808		
20:40:43		468216		338064		130152		
20:40:45		467806		339638		128168		
20:40:47		462118		341110		121008		
20:40:49		461024		342528		118496		
20:40:51		492968		343968		149000		
20:40:53		496927		345291		151636		
20:40:55		517702		346598		171104		
20:40:57		509710		347938		161772		
20:41:00		499749		349789		149960		
20:41:02		498098		351610		146488		
20:41:04		497915		353843		144072		
20:41:06		496492		355708		140784		
20:41:08		490784		357252		133532		
20:41:10		484548		359108		125440		
20:41:12		481129		361113		120016		
20:41:14		504876		362604		142272		
20:41:16		504519		364323		140196		
20:41:18		498289		365969		132320		
20:41:20		501064		367564		133500		
20:41:22		497824		202760		295064		
20:41:24		346136		202724		143412		
20:41:26		412026		203778		208248		
20:41:28		420913		203737		217176		
20:41:30		413871		205103		208768		
20:41:32		422339		206751		215588		
20:41:34		423429		208461		214968		
20:41:36		421530		210034		211496		
20:41:38		422714		211558		211156		
20:41:40		416954		213394		203560		
20:41:42		419362		215058		204304		
20:41:44		413193		216701		196492		
20:41:46		416034		218334		197700		
20:41:48		414220		220176		194044		
20:41:50		413477		221821		191656		
20:41:52		401244		223444		177800		
20:41:54		397766		225206		172560		
20:41:56		397874		226958		170916		
20:41:58		404067		228779		175288		
20:42:00		398480		230416		168064		
20:42:03		396422		232110		164312		
20:42:05		388116		233412		154704		
20:42:07		376957		235025		141932		
20:42:09		408215		236927		171288		
20:42:11		419433		238441		180992		
20:42:13		400207		240235		159972		
20:42:15		409122		241802		167320		
20:42:17		419807		243247		176560		
20:42:19		414527		245099		169428		
20:42:21		414804		246740		168064		
20:42:23		410092		249560		160532		
20:42:25		465009		250133		214876		
20:42:27		466433		252489		213944		
20:42:29		470760		254180		216580		
20:42:31		467533		255945		211588		
20:42:33		466388		257528		208860		
20:42:35		465113		259197		205916		
20:42:37		456553		260681		195872		
20:42:39		452028		262512		189516		
20:42:41		452230		264202		188028		
20:42:43		448973		265997		182976		
20:42:45		443259		267443		175816		
20:42:47		438424		269304		169120		
20:42:49		433213		252473		180740		
20:42:51		419637		254393		165244		
20:42:53		412665		255821		156844		
20:42:55		408148		257504		150644		
20:42:57		417539		259115		158424		
20:42:59		444583		260615		183968		
20:43:01		434919		262111		172808		
20:43:04		435383		263939		171444		
20:43:06		427379		264707		162672		
20:43:08		418057		267073		150984		
20:43:10		418057		268685		149372		
20:43:12		403101		270313		132788		
20:43:14		403099		271583		131516		
20:43:16		398981		273013		125968		
20:43:18		400224		275032		125192		
20:43:20		429457		276425		153032		
20:43:22		432977		277993		154984		
20:43:24		423552		279480		144072		
20:43:26		425433		281329		144104		
20:43:28		425432		283128		142304		
20:43:30		424149		284509		139640		
20:43:32		502187		340847		161340		
20:43:34		480502		287698		192804		
20:43:36		501534		289326		212208		
20:43:38		500641		290569		210072		
20:43:40		495093		292493		202600		
20:43:42		493572		294104		199468		
20:43:44		490369		295673		194696		
20:43:46		488643		293947		194696		
20:43:48		477460		299412		178048		
20:43:50		469188		300936		168252		
20:43:52		471588		302436		169152		
20:43:54		471311		304175		167136		
20:43:56		467727		305863		161864		
20:43:58		465201		307117		158084		
20:44:00		462061		308937		153124		
20:44:03		459337		310429		148908		
20:44:05		457325		312137		145188		
20:44:07		456086		313438		142648		
20:44:09		455933		315209		140724		
20:44:11		451640		316620		135020		
20:44:13		446807		317955		128852		
20:44:15		445202		301246		143956		
20:44:17		425606		302986		122620		
20:44:19		424593		304485		120108		
20:44:21		422154		305950		116204		
20:44:23		421402		307338		114064		
20:44:25		421766		308974		112792		
20:44:27		453698		310246		143452		
20:44:29		446635		311583		135052		
20:44:31		445431		312703		132728		
20:44:33		508795		313883		194912		
20:44:35		513470		315490		197980		
20:44:37		511857		316945		194912		
20:44:39		508707		318351		190356		
20:44:41		508437		319881		188556		
20:44:43		504076		321472		182604		
20:44:45		497414		323086		174328		
20:44:47		492032		324772		167260		
20:44:49		489921		326381		163540		
20:44:51		487661		327933		159728		
20:44:53		483971		329575		154396		
20:44:55		479676		331388		148288		
20:44:57		481368		333172		148196		
20:44:59		477515		334807		142708		
20:45:01		472609		336349		136260		
20:45:03		474262		338126		136136		
20:45:05		470658		340070		130588		
20:45:08		472721		341917		130804		
20:45:10		465352		343568		121784		
20:45:12		458599		345279		113320		
20:45:14		500467		347591		152876		
20:45:16		496626		349238		147388		
20:45:18		493556		350724		142832		
20:45:20		492174		352410		139764		
20:45:22		492277		354189		138088		
20:45:24		497936		355880		142056		
20:45:26		545525		357185		188340		
20:45:28		548705		358785		189920		
20:45:30		545609		360369		185240		
20:45:32		540562		361986		178576		
20:45:34		568685		363513		205172		
20:45:36		562396		364972		197424		
20:45:38		549287		366527		182760		
20:45:40		541180		368184		172996		
20:45:42		539814		351198		188616		
20:45:44		521328		353044		168284		
20:45:46		517084		354380		162704		
20:45:48		511432		355952		155480		
20:45:50		507671		357615		150056		
20:45:52		514486		359098		155388		
20:45:54		510200		360548		149652		
20:45:56		505394		362098		143296		
20:45:58		502120		363628		138492		
20:46:00		500155		365415		134740		
20:46:02		492706		366986		125720		
20:46:04		489882		368842		121040		
20:46:06		485762		370582		115180		
20:46:08		484725		372085		112640		
20:46:11		484915		373827		111088		
20:46:13		481952		375420		106532		
20:46:15		477346		377294		100052		
20:46:17		489936		379064		110872		
20:46:19		501998		380742		121256		
20:46:21		491823		382347		109476		
20:46:23		491363		383871		107492		
20:46:25		492436		385564		106872		
20:46:27		494856		387240		107616		
20:46:29		493936		388768		105168		
20:46:31		495413		391145		104268		
20:46:33		496459		392935		103524		
20:46:35		554832		394144		160688		
20:46:37		558440		396016		162424		
20:46:39		555178		397650		157528		
20:46:41		580411		399355		181056		
20:46:43		578854		401022		177832		
20:46:45		568806		402554		166252		
20:46:47		566301		404265		162036		
20:46:49		561896		406152		155744		
20:46:51		557877		407993		149884		
20:46:53		554799		409595		145204		
20:46:55		559784		411528		148256		
20:46:57		559784		413264		146520		
20:46:59		553300		414964		138336		
20:47:01		552606		416626		135980		
20:47:03		553447		418427		135020		
20:47:05		552563		203247		349316		
20:47:07		370244		203208		167036		
20:47:09		377113		204265		172848		
20:47:11		377616		204272		173344		
20:47:14		371064		206068		164996		
20:47:16		368642		207522		161120		
20:47:18		400007		209095		190912		
20:47:20		407344		210728		196616		
20:47:22		399245		212301		186944		
20:47:24		398438		213850		184588		
20:47:26		395790		215386		180404		
20:47:28		440444		216640		223804		
20:47:30		443412		218276		225136		
20:47:32		437841		219741		218100		
20:47:34		440784		221508		219276		
20:47:36		438414		223074		215340		
20:47:38		435435		224527		210908		
20:47:40		428582		226262		202320		
20:47:42		424010		228046		195964		
20:47:44		418520		229560		188960		
20:47:46		403672		230956		172716		
20:47:48		395446		232526		162920		
20:47:50		382670		234166		148504		
20:47:52		385053		235773		149280		
20:47:54		383412		237356		146056		
20:47:56		417296		239032		178264		
20:47:58		433259		240735		192524		
20:48:00		425992		242148		183844		
20:48:02		426071		243839		182232		
20:48:04		426425		245433		180992		
20:48:06		415607		246799		168808		
20:48:08		413689		248445		165244		
20:48:10		408145		250217		157928		
20:48:12		406731		251903		154828		
20:48:14		403307		253471		149836		
20:48:16		400355		254951		145404		
20:48:19		398105		256545		141560		
20:48:21		415846		258074		157772		
20:48:23		464253		259205		205048		
20:48:25		463438		260902		202536		
20:48:27		456941		263145		193796		
20:48:29		451934		264834		187100		
20:48:31		447759		266239		181520		
20:48:33		442843		267895		174948		
20:48:35		438888		269396		169492		
20:48:37		426780		285148		141632		
20:48:39		430059		252939		177120		
20:48:41		409889		255617		154272		
20:48:43		411537		257017		154520		
20:48:45		407383		258319		149064		
20:48:47		405569		260041		145528		
20:48:49		400953		261253		139700		
20:48:51		397852		262492		135360		
20:48:53		399573		263901		135672		
20:48:55		396074		265426		130648		
20:48:57		395479		266907		128572		
20:48:59		390229		268477		121752		
20:49:01		383694		269878		113816		
20:49:03		380722		271434		109288		
20:49:05		377625		273017		104608		
20:49:07		412097		274753		137344		
20:49:09		414256		276356		137900		
20:49:11		407750		278186		129564		
20:49:13		403388		279900		123488		
20:49:15		401259		281711		119548		
20:49:17		445352		282992		162360		
20:49:19		442058		284286		157772		
20:49:22		434157		286117		148040		
20:49:24		435886		287818		148068		
20:49:26		432337		289537		142800		
20:49:28		499610		296822		202788		
20:49:30		513144		292100		221044		
20:49:32		505815		293543		212272		
20:49:34		504230		294966		209264		
20:49:36		514866		296518		218348		
20:49:38		512451		298103		214348		
20:49:40		504238		299438		204800		
20:49:42		497630		300982		196648		
20:49:44		493117		302265		190852		
20:49:46		485201		303525		181676		
20:49:48		483274		305102		178172		
20:49:50		474568		306440		168128		
20:49:52		479675		308107		171568		
20:49:54		475013		309397		165616		
20:49:56		465433		310729		154704		
20:49:58		461021		312981		148040		
20:50:00		457072		314736		142336		
20:50:02		452337		316233		136104		
20:50:04		452949		317713		135236		
20:50:06		448581		322921		125660		
20:50:08		446968		302064		144904		
20:50:10		419665		304237		115428		
20:50:12		432619		305691		126928		
20:50:14		432763		307199		125564		
20:50:16		435404		308724		126680		
20:50:18		436863		310215		126648		
20:50:20		464971		311475		153496		
20:50:22		459877		312737		147140		
20:50:25		511873		313893		197980		
20:50:27		512734		315126		197608		
20:50:29		510406		316362		194044		
20:50:31		510128		317852		192276		
20:50:33		506313		319089		187224		
20:50:35		507406		320802		186604		
20:50:37		500321		322181		178140		
20:50:39		499851		323383		176468		
20:50:41		492315		324683		167632		
20:50:43		489921		326505		163416		
20:50:45		484568		328220		156348		
20:50:47		477817		329685		148132		
20:50:49		473279		331159		142120		
20:50:51		475394		332810		142584		
20:50:53		467701		334913		132788		
20:50:55		458477		336385		122092		
20:50:57		463433		338149		125284		
20:50:59		459652		339760		119892		
20:51:01		453954		341502		112452		
20:51:03		447673		343033		104640		
20:51:05		445133		344709		100424		
20:51:07		465309		346285		119024		
20:51:09		466912		348076		118836		
20:51:11		463930		349494		114436		
20:51:13		475385		351153		124232		
20:51:15		471422		352894		118528		
20:51:17		476641		354673		121968		
20:51:19		478358		356482		121876		
20:51:21		477252		358136		119116		
20:51:23		528563		359507		169056		
20:51:25		538510		360958		177552		
20:51:28		530472		362748		167724		
20:51:30		549396		364344		185052		
20:51:32		550618		365842		184776		
20:51:34		577809		367461		210348		
20:51:36		565839		376507		189332		
20:51:38		556228		203796		352432		
20:51:40		435673		85349		350324		
20:51:42		407077		204329		202748		
20:51:44		426205		204733		221472		
20:51:46		415122		206678		208444		
20:51:48		402786		208230		194556		
20:51:50		389813		209953		179860		
20:51:52		377585		211517		166068		
20:51:54		366600		200532		166068		
20:51:56		361523		214583		146940		
20:51:58		378884		216136		162748		
20:52:00		366927		217723		149204		
20:52:02		353967		218991		134976		
20:52:04		344835		220711		124124		
20:52:06		337833		222265		115568		
20:52:08		334159		223923		110236		
20:52:10		337243		226667		110576		
20:52:12		346395		228347		118048		
20:52:14		343848		229736		114112		
20:52:16		339565		231361		108204		
20:52:18		338076		232924		105152		
20:52:20		333617		234385		99232		
20:52:22		360896		236028		124868		
20:52:24		358217		237409		120808		
20:52:26		369541		239125		130416		
20:52:28		380648		240868		139780		
20:52:30		379473		242609		136864		
20:52:33		377726		244210		133516		
20:52:35		409270		245654		163616		
20:52:37		413581		247205		166376		
20:52:39		405333		248877		156456		
20:52:41		406654		250446		156208		
20:52:43		403046		252202		150844		
20:52:45		401889		253741		148148		
20:52:47		400023		255471		144552		
20:52:49		395897		257049		138848		
20:52:51		394957		258713		136244		
20:52:53		466581		259905		206676		
20:52:55		469436		261304		208132		
20:52:57		460641		262769		197872		
20:52:59		464484		264288		200196		
20:53:01		464165		266013		198152		
20:53:03		467165		267681		199484		
20:53:05		463018		269238		193780		
20:53:07		464798		285990		178808		
20:53:09		471910		253422		218488		
20:53:11		440813		255805		185008		
20:53:13		439738		257366		182372		
20:53:15		439159		258895		180264		
20:53:17		435558		260378		175180		
20:53:19		430098		261614		168484		
20:53:21		424814		262994		161820		
20:53:23		422543		264755		157788		
20:53:25		418385		266269		152116		
20:53:27		413890		267726		146164		
20:53:29		414995		268823		146172		
20:53:31		415629		270325		145304		
20:53:33		450765		271453		179312		
20:53:36		447161		272965		174196		
20:53:38		493894		274346		219548		
20:53:40		494098		276006		218092		
20:53:42		490129		277461		212668		
20:53:44		488397		279853		208544		
20:53:46		487116		281424		205692		
20:53:48		491521		283257		208264		
20:53:50		490488		284888		205600		
20:53:52		495753		286557		209196		
20:53:54		496084		288284		207800		
20:53:56		523314		289846		233468		
20:53:58		523502		291554		231948		
20:54:00		520615		293099		227516		
20:54:02		518547		294999		223548		
20:54:04		541260		296476		244784		
20:54:06		542272		298420		243852		
20:54:08		544056		300204		243852		
20:54:10		543036		301724		241312		
20:54:12		543400		303484		239916		
20:54:14		543964		305132		238832		
20:54:16		542303		306695		235608		
20:54:18		544094		308550		235544		
20:54:20		544120		310436		233684		
20:54:22		550375		312103		238272		
20:54:24		550514		313854		236660		
20:54:26		550406		315450		234956		
20:54:28		550353		317009		233344		
20:54:30		550018		318690		231328		
20:54:32		550697		302193		248504		
20:54:34		544117		302457		241660		
20:54:36		544062		293838		250224		
20:54:39		540574		293574		247000		
20:54:41		540224		293472		246752		
20:54:43		540469		293717		246752		
20:54:43		540349		293597		246752		
