recorded by mmserver domain:[id:5 time:Mon Apr  1 19:52:03 2013
]
time		tg_mem		use_mem		free_mem		
19:52:05		524288		242364		281924		
19:52:07		524288		242364		281924		
19:52:09		524288		242364		281924		
19:52:11		524288		242364		281924		
19:52:13		524288		242364		281924		
19:52:15		524288		242364		281924		
19:52:17		524288		242364		281924		
19:52:19		524288		242364		281924		
19:52:21		524288		242364		281924		
19:52:23		524288		242364		281924		
19:52:25		524288		242364		281924		
19:52:27		524288		242364		281924		
19:52:29		524288		242364		281924		
19:52:32		524288		242364		281924		
19:52:34		524288		242364		281924		
19:52:36		524288		242364		281924		
19:52:38		524288		242364		281924		
19:52:40		524288		242364		281924		
19:52:42		524288		242364		281924		
19:52:44		524288		242364		281924		
19:52:46		515777		233853		281924		
19:52:48		506962		225038		281924		
19:52:50		494194		212270		281924		
19:52:52		485534		203610		281924		
19:52:54		478255		411387		66868		
19:52:56		584076		475356		108720		
19:52:58		549726		443362		106364		
19:53:00		594856		498800		96056		
19:53:02		556163		444447		111716		
19:53:04		594376		482660		111716		
19:53:06		550228		474580		75648		
19:53:08		613199		495779		117420		
19:53:10		628390		504414		123976		
19:53:12		634899		518931		115968		
19:53:14		646267		523923		122344		
19:53:16		646876		543072		103804		
19:53:18		664341		567485		96856		
19:53:20		685363		572411		112952		
19:53:22		689416		579948		109468		
19:53:24		693541		589825		103716		
19:53:26		698756		596680		102076		
19:53:28		701505		602901		98604		
19:53:30		703412		603568		99844		
19:53:32		705861		604777		101084		
19:53:34		703834		603990		99844		
19:53:36		702411		605411		97000		
19:53:38		701241		606969		94272		
19:53:40		702726		608206		94520		
19:53:42		704296		610024		94272		
19:53:44		703432		611144		92288		
19:53:47		706548		620336		86212		
19:53:49		711682		625470		86212		
19:53:51		722288		634340		87948		
19:53:53		725264		627148		98116		
19:53:55		718968		627780		91188		
19:53:57		718456		300796		417660		
19:53:59		423752		313240		110512		
19:54:01		471277		407293		63984		
19:54:03		523613		399509		124104		
19:54:05		516325		410077		106248		
19:54:07		529424		422208		107216		
19:54:09		536904		427084		109820		
19:54:11		536524		433036		103488		
19:54:13		544556		448572		95984		
19:54:15		555347		449459		105888		
19:54:17		556453		473813		82640		
19:54:19		577286		492430		84856		
19:54:21		591277		502213		89064		
19:54:23		597173		513381		83792		
19:54:25		610340		537916		72424		
19:54:27		632017		536221		95796		
19:54:29		632422		547882		84540		
19:54:31		641367		570275		71092		
19:54:33		665795		580199		85596		
19:54:35		672255		590891		81364		
19:54:37		684228		612324		71904		
19:54:39		702523		604115		98408		
19:54:41		694255		609131		85124		
19:54:43		697688		606736		90952		
19:54:45		701103		612259		88844		
19:54:47		701931		611467		90464		
19:54:49		706371		616279		90092		
19:54:51		711595		618031		93564		
19:54:53		711356		613948		97408		
19:54:55		707652		615328		92324		
19:54:57		708556		618092		90464		
19:55:00		711742		633678		78064		
19:55:02		730799		653355		77444		
19:55:04		746188		638116		108072		
19:55:06		731751		636451		95300		
19:55:08		734275		640199		94076		
19:55:10		736678		296966		439712		
19:55:12		427332		209052		218280		
19:55:14		399419		338435		60984		
19:55:16		500061		424645		75416		
19:55:18		447019		335475		111544		
19:55:20		489109		354377		134732		
19:55:22		513542		377942		135600		
19:55:24		524338		392722		131616		
19:55:26		473544		373804		99740		
19:55:28		523873		428985		94888		
19:55:30		491564		394444		97120		
19:55:32		535208		403052		132156		
19:55:34		540098		415142		124956		
19:55:36		550417		424625		125792		
19:55:38		557685		458621		99064		
19:55:40		586772		465528		121244		
19:55:42		592146		465742		126404		
19:55:44		592146		465750		126396		
19:55:46		588010		461614		126396		
19:55:48		583910		457514		126396		
19:55:50		580883		454487		126396		
19:55:52		577300		491616		85684		
19:55:54		610069		508213		101856		
19:55:56		624960		515232		109728		
19:55:58		631166		523998		107168		
19:56:00		640544		539880		100664		
19:56:02		651189		549621		101568		
19:56:04		660682		557798		102884		
19:56:06		668625		566705		101920		
19:56:08		676582		569270		107312		
19:56:10		710234		607650		102584		
19:56:13		702927		574427		128500		
19:56:15		707550		578802		128748		
19:56:17		707550		579918		127632		
19:56:19		706097		579821		126276		
19:56:21		700399		580943		119456		
19:56:23		699082		581734		117348		
19:56:25		693835		583431		110404		
19:56:27		690247		585051		105196		
19:56:29		692177		597893		94284		
19:56:31		701297		599449		101848		
19:56:33		702553		600953		101600		
19:56:35		706895		607155		99740		
19:56:37		707845		604137		103708		
19:56:39		705018		283126		421892		
19:56:41		417973		210977		206996		
19:56:43		392417		328049		64368		
19:56:45		458338		401686		56652		
19:56:47		441594		363246		78348		
19:56:49		490774		372002		118772		
19:56:51		501273		388113		113160		
19:56:53		515310		391602		123708		
19:56:55		519168		400684		118484		
19:56:57		526604		412268		114336		
19:56:59		533772		422180		111592		
19:57:01		547617		456369		91248		
19:57:03		575030		465166		109864		
19:57:05		585521		473689		111832		
19:57:07		595158		489226		105932		
19:57:09		606149		493393		112756		
19:57:11		607286		513906		93380		
19:57:13		629282		535902		93380		
19:57:15		645181		526597		118584		
19:57:17		643150		548290		94860		
19:57:19		655591		557387		98204		
19:57:21		666892		570964		95928		
19:57:24		679530		575170		104360		
19:57:26		685103		575907		109196		
19:57:28		682683		578447		104236		
19:57:30		694775		588431		106344		
19:57:32		736165		630185		105980		
19:57:34		706653		601913		104740		
19:57:36		750988		582512		168476		
19:57:38		712338		583542		128796		
19:57:40		711155		585583		125572		
19:57:42		711600		586896		124704		
19:57:44		713052		606824		106228		
19:57:46		729703		600783		128920		
19:57:48		725698		603970		121728		
19:57:50		726850		605618		121232		
19:57:52		729515		606779		122736		
19:57:54		731248		282504		448744		
19:57:56		448414		243422		204992		
19:57:58		449828		386468		63360		
19:58:00		534351		384695		149656		
19:58:02		535429		397801		137628		
19:58:04		543466		405366		138100		
19:58:06		577302		446394		130908		
19:58:08		565672		420256		145416		
19:58:10		582391		439775		142616		
19:58:12		583641		439661		143980		
19:58:14		585252		448496		136756		
19:58:16		590138		482954		107184		
19:58:18		615005		493329		121676		
19:58:20		619688		504408		115280		
19:58:22		628234		522590		105644		
19:58:24		645871		540407		105464		
19:58:26		657868		538108		119760		
19:58:28		652592		558316		94276		
19:58:31		669088		572476		96612		
19:58:33		669088		581412		87676		
19:58:35		694229		601421		92808		
19:58:37		710321		597441		112880		
19:58:39		712828		600988		111840		
19:58:41		715954		602378		113576		
19:58:43		717061		603485		113576		
19:58:45		715775		604795		110980		
19:58:47		718324		605484		112840		
19:58:49		717496		605772		111724		
19:58:51		718054		607814		110240		
19:58:53		721690		611450		110240		
19:58:55		721172		606096		115076		
19:58:57		716079		608319		107760		
19:58:59		724464		620300		104164		
19:59:01		728072		623288		104784		
19:59:03		740777		626445		114332		
19:59:05		741666		627070		114596		
19:59:07		742102		627506		114596		
19:59:09		743564		412068		331496		
19:59:11		550813		219317		331496		
19:59:13		491595		160099		331496		
19:59:15		503317		171821		331496		
19:59:17		506162		174666		331496		
19:59:19		492447		418555		73892		
19:59:21		555719		450015		105704		
19:59:23		580029		441309		138720		
19:59:25		577442		438722		138720		
19:59:27		572173		470821		101352		
19:59:29		601774		487750		114024		
19:59:31		612446		492982		119464		
19:59:33		621061		493305		127756		
19:59:35		621430		494086		127344		
19:59:37		626879		494351		132528		
19:59:39		627743		495387		132356		
19:59:42		624704		494348		130356		
19:59:44		620985		494605		126380		
19:59:46		619389		497281		122108		
19:59:48		620738		514258		106480		
19:59:50		639935		524979		114956		
19:59:52		653805		542833		110972		
19:59:54		664051		541675		122376		
19:59:56		664139		562123		102016		
19:59:58		681231		578847		102384		
20:00:00		699851		603311		96540		
20:00:02		716712		592588		124124		
20:00:04		710745		601137		109608		
20:00:06		748139		633215		114924		
20:00:08		766799		629679		137120		
20:00:10		803469		603977		199492		
20:00:12		756407		604151		152256		
20:00:14		746339		607599		138740		
20:00:16		742346		608814		133532		
20:00:18		737227		609647		127580		
20:00:20		732527		611023		121504		
20:00:22		733903		613515		120388		
20:00:24		737272		614652		122620		
20:00:26		737532		628180		109352		
20:00:28		751840		630460		121380		
20:00:30		753340		626628		126712		
20:00:32		755669		628321		127348		
20:00:34		751201		629061		122140		
20:00:36		759545		294161		465384		
20:00:38		453658		164786		288872		
20:00:40		453658		374862		78796		
20:00:42		528789		386381		142408		
20:00:44		532690		399210		133480		
20:00:46		543434		408746		134688		
20:00:48		550684		414376		136308		
20:00:50		555043		420735		134308		
20:00:52		559310		430886		128424		
20:00:55		570469		451485		118984		
20:00:57		587237		465553		121684		
20:00:59		598062		484910		113152		
20:01:01		617839		496163		121676		
20:01:03		626937		509357		117580		
20:01:05		637981		520713		117268		
20:01:07		648680		530180		118500		
20:01:09		656205		535725		120480		
20:01:11		658318		554106		104212		
20:01:13		671757		569293		102464		
20:01:15		685009		578229		106780		
20:01:17		691524		591384		100140		
20:01:19		703273		592725		110548		
20:01:21		702518		592970		109548		
20:01:23		705259		593727		111532		
20:01:25		698118		596010		102108		
20:01:27		706190		597378		108812		
20:01:29		706650		602798		103852		
20:01:31		715430		610338		105092		
20:01:33		720341		601485		118856		
20:01:35		711598		603158		108440		
20:01:37		710942		604610		106332		
20:01:39		713718		618670		95048		
20:01:41		723501		623121		100380		
20:01:43		728638		619454		109184		
20:01:45		724941		621461		103480		
20:01:47		724120		622360		101760		
20:01:49		726472		358284		368188		
20:01:51		526264		245348		280916		
20:01:53		460062		327482		132580		
20:01:55		497848		419008		78840		
20:01:57		508649		397817		110832		
20:01:59		549253		407173		142080		
20:02:01		555101		416741		138360		
20:02:03		555963		423671		132292		
20:02:05		561900		432872		129028		
20:02:08		562135		444051		118084		
20:02:10		581941		451969		129972		
20:02:12		581947		492319		89628		
20:02:14		620063		502319		117744		
20:02:16		620063		518195		101868		
20:02:18		645883		561803		84080		
20:02:20		612915		545715		67200		
20:02:22		669291		558023		111268		
20:02:24		680454		572010		108444		
20:02:26		691424		580060		111364		
20:02:28		697143		589203		107940		
20:02:30		709524		605304		104220		
20:02:32		757852		654632		103220		
20:02:34		746849		645365		101484		
20:02:36		692452		601384		91068		
20:02:38		734270		599298		134972		
20:02:40		728403		599507		128896		
20:02:42		726185		600017		126168		
20:02:44		728703		602163		126540		
20:02:46		725043		602967		122076		
20:02:48		725871		605159		120712		
20:02:50		719238		620598		98640		
20:02:52		732868		618232		114636		
20:02:54		728366		620798		107568		
20:02:56		728191		622731		105460		
20:02:58		729332		624228		105104		
20:03:00		730482		279006		451476		
20:03:02		416979		237995		178984		
20:03:04		418926		333598		85328		
20:03:06		475529		409545		65984		
20:03:08		526592		407852		118740		
20:03:10		537161		418693		118468		
20:03:12		537271		425003		112268		
20:03:15		545814		434918		110896		
20:03:17		550146		441050		109096		
20:03:19		555706		449602		106104		
20:03:21		564509		479733		84776		
20:03:23		591588		492968		98620		
20:03:25		602968		502992		99976		
20:03:27		609644		514452		95192		
20:03:29		619184		532388		86796		
20:03:31		634136		539096		95040		
20:03:33		641804		550572		91232		
20:03:35		705635		632323		73312		
20:03:37		714310		581158		133152		
20:03:39		731298		590978		140320		
20:03:41		725154		596146		129008		
20:03:43		729136		599888		129248		
20:03:45		722770		600838		121932		
20:03:47		723718		603026		120692		
20:03:49		725906		604842		121064		
20:03:51		726835		607003		119832		
20:03:53		731917		610845		121072		
20:03:55		726225		608501		117724		
20:03:57		725446		610946		114500		
20:03:59		725829		612941		112888		
20:04:01		723531		627383		96148		
20:04:03		734049		633437		100612		
20:04:05		741941		636989		104952		
20:04:07		739845		637869		101976		
20:04:09		740981		633913		107068		
20:04:11		732033		280165		451868		
20:04:13		415725		286161		129564		
20:04:15		446092		295580		150512		
20:04:17		425699		352579		73120		
20:04:19		471881		398829		73052		
20:04:21		515269		410833		104436		
20:04:23		527223		430383		96840		
20:04:25		541633		426433		115200		
20:04:28		547658		437054		110604		
20:04:30		545782		440574		105208		
20:04:32		558588		451272		107316		
20:04:34		564779		471551		93228		
20:04:36		585911		495055		90856		
20:04:38		605958		504082		101876		
20:04:40		658885		573257		85628		
20:04:42		662869		534365		128504		
20:04:44		674038		550674		123364		
20:04:46		684832		551676		133156		
20:04:48		684317		568669		115648		
20:04:50		696051		583507		112544		
20:04:52		707277		584413		122864		
20:04:54		710973		600753		110220		
20:04:56		716587		602027		114560		
20:04:58		721376		602476		118900		
20:05:00		716128		604172		111956		
20:05:02		752162		635370		116792		
20:05:04		734822		606738		128084		
20:05:06		735389		607181		128208		
20:05:08		735389		608545		126844		
20:05:10		751470		610366		141104		
20:05:12		750195		611323		138872		
20:05:14		746361		613193		133168		
20:05:16		748787		630871		117916		
20:05:18		757022		631418		125604		
20:05:20		761750		634782		126968		
20:05:22		757672		630084		127588		
20:05:24		758817		362257		396560		
20:05:26		538260		231232		307028		
20:05:28		446344		318620		127724		
20:05:30		501275		406175		95100		
20:05:32		562547		420423		142124		
20:05:34		572212		431848		140364		
20:05:37		576795		438291		138504		
20:05:39		579953		450821		129132		
20:05:41		589244		458004		131240		
20:05:43		594588		469084		125504		
20:05:45		604499		502367		102132		
20:05:47		662027		508187		153840		
20:05:49		685301		511637		173664		
20:05:51		663000		511300		151700		
20:05:53		656159		511319		144840		
20:05:55		657594		511786		145808		
20:05:57		650164		511680		138484		
20:05:59		646385		511793		134592		
20:06:01		644618		515430		129188		
20:06:03		648388		532184		116204		
20:06:05		662878		544158		118720		
20:06:07		671927		553459		118468		
20:06:09		681471		577699		103772		
20:06:11		702341		585681		116660		
20:06:13		709751		593095		116656		
20:06:15		716813		604161		112652		
20:06:17		727433		615201		112232		
20:06:19		738081		618045		120036		
20:06:21		740925		618533		122392		
20:06:23		741429		618789		122640		
20:06:25		741833		619185		122648		
20:06:27		742225		620445		121780		
20:06:29		744435		622779		121656		
20:06:31		747097		626929		120168		
20:06:33		750258		631950		118308		
20:06:35		755908		639832		116076		
20:06:37		756195		640491		115704		
20:06:39		754104		634432		119672		
20:06:41		745035		636027		109008		
20:06:43		742551		636891		105660		
20:06:45		744655		621443		123212		
20:06:47		728403		346815		381588		
20:06:50		480465		288881		191584		
20:06:52		519173		418793		100380		
20:06:54		540153		450833		89320		
20:06:56		577946		437546		140400		
20:06:58		561247		442795		118452		
20:07:00		567605		451953		115652		
20:07:02		573303		458519		114784		
20:07:04		580742		476026		104716		
20:07:06		594319		502063		92256		
20:07:08		621505		534581		86924		
20:07:10		649699		519407		130292		
20:07:12		633862		542070		91792		
20:07:14		656430		567266		89164		
20:07:16		680986		559090		121896		
20:07:18		671857		577669		94188		
20:07:20		686593		594865		91728		
20:07:22		703866		609210		94656		
20:07:24		713096		609052		104044		
20:07:26		794073		612521		181552		
20:07:28		818020		616272		201748		
20:07:30		780497		616197		164300		
20:07:32		763676		612644		151032		
20:07:34		762165		613109		149056		
20:07:36		758966		614994		143972		
20:07:38		755315		615435		139880		
20:07:40		745288		616320		128968		
20:07:42		739858		617834		122024		
20:07:44		741946		619922		122024		
20:07:46		742802		624622		118180		
20:07:48		748642		640754		107888		
20:07:50		763633		641609		122024		
20:07:52		767313		645165		122148		
20:07:54		769759		643131		126628		
20:07:56		766011		643971		122040		
20:07:58		766851		319623		447228		
20:08:00		479934		238474		241460		
20:08:03		488883		413207		75676		
20:08:05		549818		437686		112132		
20:08:07		576781		436533		140248		
20:08:09		570059		442203		127856		
20:08:11		569261		448357		120904		
20:08:13		572243		457355		114888		
20:08:15		581158		475958		105200		
20:08:17		596939		497727		99212		
20:08:19		620981		527265		93716		
20:08:21		647595		512719		134876		
20:08:23		684489		547769		136720		
20:08:25		673913		513061		160852		
20:08:27		668901		512901		156000		
20:08:29		668441		513077		155364		
20:08:31		662758		513022		149736		
20:08:33		661000		513264		147736		
20:08:35		652771		521343		131428		
20:08:37		654132		539828		114304		
20:08:39		670428		546524		123904		
20:08:41		676101		556881		119220		
20:08:43		682936		578528		104408		
20:08:45		703219		589391		113828		
20:08:47		712818		599750		113068		
20:08:49		722724		611544		111180		
20:08:51		728905		619245		109660		
20:08:53		734420		625016		109404		
20:08:55		740670		623702		116968		
20:08:57		730526		620254		110272		
20:08:59		722984		622376		100608		
20:09:01		722436		623068		99368		
20:09:03		722536		623788		98748		
20:09:05		721046		623662		97384		
20:09:07		717049		625369		91680		
20:09:09		717459		627787		89672		
20:09:11		719157		644801		74356		
20:09:14		732840		646332		86508		
20:09:16		732626		646118		86508		
20:09:18		734986		649842		85144		
20:09:20		744501		648925		95576		
20:09:22		744138		316510		427628		
20:09:24		447783		270307		177476		
20:09:26		440297		364989		75308		
20:09:28		490019		421459		68560		
20:09:30		453661		389561		64100		
20:09:32		571826		512322		59504		
20:09:34		575038		397982		177056		
20:09:36		578874		407406		171468		
20:09:38		586519		419547		166972		
20:09:40		595251		429923		165328		
20:09:42		602922		436882		166040		
20:09:44		597610		470078		127532		
20:09:46		620401		481485		138916		
20:09:48		623801		493001		130800		
20:09:50		630062		502814		127248		
20:09:52		639059		521671		117388		
20:09:54		654795		525639		129156		
20:09:56		654887		540931		113956		
20:09:58		668457		560249		108208		
20:10:00		685596		563876		121720		
20:10:02		716229		599105		117124		
20:10:04		700714		576426		124288		
20:10:06		706677		578173		128504		
20:10:08		704999		577527		127472		
20:10:10		704360		578004		126356		
20:10:12		704569		578709		125860		
20:10:14		705203		581691		123512		
20:10:16		707618		581874		125744		
20:10:18		706641		581889		124752		
20:10:20		707995		583863		124132		
20:10:22		749016		624636		124380		
20:10:25		737724		586932		150792		
20:10:27		737724		604044		133680		
20:10:29		747798		602090		145708		
20:10:31		742238		604342		137896		
20:10:33		736867		605047		131820		
20:10:35		732205		599193		133012		
20:10:37		726471		327447		399024		
20:10:39		508904		361636		147268		
20:10:41		516473		416977		99496		
20:10:43		564589		427049		137540		
20:10:45		572453		435533		136920		
20:10:47		579334		440934		138400		
20:10:49		583029		451017		132012		
20:10:51		592294		458934		133360		
20:10:53		598551		486051		112500		
20:10:55		622542		499394		123148		
20:10:57		631262		511974		119288		
20:10:59		646413		527377		119036		
20:11:01		652137		539001		113136		
20:11:03		663387		545059		118328		
20:11:05		670321		558205		112116		
20:11:07		681626		579686		101940		
20:11:09		701936		588468		113468		
20:11:11		753569		636149		117420		
20:11:13		741181		609405		131776		
20:11:15		757725		632653		125072		
20:11:17		769306		617490		151816		
20:11:19		757627		617467		140160		
20:11:21		751621		620017		131604		
20:11:23		750489		620365		130124		
20:11:25		745572		621644		123928		
20:11:27		747758		622838		124920		
20:11:29		746288		623724		122564		
20:11:31		747292		626092		121200		
20:11:33		747487		627279		120208		
20:11:35		746735		638183		108552		
20:11:38		756950		639594		117356		
20:11:40		760615		642887		117728		
20:11:42		762737		644513		118224		
20:11:44		763379		641295		122084		
20:11:46		762840		303288		459552		
20:11:48		452605		200333		252272		
20:11:50		489331		409731		79600		
20:11:52		553019		477015		76004		
20:11:54		518696		433576		85120		
20:11:56		566511		438231		128280		
20:11:58		565686		449266		116420		
20:12:00		574896		457872		117024		
20:12:02		581078		482798		98280		
20:12:04		606788		524768		82020		
20:12:06		582306		513578		68728		
20:12:08		635481		529637		105844		
20:12:10		653088		563684		89404		
20:12:12		681071		558035		123036		
20:12:14		675404		573504		101900		
20:12:16		726395		634563		91832		
20:12:18		766269		594121		172148		
20:12:20		778959		605703		173256		
20:12:22		763735		610247		153488		
20:12:24		767032		614652		152380		
20:12:26		759605		618641		140964		
20:12:28		761388		613976		147412		
20:12:30		748219		614447		133772		
20:12:32		741459		615987		125472		
20:12:34		738867		618851		120016		
20:12:36		741731		619607		122124		
20:12:38		742487		619247		123240		
20:12:40		746479		621379		125100		
20:12:42		744909		622661		122248		
20:12:44		745541		631229		114312		
20:12:47		754108		639796		114312		
20:12:49		762676		628276		134400		
20:12:51		751156		629900		121256		
20:12:53		752780		631508		121272		
20:12:55		754851		299671		455180		
20:12:57		466590		218038		248552		
20:12:59		502507		410015		92492		
20:13:01		551257		427641		123616		
20:13:03		569694		438794		130900		
20:13:05		574737		438621		136116		
20:13:07		575241		445829		129412		
20:13:09		580308		454804		125504		
20:13:11		588848		464476		124372		
20:13:13		594703		496819		97884		
20:13:15		622945		505593		117352		
20:13:17		626166		516038		110128		
20:13:19		634908		530116		104792		
20:13:21		646344		543724		102620		
20:13:23		656498		552858		103640		
20:13:25		656498		571258		85240		
20:13:27		755315		581355		173960		
20:13:29		722914		587986		134928		
20:13:31		719691		597167		122524		
20:13:33		729816		607736		122080		
20:13:35		742141		619073		123068		
20:13:37		760505		604701		155804		
20:13:39		748537		607489		141048		
20:13:41		743079		607983		135096		
20:13:43		742717		608109		134608		
20:13:45		739457		609437		130020		
20:13:47		735986		609934		126052		
20:13:49		736299		611859		124440		
20:13:51		736686		614354		122332		
20:13:53		742336		617152		125184		
20:13:55		741279		625147		116132		
20:13:58		749133		639201		109932		
20:14:00		762356		641884		120472		
20:14:02		763833		642973		120860		
20:14:04		763626		641890		121736		
20:14:06		759591		321799		437792		
20:14:08		472240		214572		257668		
20:14:10		540067		413315		126752		
20:14:12		558395		443051		115344		
20:14:14		577115		461771		115344		
20:14:16		524409		438849		85560		
20:14:18		570249		446257		123992		
20:14:20		583261		458961		124300		
20:14:22		583261		490409		92852		
20:14:24		620641		508957		111684		
20:14:26		637608		516004		121604		
20:14:28		647693		537033		110660		
20:14:30		664009		543317		120692		
20:14:32		667899		552107		115792		
20:14:34		679893		574645		105248		
20:14:36		741341		647649		93692		
20:14:38		756696		627592		129104		
20:14:40		727849		594389		133460		
20:14:42		755326		612210		143116		
20:14:44		761250		607406		153844		
20:14:46		760884		611884		149000		
20:14:48		755623		612335		143288		
20:14:50		744479		612847		131632		
20:14:52		749209		615469		133740		
20:14:54		742632		615332		127300		
20:14:56		745082		617162		127920		
20:14:58		742827		617635		125192		
20:15:00		746784		619732		127052		
20:15:02		745795		620851		124944		
20:15:04		747387		630751		116636		
20:15:06		753631		638607		115024		
20:15:08		761487		640635		120852		
20:15:10		763515		643903		119612		
20:15:12		766783		629687		137096		
20:15:15		754562		614066		140496		
20:15:17		739443		329475		409968		
20:15:19		510281		316457		193824		
20:15:21		494776		415252		79524		
20:15:23		584708		425452		159256		
20:15:25		581818		436854		144964		
20:15:27		593311		452803		140508		
20:15:29		599386		460066		139320		
20:15:31		605549		459657		145892		
20:15:33		606295		481199		125096		
20:15:35		622016		499652		122364		
20:15:37		635565		513333		122232		
20:15:39		650005		543905		106100		
20:15:41		672854		540118		132736		
20:15:43		671348		548604		122744		
20:15:45		677174		559642		117532		
20:15:47		687028		575884		111144		
20:15:49		702258		588514		113744		
20:15:51		714067		596743		117324		
20:15:53		720898		605718		115180		
20:15:55		728821		610797		118024		
20:15:57		733736		608892		124844		
20:15:59		727069		610905		116164		
20:16:01		723614		611790		111824		
20:16:03		728134		617046		111088		
20:16:05		730133		616069		114064		
20:16:07		726318		616222		110096		
20:16:09		725794		617930		107864		
20:16:11		726422		619798		106624		
20:16:13		725795		624875		100920		
20:16:15		732949		645173		87776		
20:16:17		750061		633393		116668		
20:16:19		738653		636245		102408		
20:16:21		745284		643728		101556		
20:16:23		745990		621946		124044		
20:16:26		723208		330780		392428		
20:16:28		463671		300015		163656		
20:16:30		476688		408620		68068		
20:16:32		532703		417095		115608		
20:16:34		539263		423811		115452		
20:16:36		547532		437776		109756		
20:16:38		620334		518910		101424		
20:16:40		605391		449959		155432		
20:16:42		622186		461554		160632		
20:16:44		630402		484710		145692		
20:16:46		644875		500563		144312		
20:16:48		654212		514124		140088		
20:16:50		662526		528338		134188		
20:16:52		666142		538746		127396		
20:16:54		673253		544789		128464		
20:16:56		678326		555702		122624		
20:16:58		684918		575578		109340		
20:17:00		703259		592259		111000		
20:17:02		718900		586216		132684		
20:17:04		711273		595893		115380		
20:17:06		720258		600166		120092		
20:17:08		725881		600457		125424		
20:17:10		753449		629761		123688		
20:17:12		741733		604761		136972		
20:17:14		736061		606273		129788		
20:17:16		735115		607063		128052		
20:17:18		733032		607212		125820		
20:17:20		734911		608463		126448		
20:17:22		733643		610543		123100		
20:17:24		735553		612453		123100		
20:17:26		737907		628315		109592		
20:17:28		752463		628363		124100		
20:17:30		796525		672673		123852		
20:17:32		779474		631318		148156		
20:17:35		786163		350631		435532		
20:17:37		546235		294827		251408		
20:17:39		510062		365314		144748		
20:17:41		550132		413476		136656		
20:17:43		577877		425349		152528		
20:17:45		580686		435382		145304		
20:17:47		590328		451720		138608		
20:17:49		598203		454327		143876		
20:17:51		598041		460489		137552		
20:17:53		600622		479010		121612		
20:17:55		616822		510330		106492		
20:17:57		641857		511813		130044		
20:17:59		642599		528067		114532		
20:18:01		656559		540323		116236		
20:18:03		667353		545709		121644		
20:18:05		671559		561667		109892		
20:18:07		685845		579853		105992		
20:18:09		703326		592874		110452		
20:18:11		713166		601018		112148		
20:18:13		715936		610808		105128		
20:18:15		720185		617537		102648		
20:18:17		733797		621105		112692		
20:18:19		734047		617387		116660		
20:18:21		737280		619504		117776		
20:18:23		786690		665806		120884		
20:18:25		778176		622324		155852		
20:18:27		776942		623322		153620		
20:18:29		771043		624491		146552		
20:18:31		766283		625807		140476		
20:18:33		759434		627514		131920		
20:18:35		758419		634435		123984		
20:18:37		760095		640699		119396		
20:18:39		765838		637762		128076		
20:18:41		762439		639695		122744		
20:18:44		763890		641006		122884		
20:18:46		766403		295503		470900		
20:18:48		462695		187107		275588		
20:18:50		500505		406985		93520		
20:18:52		559453		419557		139896		
20:18:54		561731		431035		130696		
20:18:56		572178		444830		127348		
20:18:58		577667		446979		130688		
20:19:00		574657		456433		118224		
20:19:02		579141		464033		115108		
20:19:04		578686		488778		89908		
20:19:06		596818		505934		90884		
20:19:08		611733		513169		98564		
20:19:10		618876		513880		104996		
20:19:12		613876		509308		104568		
20:19:14		610869		506565		104304		
20:19:16		606750		513778		92972		
20:19:18		606750		514050		92700		
20:19:20		621132		531936		89196		
20:19:22		634157		532077		102080		
20:19:24		636509		552061		84448		
20:19:26		655207		558239		96968		
20:19:28		657445		572189		85256		
20:19:30		736887		658343		78544		
20:19:32		739048		589828		149220		
20:19:34		738019		599939		138080		
20:19:36		745389		613565		131824		
20:19:38		784276		659452		124824		
20:19:40		765875		641795		124080		
20:19:42		718365		618209		100156		
20:19:44		745602		619158		126444		
20:19:46		748703		619647		129056		
20:19:48		744865		620273		124592		
20:19:50		743153		621413		121740		
20:19:53		744746		623254		121492		
20:19:55		746133		625013		121120		
20:19:57		747893		633345		114548		
20:19:59		756225		636097		120128		
20:20:01		758977		639221		119756		
20:20:03		762101		639865		122236		
20:20:05		762744		641128		121616		
20:20:07		764008		297408		466600		
20:20:09		456612		189880		266732		
20:20:11		481608		405540		76068		
20:20:13		545972		464012		81960		
20:20:15		519503		442155		77348		
20:20:17		577163		438559		138604		
20:20:19		572626		443826		128800		
20:20:21		575952		453912		122040		
20:20:23		583126		460730		122396		
20:20:25		637861		540261		97600		
20:20:27		651348		499824		151524		
20:20:29		665172		524824		140348		
20:20:31		674829		528781		146048		
20:20:33		675402		541330		134072		
20:20:35		682989		545957		137032		
20:20:37		680517		562965		117552		
20:20:39		690939		583083		107856		
20:20:41		708615		598035		110580		
20:20:43		722286		602150		120136		
20:20:45		726154		608814		117340		
20:20:47		732121		616017		116104		
20:20:49		740859		610983		129876		
20:20:51		734154		611582		122572		
20:20:53		734465		613877		120588		
20:20:55		737271		618783		118488		
20:20:57		737602		617006		120596		
20:20:59		735463		617471		117992		
20:21:01		734583		619071		115512		
20:21:04		742522		627134		115388		
20:21:06		742865		634297		108568		
20:21:08		747746		639674		108072		
20:21:10		750614		641302		109312		
20:21:12		754078		644518		109560		
20:21:14		755212		644652		110560		
20:21:16		752679		294015		458664		
20:21:18		440229		223117		217112		
20:21:20		415731		357475		58256		
20:21:22		488601		389865		98736		
20:21:24		521005		398957		122048		
20:21:26		578106		457206		120900		
20:21:28		581297		417857		163440		
20:21:30		587071		426127		160944		
20:21:32		590276		433572		156704		
20:21:34		596245		445881		150364		
20:21:36		595449		469053		126396		
20:21:38		613531		491575		121956		
20:21:40		627252		494144		133108		
20:21:42		630845		497877		132968		
20:21:44		629868		494096		135772		
20:21:46		627272		494368		132904		
20:21:48		625684		494656		131028		
20:21:50		624680		494816		129864		
20:21:52		624274		501882		122392		
20:21:54		630440		515956		114484		
20:21:56		643290		527878		115412		
20:21:58		653478		534114		119364		
20:22:00		659813		542685		117128		
20:22:02		665916		561624		104292		
20:22:04		682637		573525		109112		
20:22:06		691932		583568		108364		
20:22:08		700386		588950		111436		
20:22:10		707103		599015		108088		
20:22:12		747405		631685		115720		
20:22:14		735434		595782		139652		
20:22:16		733313		597629		135684		
20:22:19		725256		598996		126260		
20:22:21		722034		605934		116100		
20:22:23		729445		604913		124532		
20:22:25		728315		604527		123788		
20:22:27		729592		606548		123044		
20:22:29		729701		608145		121556		
20:22:31		733146		622130		111016		
20:22:33		742101		620545		121556		
20:22:35		734409		622773		111636		
20:22:37		733585		624925		108660		
20:22:39		734900		626348		108552		
20:22:41		732066		289538		442528		
20:22:43		431804		165516		266288		
20:22:45		456978		375018		81960		
20:22:47		506003		433579		72424		
20:22:49		467867		393707		74160		
20:22:51		514451		404611		109840		
20:22:53		523417		412701		110716		
20:22:55		530814		426314		104500		
20:22:57		540063		432643		107420		
20:22:59		545777		442465		103312		
20:23:01		554927		480643		74284		
20:23:03		591444		493724		97720		
20:23:05		661530		488946		172584		
20:23:07		693228		502792		190436		
20:23:09		693228		517000		176228		
20:23:11		693228		531944		161284		
20:23:13		680011		540275		139736		
20:23:15		683845		562385		121460		
20:23:17		691356		568048		123308		
20:23:19		700243		577447		122796		
20:23:21		704277		583533		120744		
20:23:23		710065		590809		119256		
20:23:25		716648		588200		128448		
20:23:28		714271		590039		124232		
20:23:30		714632		594120		120512		
20:23:32		717687		588239		129448		
20:23:34		709546		588282		121264		
20:23:36		708420		589388		119032		
20:23:38		706050		591110		114940		
20:23:40		708667		593107		115560		
20:23:42		706881		594545		112336		
20:23:44		707519		618991		88528		
20:23:46		728621		629057		99564		
20:23:48		736360		619064		117296		
20:23:50		725617		619357		106260		
20:23:52		727100		613508		113592		
20:23:54		718455		331203		387252		
20:23:56		465556		297392		168164		
20:23:58		463121		394153		68968		
20:24:00		523080		452368		70712		
20:24:02		472286		402754		69532		
20:24:04		530399		411095		119304		
20:24:06		539314		414810		124504		
20:24:08		543604		425804		117800		
20:24:10		596515		487699		108816		
20:24:12		595034		510758		84276		
20:24:14		611288		476024		135264		
20:24:16		654586		484494		170092		
20:24:18		636139		495995		140144		
20:24:20		649095		524535		124560		
20:24:22		660736		520616		140120		
20:24:24		655480		531360		124120		
20:24:26		664533		548001		116532		
20:24:28		675889		562957		112932		
20:24:30		689891		571147		118744		
20:24:32		696643		584043		112600		
20:24:35		707777		590465		117312		
20:24:37		713695		591671		122024		
20:24:39		713260		592228		121032		
20:24:41		710294		592734		117560		
20:24:43		716895		602923		113972		
20:24:45		754196		641836		112360		
20:24:47		728967		598503		130464		
20:24:49		731780		600200		131580		
20:24:51		740181		602029		138152		
20:24:53		729289		611473		117816		
20:24:55		734352		617032		117320		
20:24:57		739912		620112		119800		
20:24:59		747142		622258		124884		
20:25:01		749104		616260		132844		
20:25:03		739540		282868		456672		
20:25:05		450616		256856		193760		
20:25:07		442606		358386		84220		
20:25:09		517796		419012		98784		
20:25:11		562623		426019		136604		
20:25:13		565728		434984		130744		
20:25:15		570173		441753		128420		
20:25:17		576217		451333		124884		
20:25:19		585148		465612		119536		
20:25:21		593637		481809		111828		
20:25:23		610518		521994		88524		
20:25:25		645900		516960		128940		
20:25:27		641001		512325		128676		
20:25:29		636289		512497		123792		
20:25:31		633665		512741		120924		
20:25:33		639625		518965		120660		
20:25:35		634627		514023		120604		
20:25:37		635131		520303		114828		
20:25:39		683614		573626		109988		
20:25:41		676817		549005		127812		
20:25:43		696567		563355		133212		
20:25:45		701696		567868		133828		
20:25:48		707203		583187		124016		
20:25:50		717515		591143		126372		
20:25:52		722709		600829		121880		
20:25:54		724230		612658		111572		
20:25:56		735538		610086		125452		
20:25:58		732975		610127		122848		
20:26:00		729247		612351		116896		
20:26:02		733415		613535		119880		
20:26:04		728744		614320		114424		
20:26:06		730323		615403		114920		
20:26:08		730244		616688		113556		
20:26:10		736453		624509		111944		
20:26:12		738387		620243		118144		
20:26:14		733054		631898		101156		
20:26:16		743334		634490		108844		
20:26:18		746245		636781		109464		
20:26:20		742840		636600		106240		
20:26:22		745606		638358		107248		
20:26:24		743902		312798		431104		
20:26:26		452705		77229		375476		
20:26:28		495912		412928		82984		
20:26:30		540727		467167		73560		
20:26:32		507726		435382		72344		
20:26:34		564496		479628		84868		
20:26:36		523489		448729		74760		
20:26:38		573183		457131		116052		
20:26:40		574677		468949		105728		
20:26:42		580162		503230		76932		
20:26:44		606894		514370		92524		
20:26:46		610079		526975		83104		
20:26:48		620046		540974		79072		
20:26:50		656714		586602		70112		
20:26:52		620037		562789		57248		
20:26:54		682317		571769		110548		
20:26:56		688475		589091		99384		
20:26:58		703780		598004		105776		
20:27:00		711854		611438		100416		
20:27:03		721731		619579		102152		
20:27:05		725912		613344		112568		
20:27:07		720296		613308		106988		
20:27:09		716293		615877		100416		
20:27:11		719592		614828		104764		
20:27:13		717566		615406		102160		
20:27:15		719626		616102		103524		
20:27:17		716953		617521		99432		
20:27:19		720346		619550		100796		
20:27:21		717854		620654		97200		
20:27:23		721105		625889		95216		
20:27:25		758761		668753		90008		
20:27:27		767404		679752		87652		
20:27:29		711342		631130		80212		
20:27:31		754010		616558		137452		
20:27:33		743020		330344		412676		
20:27:35		493788		298520		195268		
20:27:37		486674		410790		75884		
20:27:39		593001		483265		109736		
20:27:41		574210		433010		141200		
20:27:43		604694		450838		153856		
20:27:45		606540		448656		157884		
20:27:47		607307		455631		151676		
20:27:49		603148		465252		137896		
20:27:51		604770		498134		106636		
20:27:53		627467		513763		113704		
20:27:55		639671		518351		121320		
20:27:57		645901		544509		101392		
20:27:59		669000		544236		124764		
20:28:01		668164		555276		112888		
20:28:03		678364		571104		107260		
20:28:05		691132		584744		106388		
20:28:07		705566		596474		109092		
20:28:09		710597		606369		104228		
20:28:12		728897		632025		96872		
20:28:14		738439		607847		130592		
20:28:16		752693		620737		131956		
20:28:18		792418		609870		182548		
20:28:20		751966		610578		141388		
20:28:22		745386		611314		134072		
20:28:24		747732		612668		135064		
20:28:26		744728		613260		131468		
20:28:28		744728		614996		129732		
20:28:30		739246		616458		122788		
20:28:32		741013		624673		116340		
20:28:34		748409		629341		119068		
20:28:36		752866		632310		120556		
20:28:38		756259		637935		118324		
20:28:40		764821		636857		127964		
20:28:42		760135		343959		416176		
20:28:44		511999		229899		282100		
20:28:46		507063		416267		90796		
20:28:48		569562		453990		115572		
20:28:50		537456		435276		102180		
20:28:52		581571		440587		140984		
20:28:54		586615		450035		136580		
20:28:56		593242		458662		134580		
20:28:58		600167		482195		117972		
20:29:00		622587		497067		125520		
20:29:02		674276		548524		125752		
20:29:04		677113		523845		153268		
20:29:06		687126		546198		140928		
20:29:08		706133		546629		159504		
20:29:10		698745		557349		141396		
20:29:12		701826		574582		127244		
20:29:14		709060		589632		119428		
20:29:16		720269		600485		119784		
20:29:18		729892		613044		116848		
20:29:20		740848		621024		119824		
20:29:22		747451		613243		134208		
20:29:24		739770		613374		126396		
20:29:27		740147		615611		124536		
20:29:29		741821		616781		125040		
20:29:31		742531		618111		124420		
20:29:33		751755		628079		123676		
20:29:35		755605		620149		135456		
20:29:37		748941		621421		127520		
20:29:39		748724		622692		126032		
20:29:41		750029		630073		119956		
20:29:43		756783		639555		117228		
20:29:45		798131		678423		119708		
20:29:47		769860		651764		118096		
20:29:49		779638		641810		137828		
20:29:51		770336		299956		470380		
20:29:53		482722		203750		278972		
20:29:55		525113		411065		114048		
20:29:57		564746		456278		108468		
20:29:59		539388		430704		108684		
20:30:01		580311		438891		141420		
20:30:03		587125		447017		140108		
20:30:05		594487		462307		132180		
20:30:07		602411		465923		136488		
20:30:09		604814		497802		107012		
20:30:11		628339		514267		114072		
20:30:13		642760		511344		131416		
20:30:15		637861		507609		130252		
20:30:17		633564		508156		125408		
20:30:19		636224		511336		124888		
20:30:21		696517		569561		126956		
20:30:23		686381		509345		177036		
20:30:25		689833		515341		174492		
20:30:27		678756		529068		149688		
20:30:29		693253		544837		148416		
20:30:31		700531		558567		141964		
20:30:33		707715		571223		136492		
20:30:35		709383		592751		116632		
20:30:38		722624		594136		128488		
20:30:40		721210		608638		112572		
20:30:42		734127		617579		116548		
20:30:44		741943		622427		119516		
20:30:46		749611		628855		120756		
20:30:48		752972		618452		134520		
20:30:50		743207		618723		124484		
20:30:52		749988		620544		129444		
20:30:54		745405		620797		124608		
20:30:56		747007		623763		123244		
20:30:58		747626		624506		123120		
20:31:00		748339		626335		122004		
20:31:02		747973		633781		114192		
20:31:04		747598		639482		108116		
20:31:06		755479		648479		107000		
20:31:08		756054		641862		114192		
20:31:10		752603		642611		109992		
20:31:12		754654		300394		454260		
20:31:14		443038		72882		370156		
20:31:16		461976		401792		60184		
20:31:18		552450		394434		158016		
20:31:20		524198		402638		121560		
20:31:22		589255		475787		113468		
20:31:24		598385		431713		166672		
20:31:26		623865		428565		195300		
20:31:28		605325		436741		168584		
20:31:30		613838		457298		156540		
20:31:32		616717		480629		136088		
20:31:34		634004		490992		143012		
20:31:36		635921		494033		141888		
20:31:38		636401		494281		142120		
20:31:40		636771		494955		141816		
20:31:42		635903		494599		141304		
20:31:44		631628		494960		136668		
20:31:46		631628		495612		136016		
20:31:48		629632		510016		119616		
20:31:50		644254		526702		117552		
20:31:53		657169		533489		123680		
20:31:55		665820		547476		118344		
20:31:57		672653		559417		113236		
20:31:59		680492		572140		108352		
20:32:01		691907		587123		104784		
20:32:03		697223		589263		107960		
20:32:05		700309		593981		106328		
20:32:07		739906		634206		105700		
20:32:09		732906		610466		122440		
20:32:11		740063		599767		140296		
20:32:13		732631		601759		130872		
20:32:15		727492		603060		124432		
20:32:17		727129		603565		123564		
20:32:19		728780		605464		123316		
20:32:21		734048		612468		121580		
20:32:23		792306		618274		174032		
20:32:25		829382		655350		174032		
20:32:27		755475		628687		126788		
20:32:29		779348		618336		161012		
20:32:31		764789		620145		144644		
20:32:33		760391		621063		139328		
20:32:35		751285		280337		470948		
20:32:37		477994		240938		237056		
20:32:39		469784		354696		115088		
20:32:41		530414		458686		71728		
20:32:43		520788		409132		111656		
20:32:45		564242		420494		143748		
20:32:47		571051		427427		143624		
20:32:49		574745		433857		140888		
20:32:51		580316		443584		136732		
20:32:53		589450		457694		131756		
20:32:55		601557		484189		117368		
20:32:57		616633		495833		120800		
20:33:00		624847		504815		120032		
20:33:02		632383		520291		112092		
20:33:04		645239		534699		110540		
20:33:06		663039		556127		106912		
20:33:08		679413		550937		128476		
20:33:10		677394		572278		105116		
20:33:12		695829		585517		110312		
20:33:14		756895		651451		105444		
20:33:16		748640		597592		151048		
20:33:18		752211		605527		146684		
20:33:20		757153		606757		150396		
20:33:22		752692		606872		145820		
20:33:24		744962		609434		135528		
20:33:26		740419		610959		129460		
20:33:28		738264		610416		127848		
20:33:30		736587		608863		127724		
20:33:32		734034		609782		124252		
20:33:34		734688		612172		122516		
20:33:36		736002		613858		122144		
20:33:38		737345		622641		114704		
20:33:40		742972		626284		116688		
20:33:42		744305		629601		114704		
20:33:44		745844		627172		118672		
20:33:46		743411		627823		115588		
20:33:48		737892		295308		442584		
20:33:50		434225		193153		241072		
20:33:52		488382		404790		83592		
20:33:54		557019		452587		104432		
20:33:56		519871		429235		90636		
20:33:58		572264		436484		135780		
20:34:00		578200		442924		135276		
20:34:02		581952		453320		128632		
20:34:04		593938		460106		133832		
20:34:06		594569		495141		99428		
20:34:09		670936		580360		90576		
20:34:11		674631		523947		150684		
20:34:13		689681		554749		134932		
20:34:15		652363		538831		113532		
20:34:17		687085		541825		145260		
20:34:19		686042		557534		128508		
20:34:21		697963		569455		128508		
20:34:23		707471		605059		102412		
20:34:25		736659		596899		139760		
20:34:27		728677		609413		119264		
20:34:29		739289		613949		125340		
20:34:31		741836		614264		127572		
20:34:33		769994		644654		125340		
20:34:35		766244		617584		148660		
20:34:37		752425		617777		134648		
20:34:39		745891		618559		127332		
20:34:41		749499		623531		125968		
20:34:43		751339		621891		129448		
20:34:45		753426		623474		129952		
20:34:47		747349		624713		122636		
20:34:49		747593		627189		120404		
20:34:51		750068		633260		116808		
20:34:53		756140		638712		117428		
20:34:55		763192		632496		130696		
20:34:57		756778		616706		140072		
20:34:59		742147		333387		408760		
20:35:01		497744		172504		325240		
20:35:03		516892		416064		100828		
20:35:05		565377		426373		139004		
20:35:07		572226		434850		137376		
20:35:09		578954		441454		137500		
20:35:11		580787		450791		129996		
20:35:13		589359		461115		128244		
20:35:15		601793		482349		119444		
20:35:18		672767		550859		121908		
20:35:20		671835		510139		161696		
20:35:22		679849		527085		152764		
20:35:24		686601		540109		146492		
20:35:26		697676		552644		145032		
20:35:28		699590		565766		133824		
20:35:30		700617		579217		121400		
20:35:32		707854		594146		113708		
20:35:34		720462		608958		111504		
20:35:36		733193		611757		121436		
20:35:38		735622		616046		119576		
20:35:40		739767		615231		124536		
20:35:42		739528		616728		122800		
20:35:44		740906		618230		122676		
20:35:46		742349		619541		122808		
20:35:48		743673		620865		122808		
20:35:50		747491		620839		126652		
20:35:52		744599		621791		122808		
20:35:54		743692		623488		120204		
20:35:56		744711		625127		119584		
20:35:58		740623		637531		103092		
20:36:00		748386		637110		111276		
20:36:02		746715		639283		107432		
20:36:04		745545		640081		105464		
20:36:06		748986		297314		451672		
20:36:08		433962		257074		176888		
20:36:10		434684		381556		53128		
20:36:12		579107		513259		65848		
20:36:14		556163		385283		170880		
20:36:16		578693		395685		183008		
20:36:18		578070		404858		173212		
20:36:20		588547		420187		168360		
20:36:22		597028		421260		175768		
20:36:24		586815		432523		154292		
20:36:26		589555		441627		147928		
20:36:29		592436		474008		118428		
20:36:31		619730		485826		133904		
20:36:33		627068		503460		123608		
20:36:35		641529		514761		126768		
20:36:37		649271		521047		128224		
20:36:39		652931		531035		121896		
20:36:41		663602		559702		103900		
20:36:43		686160		567004		119156		
20:36:45		693427		575311		118116		
20:36:47		695937		586157		109780		
20:36:49		700760		587772		112988		
20:36:51		698369		591489		106880		
20:36:53		701559		592199		109360		
20:36:55		693692		591028		102664		
20:36:57		691973		591285		100688		
20:36:59		686754		591398		95356		
20:37:01		689412		596536		92876		
20:37:03		694754		599646		95108		
20:37:05		693655		600035		93620		
20:37:07		733955		638475		95480		
20:37:09		726485		612901		113584		
20:37:11		738362		631226		107136		
20:37:13		814699		696403		118296		
20:37:15		787206		616458		170748		
20:37:17		790050		617318		172732		
20:37:19		776302		615910		160392		
20:37:21		778833		323529		455304		
20:37:23		530801		278313		252488		
20:37:25		559455		414259		145196		
20:37:27		587320		436568		150752		
20:37:29		598627		431639		166988		
20:37:31		586629		438861		147768		
20:37:34		591269		451665		139604		
20:37:36		598456		457148		141308		
20:37:38		601182		480662		120520		
20:37:40		618551		503751		114800		
20:37:42		636200		513992		122208		
20:37:44		644657		529397		115260		
20:37:46		659610		546522		113088		
20:37:48		674105		552609		121496		
20:37:50		678991		560351		118640		
20:37:52		684659		582271		102388		
20:37:54		702749		591057		111692		
20:37:56		705079		601243		103836		
20:37:58		712339		613627		98712		
20:38:00		726737		629521		97216		
20:38:02		733523		616591		116932		
20:38:04		725814		618554		107260		
20:38:06		723872		619456		104416		
20:38:08		725033		621113		103920		
20:38:10		725856		621316		104540		
20:38:12		725368		622440		102928		
20:38:14		788056		686864		101192		
20:38:16		779390		679810		99580		
20:38:18		770835		673611		97224		
20:38:20		766334		633026		133308		
20:38:22		779519		637531		141988		
20:38:24		764130		639378		124752		
20:38:26		764730		640706		124024		
20:38:28		765416		292612		472804		
20:38:30		464224		222556		241668		
20:38:32		452180		368040		84140		
20:38:34		527154		385978		141176		
20:38:36		538772		396232		142540		
20:38:38		544551		407995		136556		
20:38:40		554674		416002		138672		
20:38:42		557716		426012		131704		
20:38:45		563313		435469		127844		
20:38:47		574471		456315		118156		
20:38:49		587062		468942		118120		
20:38:51		593235		486251		106984		
20:38:53		602798		495094		107704		
20:38:55		606782		505342		101440		
20:38:57		612306		512318		99988		
20:38:59		620574		527346		93228		
20:39:01		625612		528464		97148		
20:39:03		631569		540653		90916		
20:39:05		640561		542821		97740		
20:39:07		643689		567093		76596		
20:39:09		665953		576805		89148		
20:39:11		672859		583159		89700		
20:39:13		676438		590738		85700		
20:39:15		682371		596671		85700		
20:39:17		691065		605365		85700		
20:39:19		696464		594396		102068		
20:39:21		755662		654586		101076		
20:39:23		744548		600188		144360		
20:39:25		764245		620753		143492		
20:39:27		771144		599752		171392		
20:39:29		774983		601359		173624		
20:39:31		790888		604864		186024		
20:39:33		759326		623646		135680		
20:39:35		755191		620751		134440		
20:39:37		748421		623769		124652		
20:39:39		751141		627605		123536		
20:39:41		750485		625941		124544		
20:39:43		750976		318992		431984		
20:39:45		500193		354321		145872		
20:39:47		530774		413362		117412		
20:39:49		565623		423907		141716		
20:39:51		568391		435387		133004		
20:39:53		579022		441306		137716		
20:39:56		581449		450005		131444		
20:39:58		586417		457205		129212		
20:40:00		589878		467510		122368		
20:40:02		599122		504926		94196		
20:40:04		630446		508226		122220		
20:40:06		633545		520697		112848		
20:40:08		645163		535131		110032		
20:40:10		658881		541473		117408		
20:40:12		710478		603458		107020		
20:40:14		707587		570491		137096		
20:40:16		725257		581769		143488		
20:40:18		730425		593861		136564		
20:40:20		737830		604674		133156		
20:40:22		739840		611404		128436		
20:40:24		742301		617601		124700		
20:40:26		741831		613907		127924		
20:40:28		738584		615496		123088		
20:40:30		739902		616690		123212		
20:40:32		740884		623236		117648		
20:40:34		746954		624718		122236		
20:40:36		751370		625786		125584		
20:40:38		749969		626617		123352		
20:40:40		750574		628214		122360		
20:40:42		751535		629051		122484		
20:40:44		751907		629423		122484		
20:40:46		757494		645922		111572		
20:40:48		759733		643945		115788		
20:40:50		756885		642321		114564		
20:40:52		752969		643365		109604		
20:40:54		753350		327702		425648		
20:40:56		463098		239090		224008		
20:40:58		505358		414310		91048		
20:41:00		550438		428266		122172		
20:41:02		554101		436053		118048		
20:41:04		561475		442891		118584		
20:41:07		564676		451372		113304		
20:41:09		572212		461876		110336		
20:41:11		581956		477388		104568		
20:41:13		595968		503732		92236		
20:41:15		615866		513974		101892		
20:41:17		621227		514267		106960		
20:41:19		621301		512149		109152		
20:41:21		618839		512191		106648		
20:41:23		680704		574064		106640		
20:41:25		670501		512953		157548		
20:41:27		672708		516580		156128		
20:41:29		669890		531838		138052		
20:41:31		679737		547833		131904		
20:41:33		686771		555427		131344		
20:41:35		688174		568326		119848		
20:41:37		697970		582758		115212		
20:41:39		710089		594757		115332		
20:41:41		719613		605413		114200		
20:41:43		729136		613856		115280		
20:41:45		736948		613724		123224		
20:41:47		736294		614070		122224		
20:41:49		732717		616197		116520		
20:41:51		764593		648569		116024		
20:41:53		742037		626749		115288		
20:41:55		756604		642060		114544		
20:41:57		792173		619473		172700		
20:41:59		742963		619863		123100		
20:42:01		747550		621970		125580		
20:42:03		745187		622955		122232		
20:42:05		744811		633863		110948		
20:42:07		753861		639689		114172		
20:42:09		757576		641420		116156		
20:42:11		757374		638242		119132		
20:42:13		751992		638672		113320		
20:42:15		747906		623358		124548		
20:42:17		730321		338301		392020		
20:42:20		501273		316497		184776		
20:42:22		568842		437510		131332		
20:42:24		599582		424106		175476		
20:42:26		620090		448118		171972		
20:42:28		634852		455812		179040		
20:42:30		630952		455456		175496		
20:42:32		625261		458437		166824		
20:42:34		619760		471196		148564		
20:42:36		621489		499829		121660		
20:42:38		639981		508897		131084		
20:42:40		645620		521436		124184		
20:42:42		657173		542625		114548		
20:42:44		674605		547465		127140		
20:42:46		678284		559176		119108		
20:42:48		688600		577616		110984		
20:42:50		704176		588476		115700		
20:42:52		713816		600000		113816		
20:42:54		723978		606842		117136		
20:42:56		732006		614870		117136		
20:42:58		737882		609998		127884		
20:43:00		733761		611705		122056		
20:43:02		735471		613903		121568		
20:43:04		737296		614364		122932		
20:43:06		737599		615163		122436		
20:43:08		738743		616679		122064		
20:43:10		739880		618436		121444		
20:43:12		744033		624201		119832		
20:43:14		793201		630713		162488		
20:43:16		830506		632306		198200		
20:43:18		795632		631780		163852		
20:43:20		778963		633711		145252		
20:43:22		778822		634546		144276		
20:43:24		774185		288901		485284		
20:43:26		484952		88584		396368		
20:43:28		470143		385679		84464		
20:43:30		555758		482042		73716		
20:43:32		525184		411292		113892		
20:43:35		574647		420611		154036		
20:43:37		578177		429217		148960		
20:43:39		581487		436131		145356		
20:43:41		587084		447372		139712		
20:43:43		595633		452589		143044		
20:43:45		600175		489631		110544		
20:43:47		629387		498507		130880		
20:43:49		636944		509428		127516		
20:43:51		642745		504085		138660		
20:43:53		633579		503771		129808		
20:43:55		630154		504446		125708		
20:43:57		631918		508358		123560		
20:43:59		633504		519240		114264		
20:44:01		640701		529605		111096		
20:44:03		654708		549232		105476		
20:44:05		666985		550321		116664		
20:44:07		673231		575471		97760		
20:44:09		690384		584320		106064		
20:44:11		755027		659211		95816		
20:44:13		757892		596864		161028		
20:44:15		755847		600647		155200		
20:44:17		751512		601396		150116		
20:44:19		751582		600102		151480		
20:44:21		747885		600993		146892		
20:44:23		742240		602780		139460		
20:44:25		739259		604139		135120		
20:44:27		733707		604911		128796		
20:44:29		764922		633894		131028		
20:44:31		746053		608453		137600		
20:44:33		747387		614871		132516		
20:44:35		748211		633303		114908		
20:44:37		756923		634079		122844		
20:44:39		756958		632254		124704		
20:44:41		755208		633232		121976		
20:44:43		756112		618652		137460		
20:44:45		741532		323020		418512		
20:44:48		496141		291873		204268		
20:44:50		464967		393987		70980		
20:44:52		546562		394122		152440		
20:44:54		541604		403796		137808		
20:44:56		548057		414837		133220		
20:44:58		551516		421264		130252		
20:45:00		556270		431250		125020		
20:45:02		558070		438810		119260		
20:45:04		566427		448291		118136		
20:45:06		573309		475889		97420		
20:45:08		597023		489967		107056		
20:45:10		609880		503352		106528		
20:45:12		609880		524824		85056		
20:45:14		703319		598355		104964		
20:45:16		698531		539763		158768		
20:45:18		702423		549879		152544		
20:45:20		701731		571671		130060		
20:45:22		724713		601321		123392		
20:45:24		738741		582621		156120		
20:45:26		719363		563243		156120		
20:45:28		694839		597447		97392		
20:45:30		724367		609623		114744		
20:45:32		734808		598860		135948		
20:45:34		724934		599402		125532		
20:45:36		725360		601432		123928		
20:45:38		728090		602674		125416		
20:45:40		728390		603594		124796		
20:45:42		729591		604919		124672		
20:45:44		729743		606559		123184		
20:45:46		732959		615603		117356		
20:45:48		739163		626147		113016		
20:45:50		744100		627984		116116		
20:45:52		742627		625147		117480		
20:45:54		741351		626351		115000		
20:45:56		738173		613409		124764		
20:45:58		729157		329653		399504		
20:46:01		468801		295393		173408		
20:46:03		472551		402559		69992		
20:46:05		535876		408996		126880		
20:46:07		540664		421628		119036		
20:46:09		609370		496526		112844		
20:46:11		606303		435443		170860		
20:46:13		613036		445580		167456		
20:46:15		623360		454184		169176		
20:46:17		623803		486507		137296		
20:46:19		641284		498292		142992		
20:46:21		643750		512478		131272		
20:46:23		654565		533301		121264		
20:46:25		671734		534286		137448		
20:46:27		667565		546581		120984		
20:46:29		677179		559599		117580		
20:46:31		687053		571837		115216		
20:46:33		699833		590705		109128		
20:46:35		718001		591425		126576		
20:46:37		716416		597320		119096		
20:46:39		721487		597927		123560		
20:46:41		721520		599696		121824		
20:46:43		723159		601087		122072		
20:46:45		719798		601686		118112		
20:46:47		718782		602034		116748		
20:46:49		716894		603370		113524		
20:46:51		747482		631850		115632		
20:46:53		736234		609070		127164		
20:46:55		746593		620421		126172		
20:46:57		753724		627304		126420		
20:46:59		753717		629653		124064		
20:47:01		756958		632522		124436		
20:47:03		755467		631031		124436		
20:47:05		755838		283570		472268		
20:47:07		455532		148216		307316		
20:47:09		524218		380670		143548		
20:47:11		597391		496899		100492		
20:47:14		587659		432019		155640		
20:47:16		607634		436982		170652		
20:47:18		603752		444144		159608		
20:47:20		610829		453765		157064		
20:47:22		610070		460834		149236		
20:47:24		610161		496493		113668		
20:47:26		633872		503092		130780		
20:47:28		639802		507674		132128		
20:47:30		643168		507956		135212		
20:47:32		641194		507634		133560		
20:47:34		640646		507978		132668		
20:47:36		645109		512737		132372		
20:47:38		644473		510521		133952		
20:47:40		642450		521654		120796		
20:47:42		651534		536522		115012		
20:47:44		664705		547013		117692		
20:47:46		672815		558319		114496		
20:47:48		682868		574752		108116		
20:47:50		699372		592252		107120		
20:47:52		715370		598470		116900		
20:47:54		719974		608194		111780		
20:47:56		731116		628684		102432		
20:47:58		746322		611154		135168		
20:48:00		732672		613004		119668		
20:48:02		736181		617505		118676		
20:48:04		732585		616753		115832		
20:48:06		774923		660331		114592		
20:48:08		759031		618027		141004		
20:48:10		765975		622615		143360		
20:48:12		761339		620955		140384		
20:48:14		751975		622379		129596		
20:48:16		750543		632479		118064		
20:48:18		756645		640813		115832		
20:48:20		767692		646652		121040		
20:48:23		770718		645834		124884		
20:48:25		768527		642635		125892		
20:48:27		770330		293210		477120		
20:48:29		454296		168456		285840		
20:48:31		488587		402919		85668		
20:48:33		554285		418121		136164		
20:48:35		562173		427901		134272		
20:48:37		574716		448620		126096		
20:48:39		588263		441963		146300		
20:48:41		585836		450644		135192		
20:48:43		586905		458673		128232		
20:48:45		596267		502107		94160		
20:48:47		633644		503276		130368		
20:48:49		635870		506014		129856		
20:48:51		638234		506162		132072		
20:48:53		636807		506023		130784		
20:48:55		633583		506163		127420		
20:48:57		631517		506461		125056		
20:48:59		633090		507842		125248		
20:49:01		635277		509673		125604		
20:49:03		634151		508547		125604		
20:49:05		632842		533594		99248		
20:49:07		658928		567308		91620		
20:49:09		720166		634718		85448		
20:49:11		687222		570954		116268		
20:49:13		709361		589641		119720		
20:49:15		720621		596569		124052		
20:49:17		723924		607348		116576		
20:49:19		731817		610569		121248		
20:49:21		734686		614066		120620		
20:49:23		736946		609382		127564		
20:49:25		732262		611394		120868		
20:49:27		771449		651937		119512		
20:49:29		750686		631174		119512		
20:49:31		793102		674334		118768		
20:49:34		714981		614813		100168		
20:49:36		749100		616692		132408		
20:49:38		747541		617861		129680		
20:49:40		741416		627484		113932		
20:49:42		750363		632339		118024		
20:49:44		755218		627026		128192		
20:49:46		749906		628534		121372		
20:49:48		751413		629901		121512		
20:49:50		752781		299717		453064		
20:49:52		475392		260760		214632		
20:49:54		465929		387745		78184		
20:49:56		539463		474659		64804		
20:49:58		511398		410778		100620		
20:50:00		554903		419223		135680		
20:50:02		563044		426736		136308		
20:50:04		569447		435327		134120		
20:50:06		578139		450219		127920		
20:50:08		587605		461621		125984		
20:50:10		598557		483553		115004		
20:50:12		617677		499961		117716		
20:50:14		630856		509740		121116		
20:50:16		638318		522374		115944		
20:50:18		648171		527199		120972		
20:50:20		651343		529767		121576		
20:50:22		649922		537254		112668		
20:50:24		651135		559867		91268		
20:50:26		670838		582594		88244		
20:50:28		692116		578092		114024		
20:50:30		683075		585807		97268		
20:50:32		686226		595722		90504		
20:50:34		692223		599239		92984		
20:50:36		713774		617814		95960		
20:50:38		722404		599156		123248		
20:50:40		711834		597762		114072		
20:50:42		714234		600162		114072		
20:50:44		717122		606142		110980		
20:50:46		723501		607189		116312		
20:50:49		726287		608735		117552		
20:50:51		727406		610474		116932		
20:50:53		732507		623635		108872		
20:50:55		737878		627022		110856		
20:50:57		743627		631655		111972		
20:50:59		746471		630283		116188		
20:51:01		746993		632045		114948		
20:51:03		744550		293506		451044		
20:51:05		443707		187475		256232		
20:51:07		479446		401034		78412		
20:51:09		582586		511758		70828		
20:51:11		579878		413342		166536		
20:51:13		587656		429800		157856		
20:51:15		604686		442054		162632		
20:51:17		609620		438496		171124		
20:51:19		598526		438934		159592		
20:51:21		591380		471572		119808		
20:51:23		613455		487711		125744		
20:51:25		623261		496161		127100		
20:51:27		632081		505749		126332		
20:51:29		639339		497183		142156		
20:51:31		629127		496907		132220		
20:51:33		630962		499906		131056		
20:51:35		629905		497493		132412		
20:51:37		625915		498031		127884		
20:51:39		628070		511394		116676		
20:51:41		628070		531074		96996		
20:51:43		657754		541858		115896		
20:51:45		700789		600273		100516		
20:51:47		695840		573020		122820		
20:51:49		709579		586143		123436		
20:51:51		716112		589212		126900		
20:51:53		714843		603139		111704		
20:51:55		728103		610207		117896		
20:51:57		734550		608966		125584		
20:52:00		732070		607354		124716		
20:52:02		727760		609244		118516		
20:52:04		725615		613167		112448		
20:52:06		734324		621752		112572		
20:52:08		734058		614782		119276		
20:52:10		730887		611735		119152		
20:52:12		725488		613280		112208		
20:52:14		727752		615544		112208		
20:52:16		725654		628946		96708		
20:52:18		740497		633869		106628		
20:52:20		738592		632088		106504		
20:52:22		736551		634139		102412		
20:52:24		793835		686199		107636		
20:52:26		785580		622052		163528		
20:52:28		771900		336592		435308		
20:52:30		519171		331059		188112		
20:52:32		524104		415448		108656		
20:52:34		595465		424809		170656		
20:52:36		590600		432500		158100		
20:52:38		582645		440169		142476		
20:52:40		589038		448486		140552		
20:52:42		594938		457486		137452		
20:52:44		596342		469214		127128		
20:52:46		603182		503454		99728		
20:52:48		633960		509316		124644		
20:52:50		638077		523805		114272		
20:52:52		649774		539798		109976		
20:52:54		665081		551449		113632		
20:52:56		677477		556533		120944		
20:52:58		679886		574590		105296		
20:53:00		695279		587259		108020		
20:53:02		700270		598094		102176		
20:53:04		708045		612145		95900		
20:53:06		721863		624971		96892		
20:53:08		735396		620780		114616		
20:53:11		730970		620694		110276		
20:53:13		729777		622601		107176		
20:53:15		773722		668026		105696		
20:53:17		769574		626058		143516		
20:53:19		766192		626520		139672		
20:53:21		765602		627418		138184		
20:53:23		755479		629943		125536		
20:53:25		756151		631979		124172		
20:53:27		755928		637460		118468		
20:53:29		760830		635542		125288		
20:53:31		758325		638369		119956		
20:53:33		756558		639950		116608		
20:53:35		755993		639989		116004		
20:53:37		756624		295296		461328		
20:53:39		443027		243711		199316		
20:53:41		430500		377224		53276		
20:53:43		509470		435278		74192		
20:53:45		469081		388809		80272		
20:53:47		527055		454099		72956		
20:53:49		502684		426652		76032		
20:53:51		570176		417016		153160		
20:53:53		573932		423980		149952		
20:53:55		564744		434688		130056		
20:53:57		574438		445530		128908		
20:53:59		578492		477316		101176		
20:54:01		603940		486932		117008		
20:54:03		644535		536107		108428		
20:54:05		634146		501098		133048		
20:54:07		640262		507418		132844		
20:54:09		656244		527548		128696		
20:54:11		664539		526203		138336		
20:54:13		659859		526779		133080		
20:54:16		655563		537955		117608		
20:54:18		669871		557775		112096		
20:54:20		682907		572479		110428		
20:54:22		696135		580263		115872		
20:54:24		746190		638510		107680		
20:54:26		734723		591863		142860		
20:54:28		736879		596771		140108		
20:54:30		732417		376033		356384		
20:54:32		549242		376130		173112		
20:54:34		542764		376100		166664		
20:54:36		543192		376396		166796		
20:54:38		541061		273065		267996		
20:54:40		476185		273041		203144		
20:54:42		497079		273227		223852		
20:54:44		477306		272674		204632		
20:54:46		471654		272726		198928		
20:54:48		476644		275360		201284		
20:54:50		476722		273206		203516		
20:54:52		478495		274979		203516		
20:54:54		478202		272950		205252		
20:54:56		486193		280941		205252		
20:54:58		485733		273041		212692		
20:55:00		485766		273074		212692		
20:55:02		483586		272878		210708		
20:55:04		482369		272901		209468		
20:55:06		490285		280817		209468		
20:55:08		494864		273244		221620		
20:55:10		495691		273203		222488		
20:55:12		494370		272750		221620		
20:55:13		493215		272711		220504		
