record in kb
time		total		used		free
[19:52:25]		1048572		17748		1030824
[19:52:28]		1048572		17748		1030824
[19:52:31]		1048572		17748		1030824
[19:52:34]		1048572		17748		1030824
[19:52:37]		1048572		17748		1030824
[19:52:40]		1048572		17748		1030824
[19:52:43]		1048572		17748		1030824
[19:52:46]		1048572		17748		1030824
[19:52:49]		1048572		17748		1030824
[19:52:52]		1048572		17748		1030824
[19:52:55]		1048572		17748		1030824
[19:52:58]		1048572		17748		1030824
[19:53:01]		1048572		17748		1030824
[19:53:04]		1048572		17748		1030824
[19:53:07]		1048572		17748		1030824
[19:53:10]		1048572		17748		1030824
[19:53:13]		1048572		17748		1030824
[19:53:16]		1048572		17748		1030824
[19:53:19]		1048572		17748		1030824
[19:53:22]		1048572		17748		1030824
[19:53:25]		1048572		17748		1030824
[19:53:28]		1048572		17748		1030824
[19:53:31]		1048572		17748		1030824
[19:53:34]		1048572		17748		1030824
[19:53:37]		1048572		17748		1030824
[19:53:40]		1048572		17748		1030824
[19:53:43]		1048572		17748		1030824
[19:53:46]		1048572		17748		1030824
[19:53:49]		1048572		17748		1030824
[19:53:52]		1048572		17752		1030820
[19:53:55]		1048572		17752		1030820
[19:53:58]		1048572		17752		1030820
[19:54:01]		1048572		17752		1030820
[19:54:04]		1048572		17752		1030820
[19:54:07]		1048572		17752		1030820
[19:54:10]		1048572		17752		1030820
[19:54:13]		1048572		17752		1030820
[19:54:16]		1048572		17752		1030820
[19:54:19]		1048572		17752		1030820
[19:54:22]		1048572		17752		1030820
[19:54:25]		1048572		17752		1030820
[19:54:28]		1048572		17752		1030820
[19:54:31]		1048572		17752		1030820
[19:54:34]		1048572		17752		1030820
[19:54:37]		1048572		17752		1030820
[19:54:40]		1048572		17752		1030820
[19:54:43]		1048572		17752		1030820
[19:54:46]		1048572		17752		1030820
[19:54:49]		1048572		17752		1030820
[19:54:52]		1048572		17752		1030820
[19:54:55]		1048572		17752		1030820
[19:54:58]		1048572		17752		1030820
[19:55:01]		1048572		17752		1030820
[19:55:04]		1048572		17752		1030820
[19:55:07]		1048572		17752		1030820
[19:55:10]		1048572		17752		1030820
[19:55:13]		1048572		17752		1030820
[19:55:17]		1048572		17752		1030820
[19:55:20]		1048572		17752		1030820
[19:55:23]		1048572		17752		1030820
[19:55:26]		1048572		17752		1030820
[19:55:29]		1048572		17752		1030820
[19:55:32]		1048572		17752		1030820
[19:55:35]		1048572		17752		1030820
[19:55:38]		1048572		17752		1030820
[19:55:41]		1048572		17752		1030820
[19:55:44]		1048572		17752		1030820
[19:55:47]		1048572		17752		1030820
[19:55:50]		1048572		17752		1030820
[19:55:53]		1048572		17752		1030820
[19:55:56]		1048572		17752		1030820
[19:55:59]		1048572		17752		1030820
[19:56:02]		1048572		17752		1030820
[19:56:05]		1048572		17752		1030820
[19:56:08]		1048572		17752		1030820
[19:56:11]		1048572		17752		1030820
[19:56:14]		1048572		17752		1030820
[19:56:17]		1048572		17752		1030820
[19:56:20]		1048572		17752		1030820
[19:56:23]		1048572		17752		1030820
[19:56:26]		1048572		17752		1030820
[19:56:29]		1048572		17752		1030820
[19:56:32]		1048572		17752		1030820
[19:56:35]		1048572		17772		1030800
[19:56:38]		1048572		18068		1030504
[19:56:41]		1048572		18068		1030504
[19:56:44]		1048572		18068		1030504
[19:56:47]		1048572		18068		1030504
[19:56:50]		1048572		18068		1030504
[19:56:53]		1048572		18068		1030504
[19:56:56]		1048572		18068		1030504
[19:56:59]		1048572		18068		1030504
[19:57:02]		1048572		18068		1030504
[19:57:05]		1048572		18068		1030504
[19:57:08]		1048572		18068		1030504
[19:57:11]		1048572		18068		1030504
[19:57:14]		1048572		18068		1030504
[19:57:17]		1048572		18068		1030504
[19:57:20]		1048572		18068		1030504
[19:57:23]		1048572		18068		1030504
[19:57:26]		1048572		18068		1030504
[19:57:29]		1048572		18068		1030504
[19:57:32]		1048572		18068		1030504
[19:57:35]		1048572		18068		1030504
[19:57:38]		1048572		18068		1030504
[19:57:41]		1048572		18068		1030504
[19:57:44]		1048572		18068		1030504
[19:57:47]		1048572		18068		1030504
[19:57:50]		1048572		18068		1030504
[19:57:53]		1048572		18068		1030504
[19:57:56]		1048572		18068		1030504
[19:57:59]		1048572		18068		1030504
[19:58:02]		1048572		18068		1030504
[19:58:05]		1048572		18068		1030504
[19:58:08]		1048572		18068		1030504
[19:58:11]		1048572		18068		1030504
[19:58:14]		1048572		18068		1030504
[19:58:17]		1048572		18068		1030504
[19:58:20]		1048572		18068		1030504
[19:58:23]		1048572		18068		1030504
[19:58:26]		1048572		18068		1030504
[19:58:29]		1048572		18068		1030504
[19:58:32]		1048572		18068		1030504
[19:58:35]		1048572		18068		1030504
[19:58:38]		1048572		18068		1030504
[19:58:41]		1048572		18068		1030504
[19:58:44]		1048572		18068		1030504
[19:58:47]		1048572		18068		1030504
[19:58:50]		1048572		18068		1030504
[19:58:53]		1048572		18068		1030504
[19:58:56]		1048572		18068		1030504
[19:58:59]		1048572		18064		1030508
[19:59:02]		1048572		18064		1030508
[19:59:05]		1048572		18064		1030508
[19:59:08]		1048572		18064		1030508
[19:59:11]		1048572		18064		1030508
[19:59:14]		1048572		18064		1030508
[19:59:17]		1048572		18064		1030508
[19:59:20]		1048572		18064		1030508
[19:59:23]		1048572		18064		1030508
[19:59:26]		1048572		18064		1030508
[19:59:29]		1048572		18064		1030508
[19:59:32]		1048572		18064		1030508
[19:59:35]		1048572		18064		1030508
[19:59:38]		1048572		18064		1030508
[19:59:41]		1048572		18064		1030508
[19:59:44]		1048572		18064		1030508
[19:59:47]		1048572		18064		1030508
[19:59:50]		1048572		18064		1030508
[19:59:53]		1048572		18064		1030508
[19:59:56]		1048572		18064		1030508
[19:59:59]		1048572		18064		1030508
[20:00:02]		1048572		18064		1030508
[20:00:05]		1048572		18064		1030508
[20:00:08]		1048572		18064		1030508
[20:00:11]		1048572		18064		1030508
[20:00:14]		1048572		18064		1030508
[20:00:17]		1048572		18064		1030508
[20:00:20]		1048572		18064		1030508
[20:00:23]		1048572		18064		1030508
[20:00:26]		1048572		18060		1030512
[20:00:29]		1048572		18060		1030512
[20:00:32]		1048572		18060		1030512
[20:00:35]		1048572		18060		1030512
[20:00:38]		1048572		18056		1030516
[20:00:41]		1048572		18056		1030516
[20:00:44]		1048572		18056		1030516
[20:00:47]		1048572		18056		1030516
[20:00:50]		1048572		18056		1030516
[20:00:53]		1048572		18056		1030516
[20:00:56]		1048572		18056		1030516
[20:00:59]		1048572		18056		1030516
[20:01:02]		1048572		18056		1030516
[20:01:05]		1048572		18056		1030516
[20:01:08]		1048572		18056		1030516
[20:01:11]		1048572		18056		1030516
[20:01:14]		1048572		18056		1030516
[20:01:17]		1048572		18056		1030516
[20:01:20]		1048572		18056		1030516
[20:01:23]		1048572		18056		1030516
[20:01:26]		1048572		18056		1030516
[20:01:29]		1048572		18056		1030516
[20:01:32]		1048572		18056		1030516
[20:01:35]		1048572		18056		1030516
[20:01:38]		1048572		18056		1030516
[20:01:41]		1048572		18056		1030516
[20:01:44]		1048572		18056		1030516
[20:01:47]		1048572		18056		1030516
[20:01:50]		1048572		18056		1030516
[20:01:53]		1048572		18052		1030520
[20:01:56]		1048572		18052		1030520
[20:01:59]		1048572		18052		1030520
[20:02:02]		1048572		18052		1030520
[20:02:05]		1048572		18052		1030520
[20:02:08]		1048572		18052		1030520
[20:02:11]		1048572		18052		1030520
[20:02:14]		1048572		18052		1030520
[20:02:17]		1048572		18052		1030520
[20:02:20]		1048572		18052		1030520
[20:02:23]		1048572		18052		1030520
[20:02:26]		1048572		18052		1030520
[20:02:29]		1048572		18052		1030520
[20:02:32]		1048572		18052		1030520
[20:02:35]		1048572		18052		1030520
[20:02:38]		1048572		18052		1030520
[20:02:41]		1048572		18052		1030520
[20:02:44]		1048572		18052		1030520
[20:02:47]		1048572		18052		1030520
[20:02:50]		1048572		18048		1030524
[20:02:53]		1048572		18048		1030524
[20:02:56]		1048572		18048		1030524
[20:02:59]		1048572		18048		1030524
[20:03:02]		1048572		18048		1030524
[20:03:05]		1048572		18048		1030524
[20:03:08]		1048572		18048		1030524
[20:03:11]		1048572		18048		1030524
[20:03:14]		1048572		18048		1030524
[20:03:17]		1048572		18048		1030524
[20:03:20]		1048572		18048		1030524
[20:03:23]		1048572		18048		1030524
[20:03:26]		1048572		18048		1030524
[20:03:29]		1048572		18048		1030524
[20:03:32]		1048572		18048		1030524
[20:03:35]		1048572		18048		1030524
[20:03:38]		1048572		18048		1030524
[20:03:41]		1048572		18048		1030524
[20:03:44]		1048572		18048		1030524
[20:03:47]		1048572		18048		1030524
[20:03:50]		1048572		18048		1030524
[20:03:53]		1048572		18048		1030524
[20:03:56]		1048572		18048		1030524
[20:03:59]		1048572		18048		1030524
[20:04:02]		1048572		18044		1030528
[20:04:05]		1048572		18044		1030528
[20:04:08]		1048572		18044		1030528
[20:04:11]		1048572		18044		1030528
[20:04:14]		1048572		18044		1030528
[20:04:17]		1048572		18044		1030528
[20:04:20]		1048572		18044		1030528
[20:04:23]		1048572		18044		1030528
[20:04:26]		1048572		18044		1030528
[20:04:29]		1048572		18044		1030528
[20:04:32]		1048572		18044		1030528
[20:04:35]		1048572		18044		1030528
[20:04:38]		1048572		18044		1030528
[20:04:41]		1048572		18044		1030528
[20:04:44]		1048572		18044		1030528
[20:04:47]		1048572		18044		1030528
[20:04:50]		1048572		18044		1030528
[20:04:53]		1048572		18044		1030528
[20:04:56]		1048572		18044		1030528
[20:04:59]		1048572		18044		1030528
[20:05:02]		1048572		18044		1030528
[20:05:05]		1048572		18044		1030528
[20:05:08]		1048572		18044		1030528
[20:05:11]		1048572		18044		1030528
[20:05:14]		1048572		18044		1030528
[20:05:17]		1048572		18044		1030528
[20:05:20]		1048572		18044		1030528
[20:05:23]		1048572		18044		1030528
[20:05:26]		1048572		18044		1030528
[20:05:29]		1048572		18044		1030528
[20:05:32]		1048572		18044		1030528
[20:05:35]		1048572		18044		1030528
[20:05:38]		1048572		18044		1030528
[20:05:41]		1048572		18044		1030528
[20:05:44]		1048572		18044		1030528
[20:05:47]		1048572		18044		1030528
[20:05:50]		1048572		18044		1030528
[20:05:53]		1048572		18044		1030528
[20:05:56]		1048572		18044		1030528
[20:05:59]		1048572		18044		1030528
[20:06:02]		1048572		18044		1030528
[20:06:05]		1048572		18044		1030528
[20:06:08]		1048572		18044		1030528
[20:06:11]		1048572		18044		1030528
[20:06:14]		1048572		18044		1030528
[20:06:17]		1048572		18044		1030528
[20:06:20]		1048572		18044		1030528
[20:06:23]		1048572		18044		1030528
[20:06:26]		1048572		18044		1030528
[20:06:29]		1048572		18044		1030528
[20:06:32]		1048572		18044		1030528
[20:06:35]		1048572		18044		1030528
[20:06:38]		1048572		18044		1030528
[20:06:41]		1048572		18044		1030528
[20:06:44]		1048572		18044		1030528
[20:06:47]		1048572		18044		1030528
[20:06:50]		1048572		18044		1030528
[20:06:53]		1048572		18044		1030528
[20:06:56]		1048572		18044		1030528
[20:06:59]		1048572		18044		1030528
[20:07:02]		1048572		18044		1030528
[20:07:05]		1048572		18044		1030528
[20:07:08]		1048572		18044		1030528
[20:07:11]		1048572		18044		1030528
[20:07:14]		1048572		18044		1030528
[20:07:17]		1048572		18044		1030528
[20:07:20]		1048572		18044		1030528
[20:07:23]		1048572		18044		1030528
[20:07:26]		1048572		18044		1030528
[20:07:29]		1048572		18044		1030528
[20:07:32]		1048572		18044		1030528
[20:07:35]		1048572		18044		1030528
[20:07:38]		1048572		18044		1030528
[20:07:41]		1048572		18044		1030528
[20:07:44]		1048572		18044		1030528
[20:07:48]		1048572		18044		1030528
[20:07:51]		1048572		18044		1030528
[20:07:54]		1048572		18044		1030528
[20:07:57]		1048572		18044		1030528
[20:08:00]		1048572		18044		1030528
[20:08:03]		1048572		18044		1030528
[20:08:06]		1048572		18044		1030528
[20:08:09]		1048572		18044		1030528
[20:08:12]		1048572		18044		1030528
[20:08:15]		1048572		18044		1030528
[20:08:18]		1048572		18044		1030528
[20:08:21]		1048572		18044		1030528
[20:08:24]		1048572		18044		1030528
[20:08:27]		1048572		18044		1030528
[20:08:30]		1048572		18044		1030528
[20:08:33]		1048572		18044		1030528
[20:08:36]		1048572		18044		1030528
[20:08:39]		1048572		18044		1030528
[20:08:42]		1048572		18044		1030528
[20:08:45]		1048572		18044		1030528
[20:08:48]		1048572		18044		1030528
[20:08:51]		1048572		18044		1030528
[20:08:54]		1048572		18044		1030528
[20:08:57]		1048572		18044		1030528
[20:09:00]		1048572		18044		1030528
[20:09:03]		1048572		18040		1030532
[20:09:06]		1048572		18040		1030532
[20:09:09]		1048572		18040		1030532
[20:09:12]		1048572		18040		1030532
[20:09:15]		1048572		18040		1030532
[20:09:18]		1048572		18040		1030532
[20:09:21]		1048572		18040		1030532
[20:09:24]		1048572		18040		1030532
[20:09:27]		1048572		18040		1030532
[20:09:30]		1048572		18040		1030532
[20:09:33]		1048572		18040		1030532
[20:09:36]		1048572		18040		1030532
[20:09:39]		1048572		18040		1030532
[20:09:42]		1048572		18040		1030532
[20:09:45]		1048572		18040		1030532
[20:09:48]		1048572		18040		1030532
[20:09:51]		1048572		18040		1030532
[20:09:54]		1048572		18040		1030532
[20:09:57]		1048572		18040		1030532
[20:10:00]		1048572		18040		1030532
[20:10:03]		1048572		18040		1030532
[20:10:06]		1048572		18040		1030532
[20:10:09]		1048572		18040		1030532
[20:10:12]		1048572		18040		1030532
[20:10:15]		1048572		18040		1030532
[20:10:18]		1048572		18040		1030532
[20:10:21]		1048572		18040		1030532
[20:10:24]		1048572		18040		1030532
[20:10:27]		1048572		18040		1030532
[20:10:30]		1048572		18040		1030532
[20:10:33]		1048572		18040		1030532
[20:10:36]		1048572		18040		1030532
[20:10:39]		1048572		18040		1030532
[20:10:42]		1048572		18040		1030532
[20:10:45]		1048572		18040		1030532
[20:10:48]		1048572		18040		1030532
[20:10:51]		1048572		18040		1030532
[20:10:54]		1048572		18040		1030532
[20:10:57]		1048572		18040		1030532
[20:11:00]		1048572		18040		1030532
[20:11:03]		1048572		18040		1030532
[20:11:06]		1048572		18040		1030532
[20:11:09]		1048572		18040		1030532
[20:11:12]		1048572		18040		1030532
[20:11:15]		1048572		18040		1030532
[20:11:18]		1048572		18040		1030532
[20:11:21]		1048572		18040		1030532
[20:11:24]		1048572		18040		1030532
[20:11:27]		1048572		18040		1030532
[20:11:30]		1048572		18040		1030532
[20:11:33]		1048572		18040		1030532
[20:11:36]		1048572		18040		1030532
[20:11:39]		1048572		18040		1030532
[20:11:42]		1048572		18040		1030532
[20:11:45]		1048572		18040		1030532
[20:11:48]		1048572		18040		1030532
[20:11:51]		1048572		18040		1030532
[20:11:54]		1048572		18040		1030532
[20:11:57]		1048572		18040		1030532
[20:12:00]		1048572		18040		1030532
[20:12:03]		1048572		18040		1030532
[20:12:06]		1048572		18040		1030532
[20:12:09]		1048572		18040		1030532
[20:12:12]		1048572		18040		1030532
[20:12:15]		1048572		18040		1030532
[20:12:18]		1048572		18040		1030532
[20:12:21]		1048572		18040		1030532
[20:12:24]		1048572		18040		1030532
[20:12:27]		1048572		18040		1030532
[20:12:30]		1048572		18040		1030532
[20:12:33]		1048572		18040		1030532
[20:12:36]		1048572		18040		1030532
[20:12:39]		1048572		18040		1030532
[20:12:42]		1048572		18040		1030532
[20:12:45]		1048572		18040		1030532
[20:12:48]		1048572		18040		1030532
[20:12:51]		1048572		18040		1030532
[20:12:54]		1048572		18040		1030532
[20:12:57]		1048572		18040		1030532
[20:13:00]		1048572		18040		1030532
[20:13:03]		1048572		18040		1030532
[20:13:06]		1048572		18040		1030532
[20:13:09]		1048572		18040		1030532
[20:13:12]		1048572		18040		1030532
[20:13:15]		1048572		18040		1030532
[20:13:18]		1048572		18040		1030532
[20:13:21]		1048572		18040		1030532
[20:13:24]		1048572		18040		1030532
[20:13:27]		1048572		18040		1030532
[20:13:30]		1048572		18040		1030532
[20:13:33]		1048572		18040		1030532
[20:13:36]		1048572		18040		1030532
[20:13:39]		1048572		18040		1030532
[20:13:42]		1048572		18040		1030532
[20:13:45]		1048572		18040		1030532
[20:13:49]		1048572		18040		1030532
[20:13:52]		1048572		18040		1030532
[20:13:55]		1048572		18040		1030532
[20:13:58]		1048572		18040		1030532
[20:14:01]		1048572		18040		1030532
[20:14:04]		1048572		18040		1030532
[20:14:07]		1048572		18040		1030532
[20:14:10]		1048572		18040		1030532
[20:14:13]		1048572		18040		1030532
[20:14:16]		1048572		18040		1030532
[20:14:19]		1048572		18040		1030532
[20:14:22]		1048572		18040		1030532
[20:14:25]		1048572		18040		1030532
[20:14:28]		1048572		18040		1030532
[20:14:31]		1048572		18036		1030536
[20:14:34]		1048572		18036		1030536
[20:14:37]		1048572		18036		1030536
[20:14:40]		1048572		18036		1030536
[20:14:43]		1048572		18036		1030536
[20:14:46]		1048572		18036		1030536
[20:14:49]		1048572		18036		1030536
[20:14:52]		1048572		18036		1030536
[20:14:55]		1048572		18036		1030536
[20:14:58]		1048572		18036		1030536
[20:15:01]		1048572		18036		1030536
[20:15:04]		1048572		18036		1030536
[20:15:07]		1048572		18036		1030536
[20:15:10]		1048572		18036		1030536
[20:15:13]		1048572		18036		1030536
[20:15:16]		1048572		18036		1030536
[20:15:19]		1048572		18036		1030536
[20:15:22]		1048572		18036		1030536
[20:15:25]		1048572		18036		1030536
[20:15:28]		1048572		18036		1030536
[20:15:31]		1048572		18036		1030536
[20:15:34]		1048572		18036		1030536
[20:15:37]		1048572		18036		1030536
[20:15:40]		1048572		18036		1030536
[20:15:43]		1048572		18036		1030536
[20:15:46]		1048572		18036		1030536
[20:15:49]		1048572		18036		1030536
[20:15:52]		1048572		18036		1030536
[20:15:55]		1048572		18036		1030536
[20:15:58]		1048572		18036		1030536
[20:16:01]		1048572		18036		1030536
[20:16:04]		1048572		18036		1030536
[20:16:07]		1048572		18036		1030536
[20:16:10]		1048572		18036		1030536
[20:16:13]		1048572		18036		1030536
[20:16:16]		1048572		18036		1030536
[20:16:19]		1048572		18036		1030536
[20:16:22]		1048572		18036		1030536
[20:16:25]		1048572		18036		1030536
[20:16:28]		1048572		18036		1030536
[20:16:31]		1048572		18036		1030536
[20:16:34]		1048572		18036		1030536
[20:16:37]		1048572		18036		1030536
[20:16:40]		1048572		18036		1030536
[20:16:43]		1048572		18036		1030536
[20:16:46]		1048572		18036		1030536
[20:16:49]		1048572		18036		1030536
[20:16:52]		1048572		18036		1030536
[20:16:55]		1048572		18036		1030536
[20:16:58]		1048572		18036		1030536
[20:17:01]		1048572		18036		1030536
[20:17:04]		1048572		18036		1030536
[20:17:07]		1048572		18036		1030536
[20:17:10]		1048572		18036		1030536
[20:17:13]		1048572		18036		1030536
[20:17:16]		1048572		18036		1030536
[20:17:19]		1048572		18036		1030536
[20:17:22]		1048572		18036		1030536
[20:17:25]		1048572		18036		1030536
[20:17:28]		1048572		18036		1030536
[20:17:31]		1048572		18036		1030536
[20:17:34]		1048572		18036		1030536
[20:17:37]		1048572		18036		1030536
[20:17:40]		1048572		18036		1030536
[20:17:43]		1048572		18036		1030536
[20:17:46]		1048572		18036		1030536
[20:17:49]		1048572		18036		1030536
[20:17:52]		1048572		18036		1030536
[20:17:55]		1048572		18036		1030536
[20:17:58]		1048572		18036		1030536
[20:18:01]		1048572		18036		1030536
[20:18:04]		1048572		18036		1030536
[20:18:07]		1048572		18036		1030536
[20:18:10]		1048572		18036		1030536
[20:18:13]		1048572		18036		1030536
[20:18:16]		1048572		18036		1030536
[20:18:19]		1048572		18036		1030536
[20:18:22]		1048572		18036		1030536
[20:18:25]		1048572		18036		1030536
[20:18:28]		1048572		18036		1030536
[20:18:31]		1048572		18036		1030536
[20:18:34]		1048572		18036		1030536
[20:18:37]		1048572		18036		1030536
[20:18:40]		1048572		18036		1030536
[20:18:43]		1048572		18036		1030536
[20:18:46]		1048572		18036		1030536
[20:18:49]		1048572		18036		1030536
[20:18:52]		1048572		18036		1030536
[20:18:55]		1048572		18036		1030536
[20:18:58]		1048572		18036		1030536
[20:19:01]		1048572		18036		1030536
[20:19:04]		1048572		18036		1030536
[20:19:07]		1048572		18036		1030536
[20:19:10]		1048572		18036		1030536
[20:19:13]		1048572		18036		1030536
[20:19:16]		1048572		18036		1030536
[20:19:19]		1048572		18036		1030536
[20:19:22]		1048572		18036		1030536
[20:19:25]		1048572		18036		1030536
[20:19:28]		1048572		18036		1030536
[20:19:31]		1048572		18036		1030536
[20:19:34]		1048572		18036		1030536
[20:19:37]		1048572		18036		1030536
[20:19:40]		1048572		18036		1030536
[20:19:43]		1048572		18036		1030536
[20:19:46]		1048572		18036		1030536
[20:19:49]		1048572		18036		1030536
[20:19:52]		1048572		18036		1030536
[20:19:55]		1048572		18036		1030536
[20:19:58]		1048572		18036		1030536
[20:20:01]		1048572		18036		1030536
[20:20:04]		1048572		18036		1030536
[20:20:07]		1048572		18036		1030536
[20:20:10]		1048572		18036		1030536
[20:20:13]		1048572		18036		1030536
[20:20:16]		1048572		18036		1030536
[20:20:19]		1048572		18036		1030536
[20:20:22]		1048572		18036		1030536
[20:20:25]		1048572		18036		1030536
[20:20:28]		1048572		18036		1030536
[20:20:31]		1048572		18036		1030536
[20:20:34]		1048572		18036		1030536
[20:20:37]		1048572		18036		1030536
[20:20:40]		1048572		18036		1030536
[20:20:43]		1048572		18036		1030536
[20:20:46]		1048572		18036		1030536
[20:20:49]		1048572		18036		1030536
[20:20:52]		1048572		18036		1030536
[20:20:55]		1048572		18036		1030536
[20:20:58]		1048572		18036		1030536
[20:21:01]		1048572		18036		1030536
[20:21:04]		1048572		18036		1030536
[20:21:07]		1048572		18036		1030536
[20:21:10]		1048572		18036		1030536
[20:21:13]		1048572		18036		1030536
[20:21:16]		1048572		18036		1030536
[20:21:19]		1048572		18036		1030536
[20:21:22]		1048572		18036		1030536
[20:21:25]		1048572		18036		1030536
[20:21:28]		1048572		18036		1030536
[20:21:31]		1048572		18036		1030536
[20:21:34]		1048572		18036		1030536
[20:21:37]		1048572		18036		1030536
[20:21:40]		1048572		18036		1030536
[20:21:43]		1048572		18036		1030536
[20:21:46]		1048572		18036		1030536
[20:21:49]		1048572		18036		1030536
[20:21:52]		1048572		18036		1030536
[20:21:55]		1048572		18036		1030536
[20:21:58]		1048572		18036		1030536
[20:22:01]		1048572		18036		1030536
[20:22:04]		1048572		18036		1030536
[20:22:07]		1048572		18036		1030536
[20:22:10]		1048572		18036		1030536
[20:22:13]		1048572		18036		1030536
[20:22:16]		1048572		18036		1030536
[20:22:19]		1048572		18036		1030536
[20:22:22]		1048572		18036		1030536
[20:22:25]		1048572		18036		1030536
[20:22:28]		1048572		18036		1030536
[20:22:31]		1048572		18036		1030536
[20:22:34]		1048572		18036		1030536
[20:22:37]		1048572		18036		1030536
[20:22:40]		1048572		18036		1030536
[20:22:43]		1048572		18036		1030536
[20:22:46]		1048572		18036		1030536
[20:22:49]		1048572		18036		1030536
[20:22:52]		1048572		18036		1030536
[20:22:55]		1048572		18036		1030536
[20:22:58]		1048572		18036		1030536
[20:23:01]		1048572		18036		1030536
[20:23:04]		1048572		18036		1030536
[20:23:07]		1048572		18036		1030536
[20:23:10]		1048572		18036		1030536
[20:23:13]		1048572		18036		1030536
[20:23:16]		1048572		18036		1030536
[20:23:19]		1048572		18036		1030536
[20:23:22]		1048572		18036		1030536
[20:23:25]		1048572		18036		1030536
[20:23:28]		1048572		18036		1030536
[20:23:31]		1048572		18036		1030536
[20:23:34]		1048572		18036		1030536
[20:23:37]		1048572		18036		1030536
[20:23:40]		1048572		18036		1030536
[20:23:43]		1048572		18036		1030536
[20:23:46]		1048572		18036		1030536
[20:23:50]		1048572		18036		1030536
[20:23:53]		1048572		18036		1030536
[20:23:56]		1048572		18036		1030536
[20:23:59]		1048572		18036		1030536
[20:24:02]		1048572		18036		1030536
[20:24:05]		1048572		18036		1030536
[20:24:08]		1048572		18036		1030536
[20:24:11]		1048572		18036		1030536
[20:24:14]		1048572		18036		1030536
[20:24:17]		1048572		18036		1030536
[20:24:20]		1048572		18036		1030536
[20:24:23]		1048572		18036		1030536
[20:24:26]		1048572		18036		1030536
[20:24:29]		1048572		18036		1030536
[20:24:32]		1048572		18036		1030536
[20:24:35]		1048572		18036		1030536
[20:24:38]		1048572		18036		1030536
[20:24:41]		1048572		18036		1030536
[20:24:44]		1048572		18036		1030536
[20:24:47]		1048572		18036		1030536
[20:24:50]		1048572		18036		1030536
[20:24:53]		1048572		18036		1030536
[20:24:56]		1048572		18036		1030536
[20:24:59]		1048572		18036		1030536
[20:25:02]		1048572		18036		1030536
[20:25:05]		1048572		18036		1030536
[20:25:08]		1048572		18036		1030536
[20:25:11]		1048572		18036		1030536
[20:25:14]		1048572		18036		1030536
[20:25:17]		1048572		18036		1030536
[20:25:20]		1048572		18036		1030536
[20:25:23]		1048572		18036		1030536
[20:25:26]		1048572		18036		1030536
[20:25:29]		1048572		18036		1030536
[20:25:32]		1048572		18036		1030536
[20:25:35]		1048572		18036		1030536
[20:25:38]		1048572		18036		1030536
[20:25:41]		1048572		18036		1030536
[20:25:44]		1048572		18036		1030536
[20:25:47]		1048572		18036		1030536
[20:25:50]		1048572		18036		1030536
[20:25:53]		1048572		18036		1030536
[20:25:56]		1048572		18036		1030536
[20:25:59]		1048572		18036		1030536
[20:26:02]		1048572		18036		1030536
[20:26:05]		1048572		18036		1030536
[20:26:08]		1048572		18036		1030536
[20:26:11]		1048572		18036		1030536
[20:26:14]		1048572		18036		1030536
[20:26:17]		1048572		18036		1030536
[20:26:20]		1048572		18036		1030536
[20:26:23]		1048572		18036		1030536
[20:26:26]		1048572		18036		1030536
[20:26:29]		1048572		18036		1030536
[20:26:32]		1048572		18036		1030536
[20:26:35]		1048572		18036		1030536
[20:26:38]		1048572		18036		1030536
[20:26:41]		1048572		18036		1030536
[20:26:44]		1048572		18036		1030536
[20:26:47]		1048572		18036		1030536
[20:26:50]		1048572		18036		1030536
[20:26:53]		1048572		18036		1030536
[20:26:56]		1048572		18036		1030536
[20:26:59]		1048572		18036		1030536
[20:27:02]		1048572		18036		1030536
[20:27:05]		1048572		18036		1030536
[20:27:08]		1048572		18036		1030536
[20:27:11]		1048572		18036		1030536
[20:27:14]		1048572		18036		1030536
[20:27:17]		1048572		18036		1030536
[20:27:20]		1048572		18036		1030536
[20:27:23]		1048572		18036		1030536
[20:27:26]		1048572		18036		1030536
[20:27:29]		1048572		18036		1030536
[20:27:32]		1048572		18036		1030536
[20:27:35]		1048572		18036		1030536
[20:27:38]		1048572		18036		1030536
[20:27:41]		1048572		18036		1030536
[20:27:44]		1048572		18036		1030536
[20:27:47]		1048572		18036		1030536
[20:27:50]		1048572		18036		1030536
[20:27:53]		1048572		18036		1030536
[20:27:56]		1048572		18036		1030536
[20:27:59]		1048572		18036		1030536
[20:28:02]		1048572		18036		1030536
[20:28:05]		1048572		18036		1030536
[20:28:08]		1048572		18036		1030536
[20:28:11]		1048572		18036		1030536
[20:28:14]		1048572		18036		1030536
[20:28:17]		1048572		18036		1030536
[20:28:20]		1048572		18036		1030536
[20:28:23]		1048572		18036		1030536
[20:28:26]		1048572		18036		1030536
[20:28:29]		1048572		18036		1030536
[20:28:32]		1048572		18036		1030536
[20:28:35]		1048572		18036		1030536
[20:28:38]		1048572		18036		1030536
[20:28:41]		1048572		18036		1030536
[20:28:44]		1048572		18036		1030536
[20:28:47]		1048572		18036		1030536
[20:28:50]		1048572		18036		1030536
[20:28:53]		1048572		18036		1030536
[20:28:56]		1048572		18036		1030536
[20:28:59]		1048572		18036		1030536
[20:29:02]		1048572		18036		1030536
[20:29:05]		1048572		18036		1030536
[20:29:08]		1048572		18036		1030536
[20:29:11]		1048572		18036		1030536
[20:29:14]		1048572		18036		1030536
[20:29:17]		1048572		18036		1030536
[20:29:20]		1048572		18036		1030536
[20:29:23]		1048572		18036		1030536
[20:29:26]		1048572		18036		1030536
[20:29:29]		1048572		18036		1030536
[20:29:32]		1048572		18036		1030536
[20:29:35]		1048572		18036		1030536
[20:29:38]		1048572		18036		1030536
[20:29:41]		1048572		18036		1030536
[20:29:44]		1048572		18036		1030536
[20:29:47]		1048572		18036		1030536
[20:29:50]		1048572		18036		1030536
[20:29:53]		1048572		18036		1030536
[20:29:56]		1048572		18036		1030536
[20:29:59]		1048572		18036		1030536
[20:30:02]		1048572		18036		1030536
[20:30:05]		1048572		18036		1030536
[20:30:08]		1048572		18036		1030536
[20:30:11]		1048572		18036		1030536
[20:30:14]		1048572		18036		1030536
[20:30:17]		1048572		18036		1030536
[20:30:20]		1048572		18036		1030536
[20:30:23]		1048572		18036		1030536
[20:30:26]		1048572		18036		1030536
[20:30:29]		1048572		18036		1030536
[20:30:32]		1048572		18036		1030536
[20:30:35]		1048572		18036		1030536
[20:30:38]		1048572		18036		1030536
[20:30:41]		1048572		18036		1030536
[20:30:44]		1048572		18036		1030536
[20:30:47]		1048572		18036		1030536
[20:30:50]		1048572		18036		1030536
[20:30:53]		1048572		18036		1030536
[20:30:56]		1048572		18036		1030536
[20:30:59]		1048572		18036		1030536
[20:31:02]		1048572		18036		1030536
[20:31:05]		1048572		18036		1030536
[20:31:08]		1048572		18036		1030536
[20:31:11]		1048572		18036		1030536
[20:31:14]		1048572		18036		1030536
[20:31:17]		1048572		18036		1030536
[20:31:20]		1048572		18036		1030536
[20:31:23]		1048572		18036		1030536
[20:31:26]		1048572		18036		1030536
[20:31:29]		1048572		18036		1030536
[20:31:32]		1048572		18036		1030536
[20:31:35]		1048572		18036		1030536
[20:31:38]		1048572		18036		1030536
[20:31:41]		1048572		18036		1030536
[20:31:44]		1048572		18036		1030536
[20:31:47]		1048572		18036		1030536
[20:31:50]		1048572		18036		1030536
[20:31:53]		1048572		18036		1030536
[20:31:56]		1048572		18036		1030536
[20:31:59]		1048572		18036		1030536
[20:32:02]		1048572		18036		1030536
[20:32:05]		1048572		18036		1030536
[20:32:08]		1048572		18036		1030536
[20:32:11]		1048572		18036		1030536
[20:32:14]		1048572		18036		1030536
[20:32:17]		1048572		18036		1030536
[20:32:20]		1048572		18036		1030536
[20:32:23]		1048572		18036		1030536
[20:32:26]		1048572		18036		1030536
[20:32:29]		1048572		18036		1030536
[20:32:32]		1048572		18036		1030536
[20:32:35]		1048572		18036		1030536
[20:32:38]		1048572		18036		1030536
[20:32:41]		1048572		18036		1030536
[20:32:44]		1048572		18036		1030536
[20:32:47]		1048572		18036		1030536
[20:32:50]		1048572		18036		1030536
[20:32:53]		1048572		18036		1030536
[20:32:56]		1048572		18036		1030536
[20:32:59]		1048572		18036		1030536
[20:33:02]		1048572		18036		1030536
[20:33:05]		1048572		18036		1030536
[20:33:08]		1048572		18036		1030536
[20:33:11]		1048572		18036		1030536
[20:33:14]		1048572		18036		1030536
[20:33:17]		1048572		18036		1030536
[20:33:20]		1048572		18036		1030536
[20:33:23]		1048572		18036		1030536
[20:33:26]		1048572		18036		1030536
[20:33:29]		1048572		18036		1030536
[20:33:32]		1048572		18036		1030536
[20:33:35]		1048572		18036		1030536
[20:33:38]		1048572		18036		1030536
[20:33:41]		1048572		18036		1030536
[20:33:44]		1048572		18036		1030536
[20:33:47]		1048572		18036		1030536
[20:33:50]		1048572		18036		1030536
[20:33:53]		1048572		18036		1030536
[20:33:56]		1048572		18036		1030536
[20:33:59]		1048572		18036		1030536
[20:34:02]		1048572		18036		1030536
[20:34:05]		1048572		18036		1030536
[20:34:08]		1048572		18036		1030536
[20:34:11]		1048572		18036		1030536
[20:34:14]		1048572		18036		1030536
[20:34:17]		1048572		18036		1030536
[20:34:20]		1048572		18036		1030536
[20:34:23]		1048572		18036		1030536
[20:34:26]		1048572		18036		1030536
[20:34:29]		1048572		18036		1030536
[20:34:32]		1048572		18036		1030536
[20:34:35]		1048572		18036		1030536
[20:34:38]		1048572		18036		1030536
[20:34:41]		1048572		18036		1030536
[20:34:44]		1048572		18036		1030536
[20:34:47]		1048572		18036		1030536
[20:34:50]		1048572		18036		1030536
[20:34:53]		1048572		18036		1030536
[20:34:56]		1048572		18036		1030536
[20:34:59]		1048572		18036		1030536
[20:35:02]		1048572		18036		1030536
[20:35:05]		1048572		18036		1030536
[20:35:08]		1048572		18036		1030536
[20:35:11]		1048572		18036		1030536
[20:35:14]		1048572		18036		1030536
[20:35:17]		1048572		18036		1030536
[20:35:20]		1048572		18036		1030536
[20:35:23]		1048572		18036		1030536
[20:35:26]		1048572		18036		1030536
[20:35:29]		1048572		18036		1030536
[20:35:32]		1048572		18036		1030536
[20:35:35]		1048572		18036		1030536
[20:35:38]		1048572		18036		1030536
[20:35:41]		1048572		18036		1030536
[20:35:44]		1048572		18036		1030536
[20:35:47]		1048572		18036		1030536
[20:35:50]		1048572		18036		1030536
[20:35:53]		1048572		18036		1030536
[20:35:56]		1048572		18036		1030536
[20:35:59]		1048572		18036		1030536
[20:36:02]		1048572		18036		1030536
[20:36:05]		1048572		18036		1030536
[20:36:08]		1048572		18036		1030536
[20:36:11]		1048572		18036		1030536
[20:36:14]		1048572		18036		1030536
[20:36:17]		1048572		18036		1030536
[20:36:20]		1048572		18036		1030536
[20:36:23]		1048572		18036		1030536
[20:36:26]		1048572		18036		1030536
[20:36:29]		1048572		18036		1030536
[20:36:32]		1048572		18036		1030536
[20:36:35]		1048572		18036		1030536
[20:36:38]		1048572		18036		1030536
[20:36:41]		1048572		18036		1030536
[20:36:44]		1048572		18036		1030536
[20:36:47]		1048572		18036		1030536
[20:36:50]		1048572		18036		1030536
[20:36:53]		1048572		18036		1030536
[20:36:56]		1048572		18036		1030536
[20:36:59]		1048572		18036		1030536
[20:37:02]		1048572		18036		1030536
[20:37:05]		1048572		18036		1030536
[20:37:08]		1048572		18036		1030536
[20:37:11]		1048572		18036		1030536
[20:37:14]		1048572		18036		1030536
[20:37:17]		1048572		18036		1030536
[20:37:20]		1048572		18036		1030536
[20:37:23]		1048572		18036		1030536
[20:37:26]		1048572		18036		1030536
[20:37:29]		1048572		18036		1030536
[20:37:33]		1048572		18036		1030536
[20:37:36]		1048572		18036		1030536
[20:37:39]		1048572		18036		1030536
[20:37:42]		1048572		18036		1030536
[20:37:45]		1048572		18036		1030536
[20:37:48]		1048572		18036		1030536
[20:37:51]		1048572		18036		1030536
[20:37:54]		1048572		18036		1030536
[20:37:57]		1048572		18036		1030536
[20:38:00]		1048572		18036		1030536
[20:38:03]		1048572		18036		1030536
[20:38:06]		1048572		18036		1030536
[20:38:09]		1048572		18036		1030536
[20:38:12]		1048572		18036		1030536
[20:38:15]		1048572		18036		1030536
[20:38:18]		1048572		18036		1030536
[20:38:21]		1048572		18036		1030536
[20:38:24]		1048572		18036		1030536
[20:38:27]		1048572		18036		1030536
[20:38:30]		1048572		18036		1030536
[20:38:33]		1048572		18036		1030536
[20:38:36]		1048572		18036		1030536
[20:38:39]		1048572		18036		1030536
[20:38:42]		1048572		18036		1030536
[20:38:45]		1048572		18036		1030536
[20:38:48]		1048572		18036		1030536
[20:38:51]		1048572		18036		1030536
[20:38:54]		1048572		18036		1030536
[20:38:57]		1048572		18036		1030536
[20:39:00]		1048572		18036		1030536
[20:39:03]		1048572		18036		1030536
[20:39:06]		1048572		18036		1030536
[20:39:09]		1048572		18036		1030536
[20:39:12]		1048572		18036		1030536
[20:39:15]		1048572		18036		1030536
[20:39:18]		1048572		18036		1030536
[20:39:21]		1048572		18036		1030536
[20:39:24]		1048572		18036		1030536
[20:39:27]		1048572		18036		1030536
[20:39:30]		1048572		18036		1030536
[20:39:33]		1048572		18036		1030536
[20:39:36]		1048572		18036		1030536
[20:39:39]		1048572		18036		1030536
[20:39:42]		1048572		18036		1030536
[20:39:45]		1048572		18036		1030536
[20:39:48]		1048572		18036		1030536
[20:39:51]		1048572		18036		1030536
[20:39:54]		1048572		18036		1030536
[20:39:57]		1048572		18036		1030536
[20:40:00]		1048572		18036		1030536
[20:40:03]		1048572		18036		1030536
[20:40:06]		1048572		18036		1030536
[20:40:09]		1048572		18036		1030536
[20:40:12]		1048572		18036		1030536
[20:40:15]		1048572		18036		1030536
[20:40:18]		1048572		18036		1030536
[20:40:21]		1048572		18036		1030536
[20:40:24]		1048572		18036		1030536
[20:40:27]		1048572		18036		1030536
[20:40:30]		1048572		18036		1030536
[20:40:33]		1048572		18036		1030536
[20:40:36]		1048572		18036		1030536
[20:40:39]		1048572		18036		1030536
[20:40:42]		1048572		18036		1030536
[20:40:45]		1048572		18036		1030536
[20:40:48]		1048572		18036		1030536
[20:40:51]		1048572		18036		1030536
[20:40:54]		1048572		18036		1030536
[20:40:57]		1048572		18036		1030536
[20:41:00]		1048572		18036		1030536
[20:41:03]		1048572		18036		1030536
[20:41:06]		1048572		18036		1030536
[20:41:09]		1048572		18036		1030536
[20:41:12]		1048572		18036		1030536
[20:41:15]		1048572		18036		1030536
[20:41:18]		1048572		18036		1030536
[20:41:21]		1048572		18036		1030536
[20:41:24]		1048572		18036		1030536
[20:41:27]		1048572		18036		1030536
[20:41:30]		1048572		18036		1030536
[20:41:33]		1048572		18036		1030536
[20:41:36]		1048572		18036		1030536
[20:41:39]		1048572		18036		1030536
[20:41:42]		1048572		18036		1030536
[20:41:45]		1048572		18036		1030536
[20:41:48]		1048572		18036		1030536
[20:41:51]		1048572		18036		1030536
[20:41:54]		1048572		18036		1030536
[20:41:57]		1048572		18036		1030536
[20:42:00]		1048572		18036		1030536
[20:42:03]		1048572		18036		1030536
[20:42:06]		1048572		18036		1030536
[20:42:09]		1048572		18036		1030536
[20:42:12]		1048572		18036		1030536
[20:42:15]		1048572		18036		1030536
[20:42:18]		1048572		18036		1030536
[20:42:21]		1048572		18036		1030536
[20:42:24]		1048572		18036		1030536
[20:42:27]		1048572		18036		1030536
[20:42:30]		1048572		18036		1030536
[20:42:33]		1048572		18036		1030536
[20:42:36]		1048572		18036		1030536
[20:42:39]		1048572		18036		1030536
[20:42:42]		1048572		18036		1030536
[20:42:45]		1048572		18036		1030536
[20:42:48]		1048572		18036		1030536
[20:42:51]		1048572		18036		1030536
[20:42:54]		1048572		18036		1030536
[20:42:57]		1048572		18036		1030536
[20:43:00]		1048572		18036		1030536
[20:43:03]		1048572		18036		1030536
[20:43:06]		1048572		18036		1030536
[20:43:09]		1048572		18036		1030536
[20:43:12]		1048572		18036		1030536
[20:43:15]		1048572		18036		1030536
[20:43:18]		1048572		18036		1030536
[20:43:21]		1048572		18036		1030536
[20:43:24]		1048572		18036		1030536
[20:43:27]		1048572		18036		1030536
[20:43:30]		1048572		18036		1030536
[20:43:33]		1048572		18036		1030536
[20:43:36]		1048572		18036		1030536
[20:43:39]		1048572		18036		1030536
[20:43:42]		1048572		18036		1030536
[20:43:45]		1048572		18036		1030536
[20:43:48]		1048572		18036		1030536
[20:43:51]		1048572		18036		1030536
[20:43:54]		1048572		18036		1030536
[20:43:57]		1048572		18036		1030536
[20:44:00]		1048572		18036		1030536
[20:44:03]		1048572		18036		1030536
[20:44:06]		1048572		18036		1030536
[20:44:09]		1048572		18036		1030536
[20:44:12]		1048572		18036		1030536
[20:44:15]		1048572		18036		1030536
[20:44:18]		1048572		18036		1030536
[20:44:21]		1048572		18036		1030536
[20:44:24]		1048572		18036		1030536
[20:44:27]		1048572		18036		1030536
[20:44:30]		1048572		18036		1030536
[20:44:33]		1048572		18036		1030536
[20:44:36]		1048572		18036		1030536
[20:44:39]		1048572		18036		1030536
[20:44:42]		1048572		18036		1030536
[20:44:45]		1048572		18036		1030536
[20:44:48]		1048572		18036		1030536
[20:44:51]		1048572		18036		1030536
[20:44:54]		1048572		18036		1030536
[20:44:57]		1048572		18036		1030536
[20:45:00]		1048572		18036		1030536
[20:45:03]		1048572		18036		1030536
[20:45:06]		1048572		18036		1030536
[20:45:09]		1048572		18036		1030536
[20:45:12]		1048572		18036		1030536
[20:45:15]		1048572		18036		1030536
[20:45:18]		1048572		18036		1030536
[20:45:21]		1048572		18036		1030536
[20:45:24]		1048572		18036		1030536
[20:45:27]		1048572		18036		1030536
[20:45:30]		1048572		18036		1030536
[20:45:33]		1048572		18036		1030536
[20:45:36]		1048572		18036		1030536
[20:45:39]		1048572		18036		1030536
[20:45:42]		1048572		18036		1030536
[20:45:45]		1048572		18036		1030536
[20:45:48]		1048572		18036		1030536
[20:45:51]		1048572		18036		1030536
[20:45:54]		1048572		18036		1030536
[20:45:57]		1048572		18036		1030536
[20:46:00]		1048572		18036		1030536
[20:46:03]		1048572		18036		1030536
[20:46:06]		1048572		18036		1030536
[20:46:09]		1048572		18036		1030536
[20:46:12]		1048572		18036		1030536
[20:46:15]		1048572		18036		1030536
[20:46:18]		1048572		18036		1030536
[20:46:21]		1048572		18036		1030536
[20:46:24]		1048572		18036		1030536
[20:46:27]		1048572		18036		1030536
[20:46:30]		1048572		18036		1030536
[20:46:33]		1048572		18036		1030536
[20:46:36]		1048572		18036		1030536
[20:46:39]		1048572		18036		1030536
[20:46:42]		1048572		18036		1030536
[20:46:45]		1048572		18036		1030536
[20:46:48]		1048572		18036		1030536
[20:46:51]		1048572		18036		1030536
[20:46:54]		1048572		18036		1030536
[20:46:57]		1048572		18036		1030536
[20:47:00]		1048572		18036		1030536
[20:47:03]		1048572		18036		1030536
[20:47:06]		1048572		18036		1030536
[20:47:09]		1048572		18036		1030536
[20:47:12]		1048572		18036		1030536
[20:47:15]		1048572		18036		1030536
[20:47:18]		1048572		18036		1030536
[20:47:21]		1048572		18036		1030536
[20:47:24]		1048572		18036		1030536
[20:47:27]		1048572		18036		1030536
[20:47:30]		1048572		18036		1030536
[20:47:33]		1048572		18036		1030536
[20:47:36]		1048572		18036		1030536
[20:47:39]		1048572		18036		1030536
[20:47:42]		1048572		18036		1030536
[20:47:45]		1048572		18036		1030536
[20:47:48]		1048572		18036		1030536
[20:47:51]		1048572		18036		1030536
[20:47:54]		1048572		18036		1030536
[20:47:58]		1048572		18036		1030536
[20:48:01]		1048572		18036		1030536
[20:48:04]		1048572		18036		1030536
[20:48:07]		1048572		18036		1030536
[20:48:10]		1048572		18036		1030536
[20:48:13]		1048572		18036		1030536
[20:48:16]		1048572		18036		1030536
[20:48:19]		1048572		18036		1030536
[20:48:22]		1048572		18036		1030536
[20:48:25]		1048572		18036		1030536
[20:48:28]		1048572		18036		1030536
[20:48:31]		1048572		18036		1030536
[20:48:34]		1048572		18036		1030536
[20:48:37]		1048572		18036		1030536
[20:48:40]		1048572		18036		1030536
[20:48:43]		1048572		18036		1030536
[20:48:46]		1048572		18036		1030536
[20:48:49]		1048572		18036		1030536
[20:48:52]		1048572		18036		1030536
[20:48:55]		1048572		18036		1030536
[20:48:58]		1048572		18036		1030536
[20:49:01]		1048572		18036		1030536
[20:49:04]		1048572		18036		1030536
[20:49:07]		1048572		18036		1030536
[20:49:10]		1048572		18036		1030536
[20:49:13]		1048572		18036		1030536
[20:49:16]		1048572		18036		1030536
[20:49:19]		1048572		18036		1030536
[20:49:22]		1048572		18036		1030536
[20:49:25]		1048572		18036		1030536
[20:49:28]		1048572		18036		1030536
[20:49:31]		1048572		18036		1030536
[20:49:34]		1048572		18036		1030536
[20:49:37]		1048572		18036		1030536
[20:49:40]		1048572		18036		1030536
[20:49:43]		1048572		18036		1030536
[20:49:46]		1048572		18036		1030536
[20:49:49]		1048572		18036		1030536
[20:49:52]		1048572		18036		1030536
[20:49:55]		1048572		18036		1030536
[20:49:58]		1048572		18036		1030536
[20:50:01]		1048572		18036		1030536
[20:50:04]		1048572		18036		1030536
[20:50:07]		1048572		18036		1030536
[20:50:10]		1048572		18036		1030536
[20:50:13]		1048572		18036		1030536
[20:50:16]		1048572		18036		1030536
[20:50:19]		1048572		18036		1030536
[20:50:22]		1048572		18036		1030536
[20:50:25]		1048572		18036		1030536
[20:50:28]		1048572		18036		1030536
[20:50:31]		1048572		18036		1030536
[20:50:34]		1048572		18036		1030536
[20:50:37]		1048572		18036		1030536
[20:50:40]		1048572		18036		1030536
[20:50:43]		1048572		18036		1030536
[20:50:46]		1048572		18036		1030536
[20:50:49]		1048572		18036		1030536
[20:50:52]		1048572		18036		1030536
[20:50:55]		1048572		18036		1030536
[20:50:58]		1048572		18036		1030536
[20:51:01]		1048572		18036		1030536
[20:51:04]		1048572		18036		1030536
[20:51:07]		1048572		18036		1030536
[20:51:10]		1048572		18036		1030536
[20:51:13]		1048572		18036		1030536
[20:51:16]		1048572		18036		1030536
[20:51:19]		1048572		18036		1030536
[20:51:22]		1048572		18036		1030536
[20:51:25]		1048572		18036		1030536
[20:51:28]		1048572		18036		1030536
[20:51:31]		1048572		18036		1030536
[20:51:34]		1048572		18036		1030536
[20:51:37]		1048572		18036		1030536
[20:51:40]		1048572		18036		1030536
[20:51:43]		1048572		18036		1030536
[20:51:46]		1048572		18036		1030536
[20:51:49]		1048572		18036		1030536
[20:51:52]		1048572		18036		1030536
[20:51:55]		1048572		18036		1030536
[20:51:58]		1048572		18036		1030536
[20:52:01]		1048572		18036		1030536
[20:52:04]		1048572		18036		1030536
[20:52:07]		1048572		18036		1030536
[20:52:10]		1048572		18036		1030536
[20:52:13]		1048572		18036		1030536
[20:52:16]		1048572		18036		1030536
[20:52:19]		1048572		18036		1030536
[20:52:22]		1048572		18036		1030536
[20:52:25]		1048572		18036		1030536
[20:52:28]		1048572		18036		1030536
[20:52:31]		1048572		18036		1030536
[20:52:34]		1048572		18036		1030536
[20:52:37]		1048572		18036		1030536
[20:52:40]		1048572		18036		1030536
[20:52:43]		1048572		18036		1030536
[20:52:46]		1048572		18036		1030536
[20:52:49]		1048572		18036		1030536
[20:52:52]		1048572		18036		1030536
[20:52:55]		1048572		18036		1030536
[20:52:58]		1048572		18036		1030536
[20:53:01]		1048572		18036		1030536
[20:53:04]		1048572		18036		1030536
[20:53:07]		1048572		18036		1030536
[20:53:10]		1048572		18036		1030536
[20:53:13]		1048572		18036		1030536
[20:53:16]		1048572		18036		1030536
[20:53:19]		1048572		18036		1030536
[20:53:22]		1048572		18036		1030536
[20:53:25]		1048572		18036		1030536
[20:53:28]		1048572		18036		1030536
[20:53:31]		1048572		18036		1030536
[20:53:34]		1048572		18036		1030536
[20:53:37]		1048572		18036		1030536
[20:53:40]		1048572		18036		1030536
[20:53:43]		1048572		18036		1030536
[20:53:46]		1048572		18036		1030536
[20:53:49]		1048572		18036		1030536
[20:53:52]		1048572		18036		1030536
[20:53:55]		1048572		18036		1030536
[20:53:58]		1048572		18036		1030536
[20:54:01]		1048572		18036		1030536
[20:54:04]		1048572		18036		1030536
[20:54:07]		1048572		18036		1030536
[20:54:10]		1048572		18036		1030536
[20:54:13]		1048572		18036		1030536
[20:54:16]		1048572		18036		1030536
[20:54:19]		1048572		17988		1030584
[20:54:22]		1048572		17988		1030584
