recorded by mmserver domain:[id:6 time:Wed Mar 27 18:25:11 2013
]
time		tg_mem		use_mem		free_mem		
18:25:13		524288		228204		296084		
18:25:15		524288		228204		296084		
18:25:17		524288		228204		296084		
18:25:19		524288		228204		296084		
18:25:21		524288		228204		296084		
18:25:23		524288		228204		296084		
18:25:25		524288		228204		296084		
18:25:27		524288		228204		296084		
18:25:29		524288		228204		296084		
18:25:31		524288		228204		296084		
18:25:33		524288		228204		296084		
18:25:35		524288		228204		296084		
18:25:37		524288		228204		296084		
18:25:39		524288		228204		296084		
18:25:41		524288		228204		296084		
18:25:43		524288		228204		296084		
18:25:45		524288		228204		296084		
18:25:47		524288		228204		296084		
18:25:49		524288		228204		296084		
18:25:51		496203		228019		268184		
18:25:53		492721		228009		264712		
18:25:55		476463		227995		248468		
18:25:57		469285		228009		241276		
18:25:59		464457		228149		236308		
18:26:01		458911		228059		230852		
18:26:03		454595		230843		223752		
18:26:05		449807		246611		203196		
18:26:07		450886		246946		203940		
18:26:09		442046		246414		195632		
18:26:11		438288		248144		190144		
18:26:13		431268		248316		182952		
18:26:15		427603		248247		179356		
18:26:17		421420		251832		169588		
18:26:19		421325		254753		166572		
18:26:22		405381		252201		153180		
18:26:24		400524		255032		145492		
18:26:26		399009		258773		140236		
18:26:28		376967		242211		134756		
18:26:30		364652		235260		129392		
18:26:32		356191		232503		123688		
18:26:34		351100		232680		118420		
18:26:36		348314		235382		112932		
18:26:38		347327		239695		107632		
18:26:40		348492		243684		104808		
18:26:42		348866		244058		104808		
18:26:44		345952		251560		94392		
18:26:46		348780		262044		86736		
18:26:48		354472		266880		87592		
18:26:50		355632		267844		87788		
18:26:52		354194		268414		85780		
18:26:54		350672		269100		81572		
18:26:56		348748		269656		79092		
18:26:58		346333		269069		77264		
18:27:00		343592		270544		73048		
18:27:02		343418		271518		71900		
18:27:04		344815		272447		72368		
18:27:06		344453		273561		70892		
18:27:08		346712		274080		72632		
18:27:10		350912		274840		76072		
18:27:12		349508		273436		76072		
18:27:14		347959		276195		71764		
18:27:16		350486		277110		73376		
18:27:18		351007		277771		73236		
18:27:20		353590		278618		74972		
18:27:22		352048		279060		72988		
18:27:24		353668		280068		73600		
18:27:26		354172		280936		73236		
18:27:28		351591		281799		69792		
18:27:30		354060		282960		71100		
18:27:32		356140		283676		72464		
18:27:34		355400		284052		71348		
18:27:36		355935		285291		70644		
18:27:38		354633		286513		68120		
18:27:40		356376		287776		68600		
18:27:42		357160		288724		68436		
18:27:44		358951		289599		69352		
18:27:46		360163		290439		69724		
18:27:48		360623		291115		69508		
18:27:50		361071		291967		69104		
18:27:52		361330		292722		68608		
18:27:54		362535		293399		69136		
18:27:56		362660		294176		68484		
18:27:58		362920		295664		67256		
18:28:00		364097		296141		67956		
18:28:02		362048		296816		65232		
18:28:04		450419		291003		159416		
18:28:06		446054		292698		153356		
18:28:08		441673		294369		147304		
18:28:10		443342		296126		147216		
18:28:12		494802		297270		197532		
18:28:14		479394		297858		181536		
18:28:16		464069		298685		165384		
18:28:18		461687		299403		162284		
18:28:20		443481		300013		143468		
18:28:22		443481		301005		142476		
18:28:24		440019		301791		138228		
18:28:26		433803		302535		131268		
18:28:28		432496		303180		129316		
18:28:30		429232		304008		125224		
18:28:32		414878		304814		110064		
18:28:34		405458		305570		99888		
18:28:36		404934		306402		98532		
18:28:38		396227		307123		89104		
18:28:40		396227		307611		88616		
18:28:42		396446		308946		87500		
18:28:44		392655		309495		83160		
18:28:46		392655		310239		82416		
18:28:48		390530		310966		79564		
18:28:50		385251		311483		73768		
18:28:53		385745		312581		73164		
18:28:55		393143		313315		79828		
18:28:57		389431		313695		75736		
18:28:59		389244		314500		74744		
18:29:01		391714		315606		76108		
18:29:03		386463		316059		70404		
18:29:05		391043		317167		73876		
18:29:07		393000		317884		75116		
18:29:09		393481		318737		74744		
18:29:11		392687		319215		73472		
18:29:13		392687		319959		72728		
18:29:15		393911		320903		73008		
18:29:17		393876		321784		72092		
18:29:19		392805		294033		98772		
18:29:21		442472		296080		146392		
18:29:23		442310		297654		144656		
18:29:25		425603		299115		126488		
18:29:27		413797		300849		112948		
18:29:29		408337		302429		105908		
18:29:31		408969		304021		104948		
18:29:33		416138		305766		110372		
18:29:35		412755		307303		105452		
18:29:37		410720		309028		101692		
18:29:39		405478		310494		94984		
18:29:41		404351		312055		92296		
18:29:43		402478		313930		88548		
18:29:45		406293		315625		90668		
18:29:47		406816		317240		89576		
18:29:49		407093		318693		88400		
18:29:51		406944		320600		86344		
18:29:53		401573		315229		86344		
18:29:55		399176		323864		75312		
18:29:57		403914		325650		78264		
18:29:59		404603		327555		77048		
18:30:01		405418		329262		76156		
18:30:03		403972		331024		72948		
18:30:05		409736		332704		77032		
18:30:07		408610		334554		74056		
18:30:09		408610		336750		71860		
18:30:11		412569		338665		73904		
18:30:13		411446		340238		71208		
18:30:15		408319		342067		66252		
18:30:17		496691		343215		153476		
18:30:19		492217		344817		147400		
18:30:21		491961		346429		145532		
18:30:23		476404		348100		128304		
18:30:25		481234		349702		131532		
18:30:27		471917		351441		120476		
18:30:29		483970		353310		130660		
18:30:31		547406		355050		192356		
18:30:33		541937		356609		185328		
18:30:35		523920		358028		165892		
18:30:37		519091		359943		159148		
18:30:39		519536		361504		158032		
18:30:41		517730		344686		173044		
18:30:43		490465		346705		143760		
18:30:45		485959		348367		137592		
18:30:47		485361		350033		135328		
18:30:49		475611		351691		123920		
18:30:51		474902		353326		121576		
18:30:53		472218		354854		117364		
18:30:55		466442		356730		109712		
18:30:57		478641		358201		120440		
18:30:59		478641		359969		118672		
18:31:01		472974		361502		111472		
18:31:03		471355		363083		108272		
18:31:05		471355		364851		106504		
18:31:07		452500		366208		86292		
18:31:09		452500		367796		84704		
18:31:11		454421		369493		84928		
18:31:13		454421		371361		83060		
18:31:15		454421		373105		81316		
18:31:17		457730		374770		82960		
18:31:19		460055		376415		83640		
18:31:21		456116		378148		77968		
18:31:24		458376		379920		78456		
18:31:26		457023		381543		75480		
18:31:28		455299		383307		71992		
18:31:30		452463		385095		67368		
18:31:32		450585		374889		75696		
18:31:34		447847		376739		71108		
18:31:36		514275		378239		136036		
18:31:38		512038		379782		132256		
18:31:40		501290		381714		119576		
18:31:42		501083		383179		117904		
18:31:44		499104		384920		114184		
18:31:46		499104		386440		112664		
18:31:48		498271		387807		110464		
18:31:50		489423		389655		99768		
18:31:52		484205		391101		93104		
18:31:54		475988		392680		83308		
18:31:56		475475		394587		80888		
18:31:58		474288		396188		78100		
18:32:00		477068		397900		79168		
18:32:02		481675		399531		82144		
18:32:04		476835		398495		78340		
18:32:06		471747		365895		105852		
18:32:08		447887		369255		78632		
18:32:10		450891		370863		80028		
18:32:12		451871		372871		79000		
18:32:14		450153		374533		75620		
18:32:16		449537		376053		73484		
18:32:18		450618		377694		72924		
18:32:20		451735		379463		72272		
18:32:22		452317		380941		71376		
18:32:24		452317		382709		69608		
18:32:26		453029		384381		68648		
18:32:28		531258		462610		68648		
18:32:30		494301		387121		107180		
18:32:32		516276		388668		127608		
18:32:34		514792		390408		124384		
18:32:36		514792		392084		122708		
18:32:38		512239		393683		118556		
18:32:40		511589		395265		116324		
18:32:42		507699		397079		110620		
18:32:44		504957		398785		106172		
18:32:46		548462		400410		148052		
18:32:48		538450		402242		136208		
18:32:50		536056		403720		132336		
18:32:52		530611		405343		125268		
18:32:54		527561		407157		120404		
18:32:56		518431		408863		109568		
18:32:58		514509		410489		104020		
18:33:00		509730		412314		97416		
18:33:02		512514		413982		98532		
18:33:04		507067		415479		91588		
18:33:06		505298		417142		88156		
18:33:08		505871		418847		87024		
18:33:10		504884		420588		84296		
18:33:12		513299		422611		90688		
18:33:14		510596		424440		86156		
18:33:16		508662		426174		82488		
18:33:18		508432		427764		80668		
18:33:20		500962		429406		71556		
18:33:22		498303		431331		66972		
18:33:24		499831		432963		66868		
18:33:26		512680		392360		120320		
18:33:28		475667		394155		81512		
18:33:30		472686		395854		76832		
18:33:32		477710		397654		80056		
18:33:34		471288		399324		71964		
18:33:36		467512		400736		66776		
18:33:38		473730		402174		71556		
18:33:40		474555		404083		70472		
18:33:42		475352		405780		69572		
18:33:44		476611		407659		68952		
18:33:46		496684		409100		87584		
18:33:48		493366		410866		82500		
18:33:50		499923		412775		87148		
18:33:52		506721		414301		92420		
18:33:54		504611		416255		88356		
18:33:56		503984		418044		85940		
18:33:58		504537		419837		84700		
18:34:01		506718		421554		85164		
18:34:03		502785		423417		79368		
18:34:05		499412		425252		74160		
18:34:07		557427		430535		126892		
18:34:09		543187		428447		114740		
18:34:11		539861		430145		109716		
18:34:13		535625		431797		103828		
18:34:15		545428		433572		111856		
18:34:17		545144		435116		110028		
18:34:19		538653		437089		101564		
18:34:21		529765		438741		91024		
18:34:23		525478		440506		84972		
18:34:25		519174		442286		76888		
18:34:27		514881		444069		70812		
18:34:29		515412		445964		69448		
18:34:31		516366		447694		68672		
18:34:33		527897		450265		77632		
18:34:35		528380		452360		76020		
18:34:37		531636		454096		77540		
18:34:39		526654		455702		70952		
18:34:41		526325		457761		68564		
18:34:43		524134		455442		68692		
18:34:45		607888		437908		169980		
18:34:47		591932		439956		151976		
18:34:49		577473		441617		135856		
18:34:51		574599		443207		131392		
18:34:53		570384		445068		125316		
18:34:55		571517		447009		124508		
18:34:57		573492		448704		124788		
18:34:59		572224		450100		122124		
18:35:01		566705		451837		114868		
18:35:03		558704		453632		105072		
18:35:05		555425		455157		100268		
18:35:07		557711		456963		100748		
18:35:09		566013		458693		107320		
18:35:11		564211		460303		103908		
18:35:13		563499		462071		101428		
18:35:15		569108		463804		105304		
18:35:17		581734		465442		116292		
18:35:19		629212		467008		162204		
18:35:21		624152		468984		155168		
18:35:23		610462		470578		139884		
18:35:25		607078		471966		135112		
18:35:27		600346		473854		126492		
18:35:29		596700		475680		121020		
18:35:31		603176		477568		125608		
18:35:33		595859		479427		116432		
18:35:35		596440		481248		115192		
18:35:37		586387		483223		103164		
18:35:39		577538		484742		92796		
18:35:41		570251		486663		83588		
18:35:43		581136		488404		92732		
18:35:45		580471		490251		90220		
18:35:47		576905		491893		85012		
18:35:49		577858		493386		84472		
18:35:51		573938		495358		78580		
18:35:53		577705		496985		80720		
18:35:55		577036		498920		78116		
18:35:57		579555		500571		78984		
18:35:59		576607		502367		74240		
18:36:01		584995		504107		80888		
18:36:03		584567		514991		69576		
18:36:05		603396		179144		424252		
18:36:07		337358		15530		321828		
18:36:09		306272		179760		126512		
18:36:11		339661		180165		159496		
18:36:13		338669		182685		155984		
18:36:15		330799		184363		146436		
18:36:17		330399		186103		144296		
18:36:19		336269		187849		148420		
18:36:21		333470		189638		143832		
18:36:23		332458		191426		141032		
18:36:26		412345		192821		219524		
18:36:28		403530		194514		209016		
18:36:30		388396		195964		192432		
18:36:32		390379		197791		192588		
18:36:34		386473		199489		186984		
18:36:36		384770		201266		183504		
18:36:38		381571		203019		178552		
18:36:40		391944		204836		187108		
18:36:42		383427		206487		176940		
18:36:44		366467		208159		158308		
18:36:46		372550		209902		162648		
18:36:48		372550		211482		161068		
18:36:50		361731		213151		148580		
18:36:52		341793		214913		126880		
18:36:54		332850		216542		116308		
18:36:56		363978		218250		145728		
18:36:58		376608		219876		156732		
18:37:00		367300		221600		145700		
18:37:02		367972		223356		144616		
18:37:04		358020		225248		132772		
18:37:06		366940		226788		140152		
18:37:08		372204		227900		144304		
18:37:10		366597		230437		136160		
18:37:12		363184		232168		131016		
18:37:14		352750		233950		118800		
18:37:16		355533		235833		119700		
18:37:18		410761		237461		173300		
18:37:20		426963		239219		187744		
18:37:22		384546		240714		143832		
18:37:24		393580		242168		151412		
18:37:26		375078		243722		131356		
18:37:28		364279		245603		118676		
18:37:30		368308		261656		106652		
18:37:32		371184		229540		141644		
18:37:34		337200		232444		104756		
18:37:36		330827		233943		96884		
18:37:38		328677		235793		92884		
18:37:40		323949		237553		86396		
18:37:42		321317		239377		81940		
18:37:44		386916		240744		146172		
18:37:46		387883		241919		145964		
18:37:48		393131		244135		148996		
18:37:50		391825		246173		145652		
18:37:52		444015		247747		196268		
18:37:54		438747		250407		188340		
18:37:56		435824		252204		183620		
18:37:58		435642		253818		181824		
18:38:00		435037		255477		179560		
18:38:02		432896		257180		175716		
18:38:04		429396		257988		171408		
18:38:06		428272		260872		167400		
18:38:08		429821		262389		167432		
18:38:10		428101		264173		163928		
18:38:12		424886		266074		158812		
18:38:14		420075		267647		152428		
18:38:16		414472		269484		144988		
18:38:18		406575		271043		135532		
18:38:20		412453		272945		139508		
18:38:22		410268		274720		135548		
18:38:24		407200		276488		130712		
18:38:26		399292		278376		120916		
18:38:28		399292		280268		119024		
18:38:30		394275		281915		112360		
18:38:32		394275		283743		110532		
18:38:34		409763		284507		125256		
18:38:36		395494		287234		108260		
18:38:38		391914		288862		103052		
18:38:40		407593		290777		116816		
18:38:42		408058		292762		115296		
18:38:44		415605		294481		121124		
18:38:46		415700		296280		119420		
18:38:48		415700		304088		111612		
18:38:50		407160		281572		125588		
18:38:52		397516		283584		113932		
18:38:55		459316		284220		175096		
18:38:57		440748		286608		154140		
18:38:59		452478		288386		164092		
18:39:01		442773		290089		152684		
18:39:03		440603		291887		148716		
18:39:05		439913		293957		145956		
18:39:07		439913		295725		144188		
18:39:09		438109		297425		140684		
18:39:11		434912		299220		135692		
18:39:13		428640		301040		127600		
18:39:15		428640		302556		126084		
18:39:17		429762		304330		125432		
18:39:19		423821		306169		117652		
18:39:21		421558		307966		113592		
18:39:23		424939		309923		115016		
18:39:25		418321		311613		106708		
18:39:27		418321		313317		105004		
18:39:29		416928		315056		101872		
18:39:31		419344		315952		103392		
18:39:33		501437		318345		183092		
18:39:35		501437		320173		181264		
18:39:37		480182		321578		158604		
18:39:39		480017		323369		156648		
18:39:41		484945		325257		159688		
18:39:43		483656		326952		156704		
18:39:45		478671		328747		149924		
18:39:47		479804		330532		149272		
18:39:49		469311		332447		136864		
18:39:51		469679		334295		135384		
18:39:53		467666		336406		131260		
18:39:55		462764		338228		124536		
18:39:57		466585		340129		126456		
18:39:59		467189		341725		125464		
18:40:01		467189		343429		123760		
18:40:03		534991		344831		190160		
18:40:05		510810		346442		164368		
18:40:07		501346		254146		247200		
18:40:09		429431		180183		249248		
18:40:11		375966		180798		195168		
18:40:13		373764		180704		193060		
18:40:15		369021		180797		188224		
18:40:17		366562		183798		182764		
18:40:19		373098		185778		187320		
18:40:21		371116		187416		183700		
18:40:23		370116		189276		180840		
18:40:25		364458		191586		172872		
18:40:27		368567		193207		175360		
18:40:29		366874		195042		171832		
18:40:31		373240		196788		176452		
18:40:33		374125		198485		175640		
18:40:35		372033		200269		171764		
18:40:37		369117		201957		167160		
18:40:39		351860		203780		148080		
18:40:41		348045		205193		142852		
18:40:43		338641		207013		131628		
18:40:45		338271		208511		129760		
18:40:47		331157		210137		121020		
18:40:49		328735		212159		116576		
18:40:51		326197		213705		112492		
18:40:53		334633		215621		119012		
18:40:55		332193		217337		114856		
18:40:57		331677		219177		112500		
18:40:59		330313		220105		110208		
18:41:01		335086		222570		112516		
18:41:03		335993		224329		111664		
18:41:05		335957		225137		110820		
18:41:07		338545		228037		110508		
18:41:09		338545		229749		108796		
18:41:11		342825		231713		111112		
18:41:13		336486		225374		111112		
18:41:15		327750		235190		92560		
18:41:17		345939		236887		109052		
18:41:19		346557		238737		107820		
18:41:21		405913		240937		164976		
18:41:23		393358		242890		150468		
18:41:26		393218		244734		148484		
18:41:28		401987		246847		155140		
18:41:30		391653		230153		161500		
18:41:32		375559		231879		143680		
18:41:34		359328		233692		125636		
18:41:36		366841		241205		125636		
18:41:38		364413		237009		127404		
18:41:40		355397		238045		117352		
18:41:42		352731		239835		112896		
18:41:44		368633		242437		126196		
18:41:46		368412		244076		124336		
18:41:48		446269		245713		200556		
18:41:50		454377		247397		206980		
18:41:52		439568		249172		190396		
18:41:54		433280		250124		183156		
18:41:56		424141		252809		171332		
18:41:58		425476		254672		170804		
18:42:00		425476		256408		169068		
18:42:02		424471		258355		166116		
18:42:04		424471		259927		164544		
18:42:06		404593		261657		142936		
18:42:08		390539		263523		127016		
18:42:10		394206		265190		129016		
18:42:12		393722		266906		126816		
18:42:14		384350		268570		115780		
18:42:16		382463		270567		111896		
18:42:18		383958		272114		111844		
18:42:20		383958		273914		110044		
18:42:22		374447		275727		98720		
18:42:24		375548		277572		97976		
18:42:26		375756		279260		96496		
18:42:28		446730		280638		166092		
18:42:30		444918		282454		162464		
18:42:32		427899		284127		143772		
18:42:34		430659		285863		144796		
18:42:36		426164		287600		138564		
18:42:38		430050		289594		140456		
18:42:40		420147		291387		128760		
18:42:42		422060		292648		129412		
18:42:44		414254		295190		119064		
18:42:46		411256		297120		114136		
18:42:48		407404		280184		127220		
18:42:50		391523		282347		109176		
18:42:52		388476		284152		104324		
18:42:54		387106		286146		100960		
18:42:56		386471		287743		98728		
18:42:58		384782		289494		95288		
18:43:00		383710		291398		92312		
18:43:02		381729		292981		88748		
18:43:04		382461		294613		87848		
18:43:06		380698		296570		84128		
18:43:08		381134		298502		82632		
18:43:10		385414		300358		85056		
18:43:12		399836		301976		97860		
18:43:14		397893		303573		94320		
18:43:16		398197		305453		92744		
18:43:18		401238		306370		94868		
18:43:20		400850		309066		91784		
18:43:22		402702		310886		91816		
18:43:24		403152		311832		91320		
18:43:26		402214		314738		87476		
18:43:28		407838		316658		91180		
18:43:30		407022		318470		88552		
18:43:32		408332		320400		87932		
18:43:34		470979		321635		149344		
18:43:36		462832		323348		139484		
18:43:38		459661		325105		134556		
18:43:40		459796		326776		133020		
18:43:42		451823		328667		123156		
18:43:44		443676		330324		113352		
18:43:46		450126		332146		117980		
18:43:49		445711		334271		111440		
18:43:51		435836		335928		99908		
18:43:53		446255		337583		108672		
18:43:55		442852		338480		104372		
18:43:57		437756		341412		96344		
18:43:59		516594		342870		173724		
18:44:01		515683		343615		172068		
18:44:03		499302		345290		154012		
18:44:05		499436		363032		136404		
18:44:07		509309		180637		328672		
18:44:09		370721		181069		189652		
18:44:11		369349		181061		188288		
18:44:13		365371		181043		184328		
18:44:15		359397		184129		175268		
18:44:17		382125		185841		196284		
18:44:19		376505		186481		190024		
18:44:21		377542		188974		188568		
18:44:23		377378		190462		186916		
18:44:25		373068		192252		180816		
18:44:27		373068		194088		178980		
18:44:29		371776		195796		175980		
18:44:31		386303		210323		175980		
18:44:33		389053		199393		189660		
18:44:35		381269		191609		189660		
18:44:37		381933		202581		179352		
18:44:39		385663		204171		181492		
18:44:41		385663		204171		181492		
18:44:43		363132		207432		155700		
18:44:45		341838		209142		132696		
18:44:47		325569		211441		114128		
18:44:49		325569		213053		112516		
18:44:51		318293		214797		103496		
18:44:53		318721		216281		102440		
18:44:55		375388		217736		157652		
18:44:57		375388		219348		156040		
18:44:59		390862		221058		169804		
18:45:01		390862		222894		167968		
18:45:03		383278		224478		158800		
18:45:05		383278		226122		157156		
18:45:07		358814		227606		131208		
18:45:09		363073		229385		133688		
18:45:11		354614		230938		123676		
18:45:13		352092		232476		119616		
18:45:15		347810		234458		113352		
18:45:17		344886		236122		108764		
18:45:19		342827		237907		104920		
18:45:21		342827		239611		103216		
18:45:23		335118		241234		93884		
18:45:25		332347		243019		89328		
18:45:27		324900		244592		80308		
18:45:29		321856		246508		75348		
18:45:31		317862		261966		55896		
18:45:33		328701		228581		100120		
18:45:35		312227		231803		80424		
18:45:37		314129		233641		80488		
18:45:39		312708		235400		77308		
18:45:41		318991		236923		82068		
18:45:43		320562		238802		81760		
18:45:45		318078		240350		77728		
18:45:47		324601		242069		82532		
18:45:49		321269		243601		77668		
18:45:51		322493		245641		76852		
18:45:53		345368		247148		98220		
18:45:55		341540		248808		92732		
18:45:57		342237		250621		91616		
18:45:59		405100		251980		153120		
18:46:01		418660		253636		165024		
18:46:03		418660		255248		163412		
18:46:05		373068		256932		116136		
18:46:07		386887		258535		128352		
18:46:09		381349		260221		121128		
18:46:11		377786		261926		115860		
18:46:14		372729		263689		109040		
18:46:16		379886		265454		114432		
18:46:18		370082		267182		102900		
18:46:20		371698		268766		102932		
18:46:22		365555		270435		95120		
18:46:24		365150		272474		92676		
18:46:26		440113		273757		166356		
18:46:28		458040		275284		182756		
18:46:30		458040		276928		181112		
18:46:32		448768		278784		169984		
18:46:34		448768		280520		168248		
18:46:36		448226		282490		165736		
18:46:38		447309		284113		163196		
18:46:40		442989		286025		156964		
18:46:42		430874		287674		143200		
18:46:44		425669		289305		136364		
18:46:46		434518		291286		143232		
18:46:48		424467		292891		131576		
18:46:50		424467		295031		129436		
18:46:52		427329		311685		115644		
18:46:54		440203		279275		160928		
18:46:56		440203		282435		157768		
18:46:58		400624		283928		116696		
18:47:00		397940		285748		112192		
18:47:02		390676		287312		103364		
18:47:04		389560		289000		100560		
18:47:06		396012		290600		105412		
18:47:08		460298		292058		168240		
18:47:10		445833		293517		152316		
18:47:12		438182		295230		142952		
18:47:14		435425		297061		138364		
18:47:16		433337		298693		134644		
18:47:18		412830		300422		112408		
18:47:20		444742		302006		142736		
18:47:22		448885		303949		144936		
18:47:24		447621		305925		141696		
18:47:26		435809		307769		128040		
18:47:28		424228		309588		114640		
18:47:30		434476		311364		123112		
18:47:32		429857		313441		116416		
18:47:34		429591		315407		114184		
18:47:36		425857		317157		108700		
18:47:38		416031		318707		97324		
18:47:40		415877		320505		95372		
18:47:42		411492		322384		89108		
18:47:44		414071		323939		90132		
18:47:46		414071		325395		88676		
18:47:48		411838		327286		84552		
18:47:50		407442		328874		78568		
18:47:52		404550		330446		74104		
18:47:54		410054		332198		77856		
18:47:56		409011		333759		75252		
18:47:58		406125		336133		69992		
18:48:00		405383		325419		79964		
18:48:02		396320		327144		69176		
18:48:04		394721		320069		74652		
18:48:06		403569		328917		74652		
18:48:08		404578		317898		86680		
18:48:10		395604		319308		76296		
18:48:12		394310		177386		216924		
18:48:14		347560		177360		170200		
18:48:16		369243		178227		191016		
18:48:18		342847		177995		164852		
18:48:20		345195		178483		166712		
18:48:22		340166		181346		158820		
18:48:24		342469		183213		159256		
18:48:26		345437		184973		160464		
18:48:28		341125		186645		154480		
18:48:30		343421		188413		155008		
18:48:32		341549		190137		151412		
18:48:34		342346		192058		150288		
18:48:36		331650		193794		137856		
18:48:38		363499		196099		167400		
18:48:40		366755		197619		169136		
18:48:42		361909		199189		162720		
18:48:44		357866		200974		156892		
18:48:46		434150		202470		231680		
18:48:48		449261		204189		245072		
18:48:51		441936		205792		236144		
18:48:53		429290		207530		221760		
18:48:55		425782		209106		216676		
18:48:57		421965		210921		211044		
18:48:59		419358		212934		206424		
18:49:01		416977		214801		202176		
18:49:03		413444		216476		196968		
18:49:05		422044		218132		203912		
18:49:07		392463		219611		172852		
18:49:09		404132		221424		182708		
18:49:11		404578		223110		181468		
18:49:13		412646		224822		187824		
18:49:15		407150		226766		180384		
18:49:17		392499		228391		164108		
18:49:19		368215		229807		138408		
18:49:21		378331		231459		146872		
18:49:23		374694		232998		141696		
18:49:25		386520		234844		151676		
18:49:27		386695		236599		150096		
18:49:29		386695		237807		148888		
18:49:31		445436		239532		205904		
18:49:33		423357		241013		182344		
18:49:35		427271		242691		184580		
18:49:37		427271		244335		182936		
18:49:39		428459		228159		200300		
18:49:41		413395		229683		183712		
18:49:43		413179		231699		181480		
18:49:45		411688		233152		178536		
18:49:47		400237		235001		165236		
18:49:49		404310		236686		167624		
18:49:51		398249		238445		159804		
18:49:53		404323		240303		164020		
18:49:55		403442		242306		161136		
18:49:57		401369		244045		157324		
18:49:59		402902		245734		157168		
18:50:01		402902		247562		155340		
18:50:03		385793		249177		136616		
18:50:05		385793		251193		134600		
18:50:07		380257		253345		126912		
18:50:09		374014		254914		119100		
18:50:11		378863		256539		122324		
18:50:13		372974		258274		114700		
18:50:15		369742		260066		109676		
18:50:17		372334		261882		110452		
18:50:19		370650		263422		107228		
18:50:21		370650		265222		105428		
18:50:23		370650		267174		103476		
18:50:25		370387		268927		101460		
18:50:27		371164		270664		100500		
18:50:29		369389		272517		96872		
18:50:31		370020		274200		95820		
18:50:33		377313		276037		101276		
18:50:35		383374		277946		105428		
18:50:37		383374		279558		103816		
18:50:39		375945		281217		94728		
18:50:41		374104		283092		91012		
18:50:43		376227		284623		91604		
18:50:45		383431		286279		97152		
18:50:47		388162		288034		100128		
18:50:49		390620		289780		100840		
18:50:51		428267		291435		136832		
18:50:53		440564		293192		147372		
18:50:55		429285		294809		134476		
18:50:57		437749		278197		159552		
18:50:59		437749		280021		157728		
18:51:01		425672		281740		143932		
18:51:03		500851		283263		217588		
18:51:05		494887		284863		210024		
18:51:07		483939		286315		197624		
18:51:09		483822		288026		195796		
18:51:11		480278		289786		190492		
18:51:13		475384		291184		184200		
18:51:16		471624		292880		178744		
18:51:18		470756		294616		176140		
18:51:20		461206		296442		164764		
18:51:22		460737		298145		162592		
18:51:24		455031		299971		155060		
18:51:26		443296		301876		141420		
18:51:28		443425		303741		139684		
18:51:30		440082		305514		134568		
18:51:32		427831		307211		120620		
18:51:34		429041		309361		119680		
18:51:36		422734		311090		111644		
18:51:38		424684		313072		111612		
18:51:40		417731		314519		103212		
18:51:42		424219		316387		107832		
18:51:44		426713		318169		108544		
18:51:46		428292		319980		108312		
18:51:48		429288		322032		107256		
18:51:50		425599		323983		101616		
18:51:52		429571		325663		103908		
18:51:54		499814		327054		172760		
18:51:56		498421		328777		169644		
18:51:58		477149		330289		146860		
18:52:00		467176		332192		134984		
18:52:02		474491		333771		140720		
18:52:04		466081		335529		130552		
18:52:06		467982		337274		130708		
18:52:08		462996		339248		123748		
18:52:10		475036		341184		133852		
18:52:12		474582		342898		131684		
18:52:14		472366		344494		127872		
18:52:16		467305		177817		289488		
18:52:18		330758		177778		152980		
18:52:20		327957		178465		149492		
18:52:22		332945		178865		154080		
18:52:24		326242		178362		147880		
18:52:26		325862		181574		144288		
18:52:28		321730		183146		138584		
18:52:30		323602		185142		138460		
18:52:32		306429		186725		119704		
18:52:34		303628		188488		115140		
18:52:36		306027		190283		115744		
18:52:38		307027		191871		115156		
18:52:40		309248		193580		115668		
18:52:42		306883		195115		111768		
18:52:44		310187		196971		113216		
18:52:46		309216		197920		111296		
18:52:48		310806		200494		110312		
18:52:50		313339		203059		110280		
18:52:52		313422		204474		108948		
18:52:54		313364		206160		107204		
18:52:56		315013		207801		107212		
18:52:58		314759		209719		105040		
18:53:00		315734		211282		104452		
18:53:02		387782		212534		175248		
18:53:04		391510		214238		177272		
18:53:06		369795		215899		153896		
18:53:08		373961		217429		156532		
18:53:10		369804		219380		150424		
18:53:12		373313		221005		152308		
18:53:14		375317		222785		152532		
18:53:16		451706		224410		227296		
18:53:18		453174		225838		227336		
18:53:20		447348		227732		219616		
18:53:22		445072		229432		215640		
18:53:24		443862		230754		213108		
18:53:26		442698		232598		210100		
18:53:28		440520		234296		206224		
18:53:30		434364		235928		198436		
18:53:32		427556		236684		190872		
18:53:34		415927		239191		176736		
18:53:36		416361		240741		175620		
18:53:38		416632		241012		175620		
18:53:40		422338		244518		177820		
18:53:42		422338		228246		194092		
18:53:44		409606		229810		179796		
18:53:46		413043		231603		181440		
18:53:48		413068		233356		179712		
18:53:51		407260		234848		172412		
18:53:53		410372		236736		173636		
18:53:55		408495		238207		170288		
18:53:57		387711		239835		147876		
18:53:59		387711		241635		146076		
18:54:01		404469		243265		161204		
18:54:03		386609		244981		141628		
18:54:05		393332		246604		146728		
18:54:07		393387		248427		144960		
18:54:09		389203		248923		140280		
18:54:11		449626		251314		198312		
18:54:13		453743		253043		200700		
18:54:15		444989		254993		189996		
18:54:17		437596		256800		180796		
18:54:19		438283		258571		179712		
18:54:21		430717		260213		170504		
18:54:23		429703		261895		167808		
18:54:25		420354		263394		156960		
18:54:27		419836		265204		154632		
18:54:29		401026		267194		133832		
18:54:31		399583		268663		130920		
18:54:33		379892		270332		109560		
18:54:35		380121		272081		108040		
18:54:37		368000		273940		94060		
18:54:39		371670		275750		95920		
18:54:41		397569		277345		120224		
18:54:43		394923		279475		115448		
18:54:45		396412		281148		115264		
18:54:47		391955		282767		109188		
18:54:49		394031		284627		109404		
18:54:51		391885		286077		105808		
18:54:53		397367		287839		109528		
18:54:55		390868		289524		101344		
18:54:57		392021		291305		100716		
18:54:59		390752		293128		97624		
18:55:01		387680		294704		92976		
18:55:03		388296		278116		110180		
18:55:05		388327		279727		108600		
18:55:07		380862		281626		99236		
18:55:09		380526		283142		97384		
18:55:11		369237		284561		84676		
18:55:13		369788		286228		83560		
18:55:15		366110		287838		78272		
18:55:17		367699		289651		78048		
18:55:19		435831		291039		144792		
18:55:21		450609		292589		158020		
18:55:23		433758		294222		139536		
18:55:25		440342		295086		145256		
18:55:27		436194		297362		138832		
18:55:29		434976		298480		136496		
18:55:31		433986		300850		133136		
18:55:33		432071		302735		129336		
18:55:35		426981		304425		122556		
18:55:37		436110		306114		129996		
18:55:39		440577		307937		132640		
18:55:41		429096		309788		119308		
18:55:43		425953		311541		114412		
18:55:45		512952		312920		200032		
18:55:47		504842		314294		190548		
18:55:49		490134		315954		174180		
18:55:51		488639		317435		171204		
18:55:53		492402		319222		173180		
18:55:55		484144		320844		163300		
18:55:57		479892		322484		157408		
18:55:59		480014		324286		155728		
18:56:01		466817		325661		141156		
18:56:03		470300		327508		142792		
18:56:05		473234		329382		143852		
18:56:07		454888		314044		140844		
18:56:09		444591		332543		112048		
18:56:11		450865		334705		116160		
18:56:13		450865		336493		114372		
18:56:15		447838		338482		109356		
18:56:17		445392		338980		106412		
18:56:20		450037		341889		108148		
18:56:22		450037		344493		105544		
18:56:24		440142		328482		111660		
18:56:26		441822		177842		263980		
18:56:28		317689		178329		139360		
18:56:30		322464		178764		143700		
18:56:32		322464		178764		143700		
18:56:34		311944		181676		130268		
18:56:36		320496		183260		137236		
18:56:38		318212		184728		133484		
18:56:40		380900		185252		195648		
18:56:42		383898		187902		195996		
18:56:44		367273		189413		177860		
18:56:46		366052		190980		175072		
18:56:48		361022		192802		168220		
18:56:50		363581		194337		169244		
18:56:52		357880		195960		161920		
18:56:54		360663		197807		162856		
18:56:56		357857		198565		159292		
18:56:58		365775		201215		164560		
18:57:00		364281		202577		161704		
18:57:02		367040		204400		162640		
18:57:04		364924		205848		159076		
18:57:06		364924		207592		157332		
18:57:08		357297		209653		147644		
18:57:10		364109		211461		152648		
18:57:12		365702		213230		152472		
18:57:14		364069		214829		149240		
18:57:16		368175		216851		151324		
18:57:18		363674		218510		145164		
18:57:20		363790		219834		143956		
18:57:22		359311		221563		137748		
18:57:24		354265		223245		131020		
18:57:26		347438		225254		122184		
18:57:28		341784		227140		114644		
18:57:30		340859		228811		112048		
18:57:32		347402		229618		117784		
18:57:34		341876		231936		109940		
18:57:36		339440		233716		105724		
18:57:38		338873		235389		103484		
18:57:40		340312		237124		103188		
18:57:42		333327		238887		94440		
18:57:44		326964		240584		86380		
18:57:46		325056		242512		82544		
18:57:48		359756		244020		115736		
18:57:50		369387		260171		109216		
18:57:52		367645		228149		139496		
18:57:54		343291		230731		112560		
18:57:56		416299		232035		184264		
18:57:58		418823		233659		185164		
18:58:00		485445		235309		250136		
18:58:02		490198		236806		253392		
18:58:04		476098		238266		237832		
18:58:06		468222		239978		228244		
18:58:08		467562		241574		225988		
18:58:10		460090		243222		216868		
18:58:12		462401		244945		217456		
18:58:14		417452		246364		171088		
18:58:16		409221		247969		161252		
18:58:18		397969		249417		148552		
18:58:20		390286		251074		139212		
18:58:22		376377		252657		123720		
18:58:24		380921		254513		126408		
18:58:26		375891		256403		119488		
18:58:28		390929		257917		133012		
18:58:30		386848		259728		127120		
18:58:32		377613		261465		116148		
18:58:34		369476		263124		106352		
18:58:36		418489		269821		148668		
18:58:38		411760		266480		145280		
18:58:40		398132		267188		130944		
18:58:42		398838		269818		129020		
18:58:44		390039		271559		118480		
18:58:46		412544		273116		139428		
18:58:48		417619		274563		143056		
18:58:50		412126		276658		135468		
18:58:52		414689		278577		136112		
18:58:54		418504		280292		138212		
18:58:56		419673		281825		137848		
18:58:58		418236		283992		134244		
18:59:01		421166		285582		135584		
18:59:03		422430		287178		135252		
18:59:05		423908		289044		134864		
18:59:07		412774		290714		122060		
18:59:09		467838		292054		175784		
18:59:11		472079		293899		178180		
18:59:13		460450		295598		164852		
18:59:15		459125		278253		180872		
18:59:17		442448		280552		161896		
18:59:19		437077		282117		154960		
18:59:21		432444		284044		148400		
18:59:23		427349		284541		142808		
18:59:25		421858		287046		134812		
18:59:27		434517		288981		145536		
18:59:29		410226		290606		119620		
18:59:31		427467		292191		135276		
18:59:33		425782		293918		131864		
18:59:35		424596		295520		129076		
18:59:37		412975		297339		115636		
18:59:39		408101		298913		109188		
18:59:41		406245		300573		105672		
18:59:43		403878		302362		101516		
18:59:45		404708		304308		100400		
18:59:47		398232		306032		92200		
18:59:49		401206		307626		93580		
18:59:51		403110		309454		93656		
18:59:53		403476		310888		92588		
18:59:55		404489		312553		91936		
18:59:57		405787		314471		91316		
18:59:59		406055		316211		89844		
19:00:01		405575		318879		86696		
19:00:03		407729		320613		87116		
19:00:05		406654		322454		84200		
19:00:07		407199		324363		82836		
19:00:09		406228		326148		80080		
19:00:11		408977		328897		80080		
19:00:13		482438		329222		153216		
19:00:15		484669		330989		153680		
19:00:17		466014		331794		134220		
19:00:19		475350		334278		141072		
19:00:21		466434		336142		130292		
19:00:23		467154		337926		129228		
19:00:25		543323		339215		204108		
19:00:27		539191		340507		198684		
19:00:29		539191		342119		197072		
19:00:31		526094		343654		182440		
19:00:33		509916		345268		164648		
19:00:35		511186		178098		333088		
19:00:37		411188		178044		233144		
19:00:39		413063		179051		234012		
19:00:41		413063		179051		234012		
19:00:43		410248		180928		229320		
19:00:45		410248		182500		227748		
19:00:47		403011		183479		219532		
19:00:49		403011		186083		216928		
19:00:51		396180		186972		209208		
19:00:53		366277		189533		176744		
19:00:55		362482		190998		171484		
19:00:57		356138		192934		163204		
19:00:59		338385		195021		143364		
19:01:01		332720		196640		136080		
19:01:03		323012		198192		124820		
19:01:05		328098		200118		127980		
19:01:07		329761		202005		127756		
19:01:09		332424		203544		128880		
19:01:11		333396		205376		128020		
19:01:13		327659		207203		120456		
19:01:15		332521		209029		123492		
19:01:17		328363		210727		117636		
19:01:19		326211		212623		113588		
19:01:21		330422		214150		116272		
19:01:23		331608		216112		115496		
19:01:25		326439		217887		108552		
19:01:28		329473		219565		109908		
19:01:30		326835		221391		105444		
19:01:32		329372		223152		106220		
19:01:34		328282		224954		103328		
19:01:36		397573		226441		171132		
19:01:38		404025		228273		175752		
19:01:40		385276		229892		155384		
19:01:42		381206		231618		149588		
19:01:44		385628		233436		152192		
19:01:46		380943		234363		146580		
19:01:48		381381		237093		144288		
19:01:50		407663		238035		169628		
19:01:52		400517		240637		159880		
19:01:54		392355		242519		149836		
19:01:56		384738		244202		140536		
19:01:58		384144		260200		123944		
19:02:00		403296		228116		175180		
19:02:02		373170		231094		142076		
19:02:04		372078		232698		139380		
19:02:06		364358		233626		130732		
19:02:08		354492		236376		118116		
19:02:10		358079		238383		119696		
19:02:12		363087		240167		122920		
19:02:14		365087		242043		123044		
19:02:16		362349		242901		119448		
19:02:18		359101		245853		113248		
19:02:20		357771		247499		110272		
19:02:22		356499		249171		107328		
19:02:24		352204		251388		100816		
19:02:26		354361		253141		101220		
19:02:28		354059		254915		99144		
19:02:30		356271		256943		99328		
19:02:32		353236		258960		94276		
19:02:34		365080		260728		104352		
19:02:36		444705		262421		182284		
19:02:38		448854		266570		182284		
19:02:40		434708		265760		168948		
19:02:42		424036		267668		156368		
19:02:44		430437		269325		161112		
19:02:46		427772		271404		156368		
19:02:48		423638		272910		150728		
19:02:50		420346		274982		145364		
19:02:52		409827		276615		133212		
19:02:54		411713		278625		133088		
19:02:56		405529		280345		125184		
19:02:58		470734		281878		188856		
19:03:00		475176		283436		191740		
19:03:02		454121		285165		168956		
19:03:04		453315		287211		166104		
19:03:06		438250		288854		149396		
19:03:08		456288		290836		165452		
19:03:10		450261		292465		157796		
19:03:12		443304		294436		148868		
19:03:14		437476		295368		142108		
19:03:16		417116		278136		138980		
19:03:18		406591		281375		125216		
19:03:20		403485		283105		120380		
19:03:22		402594		284974		117620		
19:03:24		397637		286869		110768		
19:03:26		411129		288549		122580		
19:03:28		410907		290375		120532		
19:03:30		404774		292122		112652		
19:03:32		403485		293989		109496		
19:03:34		402855		295783		107072		
19:03:36		400864		297784		103080		
19:03:38		403256		299580		103676		
19:03:40		401877		301269		100608		
19:03:42		405177		304073		101104		
19:03:44		406884		305656		101228		
19:03:46		404095		307735		96360		
19:03:48		404146		309646		94500		
19:03:50		406869		311345		95524		
19:03:52		405543		312979		92564		
19:03:54		404140		314940		89200		
19:03:56		401593		316633		84960		
19:03:58		399052		318440		80612		
19:04:00		398533		320121		78412		
19:04:03		408460		321988		86472		
19:04:05		471684		323368		148316		
19:04:07		462816		325132		137684		
19:04:09		462685		327109		135576		
19:04:11		461895		329111		132784		
19:04:13		458327		330843		127484		
19:04:15		454527		332591		121936		
19:04:17		451633		334409		117224		
19:04:19		451633		336237		115396		
19:04:21		443356		338036		105320		
19:04:23		439439		339931		99508		
19:04:25		435412		341640		93772		
19:04:27		435412		343592		91820		
19:04:29		432039		344747		87292		
19:04:31		428112		177984		250128		
19:04:33		295811		178487		117324		
19:04:35		295811		178611		117200		
19:04:37		288241		178481		109760		
19:04:39		283806		180934		102872		
19:04:41		284667		182943		101724		
19:04:43		284764		184464		100300		
19:04:45		284280		186088		98192		
19:04:47		374142		187422		186720		
19:04:49		397581		188905		208676		
19:04:51		370908		190348		180560		
19:04:53		364874		192034		172840		
19:04:55		360608		193628		166980		
19:04:57		362040		195472		166568		
19:04:59		363228		197084		166144		
19:05:01		361473		198925		162548		
19:05:03		354422		200338		154084		
19:05:05		347641		202113		145528		
19:05:07		346902		203730		143172		
19:05:09		348584		205504		143080		
19:05:11		352302		207426		144876		
19:05:13		416983		208835		208148		
19:05:15		419653		210513		209140		
19:05:17		406913		212125		194788		
19:05:19		411104		213124		197980		
19:05:21		409764		215628		194136		
19:05:23		409725		217389		192336		
19:05:25		408199		218867		189332		
19:05:27		418641		220833		197808		
19:05:29		414817		222417		192400		
19:05:31		386323		224055		162268		
19:05:33		388066		225002		163064		
19:05:35		377005		227477		149528		
19:05:37		364688		229112		135576		
19:05:39		359909		230841		129068		
19:05:41		357046		232722		124324		
19:05:43		358777		233609		125168		
19:05:45		360807		236351		124456		
19:05:47		358729		238181		120548		
19:05:49		347170		239998		107172		
19:05:51		351378		241678		109700		
19:05:53		346502		243622		102880		
19:05:55		339624		248528		91096		
19:05:57		338427		228211		110216		
19:05:59		315544		230528		85016		
19:06:01		311060		232212		78848		
19:06:03		306806		233974		72832		
19:06:05		313027		235791		77236		
19:06:07		342482		237286		105196		
19:06:09		343411		238927		104484		
19:06:11		341978		240718		101260		
19:06:13		347728		242284		105444		
19:06:15		346827		243955		102872		
19:06:17		345863		245719		100144		
19:06:19		343230		247582		95648		
19:06:21		342174		249346		92828		
19:06:23		353033		250997		102036		
19:06:25		356227		252735		103492		
19:06:27		349865		254617		95248		
19:06:29		351328		256648		94680		
19:06:31		414355		258139		156216		
19:06:33		436504		259860		176644		
19:06:36		399478		233838		165640		
19:06:38		380250		263126		117124		
19:06:40		400100		264748		135352		
19:06:42		410556		266400		144156		
19:06:44		404042		268070		135972		
19:06:46		399627		270103		129524		
19:06:48		384177		271609		112568		
19:06:50		378450		273386		105064		
19:06:52		371361		274913		96448		
19:06:54		366961		276745		90216		
19:06:56		365751		278387		87364		
19:06:58		365191		280151		85040		
19:07:00		364637		281861		82776		
19:07:02		381897		283621		98276		
19:07:04		381897		285589		96308		
19:07:06		381897		288085		93812		
19:07:08		386796		289884		96912		
19:07:10		381226		291630		89596		
19:07:12		376529		293349		83180		
19:07:14		383236		294580		88656		
19:07:16		384011		278359		105652		
19:07:18		450037		280941		169096		
19:07:20		452191		282583		169608		
19:07:22		432770		284118		148652		
19:07:24		433463		285991		147472		
19:07:26		427437		287465		139972		
19:07:28		430910		289266		141644		
19:07:30		430910		290722		140188		
19:07:32		414969		291613		123356		
19:07:34		423479		294163		129316		
19:07:36		418247		295939		122308		
19:07:38		414990		297650		117340		
19:07:40		423434		299358		124076		
19:07:42		419597		300977		118620		
19:07:44		422035		302051		119984		
19:07:46		411091		304499		106592		
19:07:48		406750		306490		100260		
19:07:50		405729		308033		97696		
19:07:52		409904		309976		99928		
19:07:54		410236		311860		98376		
19:07:56		460934		313266		147668		
19:07:58		487630		314790		172840		
19:08:00		515345		316529		198816		
19:08:02		514455		318243		196212		
19:08:04		514133		319193		194940		
19:08:06		511910		321790		190120		
19:08:08		521403		322603		198800		
19:08:10		526141		327341		198800		
19:08:12		537922		327310		210612		
19:08:14		535488		329016		206472		
19:08:16		541775		330683		211092		
19:08:18		538791		332255		206536		
19:08:20		539594		334050		205544		
19:08:22		536628		335804		200824		
19:08:24		536252		337460		198792		
19:08:26		536209		339557		196652		
19:08:28		534409		341149		193260		
19:08:30		533108		342916		190192		
19:08:32		533321		344745		188576		
19:08:34		536270		329302		206968		
19:08:36		533347		325115		208232		
19:08:38		532202		325086		207116		
19:08:40		531186		325062		206124		
19:08:42		530128		325120		205008		
19:08:44		529296		325032		204264		
19:08:46		529321		325057		204264		
19:08:48		528824		325056		203768		
19:08:50		527807		325031		202776		
19:08:52		527978		325078		202900		
19:08:54		527978		325078		202900		
19:08:56		527323		325043		202280		
19:08:58		527036		325004		202032		
19:09:00		526673		325013		201660		
19:09:03		526310		325022		201288		
19:09:05		525984		325420		200564		
19:09:07		526034		325346		200688		
19:09:09		525586		325146		200440		
19:09:11		525172		325104		200068		
19:09:13		525199		325131		200068		
19:09:15		525079		325135		199944		
19:09:17		524896		325076		199820		
19:09:19		529338		325418		203920		
19:09:21		541421		325349		216072		
19:09:23		540774		324826		215948		
19:09:25		537622		323038		214584		
19:09:27		536065		322473		213592		
19:09:29		532753		322509		210244		
19:09:31		534037		323049		210988		
19:09:33		533879		322891		210988		
19:09:35		532199		322451		209748		
19:09:37		530827		322443		208384		
19:09:39		529481		319981		209500		
19:09:41		528675		319547		209128		
19:09:43		527452		319440		208012		
19:09:45		527239		319475		207764		
19:09:46		527331		319567		207764		
