record in kb
time		total		used		free
[09:34:49]		1048572		0		1048572
[09:34:52]		1048572		0		1048572
[09:34:55]		1048572		0		1048572
[09:34:58]		1048572		0		1048572
[09:35:01]		1048572		0		1048572
[09:35:04]		1048572		0		1048572
[09:35:07]		1048572		0		1048572
[09:35:10]		1048572		0		1048572
[09:35:13]		1048572		0		1048572
[09:35:16]		1048572		0		1048572
[09:35:19]		1048572		0		1048572
[09:35:22]		1048572		0		1048572
[09:35:25]		1048572		0		1048572
[09:35:28]		1048572		12		1048560
[09:35:31]		1048572		12		1048560
[09:35:34]		1048572		168		1048404
[09:35:37]		1048572		292		1048280
[09:35:40]		1048572		528		1048044
[09:35:43]		1048572		708		1047864
[09:35:46]		1048572		932		1047640
[09:35:49]		1048572		1064		1047508
[09:35:52]		1048572		1304		1047268
[09:35:55]		1048572		1852		1046720
[09:35:58]		1048572		2600		1045972
[09:36:01]		1048572		3492		1045080
[09:36:04]		1048572		4864		1043708
[09:36:07]		1048572		7244		1041328
[09:36:10]		1048572		10768		1037804
[09:36:13]		1048572		12068		1036504
[09:36:16]		1048572		12700		1035872
[09:36:19]		1048572		13072		1035500
[09:36:22]		1048572		13960		1034612
[09:36:25]		1048572		14408		1034164
[09:36:28]		1048572		14672		1033900
[09:36:31]		1048572		14716		1033856
[09:36:34]		1048572		14804		1033768
[09:36:37]		1048572		15028		1033544
[09:36:40]		1048572		15528		1033044
[09:36:43]		1048572		15528		1033044
[09:36:46]		1048572		15528		1033044
[09:36:49]		1048572		15528		1033044
[09:36:52]		1048572		15528		1033044
[09:36:55]		1048572		15528		1033044
[09:36:58]		1048572		15528		1033044
[09:37:01]		1048572		15528		1033044
[09:37:04]		1048572		15528		1033044
[09:37:07]		1048572		15528		1033044
[09:37:10]		1048572		15528		1033044
[09:37:13]		1048572		15528		1033044
[09:37:16]		1048572		15528		1033044
[09:37:19]		1048572		15528		1033044
[09:37:22]		1048572		15432		1033140
[09:37:25]		1048572		15376		1033196
[09:37:28]		1048572		15376		1033196
[09:37:31]		1048572		15376		1033196
[09:37:34]		1048572		15376		1033196
[09:37:37]		1048572		15376		1033196
[09:37:40]		1048572		15376		1033196
[09:37:43]		1048572		15376		1033196
[09:37:46]		1048572		15376		1033196
[09:37:49]		1048572		15376		1033196
[09:37:52]		1048572		15376		1033196
[09:37:55]		1048572		15584		1032988
[09:37:58]		1048572		15592		1032980
[09:38:01]		1048572		15820		1032752
[09:38:04]		1048572		15912		1032660
[09:38:07]		1048572		16096		1032476
[09:38:10]		1048572		16224		1032348
[09:38:13]		1048572		16264		1032308
[09:38:16]		1048572		16776		1031796
[09:38:19]		1048572		16812		1031760
[09:38:22]		1048572		17052		1031520
[09:38:25]		1048572		17048		1031524
[09:38:28]		1048572		17048		1031524
[09:38:31]		1048572		17048		1031524
[09:38:34]		1048572		17048		1031524
[09:38:37]		1048572		17048		1031524
[09:38:40]		1048572		17048		1031524
[09:38:43]		1048572		17048		1031524
[09:38:46]		1048572		17048		1031524
[09:38:49]		1048572		17048		1031524
[09:38:52]		1048572		17048		1031524
[09:38:55]		1048572		17048		1031524
[09:38:58]		1048572		17048		1031524
[09:39:01]		1048572		17048		1031524
[09:39:04]		1048572		16968		1031604
[09:39:07]		1048572		16968		1031604
[09:39:10]		1048572		16968		1031604
[09:39:13]		1048572		16968		1031604
[09:39:16]		1048572		16968		1031604
[09:39:19]		1048572		16968		1031604
[09:39:22]		1048572		16968		1031604
[09:39:25]		1048572		16968		1031604
[09:39:28]		1048572		16968		1031604
[09:39:31]		1048572		16968		1031604
[09:39:34]		1048572		16968		1031604
[09:39:37]		1048572		16968		1031604
[09:39:40]		1048572		16968		1031604
[09:39:43]		1048572		16968		1031604
[09:39:46]		1048572		16968		1031604
[09:39:49]		1048572		16968		1031604
[09:39:52]		1048572		16968		1031604
[09:39:55]		1048572		16968		1031604
[09:39:58]		1048572		16968		1031604
[09:40:01]		1048572		16968		1031604
[09:40:04]		1048572		17308		1031264
[09:40:07]		1048572		17804		1030768
[09:40:10]		1048572		17812		1030760
[09:40:13]		1048572		17812		1030760
[09:40:16]		1048572		17812		1030760
[09:40:19]		1048572		17812		1030760
[09:40:22]		1048572		17812		1030760
[09:40:25]		1048572		17812		1030760
[09:40:28]		1048572		17812		1030760
[09:40:31]		1048572		17812		1030760
[09:40:34]		1048572		17812		1030760
[09:40:37]		1048572		17812		1030760
[09:40:40]		1048572		17812		1030760
[09:40:43]		1048572		17812		1030760
[09:40:46]		1048572		17812		1030760
[09:40:49]		1048572		17820		1030752
[09:40:52]		1048572		17820		1030752
[09:40:55]		1048572		17820		1030752
[09:40:58]		1048572		17820		1030752
[09:41:01]		1048572		17820		1030752
[09:41:04]		1048572		17820		1030752
[09:41:07]		1048572		17820		1030752
[09:41:10]		1048572		17820		1030752
[09:41:13]		1048572		18172		1030400
[09:41:16]		1048572		18172		1030400
[09:41:19]		1048572		18356		1030216
[09:41:22]		1048572		18368		1030204
[09:41:25]		1048572		18368		1030204
[09:41:28]		1048572		18368		1030204
[09:41:31]		1048572		18368		1030204
[09:41:34]		1048572		18368		1030204
[09:41:37]		1048572		18368		1030204
[09:41:40]		1048572		18380		1030192
[09:41:43]		1048572		18380		1030192
[09:41:46]		1048572		18380		1030192
[09:41:49]		1048572		18392		1030180
[09:41:52]		1048572		18392		1030180
[09:41:55]		1048572		18392		1030180
[09:41:58]		1048572		18392		1030180
[09:42:01]		1048572		18392		1030180
[09:42:04]		1048572		18392		1030180
[09:42:07]		1048572		18472		1030100
[09:42:10]		1048572		18568		1030004
[09:42:13]		1048572		18568		1030004
[09:42:16]		1048572		18568		1030004
[09:42:19]		1048572		18616		1029956
[09:42:22]		1048572		18628		1029944
[09:42:25]		1048572		18628		1029944
[09:42:28]		1048572		18700		1029872
[09:42:31]		1048572		18700		1029872
[09:42:34]		1048572		19140		1029432
[09:42:37]		1048572		19140		1029432
[09:42:40]		1048572		19140		1029432
[09:42:43]		1048572		19140		1029432
[09:42:46]		1048572		19140		1029432
[09:42:49]		1048572		19140		1029432
[09:42:52]		1048572		19140		1029432
[09:42:55]		1048572		19140		1029432
[09:42:58]		1048572		19140		1029432
[09:43:01]		1048572		19140		1029432
[09:43:04]		1048572		19140		1029432
[09:43:07]		1048572		19140		1029432
[09:43:10]		1048572		19140		1029432
[09:43:13]		1048572		19140		1029432
[09:43:16]		1048572		19140		1029432
[09:43:19]		1048572		19140		1029432
[09:43:22]		1048572		19140		1029432
[09:43:26]		1048572		19140		1029432
[09:43:29]		1048572		19140		1029432
[09:43:32]		1048572		19140		1029432
[09:43:35]		1048572		19140		1029432
[09:43:38]		1048572		19140		1029432
[09:43:41]		1048572		19140		1029432
[09:43:44]		1048572		19140		1029432
[09:43:47]		1048572		19140		1029432
[09:43:50]		1048572		19140		1029432
[09:43:53]		1048572		19140		1029432
[09:43:56]		1048572		19140		1029432
[09:43:59]		1048572		19140		1029432
[09:44:02]		1048572		19140		1029432
[09:44:05]		1048572		19140		1029432
[09:44:08]		1048572		19140		1029432
[09:44:11]		1048572		19140		1029432
[09:44:14]		1048572		19140		1029432
[09:44:17]		1048572		19140		1029432
[09:44:20]		1048572		19140		1029432
[09:44:23]		1048572		19140		1029432
[09:44:26]		1048572		19140		1029432
[09:44:29]		1048572		19140		1029432
[09:44:32]		1048572		19140		1029432
[09:44:35]		1048572		19140		1029432
[09:44:38]		1048572		19144		1029428
[09:44:41]		1048572		19144		1029428
[09:44:44]		1048572		19144		1029428
[09:44:47]		1048572		19144		1029428
[09:44:50]		1048572		19144		1029428
[09:44:53]		1048572		19144		1029428
[09:44:56]		1048572		19144		1029428
[09:44:59]		1048572		19144		1029428
[09:45:02]		1048572		19144		1029428
[09:45:05]		1048572		19144		1029428
[09:45:08]		1048572		19144		1029428
[09:45:11]		1048572		19144		1029428
[09:45:14]		1048572		19144		1029428
[09:45:17]		1048572		19144		1029428
[09:45:20]		1048572		19144		1029428
[09:45:23]		1048572		19148		1029424
[09:45:26]		1048572		19148		1029424
[09:45:29]		1048572		19148		1029424
[09:45:32]		1048572		19148		1029424
[09:45:35]		1048572		19144		1029428
[09:45:38]		1048572		19144		1029428
[09:45:41]		1048572		19144		1029428
[09:45:44]		1048572		19144		1029428
[09:45:47]		1048572		19144		1029428
[09:45:50]		1048572		19144		1029428
[09:45:53]		1048572		19144		1029428
[09:45:56]		1048572		19144		1029428
[09:45:59]		1048572		19144		1029428
[09:46:02]		1048572		19144		1029428
[09:46:05]		1048572		19144		1029428
[09:46:08]		1048572		19144		1029428
[09:46:11]		1048572		19144		1029428
[09:46:14]		1048572		19144		1029428
[09:46:17]		1048572		19144		1029428
[09:46:20]		1048572		19144		1029428
[09:46:23]		1048572		19144		1029428
[09:46:26]		1048572		19144		1029428
[09:46:29]		1048572		19144		1029428
[09:46:32]		1048572		19144		1029428
[09:46:35]		1048572		19144		1029428
[09:46:38]		1048572		19144		1029428
[09:46:41]		1048572		19144		1029428
[09:46:44]		1048572		19144		1029428
[09:46:47]		1048572		19144		1029428
[09:46:50]		1048572		19144		1029428
[09:46:53]		1048572		19144		1029428
[09:46:56]		1048572		19144		1029428
[09:46:59]		1048572		19144		1029428
[09:47:02]		1048572		19144		1029428
[09:47:05]		1048572		19144		1029428
[09:47:08]		1048572		19144		1029428
[09:47:11]		1048572		19344		1029228
[09:47:14]		1048572		19344		1029228
[09:47:17]		1048572		19344		1029228
[09:47:20]		1048572		19344		1029228
[09:47:23]		1048572		19344		1029228
[09:47:26]		1048572		19344		1029228
[09:47:29]		1048572		19344		1029228
[09:47:32]		1048572		19344		1029228
[09:47:35]		1048572		19344		1029228
[09:47:38]		1048572		19344		1029228
[09:47:41]		1048572		19344		1029228
[09:47:44]		1048572		19344		1029228
[09:47:47]		1048572		19344		1029228
[09:47:50]		1048572		19344		1029228
[09:47:53]		1048572		19344		1029228
[09:47:56]		1048572		19344		1029228
[09:47:59]		1048572		19344		1029228
[09:48:02]		1048572		19344		1029228
[09:48:05]		1048572		19344		1029228
[09:48:08]		1048572		19344		1029228
[09:48:11]		1048572		19344		1029228
[09:48:14]		1048572		19344		1029228
[09:48:17]		1048572		19344		1029228
[09:48:20]		1048572		19344		1029228
[09:48:23]		1048572		19344		1029228
[09:48:26]		1048572		19344		1029228
[09:48:29]		1048572		19344		1029228
[09:48:32]		1048572		19344		1029228
[09:48:35]		1048572		19344		1029228
[09:48:38]		1048572		19344		1029228
[09:48:41]		1048572		19344		1029228
[09:48:44]		1048572		19344		1029228
[09:48:47]		1048572		19344		1029228
[09:48:50]		1048572		19344		1029228
[09:48:53]		1048572		19344		1029228
[09:48:56]		1048572		19344		1029228
[09:48:59]		1048572		19344		1029228
[09:49:02]		1048572		19344		1029228
[09:49:05]		1048572		19344		1029228
[09:49:08]		1048572		19344		1029228
[09:49:11]		1048572		19344		1029228
[09:49:14]		1048572		19344		1029228
[09:49:17]		1048572		19344		1029228
[09:49:20]		1048572		19344		1029228
[09:49:23]		1048572		19424		1029148
[09:49:26]		1048572		19424		1029148
[09:49:29]		1048572		19424		1029148
[09:49:32]		1048572		19424		1029148
[09:49:35]		1048572		19424		1029148
[09:49:38]		1048572		19424		1029148
[09:49:41]		1048572		19424		1029148
[09:49:44]		1048572		19424		1029148
[09:49:47]		1048572		19424		1029148
[09:49:50]		1048572		19416		1029156
[09:49:53]		1048572		19196		1029376
[09:49:56]		1048572		19196		1029376
[09:49:59]		1048572		19196		1029376
[09:50:02]		1048572		19196		1029376
[09:50:05]		1048572		19196		1029376
[09:50:08]		1048572		19196		1029376
[09:50:11]		1048572		19196		1029376
[09:50:14]		1048572		19196		1029376
[09:50:17]		1048572		19196		1029376
[09:50:20]		1048572		19196		1029376
[09:50:23]		1048572		19196		1029376
[09:50:26]		1048572		19196		1029376
[09:50:29]		1048572		19196		1029376
[09:50:32]		1048572		19196		1029376
[09:50:35]		1048572		19196		1029376
[09:50:38]		1048572		19196		1029376
[09:50:41]		1048572		19196		1029376
[09:50:44]		1048572		19196		1029376
[09:50:47]		1048572		19196		1029376
[09:50:50]		1048572		19196		1029376
[09:50:53]		1048572		19196		1029376
[09:50:56]		1048572		19196		1029376
[09:50:59]		1048572		19196		1029376
[09:51:02]		1048572		19196		1029376
[09:51:05]		1048572		19196		1029376
[09:51:08]		1048572		19196		1029376
[09:51:11]		1048572		19196		1029376
[09:51:14]		1048572		19196		1029376
[09:51:17]		1048572		19196		1029376
[09:51:20]		1048572		19196		1029376
[09:51:23]		1048572		19196		1029376
[09:51:26]		1048572		19196		1029376
[09:51:29]		1048572		19196		1029376
[09:51:32]		1048572		19196		1029376
[09:51:35]		1048572		19196		1029376
[09:51:38]		1048572		19196		1029376
[09:51:41]		1048572		19196		1029376
[09:51:44]		1048572		19196		1029376
[09:51:47]		1048572		19196		1029376
[09:51:50]		1048572		19196		1029376
[09:51:53]		1048572		19196		1029376
[09:51:56]		1048572		19196		1029376
[09:51:59]		1048572		19196		1029376
[09:52:02]		1048572		19196		1029376
[09:52:05]		1048572		19200		1029372
[09:52:08]		1048572		19200		1029372
[09:52:11]		1048572		19200		1029372
[09:52:14]		1048572		19200		1029372
[09:52:17]		1048572		19200		1029372
[09:52:20]		1048572		19200		1029372
[09:52:23]		1048572		19200		1029372
[09:52:26]		1048572		19200		1029372
[09:52:29]		1048572		19200		1029372
[09:52:32]		1048572		19200		1029372
[09:52:35]		1048572		19200		1029372
[09:52:38]		1048572		19200		1029372
[09:52:41]		1048572		19200		1029372
[09:52:44]		1048572		19200		1029372
[09:52:47]		1048572		19200		1029372
[09:52:50]		1048572		19200		1029372
[09:52:53]		1048572		19200		1029372
[09:52:56]		1048572		19200		1029372
[09:52:59]		1048572		19200		1029372
[09:53:02]		1048572		19200		1029372
[09:53:05]		1048572		19200		1029372
[09:53:08]		1048572		19200		1029372
[09:53:11]		1048572		19200		1029372
[09:53:14]		1048572		19200		1029372
[09:53:17]		1048572		19200		1029372
[09:53:20]		1048572		19200		1029372
[09:53:23]		1048572		19200		1029372
[09:53:26]		1048572		19200		1029372
[09:53:29]		1048572		19200		1029372
[09:53:32]		1048572		19200		1029372
[09:53:35]		1048572		19200		1029372
[09:53:38]		1048572		19200		1029372
[09:53:41]		1048572		19200		1029372
[09:53:44]		1048572		19200		1029372
[09:53:47]		1048572		19200		1029372
[09:53:50]		1048572		19208		1029364
[09:53:53]		1048572		19216		1029356
[09:53:56]		1048572		19216		1029356
[09:53:59]		1048572		19216		1029356
[09:54:02]		1048572		19220		1029352
[09:54:05]		1048572		19264		1029308
[09:54:08]		1048572		19280		1029292
[09:54:11]		1048572		19280		1029292
[09:54:14]		1048572		19280		1029292
[09:54:17]		1048572		19280		1029292
[09:54:20]		1048572		19216		1029356
[09:54:23]		1048572		19216		1029356
[09:54:26]		1048572		19216		1029356
[09:54:29]		1048572		19216		1029356
[09:54:32]		1048572		19216		1029356
[09:54:35]		1048572		19216		1029356
[09:54:38]		1048572		19216		1029356
[09:54:41]		1048572		19216		1029356
[09:54:44]		1048572		19216		1029356
[09:54:47]		1048572		19216		1029356
[09:54:50]		1048572		19216		1029356
[09:54:53]		1048572		19216		1029356
[09:54:56]		1048572		19216		1029356
[09:54:59]		1048572		19216		1029356
[09:55:02]		1048572		19216		1029356
[09:55:05]		1048572		19216		1029356
[09:55:08]		1048572		19216		1029356
[09:55:11]		1048572		19216		1029356
[09:55:14]		1048572		19216		1029356
[09:55:17]		1048572		19216		1029356
[09:55:20]		1048572		19216		1029356
[09:55:23]		1048572		19216		1029356
[09:55:26]		1048572		19216		1029356
[09:55:29]		1048572		19236		1029336
[09:55:32]		1048572		19248		1029324
[09:55:35]		1048572		19248		1029324
[09:55:38]		1048572		19248		1029324
[09:55:41]		1048572		19248		1029324
[09:55:44]		1048572		19248		1029324
[09:55:47]		1048572		19248		1029324
[09:55:50]		1048572		19248		1029324
[09:55:53]		1048572		19248		1029324
[09:55:56]		1048572		19248		1029324
[09:55:59]		1048572		19252		1029320
[09:56:02]		1048572		19216		1029356
[09:56:05]		1048572		19216		1029356
[09:56:08]		1048572		19216		1029356
[09:56:11]		1048572		19216		1029356
[09:56:14]		1048572		19216		1029356
[09:56:17]		1048572		19216		1029356
[09:56:20]		1048572		19216		1029356
[09:56:23]		1048572		19216		1029356
[09:56:26]		1048572		19216		1029356
[09:56:29]		1048572		19216		1029356
[09:56:32]		1048572		19208		1029364
[09:56:35]		1048572		19208		1029364
[09:56:38]		1048572		19208		1029364
[09:56:41]		1048572		19208		1029364
[09:56:44]		1048572		19208		1029364
[09:56:47]		1048572		19208		1029364
[09:56:50]		1048572		19416		1029156
[09:56:53]		1048572		19416		1029156
[09:56:56]		1048572		19416		1029156
[09:56:59]		1048572		19416		1029156
[09:57:02]		1048572		19416		1029156
[09:57:05]		1048572		19416		1029156
[09:57:08]		1048572		19416		1029156
[09:57:11]		1048572		19416		1029156
[09:57:14]		1048572		19416		1029156
[09:57:17]		1048572		19416		1029156
[09:57:20]		1048572		19416		1029156
[09:57:23]		1048572		19416		1029156
[09:57:26]		1048572		19416		1029156
[09:57:29]		1048572		19416		1029156
[09:57:32]		1048572		19416		1029156
[09:57:35]		1048572		19416		1029156
[09:57:38]		1048572		19416		1029156
[09:57:41]		1048572		19416		1029156
[09:57:44]		1048572		19416		1029156
[09:57:47]		1048572		19416		1029156
[09:57:50]		1048572		19416		1029156
[09:57:53]		1048572		19416		1029156
[09:57:56]		1048572		19416		1029156
[09:57:59]		1048572		19416		1029156
[09:58:02]		1048572		19416		1029156
[09:58:05]		1048572		19416		1029156
[09:58:08]		1048572		19416		1029156
[09:58:11]		1048572		19416		1029156
[09:58:15]		1048572		19416		1029156
[09:58:18]		1048572		19416		1029156
[09:58:21]		1048572		19416		1029156
[09:58:24]		1048572		19416		1029156
[09:58:27]		1048572		19416		1029156
[09:58:30]		1048572		19428		1029144
[09:58:33]		1048572		19428		1029144
[09:58:36]		1048572		19428		1029144
[09:58:39]		1048572		19428		1029144
[09:58:42]		1048572		19428		1029144
[09:58:45]		1048572		19436		1029136
[09:58:48]		1048572		19436		1029136
[09:58:51]		1048572		19436		1029136
[09:58:54]		1048572		19452		1029120
[09:58:57]		1048572		19452		1029120
[09:59:00]		1048572		19452		1029120
[09:59:03]		1048572		19456		1029116
[09:59:06]		1048572		19416		1029156
[09:59:09]		1048572		19416		1029156
[09:59:12]		1048572		19416		1029156
[09:59:15]		1048572		19416		1029156
[09:59:18]		1048572		19416		1029156
[09:59:21]		1048572		19416		1029156
[09:59:24]		1048572		19416		1029156
[09:59:27]		1048572		19416		1029156
[09:59:30]		1048572		19416		1029156
[09:59:33]		1048572		19416		1029156
[09:59:36]		1048572		19416		1029156
[09:59:39]		1048572		19416		1029156
[09:59:42]		1048572		19416		1029156
[09:59:45]		1048572		19416		1029156
[09:59:48]		1048572		19416		1029156
[09:59:51]		1048572		19416		1029156
[09:59:54]		1048572		19416		1029156
[09:59:57]		1048572		19416		1029156
[10:00:00]		1048572		19416		1029156
[10:00:03]		1048572		19416		1029156
[10:00:06]		1048572		19416		1029156
[10:00:09]		1048572		19416		1029156
[10:00:12]		1048572		19416		1029156
[10:00:15]		1048572		19416		1029156
[10:00:18]		1048572		19416		1029156
[10:00:21]		1048572		19416		1029156
[10:00:24]		1048572		19416		1029156
[10:00:27]		1048572		19416		1029156
[10:00:30]		1048572		19416		1029156
[10:00:33]		1048572		19416		1029156
[10:00:36]		1048572		19416		1029156
[10:00:39]		1048572		19416		1029156
[10:00:42]		1048572		19416		1029156
[10:00:45]		1048572		19416		1029156
[10:00:48]		1048572		19424		1029148
[10:00:51]		1048572		19416		1029156
[10:00:54]		1048572		19416		1029156
[10:00:57]		1048572		19416		1029156
[10:01:00]		1048572		19416		1029156
[10:01:03]		1048572		19416		1029156
[10:01:06]		1048572		19416		1029156
[10:01:09]		1048572		19416		1029156
[10:01:12]		1048572		19416		1029156
[10:01:15]		1048572		19416		1029156
[10:01:18]		1048572		19416		1029156
[10:01:21]		1048572		19416		1029156
[10:01:24]		1048572		19464		1029108
[10:01:27]		1048572		19464		1029108
[10:01:30]		1048572		19464		1029108
[10:01:33]		1048572		19464		1029108
[10:01:36]		1048572		19464		1029108
[10:01:39]		1048572		19464		1029108
[10:01:42]		1048572		19464		1029108
[10:01:45]		1048572		19464		1029108
[10:01:48]		1048572		19464		1029108
[10:01:51]		1048572		19464		1029108
[10:01:54]		1048572		19464		1029108
[10:01:57]		1048572		19464		1029108
[10:02:00]		1048572		19464		1029108
[10:02:03]		1048572		19416		1029156
[10:02:06]		1048572		19416		1029156
[10:02:09]		1048572		19416		1029156
[10:02:12]		1048572		19416		1029156
[10:02:15]		1048572		19416		1029156
[10:02:18]		1048572		19416		1029156
[10:02:21]		1048572		19416		1029156
[10:02:24]		1048572		19416		1029156
[10:02:27]		1048572		19416		1029156
[10:02:30]		1048572		19416		1029156
[10:02:33]		1048572		19416		1029156
[10:02:36]		1048572		19444		1029128
[10:02:39]		1048572		19444		1029128
[10:02:42]		1048572		19444		1029128
[10:02:45]		1048572		19444		1029128
[10:02:48]		1048572		19444		1029128
[10:02:51]		1048572		19444		1029128
[10:02:54]		1048572		19444		1029128
[10:02:57]		1048572		19444		1029128
[10:03:00]		1048572		19444		1029128
[10:03:03]		1048572		19444		1029128
[10:03:06]		1048572		19444		1029128
[10:03:09]		1048572		19444		1029128
[10:03:12]		1048572		19416		1029156
[10:03:15]		1048572		19416		1029156
[10:03:18]		1048572		19416		1029156
[10:03:21]		1048572		19416		1029156
[10:03:24]		1048572		19416		1029156
[10:03:27]		1048572		19416		1029156
[10:03:30]		1048572		19416		1029156
[10:03:33]		1048572		19416		1029156
[10:03:36]		1048572		19416		1029156
[10:03:39]		1048572		19416		1029156
[10:03:42]		1048572		19416		1029156
[10:03:45]		1048572		19416		1029156
[10:03:48]		1048572		19416		1029156
[10:03:51]		1048572		19416		1029156
[10:03:54]		1048572		19416		1029156
[10:03:57]		1048572		19416		1029156
[10:04:00]		1048572		19416		1029156
[10:04:03]		1048572		19416		1029156
[10:04:06]		1048572		19416		1029156
[10:04:09]		1048572		19416		1029156
[10:04:12]		1048572		19416		1029156
[10:04:15]		1048572		19428		1029144
[10:04:18]		1048572		19428		1029144
[10:04:21]		1048572		19428		1029144
[10:04:24]		1048572		19428		1029144
[10:04:27]		1048572		19428		1029144
[10:04:30]		1048572		19428		1029144
[10:04:33]		1048572		19428		1029144
[10:04:36]		1048572		19428		1029144
[10:04:39]		1048572		19428		1029144
[10:04:42]		1048572		19428		1029144
[10:04:45]		1048572		19428		1029144
[10:04:48]		1048572		19428		1029144
[10:04:51]		1048572		19428		1029144
[10:04:54]		1048572		19432		1029140
[10:04:57]		1048572		19432		1029140
[10:05:00]		1048572		19432		1029140
[10:05:03]		1048572		19432		1029140
[10:05:06]		1048572		19432		1029140
[10:05:09]		1048572		19432		1029140
[10:05:12]		1048572		19432		1029140
[10:05:15]		1048572		19432		1029140
[10:05:18]		1048572		19432		1029140
[10:05:21]		1048572		19460		1029112
[10:05:24]		1048572		19460		1029112
[10:05:27]		1048572		19460		1029112
[10:05:30]		1048572		19460		1029112
[10:05:33]		1048572		19460		1029112
[10:05:36]		1048572		19464		1029108
[10:05:39]		1048572		19484		1029088
[10:05:42]		1048572		19508		1029064
[10:05:45]		1048572		19532		1029040
[10:05:48]		1048572		19428		1029144
[10:05:51]		1048572		19428		1029144
[10:05:54]		1048572		19428		1029144
[10:05:57]		1048572		19428		1029144
[10:06:00]		1048572		19428		1029144
[10:06:03]		1048572		19428		1029144
[10:06:06]		1048572		19428		1029144
[10:06:09]		1048572		19428		1029144
[10:06:12]		1048572		19432		1029140
[10:06:15]		1048572		19428		1029144
[10:06:18]		1048572		19428		1029144
[10:06:21]		1048572		19428		1029144
[10:06:24]		1048572		19428		1029144
[10:06:27]		1048572		19428		1029144
[10:06:30]		1048572		19428		1029144
[10:06:33]		1048572		19428		1029144
[10:06:36]		1048572		19428		1029144
[10:06:39]		1048572		19432		1029140
[10:06:42]		1048572		19432		1029140
[10:06:45]		1048572		19432		1029140
[10:06:48]		1048572		19432		1029140
[10:06:51]		1048572		19432		1029140
[10:06:54]		1048572		19432		1029140
[10:06:57]		1048572		19432		1029140
[10:07:00]		1048572		19432		1029140
[10:07:03]		1048572		19432		1029140
[10:07:06]		1048572		19432		1029140
[10:07:09]		1048572		19504		1029068
[10:07:12]		1048572		19504		1029068
[10:07:15]		1048572		19504		1029068
[10:07:18]		1048572		19504		1029068
[10:07:21]		1048572		19432		1029140
[10:07:24]		1048572		19432		1029140
[10:07:27]		1048572		19432		1029140
[10:07:30]		1048572		19432		1029140
[10:07:33]		1048572		19432		1029140
[10:07:36]		1048572		19432		1029140
[10:07:39]		1048572		19432		1029140
[10:07:42]		1048572		19432		1029140
[10:07:45]		1048572		19432		1029140
[10:07:48]		1048572		19432		1029140
[10:07:51]		1048572		19432		1029140
[10:07:54]		1048572		19432		1029140
[10:07:57]		1048572		19432		1029140
[10:08:00]		1048572		19432		1029140
[10:08:03]		1048572		19432		1029140
[10:08:06]		1048572		19432		1029140
[10:08:09]		1048572		19432		1029140
[10:08:12]		1048572		19432		1029140
[10:08:15]		1048572		19432		1029140
[10:08:18]		1048572		19432		1029140
[10:08:21]		1048572		19432		1029140
[10:08:24]		1048572		19432		1029140
[10:08:27]		1048572		19432		1029140
[10:08:30]		1048572		19432		1029140
[10:08:33]		1048572		19432		1029140
[10:08:36]		1048572		19432		1029140
[10:08:39]		1048572		19432		1029140
[10:08:42]		1048572		19432		1029140
[10:08:45]		1048572		19432		1029140
[10:08:48]		1048572		19432		1029140
[10:08:51]		1048572		19432		1029140
[10:08:54]		1048572		19464		1029108
[10:08:57]		1048572		19476		1029096
[10:09:00]		1048572		19476		1029096
[10:09:03]		1048572		19464		1029108
[10:09:06]		1048572		19396		1029176
[10:09:09]		1048572		19400		1029172
[10:09:12]		1048572		19408		1029164
[10:09:15]		1048572		19352		1029220
[10:09:18]		1048572		19352		1029220
[10:09:21]		1048572		19352		1029220
[10:09:24]		1048572		19352		1029220
[10:09:27]		1048572		19352		1029220
[10:09:30]		1048572		19352		1029220
[10:09:33]		1048572		19352		1029220
[10:09:36]		1048572		19352		1029220
[10:09:39]		1048572		19352		1029220
[10:09:43]		1048572		19352		1029220
[10:09:46]		1048572		19352		1029220
[10:09:49]		1048572		19352		1029220
[10:09:52]		1048572		19352		1029220
[10:09:55]		1048572		19352		1029220
[10:09:58]		1048572		19352		1029220
[10:10:01]		1048572		19352		1029220
[10:10:04]		1048572		19352		1029220
[10:10:07]		1048572		19352		1029220
[10:10:10]		1048572		19352		1029220
[10:10:13]		1048572		19352		1029220
[10:10:16]		1048572		19352		1029220
[10:10:19]		1048572		19352		1029220
[10:10:22]		1048572		19356		1029216
[10:10:25]		1048572		19356		1029216
[10:10:28]		1048572		19356		1029216
[10:10:31]		1048572		19356		1029216
[10:10:34]		1048572		19356		1029216
[10:10:37]		1048572		19372		1029200
[10:10:40]		1048572		19444		1029128
[10:10:43]		1048572		19488		1029084
[10:10:46]		1048572		19504		1029068
[10:10:49]		1048572		19352		1029220
[10:10:52]		1048572		19352		1029220
[10:10:55]		1048572		19352		1029220
[10:10:58]		1048572		19352		1029220
[10:11:01]		1048572		19352		1029220
[10:11:04]		1048572		19352		1029220
[10:11:07]		1048572		19356		1029216
[10:11:10]		1048572		19356		1029216
[10:11:13]		1048572		19356		1029216
[10:11:16]		1048572		19356		1029216
[10:11:19]		1048572		19356		1029216
[10:11:22]		1048572		19356		1029216
[10:11:25]		1048572		19420		1029152
[10:11:28]		1048572		19420		1029152
[10:11:31]		1048572		19420		1029152
[10:11:34]		1048572		19420		1029152
[10:11:37]		1048572		19420		1029152
[10:11:40]		1048572		19420		1029152
[10:11:43]		1048572		19420		1029152
[10:11:46]		1048572		19420		1029152
[10:11:49]		1048572		19420		1029152
[10:11:52]		1048572		19428		1029144
[10:11:55]		1048572		19428		1029144
[10:11:58]		1048572		19428		1029144
[10:12:01]		1048572		19428		1029144
[10:12:04]		1048572		19428		1029144
[10:12:07]		1048572		19356		1029216
[10:12:10]		1048572		19356		1029216
[10:12:13]		1048572		19356		1029216
[10:12:16]		1048572		19356		1029216
[10:12:19]		1048572		19356		1029216
[10:12:22]		1048572		19356		1029216
[10:12:25]		1048572		19356		1029216
[10:12:28]		1048572		19356		1029216
[10:12:31]		1048572		19356		1029216
[10:12:34]		1048572		19356		1029216
[10:12:37]		1048572		19360		1029212
[10:12:40]		1048572		19360		1029212
[10:12:43]		1048572		19356		1029216
[10:12:46]		1048572		19356		1029216
[10:12:49]		1048572		19356		1029216
[10:12:52]		1048572		19356		1029216
[10:12:55]		1048572		19356		1029216
[10:12:58]		1048572		19356		1029216
[10:13:01]		1048572		19356		1029216
[10:13:04]		1048572		19356		1029216
[10:13:07]		1048572		19356		1029216
[10:13:10]		1048572		19364		1029208
[10:13:13]		1048572		19364		1029208
[10:13:16]		1048572		19364		1029208
[10:13:19]		1048572		19364		1029208
[10:13:22]		1048572		19364		1029208
[10:13:25]		1048572		19364		1029208
[10:13:28]		1048572		19364		1029208
[10:13:31]		1048572		19364		1029208
[10:13:34]		1048572		19364		1029208
[10:13:37]		1048572		19364		1029208
[10:13:40]		1048572		19364		1029208
[10:13:43]		1048572		19364		1029208
[10:13:46]		1048572		19364		1029208
[10:13:49]		1048572		19372		1029200
[10:13:52]		1048572		19364		1029208
[10:13:55]		1048572		19364		1029208
[10:13:58]		1048572		19364		1029208
[10:14:01]		1048572		19364		1029208
[10:14:04]		1048572		19364		1029208
[10:14:07]		1048572		19364		1029208
[10:14:10]		1048572		19364		1029208
[10:14:13]		1048572		19364		1029208
[10:14:16]		1048572		19364		1029208
[10:14:19]		1048572		19364		1029208
[10:14:22]		1048572		19364		1029208
[10:14:25]		1048572		19364		1029208
[10:14:28]		1048572		19368		1029204
[10:14:31]		1048572		19364		1029208
[10:14:34]		1048572		19364		1029208
[10:14:37]		1048572		19364		1029208
[10:14:40]		1048572		19364		1029208
[10:14:43]		1048572		19364		1029208
[10:14:46]		1048572		19364		1029208
[10:14:49]		1048572		19364		1029208
[10:14:52]		1048572		19364		1029208
[10:14:55]		1048572		19364		1029208
[10:14:58]		1048572		19364		1029208
[10:15:01]		1048572		19384		1029188
[10:15:04]		1048572		19384		1029188
[10:15:07]		1048572		19384		1029188
[10:15:10]		1048572		19384		1029188
[10:15:13]		1048572		19384		1029188
[10:15:16]		1048572		19384		1029188
[10:15:19]		1048572		19384		1029188
[10:15:22]		1048572		19492		1029080
[10:15:25]		1048572		19492		1029080
[10:15:28]		1048572		19504		1029068
[10:15:31]		1048572		19364		1029208
[10:15:34]		1048572		19364		1029208
[10:15:37]		1048572		19364		1029208
[10:15:40]		1048572		19364		1029208
[10:15:43]		1048572		19364		1029208
[10:15:46]		1048572		19364		1029208
[10:15:49]		1048572		19360		1029212
[10:15:52]		1048572		19360		1029212
[10:15:55]		1048572		19360		1029212
[10:15:58]		1048572		19360		1029212
[10:16:01]		1048572		19360		1029212
[10:16:04]		1048572		19360		1029212
[10:16:07]		1048572		19360		1029212
[10:16:10]		1048572		19360		1029212
[10:16:13]		1048572		19436		1029136
[10:16:16]		1048572		19512		1029060
[10:16:19]		1048572		19512		1029060
[10:16:22]		1048572		19512		1029060
[10:16:25]		1048572		19512		1029060
[10:16:28]		1048572		19512		1029060
[10:16:31]		1048572		19512		1029060
[10:16:34]		1048572		19512		1029060
[10:16:37]		1048572		19512		1029060
[10:16:40]		1048572		19512		1029060
[10:16:43]		1048572		19520		1029052
[10:16:46]		1048572		19532		1029040
[10:16:49]		1048572		19536		1029036
[10:16:52]		1048572		19436		1029136
[10:16:55]		1048572		19432		1029140
[10:16:58]		1048572		19432		1029140
[10:17:01]		1048572		19432		1029140
[10:17:04]		1048572		19432		1029140
[10:17:07]		1048572		19352		1029220
[10:17:10]		1048572		19352		1029220
[10:17:13]		1048572		19196		1029376
[10:17:16]		1048572		19196		1029376
[10:17:19]		1048572		19196		1029376
[10:17:22]		1048572		19196		1029376
[10:17:25]		1048572		19196		1029376
[10:17:28]		1048572		19196		1029376
[10:17:31]		1048572		19196		1029376
[10:17:34]		1048572		19196		1029376
[10:17:37]		1048572		19196		1029376
[10:17:40]		1048572		19196		1029376
[10:17:43]		1048572		19196		1029376
[10:17:46]		1048572		19200		1029372
[10:17:49]		1048572		19208		1029364
[10:17:52]		1048572		19208		1029364
[10:17:55]		1048572		19208		1029364
[10:17:58]		1048572		19208		1029364
[10:18:01]		1048572		19208		1029364
[10:18:04]		1048572		19208		1029364
[10:18:07]		1048572		19208		1029364
[10:18:10]		1048572		19212		1029360
[10:18:13]		1048572		19212		1029360
[10:18:16]		1048572		19220		1029352
[10:18:19]		1048572		19244		1029328
[10:18:22]		1048572		19200		1029372
[10:18:25]		1048572		19200		1029372
[10:18:28]		1048572		19200		1029372
[10:18:31]		1048572		19200		1029372
[10:18:34]		1048572		19200		1029372
[10:18:37]		1048572		19200		1029372
[10:18:40]		1048572		19200		1029372
[10:18:43]		1048572		19200		1029372
[10:18:46]		1048572		19200		1029372
[10:18:49]		1048572		19200		1029372
[10:18:52]		1048572		19204		1029368
[10:18:55]		1048572		19204		1029368
[10:18:58]		1048572		19200		1029372
[10:19:01]		1048572		19200		1029372
[10:19:04]		1048572		19200		1029372
[10:19:07]		1048572		19200		1029372
[10:19:10]		1048572		19200		1029372
[10:19:13]		1048572		19200		1029372
[10:19:16]		1048572		19200		1029372
[10:19:19]		1048572		19200		1029372
[10:19:22]		1048572		19216		1029356
[10:19:25]		1048572		19216		1029356
[10:19:28]		1048572		19216		1029356
[10:19:31]		1048572		19216		1029356
[10:19:34]		1048572		19216		1029356
[10:19:37]		1048572		19216		1029356
[10:19:40]		1048572		19216		1029356
[10:19:43]		1048572		19240		1029332
[10:19:46]		1048572		19240		1029332
[10:19:49]		1048572		19240		1029332
[10:19:52]		1048572		19240		1029332
[10:19:55]		1048572		19200		1029372
[10:19:58]		1048572		19200		1029372
[10:20:01]		1048572		19200		1029372
[10:20:04]		1048572		19200		1029372
[10:20:07]		1048572		19200		1029372
[10:20:10]		1048572		19200		1029372
[10:20:13]		1048572		19200		1029372
[10:20:16]		1048572		19200		1029372
[10:20:19]		1048572		19200		1029372
[10:20:22]		1048572		19200		1029372
[10:20:25]		1048572		19200		1029372
[10:20:28]		1048572		19200		1029372
[10:20:31]		1048572		19200		1029372
[10:20:34]		1048572		19200		1029372
[10:20:37]		1048572		19200		1029372
[10:20:40]		1048572		19200		1029372
[10:20:43]		1048572		19200		1029372
[10:20:46]		1048572		19200		1029372
[10:20:49]		1048572		19200		1029372
[10:20:52]		1048572		19200		1029372
[10:20:55]		1048572		19208		1029364
[10:20:58]		1048572		19208		1029364
[10:21:01]		1048572		19208		1029364
[10:21:04]		1048572		19208		1029364
[10:21:07]		1048572		19208		1029364
[10:21:10]		1048572		19208		1029364
[10:21:13]		1048572		19208		1029364
[10:21:16]		1048572		19208		1029364
[10:21:19]		1048572		19208		1029364
[10:21:22]		1048572		19208		1029364
[10:21:25]		1048572		19208		1029364
[10:21:28]		1048572		19208		1029364
[10:21:31]		1048572		19228		1029344
[10:21:34]		1048572		19228		1029344
[10:21:37]		1048572		19228		1029344
[10:21:40]		1048572		19228		1029344
[10:21:43]		1048572		19228		1029344
[10:21:46]		1048572		19228		1029344
[10:21:49]		1048572		19228		1029344
[10:21:52]		1048572		19228		1029344
[10:21:55]		1048572		19228		1029344
[10:21:58]		1048572		19228		1029344
[10:22:01]		1048572		19228		1029344
[10:22:04]		1048572		19228		1029344
[10:22:07]		1048572		19228		1029344
[10:22:10]		1048572		19228		1029344
[10:22:13]		1048572		19228		1029344
[10:22:16]		1048572		19228		1029344
[10:22:19]		1048572		19228		1029344
[10:22:22]		1048572		19228		1029344
[10:22:25]		1048572		19228		1029344
[10:22:28]		1048572		19228		1029344
[10:22:31]		1048572		19228		1029344
[10:22:34]		1048572		19228		1029344
[10:22:37]		1048572		19228		1029344
[10:22:40]		1048572		19228		1029344
[10:22:43]		1048572		19228		1029344
[10:22:46]		1048572		19284		1029288
[10:22:49]		1048572		19436		1029136
[10:22:52]		1048572		19448		1029124
[10:22:55]		1048572		19448		1029124
[10:22:58]		1048572		19452		1029120
[10:23:01]		1048572		19452		1029120
[10:23:04]		1048572		19452		1029120
[10:23:07]		1048572		19452		1029120
[10:23:10]		1048572		19452		1029120
[10:23:13]		1048572		19452		1029120
[10:23:16]		1048572		19452		1029120
[10:23:19]		1048572		19452		1029120
[10:23:22]		1048572		19452		1029120
[10:23:25]		1048572		19456		1029116
[10:23:28]		1048572		19456		1029116
[10:23:31]		1048572		19456		1029116
[10:23:34]		1048572		19456		1029116
[10:23:37]		1048572		19456		1029116
[10:23:40]		1048572		19268		1029304
[10:23:43]		1048572		19252		1029320
[10:23:46]		1048572		19252		1029320
[10:23:49]		1048572		19252		1029320
[10:23:52]		1048572		19252		1029320
[10:23:55]		1048572		19252		1029320
[10:23:58]		1048572		19252		1029320
[10:24:01]		1048572		19264		1029308
[10:24:04]		1048572		19264		1029308
[10:24:07]		1048572		19264		1029308
[10:24:10]		1048572		19264		1029308
[10:24:13]		1048572		19264		1029308
[10:24:16]		1048572		19264		1029308
[10:24:19]		1048572		19264		1029308
[10:24:22]		1048572		19252		1029320
[10:24:25]		1048572		19252		1029320
[10:24:28]		1048572		19252		1029320
[10:24:31]		1048572		19252		1029320
[10:24:34]		1048572		19252		1029320
[10:24:37]		1048572		19252		1029320
[10:24:40]		1048572		19252		1029320
[10:24:43]		1048572		19252		1029320
[10:24:46]		1048572		19252		1029320
[10:24:49]		1048572		19252		1029320
[10:24:52]		1048572		19252		1029320
[10:24:55]		1048572		19252		1029320
[10:24:58]		1048572		19252		1029320
[10:25:01]		1048572		19252		1029320
[10:25:04]		1048572		19468		1029104
[10:25:07]		1048572		19468		1029104
[10:25:10]		1048572		19468		1029104
[10:25:13]		1048572		19468		1029104
[10:25:16]		1048572		19468		1029104
[10:25:19]		1048572		19468		1029104
[10:25:22]		1048572		19468		1029104
[10:25:25]		1048572		19468		1029104
[10:25:28]		1048572		19468		1029104
[10:25:31]		1048572		19468		1029104
[10:25:34]		1048572		19468		1029104
[10:25:37]		1048572		19468		1029104
[10:25:40]		1048572		19468		1029104
[10:25:43]		1048572		19464		1029108
[10:25:46]		1048572		19464		1029108
[10:25:49]		1048572		19464		1029108
[10:25:52]		1048572		19464		1029108
[10:25:55]		1048572		19464		1029108
[10:25:58]		1048572		19464		1029108
[10:26:01]		1048572		19464		1029108
[10:26:04]		1048572		19464		1029108
[10:26:07]		1048572		19468		1029104
[10:26:10]		1048572		19468		1029104
[10:26:13]		1048572		19468		1029104
[10:26:16]		1048572		19468		1029104
[10:26:19]		1048572		19464		1029108
[10:26:22]		1048572		19464		1029108
[10:26:25]		1048572		19464		1029108
[10:26:28]		1048572		19464		1029108
[10:26:31]		1048572		19464		1029108
[10:26:34]		1048572		19464		1029108
[10:26:37]		1048572		19464		1029108
[10:26:40]		1048572		19468		1029104
[10:26:43]		1048572		19468		1029104
[10:26:46]		1048572		19468		1029104
[10:26:49]		1048572		19468		1029104
[10:26:52]		1048572		19468		1029104
[10:26:55]		1048572		19468		1029104
[10:26:58]		1048572		19480		1029092
[10:27:01]		1048572		19480		1029092
[10:27:04]		1048572		19488		1029084
[10:27:07]		1048572		19512		1029060
[10:27:10]		1048572		19528		1029044
[10:27:13]		1048572		19460		1029112
[10:27:16]		1048572		19460		1029112
[10:27:19]		1048572		19460		1029112
[10:27:22]		1048572		19460		1029112
[10:27:25]		1048572		19460		1029112
[10:27:28]		1048572		19460		1029112
[10:27:31]		1048572		19460		1029112
[10:27:34]		1048572		19460		1029112
[10:27:37]		1048572		19460		1029112
[10:27:40]		1048572		19460		1029112
[10:27:43]		1048572		19460		1029112
[10:27:46]		1048572		19460		1029112
[10:27:49]		1048572		19460		1029112
[10:27:52]		1048572		19460		1029112
[10:27:55]		1048572		19460		1029112
[10:27:58]		1048572		19460		1029112
[10:28:01]		1048572		19460		1029112
[10:28:04]		1048572		19460		1029112
[10:28:07]		1048572		19460		1029112
[10:28:10]		1048572		19460		1029112
[10:28:13]		1048572		19460		1029112
[10:28:16]		1048572		19460		1029112
[10:28:19]		1048572		19460		1029112
[10:28:22]		1048572		19468		1029104
[10:28:25]		1048572		19468		1029104
[10:28:28]		1048572		19472		1029100
[10:28:31]		1048572		19488		1029084
[10:28:34]		1048572		19512		1029060
[10:28:37]		1048572		19544		1029028
[10:28:40]		1048572		19576		1028996
[10:28:43]		1048572		19600		1028972
[10:28:46]		1048572		19616		1028956
[10:28:49]		1048572		19456		1029116
[10:28:52]		1048572		19456		1029116
[10:28:55]		1048572		19456		1029116
[10:28:58]		1048572		19456		1029116
[10:29:01]		1048572		19456		1029116
[10:29:04]		1048572		19456		1029116
[10:29:07]		1048572		19456		1029116
[10:29:10]		1048572		19456		1029116
[10:29:13]		1048572		19456		1029116
[10:29:16]		1048572		19456		1029116
[10:29:19]		1048572		19456		1029116
[10:29:22]		1048572		19456		1029116
[10:29:25]		1048572		19456		1029116
[10:29:28]		1048572		19456		1029116
[10:29:31]		1048572		19456		1029116
[10:29:34]		1048572		19456		1029116
[10:29:37]		1048572		19456		1029116
[10:29:40]		1048572		19456		1029116
[10:29:43]		1048572		19456		1029116
[10:29:46]		1048572		19456		1029116
[10:29:49]		1048572		19456		1029116
[10:29:52]		1048572		19456		1029116
[10:29:55]		1048572		19456		1029116
[10:29:58]		1048572		19456		1029116
[10:30:01]		1048572		19456		1029116
[10:30:04]		1048572		19456		1029116
[10:30:07]		1048572		19456		1029116
[10:30:10]		1048572		19456		1029116
[10:30:13]		1048572		19456		1029116
[10:30:16]		1048572		19456		1029116
[10:30:19]		1048572		19456		1029116
[10:30:22]		1048572		19456		1029116
[10:30:25]		1048572		19456		1029116
[10:30:28]		1048572		19456		1029116
[10:30:31]		1048572		19456		1029116
[10:30:34]		1048572		19456		1029116
[10:30:37]		1048572		19456		1029116
[10:30:40]		1048572		19456		1029116
[10:30:43]		1048572		19456		1029116
[10:30:46]		1048572		19456		1029116
[10:30:49]		1048572		19456		1029116
[10:30:52]		1048572		19456		1029116
[10:30:55]		1048572		19456		1029116
[10:30:58]		1048572		19456		1029116
[10:31:01]		1048572		19456		1029116
[10:31:04]		1048572		19456		1029116
[10:31:07]		1048572		19456		1029116
[10:31:10]		1048572		19456		1029116
[10:31:13]		1048572		19456		1029116
[10:31:16]		1048572		19456		1029116
[10:31:19]		1048572		19456		1029116
[10:31:22]		1048572		19472		1029100
[10:31:25]		1048572		19472		1029100
[10:31:28]		1048572		19472		1029100
[10:31:31]		1048572		19456		1029116
[10:31:34]		1048572		19456		1029116
[10:31:37]		1048572		19456		1029116
[10:31:40]		1048572		19456		1029116
[10:31:43]		1048572		19456		1029116
[10:31:46]		1048572		19456		1029116
[10:31:49]		1048572		19456		1029116
[10:31:52]		1048572		19456		1029116
[10:31:55]		1048572		19456		1029116
[10:31:58]		1048572		19456		1029116
[10:32:01]		1048572		19456		1029116
[10:32:04]		1048572		19456		1029116
[10:32:07]		1048572		19500		1029072
[10:32:10]		1048572		19500		1029072
[10:32:13]		1048572		19500		1029072
[10:32:16]		1048572		19500		1029072
[10:32:19]		1048572		19500		1029072
[10:32:22]		1048572		19500		1029072
[10:32:25]		1048572		19500		1029072
[10:32:28]		1048572		19500		1029072
[10:32:31]		1048572		19500		1029072
[10:32:34]		1048572		19500		1029072
[10:32:37]		1048572		19508		1029064
[10:32:40]		1048572		19520		1029052
[10:32:43]		1048572		19456		1029116
[10:32:46]		1048572		19456		1029116
[10:32:49]		1048572		19456		1029116
[10:32:52]		1048572		19456		1029116
[10:32:55]		1048572		19456		1029116
[10:32:58]		1048572		19456		1029116
[10:33:01]		1048572		19456		1029116
[10:33:04]		1048572		19456		1029116
[10:33:07]		1048572		19456		1029116
[10:33:10]		1048572		19456		1029116
[10:33:13]		1048572		19456		1029116
[10:33:16]		1048572		19460		1029112
[10:33:19]		1048572		19460		1029112
[10:33:22]		1048572		19460		1029112
[10:33:25]		1048572		19460		1029112
[10:33:28]		1048572		19460		1029112
[10:33:31]		1048572		19460		1029112
[10:33:34]		1048572		19460		1029112
[10:33:37]		1048572		19460		1029112
[10:33:40]		1048572		19460		1029112
[10:33:43]		1048572		19460		1029112
[10:33:46]		1048572		19460		1029112
[10:33:49]		1048572		19460		1029112
[10:33:52]		1048572		19460		1029112
[10:33:55]		1048572		19460		1029112
[10:33:58]		1048572		19460		1029112
[10:34:01]		1048572		19460		1029112
[10:34:04]		1048572		19460		1029112
[10:34:07]		1048572		19460		1029112
[10:34:10]		1048572		19460		1029112
[10:34:13]		1048572		19460		1029112
[10:34:16]		1048572		19460		1029112
[10:34:19]		1048572		19460		1029112
[10:34:22]		1048572		19460		1029112
[10:34:25]		1048572		19460		1029112
[10:34:28]		1048572		19508		1029064
[10:34:31]		1048572		19508		1029064
[10:34:34]		1048572		19508		1029064
[10:34:37]		1048572		19512		1029060
[10:34:40]		1048572		19512		1029060
[10:34:43]		1048572		19512		1029060
[10:34:46]		1048572		19512		1029060
[10:34:49]		1048572		19528		1029044
[10:34:52]		1048572		19532		1029040
[10:34:55]		1048572		19480		1029092
[10:34:58]		1048572		19480		1029092
[10:35:01]		1048572		19480		1029092
[10:35:04]		1048572		19480		1029092
[10:35:07]		1048572		19480		1029092
[10:35:10]		1048572		19480		1029092
[10:35:13]		1048572		19480		1029092
[10:35:16]		1048572		19480		1029092
[10:35:19]		1048572		19480		1029092
[10:35:22]		1048572		19480		1029092
[10:35:25]		1048572		19480		1029092
[10:35:28]		1048572		19480		1029092
[10:35:31]		1048572		19480		1029092
[10:35:34]		1048572		19480		1029092
[10:35:37]		1048572		19480		1029092
[10:35:40]		1048572		19480		1029092
[10:35:43]		1048572		19480		1029092
[10:35:46]		1048572		19484		1029088
[10:35:49]		1048572		19484		1029088
[10:35:52]		1048572		19484		1029088
[10:35:55]		1048572		19484		1029088
[10:35:58]		1048572		19484		1029088
[10:36:01]		1048572		19484		1029088
[10:36:04]		1048572		19484		1029088
[10:36:07]		1048572		19484		1029088
[10:36:10]		1048572		19484		1029088
[10:36:13]		1048572		19484		1029088
[10:36:16]		1048572		19484		1029088
[10:36:19]		1048572		19484		1029088
[10:36:22]		1048572		19484		1029088
[10:36:25]		1048572		19496		1029076
[10:36:28]		1048572		19500		1029072
[10:36:31]		1048572		19500		1029072
[10:36:34]		1048572		19500		1029072
[10:36:37]		1048572		19508		1029064
[10:36:40]		1048572		19524		1029048
[10:36:43]		1048572		19532		1029040
[10:36:46]		1048572		19532		1029040
[10:36:49]		1048572		19608		1028964
[10:36:52]		1048572		19620		1028952
[10:36:55]		1048572		19616		1028956
[10:36:58]		1048572		19608		1028964
[10:37:01]		1048572		19608		1028964
[10:37:04]		1048572		19604		1028968
[10:37:07]		1048572		19472		1029100
[10:37:10]		1048572		19472		1029100
[10:37:13]		1048572		19472		1029100
[10:37:16]		1048572		19472		1029100
[10:37:19]		1048572		19472		1029100
[10:37:22]		1048572		19472		1029100
[10:37:25]		1048572		19472		1029100
[10:37:28]		1048572		19472		1029100
[10:37:31]		1048572		19472		1029100
[10:37:34]		1048572		19472		1029100
[10:37:37]		1048572		19472		1029100
[10:37:40]		1048572		19472		1029100
[10:37:43]		1048572		19472		1029100
[10:37:46]		1048572		19472		1029100
[10:37:49]		1048572		19472		1029100
[10:37:52]		1048572		19472		1029100
[10:37:55]		1048572		19472		1029100
[10:37:58]		1048572		19472		1029100
[10:38:01]		1048572		19472		1029100
[10:38:04]		1048572		19472		1029100
[10:38:07]		1048572		19472		1029100
[10:38:10]		1048572		19472		1029100
[10:38:13]		1048572		19472		1029100
[10:38:16]		1048572		19472		1029100
[10:38:19]		1048572		19472		1029100
[10:38:22]		1048572		19472		1029100
[10:38:25]		1048572		19500		1029072
[10:38:28]		1048572		19500		1029072
[10:38:31]		1048572		19500		1029072
[10:38:34]		1048572		19500		1029072
[10:38:37]		1048572		19500		1029072
[10:38:40]		1048572		22616		1025956
[10:38:43]		1048572		19532		1029040
[10:38:46]		1048572		19532		1029040
[10:38:49]		1048572		19528		1029044
[10:38:52]		1048572		19528		1029044
[10:38:55]		1048572		19528		1029044
[10:38:58]		1048572		19528		1029044
[10:39:01]		1048572		19516		1029056
[10:39:04]		1048572		19448		1029124
[10:39:07]		1048572		19448		1029124
[10:39:10]		1048572		19448		1029124
[10:39:13]		1048572		19448		1029124
[10:39:16]		1048572		19448		1029124
[10:39:19]		1048572		19448		1029124
[10:39:22]		1048572		19648		1028924
[10:39:25]		1048572		19648		1028924
[10:39:28]		1048572		19648		1028924
[10:39:31]		1048572		19648		1028924
[10:39:34]		1048572		19644		1028928
[10:39:37]		1048572		19644		1028928
[10:39:40]		1048572		19644		1028928
[10:39:43]		1048572		19644		1028928
[10:39:46]		1048572		19644		1028928
[10:39:49]		1048572		19648		1028924
[10:39:52]		1048572		19648		1028924
[10:39:55]		1048572		19648		1028924
[10:39:58]		1048572		19644		1028928
[10:40:01]		1048572		19644		1028928
[10:40:04]		1048572		19640		1028932
[10:40:07]		1048572		19640		1028932
[10:40:10]		1048572		19640		1028932
[10:40:13]		1048572		19640		1028932
[10:40:16]		1048572		19640		1028932
[10:40:19]		1048572		19632		1028940
[10:40:22]		1048572		19484		1029088
[10:40:25]		1048572		19472		1029100
[10:40:28]		1048572		19472		1029100
[10:40:31]		1048572		19472		1029100
[10:40:34]		1048572		19472		1029100
[10:40:37]		1048572		19472		1029100
[10:40:40]		1048572		19472		1029100
[10:40:43]		1048572		19472		1029100
[10:40:46]		1048572		19472		1029100
[10:40:49]		1048572		19472		1029100
[10:40:52]		1048572		19476		1029096
[10:40:55]		1048572		19476		1029096
[10:40:59]		1048572		19404		1029168
[10:41:02]		1048572		19276		1029296
[10:41:05]		1048572		19276		1029296
[10:41:08]		1048572		19276		1029296
[10:41:11]		1048572		19276		1029296
[10:41:14]		1048572		19276		1029296
[10:41:17]		1048572		19276		1029296
[10:41:20]		1048572		19276		1029296
[10:41:23]		1048572		19276		1029296
[10:41:26]		1048572		19276		1029296
[10:41:29]		1048572		19276		1029296
[10:41:32]		1048572		19276		1029296
[10:41:35]		1048572		19272		1029300
[10:41:38]		1048572		19272		1029300
[10:41:41]		1048572		19272		1029300
[10:41:44]		1048572		19272		1029300
[10:41:47]		1048572		19272		1029300
[10:41:50]		1048572		19272		1029300
[10:41:53]		1048572		19272		1029300
[10:41:56]		1048572		19272		1029300
[10:41:59]		1048572		19272		1029300
[10:42:02]		1048572		19272		1029300
[10:42:05]		1048572		19272		1029300
[10:42:08]		1048572		19272		1029300
[10:42:11]		1048572		19272		1029300
[10:42:14]		1048572		19272		1029300
[10:42:17]		1048572		19272		1029300
[10:42:20]		1048572		19276		1029296
[10:42:23]		1048572		19276		1029296
[10:42:26]		1048572		19276		1029296
[10:42:29]		1048572		19276		1029296
[10:42:32]		1048572		19276		1029296
[10:42:35]		1048572		19276		1029296
[10:42:38]		1048572		19276		1029296
[10:42:41]		1048572		19276		1029296
[10:42:44]		1048572		19276		1029296
[10:42:47]		1048572		19276		1029296
[10:42:50]		1048572		19272		1029300
[10:42:53]		1048572		19272		1029300
[10:42:56]		1048572		19272		1029300
[10:42:59]		1048572		19272		1029300
[10:43:02]		1048572		19272		1029300
[10:43:05]		1048572		19272		1029300
[10:43:08]		1048572		19272		1029300
[10:43:11]		1048572		19276		1029296
[10:43:14]		1048572		19276		1029296
[10:43:17]		1048572		19276		1029296
[10:43:20]		1048572		19276		1029296
[10:43:23]		1048572		19276		1029296
[10:43:26]		1048572		19276		1029296
[10:43:29]		1048572		19276		1029296
[10:43:32]		1048572		19276		1029296
[10:43:35]		1048572		19276		1029296
[10:43:38]		1048572		19276		1029296
[10:43:41]		1048572		19276		1029296
[10:43:44]		1048572		19292		1029280
[10:43:47]		1048572		19296		1029276
[10:43:50]		1048572		19296		1029276
[10:43:53]		1048572		19300		1029272
[10:43:56]		1048572		19300		1029272
[10:43:59]		1048572		19300		1029272
[10:44:02]		1048572		19276		1029296
[10:44:05]		1048572		19276		1029296
[10:44:08]		1048572		19276		1029296
[10:44:11]		1048572		19276		1029296
[10:44:14]		1048572		19272		1029300
[10:44:17]		1048572		19288		1029284
[10:44:20]		1048572		19288		1029284
[10:44:23]		1048572		19288		1029284
[10:44:26]		1048572		19288		1029284
[10:44:29]		1048572		19288		1029284
[10:44:32]		1048572		19288		1029284
[10:44:35]		1048572		19288		1029284
[10:44:38]		1048572		19288		1029284
[10:44:41]		1048572		19288		1029284
[10:44:44]		1048572		19288		1029284
[10:44:47]		1048572		19288		1029284
[10:44:50]		1048572		19288		1029284
[10:44:53]		1048572		19288		1029284
[10:44:56]		1048572		19288		1029284
[10:44:59]		1048572		19288		1029284
[10:45:02]		1048572		19288		1029284
[10:45:05]		1048572		19288		1029284
[10:45:08]		1048572		19292		1029280
[10:45:11]		1048572		19292		1029280
[10:45:14]		1048572		19292		1029280
[10:45:17]		1048572		19292		1029280
[10:45:20]		1048572		19300		1029272
[10:45:23]		1048572		19448		1029124
[10:45:26]		1048572		19448		1029124
[10:45:29]		1048572		19448		1029124
[10:45:32]		1048572		19448		1029124
[10:45:35]		1048572		19448		1029124
[10:45:38]		1048572		19448		1029124
[10:45:41]		1048572		19448		1029124
[10:45:44]		1048572		19448		1029124
[10:45:47]		1048572		19484		1029088
[10:45:50]		1048572		34140		1014432
[10:45:53]		1048572		34056		1014516
[10:45:56]		1048572		37616		1010956
[10:45:59]		1048572		19492		1029080
[10:46:02]		1048572		19488		1029084
[10:46:05]		1048572		19488		1029084
[10:46:08]		1048572		19488		1029084
[10:46:11]		1048572		19488		1029084
[10:46:14]		1048572		19488		1029084
[10:46:17]		1048572		19488		1029084
[10:46:20]		1048572		19488		1029084
[10:46:23]		1048572		19484		1029088
[10:46:26]		1048572		19480		1029092
[10:46:29]		1048572		19480		1029092
[10:46:32]		1048572		19496		1029076
[10:46:35]		1048572		19536		1029036
[10:46:38]		1048572		19536		1029036
[10:46:41]		1048572		19536		1029036
[10:46:44]		1048572		19536		1029036
[10:46:47]		1048572		19536		1029036
[10:46:50]		1048572		19536		1029036
[10:46:53]		1048572		19536		1029036
[10:46:56]		1048572		19536		1029036
[10:46:59]		1048572		19536		1029036
[10:47:02]		1048572		19536		1029036
[10:47:05]		1048572		19532		1029040
[10:47:08]		1048572		19532		1029040
[10:47:11]		1048572		19532		1029040
[10:47:14]		1048572		19532		1029040
[10:47:17]		1048572		19532		1029040
[10:47:20]		1048572		19528		1029044
[10:47:23]		1048572		19528		1029044
[10:47:26]		1048572		19528		1029044
[10:47:29]		1048572		19524		1029048
[10:47:32]		1048572		19524		1029048
[10:47:35]		1048572		19524		1029048
[10:47:38]		1048572		19524		1029048
[10:47:41]		1048572		19524		1029048
[10:47:44]		1048572		19524		1029048
[10:47:47]		1048572		19524		1029048
[10:47:50]		1048572		19524		1029048
[10:47:53]		1048572		19524		1029048
[10:47:56]		1048572		19524		1029048
[10:47:59]		1048572		19524		1029048
[10:48:02]		1048572		19524		1029048
[10:48:05]		1048572		19524		1029048
[10:48:08]		1048572		19524		1029048
[10:48:11]		1048572		19524		1029048
[10:48:14]		1048572		19524		1029048
[10:48:17]		1048572		19524		1029048
[10:48:20]		1048572		19524		1029048
[10:48:23]		1048572		19524		1029048
[10:48:26]		1048572		19524		1029048
[10:48:29]		1048572		19524		1029048
[10:48:32]		1048572		19524		1029048
[10:48:35]		1048572		19524		1029048
[10:48:38]		1048572		19524		1029048
[10:48:41]		1048572		19524		1029048
[10:48:44]		1048572		19524		1029048
[10:48:47]		1048572		19520		1029052
[10:48:50]		1048572		19520		1029052
[10:48:53]		1048572		19520		1029052
[10:48:56]		1048572		19520		1029052
[10:48:59]		1048572		19520		1029052
[10:49:02]		1048572		19520		1029052
[10:49:05]		1048572		19520		1029052
[10:49:08]		1048572		19520		1029052
[10:49:11]		1048572		19520		1029052
[10:49:14]		1048572		19516		1029056
[10:49:17]		1048572		19516		1029056
[10:49:20]		1048572		19516		1029056
[10:49:23]		1048572		19516		1029056
[10:49:26]		1048572		19516		1029056
[10:49:29]		1048572		19516		1029056
[10:49:32]		1048572		19516		1029056
[10:49:35]		1048572		19516		1029056
[10:49:38]		1048572		19516		1029056
[10:49:41]		1048572		19516		1029056
[10:49:44]		1048572		19516		1029056
[10:49:47]		1048572		19516		1029056
[10:49:50]		1048572		19516		1029056
[10:49:53]		1048572		19516		1029056
[10:49:56]		1048572		19516		1029056
[10:49:59]		1048572		19516		1029056
[10:50:02]		1048572		19516		1029056
[10:50:05]		1048572		19516		1029056
[10:50:08]		1048572		19516		1029056
[10:50:11]		1048572		19516		1029056
[10:50:14]		1048572		19516		1029056
[10:50:17]		1048572		19516		1029056
[10:50:20]		1048572		19516		1029056
[10:50:23]		1048572		19516		1029056
[10:50:26]		1048572		19512		1029060
[10:50:29]		1048572		19512		1029060
[10:50:32]		1048572		19512		1029060
[10:50:35]		1048572		19512		1029060
[10:50:38]		1048572		19512		1029060
[10:50:41]		1048572		19512		1029060
[10:50:44]		1048572		19512		1029060
[10:50:47]		1048572		19512		1029060
[10:50:50]		1048572		19512		1029060
[10:50:53]		1048572		19512		1029060
[10:50:56]		1048572		19512		1029060
[10:50:59]		1048572		19512		1029060
[10:51:02]		1048572		19512		1029060
[10:51:05]		1048572		19512		1029060
[10:51:08]		1048572		19512		1029060
[10:51:11]		1048572		19512		1029060
[10:51:14]		1048572		19512		1029060
[10:51:17]		1048572		19536		1029036
[10:51:20]		1048572		19536		1029036
[10:51:23]		1048572		19536		1029036
[10:51:26]		1048572		19536		1029036
[10:51:29]		1048572		19536		1029036
[10:51:32]		1048572		19536		1029036
[10:51:35]		1048572		19536		1029036
[10:51:38]		1048572		19536		1029036
[10:51:41]		1048572		19536		1029036
[10:51:44]		1048572		19536		1029036
[10:51:47]		1048572		19536		1029036
[10:51:50]		1048572		19532		1029040
[10:51:53]		1048572		19532		1029040
[10:51:56]		1048572		19532		1029040
[10:51:59]		1048572		19532		1029040
[10:52:02]		1048572		19532		1029040
[10:52:05]		1048572		19532		1029040
[10:52:08]		1048572		19532		1029040
[10:52:11]		1048572		19532		1029040
[10:52:14]		1048572		19532		1029040
[10:52:17]		1048572		19532		1029040
[10:52:20]		1048572		19532		1029040
[10:52:23]		1048572		19532		1029040
[10:52:26]		1048572		19532		1029040
[10:52:29]		1048572		19532		1029040
[10:52:32]		1048572		19532		1029040
[10:52:35]		1048572		19532		1029040
[10:52:38]		1048572		19532		1029040
[10:52:41]		1048572		19532		1029040
[10:52:44]		1048572		19532		1029040
[10:52:47]		1048572		19532		1029040
[10:52:50]		1048572		19532		1029040
[10:52:53]		1048572		19532		1029040
[10:52:56]		1048572		19532		1029040
[10:52:59]		1048572		19544		1029028
[10:53:02]		1048572		19544		1029028
[10:53:05]		1048572		19544		1029028
[10:53:08]		1048572		19544		1029028
[10:53:11]		1048572		19544		1029028
[10:53:14]		1048572		19544		1029028
[10:53:17]		1048572		19544		1029028
[10:53:20]		1048572		19568		1029004
[10:53:23]		1048572		19568		1029004
[10:53:26]		1048572		19584		1028988
[10:53:29]		1048572		19612		1028960
[10:53:32]		1048572		19624		1028948
[10:53:35]		1048572		19636		1028936
[10:53:38]		1048572		19652		1028920
[10:53:41]		1048572		19532		1029040
[10:53:44]		1048572		19532		1029040
[10:53:47]		1048572		19532		1029040
[10:53:50]		1048572		19532		1029040
[10:53:53]		1048572		19532		1029040
[10:53:56]		1048572		19532		1029040
[10:53:59]		1048572		19532		1029040
[10:54:02]		1048572		19532		1029040
[10:54:05]		1048572		19532		1029040
[10:54:08]		1048572		19532		1029040
[10:54:11]		1048572		19532		1029040
[10:54:14]		1048572		19532		1029040
[10:54:17]		1048572		19532		1029040
[10:54:20]		1048572		19532		1029040
[10:54:23]		1048572		19532		1029040
[10:54:26]		1048572		19532		1029040
[10:54:29]		1048572		19532		1029040
[10:54:32]		1048572		19532		1029040
[10:54:35]		1048572		19532		1029040
[10:54:38]		1048572		19532		1029040
[10:54:41]		1048572		19532		1029040
[10:54:44]		1048572		19532		1029040
[10:54:47]		1048572		19532		1029040
[10:54:50]		1048572		19532		1029040
[10:54:53]		1048572		19532		1029040
[10:54:56]		1048572		19532		1029040
[10:54:59]		1048572		19532		1029040
[10:55:02]		1048572		19532		1029040
[10:55:05]		1048572		19532		1029040
[10:55:08]		1048572		19532		1029040
[10:55:11]		1048572		19532		1029040
[10:55:14]		1048572		19532		1029040
[10:55:17]		1048572		19532		1029040
[10:55:20]		1048572		19536		1029036
[10:55:23]		1048572		19536		1029036
[10:55:26]		1048572		19536		1029036
[10:55:29]		1048572		19532		1029040
[10:55:32]		1048572		19532		1029040
[10:55:35]		1048572		19532		1029040
[10:55:38]		1048572		19532		1029040
[10:55:41]		1048572		19532		1029040
[10:55:44]		1048572		19532		1029040
[10:55:47]		1048572		19532		1029040
[10:55:50]		1048572		19532		1029040
[10:55:53]		1048572		19532		1029040
[10:55:56]		1048572		19532		1029040
[10:55:59]		1048572		19532		1029040
[10:56:02]		1048572		19532		1029040
[10:56:05]		1048572		19532		1029040
[10:56:08]		1048572		19532		1029040
[10:56:11]		1048572		19532		1029040
[10:56:14]		1048572		19532		1029040
[10:56:17]		1048572		19532		1029040
[10:56:20]		1048572		19168		1029404
[10:56:23]		1048572		19020		1029552
