recorded by mmserver domain:[id:19 time:Tue Apr 16 15:10:41 2013
]
time		tg_mem		use_mem		free_mem		
15:10:43		524288		314872		209416		
15:10:45		524288		314872		209416		
15:10:47		524288		314872		209416		
15:10:49		524288		314872		209416		
15:10:51		524288		314872		209416		
15:10:53		524288		314872		209416		
15:10:55		524288		314872		209416		
15:10:57		524288		314872		209416		
15:10:59		524288		314872		209416		
15:11:01		524288		314872		209416		
15:11:03		524288		328600		195688		
15:11:05		524288		334796		189492		
15:11:07		524288		341540		182748		
15:11:09		524288		344176		180112		
15:11:11		524288		345928		178360		
15:11:13		524288		353592		170696		
15:11:15		524288		358708		165580		
15:11:17		524288		364400		159888		
15:11:19		524288		368988		155300		
15:11:21		524288		373840		150448		
15:11:23		524288		378228		146060		
15:11:25		524288		382956		141332		
15:11:27		524288		387808		136480		
15:11:29		555680		392928		162752		
15:11:31		572008		397724		174284		
15:11:33		572008		400464		171544		
15:11:35		572008		405100		166908		
15:11:37		582859		407395		175464		
15:11:39		582859		412811		170048		
15:11:41		582859		417819		165040		
15:11:43		582859		421807		161052		
15:11:45		582859		426707		156152		
15:11:47		582859		431219		151640		
15:11:49		593181		436069		157112		
15:11:51		593181		440921		152260		
15:11:53		593181		444269		148912		
15:11:55		593181		449121		144060		
15:11:57		593181		453757		139424		
15:11:59		603456		458220		145236		
15:12:01		603456		463304		140152		
15:12:04		603456		467536		135920		
15:12:06		603456		471320		132136		
15:12:08		614868		515196		99672		
15:12:10		640365		527441		112924		
15:12:12		640365		537237		103128		
15:12:14		660117		548257		111860		
15:12:16		671137		554441		116696		
15:12:18		671137		562517		108620		
15:12:20		685397		572929		112468		
15:12:22		695809		598781		97028		
15:12:24		721661		625025		96636		
15:12:26		747905		636057		111848		
15:12:28		758937		650845		108092		
15:12:30		773725		665573		108152		
15:12:32		788453		676429		112024		
15:12:34		799309		700477		98832		
15:12:36		823357		711153		112204		
15:12:38		834033		716157		117876		
15:12:40		834033		727097		106936		
15:12:42		849977		733533		116444		
15:12:44		849977		732549		117428		
15:12:46		849977		732921		117056		
15:12:48		849977		733169		116808		
15:12:50		849977		733285		116692		
15:12:52		849977		734029		115948		
15:12:54		849977		730805		119172		
15:12:56		849977		732417		117560		
15:12:58		849977		734153		115824		
15:13:00		849977		736261		113716		
15:13:02		849977		745065		104912		
15:13:04		867945		749889		118056		
15:13:06		867945		752741		115204		
15:13:08		867945		742821		125124		
15:13:10		867945		404417		463528		
15:13:12		574975		218139		356836		
15:13:14		558990		464558		94432		
15:13:16		618404		524144		94260		
15:13:18		662634		533406		129228		
15:13:20		662634		545458		117176		
15:13:22		673394		552498		120896		
15:13:25		673394		559698		113696		
15:13:27		687225		571269		115956		
15:13:29		698353		578701		119652		
15:13:31		698353		615149		83204		
15:13:33		740606		624302		116304		
15:13:35		740606		624310		116296		
15:13:37		740606		624574		116032		
15:13:39		740606		624746		115860		
15:13:41		740606		625010		115596		
15:13:43		740606		625306		115300		
15:13:45		740606		628934		111672		
15:13:47		752229		642545		109684		
15:13:49		765579		661051		104528		
15:13:51		765579		670743		94836		
15:13:53		792009		688765		103244		
15:13:55		804347		697263		107084		
15:13:57		804347		707695		96652		
15:13:59		816523		716551		99972		
15:14:01		816523		722055		94468		
15:14:03		816523		722179		94344		
15:14:05		816523		724287		92236		
15:14:07		816523		725527		90996		
15:14:09		816523		726511		90012		
15:14:11		816523		727131		89392		
15:14:13		816523		728867		87656		
15:14:15		816523		729611		86912		
15:14:17		816523		731471		85052		
15:14:19		816523		742755		73768		
15:14:21		835931		743315		92616		
15:14:23		835931		744183		91748		
15:14:25		854610		745874		108736		
15:14:27		854610		408510		446100		
15:14:29		549237		370121		179116		
15:14:31		505060		437108		67952		
15:14:33		564274		456762		107512		
15:14:35		564274		470922		93352		
15:14:37		577724		478916		98808		
15:14:39		577724		487604		90120		
15:14:41		590476		496732		93744		
15:14:43		590476		505056		85420		
15:14:45		605043		529403		75640		
15:14:47		625410		550170		75240		
15:14:49		643619		552639		90980		
15:14:52		643619		552787		90832		
15:14:54		643619		553083		90536		
15:14:56		643619		553207		90412		
15:14:58		643619		554587		89032		
15:15:00		643619		553891		89728		
15:15:02		643619		554031		89588		
15:15:04		643619		558559		85060		
15:15:06		643619		572971		70648		
15:15:08		661947		588235		73712		
15:15:10		679007		599759		79248		
15:15:12		679007		610975		68032		
15:15:14		702042		613522		88520		
15:15:16		702042		620266		81776		
15:15:18		723693		630057		93636		
15:15:20		723693		637505		86188		
15:15:22		735061		641653		93408		
15:15:24		735061		644009		91052		
15:15:26		735061		641281		93780		
15:15:28		735061		641777		93284		
15:15:30		735061		643009		92052		
15:15:32		772344		644580		127764		
15:15:34		772344		646192		126152		
15:15:36		772344		648176		124168		
15:15:38		772344		652144		120200		
15:15:40		772344		658468		113876		
15:15:42		772344		662188		110156		
15:15:44		772344		663552		108792		
15:15:46		772344		664912		107432		
15:15:48		799438		342566		456872		
15:15:50		516824		270456		246368		
15:15:52		516824		442892		73932		
15:15:54		594556		453212		141344		
15:15:56		644022		463650		180372		
15:15:58		656674		472086		184588		
15:16:00		642529		479929		162600		
15:16:02		642529		487517		155012		
15:16:04		642529		495237		147292		
15:16:06		642529		531521		111008		
15:16:08		666788		542404		124384		
15:16:10		666788		556668		110120		
15:16:12		684890		570958		113932		
15:16:14		698295		576111		122184		
15:16:17		698295		604915		93380		
15:16:19		728832		619956		108876		
15:16:21		742852		631388		111464		
15:16:23		742852		642872		99980		
15:16:25		772567		650879		121688		
15:16:27		772567		651251		121316		
15:16:29		772567		652119		120448		
15:16:31		772567		653235		119332		
15:16:33		772567		656079		116488		
15:16:35		772567		656699		115868		
15:16:37		784128		658588		125540		
15:16:39		784128		660572		123556		
15:16:41		784128		662556		121572		
15:16:43		772109		663929		108180		
15:16:45		772109		671741		100368		
15:16:47		784532		674120		110412		
15:16:49		784532		673376		111156		
15:16:51		784532		324912		459620		
15:16:53		472147		232971		239176		
15:16:55		392145		316689		75456		
15:16:57		459271		355791		103480		
15:16:59		492408		395624		96784		
15:17:01		527895		406079		121816		
15:17:03		542281		416529		125752		
15:17:05		542281		427513		114768		
15:17:07		608346		434182		174164		
15:17:09		608346		445770		162576		
15:17:11		608346		455822		152524		
15:17:13		623510		489850		133660		
15:17:15		647565		500257		147308		
15:17:17		647565		512225		135340		
15:17:19		647565		529425		118140		
15:17:21		666664		538668		127996		
15:17:23		666664		546700		119964		
15:17:25		666664		565976		100688		
15:17:27		689623		584915		104708		
15:17:29		700944		590992		109952		
15:17:31		700944		602808		98136		
15:17:33		716069		610145		105924		
15:17:36		716069		612021		104048		
15:17:38		737107		612351		124756		
15:17:40		737107		614087		123020		
15:17:42		737107		615443		121664		
15:17:44		737107		615691		121416		
15:17:46		737107		616187		120920		
15:17:48		737107		617799		119308		
15:17:50		725889		619477		106412		
15:17:52		725889		622577		103312		
15:17:54		725889		634605		91284		
15:17:56		737993		637285		100708		
15:17:58		737993		640137		97856		
15:18:00		737993		636913		101080		
15:18:02		737993		297517		440476		
15:18:04		435544		331876		103668		
15:18:06		463834		390154		73680		
15:18:08		512978		404202		108776		
15:18:10		512978		415758		97220		
15:18:12		528013		424841		103172		
15:18:14		605040		429576		175464		
15:18:16		605040		438948		166092		
15:18:18		649555		450231		199324		
15:18:20		649555		465855		183700		
15:18:22		649555		492127		157428		
15:18:24		665583		504327		161256		
15:18:26		665583		520335		145248		
15:18:28		665583		532923		132660		
15:18:30		665583		543619		121964		
15:18:32		681659		551755		129904		
15:18:34		681659		576959		104700		
15:18:36		702192		586336		115856		
15:18:38		702192		597260		104932		
15:18:40		720261		606341		113920		
15:18:42		720261		612921		107340		
15:18:44		720261		606101		114160		
15:18:46		735492		608436		127056		
15:18:48		735492		609800		125692		
15:18:50		735492		610660		124832		
15:18:53		735492		611652		123840		
15:18:55		735492		613264		122228		
15:18:57		718905		614781		104124		
15:18:59		718905		616641		102264		
15:19:01		718905		629785		89120		
15:19:03		718905		632389		86516		
15:19:05		735907		630047		105860		
15:19:07		735907		631411		104496		
15:19:09		795886		297406		498480		
15:19:11		501723		132831		368892		
15:19:13		526500		405016		121484		
15:19:15		591862		436538		155324		
15:19:17		606944		448048		158896		
15:19:19		606944		455620		151324		
15:19:21		606944		463804		143140		
15:19:23		606944		476144		130800		
15:19:25		620744		483760		136984		
15:19:27		620744		518896		101848		
15:19:29		652946		526298		126648		
15:19:31		652946		528670		124276		
15:19:33		652946		528686		124260		
15:19:35		652946		528982		123964		
15:19:37		652946		529254		123692		
15:19:39		652946		529550		123396		
15:19:41		652946		529690		123256		
15:19:43		652946		543782		109164		
15:19:45		652946		559162		93784		
15:19:47		664843		569403		95440		
15:19:49		664843		589083		75760		
15:19:51		681629		600913		80716		
15:19:53		681629		614593		67036		
15:19:55		718072		623940		94132		
15:19:57		718072		637016		81056		
15:19:59		742834		641698		101136		
15:20:01		802646		637278		165368		
15:20:03		802646		639634		163012		
15:20:06		802646		640494		162152		
15:20:08		790878		640382		150496		
15:20:10		790878		641746		149132		
15:20:12		777721		643097		134624		
15:20:14		777721		644709		133012		
15:20:16		777721		646569		131152		
15:20:18		777721		655745		121976		
15:20:20		777721		657357		120364		
15:20:22		777721		656241		121480		
15:20:24		777721		657729		119992		
15:20:26		777721		658597		119124		
15:20:28		777721		658597		119124		
15:20:30		777721		658597		119124		
15:20:32		777721		658597		119124		
15:20:34		777721		658597		119124		
15:20:36		777721		461697		316024		
15:20:38		588453		419061		169392		
15:20:40		543399		472367		71032		
15:20:42		586039		478131		107908		
15:20:44		586039		513523		72516		
15:20:46		617226		525246		91980		
15:20:48		641708		527292		114416		
15:20:50		641708		527308		114400		
15:20:52		641708		527604		114104		
15:20:54		641708		527876		113832		
15:20:56		641708		528008		113700		
15:20:58		641708		528312		113396		
15:21:00		676228		528872		147356		
15:21:02		676228		538740		137488		
15:21:04		676228		555368		120860		
15:21:06		676228		560640		115588		
15:21:08		692229		572769		119460		
15:21:10		751094		594118		156976		
15:21:12		762180		608440		153740		
15:21:14		762180		628516		133664		
15:21:17		762180		632800		129380		
15:21:19		762180		640000		122180		
15:21:21		762180		640868		121312		
15:21:23		762180		642976		119204		
15:21:25		779996		643928		136068		
15:21:27		779996		644660		135336		
15:21:29		779996		645280		134716		
15:21:31		779996		647016		132980		
15:21:33		779996		648132		131864		
15:21:35		779996		648628		131368		
15:21:37		779996		663876		116120		
15:21:39		779996		656680		123316		
15:21:41		779996		658780		121216		
15:21:43		779996		660140		119856		
15:21:45		779996		325220		454776		
15:21:47		473071		266923		206148		
15:21:49		423898		348410		75488		
15:21:51		492351		353115		139236		
15:21:53		492351		366383		125968		
15:21:55		504443		374755		129688		
15:21:57		557549		383749		173800		
15:21:59		557549		395273		162276		
15:22:01		581328		404676		176652		
15:22:03		581328		416464		164864		
15:22:05		581328		428676		152652		
15:22:07		597926		438718		159208		
15:22:09		597926		460546		137380		
15:22:11		609932		477380		132552		
15:22:13		621633		484557		137076		
15:22:15		621633		499557		122076		
15:22:17		642013		512769		129244		
15:22:19		642013		518281		123732		
15:22:21		652511		531711		120800		
15:22:23		652511		540939		111572		
15:22:25		665014		562898		102116		
15:22:27		686130		564054		122076		
15:22:29		686130		572866		113264		
15:22:31		698358		585094		113264		
15:22:34		698358		579558		118800		
15:22:36		698358		577822		120536		
15:22:38		698358		580302		118056		
15:22:40		698358		585386		112972		
15:22:42		698358		592694		105664		
15:22:44		710312		593984		116328		
15:22:46		710312		595224		115088		
15:22:48		710312		593364		116948		
15:22:50		710312		605020		105292		
15:22:52		710312		620520		89792		
15:22:54		736754		646962		89792		
15:22:56		689548		620100		69448		
15:22:58		734138		621330		112808		
15:23:00		734138		617642		116496		
15:23:02		734138		352074		382064		
15:23:04		551490		169426		382064		
15:23:06		514190		436314		77876		
15:23:08		618088		446460		171628		
15:23:10		618088		457528		160560		
15:23:12		631494		464486		167008		
15:23:14		631494		472858		158636		
15:23:16		631494		482546		148948		
15:23:18		631494		507638		123856		
15:23:20		657147		526611		130536		
15:23:22		675534		537086		138448		
15:23:24		675534		553954		121580		
15:23:26		687120		571192		115928		
15:23:28		699873		578865		121008		
15:23:30		711880		600220		111660		
15:23:32		727457		610097		117360		
15:23:34		727457		621509		105948		
15:23:36		775414		633494		141920		
15:23:38		775414		640314		135100		
15:23:40		775414		640686		134728		
15:23:42		775414		643042		132372		
15:23:44		775414		642050		133364		
15:23:46		775414		643406		132008		
15:23:49		775414		639066		136348		
15:23:51		775414		640554		134860		
15:23:53		775414		642490		132924		
15:23:55		775414		644598		130816		
15:23:57		775414		656874		118540		
15:23:59		775414		652038		123376		
15:24:01		775414		655014		120400		
15:24:03		841242		655866		185376		
15:24:05		841242		639902		201340		
15:24:07		809671		366347		443324		
15:24:09		566602		324738		241864		
15:24:11		529307		441451		87856		
15:24:13		615093		451349		163744		
15:24:15		615093		460301		154792		
15:24:17		615093		466509		148584		
15:24:19		615093		477113		137980		
15:24:21		625744		483812		141932		
15:24:23		625744		512452		113292		
15:24:25		646437		533533		112904		
15:24:27		665889		539105		126784		
15:24:29		665889		539369		126520		
15:24:31		665889		539045		126844		
15:24:33		665889		539061		126828		
15:24:35		665889		539233		126656		
15:24:37		665889		539497		126392		
15:24:39		665889		539637		126252		
15:24:41		665889		552925		112964		
15:24:43		665889		568257		97632		
15:24:45		685852		581172		104680		
15:24:47		685852		605160		80692		
15:24:49		711947		611675		100272		
15:24:51		787157		617585		169572		
15:24:53		787157		629161		157996		
15:24:55		787157		642313		144844		
15:24:57		787157		642485		144672		
15:24:59		787157		642857		144300		
15:25:01		787157		645089		142068		
15:25:03		787157		646077		141080		
15:25:05		772978		646770		126208		
15:25:08		772978		648010		124968		
15:25:10		772978		649622		123356		
15:25:12		772978		651606		121372		
15:25:14		772978		656566		116412		
15:25:16		772978		662890		110088		
15:25:18		783797		659697		124100		
15:25:20		783797		661805		121992		
15:25:22		783797		663293		120504		
15:25:24		770539		325255		445284		
15:25:26		461400		263136		198264		
15:25:28		421160		347380		73780		
15:25:30		496624		331148		165476		
15:25:32		479874		340438		139436		
15:25:34		479874		352366		127508		
15:25:36		498195		365075		133120		
15:25:38		498195		375499		122696		
15:25:40		514071		386299		127772		
15:25:42		526264		396440		129824		
15:25:44		579430		403998		175432		
15:25:46		596237		437177		159060		
15:25:48		611385		446753		164632		
15:25:50		611385		458853		152532		
15:25:52		611385		470845		140540		
15:25:54		624290		482946		141344		
15:25:56		624290		490762		133528		
15:25:58		624290		509898		114392		
15:26:00		640459		529835		110624		
15:26:02		654547		541819		112728		
15:26:04		679661		566933		112728		
15:26:06		635502		522774		112728		
15:26:08		664843		570815		94028		
15:26:10		701396		565312		136084		
15:26:12		689859		562911		126948		
15:26:14		689859		563407		126452		
15:26:16		689859		565631		124228		
15:26:18		689859		566871		122988		
15:26:20		689859		567615		122244		
15:26:22		689859		569227		120632		
15:26:24		689859		570839		119020		
15:26:26		689859		586091		103768		
15:26:28		747611		586431		161180		
15:26:31		770049		608869		161180		
15:26:33		790884		629704		161180		
15:26:35		715192		589460		125732		
15:26:37		753490		264234		489256		
15:26:39		486566		249278		237288		
15:26:41		475702		334278		141424		
15:26:43		534070		409234		124836		
15:26:45		579447		419767		159680		
15:26:47		579447		433439		146008		
15:26:49		579447		440211		139236		
15:26:51		579447		449087		130360		
15:26:53		579447		457767		121680		
15:26:55		593390		481486		111904		
15:26:57		611975		499871		112104		
15:26:59		639950		508014		131936		
15:27:01		639950		508278		131672		
15:27:03		639950		508450		131500		
15:27:05		639950		508582		131368		
15:27:07		639950		508854		131096		
15:27:09		639950		508854		131096		
15:27:11		639950		508854		131096		
15:27:13		639950		509586		130364		
15:27:15		639950		523050		116900		
15:27:17		639950		540778		99172		
15:27:19		665434		550818		114616		
15:27:21		665434		569918		95516		
15:27:23		744996		579692		165304		
15:27:25		744996		591592		153404		
15:27:27		744996		603796		141200		
15:27:29		744996		615980		129016		
15:27:31		755516		616588		138928		
15:27:33		755516		618820		136696		
15:27:35		755516		616588		138928		
15:27:37		755516		617944		137572		
15:27:39		744927		618267		126660		
15:27:41		744927		620003		124924		
15:27:43		744927		621863		123064		
15:27:45		744927		623847		121080		
15:27:47		744927		626079		118848		
15:27:50		744927		639223		105704		
15:27:52		762469		642505		119964		
15:27:54		762469		643497		118972		
15:27:56		762469		292697		469772		
15:27:58		442544		148836		293708		
15:28:00		442544		369300		73244		
15:28:02		499392		367068		132324		
15:28:04		499392		376244		123148		
15:28:06		499392		387652		111740		
15:28:08		499392		398208		101184		
15:28:10		512168		407008		105160		
15:28:12		531664		411260		120404		
15:28:14		531664		426396		105268		
15:28:16		557240		439876		117364		
15:28:18		557240		446116		111124		
15:28:20		557240		488320		68920		
15:28:22		606939		500387		106552		
15:28:24		675882		507202		168680		
15:28:26		675882		518518		157364		
15:28:28		675882		523898		151984		
15:28:30		689491		535867		153624		
15:28:32		689491		552835		136656		
15:28:34		705288		566164		139124		
15:28:36		705288		578908		126380		
15:28:38		723056		582116		140940		
15:28:40		723056		586744		136312		
15:28:42		723056		586372		136684		
15:28:44		723056		589224		133832		
15:28:46		723056		589968		133088		
15:28:48		723056		590084		132972		
15:28:50		723056		591076		131980		
15:28:52		723056		592688		130368		
15:28:54		712420		594328		118092		
15:28:56		712420		606480		105940		
15:28:58		712420		611440		100980		
15:29:00		712420		614664		97756		
15:29:02		712420		612432		99988		
15:29:04		728691		613823		114868		
15:29:06		767042		294382		472660		
15:29:08		488055		221523		266532		
15:29:10		412874		343942		68932		
15:29:13		518424		339060		179364		
15:29:15		518424		354808		163616		
15:29:17		518424		367232		151192		
15:29:19		518424		380220		138204		
15:29:21		533802		387546		146256		
15:29:23		591405		391333		200072		
15:29:25		591405		402377		189028		
15:29:27		591405		412973		178432		
15:29:29		591405		439033		152372		
15:29:31		591405		460005		131400		
15:29:33		611106		467826		143280		
15:29:35		611106		482338		128768		
15:29:37		611106		500142		110964		
15:29:39		639079		508787		130292		
15:29:41		639079		518835		120244		
15:29:43		655371		538919		116452		
15:29:45		668480		552248		116232		
15:29:47		680027		564215		115812		
15:29:49		690842		568154		122688		
15:29:51		690842		571246		119596		
15:29:53		690842		572486		118356		
15:29:55		690842		575586		115256		
15:29:57		690842		581166		109676		
15:29:59		690842		581034		109808		
15:30:01		690842		582026		108816		
15:30:03		690842		582894		107948		
15:30:05		690842		584382		106460		
15:30:07		690842		598394		92448		
15:30:09		754453		600253		154200		
15:30:11		754453		603477		150976		
15:30:13		743981		603917		140064		
15:30:15		743981		598377		145604		
15:30:17		743981		283661		460320		
15:30:19		476524		279828		196696		
15:30:21		463317		366273		97044		
15:30:23		534287		419143		115144		
15:30:25		582817		430225		152592		
15:30:27		582817		440169		142648		
15:30:29		582817		447369		135448		
15:30:32		582817		457609		125208		
15:30:34		598543		468011		130532		
15:30:36		598543		499447		99096		
15:30:38		625123		509079		116044		
15:30:40		625123		513807		111316		
15:30:42		625123		514071		111052		
15:30:44		625123		514615		110508		
15:30:46		625123		514755		110368		
15:30:48		625123		515051		110072		
15:30:50		625123		515183		109940		
15:30:52		625123		515183		109940		
15:30:54		625123		520603		104520		
15:30:56		625123		540323		84800		
15:30:58		625123		549639		75484		
15:31:00		667938		592454		75484		
15:31:02		620862		552318		68544		
15:31:04		668188		549116		119072		
15:31:06		668188		555944		112244		
15:31:08		713822		565358		148464		
15:31:10		727490		572054		155436		
15:31:12		727490		575782		151708		
15:31:14		727490		578138		149352		
15:31:16		727490		579130		148360		
15:31:18		717084		582608		134476		
15:31:20		717084		583220		133864		
15:31:22		717084		584460		132624		
15:31:24		717084		585452		131632		
15:31:26		717084		587188		129896		
15:31:28		717084		589296		127788		
15:31:30		717084		604300		112784		
15:31:32		717084		606160		110924		
15:31:34		717084		604424		112660		
15:31:36		717084		597032		120052		
15:31:38		705701		286441		419260		
15:31:40		466737		159209		307528		
15:31:42		466737		367785		98952		
15:31:44		537391		397199		140192		
15:31:46		537391		401535		135856		
15:31:49		550162		412446		137716		
15:31:51		560705		423937		136768		
15:31:53		560705		431385		129320		
15:31:55		571983		443223		128760		
15:31:57		582567		453699		128868		
15:31:59		594890		486278		108612		
15:32:01		619758		496514		123244		
15:32:03		619758		508366		111392		
15:32:05		674691		522839		151852		
15:32:07		674691		533815		140876		
15:32:09		674691		543459		131232		
15:32:11		685606		564746		120860		
15:32:13		685606		578018		107588		
15:32:15		702415		588271		114144		
15:32:17		715205		600409		114796		
15:32:19		715205		604277		110928		
15:32:21		732818		601554		131264		
15:32:23		732818		603290		129528		
15:32:25		732818		604778		128040		
15:32:27		732818		606506		126312		
15:32:29		732818		607250		125568		
15:32:31		732818		608986		123832		
15:32:33		732818		610846		121972		
15:32:35		732818		618782		114036		
15:32:37		732818		625726		107092		
15:32:39		732818		627462		105356		
15:32:41		732818		620146		112672		
15:32:43		732818		621510		111308		
15:32:45		722170		281470		440700		
15:32:47		414125		239893		174232		
15:32:49		379370		323454		55916		
15:32:51		452768		378388		74380		
15:32:53		518343		383263		135080		
15:32:55		563914		394486		169428		
15:32:57		576002		402754		173248		
15:32:59		576002		412922		163080		
15:33:01		576002		421990		154012		
15:33:03		576002		434934		141068		
15:33:05		576002		445242		130760		
15:33:07		587889		477353		110536		
15:33:09		609818		488998		120820		
15:33:12		609818		490750		119068		
15:33:14		627516		491096		136420		
15:33:16		627516		491400		136116		
15:33:18		627516		491540		135976		
15:33:20		615877		491225		124652		
15:33:22		615877		491489		124388		
15:33:24		604883		494455		110428		
15:33:26		604883		512399		92484		
15:33:28		618560		524172		94388		
15:33:30		639754		525962		113792		
15:33:32		639754		529326		110428		
15:33:34		639754		537078		102676		
15:33:36		639754		553410		86344		
15:33:38		659111		563887		95224		
15:33:40		673728		580748		92980		
15:33:42		685144		590832		94312		
15:33:44		695459		593899		101560		
15:33:46		695459		598535		96924		
15:33:48		695459		599155		96304		
15:33:50		712775		601963		110812		
15:33:52		712775		604311		108464		
15:33:54		712775		604435		108340		
15:33:56		712775		605551		107224		
15:33:58		753977		606825		147152		
15:34:00		753977		608437		145540		
15:34:02		753977		622821		131156		
15:34:04		765714		625506		140208		
15:34:06		765714		628606		137108		
15:34:08		765714		627490		138224		
15:34:10		765714		617674		148040		
15:34:12		778166		308650		469516		
15:34:14		512462		288110		224352		
15:34:16		482805		407753		75052		
15:34:18		575456		417820		157636		
15:34:20		575456		430740		144716		
15:34:22		575456		437684		137772		
15:34:24		575456		445948		129508		
15:34:26		593248		453200		140048		
15:34:28		593248		479184		114064		
15:34:30		611136		496980		114156		
15:34:32		623412		506916		116496		
15:34:34		623412		522552		100860		
15:34:36		646799		536951		109848		
15:34:39		659912		552020		107892		
15:34:41		670826		569182		101644		
15:34:43		699093		581101		117992		
15:34:45		699093		594093		105000		
15:34:47		724281		602993		121288		
15:34:49		724281		604769		119512		
15:34:51		724281		605265		119016		
15:34:53		724281		608117		116164		
15:34:55		764250		609522		154728		
15:34:57		764250		610630		153620		
15:34:59		747842		610590		137252		
15:35:01		747842		612326		135516		
15:35:03		747842		613938		133904		
15:35:05		737161		615533		121628		
15:35:07		737161		625453		111708		
15:35:09		737161		636613		100548		
15:35:11		737161		641697		95464		
15:35:13		737161		643185		93976		
15:35:15		756412		622944		133468		
15:35:17		734286		333006		401280		
15:35:19		480948		277132		203816		
15:35:21		525176		415104		110072		
15:35:23		570826		426058		144768		
15:35:25		583177		434565		148612		
15:35:27		583177		443377		139800		
15:35:29		583177		453237		129940		
15:35:31		583177		462057		121120		
15:35:33		583177		496837		86340		
15:35:35		630497		505717		124780		
15:35:37		630497		519305		111192		
15:35:39		646433		537593		108840		
15:35:41		659931		548047		111884		
15:35:43		659931		565039		94892		
15:35:45		676610		578634		97976		
15:35:47		676610		588450		88160		
15:35:49		693543		599839		93704		
15:35:51		724672		610796		113876		
15:35:53		764493		611729		152764		
15:35:55		776781		609137		167644		
15:35:57		752740		610764		141976		
15:35:59		752740		611624		141116		
15:36:02		752740		612616		140124		
15:36:04		741584		607040		134544		
15:36:06		741584		607908		133676		
15:36:08		741584		610884		130700		
15:36:10		741584		618820		122764		
15:36:12		741584		630228		111356		
15:36:14		753582		632306		121276		
15:36:16		753582		634786		118796		
15:36:18		753582		628958		124624		
15:36:20		753582		297278		456304		
15:36:22		445619		274271		171348		
15:36:24		419597		361805		57792		
15:36:26		522555		366959		155596		
15:36:28		522555		375515		147040		
15:36:30		533767		386255		147512		
15:36:32		533767		397787		135980		
15:36:34		553945		406689		147256		
15:36:36		553945		415253		138692		
15:36:38		553945		425973		127972		
15:36:40		553945		436181		117764		
15:36:42		553945		467849		86096		
15:36:44		591482		505386		86096		
15:36:46		549000		480544		68456		
15:36:48		602161		495709		106452		
15:36:50		602161		511693		90468		
15:36:52		622246		520814		101432		
15:36:54		622246		528970		93276		
15:36:56		673294		540162		133132		
15:36:58		673294		551958		121336		
15:37:00		673294		561302		111992		
15:37:02		703329		568777		134552		
15:37:04		703329		577493		125836		
15:37:06		703329		578021		125308		
15:37:08		703329		579509		123820		
15:37:10		703329		582237		121092		
15:37:12		714879		586843		128036		
15:37:14		766355		587347		179008		
15:37:16		766355		587595		178760		
15:37:18		749591		588315		161276		
15:37:21		749591		590299		159292		
15:37:23		749591		592035		157556		
15:37:25		737713		607313		130400		
15:37:27		737713		609421		128292		
15:37:29		737713		607065		130648		
15:37:31		737713		608677		129036		
15:37:33		737713		610165		127548		
15:37:35		737713		290849		446864		
15:37:37		467576		201984		265592		
15:37:39		467576		398400		69176		
15:37:41		554289		393273		161016		
15:37:43		554289		406541		147748		
15:37:45		554289		416857		137432		
15:37:47		554289		424553		129736		
15:37:49		554289		433917		120372		
15:37:51		554289		446209		108080		
15:37:53		573499		470075		103424		
15:37:55		592548		489628		102920		
15:37:57		624737		498785		125952		
15:37:59		624737		516645		108092		
15:38:01		693925		532577		161348		
15:38:03		693925		541601		152324		
15:38:05		693925		559901		134024		
15:38:07		715463		577607		137856		
15:38:09		715463		588959		126504		
15:38:11		715463		594759		120704		
15:38:13		715463		595115		120348		
15:38:15		715463		595363		120100		
15:38:17		715463		598959		116504		
15:38:19		715463		599695		115768		
15:38:21		715463		600191		115272		
15:38:23		715463		601927		113536		
15:38:25		715463		603911		111552		
15:38:27		715463		605895		109568		
15:38:29		715463		608003		107460		
15:38:31		733233		619077		114156		
15:38:33		733233		621557		111676		
15:38:35		733233		620069		113164		
15:38:37		733233		283945		449288		
15:38:40		428940		213360		215580		
15:38:42		370543		297967		72576		
15:38:44		438633		343901		94732		
15:38:46		479475		366739		112736		
15:38:48		491130		373558		117572		
15:38:50		506651		383127		123524		
15:38:52		506651		395063		111588		
15:38:54		527379		401399		125980		
15:38:56		527379		410715		116664		
15:38:58		590445		421757		168688		
15:39:00		613361		429793		183568		
15:39:02		600230		442286		157944		
15:39:04		600230		465086		135144		
15:39:06		621215		483775		137440		
15:39:08		637163		497687		139476		
15:39:10		637163		514019		123144		
15:39:12		653628		527324		126304		
15:39:14		653628		534332		119296		
15:39:16		668054		547406		120648		
15:39:18		668054		565406		102648		
15:39:20		691936		573176		118760		
15:39:22		691936		583752		108184		
15:39:24		714254		588222		126032		
15:39:26		714254		588594		125660		
15:39:28		714254		590578		123676		
15:39:30		714254		594174		120080		
15:39:32		703084		594032		109052		
15:39:34		703084		595272		107812		
15:39:36		735414		593750		141664		
15:39:38		735414		595486		139928		
15:39:40		735414		596974		138440		
15:39:42		735414		616070		119344		
15:39:44		747341		616217		131124		
15:39:46		747341		618325		129016		
15:39:48		747341		619689		127652		
15:39:50		747341		293949		453392		
15:39:52		455289		281269		174020		
15:39:55		438124		370260		67864		
15:39:57		516362		410086		106276		
15:39:59		558494		421590		136904		
15:40:01		558494		432658		125836		
15:40:03		627405		436213		191192		
15:40:05		627405		445645		181760		
15:40:07		627405		456877		170528		
15:40:09		627405		467301		160104		
15:40:11		627405		497033		130372		
15:40:13		646497		507801		138696		
15:40:15		646497		524737		121760		
15:40:17		658271		535227		123044		
15:40:19		658271		545707		112564		
15:40:21		673145		556833		116312		
15:40:23		673145		577349		95796		
15:40:25		700757		586265		114492		
15:40:27		700757		598197		102560		
15:40:29		711379		610363		101016		
15:40:31		711379		613835		97544		
15:40:33		733963		613851		120112		
15:40:35		733963		616827		117136		
15:40:37		733963		617075		116888		
15:40:39		733963		618307		115656		
15:40:41		733963		619423		114540		
15:40:43		719197		620653		98544		
15:40:45		719197		622513		96684		
15:40:47		719197		633425		85772		
15:40:49		737335		637303		100032		
15:40:51		737335		639659		97676		
15:40:53		773381		637389		135992		
15:40:55		829290		638490		190800		
15:40:57		829290		622662		206628		
15:40:59		790520		317204		473316		
15:41:01		527449		280981		246468		
15:41:03		495458		413194		82264		
15:41:05		597811		423663		174148		
15:41:07		597811		435103		162708		
15:41:09		616124		442752		173372		
15:41:11		616124		450388		165736		
15:41:13		616124		459696		156428		
15:41:15		626813		482829		143984		
15:41:18		637766		505734		132032		
15:41:20		654899		508987		145912		
15:41:22		654899		509127		145772		
15:41:24		654899		509547		145352		
15:41:26		654899		510927		143972		
15:41:28		654899		511059		143840		
15:41:30		654899		511363		143536		
15:41:32		654899		511503		143396		
15:41:34		654899		527263		127636		
15:41:36		654899		539875		115024		
15:41:38		654899		551239		103660		
15:41:40		668845		572341		96504		
15:41:42		685252		583960		101292		
15:41:44		685252		595216		90036		
15:41:46		721656		603864		117792		
15:41:48		721656		616948		104708		
15:41:50		742208		607020		135188		
15:41:52		796299		607295		189004		
15:41:54		796299		609527		186772		
15:41:56		796299		610147		186152		
15:41:58		778155		611339		166816		
15:42:00		778155		611587		166568		
15:42:02		760359		612763		147596		
15:42:04		760359		614499		145860		
15:42:06		760359		617227		143132		
15:42:08		760359		626279		134080		
15:42:10		760359		624791		135568		
15:42:12		760359		627271		133088		
15:42:14		786680		628544		158136		
15:42:16		786680		296772		489908		
15:42:18		503803		298475		205328		
15:42:20		503803		410947		92856		
15:42:22		587368		420360		167008		
15:42:24		587368		433784		153584		
15:42:26		587368		440224		147144		
15:42:28		587368		449356		138012		
15:42:30		599931		458811		141120		
15:42:32		599931		480771		119160		
15:42:34		621956		504812		117144		
15:42:37		639081		512405		126676		
15:42:39		705087		522063		183024		
15:42:41		705087		539015		166072		
15:42:43		705087		544767		160320		
15:42:45		705087		564123		140964		
15:42:47		719263		579307		139956		
15:42:49		719263		594083		125180		
15:42:51		719263		606511		112752		
15:42:53		730827		613535		117292		
15:42:55		743295		619935		123360		
15:42:57		743295		622663		120632		
15:42:59		743295		623283		120012		
15:43:01		743295		624027		119268		
15:43:03		743295		620051		123244		
15:43:05		743295		620423		122872		
15:43:07		743295		621911		121384		
15:43:09		743295		623895		119400		
15:43:11		743295		630963		112332		
15:43:13		754502		637954		116548		
15:43:15		754502		639566		114936		
15:43:17		754502		642914		111588		
15:43:19		766131		642639		123492		
15:43:21		766131		624351		141780		
15:43:23		752896		355112		397784		
15:43:25		563174		280694		282480		
15:43:27		579108		419884		159224		
15:43:29		607053		431733		175320		
15:43:31		619706		438930		180776		
15:43:33		619706		446378		173328		
15:43:35		619706		456742		162964		
15:43:37		619706		468902		150804		
15:43:39		631386		501690		129696		
15:43:41		649849		510977		138872		
15:43:43		649849		513589		136260		
15:43:45		649849		513613		136236		
15:43:47		649849		513661		136188		
15:43:49		649849		513933		135916		
15:43:51		649849		514097		135752		
15:43:53		649849		514113		135736		
15:43:55		649849		517153		132696		
15:43:57		649849		532401		117448		
15:43:59		649849		544353		105496		
15:44:01		663684		548564		115120		
15:44:04		682257		556693		125564		
15:44:06		682257		574729		107528		
15:44:08		707436		593092		114344		
15:44:10		720934		603630		117304		
15:44:12		733178		613446		119732		
15:44:14		733178		615190		117988		
15:44:16		733178		624366		108812		
15:44:18		746464		621036		125428		
15:44:20		746464		622648		123816		
15:44:22		799113		623953		175160		
15:44:24		799113		625069		174044		
15:44:26		799113		625689		173424		
15:44:28		786468		626560		159908		
15:44:30		786468		628296		158172		
15:44:32		786468		629908		156560		
15:44:34		786468		638960		147508		
15:44:36		771721		640705		131016		
15:44:38		771721		643929		127792		
15:44:40		771721		640705		131016		
15:44:42		771721		642177		129544		
15:44:44		794847		316871		477976		
15:44:46		533322		267218		266104		
15:44:48		475628		411008		64620		
15:44:50		579039		410219		168820		
15:44:52		579039		421163		157876		
15:44:54		591429		428105		163324		
15:44:56		591429		436849		154580		
15:44:58		591429		447257		144172		
15:45:00		604036		461504		142532		
15:45:02		619044		493220		125824		
15:45:04		640220		502376		137844		
15:45:06		640220		519128		121092		
15:45:08		655852		530744		125108		
15:45:10		667233		543437		123796		
15:45:12		667233		563249		103984		
15:45:14		741317		569437		171880		
15:45:16		741317		574361		166956		
15:45:18		741317		590413		150904		
15:45:20		741317		594029		147288		
15:45:22		741317		601857		139460		
15:45:24		741317		602325		138992		
15:45:27		728099		604143		123956		
15:45:29		728099		604887		123212		
15:45:31		728099		605499		122600		
15:45:33		728099		606367		121732		
15:45:35		728099		608103		119996		
15:45:37		728099		608103		119996		
15:45:39		728099		609963		118136		
15:45:41		728099		618147		109952		
15:45:43		742281		626129		116152		
15:45:45		742281		626625		115656		
15:45:47		754538		617678		136860		
15:45:49		741942		618474		123468		
15:45:51		741942		331958		409984		
15:45:53		484179		74195		409984		
15:45:55		435532		360128		75404		
15:45:57		501704		362668		139036		
15:45:59		489260		371676		117584		
15:46:01		489260		380604		108656		
15:46:03		489260		396996		92264		
15:46:05		531471		404503		126968		
15:46:07		531471		415415		116056		
15:46:09		547465		426257		121208		
15:46:11		561996		436488		125508		
15:46:13		561996		469104		92892		
15:46:15		597822		478046		119776		
15:46:17		662072		485560		176512		
15:46:19		673325		490553		182772		
15:46:21		673325		506009		167316		
15:46:23		673325		514009		159316		
15:46:25		687539		523779		163760		
15:46:27		687539		545295		142244		
15:46:29		699236		564708		134528		
15:46:31		699236		575124		124112		
15:46:33		709990		580946		129044		
15:46:35		709990		585206		124784		
15:46:37		720940		587104		133836		
15:46:39		720940		591444		129496		
15:46:41		720940		592312		128628		
15:46:43		720940		595372		125568		
15:46:45		720940		596360		124580		
15:46:47		720940		596980		123960		
15:46:49		720940		598840		122100		
15:46:52		705539		600179		105360		
15:46:54		717517		602733		114784		
15:46:56		717517		611413		106104		
15:46:58		736911		617663		119248		
15:47:00		736911		620019		116892		
15:47:02		736911		621383		115528		
15:47:04		736911		298563		438348		
15:47:06		450121		232725		217396		
15:47:08		450121		382945		67176		
15:47:10		580886		382902		197984		
15:47:12		580886		393318		187568		
15:47:14		580886		405998		174888		
15:47:16		592466		415214		177252		
15:47:18		625053		423017		202036		
15:47:20		625053		434109		190944		
15:47:22		611134		439054		172080		
15:47:24		611134		462866		148268		
15:47:26		611134		462866		148268		
15:47:28		611134		462866		148268		
15:47:30		611134		520082		91052		
15:47:32		642962		525926		117036		
15:47:34		642962		535446		107516		
15:47:36		658326		554610		103716		
15:47:38		677490		567998		109492		
15:47:40		690878		574598		116280		
15:47:42		690878		585174		105704		
15:47:44		708409		589437		118972		
15:47:46		723705		589233		134472		
15:47:48		723705		590709		132996		
15:47:50		723705		596785		126920		
15:47:52		723705		597521		126184		
15:47:54		723705		598513		125192		
15:47:56		775543		600007		175536		
15:47:58		775543		601743		173800		
15:48:00		758533		602837		155696		
15:48:02		758533		613253		145280		
15:48:04		758533		610029		148504		
15:48:06		758533		613253		145280		
15:48:08		739009		613941		125068		
15:48:10		739009		605025		133984		
15:48:12		739009		335105		403904		
15:48:15		504908		342028		162880		
15:48:17		504908		413208		91700		
15:48:19		573553		423101		150452		
15:48:21		573553		431409		142144		
15:48:23		584924		439316		145608		
15:48:25		584924		449928		134996		
15:48:27		584924		458128		126796		
15:48:29		599960		492356		107604		
15:48:31		625928		500468		125460		
15:48:33		625928		511412		114516		
15:48:35		639785		526017		113768		
15:48:37		639785		539473		100312		
15:48:39		670893		550341		120552		
15:48:41		670893		570113		100780		
15:48:43		737256		580084		157172		
15:48:45		737256		594236		143020		
15:48:47		737256		604348		132908		
15:48:49		737256		609944		127312		
15:48:51		747911		610679		137232		
15:48:53		737622		609690		127932		
15:48:55		748090		611230		136860		
15:48:57		748090		614698		133392		
15:48:59		748090		615798		132292		
15:49:01		748090		617286		130804		
15:49:03		748090		619146		128944		
15:49:05		748090		620882		127208		
15:49:07		748090		635514		112576		
15:49:09		759149		634173		124976		
15:49:11		759149		637149		122000		
15:49:13		759149		638265		120884		
15:49:15		759149		283081		476068		
15:49:17		433748		130940		302808		
15:49:19		411364		348236		63128		
15:49:21		484495		352003		132492		
15:49:23		484495		366387		118108		
15:49:25		494774		376790		117984		
15:49:27		494774		388106		106668		
15:49:29		528407		395691		132716		
15:49:31		528407		404255		124152		
15:49:33		538859		417443		121416		
15:49:35		552373		430269		122104		
15:49:38		567747		438491		129256		
15:49:40		622147		467655		154492		
15:49:42		644760		476016		168744		
15:49:44		644760		476272		168488		
15:49:46		644760		476320		168440		
15:49:48		644760		476344		168416		
15:49:50		644760		476516		168244		
15:49:52		620700		476900		143800		
15:49:54		620700		482412		138288		
15:49:56		620700		500280		120420		
15:49:58		635472		517332		118140		
15:50:00		650736		527524		123212		
15:50:02		670765		541285		129480		
15:50:04		708358		557442		150916		
15:50:06		708358		565878		142480		
15:50:08		720413		578101		142312		
15:50:10		720413		585053		135360		
15:50:12		720413		588657		131756		
15:50:14		720413		590765		129648		
15:50:16		720413		591881		128532		
15:50:18		720413		592617		127796		
15:50:20		720413		593981		126432		
15:50:22		720413		595593		124820		
15:50:24		720413		597577		122836		
15:50:26		720413		599189		121224		
15:50:28		720413		601793		118620		
15:50:30		720413		604893		115520		
15:50:32		766951		606047		160904		
15:50:34		766951		607163		159788		
15:50:36		750664		292080		458584		
15:50:38		501430		262946		238484		
15:50:40		476199		370131		106068		
15:50:42		560389		415697		144692		
15:50:44		586053		427597		158456		
15:50:46		586053		436177		149876		
15:50:48		586053		443749		142304		
15:50:50		586053		453493		132560		
15:50:52		599340		462580		136760		
15:50:54		599340		499644		99696		
15:50:57		636232		508140		128092		
15:50:59		636232		512372		123860		
15:51:01		636232		512876		123356		
15:51:03		636232		513172		123060		
15:51:05		636232		513444		122788		
15:51:07		636232		513568		122664		
15:51:09		636232		512996		123236		
15:51:11		636232		513012		123220		
15:51:13		636232		516680		119552		
15:51:15		646710		533114		113596		
15:51:17		660695		547559		113136		
15:51:19		673559		560423		113136		
15:51:21		683801		570665		113136		
15:51:23		683801		570665		113136		
15:51:25		739185		597957		141228		
15:51:27		760555		609575		150980		
15:51:29		760555		611475		149080		
15:51:31		760555		615079		145476		
15:51:33		760555		618303		142252		
15:51:35		760555		612599		147956		
15:51:37		740917		592961		147956		
15:51:39		720845		616033		104812		
15:51:41		739616		617692		121924		
15:51:43		739616		619304		120312		
15:51:45		739616		620172		119444		
15:51:47		751644		628604		123040		
15:51:49		751644		639764		111880		
15:51:51		768744		641364		127380		
15:51:53		768744		643968		124776		
15:51:55		768744		638636		130108		
15:51:57		768744		297796		470948		
15:51:59		457484		167184		290300		
15:52:01		457484		379572		77912		
15:52:03		503989		383077		120912		
15:52:05		503989		391873		112116		
15:52:07		523113		403077		120036		
15:52:09		523113		412725		110388		
15:52:11		535855		420283		115572		
15:52:13		535855		430871		104984		
15:52:15		552717		442913		109804		
15:52:17		552717		475777		76940		
15:52:19		592220		486924		105296		
15:52:22		592220		498364		93856		
15:52:24		614471		512675		101796		
15:52:26		627920		520360		107560		
15:52:28		685522		524162		161360		
15:52:30		696140		530248		165892		
15:52:32		696140		541620		154520		
15:52:34		696140		564012		132128		
15:52:36		707796		574804		132992		
15:52:38		744059		584503		159556		
15:52:40		744059		586675		157384		
15:52:42		744059		589907		154152		
15:52:44		744059		591767		152292		
15:52:46		744059		592635		151424		
15:52:48		732468		599892		132576		
15:52:50		732468		594924		137544		
15:52:52		732468		596164		136304		
15:52:54		721868		598584		123284		
15:52:56		721868		600196		121672		
15:52:58		721868		602304		119564		
15:53:00		721868		605156		116712		
15:53:02		721868		607140		114728		
15:53:04		721868		608504		113364		
15:53:06		733260		296696		436564		
15:53:08		458735		298787		159948		
15:53:10		458735		379215		79520		
15:53:12		521959		389867		132092		
15:53:14		521959		401771		120188		
15:53:16		533275		411747		121528		
15:53:18		560187		418943		141244		
15:53:20		610834		425090		185744		
15:53:22		623228		436300		186928		
15:53:24		623228		446360		176868		
15:53:26		623228		479604		143624		
15:53:28		643306		487786		155520		
15:53:30		643306		505102		138204		
15:53:32		643306		521426		121880		
15:53:34		655830		527566		128264		
15:53:36		655830		538358		117472		
15:53:38		670451		563559		106892		
15:53:41		690557		573625		116932		
15:53:43		690557		584669		105888		
15:53:45		707797		588593		119204		
15:53:47		707797		592065		115732		
15:53:49		707797		593677		114120		
15:53:51		707797		596777		111020		
15:53:53		707797		601489		106308		
15:53:55		723710		602514		121196		
15:53:57		723710		603506		120204		
15:53:59		723710		604374		119336		
15:54:01		723710		606234		117476		
15:54:03		735786		613350		122436		
15:54:05		735786		619922		115864		
15:54:07		735786		623146		112640		
15:54:09		746477		621809		124668		
15:54:11		746477		612425		134052		
15:54:13		733698		318002		415696		
15:54:15		469582		268514		201068		
15:54:17		501336		411868		89468		
15:54:19		554623		423243		131380		
15:54:21		554623		431947		122676		
15:54:23		628716		436484		192232		
15:54:25		628716		444980		183736		
15:54:27		628716		454916		173800		
15:54:29		640430		480574		159856		
15:54:31		662002		499342		162660		
15:54:33		662002		507922		154080		
15:54:35		662002		524170		137832		
15:54:37		662002		532914		129088		
15:54:39		681609		544037		137572		
15:54:41		681609		562229		119380		
15:54:43		695698		578458		117240		
15:54:45		712586		587166		125420		
15:54:47		712586		599362		113224		
15:54:49		728057		605309		122748		
15:54:51		728057		608789		119268		
15:54:53		728057		606805		121252		
15:54:55		728057		608789		119268		
15:54:57		716931		610303		106628		
15:54:59		716931		611295		105636		
15:55:02		739886		613046		126840		
15:55:04		739886		611310		128576		
15:55:06		739886		619990		119896		
15:55:08		739886		630654		109232		
15:55:10		739886		636730		103156		
15:55:12		754348		639784		114564		
15:55:14		811153		639921		171232		
15:55:16		811153		624221		186932		
15:55:18		789561		331837		457724		
15:55:20		533908		312564		221344		
15:55:22		521071		410927		110144		
15:55:24		599022		421670		177352		
15:55:26		626913		430993		195920		
15:55:28		626913		439053		187860		
15:55:30		626913		446433		180480		
15:55:32		608635		454319		154316		
15:55:34		608635		470403		138232		
15:55:36		626196		497916		128280		
15:55:38		638414		505802		132612		
15:55:40		638414		506306		132108		
15:55:42		638414		506446		131968		
15:55:44		638414		506742		131672		
15:55:46		638414		507874		130540		
15:55:48		638414		508750		129664		
15:55:50		638414		508798		129616		
15:55:52		638414		516690		121724		
15:55:54		651271		526195		125076		
15:55:56		662354		538194		124160		
15:55:58		662354		539978		122376		
15:56:00		662354		555210		107144		
15:56:02		675554		578378		97176		
15:56:04		690508		590980		99528		
15:56:06		690508		602928		87580		
15:56:08		704205		610557		93648		
15:56:10		704205		613169		91036		
15:56:12		725411		613543		111868		
15:56:15		784577		615545		169032		
15:56:17		784577		616405		168172		
15:56:19		798639		614843		183796		
15:56:21		798639		615587		183052		
15:56:23		798639		616951		181688		
15:56:25		777293		618421		158872		
15:56:27		777293		620033		157260		
15:56:29		766124		628332		137792		
15:56:31		766124		635772		130352		
15:56:33		766124		637632		128492		
15:56:35		766124		636888		129236		
15:56:37		766124		638112		128012		
15:56:39		766124		300932		465192		
15:56:41		481171		71143		410028		
15:56:43		481171		407711		73460		
15:56:45		569152		417320		151832		
15:56:47		569152		430868		138284		
15:56:49		569152		437564		131588		
15:56:51		585987		446031		139956		
15:56:53		585987		459067		126920		
15:56:55		603731		492671		111060		
15:56:57		629079		503055		126024		
15:56:59		629079		515155		113924		
15:57:01		644002		531422		112580		
15:57:03		656126		538526		117600		
15:57:05		667396		549768		117628		
15:57:07		677654		571986		105668		
15:57:09		756078		578514		177564		
15:57:11		756078		592282		163796		
15:57:13		756078		605462		150616		
15:57:15		756078		615134		140944		
15:57:17		767863		621843		146020		
15:57:19		767863		618123		149740		
15:57:21		767863		620355		147508		
15:57:23		767863		620719		147144		
15:57:25		767863		621711		146152		
15:57:27		767863		622951		144912		
15:57:29		754818		624290		130528		
15:57:31		754818		626274		128544		
15:57:33		754818		633218		121600		
15:57:35		754818		635946		118872		
15:57:37		754818		639170		115648		
15:57:40		772791		640403		132388		
15:57:42		772791		641767		131024		
15:57:44		772791		318835		453956		
15:57:46		473070		232418		240652		
15:57:48		487352		410036		77316		
15:57:50		546456		421400		125056		
15:57:52		546456		430236		116220		
15:57:54		546456		437800		108656		
15:57:56		574993		446933		128060		
15:57:58		574993		454141		120852		
15:58:00		623124		473948		149176		
15:58:02		647876		496144		151732		
15:58:04		664078		507650		156428		
15:58:06		664078		522658		141420		
15:58:08		726314		532706		193608		
15:58:10		726314		539590		186724		
15:58:12		726314		549730		176584		
15:58:14		726314		572974		153340		
15:58:16		726314		588502		137812		
15:58:18		726314		588502		137812		
15:58:20		726314		604790		121524		
15:58:22		738703		611259		127444		
15:58:24		738703		611631		127072		
15:58:26		738703		613491		125212		
15:58:28		738703		618327		120376		
15:58:30		753909		617157		136752		
15:58:32		742404		616936		125468		
15:58:34		742404		618548		123856		
15:58:36		742404		620284		122120		
15:58:38		742404		621896		120508		
15:58:40		742404		640248		102156		
15:58:42		763128		642496		120632		
15:58:44		763128		642992		120136		
15:58:46		763128		644356		118772		
15:58:48		775054		298206		476848		
15:58:50		472918		261186		211732		
15:58:52		430153		360797		69356		
15:58:54		522056		357800		164256		
15:58:57		522056		370572		151484		
15:58:59		522056		382972		139084		
15:59:01		522056		392420		129636		
15:59:03		522056		400480		121576		
15:59:05		606950		399822		207128		
15:59:07		606950		411106		195844		
15:59:09		618061		425721		192340		
15:59:11		618061		437169		180892		
15:59:13		618061		441029		177032		
15:59:15		629135		479403		149732		
15:59:17		650261		486465		163796		
15:59:19		650261		502341		147920		
15:59:21		650261		509045		141216		
15:59:23		664946		523730		141216		
15:59:25		664946		523730		141216		
15:59:27		664946		559558		105388		
15:59:29		695322		564006		131316		
15:59:31		695322		564006		131316		
15:59:33		695322		564006		131316		
15:59:35		695322		564006		131316		
15:59:37		695322		564006		131316		
15:59:39		695322		564006		131316		
15:59:41		695322		592694		102628		
15:59:43		719094		593898		125196		
15:59:45		719094		594642		124452		
15:59:47		719094		595138		123956		
15:59:49		719094		597866		121228		
15:59:51		719094		611754		107340		
15:59:53		719094		615102		103992		
15:59:55		741855		616039		125816		
15:59:57		741855		617527		124328		
15:59:59		741855		610523		131332		
16:00:01		782424		303340		479084		
16:00:03		514074		211922		302152		
16:00:05		514074		409670		104404		
16:00:07		592740		422180		170560		
16:00:09		592740		435728		157012		
16:00:11		603899		442199		161700		
16:00:13		616289		447777		168512		
16:00:16		616289		458885		157404		
16:00:18		626615		469187		157428		
16:00:20		626615		502431		124184		
16:00:22		647018		509442		137576		
16:00:24		647018		523658		123360		
16:00:26		664659		538915		125744		
16:00:28		677035		551291		125744		
16:00:30		677035		562635		114400		
16:00:32		697432		584032		113400		
16:00:34		711242		593026		118216		
16:00:36		750598		604262		146336		
16:00:38		750598		612454		138144		
16:00:40		750598		615066		135532		
16:00:42		750598		617174		133424		
16:00:44		750598		617918		132680		
16:00:46		750598		619026		131572		
16:00:48		750598		619770		130828		
16:00:50		750598		621258		129340		
16:00:52		765106		623614		141492		
16:00:54		765106		625350		139756		
16:00:56		765106		630558		134548		
16:00:58		765106		632914		132192		
16:01:00		836120		634860		201260		
16:01:02		836120		635852		200268		
16:01:04		819513		619901		199612		
16:01:06		791374		344502		446872		
16:01:08		573506		375878		197628		
16:01:10		588242		421834		166408		
16:01:12		606791		433083		173708		
16:01:14		606791		441523		165268		
16:01:16		606791		447723		159068		
16:01:18		606791		459567		147224		
16:01:20		606791		468271		138520		
16:01:22		606791		503863		102928		
16:01:24		640516		512176		128340		
16:01:26		640516		514292		126224		
16:01:28		650860		514608		136252		
16:01:30		650860		514904		135956		
16:01:32		650860		515044		135816		
16:01:34		650860		515340		135520		
16:01:37		650860		515480		135380		
16:01:39		650860		515744		135116		
16:01:41		650860		529636		121224		
16:01:43		664305		545285		119020		
16:01:45		664305		557517		106788		
16:01:47		684928		576244		108684		
16:01:49		701194		591646		109548		
16:01:51		714588		601988		112600		
16:01:53		778284		608524		169760		
16:01:55		778284		613772		164512		
16:01:57		778284		617508		160776		
16:01:59		778284		619740		158544		
16:02:01		778284		620608		157676		
16:02:03		778284		619864		158420		
16:02:05		778284		620848		157436		
16:02:07		757503		621891		135612		
16:02:09		757503		623627		133876		
16:02:11		757503		625611		131892		
16:02:13		757503		628835		128668		
16:02:15		757503		631315		126188		
16:02:17		757503		633051		124452		
16:02:19		757503		633671		123832		
16:02:21		757503		299139		458364		
16:02:23		465278		185550		279728		
16:02:25		465278		383994		81284		
16:02:27		524385		388609		135776		
16:02:29		524385		399521		124864		
16:02:31		545628		410124		135504		
16:02:33		545628		419300		126328		
16:02:35		561509		428121		133388		
16:02:37		561509		436749		124760		
16:02:39		561509		447793		113716		
16:02:41		578742		480206		98536		
16:02:43		607985		494237		113748		
16:02:45		607985		517777		90208		
16:02:47		642828		527256		115572		
16:02:49		642828		532900		109928		
16:02:51		717332		534872		182460		
16:02:53		717332		544672		172660		
16:02:55		717332		567320		150012		
16:02:57		732692		579312		153380		
16:02:59		732692		588256		144436		
16:03:01		732692		598872		133820		
16:03:04		732692		611272		121420		
16:03:06		732692		611644		121048		
16:03:08		732692		610776		121916		
16:03:10		748729		612057		136672		
16:03:12		748729		611057		137672		
16:03:14		748729		611925		136804		
16:03:16		748729		613537		135192		
16:03:18		748729		614901		133828		
16:03:20		748729		616761		131968		
16:03:22		748729		628913		119816		
16:03:24		748729		631517		117212		
16:03:26		748729		634741		113988		
16:03:28		777736		633616		144120		
16:03:30		792032		620944		171088		
16:03:32		764628		299700		464928		
16:03:34		483376		242004		241372		
16:03:36		427267		350435		76832		
16:03:38		427267		357723		69544		
16:03:40		518058		367374		150684		
16:03:42		518058		378922		139136		
16:03:44		529124		387400		141724		
16:03:46		552356		396736		155620		
16:03:48		552356		405432		146924		
16:03:50		563170		416922		146248		
16:03:52		563170		423990		139180		
16:03:54		625333		432873		192460		
16:03:56		635901		466493		169408		
16:03:58		647171		478035		169136		
16:04:00		647171		490927		156244		
16:04:02		647171		507491		139680		
16:04:04		663208		515988		147220		
16:04:06		663208		524424		138784		
16:04:08		663208		536492		126716		
16:04:10		663208		554264		108944		
16:04:12		678639		562259		116380		
16:04:14		678639		573207		105432		
16:04:16		697413		585301		112112		
16:04:18		722680		594216		128464		
16:04:21		722680		592108		130572		
16:04:23		722680		594216		128464		
16:04:25		722680		589744		132936		
16:04:27		722680		590984		131696		
16:04:29		722680		592100		130580		
16:04:31		722680		593712		128968		
16:04:33		722680		595572		127108		
16:04:35		722680		604624		118056		
16:04:37		722680		608716		113964		
16:04:39		734284		620320		113964		
16:04:41		734284		620320		113964		
16:04:43		734284		607920		126364		
16:04:45		784224		294796		489428		
16:04:47		513062		302946		210116		
16:04:49		513062		407298		105764		
16:04:51		590420		417384		173036		
16:04:53		590420		430560		159860		
16:04:55		590420		436760		153660		
16:04:57		590420		445008		145412		
16:04:59		610184		455100		155084		
16:05:01		610184		465936		144248		
16:05:03		610184		498588		111596		
16:05:05		642530		507630		134900		
16:05:07		642530		522606		119924		
16:05:09		663254		533622		129632		
16:05:11		663254		545218		118036		
16:05:13		678076		563632		114444		
16:05:15		694310		575690		118620		
16:05:17		694310		588582		105728		
16:05:19		714169		598989		115180		
16:05:21		714169		608501		105668		
16:05:23		727582		614242		113340		
16:05:25		727582		614614		112968		
16:05:27		727582		616462		111120		
16:05:29		727582		617082		110500		
16:05:31		727582		620050		107532		
16:05:33		791262		620614		170648		
16:05:35		791262		622102		169160		
16:05:37		791262		623838		167424		
16:05:39		791262		625698		165564		
16:05:41		776883		633391		143492		
16:05:43		776883		635127		141756		
16:05:46		776883		638203		138680		
16:05:48		766166		638150		128016		
16:05:50		766166		622742		143424		
16:05:52		749441		329473		419968		
16:05:54		504089		284021		220068		
16:05:56		522472		415492		106980		
16:05:58		565172		426464		138708		
16:06:00		565172		434788		130384		
16:06:02		565172		441484		123688		
16:06:04		575801		455649		120152		
16:06:06		575801		465461		110340		
16:06:08		596506		489758		106748		
16:06:10		618106		504958		113148		
16:06:12		631779		517539		114240		
16:06:14		642678		538118		104560		
16:06:16		693794		553418		140376		
16:06:18		708112		557624		150488		
16:06:20		708112		568432		139680		
16:06:22		708112		587716		120396		
16:06:24		708112		599096		109016		
16:06:26		736341		603945		132396		
16:06:28		736341		611785		124556		
16:06:30		736341		615629		120712		
16:06:32		736341		615381		120960		
16:06:34		736341		617241		119100		
16:06:36		797119		618747		178372		
16:06:38		797119		619855		177264		
16:06:40		778805		619769		159036		
16:06:42		778805		621381		157424		
16:06:44		778805		623241		155564		
16:06:46		764903		624839		140064		
16:06:48		764903		635255		129648		
16:06:50		764903		637239		127664		
16:06:52		764903		634015		130888		
16:06:54		764903		635007		129896		
16:06:56		764903		284847		480056		
16:06:58		480934		211686		269248		
16:07:00		411474		337602		73872		
16:07:02		513099		401783		111316		
16:07:04		568069		412597		155472		
16:07:06		568069		426641		141428		
16:07:09		568069		433453		134616		
16:07:11		568069		442709		125360		
16:07:13		580863		449791		131072		
16:07:15		580863		461479		119384		
16:07:17		593067		491771		101296		
16:07:19		625428		502192		123236		
16:07:21		625428		519316		106112		
16:07:23		646553		532453		114100		
16:07:25		646553		536313		110240		
16:07:27		716005		547697		168308		
16:07:29		728236		567440		160796		
16:07:31		728236		580712		147524		
16:07:33		739243		592131		147112		
16:07:35		739243		603451		135792		
16:07:37		756338		610130		146208		
16:07:39		756338		609882		146456		
16:07:41		745496		611192		134304		
16:07:43		745496		612556		132940		
16:07:45		745496		613788		131708		
16:07:47		745496		614284		131212		
16:07:49		745496		612920		132576		
16:07:51		745496		615028		130468		
16:07:53		745496		616888		128608		
16:07:55		745496		629784		115712		
16:07:57		756108		630352		125756		
16:07:59		756108		630104		126004		
16:08:01		756108		631344		124764		
16:08:03		744824		277416		467408		
16:08:05		418684		90940		327744		
16:08:07		395905		319573		76332		
16:08:09		449722		372002		77720		
16:08:11		491909		382065		109844		
16:08:13		491909		391737		100172		
16:08:15		510300		404208		106092		
16:08:17		510300		412008		98292		
16:08:19		543243		419547		123696		
16:08:21		543243		429275		113968		
16:08:23		559014		440970		118044		
16:08:25		628365		473925		154440		
16:08:28		655054		483378		171676		
16:08:30		655054		493578		161476		
16:08:32		655054		506354		148700		
16:08:34		666602		520818		145784		
16:08:36		666602		528942		137660		
16:08:38		666602		543166		123436		
16:08:40		680005		560709		119296		
16:08:42		691249		572329		118920		
16:08:44		704042		581334		122708		
16:08:46		704042		585834		118208		
16:08:48		704042		589182		114860		
16:08:50		714812		590280		124532		
16:08:52		714812		590900		123912		
16:08:54		714812		594248		120564		
16:08:56		714812		593992		120820		
16:08:58		701793		594241		107552		
16:09:00		701793		595729		106064		
16:09:02		701793		597845		103948		
16:09:04		701793		597845		103948		
16:09:06		718406		614458		103948		
16:09:08		762338		658390		103948		
16:09:10		713515		621699		91816		
16:09:12		764193		622777		141416		
16:09:14		764193		623893		140300		
16:09:16		806309		327997		478312		
16:09:18		551897		203177		348720		
16:09:20		451915		343087		108828		
16:09:22		550243		441415		108828		
16:09:24		515469		421193		94276		
16:09:26		587483		431487		155996		
16:09:28		587483		438803		148680		
16:09:30		587483		450523		136960		
16:09:32		587483		459451		128032		
16:09:34		587483		480947		106536		
16:09:36		605163		502147		103016		
16:09:38		625027		510115		114912		
16:09:40		625027		510255		114772		
16:09:43		625027		510427		114600		
16:09:45		625027		511559		113468		
16:09:47		637471		511867		125604		
16:09:49		637471		512163		125308		
16:09:51		637471		512427		125044		
16:09:53		637471		515335		122136		
16:09:55		649466		528830		120636		
16:09:57		649466		543634		105832		
16:09:59		670124		554756		115368		
16:10:01		680375		576687		103688		
16:10:03		748298		583154		165144		
16:10:05		748298		596550		151748		
16:10:07		748298		608002		140296		
16:10:09		748298		612970		135328		
16:10:11		759818		614950		144868		
16:10:13		759818		617306		142512		
16:10:15		759818		613462		146356		
16:10:17		759818		614330		145488		
16:10:19		746039		615051		130988		
16:10:21		746039		615795		130244		
16:10:23		746039		618523		127516		
16:10:25		746039		622739		123300		
16:10:27		746039		636131		109908		
16:10:29		759011		628395		130616		
16:10:31		759011		631495		127516		
16:10:33		759011		629883		129128		
16:10:35		759011		293083		465928		
16:10:37		500269		304909		195360		
16:10:39		500269		407601		92668		
16:10:41		586059		418619		167440		
16:10:43		586059		431299		154760		
16:10:45		605219		437555		167664		
16:10:47		605219		444755		160464		
16:10:49		605219		300863		304356		
16:10:51		502649		377949		124700		
16:10:53		563352		415312		148040		
16:10:55		588785		425517		163268		
16:10:57		588785		432585		156200		
16:10:59		588785		440281		148504		
16:11:01		601469		452037		149432		
16:11:03		601469		460485		140984		
16:11:05		616003		494339		121664		
16:11:07		641644		504892		136752		
16:11:09		641644		519100		122544		
16:11:12		660220		534920		125300		
16:11:14		673388		540844		132544		
16:11:16		690072		559888		130184		
16:11:18		704553		578129		126424		
16:11:20		718167		591655		126512		
16:11:22		735489		600685		134804		
16:11:24		735489		608937		126552		
16:11:26		735489		615997		119492		
16:11:28		748986		617358		131628		
16:11:30		748986		617326		131660		
16:11:32		748986		616458		132528		
16:11:34		748986		620170		128816		
16:11:36		748986		617318		131668		
16:11:38		748986		618434		130552		
16:11:40		748986		620418		128568		
16:11:42		748986		622154		126832		
16:11:44		748986		632942		116044		
16:11:46		763111		636279		126832		
16:11:48		763111		639627		123484		
16:11:50		763111		641115		121996		
16:11:52		763111		636031		127080		
16:11:54		763111		331427		431684		
16:11:56		517462		278510		238952		
16:11:58		533846		416786		117060		
16:12:00		578430		426302		152128		
16:12:02		578430		434246		144184		
16:12:04		608947		440667		168280		
16:12:06		608947		450775		158172		
16:12:08		619592		458552		161040		
16:12:10		632725		482409		150316		
16:12:12		644291		500595		143696		
16:12:14		658431		513767		144664		
16:12:16		691702		529434		162268		
16:12:18		691702		543014		148688		
16:12:20		691702		556122		135580		
16:12:22		691702		581330		110372		
16:12:24		710532		595340		115192		
16:12:26		724440		608324		116116		
16:12:28		739293		617605		121688		
16:12:30		739293		623449		115844		
16:12:32		739293		624953		114340		
16:12:34		739293		624953		114340		
16:12:36		739293		624953		114340		
16:12:39		739293		624953		114340		
16:12:41		739293		624953		114340		
16:12:43		739293		624953		114340		
16:12:45		750090		630534		119556		
16:12:47		764246		644690		119556		
16:12:49		775448		655892		119556		
16:12:51		723317		636621		86696		
16:12:53		762077		639173		122904		
16:12:55		762077		640413		121664		
16:12:57		762077		299533		462544		
16:12:59		510990		294566		216424		
16:13:01		510990		410430		100560		
16:13:03		583102		423150		159952		
16:13:05		583102		435334		147768		
16:13:07		599212		441648		157564		
16:13:09		599212		454244		144968		
16:13:11		617816		473468		144348		
16:13:13		617816		483024		134792		
16:13:15		632674		514822		117852		
16:13:17		656272		523292		132980		
16:13:19		656272		524548		131724		
16:13:21		656272		524680		131592		
16:13:23		675308		522444		152864		
16:13:25		675308		522576		152732		
16:13:27		675308		522592		152716		
16:13:29		675308		522772		152536		
16:13:31		675308		522904		152404		
16:13:33		675308		533268		142040		
16:13:35		675308		552012		123296		
16:13:37		691108		558948		132160		
16:13:39		691108		566476		124632		
16:13:41		706668		570644		136024		
16:13:43		706668		590156		116512		
16:13:45		723521		601541		121980		
16:13:47		723521		604837		118684		
16:13:49		735633		616949		118684		
16:13:51		746137		627453		118684		
16:13:53		746137		613317		132820		
16:13:55		746137		614309		131828		
16:13:57		746137		615045		131092		
16:13:59		756627		625535		131092		
16:14:01		756627		617971		138656		
16:14:03		756627		619831		136796		
16:14:05		756627		626527		130100		
16:14:08		756627		629007		127620		
16:14:10		756627		629627		127000		
16:14:12		756627		631239		125388		
16:14:14		756627		630983		125644		
16:14:16		756627		630983		125644		
16:14:18		769212		643568		125644		
16:14:20		769212		433520		335692		
16:14:22		597835		436239		161596		
16:14:24		597835		444035		153800		
16:14:26		597835		451547		146288		
16:14:28		597835		456135		141700		
16:14:30		609150		485062		124088		
16:14:32		629480		500108		129372		
16:14:34		653048		515764		137284		
16:14:36		666558		533146		133412		
16:14:38		681647		548795		132852		
16:14:40		692639		555843		136796		
16:14:42		692639		575935		116704		
16:14:44		715236		589924		125312		
16:14:46		715236		600436		114800		
16:14:48		733157		608753		124404		
16:14:50		733157		612845		120312		
16:14:52		783457		615025		168432		
16:14:54		783457		617381		166076		
16:14:56		766768		621400		145368		
16:14:58		766768		622260		144508		
16:15:00		755883		621295		134588		
16:15:02		755883		622659		133224		
16:15:04		755883		624519		131364		
16:15:06		755883		635431		120452		
16:15:08		770744		639132		131612		
16:15:10		770744		639876		130868		
16:15:12		770744		642728		128016		
16:15:14		770744		643968		126776		
16:15:16		770744		299028		471716		
16:15:18		508087		275915		232172		
16:15:20		489476		406864		82612		
16:15:22		582144		418840		163304		
16:15:24		582144		428164		153980		
16:15:26		592674		437454		155220		
16:15:28		592674		445274		147400		
16:15:31		592674		455506		137168		
16:15:33		609351		464511		144840		
16:15:35		609351		500111		109240		
16:15:37		643708		508676		135032		
16:15:39		643708		523132		120576		
16:15:41		668053		540621		127432		
16:15:43		684949		547537		137412		
16:15:45		684949		557593		127356		
16:15:47		684949		577721		107228		
16:15:49		707888		580584		127304		
16:15:51		707888		592880		115008		
16:15:53		721532		605596		115936		
16:15:55		734756		613728		121028		
16:15:57		748612		614068		134544		
16:15:59		748612		612208		136404		
16:16:01		748612		612580		136032		
16:16:03		748612		613812		134800		
16:16:05		748612		614928		133684		
16:16:07		748612		616664		131948		
16:16:09		748612		618400		130212		
16:16:11		748612		629932		118680		
16:16:13		748612		633404		115208		
16:16:15		758910		632294		126616		
16:16:17		758910		633658		125252		
16:16:19		758910		298518		460392		
16:16:21		496076		148400		347676		
16:16:23		462327		359483		102844		
16:16:25		541319		405915		135404		
16:16:27		581358		418138		163220		
16:16:29		581358		429454		151904		
16:16:31		594744		435896		158848		
16:16:33		594744		444516		150228		
16:16:35		609573		453037		156536		
16:16:37		609573		478421		131152		
16:16:39		631235		497155		134080		
16:16:41		645509		505749		139760		
16:16:43		645509		521253		124256		
16:16:45		662589		535049		127540		
16:16:47		675729		548533		127196		
16:16:49		686999		568291		118708		
16:16:51		703376		580348		123028		
16:16:53		716434		591066		125368		
16:16:55		730583		602283		128300		
16:16:57		741379		612251		129128		
16:17:00		741379		612623		128756		
16:17:02		741379		612499		128880		
16:17:04		741379		614275		127104		
16:17:06		741379		615507		125872		
16:17:08		741379		616499		124880		
16:17:10		741379		618359		123020		
16:17:12		741379		620095		121284		
16:17:14		756088		622032		134056		
16:17:16		756088		632324		123764		
16:17:18		768733		636041		132692		
16:17:20		768733		637529		131204		
16:17:22		768733		637405		131328		
16:17:24		768733		310809		457924		
16:17:26		479910		249634		230276		
16:17:28		479910		407194		72716		
16:17:30		606432		417652		188780		
16:17:32		606432		428348		178084		
16:17:34		606432		436780		169652		
16:17:36		606432		446268		160164		
16:17:38		618334		453458		164876		
16:17:40		618334		478382		139952		
16:17:42		618334		497526		120808		
16:17:44		637811		507595		130216		
16:17:46		637811		522115		115696		
16:17:48		656797		543413		113384		
16:17:50		671560		547280		124280		
16:17:52		671560		559320		112240		
16:17:54		682200		583980		98220		
16:17:56		706860		593160		113700		
16:17:58		706860		604372		102488		
16:18:00		727252		610924		116328		
16:18:02		727252		614528		112724		
16:18:04		727252		617504		109748		
16:18:06		740383		616499		123884		
16:18:08		740383		617731		122652		
16:18:10		740383		618475		121908		
16:18:12		777484		619864		157620		
16:18:14		777484		621476		156008		
16:18:16		766975		622127		144848		
16:18:18		766975		623863		143112		
16:18:21		766975		637131		129844		
16:18:23		766975		639735		127240		
16:18:25		766975		642587		124388		
16:18:27		766975		643455		123520		
16:18:29		766975		284679		482296		
16:18:31		483765		167545		316220		
16:18:33		467189		380685		86504		
16:18:35		546533		391233		155300		
16:18:37		546533		399913		146620		
16:18:39		546533		411073		135460		
16:18:41		546533		420653		125880		
16:18:43		559525		427313		132212		
16:18:45		578454		434726		143728		
16:18:47		578454		381438		197016		
16:18:49		536442		383034		153408		
16:18:51		536442		383158		153284		
16:18:53		536442		383158		153284		
16:18:55		536442		383770		152672		
16:18:57		524022		383750		140272		
16:18:59		543750		384258		159492		
16:19:01		543750		384258		159492		
16:19:03		543750		384258		159492		
16:19:05		543750		384134		159616		
16:19:07		543750		281082		262668		
16:19:09		454164		281024		173140		
16:19:11		454164		281024		173140		
16:19:13		454164		281024		173140		
16:19:15		454164		281024		173140		
16:19:17		454164		281024		173140		
16:19:19		471248		281368		189880		
16:19:21		471248		281368		189880		
16:19:23		471248		281368		189880		
16:19:25		471248		281368		189880		
16:19:27		471248		281368		189880		
16:19:29		483268		281484		201784		
16:19:31		483268		281484		201784		
16:19:33		483268		281484		201784		
16:19:34		483268		281484		201784		
