recorded by mmserver domain:[id:9 time:Tue Apr  2 13:19:18 2013
]
time		tg_mem		use_mem		free_mem		
13:19:20		568038		346350		221688		
13:19:23		543373		321685		221688		
13:19:25		537805		346241		191564		
13:19:27		550415		353767		196648		
13:19:29		550074		346854		203220		
13:19:31		550493		347273		203220		
13:19:33		541864		338644		203220		
13:19:35		551414		348194		203220		
13:19:37		546669		343449		203220		
13:19:39		540714		337494		203220		
13:19:41		538758		335538		203220		
13:19:43		541533		338313		203220		
13:19:45		526647		345995		180652		
13:19:47		530935		346315		184620		
13:19:49		526884		345736		181148		
13:19:51		526657		345757		180900		
13:19:53		539783		358883		180900		
13:19:55		538253		346317		191936		
13:19:57		532665		345813		186852		
13:19:59		529869		345745		184124		
13:20:01		531432		346936		184496		
13:20:03		526975		342479		184496		
13:20:05		522328		345768		176560		
13:20:07		531604		355044		176560		
13:20:09		529501		352941		176560		
13:20:11		525319		348759		176560		
13:20:13		519300		342740		176560		
13:20:15		515556		338996		176560		
13:20:17		510820		334260		176560		
13:20:19		507222		345790		161432		
13:20:21		513197		346309		166888		
13:20:23		541059		374171		166888		
13:20:25		537411		346343		191068		
13:20:27		535625		345797		189828		
13:20:29		531451		345715		185736		
13:20:32		527808		345792		182016		
13:20:34		525132		345720		179412		
13:20:36		519750		345794		173956		
13:20:38		514464		345716		168748		
13:20:40		509959		345799		164160		
13:20:42		498493		345741		152752		
13:20:44		482614		345734		136880		
13:20:46		474855		337975		136880		
13:20:48		457835		320955		136880		
13:20:50		440805		303925		136880		
13:20:52		422662		285782		136880		
13:20:54		404445		267565		136880		
13:20:56		377026		240146		136880		
13:20:58		345354		208474		136880		
13:21:00		397785		260905		136880		
13:21:02		360235		223355		136880		
13:21:04		391286		254406		136880		
13:21:06		347274		210394		136880		
13:21:08		385083		278491		106592		
13:21:10		368629		278033		90596		
13:21:12		361652		278124		83528		
13:21:14		361479		278075		83404		
13:21:16		358237		279173		79064		
13:21:18		356450		279246		77204		
13:21:20		353020		279288		73732		
13:21:22		352904		279172		73732		
13:21:24		348270		274538		73732		
13:21:26		348217		279197		69020		
13:21:28		352380		279764		72616		
13:21:30		355146		279802		75344		
13:21:33		360513		282689		77824		
13:21:35		362769		279737		83032		
13:21:37		362612		279580		83032		
13:21:39		362667		279635		83032		
13:21:41		360368		279196		81172		
13:21:43		360567		279395		81172		
13:21:45		358722		279286		79436		
13:21:47		360512		279836		80676		
13:21:49		359328		279272		80056		
13:21:51		357247		279299		77948		
13:21:53		363431		284491		78940		
13:21:55		365475		279839		85636		
13:21:57		362176		279268		82908		
13:21:59		402425		319517		82908		
13:22:01		392570		279778		112792		
13:22:03		400140		281396		118744		
13:22:05		405860		279800		126060		
13:22:07		400240		279264		120976		
13:22:09		399873		279269		120604		
13:22:11		398427		279311		119116		
13:22:13		396175		279291		116884		
13:22:15		396613		279729		116884		
13:22:17		392834		275950		116884		
13:22:19		394941		281405		113536		
13:22:21		394871		281335		113536		
13:22:23		389997		276461		113536		
13:22:25		386433		272897		113536		
13:22:27		384438		279334		105104		
13:22:29		384430		279326		105104		
13:22:31		384901		279797		105104		
13:22:33		383568		279456		104112		
13:22:35		388387		286259		102128		
13:22:38		390485		282405		108080		
13:22:40		386951		281971		104980		
13:22:42		389157		284177		104980		
13:22:44		384598		281974		102624		
13:22:46		386917		283921		102996		
13:22:48		406107		299763		106344		
13:22:50		422431		282831		139600		
13:22:52		408930		282350		126580		
13:22:54		405546		282314		123232		
13:22:56		393296		282340		110956		
13:22:58		391386		282290		109096		
13:23:00		389284		282420		106864		
13:23:02		386878		282742		104136		
13:23:04		387952		283196		104756		
13:23:06		385264		282864		102400		
13:23:08		386875		283855		103020		
13:23:10		383275		282983		100292		
13:23:12		383790		283374		100416		
13:23:14		383232		283064		100168		
13:23:16		415210		315042		100168		
13:23:18		419585		283457		136128		
13:23:20		412399		282967		129432		
13:23:22		402757		282997		119760		
13:23:24		405526		285394		120132		
13:23:26		404352		283104		121248		
13:23:28		403956		283080		120876		
13:23:30		399320		283156		116164		
13:23:32		397787		283111		114676		
13:23:34		401063		284155		116908		
13:23:36		399509		282601		116908		
13:23:38		431767		314983		116784		
13:23:41		429590		283666		145924		
13:23:43		425654		283078		142576		
13:23:45		414916		283004		131912		
13:23:47		411945		283257		128688		
13:23:49		407373		283397		123976		
13:23:51		405670		283430		122240		
13:23:53		405883		283767		122116		
13:23:55		401728		283580		118148		
13:23:57		402013		283865		118148		
13:23:59		399864		283576		116288		
13:24:01		398681		284129		114552		
13:24:03		397881		284941		112940		
13:24:05		393828		284980		108848		
13:24:07		404828		294492		110336		
13:24:09		398586		285150		113436		
13:24:11		393995		285147		108848		
13:24:13		387353		278505		108848		
13:24:15		382161		273313		108848		
13:24:17		378779		269931		108848		
13:24:19		369477		260629		108848		
13:24:21		360513		251665		108848		
13:24:23		351963		243115		108848		
13:24:25		347858		239010		108848		
13:24:27		341509		276393		65116		
13:24:29		411171		340555		70616		
13:24:31		391190		270762		120428		
13:24:33		401402		279610		121792		
13:24:35		395887		270747		125140		
13:24:37		391133		270209		120924		
13:24:39		381788		260864		120924		
13:24:42		370926		270338		100588		
13:24:44		377561		270773		106788		
13:24:46		380048		272888		107160		
13:24:48		377320		270408		106912		
13:24:50		377009		270097		106912		
13:24:52		369074		270470		98604		
13:24:54		369120		270516		98604		
13:24:56		369166		270562		98604		
13:24:58		367572		270704		96868		
13:25:00		365551		268683		96868		
13:25:02		364841		267973		96868		
13:25:04		363711		275275		88436		
13:25:06		366177		275633		90544		
13:25:08		367987		276575		91412		
13:25:10		363515		261763		101752		
13:25:12		352503		261911		90592		
13:25:14		354239		262407		91832		
13:25:16		361774		263618		98156		
13:25:18		361068		263284		97784		
13:25:20		359722		263302		96420		
13:25:22		361931		266627		95304		
13:25:24		364793		266017		98776		
13:25:26		362020		264484		97536		
13:25:28		361554		264514		97040		
13:25:30		358747		264559		94188		
13:25:32		361469		266537		94932		
13:25:34		359071		264511		94560		
13:25:36		365230		266702		98528		
13:25:38		365942		264934		101008		
13:25:40		364965		264329		100636		
13:25:42		388395		287759		100636		
13:25:45		413012		264884		148128		
13:25:47		388992		264424		124568		
13:25:49		384441		264337		120104		
13:25:51		388987		264915		124072		
13:25:53		390435		264875		125560		
13:25:55		388808		264364		124444		
13:25:57		379473		264453		115020		
13:25:59		376114		264442		111672		
13:26:01		371636		264428		107208		
13:26:03		370505		264413		106092		
13:26:05		372484		266144		106340		
13:26:07		367493		264625		102868		
13:26:09		370990		266882		104108		
13:26:11		369724		264624		105100		
13:26:13		365755		264623		101132		
13:26:15		404712		301720		102992		
13:26:17		401675		264955		136720		
13:26:19		402375		265035		137340		
13:26:21		393745		264465		129280		
13:26:23		385615		264519		121096		
13:26:25		388158		266442		121716		
13:26:27		387303		264595		122708		
13:26:29		384682		264578		120104		
13:26:31		383467		264599		118868		
13:26:33		381889		264633		117256		
13:26:35		429789		311905		117884		
13:26:37		414385		265013		149372		
13:26:39		427622		277010		150612		
13:26:41		428379		267099		161280		
13:26:43		415773		267265		148508		
13:26:45		409189		267253		141936		
13:26:48		407584		267260		140324		
13:26:50		388278		267174		121104		
13:26:52		392082		269366		122716		
13:26:54		422452		294528		127924		
13:26:56		415928		268040		147888		
13:26:58		417502		268002		149500		
13:27:00		419136		268024		151112		
13:27:02		401489		267613		133876		
13:27:04		403293		269045		134248		
13:27:06		394755		267699		127056		
13:27:08		397987		270807		127180		
13:27:10		395470		268042		127428		
13:27:12		389132		268028		121104		
13:27:14		389157		268053		121104		
13:27:16		384678		268162		116516		
13:27:18		387359		269727		117632		
13:27:20		379761		268205		111556		
13:27:22		380077		268521		111556		
13:27:24		381482		268562		112920		
13:27:26		376603		268147		108456		
13:27:28		373977		268249		105728		
13:27:30		374344		268616		105728		
13:27:32		370595		268215		102380		
13:27:34		368849		268205		100644		
13:27:36		366523		268235		98288		
13:27:38		370739		271459		99280		
13:27:40		367371		268339		99032		
13:27:42		370405		270133		100272		
13:27:44		367444		268412		99032		
13:27:46		366389		268349		98040		
13:27:49		370040		270636		99404		
13:27:51		371009		269001		102008		
13:27:53		373013		269145		103868		
13:27:55		366104		268560		97544		
13:27:57		372048		273388		98660		
13:27:59		370763		268755		102008		
13:28:01		369315		268795		100520		
13:28:03		406627		305487		101140		
13:28:05		413187		269763		143424		
13:28:07		409508		270052		139456		
13:28:09		438447		298743		139704		
13:28:11		424806		270594		154212		
13:28:13		418582		270074		148508		
13:28:15		411471		270031		141440		
13:28:17		411471		270279		141192		
13:28:19		400020		270484		129536		
13:28:21		393944		270484		123460		
13:28:23		392120		270396		121724		
13:28:25		394736		272640		122096		
13:28:27		387014		270746		116268		
13:28:29		388075		271187		116888		
13:28:31		386132		270732		115400		
13:28:33		384269		270729		113540		
13:28:35		384921		271133		113788		
13:28:37		382450		270646		111804		
13:28:39		418163		305739		112424		
13:28:41		420371		271119		149252		
13:28:43		411253		270681		140572		
13:28:45		408950		270610		138340		
13:28:47		407296		270816		136480		
13:28:49		407921		271193		136728		
13:28:52		402110		270714		131396		
13:28:54		405168		273276		131892		
13:28:56		400128		270840		129288		
13:28:58		400352		271064		129288		
13:29:00		397233		270921		126312		
13:29:02		393677		270961		122716		
13:29:04		392551		271447		121104		
13:29:06		387486		271466		116020		
13:29:08		381974		275750		106224		
13:29:10		384973		276145		108828		
13:29:12		382660		259796		122864		
13:29:14		365625		262129		103496		
13:29:16		399994		296622		103372		
13:29:18		401526		264054		137472		
13:29:20		389048		263604		125444		
13:29:22		387600		263520		124080		
13:29:24		383444		264820		118624		
13:29:26		382980		264852		118128		
13:29:28		384114		265242		118872		
13:29:30		381770		264758		117012		
13:29:32		379447		264791		114656		
13:29:34		377239		264691		112548		
13:29:36		378911		265247		113664		
13:29:38		374151		264703		109448		
13:29:40		373903		264703		109200		
13:29:42		373161		264829		108332		
13:29:44		374705		266001		108704		
13:29:46		368237		264989		103248		
13:29:48		375088		271096		103992		
13:29:50		422163		308003		114160		
13:29:53		402197		288037		114160		
13:29:55		441123		265335		175788		
13:29:57		413537		264781		148756		
13:29:59		405751		264807		140944		
13:30:01		403529		264817		138712		
13:30:03		391678		264746		126932		
13:30:05		386973		264753		122220		
13:30:07		374246		264798		109448		
13:30:09		376347		266279		110068		
13:30:11		376812		265380		111432		
13:30:13		379539		265379		114160		
13:30:15		380662		265386		115276		
13:30:17		377827		264783		113044		
13:30:19		377929		264885		113044		
13:30:21		375358		264794		110564		
13:30:23		376565		265381		111184		
13:30:25		376565		265381		111184		
13:30:27		406999		295815		111184		
13:30:29		392573		265393		127180		
13:30:31		398142		269598		128544		
13:30:33		405438		265362		140076		
13:30:35		399044		264796		134248		
13:30:37		400310		265442		134868		
13:30:39		398030		264898		133132		
13:30:41		395594		264942		130652		
13:30:43		394210		264922		129288		
13:30:45		388753		266905		121848		
13:30:47		388989		267761		121228		
13:30:49		379676		267500		112176		
13:30:51		377429		267485		109944		
13:30:53		372140		267652		104488		
13:30:56		368743		267603		101140		
13:30:58		370176		268168		102008		
13:31:00		367073		267917		99156		
13:31:02		364177		267873		96304		
13:31:04		365451		268403		97048		
13:31:06		401274		303358		97916		
13:31:08		397675		268387		129288		
13:31:10		394517		267833		126684		
13:31:12		384346		268202		116144		
13:31:14		387571		270063		117508		
13:31:16		381255		268459		112796		
13:31:18		378629		268437		110192		
13:31:20		377422		268470		108952		
13:31:22		374820		268472		106348		
13:31:24		373862		268506		105356		
13:31:26		370283		268523		101760		
13:31:28		374087		272079		102008		
13:31:30		370693		268561		102132		
13:31:32		367830		268550		99280		
13:31:34		362138		268562		93576		
13:31:36		362520		268944		93576		
13:31:38		361295		268587		92708		
13:31:40		361553		268845		92708		
13:31:42		358527		268795		89732		
13:31:44		359547		269071		90476		
13:31:46		456262		365786		90476		
13:31:48		437032		269056		167976		
13:31:50		440913		271449		169464		
13:31:52		443771		269099		174672		
13:31:54		438558		268846		169712		
13:31:56		432339		268951		163388		
13:31:58		431026		269002		162024		
13:32:01		426880		269072		157808		
13:32:03		412761		269089		143672		
13:32:05		396171		269115		127056		
13:32:07		392932		269100		123832		
13:32:09		395244		271908		123336		
13:32:11		381861		270553		111308		
13:32:13		385607		273679		111928		
13:32:15		385774		270994		114780		
13:32:17		380767		270451		110316		
13:32:19		371772		270384		101388		
13:32:21		372831		271319		101512		
13:32:23		367876		270828		97048		
13:32:25		365687		270871		94816		
13:32:27		367102		271418		95684		
13:32:29		367102		271418		95684		
13:32:31		356341		270949		85392		
13:32:33		354223		271063		83160		
13:32:35		350631		271067		79564		
13:32:37		353996		274432		79564		
13:32:39		355309		271529		83780		
13:32:41		358259		271503		86756		
13:32:43		355463		271063		84400		
13:32:45		357490		271602		85888		
13:32:47		357490		271602		85888		
13:32:49		356076		271180		84896		
13:32:51		348483		271151		77332		
13:32:53		352420		275088		77332		
13:32:55		352042		271610		80432		
13:32:57		383968		302544		81424		
13:33:00		377880		271656		106224		
13:33:02		425675		314243		111432		
13:33:04		421963		272339		149624		
13:33:06		432359		281743		150616		
13:33:08		431226		276022		155204		
13:33:10		424171		276035		148136		
13:33:12		425803		276427		149376		
13:33:14		421732		260180		161552		
13:33:16		396448		262448		134000		
13:33:18		399007		263643		135364		
13:33:20		387501		264041		123460		
13:33:22		382808		264060		118748		
13:33:24		385032		265788		119244		
13:33:26		381715		265199		116516		
13:33:28		378956		265292		113664		
13:33:30		377913		265241		112672		
13:33:32		378403		265607		112796		
13:33:34		375317		265125		110192		
13:33:36		370549		265193		105356		
13:33:38		369730		265118		104612		
13:33:40		403948		298840		105108		
13:33:42		392512		265704		126808		
13:33:44		386111		265131		120980		
13:33:46		384229		265109		119120		
13:33:48		383530		265154		118376		
13:33:50		387584		265612		121972		
13:33:52		385983		265127		120856		
13:33:54		381403		265135		116268		
13:33:56		378304		265136		113168		
13:33:59		377304		265128		112176		
13:34:01		373688		265108		108580		
13:34:03		371883		265163		106720		
13:34:05		400957		293617		107340		
13:34:07		380293		265637		114656		
13:34:09		446222		330822		115400		
13:34:11		417836		265732		152104		
13:34:13		437113		283645		153468		
13:34:15		442655		265751		176904		
13:34:17		431834		265222		166612		
13:34:19		423020		265212		157808		
13:34:21		453691		295139		158552		
13:34:23		434130		265782		168348		
13:34:25		440842		271254		169588		
13:34:27		440423		265751		174672		
13:34:29		432955		265227		167728		
13:34:31		431778		265166		166612		
13:34:33		426287		265255		161032		
13:34:35		423744		265192		158552		
13:34:37		425618		266570		159048		
13:34:39		410877		265345		145532		
13:34:41		412828		266304		146524		
13:34:43		408328		265400		142928		
13:34:45		406697		267365		139332		
13:34:47		409081		268757		140324		
13:34:49		397791		267883		129908		
13:34:51		398096		268188		129908		
13:34:53		390472		267880		122592		
13:34:55		383156		268004		115152		
13:34:58		377432		267984		109448		
13:35:00		372214		268222		103992		
13:35:02		366867		268331		98536		
13:35:04		374933		275901		99032		
13:35:06		375563		268719		106844		
13:35:08		371068		268192		102876		
13:35:10		370579		268323		102256		
13:35:12		369119		268599		100520		
13:35:14		364720		268664		96056		
13:35:16		365754		269202		96552		
13:35:18		366825		269281		97544		
13:35:20		365922		268874		97048		
13:35:22		365366		268814		96552		
13:35:24		369109		271937		97172		
13:35:26		368722		269194		99528		
13:35:28		398112		294616		103496		
13:35:30		455339		293439		161900		
13:35:32		495701		269321		226380		
13:35:34		454115		268779		185336		
13:35:36		447848		268836		179012		
13:35:38		450903		269411		181492		
13:35:40		449243		268867		180376		
13:35:42		446471		268823		177648		
13:35:44		439439		268983		170456		
13:35:46		431762		268994		162768		
13:35:48		417027		269015		148012		
13:35:50		411932		269004		142928		
13:35:52		400407		269011		131396		
13:35:54		399372		268968		130404		
13:35:56		396446		269266		127180		
13:35:58		440276		312848		127428		
13:36:00		434548		269920		164628		
13:36:03		429971		269311		160660		
13:36:05		441770		275406		166364		
13:36:07		433176		269416		163760		
13:36:09		432487		269347		163140		
13:36:11		437626		270518		167108		
13:36:13		425482		270774		154708		
13:36:15		419942		270814		149128		
13:36:17		412665		270853		141812		
13:36:19		408863		270771		138092		
13:36:21		410168		272076		138092		
13:36:23		410168		271580		138588		
13:36:25		453843		315379		138464		
13:36:27		442301		271721		170580		
13:36:29		453064		281120		171944		
13:36:31		451406		271774		179632		
13:36:33		446162		271490		174672		
13:36:35		441491		271407		170084		
13:36:37		432120		271452		160668		
13:36:39		424170		271446		152724		
13:36:41		421710		271466		150244		
13:36:43		413877		271445		142432		
13:36:45		412745		271429		141316		
13:36:47		408644		271420		137224		
13:36:49		398992		271440		127552		
13:36:51		434879		307203		127676		
13:36:53		424201		271973		152228		
13:36:55		425197		271977		153220		
13:36:57		430790		271990		158800		
13:36:59		413526		271466		142060		
13:37:01		415318		273258		142060		
13:37:03		411657		271581		140076		
13:37:06		412208		272008		140200		
13:37:08		408874		271774		137100		
13:37:10		404546		272158		132388		
13:37:12		403915		272147		131768		
13:37:14		397876		276400		121476		
13:37:16		398363		276887		121476		
13:37:18		445548		307332		138216		
13:37:20		431196		260592		170604		
13:37:22		428264		262892		165372		
13:37:24		426682		263046		163636		
13:37:26		422731		264427		158304		
13:37:28		419369		264413		154956		
13:37:30		412942		264434		148508		
13:37:32		407566		265506		142060		
13:37:34		401248		265512		135736		
13:37:36		396718		265570		131148		
13:37:38		398577		266437		132140		
13:37:40		386929		265453		121476		
13:37:42		385183		265443		119740		
13:37:44		388748		268016		120732		
13:37:46		388079		265611		122468		
13:37:48		388572		266104		122468		
13:37:50		385224		265608		119616		
13:37:52		382202		265562		116640		
13:37:54		383125		265989		117136		
13:37:56		379270		265482		113788		
13:37:58		377675		265499		112176		
13:38:00		370991		265635		105356		
13:38:02		375859		270255		105604		
13:38:04		400517		290821		109696		
13:38:06		366454		256758		109696		
13:38:09		408090		266030		142060		
13:38:11		408380		266072		142308		
13:38:13		394395		265479		128916		
13:38:15		404408		274996		129412		
13:38:17		405364		266032		139332		
13:38:19		398057		265545		132512		
13:38:21		401386		268626		132760		
13:38:23		394739		265699		129040		
13:38:25		437349		307937		129412		
13:38:27		435164		266072		169092		
13:38:29		437071		266863		170208		
13:38:31		473440		293436		180004		
13:38:33		455744		266068		189676		
13:38:35		483711		266135		217576		
13:38:37		466659		265575		201084		
13:38:39		474278		271334		202944		
13:38:41		457664		266012		191652		
13:38:43		455127		266079		189048		
13:38:45		445390		266014		179376		
13:38:47		437046		265978		171068		
13:38:49		428610		265974		162636		
13:38:51		424159		267599		156560		
13:38:53		418351		268115		150236		
13:38:55		419289		268681		150608		
13:38:57		416483		268231		148252		
13:38:59		411615		268199		143416		
13:39:01		415130		271714		143416		
13:39:03		414678		268906		145772		
13:39:05		415846		269082		146764		
13:39:07		410405		268601		141804		
13:39:09		406566		268606		137960		
13:39:11		394739		268559		126180		
13:39:14		394123		268563		125560		
13:39:16		391815		268611		123204		
13:39:18		391668		268960		122708		
13:39:20		384471		268955		115516		
13:39:22		382852		269072		113780		
13:39:24		391036		269568		121468		
13:39:26		384783		269019		115764		
13:39:28		418736		301980		116756		
13:39:30		398412		269628		128784		
13:39:32		412120		281352		130768		
13:39:34		424550		271214		153336		
13:39:36		411664		258328		153336		
13:39:38		391530		269194		122336		
13:39:40		407110		269646		137464		
13:39:42		392687		269111		123576		
13:39:44		390151		269179		120972		
13:39:46		384119		269223		114896		
13:39:48		381631		269215		112416		
13:39:50		378699		269259		109440		
13:39:52		378891		269451		109440		
13:39:54		376579		269247		107332		
13:39:56		373351		269243		104108		
13:39:58		377945		273589		104356		
13:40:00		376620		269412		107208		
13:40:02		376271		269559		106712		
13:40:04		371507		269879		101628		
13:40:06		372661		270289		102372		
13:40:08		371265		269761		101504		
13:40:10		433428		331924		101504		
13:40:12		429269		270229		159040		
13:40:14		429289		270621		158668		
13:40:16		423899		270687		153212		
13:40:19		422990		271266		151724		
13:40:21		419150		271270		147880		
13:40:23		414122		271202		142920		
13:40:25		408113		271269		136844		
13:40:27		397639		271459		126180		
13:40:29		394454		271498		122956		
13:40:31		392714		271494		121220		
13:40:33		391032		271548		119484		
13:40:35		389433		271561		117872		
13:40:37		388791		271663		117128		
13:40:39		384484		271696		112788		
13:40:41		382008		271700		110308		
13:40:43		381497		271685		109812		
13:40:45		379532		271704		107828		
13:40:47		375891		271783		104108		
13:40:49		405579		301223		104356		
13:40:51		401721		272317		129404		
13:40:53		405074		274182		130892		
13:40:55		408416		272316		136100		
13:40:57		418432		276752		141680		
13:40:59		421071		272323		148748		
13:41:01		420313		271813		148500		
13:41:03		447054		297934		149120		
13:41:05		433785		272265		161520		
13:41:07		449285		285533		163752		
13:41:09		452056		272556		179500		
13:41:11		444779		272471		172308		
13:41:13		441033		272569		168464		
13:41:15		439114		276602		162512		
13:41:17		433876		276572		157304		
13:41:19		434261		276957		157304		
13:41:22		417260		260924		156336		
13:41:24		402686		263238		139448		
13:41:26		402686		264602		138084		
13:41:28		392692		264776		127916		
13:41:30		436847		308063		128784		
13:41:32		434547		266331		168216		
13:41:34		435558		266350		169208		
13:41:36		429883		265759		164124		
13:41:38		428342		265830		162512		
13:41:40		423000		265820		157180		
13:41:42		427972		270048		157924		
13:41:44		425849		265941		159908		
13:41:46		431443		271535		159908		
13:41:48		435609		266277		169332		
13:41:50		428493		265857		162636		
13:41:52		426182		265778		160404		
13:41:54		421223		265779		155444		
13:41:56		418747		265783		152964		
13:41:58		408331		265783		142548		
13:42:00		397569		265809		131760		
13:42:02		398955		266699		132256		
13:42:04		397803		266043		131760		
13:42:06		397892		266132		131760		
13:42:08		390423		265979		124444		
13:42:10		385998		266018		119980		
13:42:12		419448		298972		120476		
13:42:14		407093		266405		140688		
13:42:16		423431		282743		140688		
13:42:18		430287		266411		163876		
13:42:20		420004		265924		154080		
13:42:22		415014		265894		149120		
13:42:24		413301		265917		147384		
13:42:27		409697		265909		143788		
13:42:29		412240		267832		144408		
13:42:31		406840		266028		140812		
13:42:33		402231		266007		136224		
13:42:35		402063		266087		135976		
13:42:37		402865		266393		136472		
13:42:39		396973		265957		131016		
13:42:41		394211		265923		128288		
13:42:43		392594		265918		126676		
13:42:45		390973		265909		125064		
13:42:47		387442		265850		121592		
13:42:49		389588		267872		121716		
13:42:51		386018		266162		119856		
13:42:53		382766		268118		114648		
13:42:55		425048		310772		114276		
13:42:57		418586		269094		149492		
13:42:59		427302		276818		150484		
13:43:01		432240		269852		162388		
13:43:03		431924		269164		162760		
13:43:05		422187		268727		153460		
13:43:07		422089		269001		153088		
13:43:09		419947		269091		150856		
13:43:11		418622		269006		149616		
13:43:13		405625		269029		136596		
13:43:15		402195		269071		133124		
13:43:17		404768		269536		135232		
13:43:19		444205		300665		143540		
13:43:21		428523		269855		158668		
13:43:23		473753		300825		172928		
13:43:25		468657		269937		198720		
13:43:27		471627		272907		198720		
13:43:29		469565		269605		199960		
13:43:32		465841		269601		196240		
13:43:34		464805		269557		195248		
13:43:36		463631		269623		194008		
13:43:38		462839		269575		193264		
13:43:40		461322		269670		191652		
13:43:42		452635		269663		182972		
13:43:44		448095		269587		178508		
13:43:46		449914		270786		179128		
13:43:48		436166		269686		166480		
13:43:50		438061		271581		166480		
13:43:52		424388		269688		154700		
13:43:54		408949		269749		139200		
13:43:56		407316		269728		137588		
13:43:58		403881		269765		134116		
13:44:00		395507		269699		125808		
13:44:02		392119		269659		122460		
13:44:04		398227		275519		122708		
13:44:06		403024		270520		132504		
13:44:08		388806		270066		118740		
13:44:10		392018		273278		118740		
13:44:12		393590		270634		122956		
13:44:14		390206		270102		120104		
13:44:16		388182		270434		117748		
13:44:18		389089		271589		117500		
13:44:20		387219		271455		115764		
13:44:22		387358		271594		115764		
13:44:24		389566		273554		116012		
13:44:26		386935		271667		115268		
13:44:28		388225		272337		115888		
13:44:30		388512		272376		116136		
13:44:33		388948		272440		116508		
13:44:35		384886		271974		112912		
13:44:37		383535		271863		111672		
13:44:39		437275		325355		111920		
13:44:41		424309		272585		151724		
13:44:43		433522		280930		152592		
13:44:45		440864		272524		168340		
13:44:47		460212		291128		169084		
13:44:49		474023		272575		201448		
13:44:51		445888		272092		173796		
13:44:53		439174		272074		167100		
13:44:55		436033		272033		164000		
13:44:57		426542		272214		154328		
13:44:59		425811		272227		153584		
13:45:01		421930		272190		149740		
13:45:03		416768		272236		144532		
13:45:05		415798		272134		143664		
13:45:07		405859		272239		133620		
13:45:09		408052		273812		134240		
13:45:11		402128		272352		129776		
13:45:13		397573		272261		125312		
13:45:15		398584		272900		125684		
13:45:17		392650		272918		119732		
13:45:19		393001		273269		119732		
13:45:21		394944		278312		116632		
13:45:23		392495		276979		115516		
13:45:25		387471		261267		126204		
13:45:27		371501		261169		110332		
13:45:29		369052		261200		107852		
13:45:31		371646		266050		105596		
13:45:34		373152		264208		108944		
13:45:36		368520		265032		103488		
13:45:38		372192		268704		103488		
13:45:40		374480		265536		108944		
13:45:42		368553		266181		102372		
13:45:44		369026		266654		102372		
13:45:46		373904		269176		104728		
13:45:48		406127		301399		104728		
13:45:50		448360		343508		104852		
13:45:52		427552		266776		160776		
13:45:54		484769		322753		162016		
13:45:56		470129		266697		203432		
13:45:58		484584		266768		217816		
13:46:00		483430		266234		217196		
13:46:02		471707		266167		205540		
13:46:04		469991		266187		203804		
13:46:06		459475		266211		193264		
13:46:08		453834		266150		187684		
13:46:10		448458		266230		182228		
13:46:12		433784		266188		167596		
13:46:14		421100		266152		154948		
13:46:16		428138		272570		155568		
13:46:18		419686		266226		153460		
13:46:20		416609		266249		150360		
13:46:22		411768		266244		145524		
13:46:24		407612		266180		141432		
13:46:26		404017		266181		137836		
13:46:28		403411		266195		137216		
13:46:30		404077		266861		137216		
13:46:32		401098		266238		134860		
13:46:34		388068		266228		121840		
13:46:37		391776		266836		124940		
13:46:39		384125		266253		117872		
13:46:41		377392		266216		111176		
13:46:43		373851		266271		107580		
13:46:45		375590		266770		108820		
13:46:47		371481		266257		105224		
13:46:49		369646		266282		103364		
13:46:51		362946		266278		96668		
13:46:53		364844		267556		97288		
13:46:55		360340		266524		93816		
13:46:57		361218		266906		94312		
13:46:59		360424		266360		94064		
13:47:01		362517		267337		95180		
13:47:03		361157		268457		92700		
13:47:05		359050		268954		90096		
13:47:07		361616		271024		90592		
13:47:09		361616		269536		92080		
13:47:11		361758		269554		92204		
13:47:13		363764		269576		94188		
13:47:15		367425		272493		94932		
13:47:17		366489		269325		97164		
13:47:19		462223		269827		192396		
13:47:21		504491		269811		234680		
13:47:23		454430		269350		185080		
13:47:25		450282		269294		180988		
13:47:27		445408		269504		175904		
13:47:29		441353		269665		171688		
13:47:31		437256		269660		167596		
13:47:33		458352		285176		173176		
13:47:35		459468		270296		189172		
13:47:37		448592		269712		178880		
13:47:39		445268		269860		175408		
13:47:42		445694		270286		175408		
13:47:44		438617		269905		168712		
13:47:46		438457		269869		168588		
13:47:48		429315		269903		159412		
13:47:50		431612		271952		159660		
13:47:52		424876		270052		154824		
13:47:54		423722		270014		153708		
13:47:56		413072		270028		143044		
13:47:58		406521		270049		136472		
13:48:00		405182		270074		135108		
13:48:02		404799		270187		134612		
13:48:04		405922		270566		135356		
13:48:06		443817		307469		136348		
13:48:08		435902		270538		165364		
13:48:10		443454		270526		172928		
13:48:12		498614		323950		174664		
13:48:14		480846		270966		209880		
13:48:16		488628		270936		217692		
13:48:18		481795		270427		211368		
13:48:20		477481		270453		207028		
13:48:22		466312		270444		195868		
13:48:24		460611		270447		190164		
13:48:26		482154		290874		191280		
13:48:28		491796		272368		219428		
13:48:30		469428		271824		197604		
13:48:32		467488		271868		195620		
13:48:34		465147		271883		193264		
13:48:36		456764		271932		184832		
13:48:38		448997		272225		176772		
13:48:40		448606		272206		176400		
13:48:43		437961		272225		165736		
13:48:45		433849		272205		161644		
13:48:47		432897		272369		160528		
13:48:49		428379		272315		156064		
13:48:51		419893		272509		147384		
13:48:53		414302		272498		141804		
13:48:55		412371		272551		139820		
13:48:57		409263		272543		136720		
13:48:59		404192		272556		131636		
13:49:01		402992		272472		130520		
13:49:03		399455		272531		126924		
13:49:05		402661		274993		127668		
13:49:07		403342		273070		130272		
13:49:09		395276		272568		122708		
13:49:11		392865		272513		120352		
13:49:13		455346		334746		120600		
13:49:15		445983		273055		172928		
13:49:17		451191		277643		173548		
13:49:19		455395		273043		182352		
13:49:21		449848		272580		177268		
13:49:23		445089		272781		172308		
13:49:25		438601		273237		165364		
13:49:27		433791		273263		160528		
13:49:29		432279		277331		154948		
13:49:31		430037		277321		152716		
13:49:33		430543		277827		152716		
13:49:35		422438		269722		152716		
13:49:37		408770		256054		152716		
13:49:39		398300		245584		152716		
13:49:41		385082		265474		119608		
13:49:43		401338		265858		135480		
13:49:46		396476		265336		131140		
13:49:48		427492		295980		131512		
13:49:50		404935		267099		137836		
13:49:52		409398		271562		137836		
13:49:54		414132		266996		147136		
13:49:56		405340		266512		138828		
13:49:58		400739		266499		134240		
13:50:00		392017		266581		125436		
13:50:02		390365		266541		123824		
13:50:04		387222		266498		120724		
13:50:06		386571		266467		120104		
13:50:08		381979		266463		115516		
13:50:10		379923		266515		113408		
13:50:12		446401		332869		113532		
13:50:14		439552		267120		172432		
13:50:16		444875		270335		174540		
13:50:18		446303		267051		179252		
13:50:20		440297		266501		173796		
13:50:22		433652		266552		167100		
13:50:24		425126		266582		158544		
13:50:26		419859		266523		153336		
13:50:28		418322		266598		151724		
13:50:30		408824		266524		142300		
13:50:32		412610		267086		145524		
13:50:34		440726		293218		147508		
13:50:36		435375		267159		168216		
13:50:38		433780		266556		167224		
13:50:40		429923		266543		163380		
13:50:42		429923		266543		163380		
13:50:44		426162		266626		159536		
13:50:46		423267		266583		156684		
13:50:49		413644		266632		147012		
13:50:51		409568		266648		142920		
13:50:53		404853		266645		138208		
13:50:55		399171		266543		132628		
13:50:57		399140		266636		132504		
13:50:59		421068		288316		132752		
13:51:01		420932		267224		153708		
13:51:03		417098		266614		150484		
13:51:05		417637		267153		150484		
13:51:07		417637		269137		148500		
13:51:09		409928		269240		140688		
13:51:11		475912		335100		140812		
13:51:13		470628		269924		200704		
13:51:15		469287		269327		199960		
13:51:17		466622		269390		197232		
13:51:19		462741		269477		193264		
13:51:21		461146		269618		191528		
13:51:23		456063		269619		186444		
13:51:25		444932		269648		175284		
13:51:27		439833		269633		170200		
13:51:29		436093		269737		166356		
13:51:31		434002		269754		164248		
13:51:33		425181		269985		155196		
13:51:35		424857		270033		154824		
13:51:37		419289		270045		149244		
13:51:39		411441		270133		141308		
13:51:41		408953		270125		138828		
13:51:43		410475		270655		139820		
13:51:45		403572		270200		133372		
13:51:47		392800		270340		122460		
13:51:49		386392		270256		116136		
13:51:52		380972		270292		110680		
13:51:54		377961		270257		107704		
13:51:56		377678		270346		107332		
13:51:58		369572		270300		99272		
13:52:00		370632		270740		99892		
13:52:02		378865		270789		108076		
13:52:04		378865		270789		108076		
13:52:06		376596		270380		106216		
13:52:08		409121		297077		112044		
13:52:10		404612		270868		133744		
13:52:12		476524		336456		140068		
13:52:14		464965		270957		194008		
13:52:16		474445		270889		203556		
13:52:18		467716		270608		197108		
13:52:20		467094		270730		196364		
13:52:22		462747		270723		192024		
13:52:24		457194		270874		186320		
13:52:26		446315		270907		175408		
13:52:28		443959		270907		173052		
13:52:30		439568		270856		168712		
13:52:32		429621		271449		158172		
13:52:34		428623		272187		156436		
13:52:36		423933		272209		151724		
13:52:38		422151		272287		149864		
13:52:40		414876		272204		142672		
13:52:42		410780		272200		138580		
13:52:44		414186		274738		139448		
13:52:46		404855		272723		132132		
13:52:48		390709		272713		117996		
13:52:50		398347		273159		125188		
13:52:53		393089		272737		120352		
13:52:55		392145		272785		119360		
13:52:57		398984		278756		120228		
13:52:59		396952		272880		124072		
13:53:01		392074		272962		119112		
13:53:03		454465		334857		119608		
13:53:05		484671		305667		179004		
13:53:07		470149		291145		179004		
13:53:09		504056		273344		230712		
13:53:11		504056		273344		230712		
13:53:13		471259		272911		198348		
13:53:15		463459		272923		190536		
13:53:17		462874		272958		189916		
13:53:19		487642		297478		190164		
13:53:21		508173		273369		234804		
13:53:23		484328		272836		211492		
13:53:25		468183		272811		195372		
13:53:27		464025		273117		190908		
13:53:29		463443		273651		189792		
13:53:31		454952		273592		181360		
13:53:33		453418		277762		175656		
13:53:35		448938		277746		171192		
13:53:37		450273		261945		188328		
13:53:39		424972		264320		160652		
13:53:41		422580		264408		158172		
13:53:43		414199		265699		148500		
13:53:45		411744		265724		146020		
13:53:47		413152		266628		146524		
13:53:49		410246		266954		143292		
13:53:51		411902		267370		144532		
13:53:53		413060		267412		145648		
13:53:55		412361		266837		145524		
13:53:58		406183		266859		139324		
13:54:00		404821		266861		137960		
13:54:02		402148		266916		135232		
13:54:04		454979		319375		135604		
13:54:06		434574		267474		167100		
13:54:08		449750		281782		167968		
13:54:10		453830		267386		186444		
13:54:12		442265		266857		175408		
13:54:14		433786		266934		166852		
13:54:16		431722		266854		164868		
13:54:18		424135		266955		157180		
13:54:20		421149		266945		154204		
13:54:22		417604		266872		150732		
13:54:24		406710		266890		139820		
13:54:26		405106		266898		138208		
13:54:28		410464		272008		138456		
13:54:30		402839		266987		135852		
13:54:32		399506		266878		132628		
13:54:34		392894		266962		125932		
13:54:36		398780		272104		126676		
13:54:38		392626		267066		125560		
13:54:40		385618		267126		118492		
13:54:42		415284		296544		118740		
13:54:44		413542		267522		146020		
13:54:46		416564		267444		149120		
13:54:48		415993		266997		148996		
13:54:50		412560		266912		145648		
13:54:52		413803		267907		145896		
13:54:54		409595		267171		142424		
13:54:57		411187		267523		143664		
13:54:59		408836		267032		141804		
13:55:01		410496		268692		141804		
13:55:03		454955		309927		145028		
13:55:05		455637		267581		188056		
13:55:07		462676		267552		195124		
13:55:09		445348		268948		176400		
13:55:11		444641		269605		175036		
13:55:13		438652		269568		169084		
13:55:15		433478		269726		163752		
13:55:17		424451		269751		154700		
13:55:19		424767		270067		154700		
13:55:21		415628		269732		145896		
13:55:23		416920		270528		146392		
13:55:25		411878		270074		141804		
13:55:27		415483		273183		142300		
13:55:29		411829		270149		141680		
13:55:31		403803		270183		133620		
13:55:33		444658		310542		134116		
13:55:35		441625		277129		164496		
13:55:37		430279		265783		164496		
13:55:39		408708		270376		138332		
13:55:41		419084		270956		148128		
13:55:43		415880		270480		145400		
13:55:45		411809		270625		141184		
13:55:47		413570		271022		142548		
13:55:49		415755		271099		144656		
13:55:51		413423		270503		142920		
13:55:53		401746		270606		131140		
13:55:55		398179		270511		127668		
13:55:58		424237		296197		128040		
13:56:00		408581		271117		137464		
13:56:02		469430		329982		139448		
13:56:04		466664		271168		195496		
13:56:06		466654		271158		195496		
13:56:08		465936		270564		195372		
13:56:10		462292		270764		191528		
13:56:12		453754		270782		182972		
13:56:14		445989		270705		175284		
13:56:16		435159		270787		164372		
13:56:18		428832		270784		158048		
13:56:20		423206		270986		152220		
13:56:22		423062		271090		151972		
13:56:24		416634		271110		145524		
13:56:26		424627		278979		145648		
13:56:28		411372		271304		140068		
13:56:30		412434		272118		140316		
13:56:32		414681		272753		141928		
13:56:34		408864		271896		136968		
13:56:36		406002		272754		133248		
13:56:38		403863		272723		131140		
13:56:40		398962		272658		126304		
13:56:42		391618		272754		118864		
13:56:44		387412		272640		114772		
13:56:46		385032		272988		112044		
13:56:48		392027		278371		113656		
13:56:50		390429		273053		117376		
13:56:52		394577		276581		117996		
13:56:54		386090		273178		112912		
13:56:56		387183		273651		113532		
13:56:58		391860		273616		118244		
13:57:00		385763		273099		112664		
13:57:03		437453		324789		112664		
13:57:05		436240		273604		162636		
13:57:07		432003		273087		158916		
13:57:09		434430		273654		160776		
13:57:11		427383		273179		154204		
13:57:13		422626		273134		149492		
13:57:15		420226		273214		147012		
13:57:17		411466		273258		138208		
13:57:19		410444		273228		137216		
13:57:21		441189		303973		137216		
13:57:23		427580		273748		153832		
13:57:25		426675		273215		153460		
13:57:27		430911		273979		156932		
13:57:29		424722		273742		150980		
13:57:31		416153		273853		142300		
13:57:33		417520		278940		138580		
13:57:35		423273		278617		144656		
13:57:37		413271		278039		135232		
13:57:39		405671		262355		143316		
13:57:41		391657		264609		127048		
13:57:43		390300		264740		125560		
13:57:45		389058		266102		122956		
13:57:47		389675		266595		123080		
13:57:49		392017		266953		125064		
13:57:51		381165		267385		113780		
13:57:53		386580		272676		113904		
13:57:55		391605		267781		123824		
13:57:57		423310		298122		125188		
13:57:59		465385		299277		166108		
13:58:01		448006		281898		166108		
13:58:03		484702		300242		184460		
13:58:06		423025		267209		155816		
13:58:08		461275		267763		193512		
13:58:10		450640		267296		183344		
13:58:12		442739		267207		175532		
13:58:14		439774		267218		172556		
13:58:16		438250		267306		170944		
13:58:18		429204		267312		161892		
13:58:20		432075		269935		162140		
13:58:22		426660		267496		159164		
13:58:24		424327		267395		156932		
13:58:26		423939		267379		156560		
13:58:28		420765		267429		153336		
13:58:30		452070		298610		153460		
13:58:32		442604		267816		174788		
13:58:34		440639		267339		173300		
13:58:36		442314		267898		174416		
13:58:38		438263		267319		170944		
13:58:40		425970		267302		158668		
13:58:42		411054		267266		143788		
13:58:44		412384		268596		143788		
13:58:46		407589		267521		140068		
13:58:48		403175		267447		135728		
13:58:50		397538		267514		130024		
13:58:52		395491		267451		128040		
13:58:54		395215		267547		127668		
13:58:56		394936		267516		127420		
13:58:58		395322		267902		127420		
13:59:00		390426		267470		122956		
13:59:02		392925		269969		122956		
13:59:04		391209		267509		123700		
13:59:06		394450		270130		124320		
13:59:09		438768		305272		133496		
13:59:11		440623		269927		170696		
13:59:13		458408		270476		187932		
13:59:15		437520		270048		167472		
13:59:17		434921		270053		164868		
13:59:19		433716		270088		163628		
13:59:21		426797		270113		156684		
13:59:23		417260		270124		147136		
13:59:25		407848		270384		137464		
13:59:27		406869		270397		136472		
13:59:29		400950		270430		130520		
13:59:31		401049		270529		130520		
13:59:33		393367		270411		122956		
13:59:35		391009		270533		120476		
13:59:37		391216		270988		120228		
13:59:39		388241		270741		117500		
13:59:41		389862		272238		117624		
13:59:43		383533		270869		112664		
13:59:45		379083		270883		108200		
13:59:47		369713		270937		98776		
13:59:49		369144		270988		98156		
13:59:51		367028		270980		96048		
13:59:53		397236		300816		96420		
13:59:55		381761		271453		110308		
13:59:57		394972		284044		110928		
13:59:59		394245		271537		122708		
14:00:01		389594		270978		118616		
14:00:03		394964		275976		118988		
14:00:05		399308		271516		127792		
14:00:07		389671		270931		118740		
14:00:09		388463		270963		117500		
14:00:11		388587		271211		117376		
14:00:14		381496		271064		110432		
14:00:16		383100		271676		111424		
14:00:18		379630		271058		108572		
14:00:20		376950		271106		105844		
14:00:22		376149		271297		104852		
14:00:24		376467		271739		104728		
14:00:26		371680		271416		100264		
14:00:28		367992		271572		96420		
14:00:30		422188		325520		96668		
14:00:32		436305		272057		164248		
14:00:34		423103		271503		151600		
14:00:36		458966		302902		156064		
14:00:38		439332		273472		165860		
14:00:40		449586		281618		167968		
14:00:42		447341		273421		173920		
14:00:44		437337		272965		164372		
14:00:46		433012		272980		160032		
14:00:48		435838		276054		159784		
14:00:50		433788		273384		160404		
14:00:52		433168		273384		159784		
14:00:54		419063		273415		145648		
14:00:56		415635		273583		142052		
14:00:58		414554		273494		141060		
14:01:00		411742		273534		138208		
14:01:02		408632		273648		134984		
14:01:04		397584		273636		123948		
14:01:06		390041		273657		116384		
14:01:08		387392		273612		113780		
14:01:10		414884		300608		114276		
14:01:12		388926		273658		115268		
14:01:14		408134		292246		115888		
14:01:17		416925		274129		142796		
14:01:19		405909		273529		132380		
14:01:21		405352		273592		131760		
14:01:23		458789		327029		131760		
14:01:25		456598		274122		182476		
14:01:27		456838		274114		182724		
14:01:29		450484		273836		176648		
14:01:31		444201		274249		169952		
14:01:33		435753		274357		161396		
14:01:35		424113		278465		145648		
14:01:37		419331		278395		140936		
14:01:39		409142		262626		146516		
14:01:41		394898		264750		130148		
14:01:43		385008		265152		119856		
14:01:45		382981		266473		116508		
14:01:47		379627		266467		113160		
14:01:49		376210		266398		109812		
14:01:51		373035		266571		106464		
14:01:53		374065		268097		105968		
14:01:55		382661		276693		105968		
14:01:57		396303		273719		122584		
14:01:59		393707		271123		122584		
14:02:01		394224		268168		126056		
14:02:03		388932		267588		121344		
14:02:05		387750		267522		120228		
14:02:07		386316		267576		118740		
14:02:09		386012		267520		118492		
14:02:11		385444		267572		117872		
14:02:14		382142		267618		114524		
14:02:16		382419		267895		114524		
14:02:18		385462		269078		116384		
14:02:20		460372		338904		121468		
14:02:22		445111		268339		176772		
14:02:24		467614		268150		199464		
14:02:26		451365		267649		183716		
14:02:28		436957		267625		169332		
14:02:30		440491		268307		172184		
14:02:32		442677		268137		174540		
14:02:34		429537		267645		161892		
14:02:36		430592		268204		162388		
14:02:38		420209		267617		152592		
14:02:40		418953		267725		151228		
14:02:42		415546		267790		147756		
14:02:44		409332		267776		141556		
14:02:46		407007		267807		139200		
14:02:48		404179		267831		136348		
14:02:50		401420		267800		133620		
14:02:52		434927		301307		133620		
14:02:54		441934		268262		173672		
14:02:56		422371		267671		154700		
14:02:58		440402		268218		172184		
14:03:00		432613		268265		164348		
14:03:02		425383		268103		157280		
14:03:04		418106		268142		149964		
14:03:06		422716		272752		149964		
14:03:08		404740		267920		136820		
14:03:10		401633		267913		133720		
14:03:12		403881		270285		133596		
14:03:14		410208		270784		139424		
14:03:17		404426		270458		133968		
14:03:19		403431		270455		132976		
14:03:21		392111		270419		121692		
14:03:23		393119		270931		122188		
14:03:25		392499		270559		121940		
14:03:27		390948		270868		120080		
14:03:29		425979		305527		120452		
14:03:31		417182		271310		145872		
14:03:33		415914		270786		145128		
14:03:35		416511		271259		145252		
14:03:37		418491		272495		145996		
14:03:39		416307		271179		145128		
14:03:41		469199		323203		145996		
14:03:43		465143		271779		193364		
14:03:45		466845		272365		194480		
14:03:47		466512		271660		194852		
14:03:49		459544		271388		188156		
14:03:51		454001		271425		182576		
14:03:53		446961		271329		175632		
14:03:55		439254		271310		167944		
14:03:57		433343		271351		161992		
14:03:59		425479		271423		154056		
14:04:01		422182		271474		150708		
14:04:03		411989		271449		140540		
14:04:05		414605		272577		142028		
14:04:07		396194		271402		124792		
14:04:09		390285		271321		118964		
14:04:11		390044		271452		118592		
14:04:13		393830		275238		118592		
14:04:15		387575		271587		115988		
14:04:17		376882		271682		105200		
14:04:19		376882		271682		105200		
14:04:22		374166		271694		102472		
14:04:24		373987		272011		101976		
14:04:26		366916		272008		94908		
14:04:28		364826		272026		92800		
14:04:30		364428		272000		92428		
14:04:32		360064		271976		88088		
14:04:34		361680		272476		89204		
14:04:36		362102		272774		89328		
14:04:38		398913		308717		90196		
14:04:40		386575		273811		112764		
14:04:42		400916		282076		118840		
14:04:44		475447		344207		131240		
14:04:46		451188		273820		177368		
14:04:48		460259		280783		179476		
14:04:50		466133		274133		192000		
14:04:52		454997		273785		181212		
14:04:54		448333		273693		174640		
14:04:56		439696		273736		165960		
14:04:58		438932		273840		165092		
14:05:00		435968		273852		162116		
14:05:02		428202		273898		154304		
14:05:04		422143		273915		148228		
14:05:06		412599		273795		138804		
14:05:08		409272		273816		135456		
14:05:10		409855		274399		135456		
14:05:12		451799		315227		136572		
14:05:14		436613		274373		162240		
14:05:16		441501		275665		165836		
14:05:18		428812		274136		154676		
14:05:20		423868		274152		149716		
14:05:22		412280		274096		138184		
14:05:25		407180		274080		133100		
14:05:27		411389		275685		135704		
14:05:29		403418		274162		129256		
14:05:31		405704		274712		130992		
14:05:33		398349		274673		123676		
14:05:35		462165		338489		123676		
14:05:37		451391		275139		176252		
14:05:39		458066		279334		178732		
14:05:41		456346		278854		177492		
14:05:43		455562		265414		190148		
14:05:45		438614		265454		173160		
14:05:47		432514		266794		165720		
14:05:49		430155		266791		163364		
14:05:51		424851		266819		158032		
14:05:53		419040		268076		150964		
14:05:55		411137		268109		143028		
14:05:57		438750		294978		143772		
14:05:59		417797		268445		149352		
14:06:01		426141		275921		150220		
14:06:03		426589		268433		158156		
14:06:05		417386		267910		149476		
14:06:07		416616		268008		148608		
14:06:09		405957		268013		137944		
14:06:11		394661		268001		126660		
14:06:13		384441		267949		116492		
14:06:15		381684		267920		113764		
14:06:17		384629		270245		114384		
14:06:19		373359		268027		105332		
14:06:21		367318		267938		99380		
14:06:23		365359		267963		97396		
14:06:25		368854		269350		99504		
14:06:27		375688		271472		104216		
14:06:30		369499		268135		101364		
14:06:32		369626		268262		101364		
14:06:34		370149		268537		101612		
14:06:36		360449		268013		92436		
14:06:38		358175		267971		90204		
14:06:40		357176		267964		89212		
14:06:42		358894		269434		89460		
14:06:44		368326		271798		96528		
14:06:46		440426		337822		102604		
14:06:48		433043		268563		164480		
14:06:50		432897		268417		164480		
14:06:52		427957		268189		159768		
14:06:54		431635		270875		160760		
14:06:56		430333		268581		161752		
14:06:58		419350		268014		151336		
14:07:00		409099		268055		141044		
14:07:02		406159		268091		138068		
14:07:04		406872		268556		138316		
14:07:06		399304		268056		131248		
14:07:08		430574		297590		132984		
14:07:10		426470		268562		157908		
14:07:12		420922		268098		152824		
14:07:14		416369		270241		146128		
14:07:16		414295		270647		143648		
14:07:18		412372		270708		141664		
14:07:20		406252		270788		135464		
14:07:22		396099		270803		125296		
14:07:24		391976		270772		121204		
14:07:26		390620		270780		119840		
14:07:29		386479		271103		115376		
14:07:31		388695		272203		116492		
14:07:33		388037		271297		116740		
14:07:35		384358		271214		113144		
14:07:37		440892		327748		113144		
14:07:39		424100		271648		152452		
14:07:41		434482		279798		154684		
14:07:43		439435		271979		167456		
14:07:45		432360		271476		160884		
14:07:47		460667		296311		164356		
14:07:49		499243		275119		224124		
14:07:51		451718		227718		224000		
14:07:53		408024		271692		136332		
14:07:55		443849		287181		156668		
14:07:57		453689		272221		181468		
14:07:59		438583		271623		166960		
14:08:01		431876		271612		160264		
14:08:03		429320		271660		157660		
14:08:05		426686		271754		154932		
14:08:07		414999		271723		143276		
14:08:09		414342		271810		142532		
14:08:11		410981		271797		139184		
14:08:13		412262		273078		139184		
14:08:15		397040		271992		125048		
14:08:17		432348		307300		125048		
14:08:19		423839		272379		151460		
14:08:21		428214		272290		155924		
14:08:23		433793		278117		155676		
14:08:25		419076		272328		146748		
14:08:27		427279		272719		154560		
14:08:29		419115		272243		146872		
14:08:32		456804		309436		147368		
14:08:34		459175		272747		186428		
14:08:36		459274		272722		186552		
14:08:38		459681		273129		186552		
14:08:40		452477		273241		179236		
14:08:42		446637		273725		172912		
14:08:44		440444		273732		166712		
14:08:46		434087		273699		160388		
14:08:48		426567		273743		152824		
14:08:50		421234		273990		147244		
14:08:52		410493		273913		136580		
14:08:54		412711		275511		137200		
14:08:56		411067		274115		136952		
14:08:58		413122		275798		137324		
14:09:00		411295		274219		137076		
14:09:02		407579		274223		133356		
14:09:04		407517		274805		132712		
14:09:06		402827		274703		128124		
14:09:08		405275		274795		130480		
14:09:10		403316		274200		129116		
14:09:12		402967		274223		128744		
14:09:14		396147		274223		121924		
14:09:16		390647		274179		116468		
14:09:18		384587		274319		110268		
14:09:20		383198		274294		108904		
14:09:22		382709		274301		108408		
14:09:24		379155		274343		104812		
14:09:26		376389		274305		102084		
14:09:28		408340		306256		102084		
14:09:30		400895		274879		126016		
14:09:32		409627		282371		127256		
14:09:35		418826		275574		143252		
14:09:37		393960		250708		143252		
14:09:39		378566		235314		143252		
14:09:41		359331		216079		143252		
14:09:43		334946		191694		143252		
14:09:45		312672		169420		143252		
14:09:47		361125		217873		143252		
14:09:49		439251		295999		143252		
14:09:51		469051		325799		143252		
14:09:53		437805		294553		143252		
14:09:55		496416		353164		143252		
14:09:57		428167		284915		143252		
14:09:59		481929		338677		143252		
14:10:01		420087		255787		164300		
14:10:03		440006		275706		164300		
14:10:05		448961		284661		164300		
14:10:07		393649		229349		164300		
14:10:09		401069		236769		164300		
14:10:11		406223		241923		164300		
14:10:13		448215		297803		150412		
14:10:15		449523		268359		181164		
14:10:17		466520		285356		181164		
14:10:19		414727		255759		158968		
14:10:21		448317		256241		192076		
14:10:23		439465		255697		183768		
14:10:25		438618		255718		182900		
14:10:27		427106		255730		171376		
14:10:29		426606		255726		170880		
14:10:31		424014		255738		168276		
14:10:33		406135		255715		150420		
14:10:35		425223		274803		150420		
14:10:38		429249		256261		172988		
14:10:40		422512		255724		166788		
14:10:42		420793		255741		165052		
14:10:44		447014		281714		165300		
14:10:46		439994		256342		183652		
14:10:48		441049		256281		184768		
14:10:50		441026		256258		184768		
14:10:52		433077		255749		177328		
14:10:54		432711		255755		176956		
14:10:56		431321		255729		175592		
14:10:58		428663		255799		172864		
14:11:00		425264		255748		169516		
14:11:02		426051		256287		169764		
14:11:04		472720		301840		170880		
14:11:06		451725		280845		170880		
14:11:08		452127		281239		170888		
14:11:10		458734		256350		202384		
14:11:12		473505		256365		217140		
14:11:14		467212		255776		211436		
14:11:16		458559		255803		202756		
14:11:18		444912		255796		189116		
14:11:20		443813		257921		185892		
14:11:22		441836		258424		183412		
14:11:24		437878		258434		179444		
14:11:26		431339		258467		172872		
14:11:28		427649		258497		169152		
14:11:30		422043		258471		163572		
14:11:32		417938		258706		159232		
14:11:34		420201		260721		159480		
14:11:36		418681		258953		159728		
14:11:39		411503		258967		152536		
14:11:41		404498		259030		145468		
14:11:43		404716		259248		145468		
14:11:45		401171		258927		142244		
14:11:47		403798		260810		142988		
14:11:49		407423		259723		147700		
14:11:51		408863		259923		148940		
14:11:53		408862		259798		149064		
14:11:55		434817		285505		149312		
14:11:57		419001		259893		159108		
14:11:59		419091		259859		159232		
14:12:01		481349		259869		221480		
14:12:03		504059		259887		244172		
14:12:05		465881		259405		206476		
14:12:07		468095		259883		208212		
14:12:09		468095		259883		208212		
14:12:11		456522		259346		197176		
14:12:13		450794		259322		191472		
14:12:15		444597		259449		185148		
14:12:17		436599		259511		177088		
14:12:19		435470		259498		175972		
14:12:21		430413		259525		170888		
14:12:23		429344		259448		169896		
14:12:25		426680		259512		167168		
14:12:27		423312		259492		163820		
14:12:29		416339		259711		156628		
14:12:31		411962		260046		151916		
14:12:33		411135		259963		151172		
14:12:35		399932		260044		139888		
14:12:37		390240		260024		130216		
14:12:39		380805		260013		120792		
14:12:42		385296		263760		121536		
14:12:44		425254		299626		125628		
14:12:46		401713		261577		140136		
14:12:48		410338		269334		141004		
14:12:50		399683		261531		138152		
14:12:52		400504		261856		138648		
14:12:54		398558		261398		137160		
14:12:56		399344		262184		137160		
14:12:58		399339		262179		137160		
14:13:00		395962		261778		134184		
14:13:02		456116		315980		140136		
14:13:04		452404		262296		190108		
14:13:06		467006		262390		204616		
14:13:08		489974		274074		215900		
14:13:10		495421		262409		233012		
14:13:12		470903		261947		208956		
14:13:14		459384		261960		197424		
14:13:16		454662		261950		192712		
14:13:18		455509		262425		193084		
14:13:20		451509		261897		189612		
14:13:22		447569		261925		185644		
14:13:24		442927		261995		180932		
14:13:26		434653		262029		172624		
14:13:28		432687		262047		170640		
14:13:30		428896		262100		166796		
14:13:32		424008		262048		161960		
14:13:34		424648		262564		162084		
14:13:36		412810		262258		150552		
14:13:38		398249		262701		135548		
14:13:40		403775		267855		135920		
14:13:43		393263		262799		130464		
14:13:45		398433		271317		127116		
14:13:47		398433		267349		131084		
14:13:49		400222		251134		149088		
14:13:51		386672		253356		133316		
14:13:53		383397		253677		129720		
14:13:55		380262		254882		125380		
14:13:57		434382		308630		125752		
14:13:59		428129		255381		172748		
14:14:01		435315		262815		172500		
14:14:03		442712		256572		186140		
14:14:05		435999		256059		179940		
14:14:07		430374		256014		174360		
14:14:09		424837		256057		168780		
14:14:11		420675		255987		164688		
14:14:13		411518		256006		155512		
14:14:15		413848		257840		156008		
14:14:17		414685		256569		158116		
14:14:19		411151		256011		155140		
14:14:21		411654		256514		155140		
14:14:23		407523		256103		151420		
14:14:25		410855		259435		151420		
14:14:27		408113		256197		151916		
14:14:29		440950		288414		152536		
14:14:31		425236		256580		168656		
14:14:33		427502		256614		170888		
14:14:35		430646		256658		173988		
14:14:37		422701		256153		166548		
14:14:39		419017		256065		162952		
14:14:42		416983		256139		160844		
14:14:44		416983		256139		160844		
14:14:46		416558		256086		160472		
14:14:48		412470		256090		156380		
14:14:50		407819		256151		151668		
14:14:52		457354		304446		152908		
14:14:54		450488		256660		193828		
14:14:56		458503		264179		194324		
14:14:58		454733		256317		198416		
14:15:00		452168		256356		195812		
14:15:02		446229		256245		189984		
14:15:04		443627		256247		187380		
14:15:06		450213		262337		187876		
14:15:08		462463		256731		205732		
14:15:10		445248		256132		189116		
14:15:12		444191		256191		188000		
14:15:14		437110		256178		180932		
14:15:16		437853		256673		181180		
14:15:18		431033		256177		174856		
14:15:20		429754		256262		173492		
14:15:22		421309		258233		163076		
14:15:24		425162		259358		165804		
14:15:26		412785		258885		153900		
14:15:28		414702		259438		155264		
14:15:30		420378		259410		160968		
14:15:32		415925		258925		157000		
14:15:34		398961		258949		140012		
14:15:36		405276		259684		145592		
14:15:38		404867		259275		145592		
14:15:40		405500		259660		145840		
14:15:42		430989		284281		146708		
14:15:44		401660		259416		142244		
14:15:47		417230		259734		157496		
14:15:49		424475		267351		157124		
14:15:51		472873		295909		176964		
14:15:53		440270		263430		176840		
14:15:55		468030		260190		207840		
14:15:57		462784		259780		203004		
14:15:59		459519		259739		199780		
14:16:01		457474		259802		197672		
14:16:03		445203		259807		185396		
14:16:05		441260		259708		181552		
14:16:07		434894		259790		175104		
14:16:09		434211		259727		174484		
14:16:11		422596		259760		162836		
14:16:13		422181		259725		162456		
14:16:15		416832		259708		157124		
14:16:17		410182		259878		150304		
14:16:19		412895		260483		152412		
14:16:21		399996		259984		140012		
14:16:23		403782		261166		142616		
14:16:25		398127		259851		138276		
14:16:27		396695		259907		136788		
14:16:29		388470		259866		128604		
14:16:31		390692		262212		128480		
14:16:33		388288		260428		127860		
14:16:35		378237		260421		117816		
14:16:37		381386		263198		118188		
14:16:39		383781		260881		122900		
14:16:41		379980		260304		119676		
14:16:43		380012		260336		119676		
14:16:45		377848		260652		117196		
14:16:47		375119		261271		113848		
14:16:50		370352		261836		108516		
14:16:52		378584		269820		108764		
14:16:54		410534		294702		115832		
14:16:56		397330		281498		115832		
14:16:58		417310		273082		144228		
14:17:00		428298		284070		144228		
14:17:02		425613		262661		162952		
14:17:04		404808		262736		142072		
14:17:06		401162		262538		138624		
14:17:08		405142		265154		139988		
14:17:10		400792		262416		138376		
14:17:12		392776		262460		130316		
14:17:14		444691		313383		131308		
14:17:16		428364		262832		165532		
14:17:18		446586		262950		183636		
14:17:20		440166		262358		177808		
14:17:22		439843		262407		177436		
14:17:24		434644		262540		172104		
14:17:26		429031		262507		166524		
14:17:28		425341		262537		162804		
14:17:30		420080		262484		157596		
14:17:32		413030		262502		150528		
14:17:34		410999		262455		148544		
14:17:36		445822		297278		148544		
14:17:38		438751		263175		175576		
14:17:40		430501		263109		167392		
14:17:42		433560		265052		168508		
14:17:44		423778		263330		160448		
14:17:46		425870		268150		157720		
14:17:49		426581		267869		158712		
14:17:51		431561		253853		177708		
14:17:53		411909		253941		157968		
14:17:55		410172		253940		156232		
14:17:57		398415		255203		143212		
14:17:59		385733		255417		130316		
14:18:01		379296		255428		123868		
14:18:03		378845		256465		122380		
14:18:05		373610		256438		117172		
14:18:07		372760		256456		116304		
14:18:09		373380		256952		116428		
14:18:11		368886		256426		112460		
14:18:13		368589		256501		112088		
14:18:15		406614		287334		119280		
14:18:17		393891		257003		136888		
14:18:19		394973		256969		138004		
14:18:21		391862		256462		135400		
14:18:23		394659		258143		136516		
14:18:25		399458		256990		142468		
14:18:27		387042		256478		130564		
14:18:29		384034		256446		127588		
14:18:31		381854		256498		125356		
14:18:33		444285		318681		125604		
14:18:35		438201		257045		181156		
14:18:37		439467		256947		182520		
14:18:39		438939		256419		182520		
14:18:41		440431		257911		182520		
14:18:43		432829		256509		176320		
14:18:45		432616		256420		176196		
14:18:47		417587		256643		160944		
14:18:49		419184		257248		161936		
14:18:51		411705		256713		154992		
14:18:54		400019		256683		143336		
14:18:56		401917		257465		144452		
14:18:58		394802		256674		138128		
14:19:00		396887		257147		139740		
14:19:02		386803		256735		130068		
14:19:04		388460		257028		131432		
14:19:06		385485		256533		128952		
14:19:08		378432		256548		121884		
14:19:10		370827		256507		114320		
14:19:12		362955		256571		106384		
14:19:14		364826		257822		107004		
14:19:16		358123		256699		101424		
14:19:18		361564		259396		102168		
14:19:20		354013		256805		97208		
14:19:22		355114		257162		97952		
14:19:24		389188		292848		96340		
14:19:26		394106		259698		134408		
14:19:28		386681		259093		127588		
14:19:30		379853		259333		120520		
14:19:32		379866		259346		120520		
14:19:34		375732		259304		116428		
14:19:36		376465		259913		116552		
14:19:38		441676		319172		122504		
14:19:40		437086		260146		176940		
14:19:42		452882		261558		191324		
14:19:44		446139		259527		186612		
14:19:46		440916		259636		181280		
14:19:48		433758		259918		173840		
14:19:50		429989		259993		169996		
14:19:52		425660		260004		165656		
14:19:54		413210		260078		153132		
14:19:56		416369		262617		153752		
14:19:59		416158		260546		155612		
14:20:01		409124		260208		148916		
14:20:03		407832		260156		147676		
14:20:05		399020		260148		138872		
14:20:07		391844		260164		131680		
14:20:09		394413		261741		132672		
14:20:11		427556		289676		137880		
14:20:13		420217		260761		159456		
14:20:15		414938		260194		154744		
14:20:17		412480		260216		152264		
14:20:19		408262		260214		148048		
14:20:21		405645		260325		145320		
14:20:23		407024		260960		146064		
14:20:25		397036		260396		136640		
14:20:27		391830		260398		131432		
14:20:29		444484		312680		131804		
14:20:31		443902		261010		182892		
14:20:33		442788		260020		182768		
14:20:35		444324		261680		182644		
14:20:37		465779		283135		182644		
14:20:39		489625		306981		182644		
14:20:41		418647		236003		182644		
14:20:43		430728		260732		169996		
14:20:45		438101		261285		176816		
14:20:47		433269		261289		171980		
14:20:49		423014		262194		160820		
14:20:51		424764		263944		160820		
14:20:53		418540		262308		156232		
14:20:55		409242		262310		146932		
14:20:57		409343		262411		146932		
14:21:00		402182		262566		139616		
14:21:02		403507		263147		140360		
14:21:04		394086		262530		131556		
14:21:06		384374		262738		121636		
14:21:08		382614		262714		119900		
14:21:10		385967		265075		120892		
14:21:12		380065		262893		117172		
14:21:14		377642		262826		114816		
14:21:16		376155		262827		113328		
14:21:18		425236		310792		114444		
14:21:20		421864		263276		158588		
14:21:22		432683		263183		169500		
14:21:24		428090		262682		165408		
14:21:26		422109		262653		159456		
14:21:28		411802		262886		148916		
14:21:30		404135		262783		141352		
14:21:32		395437		262889		132548		
14:21:34		396856		263564		133292		
14:21:36		387982		262874		125108		
14:21:38		383560		262916		120644		
14:21:40		384304		263536		120768		
14:21:42		377333		263261		114072		
14:21:44		375711		263375		112336		
14:21:46		375838		263502		112336		
14:21:48		404411		294927		109484		
14:21:50		400490		268190		132300		
14:21:52		409852		251860		157992		
14:21:54		384022		254202		129820		
14:21:56		384546		254726		129820		
14:21:58		395141		265941		129200		
14:22:00		405975		259911		146064		
14:22:03		395437		249373		146064		
14:22:05		381820		256712		125108		
14:22:07		387900		257336		130564		
14:22:09		382535		256807		125728		
14:22:11		385111		257275		127836		
14:22:13		380233		256737		123496		
14:22:15		376791		256767		120024		
14:22:17		375817		256785		119032		
14:22:19		370361		256785		113576		
14:22:21		374515		260691		113824		
14:22:23		379281		257273		122008		
14:22:25		371210		256766		114444		
14:22:27		368896		256808		112088		
14:22:29		365076		256832		108244		
14:22:31		421264		312772		108492		
14:22:33		408336		257312		151024		
14:22:35		457706		306186		151520		
14:22:37		440095		261915		178180		
14:22:39		459816		281636		178180		
14:22:41		473019		257391		215628		
14:22:43		441105		256849		184256		
14:22:45		459071		274443		184628		
14:22:47		471382		257366		214016		
14:22:49		456561		256805		199756		
14:22:51		455159		256891		198268		
14:22:53		453139		256855		196284		
14:22:55		446802		256842		189960		
14:22:57		448705		258497		190208		
14:22:59		467421		274485		192936		
14:23:01		485184		292248		192936		
14:23:04		449153		257085		192068		
14:23:06		479845		257397		222448		
14:23:08		481807		258491		223316		
14:23:10		482501		257449		225052		
14:23:12		482295		257491		224804		
14:23:14		480391		257067		223324		
14:23:16		490461		257341		233120		
14:23:18		486317		256793		229524		
14:23:20		489055		257299		231756		
14:23:22		489180		257300		231880		
14:23:24		489379		257375		232004		
14:23:26		493232		263088		230144		
14:23:28		493063		259943		233120		
14:23:30		489584		259564		230020		
14:23:32		491105		261085		230020		
14:23:34		490020		259628		230392		
14:23:36		487108		259692		227416		
14:23:38		491176		264008		227168		
14:23:40		494119		263231		230888		
14:23:42		496258		265370		230888		
14:23:44		495486		260010		235476		
14:23:46		492503		260003		232500		
14:23:48		494922		262298		232624		
14:23:50		493833		260217		233616		
14:23:52		492325		260321		232004		
14:23:54		493431		260931		232500		
14:23:56		496717		263597		233120		
14:23:58		493484		260364		233120		
14:24:00		492002		260370		231632		
14:24:02		491481		260345		231136		
14:24:04		494459		263075		231384		
14:24:07		494396		260904		233492		
14:24:09		493327		260455		232872		
14:24:11		493999		260879		233120		
14:24:13		494105		260861		233244		
14:24:15		493051		260427		232624		
14:24:17		494563		260947		233616		
14:24:19		490685		260417		230268		
14:24:21		494864		264596		230268		
14:24:23		493479		260607		232872		
14:24:25		494593		261721		232872		
14:24:27		494069		260825		233244		
14:24:29		494829		261089		233740		
14:24:31		494888		261024		233864		
14:24:33		494834		260970		233864		
14:24:35		489944		260792		229152		
14:24:37		491899		262871		229028		
14:24:39		489759		261103		228656		
14:24:41		493880		265100		228780		
14:24:43		492503		261119		231384		
14:24:45		493607		261479		232128		
