recorded by mmserver domain:[id:6 time:Mon Apr  1 19:52:03 2013
]
time		tg_mem		use_mem		free_mem		
19:52:05		524288		275112		249176		
19:52:07		524288		275112		249176		
19:52:09		524288		275112		249176		
19:52:11		524288		275112		249176		
19:52:13		524288		275120		249168		
19:52:15		524288		275120		249168		
19:52:17		524288		275120		249168		
19:52:19		524288		275120		249168		
19:52:21		524288		275120		249168		
19:52:23		524288		275120		249168		
19:52:25		524288		275120		249168		
19:52:27		524288		275120		249168		
19:52:29		524288		287320		236968		
19:52:32		524288		287320		236968		
19:52:34		524288		287320		236968		
19:52:36		524288		287320		236968		
19:52:38		524288		287320		236968		
19:52:40		524288		287320		236968		
19:52:42		524288		287320		236968		
19:52:44		524288		287444		236844		
19:52:46		524220		287500		236720		
19:52:48		524150		287430		236720		
19:52:50		522103		285383		236720		
19:52:52		524197		287477		236720		
19:52:54		521849		290965		230884		
19:52:56		504946		292414		212532		
19:52:58		497871		294639		203232		
19:53:00		479415		294659		184756		
19:53:02		487564		311572		175992		
19:53:04		486133		332937		153196		
19:53:06		494952		338036		156916		
19:53:08		488264		341144		147120		
19:53:10		482336		343400		138936		
19:53:12		480096		346260		133836		
19:53:14		477633		349377		128256		
19:53:16		472392		351452		120940		
19:53:18		472721		353781		118940		
19:53:20		471659		339947		131712		
19:53:22		456952		333300		123652		
19:53:24		446893		331921		114972		
19:53:26		440852		334560		106292		
19:53:28		439385		341153		98232		
19:53:30		441664		349260		92404		
19:53:32		451553		361505		90048		
19:53:34		460562		354394		106168		
19:53:36		452815		355203		97612		
19:53:38		451033		357265		93768		
19:53:40		453022		359006		94016		
19:53:42		455096		360212		94884		
19:53:44		453620		360224		93396		
19:53:47		455628		363116		92512		
19:53:49		454462		361950		92512		
19:53:51		458768		367000		91768		
19:53:53		457924		363304		94620		
19:53:55		455124		347608		107516		
19:53:57		438284		347880		90404		
19:53:59		470835		379315		91520		
19:54:01		459731		349239		110492		
19:54:03		465559		355191		110368		
19:54:05		472007		350107		121900		
19:54:07		469454		348050		121404		
19:54:09		462746		350146		112600		
19:54:11		459586		350458		109128		
19:54:13		461978		353346		108632		
19:54:15		460121		351365		108756		
19:54:17		458359		351587		106772		
19:54:19		455060		351884		103176		
19:54:21		450731		352019		98712		
19:54:23		446979		352351		94628		
19:54:25		449310		355054		94256		
19:54:27		449155		353411		95744		
19:54:29		449612		354288		95324		
19:54:31		447773		353797		93976		
19:54:33		449317		354473		94844		
19:54:35		446529		354165		92364		
19:54:37		446529		354537		91992		
19:54:39		444736		354852		89884		
19:54:41		444992		355356		89636		
19:54:43		443913		355269		88644		
19:54:45		449636		361240		88396		
19:54:47		450912		356316		94596		
19:54:49		451220		356500		94720		
19:54:51		451816		356724		95092		
19:54:53		450049		356445		93604		
19:54:55		450149		356793		93356		
19:54:57		450021		356789		93232		
19:55:00		450439		357455		92984		
19:55:02		454576		361716		92860		
19:55:04		454549		357969		96580		
19:55:06		451604		357752		93852		
19:55:08		455576		361104		94472		
19:55:10		457583		358523		99060		
19:55:12		488747		387579		101168		
19:55:14		499512		358788		140724		
19:55:16		519524		370740		148784		
19:55:18		532138		360538		171600		
19:55:20		512173		358429		153744		
19:55:22		517161		359077		158084		
19:55:24		507577		358669		148908		
19:55:26		513795		365011		148784		
19:55:28		516197		359353		156844		
19:55:30		511739		358987		152752		
19:55:32		504553		359117		145436		
19:55:34		501381		359417		141964		
19:55:36		500746		359526		141220		
19:55:38		498102		359610		138492		
19:55:40		492847		359811		133036		
19:55:42		490143		359835		130308		
19:55:44		487102		360142		126960		
19:55:46		482402		360402		122000		
19:55:48		482698		360822		121876		
19:55:50		484214		362462		121752		
19:55:52		485275		361291		123984		
19:55:54		479744		360968		118776		
19:55:56		477715		361047		116668		
19:55:58		476981		361181		115800		
19:56:00		477727		361803		115924		
19:56:02		473112		361528		111584		
19:56:04		472589		361625		110964		
19:56:06		472452		361736		110716		
19:56:08		471613		361889		109724		
19:56:10		504380		394780		109600		
19:56:13		496383		362603		133780		
19:56:15		501870		368214		133656		
19:56:17		498367		362603		135764		
19:56:19		494449		362653		131796		
19:56:21		483231		362843		120388		
19:56:23		480982		363074		117908		
19:56:25		475175		363219		111956		
19:56:27		470035		363287		106748		
19:56:29		470413		363789		106624		
19:56:31		467193		363669		103524		
19:56:33		466773		363745		103028		
19:56:35		469687		366659		103028		
19:56:37		467349		364073		103276		
19:56:39		464954		364158		100796		
19:56:41		498699		397903		100796		
19:56:43		496613		364817		131796		
19:56:45		494368		362572		131796		
19:56:47		499354		367558		131796		
19:56:49		495027		364595		130432		
19:56:51		493971		363539		130432		
19:56:53		491071		360639		130432		
19:56:55		488631		364895		123736		
19:56:57		491165		349201		141964		
19:56:59		470705		348829		121876		
19:57:01		474327		352203		122124		
19:57:03		470864		349228		121636		
19:57:05		469583		349435		120148		
19:57:07		470904		350880		120024		
19:57:09		467803		349639		118164		
19:57:11		463532		349956		113576		
19:57:13		465332		350764		114568		
19:57:15		460043		350187		109856		
19:57:17		466740		357008		109732		
19:57:19		464309		350485		113824		
19:57:21		459990		350630		109360		
19:57:24		459196		350704		108492		
19:57:26		460637		352393		108244		
19:57:28		459169		283729		175440		
19:57:30		400057		260553		139504		
19:57:32		412505		286333		126172		
19:57:34		470172		286836		183336		
19:57:36		453075		286231		166844		
19:57:38		433342		286214		147128		
19:57:40		431959		286195		145764		
19:57:42		430992		286220		144772		
19:57:44		431780		287008		144772		
19:57:46		424450		286498		137952		
19:57:48		426061		288109		137952		
19:57:50		419482		286490		132992		
19:57:52		419139		286395		132744		
19:57:54		419917		287173		132744		
19:57:56		452858		317634		135224		
19:57:58		446255		286851		159404		
19:58:00		443661		286241		157420		
19:58:02		446736		292300		154436		
19:58:04		449092		292052		157040		
19:58:06		478221		322421		155800		
19:58:08		462541		296077		166464		
19:58:10		477930		348566		129364		
19:58:12		506969		339909		167060		
19:58:14		501455		344935		156520		
19:58:16		500195		349007		151188		
19:58:18		491013		352969		138044		
19:58:20		483518		356510		127008		
19:58:22		481548		343380		138168		
19:58:24		467303		345627		121676		
19:58:26		463088		348108		114980		
19:58:28		462592		350340		112252		
19:58:31		461112		352456		108656		
19:58:33		464935		359255		105680		
19:58:35		472072		357836		114236		
19:58:37		466736		358328		108408		
19:58:39		473715		366175		107540		
19:58:41		481141		365541		115600		
19:58:43		480224		365492		114732		
19:58:45		477782		362446		115336		
19:58:47		475975		362623		113352		
19:58:49		474635		363267		111368		
19:58:51		475549		364181		111368		
19:58:53		478057		365945		112112		
19:58:55		475667		364919		110748		
19:58:57		474902		365394		109508		
19:58:59		481539		371907		109632		
19:59:01		479679		350331		129348		
19:59:03		467820		350252		117568		
19:59:05		465473		350509		114964		
19:59:07		465541		350949		114592		
19:59:09		467007		351671		115336		
19:59:11		490728		375640		115088		
19:59:13		502332		352276		150056		
19:59:15		490880		340824		150056		
19:59:17		482503		332447		150056		
19:59:19		460507		310451		150056		
19:59:21		449503		299447		150056		
19:59:23		432243		282187		150056		
19:59:25		421749		271693		150056		
19:59:27		409067		259011		150056		
19:59:29		395203		327879		67324		
19:59:31		454247		334115		120132		
19:59:33		464086		341226		122860		
19:59:35		471385		334637		136748		
19:59:37		470114		334358		135756		
19:59:39		471016		335012		136004		
19:59:42		467876		334724		133152		
19:59:44		464552		334996		129556		
19:59:46		461253		335293		125960		
19:59:48		459429		335453		123976		
19:59:50		462018		336058		125960		
19:59:52		466147		340311		125836		
19:59:54		461529		336065		125464		
19:59:56		458529		336289		122240		
19:59:58		455397		336381		119016		
20:00:00		457385		338617		118768		
20:00:02		452018		336722		115296		
20:00:04		454879		339831		115048		
20:00:06		489031		371255		117776		
20:00:08		511723		337775		173948		
20:00:10		530540		337868		192672		
20:00:12		511067		337491		173576		
20:00:14		502843		337699		165144		
20:00:16		497373		337809		159564		
20:00:18		491959		338099		153860		
20:00:20		483347		338167		145180		
20:00:22		482562		338498		144064		
20:00:24		484057		339373		144684		
20:00:26		482801		338861		143940		
20:00:28		484220		339412		144808		
20:00:30		471603		339071		132532		
20:00:32		478133		344733		133400		
20:00:34		471189		339401		131788		
20:00:36		474562		341782		132780		
20:00:38		499907		357331		142576		
20:00:40		526917		384341		142576		
20:00:42		451632		339808		111824		
20:00:44		489029		340373		148656		
20:00:46		488471		340063		148408		
20:00:48		486682		340130		146552		
20:00:50		485981		340421		145560		
20:00:52		484667		340471		144196		
20:00:55		486574		342502		144072		
20:00:57		486147		341083		145064		
20:00:59		481330		341102		140228		
20:01:01		483053		341585		141468		
20:01:03		481297		341193		140104		
20:01:05		477507		341495		136012		
20:01:07		477268		341628		135640		
20:01:09		473052		341752		131300		
20:01:11		464345		341849		122496		
20:01:13		459500		341964		117536		
20:01:15		457680		342128		115552		
20:01:17		455423		342227		113196		
20:01:19		454116		342532		111584		
20:01:21		452325		342601		109724		
20:01:23		454890		344174		110716		
20:01:25		448565		343057		105508		
20:01:27		453237		346861		106376		
20:01:29		456133		343805		112328		
20:01:31		456437		343861		112576		
20:01:33		453864		343520		110344		
20:01:35		453633		343785		109848		
20:01:37		451569		343829		107740		
20:01:39		452937		345321		107616		
20:01:41		450152		344396		105756		
20:01:43		449913		344405		105508		
20:01:45		449892		344632		105260		
20:01:47		447291		344759		102532		
20:01:49		448871		346587		102284		
20:01:51		514723		409835		104888		
20:01:53		511034		345510		165524		
20:01:55		515059		349163		165896		
20:01:57		520545		345721		174824		
20:01:59		500215		345355		154860		
20:02:01		497069		345433		151636		
20:02:03		488826		345746		143080		
20:02:05		488826		345870		142956		
20:02:08		477237		278029		199208		
20:02:10		420418		278654		141764		
20:02:12		413354		281378		131976		
20:02:14		414132		281784		132348		
20:02:16		412278		281170		131108		
20:02:18		413327		281723		131604		
20:02:20		406600		281196		125404		
20:02:22		405984		281200		124784		
20:02:24		403631		281203		122428		
20:02:26		400617		281165		119452		
20:02:28		398248		281276		116972		
20:02:30		401597		284625		116972		
20:02:32		441636		318588		123048		
20:02:34		445326		281730		163596		
20:02:36		436950		281290		155660		
20:02:38		434524		281220		153304		
20:02:40		431552		285572		145980		
20:02:42		433812		289320		144492		
20:02:44		440255		295763		144492		
20:02:46		431336		328548		102788		
20:02:48		451704		329944		121760		
20:02:50		444023		314443		129580		
20:02:52		426713		315733		110980		
20:02:54		425867		316995		108872		
20:02:56		424388		320104		104284		
20:02:58		426705		323785		102920		
20:03:00		430039		326251		103788		
20:03:02		464035		361239		102796		
20:03:04		460416		328852		131564		
20:03:06		470891		340071		130820		
20:03:08		457118		331878		125240		
20:03:10		461330		338818		122512		
20:03:12		457396		337240		120156		
20:03:15		458051		340127		117924		
20:03:17		455355		341771		113584		
20:03:19		456427		344455		111972		
20:03:21		459362		330154		129208		
20:03:23		442009		331525		110484		
20:03:25		441525		333645		107880		
20:03:27		440297		335641		104656		
20:03:29		440373		336709		103664		
20:03:31		438457		337521		100936		
20:03:33		440229		339913		100316		
20:03:35		498904		397224		101680		
20:03:37		496163		340047		156116		
20:03:39		507041		340757		166284		
20:03:41		493869		340853		153016		
20:03:43		494450		341930		152520		
20:03:45		485634		342042		143592		
20:03:47		477701		342665		135036		
20:03:49		475488		343428		132060		
20:03:51		465421		343901		121520		
20:03:53		469101		348077		121024		
20:03:55		463457		344789		118668		
20:03:57		461734		345174		116560		
20:03:59		460057		345605		114452		
20:04:01		456195		345959		110236		
20:04:03		452625		346357		106268		
20:04:05		454861		349089		105772		
20:04:07		451945		347041		104904		
20:04:09		450153		347109		103044		
20:04:11		445229		347269		97960		
20:04:13		482482		384522		97960		
20:04:15		459731		347635		112096		
20:04:17		476643		364547		112096		
20:04:19		483849		347697		136152		
20:04:21		464137		347329		116808		
20:04:23		463719		347407		116312		
20:04:25		458657		347677		110980		
20:04:28		468902		358294		110608		
20:04:30		467022		348354		118668		
20:04:32		466368		348568		117800		
20:04:34		462075		332743		129332		
20:04:36		447103		332651		114452		
20:04:38		443554		332698		110856		
20:04:40		489717		378861		110856		
20:04:42		481941		333389		148552		
20:04:44		481388		333084		148304		
20:04:46		477017		333301		143716		
20:04:48		476355		333631		142724		
20:04:50		472391		333883		138508		
20:04:52		462487		334023		128464		
20:04:54		465757		337417		128340		
20:04:56		453251		334335		118916		
20:04:58		453684		335016		118668		
20:05:00		448668		334712		113956		
20:05:02		485961		372129		113832		
20:05:04		474826		335326		139500		
20:05:06		475438		335442		139996		
20:05:08		479350		335634		143716		
20:05:10		493747		348171		145576		
20:05:12		504638		335874		168764		
20:05:14		489951		335571		154380		
20:05:16		491971		337715		154256		
20:05:18		486259		336095		150164		
20:05:20		489933		339893		150040		
20:05:22		486256		336588		149668		
20:05:24		489430		339886		149544		
20:05:26		518272		346160		172112		
20:05:28		545487		337291		208196		
20:05:30		517021		336849		180172		
20:05:32		504408		324236		180172		
20:05:34		491850		337098		154752		
20:05:37		497704		337620		160084		
20:05:39		497704		337744		159960		
20:05:41		492515		337515		155000		
20:05:43		490552		337660		152892		
20:05:45		490340		337696		152644		
20:05:47		520941		365693		155248		
20:05:49		505294		338390		166904		
20:05:51		520782		354126		166656		
20:05:53		527951		338727		189224		
20:05:55		517749		338445		179304		
20:05:57		509986		338618		171368		
20:05:59		504825		338913		165912		
20:06:01		497745		339025		158720		
20:06:03		498272		339676		158596		
20:06:05		497025		339297		157728		
20:06:07		488474		339426		149048		
20:06:09		489907		340115		149792		
20:06:11		484399		339815		144584		
20:06:13		482415		339939		142476		
20:06:15		479584		340208		139376		
20:06:17		476132		340228		135904		
20:06:19		473826		340402		133424		
20:06:21		472220		340656		131564		
20:06:23		470912		340712		130200		
20:06:25		471046		340970		130076		
20:06:27		469160		341192		127968		
20:06:29		470480		342636		127844		
20:06:31		472445		342741		129704		
20:06:33		471681		341729		129952		
20:06:35		471548		341968		129580		
20:06:37		458331		342019		116312		
20:06:39		455632		341924		113708		
20:06:41		452527		341919		110608		
20:06:43		448443		341927		106516		
20:06:45		449691		343175		106516		
20:06:47		450135		342379		107756		
20:06:50		476044		366924		109120		
20:06:52		452682		342074		110608		
20:06:54		463434		351338		112096		
20:06:56		478626		342722		135904		
20:06:58		466604		342356		124248		
20:07:00		467407		343035		124372		
20:07:02		464385		342617		121768		
20:07:04		464840		343320		121520		
20:07:06		461613		343069		118544		
20:07:08		462511		343719		118792		
20:07:10		458837		343393		115444		
20:07:12		457848		343396		114452		
20:07:14		457756		343676		114080		
20:07:16		457396		343812		113584		
20:07:18		456579		343987		112592		
20:07:20		452911		344039		108872		
20:07:22		453040		344416		108624		
20:07:24		448302		344390		103912		
20:07:26		536015		432103		103912		
20:07:28		519949		344985		174964		
20:07:30		528514		346606		181908		
20:07:32		516095		344611		171484		
20:07:34		519040		279780		239260		
20:07:36		459868		280192		179676		
20:07:38		457394		280190		177204		
20:07:40		448015		280235		167780		
20:07:42		441941		280361		161580		
20:07:44		442987		281159		161828		
20:07:46		433406		280382		153024		
20:07:48		434421		281397		153024		
20:07:50		426152		280320		145832		
20:07:52		428454		282622		145832		
20:07:54		429988		281056		148932		
20:07:56		421465		280345		141120		
20:07:58		420058		280302		139756		
20:08:00		442832		303076		139756		
20:08:03		461206		280654		180552		
20:08:05		426233		280153		146080		
20:08:07		430351		283783		146568		
20:08:09		425668		286292		139376		
20:08:11		416185		290997		125188		
20:08:13		415552		326552		89000		
20:08:15		450878		367334		83544		
20:08:17		408129		323469		84660		
20:08:19		446747		358987		87760		
20:08:21		401954		331114		70840		
20:08:23		506410		437122		69288		
20:08:25		503241		337605		165636		
20:08:27		504720		340696		164024		
20:08:29		509085		343325		165760		
20:08:31		506968		345548		161420		
20:08:33		508397		347845		160552		
20:08:35		502499		349263		153236		
20:08:37		497648		334644		163004		
20:08:39		482187		335551		146636		
20:08:41		480479		336571		143908		
20:08:43		470911		337419		133492		
20:08:45		468611		338219		130392		
20:08:47		463828		338892		124936		
20:08:49		462315		339735		122580		
20:08:51		457096		340344		116752		
20:08:53		455519		340999		114520		
20:08:55		456653		341637		115016		
20:08:57		448461		341257		107204		
20:08:59		443987		341371		102616		
20:09:01		441431		341419		100012		
20:09:03		440887		341495		99392		
20:09:05		438753		341469		97284		
20:09:07		434856		341788		93068		
20:09:09		433878		343038		90840		
20:09:11		434408		342792		91616		
20:09:14		430831		342439		88392		
20:09:16		428733		342573		86160		
20:09:18		431441		345777		85664		
20:09:20		440436		343860		96576		
20:09:22		439073		343613		95460		
20:09:24		474826		379614		95212		
20:09:26		466242		344370		121872		
20:09:28		469509		344661		124848		
20:09:30		467751		344391		123360		
20:09:32		527453		401937		125516		
20:09:34		526889		345077		181812		
20:09:36		528918		345246		183672		
20:09:38		528707		345407		183300		
20:09:40		527026		345462		181564		
20:09:42		526147		345823		180324		
20:09:44		515234		346070		169164		
20:09:46		508697		346353		162344		
20:09:48		501014		346606		154408		
20:09:50		493920		346828		147092		
20:09:52		493917		346949		146968		
20:09:54		490308		347184		143124		
20:09:56		483120		347436		135684		
20:09:58		480743		347663		133080		
20:10:00		477391		347907		129484		
20:10:02		508259		379023		129236		
20:10:04		496110		348770		147340		
20:10:06		496110		349018		147092		
20:10:08		485418		348618		136800		
20:10:10		485025		348845		136180		
20:10:12		484627		349067		135560		
20:10:14		484365		349301		135064		
20:10:16		482921		349469		133452		
20:10:18		478994		349634		129360		
20:10:20		480592		351356		129236		
20:10:22		526028		387492		138536		
20:10:25		520794		350638		170156		
20:10:27		522904		350888		172016		
20:10:29		520003		350587		169416		
20:10:31		517906		350718		167188		
20:10:33		511777		350913		160864		
20:10:35		507136		351108		156028		
20:10:37		507084		351304		155780		
20:10:39		529780		374000		155780		
20:10:41		527359		371579		155780		
20:10:43		524637		368857		155780		
20:10:45		521076		365296		155780		
20:10:47		517083		361303		155780		
20:10:49		511911		335795		176116		
20:10:51		489395		313279		176116		
20:10:53		467487		291371		176116		
20:10:55		445640		269524		176116		
20:10:57		416531		240415		176116		
20:10:59		393102		325986		67116		
20:11:01		454085		324345		129740		
20:11:03		451748		323868		127880		
20:11:05		452320		324688		127632		
20:11:07		449412		324260		125152		
20:11:09		446510		324458		122052		
20:11:11		493531		371603		121928		
20:11:13		479823		325159		154664		
20:11:15		487080		331672		155408		
20:11:17		483915		325159		158756		
20:11:19		481886		325362		156524		
20:11:21		476904		325464		151440		
20:11:23		473878		325662		148216		
20:11:25		460986		325790		135196		
20:11:27		462160		327212		134948		
20:11:29		453208		326196		127012		
20:11:31		452336		326316		126020		
20:11:33		447711		326527		121184		
20:11:35		445983		326659		119324		
20:11:38		445426		326970		118456		
20:11:40		447991		327551		120440		
20:11:42		447401		327085		120316		
20:11:44		445951		327371		118580		
20:11:46		448916		330460		118456		
20:11:48		479559		352423		127136		
20:11:50		528944		328276		200668		
20:11:52		528944		328276		200668		
20:11:54		474204		327972		146232		
20:11:56		464446		328010		136436		
20:11:58		457425		328181		129244		
20:12:00		455160		328272		126888		
20:12:02		451655		328611		123044		
20:12:04		452855		329439		123416		
20:12:06		459567		329331		130236		
20:12:08		451234		329058		122176		
20:12:10		452549		330497		122052		
20:12:12		447884		329304		118580		
20:12:14		446673		329581		117092		
20:12:16		486221		369253		116968		
20:12:18		524237		330141		194096		
20:12:20		537326		330086		207240		
20:12:22		515499		329835		185664		
20:12:24		518337		330441		187896		
20:12:26		510140		330056		180084		
20:12:28		510421		330461		179960		
20:12:30		503044		330400		172644		
20:12:32		496342		330518		165824		
20:12:34		490518		330646		159872		
20:12:36		482419		330855		151564		
20:12:38		480600		262864		217736		
20:12:40		423956		266052		157904		
20:12:42		423447		266031		157416		
20:12:44		419490		266042		153448		
20:12:47		417519		266055		151464		
20:12:49		409315		266035		143280		
20:12:51		408443		266031		142412		
20:12:53		403298		266094		137204		
20:12:55		403298		266094		137204		
20:12:57		434730		293806		140924		
20:12:59		429652		266532		163120		
20:13:01		419015		265939		153076		
20:13:03		420977		266537		154440		
20:13:05		415383		266027		149356		
20:13:07		415618		266262		149356		
20:13:09		413017		266017		147000		
20:13:11		412974		270694		142280		
20:13:13		410007		273803		136204		
20:13:15		405408		316076		89332		
20:13:17		436649		316189		120460		
20:13:19		435059		321791		113268		
20:13:21		438019		326487		111532		
20:13:23		439261		314833		124428		
20:13:25		475940		354984		120956		
20:13:27		465149		321005		144144		
20:13:29		472888		329612		143276		
20:13:31		472211		322239		149972		
20:13:33		467221		323573		143648		
20:13:35		471675		330259		141416		
20:13:37		487236		327592		159644		
20:13:39		488064		327676		160388		
20:13:41		480946		328494		152452		
20:13:43		481628		330664		150964		
20:13:45		480659		331927		148732		
20:13:47		473064		334004		139060		
20:13:49		474011		336191		137820		
20:13:51		468792		336772		132020		
20:13:53		472914		341886		131028		
20:13:55		471053		339281		131772		
20:13:58		468505		339585		128920		
20:14:00		464586		324010		140576		
20:14:02		445959		324603		121356		
20:14:04		445256		325388		119868		
20:14:06		443089		326197		116892		
20:14:08		476601		359709		116892		
20:14:10		469516		327452		142064		
20:14:12		475423		333979		141444		
20:14:14		471822		328146		143676		
20:14:16		474796		331616		143180		
20:14:18		466712		329236		137476		
20:14:20		470508		332908		137600		
20:14:22		476101		330317		145784		
20:14:24		466534		330422		136112		
20:14:26		464898		330770		134128		
20:14:28		468715		334959		133756		
20:14:30		467378		331390		135988		
20:14:32		458446		331758		126688		
20:14:34		462376		335936		126440		
20:14:36		509074		371102		137972		
20:14:38		532309		332585		199724		
20:14:40		543415		332779		210636		
20:14:42		525700		332548		193152		
20:14:44		518753		332793		185960		
20:14:46		526138		339558		186580		
20:14:48		525141		333725		191416		
20:14:50		509776		333488		176288		
20:14:52		515433		339393		176040		
20:14:54		512105		333833		178272		
20:14:56		510837		334053		176784		
20:14:58		507576		334140		173436		
20:15:00		511947		338635		173312		
20:15:02		513316		334672		178644		
20:15:04		511135		334351		176784		
20:15:06		508065		334257		173808		
20:15:08		509264		335332		173932		
20:15:10		508504		334448		174056		
20:15:12		494443		334647		159796		
20:15:15		495158		335114		160044		
20:15:17		494500		334704		159796		
20:15:19		514812		353528		161284		
20:15:21		526603		335311		191292		
20:15:23		517339		334975		182364		
20:15:25		505894		334938		170956		
20:15:27		508808		335868		172940		
20:15:29		502577		334969		167608		
20:15:31		500373		335121		165252		
20:15:33		502453		337325		165128		
20:15:35		502273		335905		166368		
20:15:37		493760		335576		158184		
20:15:39		497287		339227		158060		
20:15:41		486747		335879		150868		
20:15:43		485810		336058		149752		
20:15:45		482622		336218		146404		
20:15:47		480255		336331		143924		
20:15:49		479958		336654		143304		
20:15:51		478967		336779		142188		
20:15:53		470243		336859		133384		
20:15:55		461853		336901		124952		
20:15:57		460353		336889		123464		
20:15:59		455066		337058		118008		
20:16:01		449767		336967		112800		
20:16:03		453311		340635		112676		
20:16:05		453722		337574		116148		
20:16:07		447823		337255		110568		
20:16:09		446827		337251		109576		
20:16:11		445743		337407		108336		
20:16:13		443404		337424		105980		
20:16:15		445498		339642		105856		
20:16:17		444530		337930		106600		
20:16:19		443190		338078		105112		
20:16:21		447117		342129		104988		
20:16:23		444391		338411		105980		
20:16:26		439673		338529		101144		
20:16:28		471398		370378		101020		
20:16:30		468256		339088		129168		
20:16:32		463426		338846		124580		
20:16:34		461014		338914		122100		
20:16:36		462657		340557		122100		
20:16:38		524876		395088		129788		
20:16:40		509652		339812		169840		
20:16:42		517922		347214		170708		
20:16:44		523372		340016		183356		
20:16:46		510595		339639		170956		
20:16:48		505822		339826		165996		
20:16:50		502547		340023		162524		
20:16:52		493468		340120		153348		
20:16:54		491126		340382		150744		
20:16:56		490152		340524		149628		
20:16:58		480778		340574		140204		
20:17:00		479122		340778		138344		
20:17:02		478260		341156		137104		
20:17:04		478260		325160		153100		
20:17:06		454232		325188		129044		
20:17:08		455830		326786		129044		
20:17:10		488549		352873		135676		
20:17:12		482531		325899		156632		
20:17:14		475434		325374		150060		
20:17:16		472898		325566		147332		
20:17:18		468661		325669		142992		
20:17:20		470711		327695		143016		
20:17:22		464930		325874		139056		
20:17:24		462544		326092		136452		
20:17:26		463331		326507		136824		
20:17:28		460856		326140		134716		
20:17:30		509815		374727		135088		
20:17:32		500043		327011		173032		
20:17:35		510131		327179		182952		
20:17:37		525664		337504		188160		
20:17:39		545804		327388		218416		
20:17:41		518956		326828		192128		
20:17:43		507461		327113		180348		
20:17:45		501218		327194		174024		
20:17:47		503107		329331		173776		
20:17:49		496135		327691		168444		
20:17:51		490226		327858		162368		
20:17:53		483989		327945		156044		
20:17:55		482919		328727		154192		
20:17:57		475379		328627		146752		
20:17:59		473688		328672		145016		
20:18:01		470255		328711		141544		
20:18:03		467612		328920		138692		
20:18:05		463956		329108		134848		
20:18:07		458775		329259		129516		
20:18:09		455612		329320		126292		
20:18:11		449612		329396		120216		
20:18:13		444314		329554		114760		
20:18:15		438931		262751		176180		
20:18:17		379011		262079		116932		
20:18:19		375021		265213		109808		
20:18:21		385106		275298		109808		
20:18:23		385106		265874		119232		
20:18:25		482975		265783		217192		
20:18:27		440268		265236		175032		
20:18:29		435969		265277		170692		
20:18:31		432359		265263		167096		
20:18:33		425324		265296		160028		
20:18:35		423382		265338		158044		
20:18:37		417589		265249		152340		
20:18:39		415870		265266		150604		
20:18:41		408629		265341		143288		
20:18:44		404115		265291		138824		
20:18:46		405468		265900		139568		
20:18:48		434521		296193		138328		
20:18:50		433998		268638		165360		
20:18:52		431251		271099		160152		
20:18:54		424063		294511		129552		
20:18:56		445481		330157		115324		
20:18:58		467723		318547		149176		
20:19:00		448797		319337		129460		
20:19:02		442045		320521		121524		
20:19:04		435174		322826		112348		
20:19:06		430866		325090		105776		
20:19:08		430889		329081		101808		
20:19:10		434788		331608		103180		
20:19:12		434788		332724		102064		
20:19:14		434285		317465		116820		
20:19:16		417650		317942		99708		
20:19:18		418596		319880		98716		
20:19:20		426962		326758		100204		
20:19:22		428979		324807		104172		
20:19:24		429239		327175		102064		
20:19:26		430321		329001		101320		
20:19:28		428207		328995		99212		
20:19:30		496906		399150		97756		
20:19:32		492036		333024		159012		
20:19:34		492627		334855		157772		
20:19:36		493676		336276		157400		
20:19:38		526249		364261		161988		
20:19:40		515565		337457		178108		
20:19:42		513440		337936		175504		
20:19:44		497852		338964		158888		
20:19:46		501838		343570		158268		
20:19:48		501913		340917		160996		
20:19:50		495205		341029		154176		
20:19:53		495943		342387		153556		
20:19:55		490497		326401		164096		
20:19:57		468612		326588		142024		
20:19:59		466094		327170		138924		
20:20:01		464618		327554		137064		
20:20:03		464649		328081		136568		
20:20:05		459962		328230		131732		
20:20:07		451509		328209		123300		
20:20:09		486948		363772		123176		
20:20:11		474744		328876		145868		
20:20:13		472590		328582		144008		
20:20:15		477447		329347		148100		
20:20:17		469825		329165		140660		
20:20:19		468598		329550		139048		
20:20:21		467013		329949		137064		
20:20:23		463348		330128		133220		
20:20:25		514220		379512		134708		
20:20:27		509353		330997		178356		
20:20:29		513090		334982		178108		
20:20:31		505280		331140		174140		
20:20:33		500087		331403		168684		
20:20:35		497691		331735		165956		
20:20:37		491744		331988		159756		
20:20:39		481646		332182		149464		
20:20:41		476679		332547		144132		
20:20:43		472716		332676		140040		
20:20:45		470903		332971		137932		
20:20:47		462383		333255		129128		
20:20:49		464567		333827		130740		
20:20:51		460428		333532		126896		
20:20:53		456450		333770		122680		
20:20:55		457264		334832		122432		
20:20:57		453651		334319		119332		
20:20:59		452776		334560		118216		
20:21:01		451672		334820		116852		
20:21:04		458339		341487		116852		
20:21:06		457218		335282		121936		
20:21:08		448731		334855		113876		
20:21:10		445795		335019		110776		
20:21:12		447795		336647		111148		
20:21:14		447341		335697		111644		
20:21:16		443724		335552		108172		
20:21:18		481452		373404		108048		
20:21:20		479170		336278		142892		
20:21:22		467933		335829		132104		
20:21:24		468334		336354		131980		
20:21:26		517995		386139		131856		
20:21:28		512256		336628		175628		
20:21:30		511849		336345		175504		
20:21:32		507739		336575		171164		
20:21:34		507653		336613		171040		
20:21:36		495833		336821		159012		
20:21:38		493053		336893		156160		
20:21:40		482487		337115		145372		
20:21:42		483945		338697		145248		
20:21:44		478079		337419		140660		
20:21:46		477934		337770		140164		
20:21:48		475839		337783		138056		
20:21:50		473542		337966		135576		
20:21:52		472704		338120		134584		
20:21:54		471607		338263		133344		
20:21:56		470116		338384		131732		
20:21:58		467138		338506		128632		
20:22:00		467475		339091		128384		
20:22:02		462789		338869		123920		
20:22:04		462789		338993		123796		
20:22:06		457400		339060		118340		
20:22:08		455878		339274		116604		
20:22:10		457427		340947		116480		
20:22:12		492574		371630		120944		
20:22:14		488432		339836		148596		
20:22:16		490412		341444		148968		
20:22:19		482765		339501		143264		
20:22:21		476431		339491		136940		
20:22:23		473264		339548		133716		
20:22:25		468468		339712		128756		
20:22:27		470481		340237		130244		
20:22:29		465279		339623		125656		
20:22:31		466730		341074		125656		
20:22:33		461045		339729		121316		
20:22:35		453593		339717		113876		
20:22:37		450529		339877		110652		
20:22:39		449852		340068		109784		
20:22:41		445786		339970		105816		
20:22:43		481967		376275		105692		
20:22:45		466282		340626		125656		
20:22:47		472290		346758		125532		
20:22:49		475145		340933		134212		
20:22:51		461677		340609		121068		
20:22:53		459415		340579		118836		
20:22:55		458692		340848		117844		
20:22:57		454597		340969		113628		
20:22:59		454103		341095		113008		
20:23:01		453557		341169		112388		
20:23:03		451970		341194		110776		
20:23:05		511829		398573		113256		
20:23:07		509013		341817		167196		
20:23:09		511621		344549		167072		
20:23:11		506729		339905		166824		
20:23:13		503612		336912		166700		
20:23:15		498188		342020		156168		
20:23:17		490207		341983		148224		
20:23:19		494254		342558		151696		
20:23:21		485031		342139		142892		
20:23:23		483784		342256		141528		
20:23:25		481552		342256		139296		
20:23:28		481270		342346		138924		
20:23:30		473261		342521		130740		
20:23:32		468800		342648		126152		
20:23:34		463955		342763		121192		
20:23:36		462901		342949		119952		
20:23:38		459611		343131		116480		
20:23:40		460688		343712		116976		
20:23:42		457486		343486		114000		
20:23:44		456460		327828		128632		
20:23:46		437458		327798		109660		
20:23:48		435101		327797		107304		
20:23:50		434350		327790		106560		
20:23:52		435533		328973		106560		
20:23:54		433920		328352		105568		
20:23:56		462716		358512		104204		
20:23:58		448454		330858		117596		
20:24:00		460808		344452		116356		
20:24:02		469520		333820		135700		
20:24:04		461982		334714		127268		
20:24:06		463593		337565		126028		
20:24:08		467122		338118		129004		
20:24:10		510906		379298		131608		
20:24:12		504382		373766		130616		
20:24:14		499275		301031		198244		
20:24:16		421877		273397		148480		
20:24:18		442556		273732		168824		
20:24:20		446275		273731		172544		
20:24:22		430217		273297		156920		
20:24:24		425722		273266		152456		
20:24:26		423242		273266		149976		
20:24:28		410871		273295		137576		
20:24:30		409458		273246		136212		
20:24:32		405266		273270		131996		
20:24:35		399490		273198		126292		
20:24:37		397532		273224		124308		
20:24:39		394813		273233		121580		
20:24:41		391299		273191		118108		
20:24:43		397502		279394		118108		
20:24:45		435196		299232		135964		
20:24:47		418710		278166		140544		
20:24:49		426843		282083		144760		
20:24:51		439999		329279		110720		
20:24:53		472526		325566		146960		
20:24:55		463933		314989		148944		
20:24:57		453253		318817		134436		
20:24:59		461783		331315		130468		
20:25:01		474090		333330		140760		
20:25:03		472155		332139		140016		
20:25:05		496419		351319		145100		
20:25:07		462042		325994		136048		
20:25:09		488921		326833		162088		
20:25:11		480795		327263		153532		
20:25:13		478129		329929		148200		
20:25:15		474496		332000		142496		
20:25:17		476267		335011		141256		
20:25:19		479218		337714		141504		
20:25:21		471813		339361		132452		
20:25:23		475120		345024		130096		
20:25:25		477152		327836		149316		
20:25:27		459810		328318		131492		
20:25:29		456978		329206		127772		
20:25:31		450374		329918		120456		
20:25:33		457219		337631		119588		
20:25:35		453293		331597		121696		
20:25:37		452705		332249		120456		
20:25:39		498790		378582		120208		
20:25:41		483016		333048		149968		
20:25:43		491665		342069		149596		
20:25:45		493077		334057		159020		
20:25:48		488283		334099		154184		
20:25:50		485423		334587		150836		
20:25:52		484550		335078		149472		
20:25:54		472138		335562		136576		
20:25:56		463553		335781		127772		
20:25:58		459115		331343		127772		
20:26:00		450463		336951		113512		
20:26:02		458015		342767		115248		
20:26:04		457976		338016		119960		
20:26:06		454019		337903		116116		
20:26:08		452744		338240		114504		
20:26:10		458005		343873		114132		
20:26:12		457751		339527		118224		
20:26:14		452338		339198		113140		
20:26:16		450634		339478		111156		
20:26:18		451233		340325		110908		
20:26:20		446384		340064		106320		
20:26:22		449070		342998		106072		
20:26:24		448542		340858		107684		
20:26:26		480604		373044		107560		
20:26:28		471134		341378		129756		
20:26:30		470486		341226		129260		
20:26:32		470054		341290		128764		
20:26:34		472075		342071		130004		
20:26:36		473091		342343		130748		
20:26:38		467504		341964		125540		
20:26:40		459510		342278		117232		
20:26:42		453491		342211		111280		
20:26:44		445875		342283		103592		
20:26:46		437992		342336		95656		
20:26:48		435407		342355		93052		
20:26:50		458095		363431		94664		
20:26:52		480760		342944		137816		
20:26:54		462472		342388		120084		
20:26:56		459094		342482		116612		
20:26:58		457171		342543		114628		
20:27:00		456393		342509		113884		
20:27:03		452802		342514		110288		
20:27:05		448847		342651		106196		
20:27:07		449603		343159		106444		
20:27:09		446144		342800		103344		
20:27:11		446515		343295		103220		
20:27:13		446033		343061		102972		
20:27:15		447281		344557		102724		
20:27:17		445408		343552		101856		
20:27:19		446377		344645		101732		
20:27:21		442949		343945		99004		
20:27:23		444396		345516		98880		
20:27:25		479709		377853		101856		
20:27:27		493483		344755		148728		
20:27:29		481720		344276		137444		
20:27:31		477334		344478		132856		
20:27:33		481071		347967		133104		
20:27:35		510484		364608		145876		
20:27:37		547314		345266		202048		
20:27:39		535220		328956		206264		
20:27:41		535454		328942		206512		
20:27:43		519223		328831		190392		
20:27:45		508175		328819		179356		
20:27:47		513040		333684		179356		
20:27:49		508426		329070		179356		
20:27:51		499368		329188		170180		
20:27:53		496133		329301		166832		
20:27:55		478763		329415		149348		
20:27:57		481098		331874		149224		
20:27:59		464525		329685		134840		
20:28:01		460359		329983		130376		
20:28:03		454551		330127		124424		
20:28:05		450155		330195		119960		
20:28:07		451017		331305		119712		
20:28:09		445428		330552		114876		
20:28:12		453080		338328		114752		
20:28:14		444742		330858		113884		
20:28:16		478633		364997		113636		
20:28:18		465729		331633		134096		
20:28:20		484635		350787		133848		
20:28:22		497265		332045		165220		
20:28:24		482792		331708		151084		
20:28:26		479412		331800		147612		
20:28:28		473367		331955		141412		
20:28:30		467868		331912		135956		
20:28:32		465943		332095		133848		
20:28:34		462774		332150		130624		
20:28:36		461652		332268		129384		
20:28:38		462304		333168		129136		
20:28:40		462304		333168		129136		
20:28:42		462021		333009		129012		
20:28:44		501430		362622		138808		
20:28:46		487599		333539		154060		
20:28:48		491849		333697		158152		
20:28:50		494383		333875		160508		
20:28:52		487287		333475		153812		
20:28:54		487323		333635		153688		
20:28:56		485554		333726		151828		
20:28:58		484743		334031		150712		
20:29:00		485917		334461		151456		
20:29:02		526451		375119		151332		
20:29:04		521171		334623		186548		
20:29:06		520587		334411		186176		
20:29:08		521358		335058		186300		
20:29:10		515197		334725		180472		
20:29:12		509282		334762		174520		
20:29:14		501004		334916		166088		
20:29:16		492768		335112		157656		
20:29:18		492390		335354		157036		
20:29:20		490530		335478		155052		
20:29:22		485876		335536		150340		
20:29:24		482012		335764		146248		
20:29:27		482493		336369		146124		
20:29:29		481519		336015		145504		
20:29:31		478642		268618		210024		
20:29:33		424289		268057		156232		
20:29:35		418583		271375		147208		
20:29:37		422840		271788		151052		
20:29:39		422016		271212		150804		
20:29:41		421805		271249		150556		
20:29:43		421886		271330		150556		
20:29:45		459366		306702		152664		
20:29:47		447130		271774		175356		
20:29:49		440194		271286		168908		
20:29:51		427857		263041		164816		
20:29:53		448875		292243		156632		
20:29:55		496362		271778		224584		
20:29:57		438066		271266		166800		
20:29:59		445543		271799		173744		
20:30:01		433129		271289		161840		
20:30:03		431859		271259		160600		
20:30:05		431580		275204		156376		
20:30:07		425323		278619		146704		
20:30:09		426901		310953		115948		
20:30:11		446345		324845		121500		
20:30:13		457139		327703		129436		
20:30:15		456583		332355		124228		
20:30:17		460194		320590		139604		
20:30:19		450776		324564		126212		
20:30:21		516301		391577		124724		
20:30:23		515496		327036		188460		
20:30:25		523128		329336		193792		
20:30:27		510955		331299		179656		
20:30:29		517304		333680		183624		
20:30:31		514680		335644		179036		
20:30:33		513149		337833		175316		
20:30:35		506510		339874		166636		
20:30:38		503126		341450		161676		
20:30:40		501852		342284		159568		
20:30:42		502175		343103		159072		
20:30:44		489603		344047		145556		
20:30:46		494034		348818		145216		
20:30:48		492230		345526		146704		
20:30:50		488666		329810		158856		
20:30:52		481258		330586		150672		
20:30:54		472379		331131		141248		
20:30:56		474369		332377		141992		
20:30:58		462599		332015		130584		
20:31:00		461872		332156		129716		
20:31:02		453794		332262		121532		
20:31:04		446079		332359		113720		
20:31:06		448356		335008		113348		
20:31:08		442583		333079		109504		
20:31:10		443820		334688		109132		
20:31:12		446731		336855		109876		
20:31:14		479293		369417		109876		
20:31:16		471383		334847		136536		
20:31:18		487431		335147		152284		
20:31:20		466099		334771		131328		
20:31:22		523862		373810		150052		
20:31:24		524030		335786		188244		
20:31:26		535489		336085		199404		
20:31:28		521000		336104		184896		
20:31:30		522981		338333		184648		
20:31:32		509779		336663		173116		
20:31:34		504977		336945		168032		
20:31:36		497895		337303		160592		
20:31:38		494541		337669		156872		
20:31:40		495037		338413		156624		
20:31:42		493381		338245		155136		
20:31:44		486194		338498		147696		
20:31:46		487447		339751		147696		
20:31:48		482315		338835		143480		
20:31:50		482517		339285		143232		
20:31:53		478037		339269		138768		
20:31:55		480328		341808		138520		
20:31:57		470112		339652		130460		
20:31:59		460727		339691		121036		
20:32:01		459458		339662		119796		
20:32:03		449762		339762		110000		
20:32:05		450808		340932		109876		
20:32:07		488621		378125		110496		
20:32:09		482853		340481		142372		
20:32:11		476886		340218		136668		
20:32:13		480192		340920		139272		
20:32:15		471054		340586		130468		
20:32:17		466510		340754		125756		
20:32:19		467911		341535		126376		
20:32:21		472398		345650		126748		
20:32:23		533894		391646		142248		
20:32:25		525469		341929		183540		
20:32:27		546663		341919		204744		
20:32:29		521118		341670		179448		
20:32:31		518340		341868		176472		
20:32:33		514515		341887		172628		
20:32:35		505499		342047		163452		
20:32:37		531202		367874		163328		
20:32:39		515002		342746		172256		
20:32:41		520524		347152		173372		
20:32:43		516054		342558		173496		
20:32:45		508426		342742		165684		
20:32:47		504533		342941		161592		
20:32:49		501085		343089		157996		
20:32:51		501182		343310		157872		
20:32:53		502054		344306		157748		
20:32:55		502743		343879		158864		
20:32:57		485970		343598		142372		
20:33:00		478087		343651		134436		
20:33:02		475821		343741		132080		
20:33:04		471082		343838		127244		
20:33:06		475027		347907		127120		
20:33:08		471889		344149		127740		
20:33:10		471547		344179		127368		
20:33:12		468786		344394		124392		
20:33:14		521162		396646		124516		
20:33:16		516057		345041		171016		
20:33:18		515556		344664		170892		
20:33:20		515556		344788		170768		
20:33:22		511375		344947		166428		
20:33:24		504694		344962		159732		
20:33:26		498072		345284		152788		
20:33:28		489477		345369		144108		
20:33:30		483943		345539		138404		
20:33:32		478968		345648		133320		
20:33:34		478968		345772		133196		
20:33:36		473229		345985		127244		
20:33:38		471790		346034		125756		
20:33:40		466365		346189		120176		
20:33:42		464210		346266		117944		
20:33:44		462509		346301		116208		
20:33:46		462540		346456		116084		
20:33:48		456525		346517		110008		
20:33:50		485175		375167		110008		
20:33:52		495606		347034		148572		
20:33:54		501113		347085		154028		
20:33:56		496839		346655		150184		
20:33:58		493011		346795		146216		
20:34:00		492370		331150		161220		
20:34:02		475183		331075		144108		
20:34:04		477443		331475		145968		
20:34:06		472011		330879		141132		
20:34:09		516531		375647		140884		
20:34:11		516385		331853		184532		
20:34:13		515413		331501		183912		
20:34:15		517002		332098		184904		
20:34:17		501805		331657		170148		
20:34:19		498029		331849		166180		
20:34:21		496275		331955		164320		
20:34:23		495333		332129		163204		
20:34:25		489246		332118		157128		
20:34:27		487204		332184		155020		
20:34:29		483929		332257		151672		
20:34:31		476765		332409		144356		
20:34:33		508652		364420		144232		
20:34:35		511611		333155		178456		
20:34:37		498852		332796		166056		
20:34:39		498852		332920		165932		
20:34:41		496520		333068		163452		
20:34:43		494707		333115		161592		
20:34:45		499351		337883		161468		
20:34:47		496200		333616		162584		
20:34:49		489168		333652		155516		
20:34:51		478939		333715		145224		
20:34:53		475597		333721		141876		
20:34:55		474717		333833		140884		
20:34:57		474478		333842		140636		
20:34:59		471920		333764		138156		
20:35:01		498101		359945		138156		
20:35:03		494892		334416		160476		
20:35:05		489892		334004		155888		
20:35:07		486912		334620		152292		
20:35:09		486396		336832		149564		
20:35:11		482652		338420		144232		
20:35:13		483844		270712		213132		
20:35:15		423162		273830		149332		
20:35:18		481912		332572		149340		
20:35:20		472033		274333		197700		
20:35:22		473854		276154		197700		
20:35:24		469868		273904		195964		
20:35:26		470264		274300		195964		
20:35:28		463431		273915		189516		
20:35:30		453509		273913		179596		
20:35:32		447951		273935		174016		
20:35:34		444745		273953		170792		
20:35:36		444202		273906		170296		
20:35:38		435757		274017		161740		
20:35:40		433457		271717		161740		
20:35:42		430306		274022		156284		
20:35:44		427772		273968		153804		
20:35:46		424532		277556		146976		
20:35:48		422701		280933		141768		
20:35:50		428773		325197		103576		
20:35:52		428773		323305		105468		
20:35:54		445206		329818		115388		
20:35:56		451041		335281		115760		
20:35:58		450777		323237		127540		
20:36:00		434092		326640		107452		
20:36:02		436245		330529		105716		
20:36:04		436791		333431		103360		
20:36:06		442336		341580		100756		
20:36:08		478069		371609		106460		
20:36:10		468435		340151		128284		
20:36:12		539245		387525		151720		
20:36:14		521909		341049		180860		
20:36:16		537952		343080		194872		
20:36:18		530181		344113		186068		
20:36:20		533875		346071		187804		
20:36:22		530918		345718		185200		
20:36:24		519755		346459		173296		
20:36:26		513304		347076		166228		
20:36:29		508651		331511		177140		
20:36:31		492185		332033		160152		
20:36:33		487034		332586		154448		
20:36:35		487034		333454		153580		
20:36:37		479910		333894		146016		
20:36:39		475639		334459		141180		
20:36:41		477470		336786		140684		
20:36:43		469408		335420		133988		
20:36:45		468260		335760		132500		
20:36:47		456386		335914		120472		
20:36:49		450517		336121		114396		
20:36:51		446718		336042		110676		
20:36:53		446112		336180		109932		
20:36:55		437673		336421		101252		
20:36:57		437366		336858		100508		
20:36:59		432327		337151		95176		
20:37:01		435165		340237		94928		
20:37:03		438455		339311		99144		
20:37:05		433320		338020		95300		
20:37:07		472621		377693		94928		
20:37:09		470509		338877		131632		
20:37:11		467756		338604		129152		
20:37:13		532275		367411		164864		
20:37:15		528815		339523		189292		
20:37:17		538315		339847		198468		
20:37:19		528032		339732		188300		
20:37:21		535965		340473		195492		
20:37:23		544909		349541		195368		
20:37:25		552514		341646		210868		
20:37:27		530987		320367		210620		
20:37:29		509900		340696		169204		
20:37:31		517645		341497		176148		
20:37:34		517634		341610		176024		
20:37:36		514421		341373		173048		
20:37:38		509584		341496		168088		
20:37:40		501197		341789		159408		
20:37:42		492564		341960		150604		
20:37:44		488061		342169		145892		
20:37:46		488934		342794		146140		
20:37:48		484478		342554		141924		
20:37:50		479596		342632		136964		
20:37:52		470346		342806		127540		
20:37:54		463284		342812		120472		
20:37:56		456834		342934		113900		
20:37:58		454030		342858		111172		
20:38:00		455968		345044		110924		
20:38:02		449046		343206		105840		
20:38:04		452429		346713		105716		
20:38:06		452031		343835		108196		
20:38:08		449412		343820		105592		
20:38:10		448563		343963		104600		
20:38:12		448015		344035		103980		
20:38:14		514089		410233		103856		
20:38:16		512018		408286		103732		
20:38:18		509130		405646		103484		
20:38:20		508851		345103		163748		
20:38:22		520220		345312		174908		
20:38:24		501080		344896		156184		
20:38:26		494215		345223		148992		
20:38:28		485230		345290		139940		
20:38:30		513715		374023		139692		
20:38:32		521519		346115		175404		
20:38:34		507155		345763		161392		
20:38:36		502137		345953		156184		
20:38:38		498667		346079		152588		
20:38:40		498035		346191		151844		
20:38:42		492720		346332		146388		
20:38:45		487981		346305		141676		
20:38:47		490237		348189		142048		
20:38:49		482543		346571		135972		
20:38:51		471640		346580		125060		
20:38:53		463127		346623		116504		
20:38:55		458311		346643		111668		
20:38:57		453607		346651		106956		
20:38:59		454907		348075		106832		
20:39:01		446341		346949		99392		
20:39:03		450054		347314		102740		
20:39:05		447222		346962		100260		
20:39:07		447830		347570		100260		
20:39:09		446430		347162		99268		
20:39:11		443216		347888		95328		
20:39:13		441167		347699		93468		
20:39:15		439332		347724		91608		
20:39:17		442118		350014		92104		
20:39:19		441113		348017		93096		
20:39:21		512206		419234		92972		
20:39:23		505850		348646		157204		
20:39:25		524214		348782		175432		
20:39:27		513597		348581		165016		
20:39:29		542527		367839		174688		
20:39:31		580608		333008		247600		
20:39:33		518127		332527		185600		
20:39:35		497973		333205		164768		
20:39:37		494963		333295		161668		
20:39:39		495663		333499		162164		
20:39:41		488991		333275		155716		
20:39:43		491038		333834		157204		
20:39:45		513001		353937		159064		
20:39:47		530456		334192		196264		
20:39:49		500702		333702		167000		
20:39:51		494431		333879		160552		
20:39:53		495884		335456		160428		
20:39:56		488084		334228		153856		
20:39:58		478556		334372		144184		
20:40:00		472860		334504		138356		
20:40:02		472473		334613		137860		
20:40:04		463791		334735		129056		
20:40:06		463310		334874		128436		
20:40:08		461954		335006		126948		
20:40:10		460534		335074		125460		
20:40:12		460534		335198		125336		
20:40:14		547125		335857		211268		
20:40:16		505789		335441		170348		
20:40:18		502342		335590		166752		
20:40:20		500680		335912		164768		
20:40:22		494250		335930		158320		
20:40:24		491354		336258		155096		
20:40:26		482817		336401		146416		
20:40:28		479732		336416		143316		
20:40:30		476060		336588		139472		
20:40:32		473449		336705		136744		
20:40:34		469863		269211		200652		
20:40:36		407992		268696		139296		
20:40:38		405088		271884		133204		
20:40:40		404995		271907		133088		
20:40:42		399141		271873		127268		
20:40:44		394729		271925		122804		
20:40:46		400712		277536		123176		
20:40:48		391347		271891		119456		
20:40:50		384831		271947		112884		
20:40:52		382595		271943		110652		
20:40:54		381928		271888		110040		
20:40:56		407491		283687		123804		
20:40:58		430678		272278		158400		
20:41:00		410511		271827		138684		
20:41:02		399275		271751		127524		
20:41:04		398625		271721		126904		
20:41:07		393506		271810		121696		
20:41:09		392650		276046		116604		
20:41:11		396126		278530		117596		
20:41:13		397110		285394		111716		
20:41:15		397110		306794		90316		
20:41:17		414047		314679		99368		
20:41:19		421713		320485		101228		
20:41:21		427175		322351		104824		
20:41:23		493466		390874		102592		
20:41:25		490046		327306		162740		
20:41:27		495814		319558		176256		
20:41:29		483470		317010		166460		
20:41:31		477533		319753		157780		
20:41:33		472604		322016		150588		
20:41:35		469065		324305		144760		
20:41:37		466159		326855		139304		
20:41:39		463619		329027		134592		
20:41:41		458683		330167		128516		
20:41:43		456239		331319		124920		
20:41:45		455073		332137		122936		
20:41:47		454707		333259		121448		
20:41:49		451906		333930		117976		
20:41:51		485617		368253		117364		
20:41:53		470074		353578		116496		
20:41:55		494170		378294		115876		
20:41:57		456597		336381		120216		
20:41:59		462331		336783		125548		
20:42:01		467501		336993		130508		
20:42:03		461441		336513		124928		
20:42:05		458369		320917		137452		
20:42:07		440915		321071		119844		
20:42:09		438958		321470		117488		
20:42:11		437424		321796		115628		
20:42:13		435546		322398		113148		
20:42:15		431632		322824		108808		
20:42:17		429787		323087		106700		
20:42:20		486222		377414		108808		
20:42:22		531822		323690		208132		
20:42:24		562723		324087		238636		
20:42:26		535797		323697		212100		
20:42:28		533605		324109		209496		
20:42:30		526533		324353		202180		
20:42:32		523244		324660		198584		
20:42:34		516862		324974		191888		
20:42:36		509519		325319		184200		
20:42:38		504678		325686		178992		
20:42:40		495504		325936		169568		
20:42:42		497033		326721		170312		
20:42:44		493151		326435		166716		
20:42:46		488238		326730		161508		
20:42:48		485925		326897		159028		
20:42:50		481711		327147		154564		
20:42:52		479964		327508		152456		
20:42:54		474985		327737		147248		
20:42:56		477186		330062		147124		
20:42:58		465339		328135		137204		
20:43:00		462548		328196		134352		
20:43:02		462548		328320		134228		
20:43:04		456163		328631		127532		
20:43:06		454973		328681		126292		
20:43:08		455415		329371		126044		
20:43:10		455246		329450		125796		
20:43:12		458035		332487		125548		
20:43:14		509405		372201		137204		
20:43:16		501086		330030		171056		
20:43:18		513719		330263		183456		
20:43:20		500229		329917		170312		
20:43:22		500128		330188		169940		
20:43:24		496438		330342		166096		
20:43:26		522297		356449		165848		
20:43:28		499123		330671		168452		
20:43:30		507170		337478		169692		
20:43:32		511534		331302		180232		
20:43:35		504513		330977		173536		
20:43:37		499680		331104		168576		
20:43:39		495056		331192		163864		
20:43:41		494216		331344		162872		
20:43:43		492214		331574		160640		
20:43:45		492237		331845		160392		
20:43:47		485369		331921		153448		
20:43:49		484380		332048		152332		
20:43:51		475951		332175		143776		
20:43:53		467951		332235		135716		
20:43:55		461928		332288		129640		
20:43:57		463137		333497		129640		
20:43:59		460767		332491		128276		
20:44:01		453952		332620		121332		
20:44:03		457878		336670		121208		
20:44:05		454423		333091		121332		
20:44:07		456003		334795		121208		
20:44:09		449708		333336		116372		
20:44:11		507761		391389		116372		
20:44:13		504961		333781		171180		
20:44:15		505339		333911		171428		
20:44:17		499518		333546		165972		
20:44:19		500415		334691		165724		
20:44:21		500586		334366		166220		
20:44:23		494814		334050		160764		
20:44:25		490464		334412		156052		
20:44:27		482844		334480		148364		
20:44:29		517644		369404		148240		
20:44:31		504963		335147		169816		
20:44:33		507122		337430		169692		
20:44:35		505570		335010		170560		
20:44:37		496137		335125		161012		
20:44:39		490453		335393		155060		
20:44:41		490577		335641		154936		
20:44:43		488948		335624		153324		
20:44:45		485883		335659		150224		
20:44:48		507410		357310		150100		
20:44:50		522543		336359		186184		
20:44:52		495919		335775		160144		
20:44:54		488897		335945		152952		
20:44:56		485588		335860		149728		
20:44:58		476187		336007		140180		
20:45:00		474323		336127		138196		
20:45:02		464021		336365		127656		
20:45:04		465165		337013		128152		
20:45:06		462753		336709		126044		
20:45:08		457843		336759		121084		
20:45:10		456672		336952		119720		
20:45:12		454816		337080		117736		
20:45:14		519647		400299		119348		
20:45:16		515619		337743		177876		
20:45:18		514913		337409		177504		
20:45:20		506673		337477		169196		
20:45:22		512253		343181		169072		
20:45:24		505937		337981		167956		
20:45:26		499699		338067		161632		
20:45:28		492834		338146		154688		
20:45:30		491802		338478		153324		
20:45:32		485980		322612		163368		
20:45:34		469195		322691		146504		
20:45:36		467313		322669		144644		
20:45:38		468172		254792		213380		
20:45:40		400459		257915		142544		
20:45:42		403781		258377		145404		
20:45:44		395606		257890		137716		
20:45:46		396965		258381		138584		
20:45:48		386531		257867		128664		
20:45:50		375820		257820		118000		
20:45:52		372463		257811		114652		
20:45:54		374015		259363		114652		
20:45:56		371185		258021		113164		
20:45:58		373769		260357		113412		
20:46:01		399852		278504		121348		
20:46:03		456023		258407		197616		
20:46:05		394984		257880		137104		
20:46:07		393056		257812		135244		
20:46:09		452187		316943		135244		
20:46:11		447378		260434		186944		
20:46:13		451282		263718		187564		
20:46:15		457266		272914		184352		
20:46:17		459729		306265		153464		
20:46:19		478894		313278		165616		
20:46:21		477310		318018		159292		
20:46:23		479750		323186		156564		
20:46:25		482864		326052		156812		
20:46:27		473684		328776		144908		
20:46:29		471506		332178		139328		
20:46:31		467913		318417		149496		
20:46:33		455730		320618		135112		
20:46:35		457934		323690		134244		
20:46:37		454650		325118		129532		
20:46:39		453222		327534		125688		
20:46:41		453308		328736		124572		
20:46:43		454017		329817		124200		
20:46:45		448528		329288		119240		
20:46:47		446384		329500		116884		
20:46:49		444360		329584		114776		
20:46:51		476075		360803		115272		
20:46:53		468468		330504		137964		
20:46:55		477436		331288		146148		
20:46:57		475759		331595		144164		
20:46:59		469916		332324		137592		
20:47:01		472204		334488		137716		
20:47:03		470047		333695		136352		
20:47:05		471349		335617		135732		
20:47:07		504684		367836		136848		
20:47:09		536367		335163		201204		
20:47:11		559251		358419		200832		
20:47:14		579547		336059		243488		
20:47:16		532121		335877		196244		
20:47:18		525155		336475		188680		
20:47:20		528050		337386		190664		
20:47:22		520878		337282		183596		
20:47:24		514174		337646		176528		
20:47:26		503039		337795		165244		
20:47:28		497266		338346		158920		
20:47:30		494403		338583		155820		
20:47:32		489506		323022		166484		
20:47:34		474631		323027		151604		
20:47:36		479114		327758		151356		
20:47:38		474881		323649		151232		
20:47:40		471156		323892		147264		
20:47:42		468618		324206		144412		
20:47:44		466060		324376		141684		
20:47:46		458331		324583		133748		
20:47:48		454408		324876		129532		
20:47:50		455184		325528		129656		
20:47:52		450093		325273		124820		
20:47:54		446777		325553		121224		
20:47:56		448480		327504		120976		
20:47:58		445142		326026		119116		
20:48:00		447544		328676		118868		
20:48:02		451889		326945		124944		
20:48:04		442025		326505		115520		
20:48:06		488246		372974		115272		
20:48:08		478170		327434		150736		
20:48:10		488077		329529		158548		
20:48:12		482436		327484		154952		
20:48:14		473269		327617		145652		
20:48:16		470867		327819		143048		
20:48:18		459733		327969		131764		
20:48:20		463136		330628		132508		
20:48:23		463072		328952		134120		
20:48:25		451645		328437		123208		
20:48:27		456694		333610		123084		
20:48:29		494173		367989		126184		
20:48:31		485136		358952		126184		
20:48:33		438530		329210		109320		
20:48:35		477246		329858		147388		
20:48:37		481443		334055		147388		
20:48:39		479453		329709		149744		
20:48:41		479524		329904		149620		
20:48:43		472576		330148		142428		
20:48:45		474660		332356		142304		
20:48:47		471507		330443		141064		
20:48:49		470856		330536		140320		
20:48:51		470742		330794		139948		
20:48:53		468642		330926		137716		
20:48:55		462820		330932		131888		
20:48:57		458566		331018		127548		
20:48:59		460008		332584		127424		
20:49:01		462501		331977		130524		
20:49:03		457978		331546		126432		
20:49:05		457178		331614		125564		
20:49:07		458561		333121		125440		
20:49:09		491733		354141		137592		
20:49:11		546550		332450		214100		
20:49:13		487938		331994		155944		
20:49:15		482517		332029		150488		
20:49:17		480057		332297		147760		
20:49:19		478476		332452		146024		
20:49:21		478688		332788		145900		
20:49:23		474358		332674		141684		
20:49:25		471540		332832		138708		
20:49:27		513295		374587		138708		
20:49:29		498972		360512		138460		
20:49:31		487504		349168		138336		
20:49:34		525708		333804		191904		
20:49:36		505478		333414		172064		
20:49:38		502923		333711		169212		
20:49:40		496129		333861		162268		
20:49:42		490223		333907		156316		
20:49:44		486057		334081		151976		
20:49:46		485127		334267		150860		
20:49:48		478204		334412		143792		
20:49:50		473114		334530		138584		
20:49:52		507688		369228		138460		
20:49:54		490071		335243		154828		
20:49:56		492170		337466		154704		
20:49:58		496667		335515		161152		
20:50:00		487461		335113		152348		
20:50:02		487681		335581		152100		
20:50:04		487215		335487		151728		
20:50:06		488114		336634		151480		
20:50:08		483176		335912		147264		
20:50:10		483012		336120		146892		
20:50:12		481640		336236		145404		
20:50:14		477246		336430		140816		
20:50:16		473129		336529		136600		
20:50:18		467131		336483		130648		
20:50:20		462843		336535		126308		
20:50:22		456690		336582		120108		
20:50:24		450463		336555		113908		
20:50:26		447526		336470		111056		
20:50:28		445992		336672		109320		
20:50:30		441655		336675		104980		
20:50:32		437094		336702		100392		
20:50:34		433203		336779		96424		
20:50:36		451314		355014		96300		
20:50:38		459604		337388		122216		
20:50:40		450066		337026		113040		
20:50:42		453498		301034		152464		
20:50:44		417994		269078		148916		
20:50:46		386437		272273		114164		
20:50:49		391371		276711		114660		
20:50:51		395382		272786		122596		
20:50:53		394819		272223		122596		
20:50:55		386466		272302		114164		
20:50:57		388907		272759		116148		
20:50:59		387575		272295		115280		
20:51:01		389005		273725		115280		
20:51:03		386230		272190		114040		
20:51:05		422566		308154		114412		
20:51:07		413182		272854		140328		
20:51:09		459728		319400		140328		
20:51:11		453039		272783		180256		
20:51:13		457650		276278		181372		
20:51:15		464081		272789		191292		
20:51:17		455730		275854		179876		
20:51:19		451304		279364		171940		
20:51:21		447168		312800		134368		
20:51:23		467821		322605		145216		
20:51:25		467925		312665		155260		
20:51:27		459497		318125		141372		
20:51:29		461964		323196		138768		
20:51:31		462850		327182		135668		
20:51:33		468874		336554		132320		
20:51:35		472295		333279		139016		
20:51:37		466134		335426		130708		
20:51:39		469943		341095		128848		
20:51:41		472792		324352		148440		
20:51:43		455595		325259		130336		
20:51:45		493671		363335		130336		
20:51:47		482697		352361		130336		
20:51:49		440755		310419		130336		
20:51:51		465874		328594		137280		
20:51:53		471864		328756		143108		
20:51:55		463756		328336		135420		
20:51:57		458645		328525		130120		
20:52:00		452202		329398		122804		
20:52:02		449804		329976		119828		
20:52:04		446347		330611		115736		
20:52:06		451768		336652		115116		
20:52:08		448958		331858		117100		
20:52:10		447963		332475		115488		
20:52:12		446228		332972		113256		
20:52:14		447444		334188		113256		
20:52:16		444298		333894		110404		
20:52:18		445445		334917		110528		
20:52:20		439640		334940		104700		
20:52:22		439403		335323		104080		
20:52:24		499486		395530		103956		
20:52:26		499112		336256		162856		
20:52:28		502279		339795		162484		
20:52:30		522137		346509		175628		
20:52:32		538064		336892		201172		
20:52:34		525577		336681		188896		
20:52:36		513337		336965		176372		
20:52:38		499208		337344		161864		
20:52:40		499484		337868		161616		
20:52:42		498741		337869		160872		
20:52:44		489114		338162		150952		
20:52:46		482248		338364		143884		
20:52:48		480262		338610		141652		
20:52:50		476864		339056		137808		
20:52:52		471201		339221		131980		
20:52:54		470723		339363		131360		
20:52:56		472075		340095		131980		
20:52:58		465047		339887		125160		
20:53:00		460576		340128		120448		
20:53:02		453139		340379		112760		
20:53:04		450330		340546		109784		
20:53:06		450264		324856		125408		
20:53:08		435281		324753		110528		
20:53:11		434943		324787		110156		
20:53:13		433870		325078		108792		
20:53:15		479101		370433		108668		
20:53:17		480682		325886		154796		
20:53:19		477639		325695		151944		
20:53:21		477864		326168		151696		
20:53:23		467591		326063		141528		
20:53:25		465815		326147		139668		
20:53:27		455584		326456		129128		
20:53:29		452622		326470		126152		
20:53:31		449253		326697		122556		
20:53:33		444886		326794		118092		
20:53:35		442837		326977		115860		
20:53:37		443612		327752		115860		
20:53:39		475233		359497		115736		
20:53:41		466542		327990		138552		
20:53:43		461461		327497		133964		
20:53:45		465789		327981		137808		
20:53:47		468005		329081		138924		
20:53:49		479594		328146		151448		
20:53:51		475430		327702		147728		
20:53:53		488674		341070		147604		
20:53:55		485732		328332		157400		
20:53:57		473242		327870		145372		
20:53:59		465591		327907		137684		
20:54:01		457099		327971		129128		
20:54:03		490337		361333		129004		
20:54:05		475618		328634		146984		
20:54:07		477537		328693		148844		
20:54:09		488827		328443		160384		
20:54:11		478548		328084		150464		
20:54:13		475065		328073		146992		
20:54:16		467425		328121		139304		
20:54:18		471523		328747		142776		
20:54:20		460255		328267		131988		
20:54:22		454808		328400		126408		
20:54:24		502554		376270		126284		
20:54:26		489671		329039		160632		
20:54:28		494272		333640		160632		
20:54:30		491171		328803		162368		
20:54:32		506457		344213		162244		
20:54:34		514160		329348		184812		
20:54:36		501526		328990		172536		
20:54:38		498946		329138		169808		
20:54:40		525332		355152		170180		
20:54:42		505212		329452		175760		
20:54:44		525184		345208		179976		
20:54:46		532953		330285		202668		
20:54:48		524920		329940		194980		
20:54:50		522299		330047		192252		
20:54:52		525613		333609		192004		
20:54:54		526522		330922		195600		
20:54:56		533579		337979		195600		
20:54:58		532210		331154		201056		
20:55:00		532816		331264		201552		
20:55:02		530536		330844		199692		
20:55:04		529084		331004		198080		
20:55:06		536965		338637		198328		
20:55:08		541155		331915		209240		
20:55:10		542413		333173		209240		
20:55:12		542029		331921		210108		
20:55:13		540209		331837		208372		
