record in kb
time		total		used		free
[19:52:03]		1048572		0		1048572
[19:52:06]		1048572		0		1048572
[19:52:09]		1048572		0		1048572
[19:52:12]		1048572		0		1048572
[19:52:15]		1048572		0		1048572
[19:52:18]		1048572		0		1048572
[19:52:21]		1048572		0		1048572
[19:52:24]		1048572		0		1048572
[19:52:27]		1048572		0		1048572
[19:52:30]		1048572		0		1048572
[19:52:33]		1048572		0		1048572
[19:52:36]		1048572		0		1048572
[19:52:39]		1048572		0		1048572
[19:52:42]		1048572		0		1048572
[19:52:45]		1048572		0		1048572
[19:52:48]		1048572		0		1048572
[19:52:51]		1048572		0		1048572
[19:52:54]		1048572		0		1048572
[19:52:57]		1048572		0		1048572
[19:53:00]		1048572		0		1048572
[19:53:03]		1048572		0		1048572
[19:53:06]		1048572		0		1048572
[19:53:09]		1048572		0		1048572
[19:53:12]		1048572		0		1048572
[19:53:15]		1048572		0		1048572
[19:53:18]		1048572		0		1048572
[19:53:21]		1048572		0		1048572
[19:53:24]		1048572		0		1048572
[19:53:27]		1048572		0		1048572
[19:53:30]		1048572		0		1048572
[19:53:33]		1048572		0		1048572
[19:53:36]		1048572		0		1048572
[19:53:39]		1048572		0		1048572
[19:53:42]		1048572		0		1048572
[19:53:45]		1048572		0		1048572
[19:53:48]		1048572		0		1048572
[19:53:51]		1048572		0		1048572
[19:53:54]		1048572		0		1048572
[19:53:57]		1048572		0		1048572
[19:54:00]		1048572		0		1048572
[19:54:03]		1048572		0		1048572
[19:54:06]		1048572		0		1048572
[19:54:09]		1048572		0		1048572
[19:54:12]		1048572		0		1048572
[19:54:15]		1048572		0		1048572
[19:54:18]		1048572		0		1048572
[19:54:21]		1048572		0		1048572
[19:54:24]		1048572		0		1048572
[19:54:27]		1048572		0		1048572
[19:54:30]		1048572		0		1048572
[19:54:33]		1048572		0		1048572
[19:54:36]		1048572		0		1048572
[19:54:39]		1048572		0		1048572
[19:54:42]		1048572		0		1048572
[19:54:45]		1048572		0		1048572
[19:54:48]		1048572		0		1048572
[19:54:51]		1048572		0		1048572
[19:54:54]		1048572		0		1048572
[19:54:57]		1048572		0		1048572
[19:55:00]		1048572		0		1048572
[19:55:03]		1048572		0		1048572
[19:55:06]		1048572		0		1048572
[19:55:09]		1048572		0		1048572
[19:55:12]		1048572		0		1048572
[19:55:15]		1048572		0		1048572
[19:55:18]		1048572		0		1048572
[19:55:21]		1048572		0		1048572
[19:55:24]		1048572		0		1048572
[19:55:27]		1048572		0		1048572
[19:55:30]		1048572		0		1048572
[19:55:33]		1048572		0		1048572
[19:55:36]		1048572		0		1048572
[19:55:39]		1048572		0		1048572
[19:55:42]		1048572		0		1048572
[19:55:45]		1048572		0		1048572
[19:55:48]		1048572		0		1048572
[19:55:51]		1048572		0		1048572
[19:55:54]		1048572		0		1048572
[19:55:57]		1048572		0		1048572
[19:56:00]		1048572		0		1048572
[19:56:03]		1048572		0		1048572
[19:56:06]		1048572		0		1048572
[19:56:09]		1048572		0		1048572
[19:56:12]		1048572		0		1048572
[19:56:15]		1048572		0		1048572
[19:56:18]		1048572		0		1048572
[19:56:21]		1048572		0		1048572
[19:56:24]		1048572		0		1048572
[19:56:27]		1048572		0		1048572
[19:56:30]		1048572		0		1048572
[19:56:33]		1048572		0		1048572
[19:56:36]		1048572		0		1048572
[19:56:39]		1048572		0		1048572
[19:56:42]		1048572		0		1048572
[19:56:45]		1048572		0		1048572
[19:56:48]		1048572		0		1048572
[19:56:51]		1048572		0		1048572
[19:56:54]		1048572		0		1048572
[19:56:57]		1048572		0		1048572
[19:57:00]		1048572		0		1048572
[19:57:03]		1048572		0		1048572
[19:57:06]		1048572		0		1048572
[19:57:09]		1048572		0		1048572
[19:57:12]		1048572		0		1048572
[19:57:15]		1048572		0		1048572
[19:57:18]		1048572		0		1048572
[19:57:21]		1048572		0		1048572
[19:57:24]		1048572		0		1048572
[19:57:27]		1048572		0		1048572
[19:57:30]		1048572		0		1048572
[19:57:33]		1048572		0		1048572
[19:57:36]		1048572		0		1048572
[19:57:39]		1048572		0		1048572
[19:57:42]		1048572		0		1048572
[19:57:45]		1048572		0		1048572
[19:57:48]		1048572		0		1048572
[19:57:51]		1048572		0		1048572
[19:57:54]		1048572		0		1048572
[19:57:57]		1048572		0		1048572
[19:58:00]		1048572		0		1048572
[19:58:03]		1048572		0		1048572
[19:58:06]		1048572		0		1048572
[19:58:09]		1048572		0		1048572
[19:58:12]		1048572		0		1048572
[19:58:15]		1048572		0		1048572
[19:58:18]		1048572		0		1048572
[19:58:21]		1048572		0		1048572
[19:58:24]		1048572		0		1048572
[19:58:27]		1048572		0		1048572
[19:58:30]		1048572		0		1048572
[19:58:33]		1048572		0		1048572
[19:58:36]		1048572		0		1048572
[19:58:39]		1048572		0		1048572
[19:58:42]		1048572		0		1048572
[19:58:45]		1048572		0		1048572
[19:58:48]		1048572		0		1048572
[19:58:51]		1048572		0		1048572
[19:58:54]		1048572		0		1048572
[19:58:57]		1048572		0		1048572
[19:59:00]		1048572		0		1048572
[19:59:03]		1048572		0		1048572
[19:59:06]		1048572		0		1048572
[19:59:09]		1048572		0		1048572
[19:59:12]		1048572		0		1048572
[19:59:15]		1048572		0		1048572
[19:59:18]		1048572		108		1048464
[19:59:21]		1048572		108		1048464
[19:59:24]		1048572		108		1048464
[19:59:27]		1048572		108		1048464
[19:59:30]		1048572		108		1048464
[19:59:33]		1048572		108		1048464
[19:59:36]		1048572		108		1048464
[19:59:39]		1048572		108		1048464
[19:59:42]		1048572		108		1048464
[19:59:45]		1048572		108		1048464
[19:59:48]		1048572		108		1048464
[19:59:51]		1048572		108		1048464
[19:59:54]		1048572		108		1048464
[19:59:57]		1048572		108		1048464
[20:00:00]		1048572		108		1048464
[20:00:03]		1048572		108		1048464
[20:00:06]		1048572		108		1048464
[20:00:09]		1048572		108		1048464
[20:00:12]		1048572		108		1048464
[20:00:15]		1048572		108		1048464
[20:00:18]		1048572		108		1048464
[20:00:21]		1048572		108		1048464
[20:00:24]		1048572		108		1048464
[20:00:27]		1048572		108		1048464
[20:00:30]		1048572		108		1048464
[20:00:33]		1048572		108		1048464
[20:00:36]		1048572		108		1048464
[20:00:39]		1048572		108		1048464
[20:00:42]		1048572		108		1048464
[20:00:45]		1048572		108		1048464
[20:00:48]		1048572		108		1048464
[20:00:51]		1048572		108		1048464
[20:00:54]		1048572		108		1048464
[20:00:57]		1048572		108		1048464
[20:01:00]		1048572		108		1048464
[20:01:03]		1048572		108		1048464
[20:01:06]		1048572		108		1048464
[20:01:09]		1048572		108		1048464
[20:01:12]		1048572		108		1048464
[20:01:15]		1048572		108		1048464
[20:01:18]		1048572		108		1048464
[20:01:21]		1048572		108		1048464
[20:01:24]		1048572		108		1048464
[20:01:27]		1048572		108		1048464
[20:01:30]		1048572		108		1048464
[20:01:33]		1048572		108		1048464
[20:01:36]		1048572		108		1048464
[20:01:39]		1048572		108		1048464
[20:01:42]		1048572		108		1048464
[20:01:45]		1048572		108		1048464
[20:01:48]		1048572		108		1048464
[20:01:51]		1048572		108		1048464
[20:01:54]		1048572		108		1048464
[20:01:57]		1048572		108		1048464
[20:02:00]		1048572		108		1048464
[20:02:03]		1048572		108		1048464
[20:02:06]		1048572		108		1048464
[20:02:09]		1048572		108		1048464
[20:02:12]		1048572		108		1048464
[20:02:15]		1048572		108		1048464
[20:02:18]		1048572		108		1048464
[20:02:21]		1048572		108		1048464
[20:02:24]		1048572		108		1048464
[20:02:27]		1048572		108		1048464
[20:02:30]		1048572		108		1048464
[20:02:33]		1048572		108		1048464
[20:02:36]		1048572		108		1048464
[20:02:39]		1048572		108		1048464
[20:02:42]		1048572		108		1048464
[20:02:45]		1048572		108		1048464
[20:02:48]		1048572		108		1048464
[20:02:51]		1048572		108		1048464
[20:02:54]		1048572		108		1048464
[20:02:57]		1048572		108		1048464
[20:03:00]		1048572		108		1048464
[20:03:03]		1048572		108		1048464
[20:03:06]		1048572		108		1048464
[20:03:09]		1048572		108		1048464
[20:03:12]		1048572		108		1048464
[20:03:15]		1048572		108		1048464
[20:03:18]		1048572		108		1048464
[20:03:21]		1048572		108		1048464
[20:03:24]		1048572		108		1048464
[20:03:27]		1048572		108		1048464
[20:03:30]		1048572		108		1048464
[20:03:33]		1048572		108		1048464
[20:03:36]		1048572		108		1048464
[20:03:39]		1048572		108		1048464
[20:03:42]		1048572		108		1048464
[20:03:45]		1048572		108		1048464
[20:03:48]		1048572		108		1048464
[20:03:51]		1048572		108		1048464
[20:03:54]		1048572		108		1048464
[20:03:57]		1048572		108		1048464
[20:04:00]		1048572		108		1048464
[20:04:03]		1048572		108		1048464
[20:04:06]		1048572		108		1048464
[20:04:09]		1048572		108		1048464
[20:04:12]		1048572		108		1048464
[20:04:15]		1048572		108		1048464
[20:04:18]		1048572		108		1048464
[20:04:21]		1048572		108		1048464
[20:04:24]		1048572		108		1048464
[20:04:27]		1048572		108		1048464
[20:04:30]		1048572		108		1048464
[20:04:33]		1048572		108		1048464
[20:04:36]		1048572		108		1048464
[20:04:39]		1048572		108		1048464
[20:04:42]		1048572		108		1048464
[20:04:45]		1048572		108		1048464
[20:04:48]		1048572		108		1048464
[20:04:51]		1048572		108		1048464
[20:04:54]		1048572		108		1048464
[20:04:57]		1048572		108		1048464
[20:05:00]		1048572		108		1048464
[20:05:03]		1048572		108		1048464
[20:05:06]		1048572		108		1048464
[20:05:09]		1048572		108		1048464
[20:05:12]		1048572		108		1048464
[20:05:15]		1048572		108		1048464
[20:05:18]		1048572		108		1048464
[20:05:21]		1048572		108		1048464
[20:05:24]		1048572		108		1048464
[20:05:27]		1048572		108		1048464
[20:05:30]		1048572		108		1048464
[20:05:33]		1048572		108		1048464
[20:05:36]		1048572		108		1048464
[20:05:39]		1048572		108		1048464
[20:05:42]		1048572		108		1048464
[20:05:45]		1048572		108		1048464
[20:05:48]		1048572		108		1048464
[20:05:51]		1048572		108		1048464
[20:05:54]		1048572		108		1048464
[20:05:57]		1048572		108		1048464
[20:06:00]		1048572		108		1048464
[20:06:03]		1048572		108		1048464
[20:06:06]		1048572		108		1048464
[20:06:09]		1048572		108		1048464
[20:06:12]		1048572		108		1048464
[20:06:15]		1048572		108		1048464
[20:06:18]		1048572		108		1048464
[20:06:21]		1048572		108		1048464
[20:06:24]		1048572		108		1048464
[20:06:27]		1048572		108		1048464
[20:06:30]		1048572		108		1048464
[20:06:33]		1048572		108		1048464
[20:06:36]		1048572		108		1048464
[20:06:39]		1048572		108		1048464
[20:06:42]		1048572		108		1048464
[20:06:45]		1048572		108		1048464
[20:06:49]		1048572		108		1048464
[20:06:52]		1048572		108		1048464
[20:06:55]		1048572		108		1048464
[20:06:58]		1048572		108		1048464
[20:07:01]		1048572		108		1048464
[20:07:04]		1048572		108		1048464
[20:07:07]		1048572		108		1048464
[20:07:10]		1048572		108		1048464
[20:07:13]		1048572		108		1048464
[20:07:16]		1048572		108		1048464
[20:07:19]		1048572		108		1048464
[20:07:22]		1048572		108		1048464
[20:07:25]		1048572		108		1048464
[20:07:28]		1048572		108		1048464
[20:07:31]		1048572		108		1048464
[20:07:34]		1048572		108		1048464
[20:07:37]		1048572		108		1048464
[20:07:40]		1048572		108		1048464
[20:07:43]		1048572		108		1048464
[20:07:46]		1048572		108		1048464
[20:07:49]		1048572		108		1048464
[20:07:52]		1048572		108		1048464
[20:07:55]		1048572		108		1048464
[20:07:58]		1048572		108		1048464
[20:08:01]		1048572		108		1048464
[20:08:04]		1048572		108		1048464
[20:08:07]		1048572		108		1048464
[20:08:10]		1048572		108		1048464
[20:08:13]		1048572		108		1048464
[20:08:16]		1048572		108		1048464
[20:08:19]		1048572		108		1048464
[20:08:22]		1048572		108		1048464
[20:08:25]		1048572		108		1048464
[20:08:28]		1048572		108		1048464
[20:08:31]		1048572		108		1048464
[20:08:34]		1048572		108		1048464
[20:08:37]		1048572		108		1048464
[20:08:40]		1048572		108		1048464
[20:08:43]		1048572		108		1048464
[20:08:46]		1048572		108		1048464
[20:08:49]		1048572		108		1048464
[20:08:52]		1048572		108		1048464
[20:08:55]		1048572		108		1048464
[20:08:58]		1048572		108		1048464
[20:09:01]		1048572		108		1048464
[20:09:04]		1048572		108		1048464
[20:09:07]		1048572		108		1048464
[20:09:10]		1048572		108		1048464
[20:09:13]		1048572		108		1048464
[20:09:16]		1048572		108		1048464
[20:09:19]		1048572		108		1048464
[20:09:22]		1048572		108		1048464
[20:09:25]		1048572		108		1048464
[20:09:28]		1048572		108		1048464
[20:09:31]		1048572		108		1048464
[20:09:34]		1048572		108		1048464
[20:09:37]		1048572		108		1048464
[20:09:40]		1048572		108		1048464
[20:09:43]		1048572		108		1048464
[20:09:46]		1048572		108		1048464
[20:09:49]		1048572		108		1048464
[20:09:52]		1048572		108		1048464
[20:09:55]		1048572		108		1048464
[20:09:58]		1048572		108		1048464
[20:10:01]		1048572		108		1048464
[20:10:04]		1048572		108		1048464
[20:10:07]		1048572		108		1048464
[20:10:10]		1048572		108		1048464
[20:10:13]		1048572		108		1048464
[20:10:16]		1048572		108		1048464
[20:10:19]		1048572		108		1048464
[20:10:22]		1048572		108		1048464
[20:10:25]		1048572		108		1048464
[20:10:28]		1048572		108		1048464
[20:10:31]		1048572		108		1048464
[20:10:34]		1048572		108		1048464
[20:10:37]		1048572		108		1048464
[20:10:40]		1048572		108		1048464
[20:10:43]		1048572		108		1048464
[20:10:46]		1048572		108		1048464
[20:10:49]		1048572		108		1048464
[20:10:52]		1048572		212		1048360
[20:10:55]		1048572		212		1048360
[20:10:58]		1048572		212		1048360
[20:11:01]		1048572		212		1048360
[20:11:04]		1048572		212		1048360
[20:11:07]		1048572		212		1048360
[20:11:10]		1048572		212		1048360
[20:11:13]		1048572		212		1048360
[20:11:16]		1048572		212		1048360
[20:11:19]		1048572		212		1048360
[20:11:22]		1048572		212		1048360
[20:11:25]		1048572		212		1048360
[20:11:28]		1048572		212		1048360
[20:11:31]		1048572		212		1048360
[20:11:34]		1048572		212		1048360
[20:11:37]		1048572		212		1048360
[20:11:40]		1048572		212		1048360
[20:11:43]		1048572		212		1048360
[20:11:46]		1048572		212		1048360
[20:11:49]		1048572		212		1048360
[20:11:52]		1048572		212		1048360
[20:11:55]		1048572		212		1048360
[20:11:58]		1048572		212		1048360
[20:12:01]		1048572		212		1048360
[20:12:04]		1048572		212		1048360
[20:12:07]		1048572		212		1048360
[20:12:10]		1048572		212		1048360
[20:12:13]		1048572		212		1048360
[20:12:16]		1048572		212		1048360
[20:12:19]		1048572		212		1048360
[20:12:22]		1048572		212		1048360
[20:12:25]		1048572		212		1048360
[20:12:28]		1048572		212		1048360
[20:12:31]		1048572		212		1048360
[20:12:34]		1048572		212		1048360
[20:12:37]		1048572		212		1048360
[20:12:40]		1048572		212		1048360
[20:12:43]		1048572		212		1048360
[20:12:46]		1048572		212		1048360
[20:12:49]		1048572		212		1048360
[20:12:52]		1048572		212		1048360
[20:12:55]		1048572		212		1048360
[20:12:58]		1048572		212		1048360
[20:13:01]		1048572		212		1048360
[20:13:04]		1048572		212		1048360
[20:13:07]		1048572		212		1048360
[20:13:10]		1048572		212		1048360
[20:13:13]		1048572		212		1048360
[20:13:16]		1048572		212		1048360
[20:13:19]		1048572		212		1048360
[20:13:22]		1048572		212		1048360
[20:13:25]		1048572		212		1048360
[20:13:28]		1048572		212		1048360
[20:13:31]		1048572		212		1048360
[20:13:34]		1048572		212		1048360
[20:13:37]		1048572		212		1048360
[20:13:40]		1048572		212		1048360
[20:13:43]		1048572		212		1048360
[20:13:46]		1048572		212		1048360
[20:13:49]		1048572		212		1048360
[20:13:52]		1048572		212		1048360
[20:13:55]		1048572		212		1048360
[20:13:58]		1048572		212		1048360
[20:14:01]		1048572		212		1048360
[20:14:04]		1048572		212		1048360
[20:14:07]		1048572		212		1048360
[20:14:10]		1048572		212		1048360
[20:14:13]		1048572		212		1048360
[20:14:16]		1048572		212		1048360
[20:14:19]		1048572		212		1048360
[20:14:22]		1048572		212		1048360
[20:14:25]		1048572		212		1048360
[20:14:28]		1048572		212		1048360
[20:14:31]		1048572		212		1048360
[20:14:34]		1048572		212		1048360
[20:14:37]		1048572		212		1048360
[20:14:40]		1048572		212		1048360
[20:14:43]		1048572		212		1048360
[20:14:46]		1048572		212		1048360
[20:14:49]		1048572		212		1048360
[20:14:52]		1048572		212		1048360
[20:14:55]		1048572		212		1048360
[20:14:58]		1048572		212		1048360
[20:15:01]		1048572		212		1048360
[20:15:04]		1048572		212		1048360
[20:15:07]		1048572		212		1048360
[20:15:10]		1048572		212		1048360
[20:15:13]		1048572		212		1048360
[20:15:16]		1048572		212		1048360
[20:15:19]		1048572		212		1048360
[20:15:22]		1048572		212		1048360
[20:15:25]		1048572		212		1048360
[20:15:28]		1048572		212		1048360
[20:15:31]		1048572		212		1048360
[20:15:34]		1048572		212		1048360
[20:15:37]		1048572		212		1048360
[20:15:40]		1048572		212		1048360
[20:15:43]		1048572		212		1048360
[20:15:46]		1048572		212		1048360
[20:15:49]		1048572		212		1048360
[20:15:52]		1048572		212		1048360
[20:15:55]		1048572		212		1048360
[20:15:58]		1048572		212		1048360
[20:16:01]		1048572		212		1048360
[20:16:04]		1048572		212		1048360
[20:16:07]		1048572		212		1048360
[20:16:10]		1048572		212		1048360
[20:16:13]		1048572		212		1048360
[20:16:16]		1048572		212		1048360
[20:16:19]		1048572		212		1048360
[20:16:22]		1048572		212		1048360
[20:16:25]		1048572		212		1048360
[20:16:28]		1048572		212		1048360
[20:16:31]		1048572		212		1048360
[20:16:34]		1048572		212		1048360
[20:16:37]		1048572		212		1048360
[20:16:40]		1048572		212		1048360
[20:16:43]		1048572		212		1048360
[20:16:46]		1048572		212		1048360
[20:16:49]		1048572		212		1048360
[20:16:52]		1048572		212		1048360
[20:16:55]		1048572		212		1048360
[20:16:58]		1048572		212		1048360
[20:17:01]		1048572		212		1048360
[20:17:04]		1048572		212		1048360
[20:17:07]		1048572		212		1048360
[20:17:10]		1048572		212		1048360
[20:17:13]		1048572		212		1048360
[20:17:16]		1048572		212		1048360
[20:17:19]		1048572		212		1048360
[20:17:22]		1048572		212		1048360
[20:17:25]		1048572		212		1048360
[20:17:28]		1048572		212		1048360
[20:17:31]		1048572		212		1048360
[20:17:34]		1048572		212		1048360
[20:17:37]		1048572		212		1048360
[20:17:40]		1048572		212		1048360
[20:17:43]		1048572		212		1048360
[20:17:46]		1048572		212		1048360
[20:17:49]		1048572		212		1048360
[20:17:52]		1048572		212		1048360
[20:17:55]		1048572		212		1048360
[20:17:58]		1048572		212		1048360
[20:18:01]		1048572		212		1048360
[20:18:04]		1048572		212		1048360
[20:18:07]		1048572		212		1048360
[20:18:10]		1048572		212		1048360
[20:18:13]		1048572		212		1048360
[20:18:16]		1048572		212		1048360
[20:18:19]		1048572		212		1048360
[20:18:22]		1048572		212		1048360
[20:18:25]		1048572		212		1048360
[20:18:28]		1048572		212		1048360
[20:18:31]		1048572		212		1048360
[20:18:34]		1048572		212		1048360
[20:18:37]		1048572		212		1048360
[20:18:40]		1048572		212		1048360
[20:18:43]		1048572		212		1048360
[20:18:46]		1048572		212		1048360
[20:18:49]		1048572		212		1048360
[20:18:52]		1048572		212		1048360
[20:18:55]		1048572		212		1048360
[20:18:58]		1048572		212		1048360
[20:19:01]		1048572		212		1048360
[20:19:04]		1048572		212		1048360
[20:19:07]		1048572		212		1048360
[20:19:10]		1048572		212		1048360
[20:19:13]		1048572		212		1048360
[20:19:16]		1048572		212		1048360
[20:19:19]		1048572		212		1048360
[20:19:22]		1048572		212		1048360
[20:19:25]		1048572		212		1048360
[20:19:28]		1048572		212		1048360
[20:19:31]		1048572		212		1048360
[20:19:34]		1048572		212		1048360
[20:19:37]		1048572		212		1048360
[20:19:40]		1048572		212		1048360
[20:19:43]		1048572		212		1048360
[20:19:46]		1048572		212		1048360
[20:19:49]		1048572		212		1048360
[20:19:52]		1048572		212		1048360
[20:19:55]		1048572		212		1048360
[20:19:58]		1048572		212		1048360
[20:20:01]		1048572		212		1048360
[20:20:04]		1048572		212		1048360
[20:20:07]		1048572		212		1048360
[20:20:10]		1048572		212		1048360
[20:20:13]		1048572		212		1048360
[20:20:16]		1048572		212		1048360
[20:20:19]		1048572		212		1048360
[20:20:22]		1048572		212		1048360
[20:20:25]		1048572		212		1048360
[20:20:28]		1048572		212		1048360
[20:20:31]		1048572		212		1048360
[20:20:34]		1048572		212		1048360
[20:20:37]		1048572		212		1048360
[20:20:40]		1048572		212		1048360
[20:20:43]		1048572		212		1048360
[20:20:46]		1048572		212		1048360
[20:20:49]		1048572		212		1048360
[20:20:52]		1048572		212		1048360
[20:20:55]		1048572		212		1048360
[20:20:58]		1048572		212		1048360
[20:21:01]		1048572		212		1048360
[20:21:04]		1048572		212		1048360
[20:21:07]		1048572		212		1048360
[20:21:10]		1048572		212		1048360
[20:21:13]		1048572		212		1048360
[20:21:16]		1048572		212		1048360
[20:21:19]		1048572		212		1048360
[20:21:22]		1048572		212		1048360
[20:21:26]		1048572		212		1048360
[20:21:29]		1048572		212		1048360
[20:21:32]		1048572		212		1048360
[20:21:35]		1048572		212		1048360
[20:21:38]		1048572		212		1048360
[20:21:41]		1048572		212		1048360
[20:21:44]		1048572		212		1048360
[20:21:47]		1048572		212		1048360
[20:21:50]		1048572		212		1048360
[20:21:53]		1048572		212		1048360
[20:21:56]		1048572		212		1048360
[20:21:59]		1048572		212		1048360
[20:22:02]		1048572		212		1048360
[20:22:05]		1048572		212		1048360
[20:22:08]		1048572		212		1048360
[20:22:11]		1048572		212		1048360
[20:22:14]		1048572		212		1048360
[20:22:17]		1048572		212		1048360
[20:22:20]		1048572		212		1048360
[20:22:23]		1048572		212		1048360
[20:22:26]		1048572		212		1048360
[20:22:29]		1048572		212		1048360
[20:22:32]		1048572		212		1048360
[20:22:35]		1048572		212		1048360
[20:22:38]		1048572		212		1048360
[20:22:41]		1048572		212		1048360
[20:22:44]		1048572		212		1048360
[20:22:47]		1048572		212		1048360
[20:22:50]		1048572		212		1048360
[20:22:53]		1048572		212		1048360
[20:22:56]		1048572		212		1048360
[20:22:59]		1048572		212		1048360
[20:23:02]		1048572		212		1048360
[20:23:05]		1048572		212		1048360
[20:23:08]		1048572		212		1048360
[20:23:11]		1048572		212		1048360
[20:23:14]		1048572		212		1048360
[20:23:17]		1048572		212		1048360
[20:23:20]		1048572		212		1048360
[20:23:23]		1048572		212		1048360
[20:23:26]		1048572		212		1048360
[20:23:29]		1048572		212		1048360
[20:23:32]		1048572		212		1048360
[20:23:35]		1048572		212		1048360
[20:23:38]		1048572		212		1048360
[20:23:41]		1048572		212		1048360
[20:23:44]		1048572		212		1048360
[20:23:47]		1048572		212		1048360
[20:23:50]		1048572		212		1048360
[20:23:53]		1048572		212		1048360
[20:23:56]		1048572		212		1048360
[20:23:59]		1048572		212		1048360
[20:24:02]		1048572		212		1048360
[20:24:05]		1048572		212		1048360
[20:24:08]		1048572		212		1048360
[20:24:11]		1048572		212		1048360
[20:24:14]		1048572		212		1048360
[20:24:17]		1048572		212		1048360
[20:24:20]		1048572		212		1048360
[20:24:23]		1048572		212		1048360
[20:24:26]		1048572		212		1048360
[20:24:29]		1048572		212		1048360
[20:24:32]		1048572		212		1048360
[20:24:35]		1048572		212		1048360
[20:24:38]		1048572		212		1048360
[20:24:41]		1048572		212		1048360
[20:24:44]		1048572		212		1048360
[20:24:47]		1048572		212		1048360
[20:24:50]		1048572		212		1048360
[20:24:53]		1048572		212		1048360
[20:24:56]		1048572		212		1048360
[20:24:59]		1048572		212		1048360
[20:25:02]		1048572		212		1048360
[20:25:05]		1048572		212		1048360
[20:25:08]		1048572		212		1048360
[20:25:11]		1048572		212		1048360
[20:25:14]		1048572		212		1048360
[20:25:17]		1048572		212		1048360
[20:25:20]		1048572		212		1048360
[20:25:23]		1048572		212		1048360
[20:25:26]		1048572		212		1048360
[20:25:29]		1048572		212		1048360
[20:25:32]		1048572		212		1048360
[20:25:35]		1048572		212		1048360
[20:25:38]		1048572		212		1048360
[20:25:41]		1048572		212		1048360
[20:25:44]		1048572		212		1048360
[20:25:47]		1048572		212		1048360
[20:25:50]		1048572		212		1048360
[20:25:53]		1048572		212		1048360
[20:25:56]		1048572		212		1048360
[20:25:59]		1048572		212		1048360
[20:26:02]		1048572		212		1048360
[20:26:05]		1048572		212		1048360
[20:26:08]		1048572		212		1048360
[20:26:11]		1048572		212		1048360
[20:26:14]		1048572		212		1048360
[20:26:17]		1048572		212		1048360
[20:26:20]		1048572		212		1048360
[20:26:23]		1048572		212		1048360
[20:26:26]		1048572		212		1048360
[20:26:29]		1048572		212		1048360
[20:26:32]		1048572		212		1048360
[20:26:35]		1048572		212		1048360
[20:26:38]		1048572		212		1048360
[20:26:41]		1048572		212		1048360
[20:26:44]		1048572		212		1048360
[20:26:47]		1048572		212		1048360
[20:26:50]		1048572		212		1048360
[20:26:53]		1048572		212		1048360
[20:26:56]		1048572		212		1048360
[20:26:59]		1048572		212		1048360
[20:27:02]		1048572		212		1048360
[20:27:05]		1048572		212		1048360
[20:27:08]		1048572		212		1048360
[20:27:11]		1048572		212		1048360
[20:27:14]		1048572		212		1048360
[20:27:17]		1048572		212		1048360
[20:27:20]		1048572		212		1048360
[20:27:23]		1048572		212		1048360
[20:27:26]		1048572		212		1048360
[20:27:29]		1048572		212		1048360
[20:27:32]		1048572		212		1048360
[20:27:35]		1048572		212		1048360
[20:27:38]		1048572		212		1048360
[20:27:41]		1048572		212		1048360
[20:27:44]		1048572		212		1048360
[20:27:47]		1048572		212		1048360
[20:27:50]		1048572		212		1048360
[20:27:53]		1048572		212		1048360
[20:27:56]		1048572		212		1048360
[20:27:59]		1048572		212		1048360
[20:28:02]		1048572		212		1048360
[20:28:05]		1048572		212		1048360
[20:28:08]		1048572		212		1048360
[20:28:11]		1048572		212		1048360
[20:28:14]		1048572		212		1048360
[20:28:17]		1048572		212		1048360
[20:28:20]		1048572		212		1048360
[20:28:23]		1048572		212		1048360
[20:28:26]		1048572		212		1048360
[20:28:29]		1048572		212		1048360
[20:28:32]		1048572		212		1048360
[20:28:35]		1048572		212		1048360
[20:28:38]		1048572		212		1048360
[20:28:41]		1048572		212		1048360
[20:28:44]		1048572		212		1048360
[20:28:47]		1048572		212		1048360
[20:28:51]		1048572		212		1048360
[20:28:54]		1048572		212		1048360
[20:28:57]		1048572		212		1048360
[20:29:00]		1048572		212		1048360
[20:29:03]		1048572		212		1048360
[20:29:06]		1048572		212		1048360
[20:29:09]		1048572		212		1048360
[20:29:12]		1048572		212		1048360
[20:29:15]		1048572		212		1048360
[20:29:18]		1048572		212		1048360
[20:29:21]		1048572		212		1048360
[20:29:24]		1048572		212		1048360
[20:29:27]		1048572		212		1048360
[20:29:30]		1048572		212		1048360
[20:29:33]		1048572		212		1048360
[20:29:36]		1048572		212		1048360
[20:29:39]		1048572		212		1048360
[20:29:42]		1048572		212		1048360
[20:29:45]		1048572		212		1048360
[20:29:48]		1048572		212		1048360
[20:29:51]		1048572		212		1048360
[20:29:54]		1048572		212		1048360
[20:29:57]		1048572		212		1048360
[20:30:00]		1048572		212		1048360
[20:30:03]		1048572		212		1048360
[20:30:06]		1048572		212		1048360
[20:30:09]		1048572		212		1048360
[20:30:12]		1048572		212		1048360
[20:30:15]		1048572		212		1048360
[20:30:18]		1048572		212		1048360
[20:30:21]		1048572		212		1048360
[20:30:24]		1048572		212		1048360
[20:30:27]		1048572		212		1048360
[20:30:30]		1048572		212		1048360
[20:30:33]		1048572		212		1048360
[20:30:36]		1048572		212		1048360
[20:30:39]		1048572		212		1048360
[20:30:42]		1048572		212		1048360
[20:30:45]		1048572		212		1048360
[20:30:48]		1048572		212		1048360
[20:30:51]		1048572		212		1048360
[20:30:54]		1048572		212		1048360
[20:30:57]		1048572		212		1048360
[20:31:00]		1048572		212		1048360
[20:31:03]		1048572		212		1048360
[20:31:06]		1048572		212		1048360
[20:31:09]		1048572		212		1048360
[20:31:12]		1048572		212		1048360
[20:31:15]		1048572		212		1048360
[20:31:18]		1048572		212		1048360
[20:31:21]		1048572		212		1048360
[20:31:24]		1048572		212		1048360
[20:31:27]		1048572		212		1048360
[20:31:30]		1048572		212		1048360
[20:31:33]		1048572		212		1048360
[20:31:36]		1048572		212		1048360
[20:31:39]		1048572		212		1048360
[20:31:42]		1048572		212		1048360
[20:31:45]		1048572		212		1048360
[20:31:48]		1048572		212		1048360
[20:31:51]		1048572		212		1048360
[20:31:54]		1048572		212		1048360
[20:31:57]		1048572		212		1048360
[20:32:00]		1048572		212		1048360
[20:32:03]		1048572		212		1048360
[20:32:06]		1048572		212		1048360
[20:32:09]		1048572		212		1048360
[20:32:12]		1048572		212		1048360
[20:32:15]		1048572		212		1048360
[20:32:18]		1048572		212		1048360
[20:32:21]		1048572		212		1048360
[20:32:24]		1048572		212		1048360
[20:32:27]		1048572		212		1048360
[20:32:30]		1048572		212		1048360
[20:32:33]		1048572		212		1048360
[20:32:36]		1048572		212		1048360
[20:32:39]		1048572		212		1048360
[20:32:42]		1048572		212		1048360
[20:32:45]		1048572		212		1048360
[20:32:48]		1048572		212		1048360
[20:32:51]		1048572		212		1048360
[20:32:54]		1048572		212		1048360
[20:32:57]		1048572		212		1048360
[20:33:00]		1048572		212		1048360
[20:33:03]		1048572		212		1048360
[20:33:06]		1048572		212		1048360
[20:33:09]		1048572		212		1048360
[20:33:12]		1048572		212		1048360
[20:33:15]		1048572		212		1048360
[20:33:18]		1048572		212		1048360
[20:33:21]		1048572		212		1048360
[20:33:24]		1048572		212		1048360
[20:33:27]		1048572		212		1048360
[20:33:30]		1048572		212		1048360
[20:33:33]		1048572		212		1048360
[20:33:36]		1048572		212		1048360
[20:33:39]		1048572		212		1048360
[20:33:42]		1048572		212		1048360
[20:33:45]		1048572		212		1048360
[20:33:48]		1048572		212		1048360
[20:33:51]		1048572		212		1048360
[20:33:54]		1048572		212		1048360
[20:33:57]		1048572		212		1048360
[20:34:00]		1048572		212		1048360
[20:34:03]		1048572		212		1048360
[20:34:06]		1048572		212		1048360
[20:34:09]		1048572		212		1048360
[20:34:12]		1048572		212		1048360
[20:34:15]		1048572		212		1048360
[20:34:18]		1048572		212		1048360
[20:34:21]		1048572		212		1048360
[20:34:24]		1048572		212		1048360
[20:34:27]		1048572		212		1048360
[20:34:30]		1048572		212		1048360
[20:34:33]		1048572		212		1048360
[20:34:36]		1048572		212		1048360
[20:34:39]		1048572		212		1048360
[20:34:42]		1048572		212		1048360
[20:34:45]		1048572		212		1048360
[20:34:48]		1048572		212		1048360
[20:34:51]		1048572		212		1048360
[20:34:54]		1048572		212		1048360
[20:34:57]		1048572		212		1048360
[20:35:00]		1048572		212		1048360
[20:35:03]		1048572		212		1048360
[20:35:06]		1048572		212		1048360
[20:35:09]		1048572		212		1048360
[20:35:12]		1048572		212		1048360
[20:35:15]		1048572		212		1048360
[20:35:18]		1048572		212		1048360
[20:35:21]		1048572		212		1048360
[20:35:24]		1048572		212		1048360
[20:35:27]		1048572		212		1048360
[20:35:30]		1048572		212		1048360
[20:35:33]		1048572		212		1048360
[20:35:36]		1048572		212		1048360
[20:35:39]		1048572		212		1048360
[20:35:42]		1048572		212		1048360
[20:35:45]		1048572		212		1048360
[20:35:48]		1048572		212		1048360
[20:35:51]		1048572		212		1048360
[20:35:54]		1048572		212		1048360
[20:35:57]		1048572		212		1048360
[20:36:00]		1048572		212		1048360
[20:36:03]		1048572		212		1048360
[20:36:06]		1048572		212		1048360
[20:36:09]		1048572		212		1048360
[20:36:12]		1048572		212		1048360
[20:36:15]		1048572		212		1048360
[20:36:18]		1048572		212		1048360
[20:36:21]		1048572		212		1048360
[20:36:24]		1048572		212		1048360
[20:36:27]		1048572		212		1048360
[20:36:30]		1048572		212		1048360
[20:36:33]		1048572		212		1048360
[20:36:36]		1048572		212		1048360
[20:36:39]		1048572		212		1048360
[20:36:42]		1048572		212		1048360
[20:36:45]		1048572		212		1048360
[20:36:48]		1048572		212		1048360
[20:36:51]		1048572		212		1048360
[20:36:54]		1048572		212		1048360
[20:36:57]		1048572		212		1048360
[20:37:00]		1048572		212		1048360
[20:37:03]		1048572		212		1048360
[20:37:06]		1048572		212		1048360
[20:37:09]		1048572		212		1048360
[20:37:12]		1048572		212		1048360
[20:37:15]		1048572		212		1048360
[20:37:18]		1048572		212		1048360
[20:37:21]		1048572		212		1048360
[20:37:24]		1048572		212		1048360
[20:37:27]		1048572		212		1048360
[20:37:30]		1048572		212		1048360
[20:37:33]		1048572		212		1048360
[20:37:36]		1048572		212		1048360
[20:37:39]		1048572		212		1048360
[20:37:42]		1048572		212		1048360
[20:37:45]		1048572		212		1048360
[20:37:48]		1048572		212		1048360
[20:37:51]		1048572		212		1048360
[20:37:54]		1048572		212		1048360
[20:37:57]		1048572		212		1048360
[20:38:00]		1048572		212		1048360
[20:38:03]		1048572		212		1048360
[20:38:06]		1048572		212		1048360
[20:38:09]		1048572		212		1048360
[20:38:12]		1048572		212		1048360
[20:38:15]		1048572		212		1048360
[20:38:18]		1048572		212		1048360
[20:38:21]		1048572		212		1048360
[20:38:24]		1048572		212		1048360
[20:38:28]		1048572		212		1048360
[20:38:31]		1048572		212		1048360
[20:38:34]		1048572		212		1048360
[20:38:37]		1048572		212		1048360
[20:38:40]		1048572		212		1048360
[20:38:43]		1048572		212		1048360
[20:38:46]		1048572		212		1048360
[20:38:49]		1048572		212		1048360
[20:38:52]		1048572		212		1048360
[20:38:55]		1048572		212		1048360
[20:38:58]		1048572		212		1048360
[20:39:01]		1048572		212		1048360
[20:39:04]		1048572		212		1048360
[20:39:07]		1048572		212		1048360
[20:39:10]		1048572		212		1048360
[20:39:13]		1048572		212		1048360
[20:39:16]		1048572		212		1048360
[20:39:19]		1048572		212		1048360
[20:39:22]		1048572		212		1048360
[20:39:25]		1048572		212		1048360
[20:39:28]		1048572		212		1048360
[20:39:31]		1048572		212		1048360
[20:39:34]		1048572		212		1048360
[20:39:37]		1048572		212		1048360
[20:39:40]		1048572		212		1048360
[20:39:43]		1048572		212		1048360
[20:39:46]		1048572		212		1048360
[20:39:49]		1048572		212		1048360
[20:39:52]		1048572		212		1048360
[20:39:55]		1048572		212		1048360
[20:39:58]		1048572		212		1048360
[20:40:01]		1048572		212		1048360
[20:40:04]		1048572		212		1048360
[20:40:07]		1048572		212		1048360
[20:40:10]		1048572		212		1048360
[20:40:13]		1048572		212		1048360
[20:40:16]		1048572		212		1048360
[20:40:19]		1048572		212		1048360
[20:40:22]		1048572		212		1048360
[20:40:25]		1048572		212		1048360
[20:40:28]		1048572		212		1048360
[20:40:31]		1048572		212		1048360
[20:40:34]		1048572		212		1048360
[20:40:37]		1048572		212		1048360
[20:40:40]		1048572		212		1048360
[20:40:43]		1048572		212		1048360
[20:40:46]		1048572		212		1048360
[20:40:49]		1048572		212		1048360
[20:40:52]		1048572		212		1048360
[20:40:55]		1048572		212		1048360
[20:40:58]		1048572		212		1048360
[20:41:01]		1048572		212		1048360
[20:41:04]		1048572		212		1048360
[20:41:07]		1048572		284		1048288
[20:41:10]		1048572		284		1048288
[20:41:13]		1048572		284		1048288
[20:41:16]		1048572		284		1048288
[20:41:19]		1048572		284		1048288
[20:41:22]		1048572		284		1048288
[20:41:25]		1048572		284		1048288
[20:41:28]		1048572		284		1048288
[20:41:31]		1048572		284		1048288
[20:41:34]		1048572		284		1048288
[20:41:37]		1048572		284		1048288
[20:41:40]		1048572		284		1048288
[20:41:43]		1048572		284		1048288
[20:41:46]		1048572		284		1048288
[20:41:49]		1048572		284		1048288
[20:41:52]		1048572		284		1048288
[20:41:55]		1048572		284		1048288
[20:41:58]		1048572		284		1048288
[20:42:01]		1048572		284		1048288
[20:42:04]		1048572		284		1048288
[20:42:07]		1048572		284		1048288
[20:42:10]		1048572		284		1048288
[20:42:13]		1048572		284		1048288
[20:42:16]		1048572		284		1048288
[20:42:19]		1048572		284		1048288
[20:42:22]		1048572		284		1048288
[20:42:25]		1048572		284		1048288
[20:42:28]		1048572		284		1048288
[20:42:31]		1048572		284		1048288
[20:42:34]		1048572		284		1048288
[20:42:37]		1048572		284		1048288
[20:42:40]		1048572		284		1048288
[20:42:43]		1048572		284		1048288
[20:42:46]		1048572		284		1048288
[20:42:49]		1048572		284		1048288
[20:42:52]		1048572		284		1048288
[20:42:55]		1048572		284		1048288
[20:42:58]		1048572		284		1048288
[20:43:01]		1048572		284		1048288
[20:43:04]		1048572		284		1048288
[20:43:07]		1048572		284		1048288
[20:43:10]		1048572		284		1048288
[20:43:13]		1048572		284		1048288
[20:43:16]		1048572		284		1048288
[20:43:19]		1048572		284		1048288
[20:43:22]		1048572		284		1048288
[20:43:25]		1048572		284		1048288
[20:43:28]		1048572		284		1048288
[20:43:31]		1048572		284		1048288
[20:43:34]		1048572		284		1048288
[20:43:37]		1048572		284		1048288
[20:43:40]		1048572		284		1048288
[20:43:43]		1048572		284		1048288
[20:43:46]		1048572		284		1048288
[20:43:49]		1048572		284		1048288
[20:43:52]		1048572		284		1048288
[20:43:55]		1048572		284		1048288
[20:43:58]		1048572		284		1048288
[20:44:01]		1048572		284		1048288
[20:44:04]		1048572		284		1048288
[20:44:07]		1048572		284		1048288
[20:44:10]		1048572		284		1048288
[20:44:13]		1048572		284		1048288
[20:44:16]		1048572		284		1048288
[20:44:19]		1048572		284		1048288
[20:44:22]		1048572		284		1048288
[20:44:25]		1048572		284		1048288
[20:44:28]		1048572		284		1048288
[20:44:31]		1048572		284		1048288
[20:44:34]		1048572		284		1048288
[20:44:37]		1048572		284		1048288
[20:44:40]		1048572		284		1048288
[20:44:43]		1048572		284		1048288
[20:44:46]		1048572		284		1048288
[20:44:49]		1048572		284		1048288
[20:44:52]		1048572		284		1048288
[20:44:55]		1048572		284		1048288
[20:44:58]		1048572		284		1048288
[20:45:01]		1048572		284		1048288
[20:45:04]		1048572		284		1048288
[20:45:07]		1048572		284		1048288
[20:45:10]		1048572		284		1048288
[20:45:13]		1048572		284		1048288
[20:45:16]		1048572		284		1048288
[20:45:19]		1048572		284		1048288
[20:45:22]		1048572		284		1048288
[20:45:25]		1048572		284		1048288
[20:45:28]		1048572		284		1048288
[20:45:31]		1048572		284		1048288
[20:45:34]		1048572		284		1048288
[20:45:37]		1048572		284		1048288
[20:45:40]		1048572		284		1048288
[20:45:43]		1048572		284		1048288
[20:45:46]		1048572		284		1048288
[20:45:49]		1048572		284		1048288
[20:45:52]		1048572		284		1048288
[20:45:55]		1048572		284		1048288
[20:45:58]		1048572		284		1048288
[20:46:01]		1048572		284		1048288
[20:46:04]		1048572		284		1048288
[20:46:07]		1048572		284		1048288
[20:46:10]		1048572		284		1048288
[20:46:13]		1048572		284		1048288
[20:46:16]		1048572		284		1048288
[20:46:19]		1048572		284		1048288
[20:46:22]		1048572		284		1048288
[20:46:25]		1048572		284		1048288
[20:46:28]		1048572		284		1048288
[20:46:31]		1048572		284		1048288
[20:46:34]		1048572		284		1048288
[20:46:37]		1048572		284		1048288
[20:46:40]		1048572		284		1048288
[20:46:43]		1048572		284		1048288
[20:46:46]		1048572		284		1048288
[20:46:49]		1048572		284		1048288
[20:46:52]		1048572		284		1048288
[20:46:55]		1048572		284		1048288
[20:46:58]		1048572		284		1048288
[20:47:01]		1048572		284		1048288
[20:47:04]		1048572		284		1048288
[20:47:07]		1048572		284		1048288
[20:47:10]		1048572		284		1048288
[20:47:13]		1048572		284		1048288
[20:47:16]		1048572		284		1048288
[20:47:19]		1048572		284		1048288
[20:47:22]		1048572		284		1048288
[20:47:25]		1048572		284		1048288
[20:47:28]		1048572		284		1048288
[20:47:31]		1048572		284		1048288
[20:47:34]		1048572		284		1048288
[20:47:37]		1048572		284		1048288
[20:47:40]		1048572		284		1048288
[20:47:43]		1048572		284		1048288
[20:47:46]		1048572		284		1048288
[20:47:49]		1048572		284		1048288
[20:47:52]		1048572		284		1048288
[20:47:55]		1048572		284		1048288
[20:47:58]		1048572		284		1048288
[20:48:01]		1048572		284		1048288
[20:48:04]		1048572		284		1048288
[20:48:07]		1048572		284		1048288
[20:48:10]		1048572		284		1048288
[20:48:13]		1048572		284		1048288
[20:48:16]		1048572		284		1048288
[20:48:19]		1048572		284		1048288
[20:48:22]		1048572		284		1048288
[20:48:25]		1048572		284		1048288
[20:48:28]		1048572		284		1048288
[20:48:31]		1048572		284		1048288
[20:48:34]		1048572		284		1048288
[20:48:37]		1048572		284		1048288
[20:48:40]		1048572		284		1048288
[20:48:43]		1048572		284		1048288
[20:48:46]		1048572		284		1048288
[20:48:49]		1048572		284		1048288
[20:48:52]		1048572		284		1048288
[20:48:55]		1048572		284		1048288
[20:48:58]		1048572		284		1048288
[20:49:01]		1048572		284		1048288
[20:49:04]		1048572		284		1048288
[20:49:07]		1048572		284		1048288
[20:49:10]		1048572		284		1048288
[20:49:13]		1048572		284		1048288
[20:49:16]		1048572		284		1048288
[20:49:19]		1048572		284		1048288
[20:49:22]		1048572		284		1048288
[20:49:25]		1048572		284		1048288
[20:49:28]		1048572		284		1048288
[20:49:31]		1048572		284		1048288
[20:49:34]		1048572		284		1048288
[20:49:37]		1048572		284		1048288
[20:49:40]		1048572		284		1048288
[20:49:43]		1048572		284		1048288
[20:49:46]		1048572		284		1048288
[20:49:49]		1048572		284		1048288
[20:49:52]		1048572		284		1048288
[20:49:55]		1048572		284		1048288
[20:49:58]		1048572		284		1048288
[20:50:01]		1048572		284		1048288
[20:50:04]		1048572		284		1048288
[20:50:07]		1048572		284		1048288
[20:50:10]		1048572		284		1048288
[20:50:13]		1048572		284		1048288
[20:50:16]		1048572		284		1048288
[20:50:19]		1048572		284		1048288
[20:50:22]		1048572		284		1048288
[20:50:25]		1048572		284		1048288
[20:50:28]		1048572		284		1048288
[20:50:31]		1048572		284		1048288
[20:50:34]		1048572		284		1048288
[20:50:37]		1048572		284		1048288
[20:50:40]		1048572		284		1048288
[20:50:43]		1048572		284		1048288
[20:50:46]		1048572		284		1048288
[20:50:49]		1048572		284		1048288
[20:50:52]		1048572		284		1048288
[20:50:55]		1048572		284		1048288
[20:50:58]		1048572		284		1048288
[20:51:01]		1048572		284		1048288
[20:51:04]		1048572		284		1048288
[20:51:07]		1048572		284		1048288
[20:51:10]		1048572		284		1048288
[20:51:13]		1048572		284		1048288
[20:51:16]		1048572		284		1048288
[20:51:19]		1048572		284		1048288
[20:51:22]		1048572		284		1048288
[20:51:25]		1048572		284		1048288
[20:51:28]		1048572		284		1048288
[20:51:31]		1048572		284		1048288
[20:51:34]		1048572		284		1048288
[20:51:38]		1048572		284		1048288
[20:51:41]		1048572		284		1048288
[20:51:44]		1048572		284		1048288
[20:51:47]		1048572		284		1048288
[20:51:50]		1048572		284		1048288
[20:51:53]		1048572		284		1048288
[20:51:56]		1048572		284		1048288
[20:51:59]		1048572		284		1048288
[20:52:02]		1048572		284		1048288
[20:52:05]		1048572		284		1048288
[20:52:08]		1048572		284		1048288
[20:52:11]		1048572		284		1048288
[20:52:14]		1048572		284		1048288
[20:52:17]		1048572		284		1048288
[20:52:20]		1048572		284		1048288
[20:52:23]		1048572		284		1048288
[20:52:26]		1048572		284		1048288
[20:52:29]		1048572		284		1048288
[20:52:32]		1048572		284		1048288
[20:52:35]		1048572		284		1048288
[20:52:38]		1048572		284		1048288
[20:52:41]		1048572		284		1048288
[20:52:44]		1048572		284		1048288
[20:52:47]		1048572		284		1048288
[20:52:50]		1048572		284		1048288
[20:52:53]		1048572		284		1048288
[20:52:56]		1048572		284		1048288
[20:52:59]		1048572		284		1048288
[20:53:02]		1048572		284		1048288
[20:53:05]		1048572		284		1048288
[20:53:08]		1048572		284		1048288
[20:53:11]		1048572		284		1048288
[20:53:14]		1048572		284		1048288
[20:53:17]		1048572		284		1048288
[20:53:20]		1048572		284		1048288
[20:53:23]		1048572		284		1048288
[20:53:26]		1048572		284		1048288
[20:53:29]		1048572		284		1048288
[20:53:32]		1048572		284		1048288
[20:53:35]		1048572		284		1048288
[20:53:38]		1048572		284		1048288
[20:53:41]		1048572		284		1048288
[20:53:44]		1048572		284		1048288
[20:53:47]		1048572		284		1048288
[20:53:50]		1048572		284		1048288
[20:53:53]		1048572		284		1048288
[20:53:56]		1048572		284		1048288
[20:53:59]		1048572		284		1048288
