record in kb
time		total		used		free
[16:32:12]		1048572		1636		1046936
[16:32:15]		1048572		1636		1046936
[16:32:18]		1048572		1636		1046936
[16:32:21]		1048572		1636		1046936
[16:32:24]		1048572		1636		1046936
[16:32:27]		1048572		1636		1046936
[16:32:30]		1048572		1636		1046936
[16:32:33]		1048572		1636		1046936
[16:32:36]		1048572		1636		1046936
[16:32:39]		1048572		1636		1046936
[16:32:42]		1048572		1636		1046936
[16:32:45]		1048572		1636		1046936
[16:32:48]		1048572		1636		1046936
[16:32:51]		1048572		1636		1046936
[16:32:54]		1048572		1636		1046936
[16:32:57]		1048572		1636		1046936
[16:33:00]		1048572		1636		1046936
[16:33:03]		1048572		1636		1046936
[16:33:06]		1048572		1636		1046936
[16:33:09]		1048572		1636		1046936
[16:33:12]		1048572		1636		1046936
[16:33:15]		1048572		1636		1046936
[16:33:18]		1048572		1636		1046936
[16:33:21]		1048572		1636		1046936
[16:33:24]		1048572		1636		1046936
[16:33:27]		1048572		1636		1046936
[16:33:30]		1048572		1636		1046936
[16:33:33]		1048572		1636		1046936
[16:33:36]		1048572		1636		1046936
[16:33:39]		1048572		1636		1046936
[16:33:42]		1048572		1636		1046936
[16:33:45]		1048572		1636		1046936
[16:33:48]		1048572		1636		1046936
[16:33:51]		1048572		1636		1046936
[16:33:54]		1048572		1636		1046936
[16:33:57]		1048572		1636		1046936
[16:34:00]		1048572		1636		1046936
[16:34:03]		1048572		1636		1046936
[16:34:06]		1048572		1636		1046936
[16:34:09]		1048572		1636		1046936
[16:34:12]		1048572		1636		1046936
[16:34:15]		1048572		1636		1046936
[16:34:18]		1048572		1636		1046936
[16:34:21]		1048572		1636		1046936
[16:34:24]		1048572		1636		1046936
[16:34:27]		1048572		1636		1046936
[16:34:30]		1048572		1636		1046936
[16:34:33]		1048572		1636		1046936
[16:34:36]		1048572		1636		1046936
[16:34:39]		1048572		1636		1046936
[16:34:42]		1048572		1636		1046936
[16:34:45]		1048572		1636		1046936
[16:34:48]		1048572		1636		1046936
[16:34:51]		1048572		1636		1046936
[16:34:54]		1048572		1636		1046936
[16:34:57]		1048572		1636		1046936
[16:35:00]		1048572		1864		1046708
[16:35:03]		1048572		1896		1046676
[16:35:06]		1048572		1896		1046676
[16:35:09]		1048572		1896		1046676
[16:35:12]		1048572		1896		1046676
[16:35:15]		1048572		1896		1046676
[16:35:18]		1048572		1896		1046676
[16:35:21]		1048572		1896		1046676
[16:35:24]		1048572		1896		1046676
[16:35:27]		1048572		1896		1046676
[16:35:30]		1048572		1896		1046676
[16:35:33]		1048572		1896		1046676
[16:35:36]		1048572		1896		1046676
[16:35:39]		1048572		1952		1046620
[16:35:42]		1048572		1952		1046620
[16:35:45]		1048572		1952		1046620
[16:35:48]		1048572		1952		1046620
[16:35:51]		1048572		1952		1046620
[16:35:54]		1048572		1952		1046620
[16:35:57]		1048572		1952		1046620
[16:36:00]		1048572		1952		1046620
[16:36:03]		1048572		1952		1046620
[16:36:06]		1048572		1952		1046620
[16:36:09]		1048572		1952		1046620
[16:36:12]		1048572		1952		1046620
[16:36:15]		1048572		1952		1046620
[16:36:18]		1048572		2012		1046560
[16:36:21]		1048572		2012		1046560
[16:36:24]		1048572		2012		1046560
[16:36:27]		1048572		2012		1046560
[16:36:30]		1048572		2012		1046560
[16:36:33]		1048572		2012		1046560
[16:36:36]		1048572		2012		1046560
[16:36:39]		1048572		2012		1046560
[16:36:42]		1048572		2012		1046560
[16:36:45]		1048572		2012		1046560
[16:36:48]		1048572		2012		1046560
[16:36:51]		1048572		2012		1046560
[16:36:54]		1048572		2012		1046560
[16:36:57]		1048572		2012		1046560
[16:37:00]		1048572		2012		1046560
[16:37:03]		1048572		2012		1046560
[16:37:06]		1048572		2012		1046560
[16:37:09]		1048572		2012		1046560
[16:37:12]		1048572		2012		1046560
[16:37:15]		1048572		2012		1046560
[16:37:18]		1048572		2012		1046560
[16:37:21]		1048572		2012		1046560
[16:37:24]		1048572		2012		1046560
[16:37:27]		1048572		2012		1046560
[16:37:30]		1048572		2012		1046560
[16:37:33]		1048572		2012		1046560
[16:37:36]		1048572		2012		1046560
[16:37:39]		1048572		2012		1046560
[16:37:42]		1048572		2012		1046560
[16:37:45]		1048572		2012		1046560
[16:37:48]		1048572		2012		1046560
[16:37:51]		1048572		2012		1046560
[16:37:54]		1048572		2012		1046560
[16:37:57]		1048572		2012		1046560
[16:38:00]		1048572		2012		1046560
[16:38:03]		1048572		2012		1046560
[16:38:06]		1048572		2012		1046560
[16:38:09]		1048572		2012		1046560
[16:38:12]		1048572		2012		1046560
[16:38:15]		1048572		2012		1046560
[16:38:18]		1048572		2012		1046560
[16:38:21]		1048572		2012		1046560
[16:38:24]		1048572		2012		1046560
[16:38:27]		1048572		2012		1046560
[16:38:30]		1048572		2012		1046560
[16:38:33]		1048572		2012		1046560
[16:38:36]		1048572		2012		1046560
[16:38:39]		1048572		2012		1046560
[16:38:42]		1048572		2012		1046560
[16:38:45]		1048572		2012		1046560
[16:38:48]		1048572		2012		1046560
[16:38:51]		1048572		2012		1046560
[16:38:54]		1048572		2012		1046560
[16:38:57]		1048572		2012		1046560
[16:39:00]		1048572		2012		1046560
[16:39:03]		1048572		2056		1046516
[16:39:06]		1048572		2056		1046516
[16:39:09]		1048572		2056		1046516
[16:39:12]		1048572		2056		1046516
[16:39:15]		1048572		2056		1046516
[16:39:18]		1048572		2056		1046516
[16:39:21]		1048572		2056		1046516
[16:39:24]		1048572		2056		1046516
[16:39:27]		1048572		2056		1046516
[16:39:30]		1048572		2056		1046516
[16:39:33]		1048572		2056		1046516
[16:39:36]		1048572		2056		1046516
[16:39:39]		1048572		2056		1046516
[16:39:42]		1048572		2056		1046516
[16:39:45]		1048572		2056		1046516
[16:39:48]		1048572		2056		1046516
[16:39:51]		1048572		2056		1046516
[16:39:54]		1048572		2056		1046516
[16:39:57]		1048572		2056		1046516
[16:40:00]		1048572		2056		1046516
[16:40:03]		1048572		2056		1046516
[16:40:06]		1048572		2056		1046516
[16:40:09]		1048572		2056		1046516
[16:40:12]		1048572		2056		1046516
[16:40:15]		1048572		2056		1046516
[16:40:18]		1048572		2056		1046516
[16:40:21]		1048572		2056		1046516
[16:40:24]		1048572		2056		1046516
[16:40:27]		1048572		2056		1046516
[16:40:30]		1048572		2056		1046516
[16:40:33]		1048572		2056		1046516
[16:40:36]		1048572		2056		1046516
[16:40:39]		1048572		2056		1046516
[16:40:42]		1048572		2056		1046516
[16:40:45]		1048572		2056		1046516
[16:40:48]		1048572		2056		1046516
[16:40:51]		1048572		2056		1046516
[16:40:54]		1048572		2056		1046516
[16:40:57]		1048572		2056		1046516
[16:41:00]		1048572		2056		1046516
[16:41:03]		1048572		2056		1046516
[16:41:06]		1048572		2056		1046516
[16:41:09]		1048572		2056		1046516
[16:41:12]		1048572		2056		1046516
[16:41:15]		1048572		2056		1046516
[16:41:18]		1048572		2056		1046516
[16:41:21]		1048572		2056		1046516
[16:41:24]		1048572		2056		1046516
[16:41:27]		1048572		2056		1046516
[16:41:30]		1048572		2056		1046516
[16:41:33]		1048572		2056		1046516
[16:41:36]		1048572		2056		1046516
[16:41:39]		1048572		2056		1046516
[16:41:42]		1048572		2056		1046516
[16:41:45]		1048572		2056		1046516
[16:41:48]		1048572		2056		1046516
[16:41:51]		1048572		2056		1046516
[16:41:54]		1048572		2056		1046516
[16:41:57]		1048572		2056		1046516
[16:42:00]		1048572		2056		1046516
[16:42:03]		1048572		2056		1046516
[16:42:06]		1048572		2056		1046516
[16:42:09]		1048572		2056		1046516
[16:42:12]		1048572		2056		1046516
[16:42:15]		1048572		2056		1046516
[16:42:18]		1048572		2056		1046516
[16:42:21]		1048572		2056		1046516
[16:42:24]		1048572		2056		1046516
[16:42:27]		1048572		2056		1046516
[16:42:30]		1048572		2056		1046516
[16:42:33]		1048572		2056		1046516
[16:42:36]		1048572		2056		1046516
[16:42:39]		1048572		2276		1046296
[16:42:42]		1048572		2276		1046296
[16:42:45]		1048572		2276		1046296
[16:42:48]		1048572		2276		1046296
[16:42:51]		1048572		2276		1046296
[16:42:54]		1048572		2276		1046296
[16:42:57]		1048572		2276		1046296
[16:43:00]		1048572		2276		1046296
[16:43:03]		1048572		2276		1046296
[16:43:06]		1048572		2276		1046296
[16:43:09]		1048572		2276		1046296
[16:43:12]		1048572		2276		1046296
[16:43:15]		1048572		2276		1046296
[16:43:18]		1048572		2276		1046296
[16:43:21]		1048572		2276		1046296
[16:43:24]		1048572		2276		1046296
[16:43:27]		1048572		2276		1046296
[16:43:30]		1048572		2276		1046296
[16:43:33]		1048572		2276		1046296
[16:43:36]		1048572		2276		1046296
[16:43:39]		1048572		2276		1046296
[16:43:42]		1048572		2276		1046296
[16:43:45]		1048572		2276		1046296
[16:43:48]		1048572		2276		1046296
[16:43:51]		1048572		2284		1046288
[16:43:54]		1048572		2284		1046288
[16:43:57]		1048572		2284		1046288
[16:44:00]		1048572		2284		1046288
[16:44:03]		1048572		2284		1046288
[16:44:06]		1048572		2284		1046288
[16:44:09]		1048572		2284		1046288
[16:44:12]		1048572		2284		1046288
[16:44:15]		1048572		2284		1046288
[16:44:18]		1048572		2284		1046288
[16:44:21]		1048572		2284		1046288
[16:44:24]		1048572		2284		1046288
[16:44:27]		1048572		2284		1046288
[16:44:30]		1048572		2284		1046288
[16:44:33]		1048572		2284		1046288
[16:44:36]		1048572		2284		1046288
[16:44:39]		1048572		2284		1046288
[16:44:42]		1048572		2284		1046288
[16:44:45]		1048572		2284		1046288
[16:44:48]		1048572		2284		1046288
[16:44:51]		1048572		2284		1046288
[16:44:54]		1048572		2284		1046288
[16:44:57]		1048572		2284		1046288
[16:45:00]		1048572		2284		1046288
[16:45:03]		1048572		2284		1046288
[16:45:06]		1048572		2284		1046288
[16:45:09]		1048572		2284		1046288
[16:45:12]		1048572		2284		1046288
[16:45:15]		1048572		2284		1046288
[16:45:18]		1048572		2284		1046288
[16:45:21]		1048572		2284		1046288
[16:45:24]		1048572		2284		1046288
[16:45:27]		1048572		2284		1046288
[16:45:30]		1048572		2284		1046288
[16:45:33]		1048572		2284		1046288
[16:45:36]		1048572		2284		1046288
[16:45:39]		1048572		2284		1046288
[16:45:42]		1048572		2284		1046288
[16:45:45]		1048572		2284		1046288
[16:45:48]		1048572		2284		1046288
[16:45:51]		1048572		2284		1046288
[16:45:54]		1048572		2284		1046288
[16:45:57]		1048572		2284		1046288
[16:46:00]		1048572		2284		1046288
[16:46:03]		1048572		2284		1046288
[16:46:06]		1048572		2284		1046288
[16:46:09]		1048572		2284		1046288
[16:46:12]		1048572		2284		1046288
[16:46:15]		1048572		2284		1046288
[16:46:18]		1048572		2284		1046288
[16:46:21]		1048572		2284		1046288
[16:46:24]		1048572		2284		1046288
[16:46:27]		1048572		2284		1046288
[16:46:30]		1048572		2284		1046288
[16:46:33]		1048572		2284		1046288
[16:46:36]		1048572		2284		1046288
[16:46:39]		1048572		2284		1046288
[16:46:42]		1048572		2284		1046288
[16:46:45]		1048572		2284		1046288
[16:46:48]		1048572		2284		1046288
[16:46:51]		1048572		2284		1046288
[16:46:54]		1048572		2284		1046288
[16:46:57]		1048572		2284		1046288
[16:47:00]		1048572		2284		1046288
[16:47:03]		1048572		2284		1046288
[16:47:06]		1048572		2284		1046288
[16:47:09]		1048572		2284		1046288
[16:47:12]		1048572		2284		1046288
[16:47:15]		1048572		2284		1046288
[16:47:18]		1048572		2284		1046288
[16:47:21]		1048572		2284		1046288
[16:47:24]		1048572		2284		1046288
[16:47:27]		1048572		2284		1046288
[16:47:30]		1048572		2284		1046288
[16:47:33]		1048572		2284		1046288
[16:47:36]		1048572		2284		1046288
[16:47:39]		1048572		2284		1046288
[16:47:42]		1048572		2284		1046288
[16:47:45]		1048572		2284		1046288
[16:47:48]		1048572		2284		1046288
[16:47:51]		1048572		2284		1046288
[16:47:54]		1048572		2284		1046288
[16:47:57]		1048572		2284		1046288
[16:48:00]		1048572		2284		1046288
[16:48:03]		1048572		2284		1046288
[16:48:06]		1048572		2284		1046288
[16:48:09]		1048572		2284		1046288
[16:48:12]		1048572		2284		1046288
[16:48:15]		1048572		2284		1046288
[16:48:18]		1048572		2284		1046288
[16:48:21]		1048572		2284		1046288
[16:48:24]		1048572		2284		1046288
[16:48:27]		1048572		2284		1046288
[16:48:30]		1048572		2284		1046288
[16:48:33]		1048572		2284		1046288
[16:48:36]		1048572		2284		1046288
[16:48:39]		1048572		2284		1046288
[16:48:42]		1048572		2284		1046288
[16:48:45]		1048572		2284		1046288
[16:48:48]		1048572		2284		1046288
[16:48:51]		1048572		2284		1046288
[16:48:54]		1048572		2284		1046288
[16:48:57]		1048572		2284		1046288
[16:49:00]		1048572		2284		1046288
[16:49:03]		1048572		2284		1046288
[16:49:06]		1048572		2284		1046288
[16:49:09]		1048572		2284		1046288
[16:49:12]		1048572		2284		1046288
[16:49:15]		1048572		2284		1046288
[16:49:18]		1048572		2284		1046288
[16:49:21]		1048572		2284		1046288
[16:49:24]		1048572		2284		1046288
[16:49:27]		1048572		2284		1046288
[16:49:30]		1048572		2284		1046288
[16:49:33]		1048572		2284		1046288
[16:49:36]		1048572		2284		1046288
[16:49:39]		1048572		2284		1046288
[16:49:42]		1048572		2284		1046288
[16:49:45]		1048572		2284		1046288
[16:49:48]		1048572		2284		1046288
[16:49:51]		1048572		2284		1046288
[16:49:54]		1048572		2284		1046288
[16:49:57]		1048572		2284		1046288
[16:50:00]		1048572		2284		1046288
[16:50:03]		1048572		2284		1046288
[16:50:06]		1048572		2284		1046288
[16:50:09]		1048572		2284		1046288
[16:50:12]		1048572		2284		1046288
[16:50:15]		1048572		2284		1046288
[16:50:18]		1048572		2284		1046288
[16:50:21]		1048572		2284		1046288
[16:50:24]		1048572		2284		1046288
[16:50:27]		1048572		2284		1046288
[16:50:30]		1048572		2284		1046288
[16:50:33]		1048572		2284		1046288
[16:50:36]		1048572		2284		1046288
[16:50:39]		1048572		2284		1046288
[16:50:42]		1048572		2284		1046288
[16:50:45]		1048572		2284		1046288
[16:50:48]		1048572		2284		1046288
[16:50:51]		1048572		2284		1046288
[16:50:54]		1048572		2284		1046288
[16:50:57]		1048572		2284		1046288
[16:51:00]		1048572		2284		1046288
[16:51:03]		1048572		2284		1046288
[16:51:06]		1048572		2284		1046288
[16:51:09]		1048572		2284		1046288
[16:51:12]		1048572		2284		1046288
[16:51:15]		1048572		2284		1046288
[16:51:18]		1048572		2284		1046288
[16:51:21]		1048572		2284		1046288
[16:51:24]		1048572		2284		1046288
[16:51:27]		1048572		2284		1046288
[16:51:30]		1048572		2284		1046288
[16:51:33]		1048572		2284		1046288
[16:51:36]		1048572		2284		1046288
[16:51:39]		1048572		2284		1046288
[16:51:42]		1048572		2284		1046288
[16:51:45]		1048572		2284		1046288
[16:51:48]		1048572		2284		1046288
[16:51:51]		1048572		2284		1046288
[16:51:54]		1048572		2284		1046288
[16:51:57]		1048572		2284		1046288
[16:52:00]		1048572		2284		1046288
[16:52:03]		1048572		2284		1046288
[16:52:06]		1048572		2284		1046288
[16:52:09]		1048572		2284		1046288
[16:52:12]		1048572		2284		1046288
[16:52:15]		1048572		2284		1046288
[16:52:18]		1048572		2284		1046288
[16:52:21]		1048572		2284		1046288
[16:52:24]		1048572		2284		1046288
[16:52:27]		1048572		2284		1046288
[16:52:30]		1048572		2284		1046288
[16:52:33]		1048572		2284		1046288
[16:52:36]		1048572		2284		1046288
[16:52:39]		1048572		2284		1046288
[16:52:42]		1048572		2284		1046288
[16:52:45]		1048572		2284		1046288
[16:52:48]		1048572		2284		1046288
[16:52:51]		1048572		2284		1046288
[16:52:54]		1048572		2284		1046288
[16:52:57]		1048572		2284		1046288
[16:53:00]		1048572		2284		1046288
[16:53:03]		1048572		2284		1046288
[16:53:06]		1048572		2284		1046288
[16:53:09]		1048572		2284		1046288
[16:53:12]		1048572		2284		1046288
[16:53:15]		1048572		2284		1046288
[16:53:18]		1048572		2284		1046288
[16:53:21]		1048572		2284		1046288
[16:53:24]		1048572		2284		1046288
[16:53:27]		1048572		2284		1046288
[16:53:30]		1048572		2284		1046288
[16:53:33]		1048572		2284		1046288
[16:53:36]		1048572		2284		1046288
[16:53:39]		1048572		2284		1046288
[16:53:42]		1048572		2284		1046288
[16:53:45]		1048572		2284		1046288
[16:53:48]		1048572		2284		1046288
[16:53:51]		1048572		2284		1046288
[16:53:54]		1048572		2284		1046288
[16:53:57]		1048572		2284		1046288
[16:54:00]		1048572		2284		1046288
[16:54:03]		1048572		2284		1046288
[16:54:06]		1048572		2284		1046288
[16:54:09]		1048572		2284		1046288
[16:54:12]		1048572		2284		1046288
[16:54:15]		1048572		2284		1046288
[16:54:18]		1048572		2284		1046288
[16:54:21]		1048572		2284		1046288
[16:54:24]		1048572		2284		1046288
[16:54:27]		1048572		2284		1046288
[16:54:30]		1048572		2284		1046288
[16:54:33]		1048572		2284		1046288
[16:54:36]		1048572		2284		1046288
[16:54:39]		1048572		2284		1046288
[16:54:42]		1048572		2284		1046288
[16:54:45]		1048572		2284		1046288
[16:54:48]		1048572		2284		1046288
[16:54:51]		1048572		2284		1046288
[16:54:54]		1048572		2284		1046288
[16:54:57]		1048572		2284		1046288
[16:55:00]		1048572		2284		1046288
[16:55:03]		1048572		2284		1046288
[16:55:06]		1048572		2284		1046288
[16:55:09]		1048572		2284		1046288
[16:55:12]		1048572		2284		1046288
[16:55:15]		1048572		2284		1046288
[16:55:18]		1048572		2284		1046288
[16:55:21]		1048572		2284		1046288
[16:55:24]		1048572		2284		1046288
[16:55:27]		1048572		2284		1046288
[16:55:30]		1048572		2284		1046288
[16:55:33]		1048572		2284		1046288
[16:55:36]		1048572		2284		1046288
[16:55:39]		1048572		2284		1046288
[16:55:42]		1048572		2284		1046288
[16:55:45]		1048572		2284		1046288
[16:55:48]		1048572		2284		1046288
[16:55:51]		1048572		2284		1046288
[16:55:54]		1048572		2284		1046288
[16:55:57]		1048572		2284		1046288
[16:56:00]		1048572		2284		1046288
[16:56:03]		1048572		2284		1046288
[16:56:06]		1048572		2284		1046288
[16:56:09]		1048572		2284		1046288
[16:56:12]		1048572		2284		1046288
[16:56:15]		1048572		2284		1046288
[16:56:18]		1048572		2284		1046288
[16:56:21]		1048572		2284		1046288
[16:56:24]		1048572		2284		1046288
[16:56:27]		1048572		2284		1046288
[16:56:30]		1048572		2284		1046288
[16:56:33]		1048572		2284		1046288
[16:56:36]		1048572		2284		1046288
[16:56:39]		1048572		2284		1046288
[16:56:42]		1048572		2284		1046288
[16:56:45]		1048572		2284		1046288
[16:56:48]		1048572		2284		1046288
[16:56:51]		1048572		2284		1046288
[16:56:54]		1048572		2284		1046288
[16:56:57]		1048572		2284		1046288
[16:57:00]		1048572		2284		1046288
[16:57:03]		1048572		2284		1046288
[16:57:06]		1048572		2284		1046288
[16:57:09]		1048572		2284		1046288
[16:57:12]		1048572		2284		1046288
[16:57:15]		1048572		2284		1046288
[16:57:18]		1048572		2284		1046288
[16:57:21]		1048572		2284		1046288
[16:57:24]		1048572		2284		1046288
[16:57:27]		1048572		2284		1046288
[16:57:30]		1048572		2284		1046288
[16:57:33]		1048572		2284		1046288
[16:57:36]		1048572		2284		1046288
[16:57:39]		1048572		2284		1046288
[16:57:42]		1048572		2284		1046288
[16:57:45]		1048572		2284		1046288
[16:57:48]		1048572		2284		1046288
[16:57:51]		1048572		2284		1046288
[16:57:54]		1048572		2284		1046288
[16:57:57]		1048572		2284		1046288
[16:58:00]		1048572		2284		1046288
[16:58:03]		1048572		2284		1046288
[16:58:06]		1048572		2284		1046288
[16:58:09]		1048572		2284		1046288
[16:58:12]		1048572		2284		1046288
[16:58:15]		1048572		2284		1046288
[16:58:18]		1048572		2284		1046288
[16:58:21]		1048572		2284		1046288
[16:58:24]		1048572		2284		1046288
[16:58:27]		1048572		2284		1046288
[16:58:30]		1048572		2284		1046288
[16:58:33]		1048572		2284		1046288
[16:58:36]		1048572		2284		1046288
[16:58:39]		1048572		2284		1046288
[16:58:42]		1048572		2284		1046288
[16:58:45]		1048572		2284		1046288
[16:58:48]		1048572		2284		1046288
[16:58:51]		1048572		2284		1046288
[16:58:54]		1048572		2284		1046288
[16:58:57]		1048572		2284		1046288
[16:59:00]		1048572		2284		1046288
[16:59:03]		1048572		2284		1046288
[16:59:06]		1048572		2284		1046288
[16:59:09]		1048572		2284		1046288
[16:59:12]		1048572		2284		1046288
[16:59:15]		1048572		2284		1046288
[16:59:18]		1048572		2284		1046288
[16:59:21]		1048572		2284		1046288
[16:59:24]		1048572		2284		1046288
[16:59:27]		1048572		2284		1046288
[16:59:30]		1048572		2284		1046288
[16:59:33]		1048572		2284		1046288
[16:59:36]		1048572		2284		1046288
[16:59:39]		1048572		2284		1046288
[16:59:42]		1048572		2284		1046288
[16:59:45]		1048572		2284		1046288
[16:59:48]		1048572		2284		1046288
[16:59:51]		1048572		2284		1046288
[16:59:54]		1048572		2284		1046288
[16:59:57]		1048572		2284		1046288
[17:00:00]		1048572		2284		1046288
[17:00:03]		1048572		2284		1046288
[17:00:06]		1048572		2284		1046288
[17:00:09]		1048572		2284		1046288
[17:00:12]		1048572		2284		1046288
[17:00:15]		1048572		2284		1046288
[17:00:18]		1048572		2284		1046288
[17:00:21]		1048572		2284		1046288
[17:00:24]		1048572		2284		1046288
[17:00:27]		1048572		2284		1046288
[17:00:30]		1048572		2284		1046288
[17:00:33]		1048572		2284		1046288
[17:00:36]		1048572		2284		1046288
[17:00:39]		1048572		2284		1046288
[17:00:42]		1048572		2284		1046288
[17:00:45]		1048572		2284		1046288
[17:00:48]		1048572		2284		1046288
[17:00:51]		1048572		2284		1046288
[17:00:54]		1048572		2284		1046288
[17:00:57]		1048572		2284		1046288
[17:01:00]		1048572		2284		1046288
[17:01:03]		1048572		2284		1046288
[17:01:06]		1048572		2284		1046288
[17:01:09]		1048572		2284		1046288
[17:01:12]		1048572		2284		1046288
[17:01:15]		1048572		2284		1046288
[17:01:18]		1048572		2284		1046288
[17:01:21]		1048572		2284		1046288
[17:01:24]		1048572		2284		1046288
[17:01:27]		1048572		2284		1046288
[17:01:30]		1048572		2284		1046288
[17:01:34]		1048572		2284		1046288
[17:01:37]		1048572		2284		1046288
[17:01:40]		1048572		2284		1046288
[17:01:43]		1048572		2284		1046288
[17:01:46]		1048572		2284		1046288
[17:01:49]		1048572		2284		1046288
[17:01:52]		1048572		2284		1046288
[17:01:55]		1048572		2284		1046288
[17:01:58]		1048572		2284		1046288
[17:02:01]		1048572		2284		1046288
[17:02:04]		1048572		2284		1046288
[17:02:07]		1048572		2284		1046288
[17:02:10]		1048572		2284		1046288
[17:02:13]		1048572		2284		1046288
[17:02:16]		1048572		2284		1046288
[17:02:19]		1048572		2284		1046288
[17:02:22]		1048572		2284		1046288
[17:02:25]		1048572		2284		1046288
[17:02:28]		1048572		2284		1046288
[17:02:31]		1048572		2284		1046288
[17:02:34]		1048572		2284		1046288
[17:02:37]		1048572		2284		1046288
[17:02:40]		1048572		2284		1046288
[17:02:43]		1048572		2284		1046288
[17:02:46]		1048572		2284		1046288
[17:02:49]		1048572		2284		1046288
[17:02:52]		1048572		2284		1046288
[17:02:55]		1048572		2284		1046288
[17:02:58]		1048572		2284		1046288
[17:03:01]		1048572		2284		1046288
[17:03:04]		1048572		2284		1046288
[17:03:07]		1048572		2284		1046288
[17:03:10]		1048572		2284		1046288
[17:03:13]		1048572		2284		1046288
[17:03:16]		1048572		2284		1046288
[17:03:19]		1048572		2284		1046288
[17:03:22]		1048572		2284		1046288
[17:03:25]		1048572		2284		1046288
[17:03:28]		1048572		2284		1046288
[17:03:31]		1048572		2284		1046288
[17:03:34]		1048572		2284		1046288
[17:03:37]		1048572		2284		1046288
[17:03:40]		1048572		2284		1046288
[17:03:43]		1048572		2284		1046288
[17:03:46]		1048572		2284		1046288
[17:03:49]		1048572		2284		1046288
[17:03:52]		1048572		2284		1046288
[17:03:55]		1048572		2284		1046288
[17:03:58]		1048572		2284		1046288
[17:04:01]		1048572		2284		1046288
[17:04:04]		1048572		2284		1046288
[17:04:07]		1048572		2284		1046288
[17:04:10]		1048572		2284		1046288
[17:04:13]		1048572		2284		1046288
[17:04:16]		1048572		2284		1046288
[17:04:19]		1048572		2284		1046288
[17:04:22]		1048572		2284		1046288
[17:04:25]		1048572		2284		1046288
[17:04:28]		1048572		2284		1046288
[17:04:31]		1048572		2284		1046288
[17:04:34]		1048572		2284		1046288
[17:04:37]		1048572		2284		1046288
[17:04:40]		1048572		2284		1046288
[17:04:43]		1048572		2284		1046288
[17:04:46]		1048572		2284		1046288
[17:04:49]		1048572		2284		1046288
[17:04:52]		1048572		2284		1046288
[17:04:55]		1048572		2284		1046288
[17:04:58]		1048572		2284		1046288
[17:05:01]		1048572		2284		1046288
[17:05:04]		1048572		2284		1046288
[17:05:07]		1048572		2284		1046288
[17:05:10]		1048572		2284		1046288
[17:05:13]		1048572		2284		1046288
[17:05:16]		1048572		2284		1046288
[17:05:19]		1048572		2284		1046288
[17:05:22]		1048572		2284		1046288
[17:05:25]		1048572		2284		1046288
[17:05:28]		1048572		2284		1046288
[17:05:31]		1048572		2284		1046288
[17:05:34]		1048572		2284		1046288
[17:05:37]		1048572		2284		1046288
[17:05:40]		1048572		2284		1046288
[17:05:43]		1048572		2284		1046288
[17:05:46]		1048572		2284		1046288
[17:05:49]		1048572		2284		1046288
[17:05:52]		1048572		2284		1046288
[17:05:55]		1048572		2284		1046288
[17:05:58]		1048572		2284		1046288
[17:06:01]		1048572		2284		1046288
[17:06:04]		1048572		2284		1046288
[17:06:07]		1048572		2284		1046288
[17:06:10]		1048572		2284		1046288
[17:06:13]		1048572		2284		1046288
[17:06:16]		1048572		2284		1046288
[17:06:19]		1048572		2284		1046288
[17:06:22]		1048572		2284		1046288
[17:06:25]		1048572		2284		1046288
[17:06:28]		1048572		2284		1046288
[17:06:31]		1048572		2284		1046288
[17:06:34]		1048572		2284		1046288
[17:06:37]		1048572		2284		1046288
[17:06:40]		1048572		2284		1046288
[17:06:43]		1048572		2284		1046288
[17:06:46]		1048572		2284		1046288
[17:06:49]		1048572		2284		1046288
[17:06:52]		1048572		2284		1046288
[17:06:55]		1048572		2284		1046288
[17:06:58]		1048572		2284		1046288
[17:07:01]		1048572		2284		1046288
[17:07:04]		1048572		2284		1046288
[17:07:07]		1048572		2284		1046288
[17:07:10]		1048572		2284		1046288
[17:07:13]		1048572		2284		1046288
[17:07:16]		1048572		2284		1046288
[17:07:19]		1048572		2284		1046288
[17:07:22]		1048572		2284		1046288
[17:07:25]		1048572		2284		1046288
[17:07:28]		1048572		2284		1046288
[17:07:31]		1048572		2284		1046288
[17:07:34]		1048572		2284		1046288
[17:07:37]		1048572		2284		1046288
[17:07:40]		1048572		2284		1046288
[17:07:43]		1048572		2284		1046288
[17:07:46]		1048572		2284		1046288
[17:07:49]		1048572		2284		1046288
[17:07:52]		1048572		2284		1046288
[17:07:55]		1048572		2284		1046288
[17:07:58]		1048572		2284		1046288
[17:08:01]		1048572		2284		1046288
[17:08:04]		1048572		2284		1046288
[17:08:07]		1048572		2284		1046288
[17:08:10]		1048572		2284		1046288
[17:08:13]		1048572		2284		1046288
[17:08:16]		1048572		2284		1046288
[17:08:19]		1048572		2284		1046288
[17:08:22]		1048572		2284		1046288
[17:08:25]		1048572		2284		1046288
[17:08:28]		1048572		2284		1046288
[17:08:31]		1048572		2284		1046288
[17:08:34]		1048572		2284		1046288
[17:08:37]		1048572		2284		1046288
[17:08:40]		1048572		2284		1046288
[17:08:43]		1048572		2284		1046288
[17:08:46]		1048572		2284		1046288
[17:08:49]		1048572		2284		1046288
[17:08:52]		1048572		2284		1046288
[17:08:55]		1048572		2284		1046288
[17:08:58]		1048572		2284		1046288
[17:09:01]		1048572		2284		1046288
[17:09:04]		1048572		2284		1046288
[17:09:07]		1048572		2284		1046288
[17:09:10]		1048572		2284		1046288
[17:09:13]		1048572		2284		1046288
[17:09:16]		1048572		2284		1046288
[17:09:19]		1048572		2284		1046288
[17:09:22]		1048572		2284		1046288
[17:09:25]		1048572		2284		1046288
[17:09:28]		1048572		2284		1046288
[17:09:31]		1048572		2284		1046288
[17:09:34]		1048572		2284		1046288
[17:09:37]		1048572		2284		1046288
[17:09:40]		1048572		2284		1046288
[17:09:43]		1048572		2284		1046288
[17:09:46]		1048572		2284		1046288
[17:09:49]		1048572		2284		1046288
[17:09:52]		1048572		2284		1046288
[17:09:55]		1048572		2284		1046288
[17:09:58]		1048572		2284		1046288
[17:10:01]		1048572		2284		1046288
[17:10:04]		1048572		2284		1046288
[17:10:07]		1048572		2284		1046288
[17:10:10]		1048572		2284		1046288
[17:10:13]		1048572		2284		1046288
[17:10:16]		1048572		2284		1046288
[17:10:19]		1048572		2284		1046288
[17:10:22]		1048572		2284		1046288
[17:10:25]		1048572		2284		1046288
[17:10:28]		1048572		2284		1046288
[17:10:31]		1048572		2284		1046288
[17:10:34]		1048572		2284		1046288
[17:10:37]		1048572		2284		1046288
[17:10:40]		1048572		2284		1046288
[17:10:43]		1048572		2284		1046288
[17:10:46]		1048572		2284		1046288
[17:10:49]		1048572		2284		1046288
[17:10:52]		1048572		2284		1046288
[17:10:55]		1048572		2284		1046288
[17:10:58]		1048572		2284		1046288
[17:11:01]		1048572		2284		1046288
[17:11:04]		1048572		2284		1046288
[17:11:07]		1048572		2284		1046288
[17:11:10]		1048572		2284		1046288
[17:11:13]		1048572		2284		1046288
[17:11:16]		1048572		2284		1046288
[17:11:19]		1048572		2284		1046288
[17:11:22]		1048572		2284		1046288
[17:11:25]		1048572		2284		1046288
[17:11:28]		1048572		2284		1046288
[17:11:31]		1048572		2284		1046288
[17:11:34]		1048572		2284		1046288
[17:11:37]		1048572		2284		1046288
[17:11:40]		1048572		2284		1046288
[17:11:43]		1048572		2284		1046288
[17:11:46]		1048572		2284		1046288
[17:11:49]		1048572		2284		1046288
[17:11:52]		1048572		2284		1046288
[17:11:55]		1048572		2284		1046288
[17:11:58]		1048572		2284		1046288
[17:12:01]		1048572		2284		1046288
[17:12:04]		1048572		2284		1046288
[17:12:07]		1048572		2284		1046288
[17:12:10]		1048572		2284		1046288
[17:12:13]		1048572		2284		1046288
[17:12:16]		1048572		2284		1046288
[17:12:19]		1048572		2284		1046288
[17:12:22]		1048572		2284		1046288
[17:12:25]		1048572		2284		1046288
[17:12:28]		1048572		2284		1046288
[17:12:31]		1048572		2284		1046288
[17:12:34]		1048572		2284		1046288
[17:12:37]		1048572		2284		1046288
[17:12:40]		1048572		2284		1046288
[17:12:43]		1048572		2284		1046288
[17:12:46]		1048572		2284		1046288
[17:12:49]		1048572		2284		1046288
[17:12:52]		1048572		2284		1046288
[17:12:55]		1048572		2284		1046288
[17:12:58]		1048572		2284		1046288
[17:13:01]		1048572		2284		1046288
[17:13:04]		1048572		2284		1046288
[17:13:07]		1048572		2284		1046288
[17:13:10]		1048572		2284		1046288
[17:13:13]		1048572		2284		1046288
[17:13:16]		1048572		2284		1046288
[17:13:19]		1048572		2284		1046288
[17:13:22]		1048572		2284		1046288
[17:13:25]		1048572		2284		1046288
[17:13:28]		1048572		2284		1046288
[17:13:31]		1048572		2284		1046288
[17:13:34]		1048572		2284		1046288
[17:13:37]		1048572		2284		1046288
[17:13:40]		1048572		2284		1046288
[17:13:43]		1048572		2284		1046288
[17:13:46]		1048572		2284		1046288
[17:13:49]		1048572		2284		1046288
[17:13:52]		1048572		2284		1046288
[17:13:55]		1048572		2284		1046288
[17:13:58]		1048572		2284		1046288
[17:14:01]		1048572		2284		1046288
[17:14:04]		1048572		2284		1046288
[17:14:07]		1048572		2284		1046288
[17:14:10]		1048572		2284		1046288
[17:14:13]		1048572		2284		1046288
[17:14:16]		1048572		2284		1046288
[17:14:19]		1048572		2284		1046288
[17:14:22]		1048572		2284		1046288
[17:14:25]		1048572		2284		1046288
[17:14:28]		1048572		2284		1046288
[17:14:31]		1048572		2284		1046288
[17:14:34]		1048572		2284		1046288
[17:14:37]		1048572		2284		1046288
[17:14:40]		1048572		2284		1046288
[17:14:43]		1048572		2284		1046288
[17:14:46]		1048572		2284		1046288
[17:14:49]		1048572		2284		1046288
[17:14:52]		1048572		2284		1046288
[17:14:55]		1048572		2284		1046288
[17:14:58]		1048572		2284		1046288
[17:15:01]		1048572		2284		1046288
[17:15:04]		1048572		2284		1046288
[17:15:07]		1048572		2284		1046288
[17:15:10]		1048572		2284		1046288
[17:15:13]		1048572		2284		1046288
[17:15:16]		1048572		2284		1046288
[17:15:19]		1048572		2284		1046288
[17:15:22]		1048572		2284		1046288
[17:15:25]		1048572		2284		1046288
[17:15:28]		1048572		2284		1046288
[17:15:31]		1048572		2284		1046288
[17:15:34]		1048572		2284		1046288
[17:15:37]		1048572		2284		1046288
[17:15:40]		1048572		2284		1046288
[17:15:43]		1048572		2284		1046288
[17:15:46]		1048572		2284		1046288
[17:15:49]		1048572		2284		1046288
[17:15:52]		1048572		2284		1046288
[17:15:55]		1048572		2284		1046288
[17:15:58]		1048572		2284		1046288
[17:16:01]		1048572		2284		1046288
[17:16:04]		1048572		2284		1046288
[17:16:07]		1048572		2284		1046288
[17:16:10]		1048572		2284		1046288
[17:16:13]		1048572		2284		1046288
[17:16:16]		1048572		2284		1046288
[17:16:19]		1048572		2284		1046288
[17:16:22]		1048572		2284		1046288
[17:16:25]		1048572		2284		1046288
[17:16:28]		1048572		2284		1046288
[17:16:31]		1048572		2284		1046288
[17:16:34]		1048572		2284		1046288
[17:16:37]		1048572		2284		1046288
[17:16:40]		1048572		2284		1046288
[17:16:43]		1048572		2284		1046288
[17:16:46]		1048572		2284		1046288
[17:16:49]		1048572		2284		1046288
[17:16:52]		1048572		2284		1046288
[17:16:55]		1048572		2284		1046288
[17:16:58]		1048572		2284		1046288
[17:17:01]		1048572		2284		1046288
[17:17:04]		1048572		2284		1046288
[17:17:07]		1048572		2284		1046288
[17:17:10]		1048572		2284		1046288
[17:17:13]		1048572		2284		1046288
[17:17:16]		1048572		2284		1046288
[17:17:19]		1048572		2284		1046288
[17:17:22]		1048572		2284		1046288
[17:17:25]		1048572		2284		1046288
[17:17:28]		1048572		2284		1046288
[17:17:31]		1048572		2284		1046288
[17:17:34]		1048572		2284		1046288
[17:17:37]		1048572		2284		1046288
[17:17:40]		1048572		2284		1046288
[17:17:43]		1048572		2284		1046288
[17:17:46]		1048572		2284		1046288
[17:17:49]		1048572		2284		1046288
[17:17:52]		1048572		2284		1046288
[17:17:55]		1048572		2284		1046288
[17:17:58]		1048572		2284		1046288
[17:18:01]		1048572		2284		1046288
[17:18:04]		1048572		2284		1046288
[17:18:07]		1048572		2284		1046288
[17:18:10]		1048572		2284		1046288
[17:18:13]		1048572		2284		1046288
[17:18:16]		1048572		2284		1046288
[17:18:19]		1048572		2284		1046288
[17:18:22]		1048572		2284		1046288
[17:18:25]		1048572		2284		1046288
[17:18:28]		1048572		2284		1046288
[17:18:31]		1048572		2284		1046288
[17:18:34]		1048572		2284		1046288
[17:18:37]		1048572		2284		1046288
[17:18:40]		1048572		2284		1046288
[17:18:43]		1048572		2284		1046288
[17:18:46]		1048572		2284		1046288
[17:18:49]		1048572		2284		1046288
[17:18:52]		1048572		2284		1046288
[17:18:55]		1048572		2284		1046288
[17:18:58]		1048572		2284		1046288
[17:19:01]		1048572		2284		1046288
[17:19:04]		1048572		2284		1046288
[17:19:07]		1048572		2284		1046288
[17:19:10]		1048572		2284		1046288
[17:19:13]		1048572		2284		1046288
[17:19:16]		1048572		2284		1046288
[17:19:19]		1048572		2284		1046288
[17:19:22]		1048572		2284		1046288
[17:19:25]		1048572		2284		1046288
[17:19:28]		1048572		2284		1046288
[17:19:31]		1048572		2284		1046288
[17:19:34]		1048572		2284		1046288
[17:19:37]		1048572		2284		1046288
[17:19:40]		1048572		2284		1046288
[17:19:43]		1048572		2284		1046288
[17:19:46]		1048572		2284		1046288
[17:19:49]		1048572		2284		1046288
[17:19:52]		1048572		2284		1046288
[17:19:55]		1048572		2284		1046288
[17:19:58]		1048572		2284		1046288
[17:20:01]		1048572		2284		1046288
[17:20:04]		1048572		2284		1046288
[17:20:07]		1048572		2284		1046288
[17:20:10]		1048572		2284		1046288
[17:20:13]		1048572		2284		1046288
[17:20:16]		1048572		2284		1046288
[17:20:19]		1048572		2284		1046288
[17:20:22]		1048572		2284		1046288
[17:20:25]		1048572		2284		1046288
[17:20:28]		1048572		2284		1046288
[17:20:31]		1048572		2284		1046288
[17:20:34]		1048572		2284		1046288
[17:20:37]		1048572		2284		1046288
[17:20:40]		1048572		2284		1046288
[17:20:43]		1048572		2284		1046288
[17:20:46]		1048572		2284		1046288
[17:20:49]		1048572		2284		1046288
[17:20:52]		1048572		2284		1046288
[17:20:55]		1048572		2284		1046288
[17:20:58]		1048572		2284		1046288
[17:21:01]		1048572		2284		1046288
[17:21:04]		1048572		2284		1046288
[17:21:07]		1048572		2284		1046288
[17:21:10]		1048572		2284		1046288
[17:21:13]		1048572		2284		1046288
[17:21:16]		1048572		2284		1046288
[17:21:19]		1048572		2284		1046288
[17:21:22]		1048572		2284		1046288
[17:21:25]		1048572		2284		1046288
[17:21:28]		1048572		2284		1046288
[17:21:31]		1048572		2284		1046288
[17:21:34]		1048572		2284		1046288
[17:21:37]		1048572		2284		1046288
[17:21:40]		1048572		2284		1046288
[17:21:43]		1048572		2284		1046288
[17:21:46]		1048572		2284		1046288
[17:21:49]		1048572		2284		1046288
[17:21:52]		1048572		2284		1046288
[17:21:55]		1048572		2284		1046288
[17:21:58]		1048572		2284		1046288
[17:22:01]		1048572		2284		1046288
[17:22:04]		1048572		2284		1046288
[17:22:07]		1048572		2284		1046288
[17:22:10]		1048572		2284		1046288
[17:22:13]		1048572		2284		1046288
[17:22:16]		1048572		2284		1046288
[17:22:19]		1048572		2284		1046288
[17:22:22]		1048572		2284		1046288
[17:22:25]		1048572		2284		1046288
[17:22:28]		1048572		2284		1046288
[17:22:31]		1048572		2284		1046288
[17:22:34]		1048572		2284		1046288
[17:22:37]		1048572		2284		1046288
[17:22:40]		1048572		2284		1046288
[17:22:43]		1048572		2284		1046288
[17:22:46]		1048572		2284		1046288
[17:22:49]		1048572		2284		1046288
[17:22:52]		1048572		2284		1046288
[17:22:55]		1048572		2284		1046288
[17:22:58]		1048572		2284		1046288
[17:23:01]		1048572		2284		1046288
[17:23:04]		1048572		2284		1046288
[17:23:07]		1048572		2284		1046288
[17:23:10]		1048572		2284		1046288
[17:23:13]		1048572		2284		1046288
[17:23:16]		1048572		2284		1046288
[17:23:19]		1048572		2284		1046288
[17:23:22]		1048572		2284		1046288
[17:23:25]		1048572		2284		1046288
[17:23:28]		1048572		2284		1046288
[17:23:31]		1048572		2284		1046288
[17:23:34]		1048572		2284		1046288
[17:23:37]		1048572		2284		1046288
[17:23:40]		1048572		2284		1046288
[17:23:43]		1048572		2284		1046288
[17:23:46]		1048572		2284		1046288
[17:23:49]		1048572		2284		1046288
[17:23:52]		1048572		2284		1046288
[17:23:55]		1048572		2284		1046288
[17:23:58]		1048572		2284		1046288
[17:24:01]		1048572		2284		1046288
[17:24:04]		1048572		2284		1046288
[17:24:07]		1048572		2284		1046288
[17:24:10]		1048572		2284		1046288
[17:24:13]		1048572		2284		1046288
[17:24:16]		1048572		2284		1046288
[17:24:19]		1048572		2284		1046288
[17:24:22]		1048572		2284		1046288
[17:24:25]		1048572		2284		1046288
[17:24:28]		1048572		2284		1046288
[17:24:31]		1048572		2284		1046288
[17:24:34]		1048572		2284		1046288
[17:24:37]		1048572		2284		1046288
[17:24:40]		1048572		2284		1046288
[17:24:43]		1048572		2284		1046288
[17:24:46]		1048572		2284		1046288
[17:24:49]		1048572		2284		1046288
[17:24:52]		1048572		2284		1046288
[17:24:55]		1048572		2284		1046288
[17:24:58]		1048572		2284		1046288
[17:25:01]		1048572		2284		1046288
[17:25:04]		1048572		2284		1046288
[17:25:07]		1048572		2284		1046288
[17:25:10]		1048572		2284		1046288
[17:25:13]		1048572		2284		1046288
[17:25:16]		1048572		2284		1046288
[17:25:19]		1048572		2284		1046288
[17:25:22]		1048572		2284		1046288
[17:25:25]		1048572		2284		1046288
[17:25:28]		1048572		2284		1046288
[17:25:31]		1048572		2284		1046288
[17:25:34]		1048572		2284		1046288
[17:25:37]		1048572		2284		1046288
[17:25:40]		1048572		2284		1046288
[17:25:43]		1048572		2284		1046288
[17:25:46]		1048572		2284		1046288
[17:25:49]		1048572		2284		1046288
[17:25:52]		1048572		2284		1046288
[17:25:55]		1048572		2284		1046288
[17:25:58]		1048572		2284		1046288
[17:26:01]		1048572		2284		1046288
[17:26:04]		1048572		2284		1046288
[17:26:07]		1048572		2284		1046288
[17:26:10]		1048572		2284		1046288
[17:26:13]		1048572		2284		1046288
[17:26:16]		1048572		2284		1046288
[17:26:19]		1048572		2284		1046288
[17:26:22]		1048572		2284		1046288
[17:26:25]		1048572		2284		1046288
[17:26:28]		1048572		2284		1046288
[17:26:31]		1048572		2284		1046288
[17:26:34]		1048572		2284		1046288
[17:26:37]		1048572		2284		1046288
[17:26:40]		1048572		2284		1046288
[17:26:43]		1048572		2284		1046288
[17:26:46]		1048572		2284		1046288
[17:26:49]		1048572		2284		1046288
[17:26:52]		1048572		2284		1046288
[17:26:55]		1048572		2284		1046288
[17:26:58]		1048572		2284		1046288
[17:27:01]		1048572		2284		1046288
[17:27:04]		1048572		2284		1046288
[17:27:07]		1048572		2284		1046288
[17:27:10]		1048572		2284		1046288
