record in kb
time		total		used		free
[13:20:32]		1048572		1536		1047036
[13:20:35]		1048572		1536		1047036
[13:20:38]		1048572		1536		1047036
[13:20:41]		1048572		1536		1047036
[13:20:44]		1048572		1536		1047036
[13:20:47]		1048572		1536		1047036
[13:20:50]		1048572		1536		1047036
[13:20:53]		1048572		1536		1047036
[13:20:56]		1048572		1536		1047036
[13:20:59]		1048572		1536		1047036
[13:21:02]		1048572		1536		1047036
[13:21:05]		1048572		1536		1047036
[13:21:08]		1048572		1536		1047036
[13:21:11]		1048572		1536		1047036
[13:21:14]		1048572		1536		1047036
[13:21:17]		1048572		1536		1047036
[13:21:20]		1048572		1536		1047036
[13:21:23]		1048572		1536		1047036
[13:21:26]		1048572		1536		1047036
[13:21:29]		1048572		1536		1047036
[13:21:32]		1048572		1536		1047036
[13:21:35]		1048572		1536		1047036
[13:21:38]		1048572		1536		1047036
[13:21:41]		1048572		1536		1047036
[13:21:44]		1048572		1536		1047036
[13:21:47]		1048572		1536		1047036
[13:21:50]		1048572		1536		1047036
[13:21:53]		1048572		1536		1047036
[13:21:56]		1048572		1536		1047036
[13:21:59]		1048572		1536		1047036
[13:22:02]		1048572		1536		1047036
[13:22:05]		1048572		1536		1047036
[13:22:08]		1048572		1536		1047036
[13:22:11]		1048572		1536		1047036
[13:22:14]		1048572		1536		1047036
[13:22:17]		1048572		1536		1047036
[13:22:20]		1048572		1536		1047036
[13:22:23]		1048572		1536		1047036
[13:22:26]		1048572		1536		1047036
[13:22:29]		1048572		1536		1047036
[13:22:32]		1048572		1536		1047036
[13:22:35]		1048572		1536		1047036
[13:22:38]		1048572		1536		1047036
[13:22:41]		1048572		1536		1047036
[13:22:44]		1048572		1536		1047036
[13:22:47]		1048572		1536		1047036
[13:22:50]		1048572		1536		1047036
[13:22:53]		1048572		1536		1047036
[13:22:56]		1048572		1536		1047036
[13:22:59]		1048572		1536		1047036
[13:23:02]		1048572		1536		1047036
[13:23:05]		1048572		1536		1047036
[13:23:08]		1048572		1536		1047036
[13:23:11]		1048572		1536		1047036
[13:23:14]		1048572		1536		1047036
[13:23:17]		1048572		1536		1047036
[13:23:20]		1048572		1536		1047036
[13:23:23]		1048572		1536		1047036
[13:23:26]		1048572		1536		1047036
[13:23:29]		1048572		1536		1047036
[13:23:32]		1048572		1536		1047036
[13:23:35]		1048572		1536		1047036
[13:23:38]		1048572		1536		1047036
[13:23:41]		1048572		1536		1047036
[13:23:44]		1048572		1536		1047036
[13:23:47]		1048572		1536		1047036
[13:23:50]		1048572		1536		1047036
[13:23:53]		1048572		1536		1047036
[13:23:56]		1048572		1536		1047036
[13:23:59]		1048572		1536		1047036
[13:24:02]		1048572		1536		1047036
[13:24:05]		1048572		1536		1047036
[13:24:08]		1048572		1536		1047036
[13:24:11]		1048572		1536		1047036
[13:24:14]		1048572		1536		1047036
[13:24:17]		1048572		1536		1047036
[13:24:20]		1048572		1536		1047036
[13:24:23]		1048572		1536		1047036
[13:24:26]		1048572		1536		1047036
[13:24:30]		1048572		1536		1047036
[13:24:33]		1048572		1536		1047036
[13:24:36]		1048572		1536		1047036
[13:24:39]		1048572		1536		1047036
[13:24:42]		1048572		1536		1047036
[13:24:45]		1048572		1536		1047036
[13:24:48]		1048572		1536		1047036
[13:24:51]		1048572		1536		1047036
[13:24:54]		1048572		1536		1047036
[13:24:57]		1048572		1536		1047036
[13:25:00]		1048572		1536		1047036
[13:25:03]		1048572		1536		1047036
[13:25:06]		1048572		1536		1047036
[13:25:09]		1048572		1536		1047036
[13:25:12]		1048572		1536		1047036
[13:25:15]		1048572		1536		1047036
[13:25:18]		1048572		1536		1047036
[13:25:21]		1048572		1536		1047036
[13:25:24]		1048572		1536		1047036
[13:25:27]		1048572		1536		1047036
[13:25:30]		1048572		1536		1047036
[13:25:33]		1048572		1536		1047036
[13:25:36]		1048572		1536		1047036
[13:25:39]		1048572		1536		1047036
[13:25:42]		1048572		1536		1047036
[13:25:45]		1048572		1536		1047036
[13:25:48]		1048572		1536		1047036
[13:25:51]		1048572		1536		1047036
[13:25:54]		1048572		1536		1047036
[13:25:57]		1048572		1536		1047036
[13:26:00]		1048572		1536		1047036
[13:26:03]		1048572		1536		1047036
[13:26:06]		1048572		1536		1047036
[13:26:09]		1048572		1536		1047036
[13:26:12]		1048572		1536		1047036
[13:26:15]		1048572		1536		1047036
[13:26:18]		1048572		1536		1047036
[13:26:21]		1048572		1536		1047036
[13:26:24]		1048572		1536		1047036
[13:26:27]		1048572		1536		1047036
[13:26:30]		1048572		1536		1047036
[13:26:33]		1048572		1536		1047036
[13:26:36]		1048572		1536		1047036
[13:26:39]		1048572		1536		1047036
[13:26:42]		1048572		1536		1047036
[13:26:45]		1048572		1536		1047036
[13:26:48]		1048572		1536		1047036
[13:26:51]		1048572		1536		1047036
[13:26:54]		1048572		1536		1047036
[13:26:57]		1048572		1536		1047036
[13:27:00]		1048572		1536		1047036
[13:27:03]		1048572		1536		1047036
[13:27:06]		1048572		1536		1047036
[13:27:09]		1048572		1536		1047036
[13:27:12]		1048572		1536		1047036
[13:27:15]		1048572		1536		1047036
[13:27:18]		1048572		1536		1047036
[13:27:21]		1048572		1536		1047036
[13:27:24]		1048572		1536		1047036
[13:27:27]		1048572		1536		1047036
[13:27:30]		1048572		1536		1047036
[13:27:33]		1048572		1536		1047036
[13:27:36]		1048572		1536		1047036
[13:27:39]		1048572		1536		1047036
[13:27:42]		1048572		1536		1047036
[13:27:45]		1048572		1536		1047036
[13:27:48]		1048572		1536		1047036
[13:27:51]		1048572		1536		1047036
[13:27:54]		1048572		1536		1047036
[13:27:57]		1048572		1536		1047036
[13:28:00]		1048572		1536		1047036
[13:28:03]		1048572		1536		1047036
[13:28:06]		1048572		1536		1047036
[13:28:09]		1048572		1536		1047036
[13:28:12]		1048572		1536		1047036
[13:28:15]		1048572		1536		1047036
[13:28:18]		1048572		1536		1047036
[13:28:21]		1048572		1536		1047036
[13:28:24]		1048572		1536		1047036
[13:28:27]		1048572		1536		1047036
[13:28:30]		1048572		1536		1047036
[13:28:33]		1048572		1536		1047036
[13:28:36]		1048572		1536		1047036
[13:28:39]		1048572		1536		1047036
[13:28:42]		1048572		1536		1047036
[13:28:45]		1048572		1536		1047036
[13:28:48]		1048572		1536		1047036
[13:28:51]		1048572		1536		1047036
[13:28:54]		1048572		1536		1047036
[13:28:57]		1048572		1536		1047036
[13:29:00]		1048572		1536		1047036
[13:29:03]		1048572		1536		1047036
[13:29:06]		1048572		1536		1047036
[13:29:09]		1048572		1536		1047036
[13:29:12]		1048572		1536		1047036
[13:29:15]		1048572		1536		1047036
[13:29:18]		1048572		1536		1047036
[13:29:21]		1048572		1536		1047036
[13:29:24]		1048572		1536		1047036
[13:29:27]		1048572		1536		1047036
[13:29:30]		1048572		1536		1047036
[13:29:33]		1048572		1536		1047036
[13:29:36]		1048572		1536		1047036
[13:29:39]		1048572		1536		1047036
[13:29:42]		1048572		1536		1047036
[13:29:45]		1048572		1536		1047036
[13:29:48]		1048572		1536		1047036
[13:29:51]		1048572		1536		1047036
[13:29:54]		1048572		1536		1047036
[13:29:57]		1048572		1536		1047036
[13:30:00]		1048572		1536		1047036
[13:30:03]		1048572		1536		1047036
[13:30:06]		1048572		1536		1047036
[13:30:09]		1048572		1536		1047036
[13:30:12]		1048572		1536		1047036
[13:30:15]		1048572		1536		1047036
[13:30:18]		1048572		1536		1047036
[13:30:21]		1048572		1536		1047036
[13:30:24]		1048572		1536		1047036
[13:30:27]		1048572		1536		1047036
[13:30:30]		1048572		1536		1047036
[13:30:33]		1048572		1536		1047036
[13:30:36]		1048572		1536		1047036
[13:30:39]		1048572		1536		1047036
[13:30:42]		1048572		1536		1047036
[13:30:45]		1048572		1536		1047036
[13:30:48]		1048572		1536		1047036
[13:30:51]		1048572		1536		1047036
[13:30:54]		1048572		1536		1047036
[13:30:57]		1048572		1536		1047036
[13:31:00]		1048572		1536		1047036
[13:31:03]		1048572		1536		1047036
[13:31:06]		1048572		1536		1047036
[13:31:09]		1048572		1536		1047036
[13:31:12]		1048572		1536		1047036
[13:31:15]		1048572		1536		1047036
[13:31:18]		1048572		1536		1047036
[13:31:21]		1048572		1536		1047036
[13:31:24]		1048572		1536		1047036
[13:31:27]		1048572		1536		1047036
[13:31:30]		1048572		1536		1047036
[13:31:33]		1048572		1536		1047036
[13:31:36]		1048572		1536		1047036
[13:31:39]		1048572		1536		1047036
[13:31:42]		1048572		1536		1047036
[13:31:45]		1048572		1536		1047036
[13:31:48]		1048572		1536		1047036
[13:31:51]		1048572		1536		1047036
[13:31:54]		1048572		1536		1047036
[13:31:57]		1048572		1536		1047036
[13:32:00]		1048572		1536		1047036
[13:32:03]		1048572		1536		1047036
[13:32:06]		1048572		1536		1047036
[13:32:09]		1048572		1536		1047036
[13:32:12]		1048572		1536		1047036
[13:32:15]		1048572		1536		1047036
[13:32:18]		1048572		1536		1047036
[13:32:21]		1048572		1536		1047036
[13:32:24]		1048572		1536		1047036
[13:32:27]		1048572		1536		1047036
[13:32:30]		1048572		1536		1047036
[13:32:33]		1048572		1536		1047036
[13:32:36]		1048572		1536		1047036
[13:32:39]		1048572		1536		1047036
[13:32:42]		1048572		1536		1047036
[13:32:45]		1048572		1536		1047036
[13:32:48]		1048572		1536		1047036
[13:32:51]		1048572		1536		1047036
[13:32:54]		1048572		1536		1047036
[13:32:57]		1048572		1536		1047036
[13:33:00]		1048572		1536		1047036
[13:33:03]		1048572		1536		1047036
[13:33:06]		1048572		1536		1047036
[13:33:09]		1048572		1536		1047036
[13:33:12]		1048572		1536		1047036
[13:33:15]		1048572		1536		1047036
[13:33:18]		1048572		1536		1047036
[13:33:21]		1048572		1536		1047036
[13:33:24]		1048572		1536		1047036
[13:33:27]		1048572		1536		1047036
[13:33:30]		1048572		1536		1047036
[13:33:33]		1048572		1536		1047036
[13:33:36]		1048572		1536		1047036
[13:33:39]		1048572		1536		1047036
[13:33:42]		1048572		1536		1047036
[13:33:45]		1048572		1536		1047036
[13:33:48]		1048572		1536		1047036
[13:33:51]		1048572		1536		1047036
[13:33:54]		1048572		1536		1047036
[13:33:57]		1048572		1536		1047036
[13:34:00]		1048572		1536		1047036
[13:34:03]		1048572		1536		1047036
[13:34:06]		1048572		1536		1047036
[13:34:09]		1048572		1536		1047036
[13:34:12]		1048572		1536		1047036
[13:34:15]		1048572		1536		1047036
[13:34:18]		1048572		1536		1047036
[13:34:21]		1048572		1536		1047036
[13:34:24]		1048572		1536		1047036
[13:34:27]		1048572		1536		1047036
[13:34:30]		1048572		1536		1047036
[13:34:33]		1048572		1536		1047036
[13:34:36]		1048572		1536		1047036
[13:34:39]		1048572		1536		1047036
[13:34:42]		1048572		1536		1047036
[13:34:45]		1048572		1536		1047036
[13:34:48]		1048572		1536		1047036
[13:34:51]		1048572		1536		1047036
[13:34:54]		1048572		1536		1047036
[13:34:57]		1048572		1536		1047036
[13:35:00]		1048572		1536		1047036
[13:35:03]		1048572		1536		1047036
[13:35:06]		1048572		1536		1047036
[13:35:09]		1048572		1536		1047036
[13:35:12]		1048572		1536		1047036
[13:35:15]		1048572		1536		1047036
[13:35:18]		1048572		1536		1047036
[13:35:21]		1048572		1536		1047036
[13:35:24]		1048572		1536		1047036
[13:35:27]		1048572		1536		1047036
[13:35:30]		1048572		1536		1047036
[13:35:33]		1048572		1536		1047036
[13:35:36]		1048572		1536		1047036
[13:35:39]		1048572		1536		1047036
[13:35:42]		1048572		1536		1047036
[13:35:45]		1048572		1536		1047036
[13:35:48]		1048572		1536		1047036
[13:35:51]		1048572		1536		1047036
[13:35:54]		1048572		1536		1047036
[13:35:57]		1048572		1536		1047036
[13:36:00]		1048572		1536		1047036
[13:36:03]		1048572		1536		1047036
[13:36:06]		1048572		1536		1047036
[13:36:09]		1048572		1536		1047036
[13:36:12]		1048572		1536		1047036
[13:36:15]		1048572		1536		1047036
[13:36:18]		1048572		1536		1047036
[13:36:21]		1048572		1536		1047036
[13:36:24]		1048572		1536		1047036
[13:36:27]		1048572		1536		1047036
[13:36:30]		1048572		1536		1047036
[13:36:33]		1048572		1536		1047036
[13:36:36]		1048572		1536		1047036
[13:36:39]		1048572		1536		1047036
[13:36:42]		1048572		1536		1047036
[13:36:45]		1048572		1536		1047036
[13:36:48]		1048572		1536		1047036
[13:36:51]		1048572		1536		1047036
[13:36:54]		1048572		1536		1047036
[13:36:57]		1048572		1536		1047036
[13:37:00]		1048572		1536		1047036
[13:37:03]		1048572		1536		1047036
[13:37:06]		1048572		1536		1047036
[13:37:09]		1048572		1536		1047036
[13:37:12]		1048572		1536		1047036
[13:37:15]		1048572		1536		1047036
[13:37:18]		1048572		1536		1047036
[13:37:21]		1048572		1536		1047036
[13:37:24]		1048572		1536		1047036
[13:37:27]		1048572		1536		1047036
[13:37:30]		1048572		1536		1047036
[13:37:33]		1048572		1536		1047036
[13:37:36]		1048572		1536		1047036
[13:37:39]		1048572		1536		1047036
[13:37:42]		1048572		1536		1047036
[13:37:45]		1048572		1536		1047036
[13:37:48]		1048572		1536		1047036
[13:37:51]		1048572		1536		1047036
[13:37:54]		1048572		1536		1047036
[13:37:57]		1048572		1536		1047036
[13:38:00]		1048572		1536		1047036
[13:38:03]		1048572		1536		1047036
[13:38:06]		1048572		1536		1047036
[13:38:09]		1048572		1536		1047036
[13:38:12]		1048572		1536		1047036
[13:38:15]		1048572		1536		1047036
[13:38:18]		1048572		1536		1047036
[13:38:21]		1048572		1536		1047036
[13:38:24]		1048572		1536		1047036
[13:38:27]		1048572		1536		1047036
[13:38:30]		1048572		1536		1047036
[13:38:34]		1048572		1536		1047036
[13:38:37]		1048572		1536		1047036
[13:38:40]		1048572		1536		1047036
[13:38:43]		1048572		1536		1047036
[13:38:46]		1048572		1536		1047036
[13:38:49]		1048572		1536		1047036
[13:38:52]		1048572		1536		1047036
[13:38:55]		1048572		1536		1047036
[13:38:58]		1048572		1536		1047036
[13:39:01]		1048572		1536		1047036
[13:39:04]		1048572		1536		1047036
[13:39:07]		1048572		1536		1047036
[13:39:10]		1048572		1536		1047036
[13:39:13]		1048572		1536		1047036
[13:39:16]		1048572		1536		1047036
[13:39:19]		1048572		1536		1047036
[13:39:22]		1048572		1536		1047036
[13:39:25]		1048572		1536		1047036
[13:39:28]		1048572		1536		1047036
[13:39:31]		1048572		1536		1047036
[13:39:34]		1048572		1536		1047036
[13:39:37]		1048572		1536		1047036
[13:39:40]		1048572		1536		1047036
[13:39:43]		1048572		1536		1047036
[13:39:46]		1048572		1536		1047036
[13:39:49]		1048572		1536		1047036
[13:39:52]		1048572		1536		1047036
[13:39:55]		1048572		1536		1047036
[13:39:58]		1048572		1536		1047036
[13:40:01]		1048572		1536		1047036
[13:40:04]		1048572		1536		1047036
[13:40:07]		1048572		1536		1047036
[13:40:10]		1048572		1536		1047036
[13:40:13]		1048572		1536		1047036
[13:40:16]		1048572		1536		1047036
[13:40:19]		1048572		1536		1047036
[13:40:22]		1048572		1536		1047036
[13:40:25]		1048572		1536		1047036
[13:40:28]		1048572		1536		1047036
[13:40:31]		1048572		1536		1047036
[13:40:34]		1048572		1536		1047036
[13:40:37]		1048572		1536		1047036
[13:40:40]		1048572		1536		1047036
[13:40:43]		1048572		1536		1047036
[13:40:46]		1048572		1536		1047036
[13:40:49]		1048572		1536		1047036
[13:40:52]		1048572		1536		1047036
[13:40:55]		1048572		1536		1047036
[13:40:58]		1048572		1536		1047036
[13:41:01]		1048572		1536		1047036
[13:41:04]		1048572		1536		1047036
[13:41:07]		1048572		1536		1047036
[13:41:10]		1048572		1536		1047036
[13:41:13]		1048572		1536		1047036
[13:41:16]		1048572		1536		1047036
[13:41:19]		1048572		1536		1047036
[13:41:22]		1048572		1536		1047036
[13:41:25]		1048572		1536		1047036
[13:41:28]		1048572		1536		1047036
[13:41:31]		1048572		1536		1047036
[13:41:34]		1048572		1536		1047036
[13:41:37]		1048572		1536		1047036
[13:41:40]		1048572		1536		1047036
[13:41:43]		1048572		1536		1047036
[13:41:46]		1048572		1536		1047036
[13:41:49]		1048572		1536		1047036
[13:41:52]		1048572		1536		1047036
[13:41:55]		1048572		1536		1047036
[13:41:58]		1048572		1536		1047036
[13:42:01]		1048572		1536		1047036
[13:42:04]		1048572		1536		1047036
[13:42:07]		1048572		1536		1047036
[13:42:10]		1048572		1536		1047036
[13:42:13]		1048572		1536		1047036
[13:42:16]		1048572		1536		1047036
[13:42:19]		1048572		1536		1047036
[13:42:22]		1048572		1536		1047036
[13:42:25]		1048572		1536		1047036
[13:42:28]		1048572		1536		1047036
[13:42:31]		1048572		1536		1047036
[13:42:34]		1048572		1536		1047036
[13:42:37]		1048572		1536		1047036
[13:42:40]		1048572		1536		1047036
[13:42:43]		1048572		1536		1047036
[13:42:46]		1048572		1536		1047036
[13:42:49]		1048572		1536		1047036
[13:42:52]		1048572		1536		1047036
[13:42:55]		1048572		1536		1047036
[13:42:58]		1048572		1536		1047036
[13:43:01]		1048572		1536		1047036
[13:43:04]		1048572		1536		1047036
[13:43:07]		1048572		1536		1047036
[13:43:10]		1048572		1636		1046936
[13:43:13]		1048572		1636		1046936
[13:43:16]		1048572		1636		1046936
[13:43:19]		1048572		1636		1046936
[13:43:22]		1048572		1636		1046936
[13:43:25]		1048572		1636		1046936
[13:43:28]		1048572		1636		1046936
[13:43:31]		1048572		1636		1046936
[13:43:34]		1048572		1636		1046936
[13:43:37]		1048572		1636		1046936
[13:43:40]		1048572		1636		1046936
[13:43:43]		1048572		1636		1046936
[13:43:46]		1048572		1636		1046936
[13:43:49]		1048572		1636		1046936
[13:43:52]		1048572		1636		1046936
[13:43:55]		1048572		1636		1046936
[13:43:58]		1048572		1636		1046936
[13:44:01]		1048572		1636		1046936
[13:44:04]		1048572		1636		1046936
[13:44:07]		1048572		1636		1046936
[13:44:10]		1048572		1636		1046936
[13:44:13]		1048572		1636		1046936
[13:44:16]		1048572		1636		1046936
[13:44:19]		1048572		1636		1046936
[13:44:22]		1048572		1636		1046936
[13:44:25]		1048572		1636		1046936
[13:44:28]		1048572		1636		1046936
[13:44:31]		1048572		1636		1046936
[13:44:34]		1048572		1636		1046936
[13:44:37]		1048572		1636		1046936
[13:44:40]		1048572		1636		1046936
[13:44:43]		1048572		1636		1046936
[13:44:46]		1048572		1636		1046936
[13:44:49]		1048572		1636		1046936
[13:44:52]		1048572		1636		1046936
[13:44:55]		1048572		1636		1046936
[13:44:58]		1048572		1636		1046936
[13:45:01]		1048572		1636		1046936
[13:45:04]		1048572		1636		1046936
[13:45:07]		1048572		1636		1046936
[13:45:10]		1048572		1636		1046936
[13:45:13]		1048572		1636		1046936
[13:45:16]		1048572		1636		1046936
[13:45:19]		1048572		1636		1046936
[13:45:22]		1048572		1636		1046936
[13:45:25]		1048572		1636		1046936
[13:45:28]		1048572		1636		1046936
[13:45:31]		1048572		1636		1046936
[13:45:34]		1048572		1636		1046936
[13:45:37]		1048572		1636		1046936
[13:45:40]		1048572		1636		1046936
[13:45:43]		1048572		1636		1046936
[13:45:46]		1048572		1636		1046936
[13:45:49]		1048572		1636		1046936
[13:45:52]		1048572		1636		1046936
[13:45:55]		1048572		1636		1046936
[13:45:58]		1048572		1636		1046936
[13:46:01]		1048572		1636		1046936
[13:46:04]		1048572		1636		1046936
[13:46:07]		1048572		1636		1046936
[13:46:10]		1048572		1636		1046936
[13:46:13]		1048572		1636		1046936
[13:46:16]		1048572		1636		1046936
[13:46:19]		1048572		1636		1046936
[13:46:22]		1048572		1636		1046936
[13:46:25]		1048572		1636		1046936
[13:46:28]		1048572		1636		1046936
[13:46:31]		1048572		1636		1046936
[13:46:34]		1048572		1636		1046936
[13:46:37]		1048572		1636		1046936
[13:46:40]		1048572		1636		1046936
[13:46:43]		1048572		1636		1046936
[13:46:46]		1048572		1636		1046936
[13:46:49]		1048572		1636		1046936
[13:46:52]		1048572		1636		1046936
[13:46:55]		1048572		1636		1046936
[13:46:58]		1048572		1636		1046936
[13:47:01]		1048572		1636		1046936
[13:47:04]		1048572		1636		1046936
[13:47:07]		1048572		1636		1046936
[13:47:10]		1048572		1636		1046936
[13:47:13]		1048572		1636		1046936
[13:47:16]		1048572		1636		1046936
[13:47:19]		1048572		1636		1046936
[13:47:22]		1048572		1636		1046936
[13:47:25]		1048572		1636		1046936
[13:47:28]		1048572		1636		1046936
[13:47:31]		1048572		1636		1046936
[13:47:34]		1048572		1636		1046936
[13:47:37]		1048572		1636		1046936
[13:47:40]		1048572		1636		1046936
[13:47:43]		1048572		1636		1046936
[13:47:46]		1048572		1636		1046936
[13:47:49]		1048572		1636		1046936
[13:47:52]		1048572		1636		1046936
[13:47:55]		1048572		1636		1046936
[13:47:58]		1048572		1636		1046936
[13:48:01]		1048572		1636		1046936
[13:48:04]		1048572		1636		1046936
[13:48:07]		1048572		1636		1046936
[13:48:10]		1048572		1636		1046936
[13:48:13]		1048572		1636		1046936
[13:48:16]		1048572		1636		1046936
[13:48:19]		1048572		1636		1046936
[13:48:22]		1048572		1636		1046936
[13:48:25]		1048572		1636		1046936
[13:48:28]		1048572		1636		1046936
[13:48:31]		1048572		1636		1046936
[13:48:34]		1048572		1636		1046936
[13:48:37]		1048572		1636		1046936
[13:48:40]		1048572		1636		1046936
[13:48:43]		1048572		1636		1046936
[13:48:46]		1048572		1636		1046936
[13:48:49]		1048572		1636		1046936
[13:48:52]		1048572		1636		1046936
[13:48:55]		1048572		1636		1046936
[13:48:58]		1048572		1636		1046936
[13:49:01]		1048572		1636		1046936
[13:49:04]		1048572		1636		1046936
[13:49:07]		1048572		1636		1046936
[13:49:10]		1048572		1636		1046936
[13:49:13]		1048572		1636		1046936
[13:49:16]		1048572		1636		1046936
[13:49:19]		1048572		1636		1046936
[13:49:22]		1048572		1636		1046936
[13:49:25]		1048572		1636		1046936
[13:49:28]		1048572		1636		1046936
[13:49:31]		1048572		1636		1046936
[13:49:34]		1048572		1636		1046936
[13:49:37]		1048572		1636		1046936
[13:49:40]		1048572		1636		1046936
[13:49:43]		1048572		1636		1046936
[13:49:46]		1048572		1636		1046936
[13:49:49]		1048572		1636		1046936
[13:49:52]		1048572		1636		1046936
[13:49:55]		1048572		1636		1046936
[13:49:58]		1048572		1636		1046936
[13:50:01]		1048572		1636		1046936
[13:50:04]		1048572		1636		1046936
[13:50:07]		1048572		1636		1046936
[13:50:10]		1048572		1636		1046936
[13:50:13]		1048572		1636		1046936
[13:50:16]		1048572		1636		1046936
[13:50:19]		1048572		1636		1046936
[13:50:22]		1048572		1636		1046936
[13:50:25]		1048572		1636		1046936
[13:50:28]		1048572		1636		1046936
[13:50:31]		1048572		1636		1046936
[13:50:34]		1048572		1636		1046936
[13:50:37]		1048572		1636		1046936
[13:50:40]		1048572		1636		1046936
[13:50:43]		1048572		1636		1046936
[13:50:46]		1048572		1636		1046936
[13:50:49]		1048572		1636		1046936
[13:50:52]		1048572		1636		1046936
[13:50:55]		1048572		1636		1046936
[13:50:58]		1048572		1636		1046936
[13:51:01]		1048572		1636		1046936
[13:51:04]		1048572		1636		1046936
[13:51:07]		1048572		1636		1046936
[13:51:10]		1048572		1636		1046936
[13:51:13]		1048572		1636		1046936
[13:51:16]		1048572		1636		1046936
[13:51:19]		1048572		1636		1046936
[13:51:22]		1048572		1636		1046936
[13:51:25]		1048572		1636		1046936
[13:51:28]		1048572		1636		1046936
[13:51:31]		1048572		1636		1046936
[13:51:34]		1048572		1636		1046936
[13:51:37]		1048572		1636		1046936
[13:51:40]		1048572		1636		1046936
[13:51:43]		1048572		1636		1046936
[13:51:46]		1048572		1636		1046936
[13:51:49]		1048572		1636		1046936
[13:51:52]		1048572		1636		1046936
[13:51:55]		1048572		1636		1046936
[13:51:58]		1048572		1636		1046936
[13:52:01]		1048572		1636		1046936
[13:52:04]		1048572		1636		1046936
[13:52:07]		1048572		1636		1046936
[13:52:10]		1048572		1636		1046936
[13:52:13]		1048572		1636		1046936
[13:52:16]		1048572		1636		1046936
[13:52:19]		1048572		1636		1046936
[13:52:22]		1048572		1636		1046936
[13:52:25]		1048572		1636		1046936
[13:52:28]		1048572		1636		1046936
[13:52:31]		1048572		1636		1046936
[13:52:34]		1048572		1636		1046936
[13:52:37]		1048572		1636		1046936
[13:52:40]		1048572		1636		1046936
[13:52:43]		1048572		1636		1046936
[13:52:46]		1048572		1636		1046936
[13:52:49]		1048572		1636		1046936
[13:52:52]		1048572		1636		1046936
[13:52:56]		1048572		1636		1046936
[13:52:59]		1048572		1636		1046936
[13:53:02]		1048572		1636		1046936
[13:53:05]		1048572		1636		1046936
[13:53:08]		1048572		1636		1046936
[13:53:11]		1048572		1636		1046936
[13:53:14]		1048572		1636		1046936
[13:53:17]		1048572		1636		1046936
[13:53:20]		1048572		1636		1046936
[13:53:23]		1048572		1636		1046936
[13:53:26]		1048572		1636		1046936
[13:53:29]		1048572		1636		1046936
[13:53:32]		1048572		1636		1046936
[13:53:35]		1048572		1636		1046936
[13:53:38]		1048572		1636		1046936
[13:53:41]		1048572		1636		1046936
[13:53:44]		1048572		1636		1046936
[13:53:47]		1048572		1636		1046936
[13:53:50]		1048572		1636		1046936
[13:53:53]		1048572		1636		1046936
[13:53:56]		1048572		1636		1046936
[13:53:59]		1048572		1636		1046936
[13:54:02]		1048572		1636		1046936
[13:54:05]		1048572		1636		1046936
[13:54:08]		1048572		1636		1046936
[13:54:11]		1048572		1636		1046936
[13:54:14]		1048572		1636		1046936
[13:54:17]		1048572		1636		1046936
[13:54:20]		1048572		1636		1046936
[13:54:23]		1048572		1636		1046936
[13:54:26]		1048572		1636		1046936
[13:54:29]		1048572		1636		1046936
[13:54:32]		1048572		1636		1046936
[13:54:35]		1048572		1636		1046936
[13:54:38]		1048572		1636		1046936
[13:54:41]		1048572		1636		1046936
[13:54:44]		1048572		1636		1046936
[13:54:47]		1048572		1636		1046936
[13:54:50]		1048572		1636		1046936
[13:54:53]		1048572		1636		1046936
[13:54:56]		1048572		1636		1046936
[13:54:59]		1048572		1636		1046936
[13:55:02]		1048572		1636		1046936
[13:55:05]		1048572		1636		1046936
[13:55:08]		1048572		1636		1046936
[13:55:11]		1048572		1636		1046936
[13:55:14]		1048572		1636		1046936
[13:55:17]		1048572		1636		1046936
[13:55:20]		1048572		1636		1046936
[13:55:23]		1048572		1636		1046936
[13:55:26]		1048572		1636		1046936
[13:55:29]		1048572		1636		1046936
[13:55:32]		1048572		1636		1046936
[13:55:35]		1048572		1636		1046936
[13:55:38]		1048572		1636		1046936
[13:55:41]		1048572		1636		1046936
[13:55:44]		1048572		1636		1046936
[13:55:47]		1048572		1636		1046936
[13:55:50]		1048572		1636		1046936
[13:55:53]		1048572		1636		1046936
[13:55:56]		1048572		1636		1046936
[13:55:59]		1048572		1636		1046936
[13:56:02]		1048572		1636		1046936
[13:56:05]		1048572		1636		1046936
[13:56:08]		1048572		1636		1046936
[13:56:11]		1048572		1636		1046936
[13:56:14]		1048572		1636		1046936
[13:56:17]		1048572		1636		1046936
[13:56:20]		1048572		1636		1046936
[13:56:23]		1048572		1636		1046936
[13:56:26]		1048572		1636		1046936
[13:56:29]		1048572		1636		1046936
[13:56:32]		1048572		1636		1046936
[13:56:35]		1048572		1636		1046936
[13:56:38]		1048572		1636		1046936
[13:56:41]		1048572		1636		1046936
[13:56:44]		1048572		1636		1046936
[13:56:47]		1048572		1636		1046936
[13:56:50]		1048572		1636		1046936
[13:56:53]		1048572		1636		1046936
[13:56:56]		1048572		1636		1046936
[13:56:59]		1048572		1636		1046936
[13:57:02]		1048572		1636		1046936
[13:57:05]		1048572		1636		1046936
[13:57:08]		1048572		1636		1046936
[13:57:11]		1048572		1636		1046936
[13:57:14]		1048572		1636		1046936
[13:57:17]		1048572		1636		1046936
[13:57:20]		1048572		1636		1046936
[13:57:23]		1048572		1636		1046936
[13:57:26]		1048572		1636		1046936
[13:57:29]		1048572		1636		1046936
[13:57:32]		1048572		1636		1046936
[13:57:35]		1048572		1636		1046936
[13:57:38]		1048572		1636		1046936
[13:57:41]		1048572		1636		1046936
[13:57:44]		1048572		1636		1046936
[13:57:47]		1048572		1636		1046936
[13:57:50]		1048572		1636		1046936
[13:57:53]		1048572		1636		1046936
[13:57:56]		1048572		1636		1046936
[13:57:59]		1048572		1636		1046936
[13:58:02]		1048572		1636		1046936
[13:58:05]		1048572		1636		1046936
[13:58:08]		1048572		1636		1046936
[13:58:11]		1048572		1636		1046936
[13:58:14]		1048572		1636		1046936
[13:58:17]		1048572		1636		1046936
[13:58:20]		1048572		1636		1046936
[13:58:23]		1048572		1636		1046936
[13:58:26]		1048572		1636		1046936
[13:58:29]		1048572		1636		1046936
[13:58:32]		1048572		1636		1046936
[13:58:35]		1048572		1636		1046936
[13:58:38]		1048572		1636		1046936
[13:58:41]		1048572		1636		1046936
[13:58:44]		1048572		1636		1046936
[13:58:47]		1048572		1636		1046936
[13:58:50]		1048572		1636		1046936
[13:58:53]		1048572		1636		1046936
[13:58:56]		1048572		1636		1046936
[13:58:59]		1048572		1636		1046936
[13:59:02]		1048572		1636		1046936
[13:59:05]		1048572		1636		1046936
[13:59:08]		1048572		1636		1046936
[13:59:11]		1048572		1636		1046936
[13:59:14]		1048572		1636		1046936
[13:59:17]		1048572		1636		1046936
[13:59:20]		1048572		1636		1046936
[13:59:23]		1048572		1636		1046936
[13:59:26]		1048572		1636		1046936
[13:59:29]		1048572		1636		1046936
[13:59:32]		1048572		1636		1046936
[13:59:35]		1048572		1636		1046936
[13:59:38]		1048572		1636		1046936
[13:59:41]		1048572		1636		1046936
[13:59:44]		1048572		1636		1046936
[13:59:47]		1048572		1636		1046936
[13:59:50]		1048572		1636		1046936
[13:59:53]		1048572		1636		1046936
[13:59:56]		1048572		1636		1046936
[13:59:59]		1048572		1636		1046936
[14:00:02]		1048572		1636		1046936
[14:00:05]		1048572		1636		1046936
[14:00:08]		1048572		1636		1046936
[14:00:11]		1048572		1636		1046936
[14:00:14]		1048572		1636		1046936
[14:00:17]		1048572		1636		1046936
[14:00:20]		1048572		1636		1046936
[14:00:23]		1048572		1636		1046936
[14:00:26]		1048572		1636		1046936
[14:00:29]		1048572		1636		1046936
[14:00:32]		1048572		1636		1046936
[14:00:35]		1048572		1636		1046936
[14:00:38]		1048572		1636		1046936
[14:00:41]		1048572		1636		1046936
[14:00:44]		1048572		1636		1046936
[14:00:47]		1048572		1636		1046936
[14:00:50]		1048572		1636		1046936
[14:00:53]		1048572		1636		1046936
[14:00:56]		1048572		1636		1046936
[14:00:59]		1048572		1636		1046936
[14:01:02]		1048572		1636		1046936
[14:01:05]		1048572		1636		1046936
[14:01:08]		1048572		1636		1046936
[14:01:11]		1048572		1636		1046936
[14:01:14]		1048572		1636		1046936
[14:01:17]		1048572		1636		1046936
[14:01:20]		1048572		1636		1046936
[14:01:23]		1048572		1636		1046936
[14:01:26]		1048572		1636		1046936
[14:01:29]		1048572		1636		1046936
[14:01:32]		1048572		1636		1046936
[14:01:35]		1048572		1636		1046936
[14:01:38]		1048572		1636		1046936
[14:01:41]		1048572		1636		1046936
[14:01:44]		1048572		1636		1046936
[14:01:47]		1048572		1636		1046936
[14:01:50]		1048572		1636		1046936
[14:01:53]		1048572		1636		1046936
[14:01:56]		1048572		1636		1046936
[14:01:59]		1048572		1636		1046936
[14:02:02]		1048572		1636		1046936
[14:02:05]		1048572		1636		1046936
[14:02:08]		1048572		1636		1046936
[14:02:11]		1048572		1636		1046936
[14:02:14]		1048572		1636		1046936
[14:02:17]		1048572		1636		1046936
[14:02:20]		1048572		1636		1046936
[14:02:23]		1048572		1636		1046936
[14:02:26]		1048572		1636		1046936
[14:02:29]		1048572		1636		1046936
[14:02:32]		1048572		1636		1046936
[14:02:35]		1048572		1636		1046936
[14:02:38]		1048572		1636		1046936
[14:02:41]		1048572		1636		1046936
[14:02:44]		1048572		1636		1046936
[14:02:47]		1048572		1636		1046936
[14:02:50]		1048572		1636		1046936
[14:02:53]		1048572		1636		1046936
[14:02:56]		1048572		1636		1046936
[14:02:59]		1048572		1636		1046936
[14:03:02]		1048572		1636		1046936
[14:03:05]		1048572		1636		1046936
[14:03:08]		1048572		1636		1046936
[14:03:11]		1048572		1636		1046936
[14:03:14]		1048572		1636		1046936
[14:03:17]		1048572		1636		1046936
[14:03:20]		1048572		1636		1046936
[14:03:23]		1048572		1636		1046936
[14:03:26]		1048572		1636		1046936
[14:03:29]		1048572		1636		1046936
[14:03:32]		1048572		1636		1046936
[14:03:35]		1048572		1636		1046936
[14:03:38]		1048572		1636		1046936
[14:03:41]		1048572		1636		1046936
[14:03:44]		1048572		1636		1046936
[14:03:47]		1048572		1636		1046936
[14:03:50]		1048572		1636		1046936
[14:03:53]		1048572		1636		1046936
[14:03:56]		1048572		1636		1046936
[14:03:59]		1048572		1636		1046936
[14:04:02]		1048572		1636		1046936
[14:04:05]		1048572		1636		1046936
[14:04:08]		1048572		1636		1046936
[14:04:11]		1048572		1636		1046936
[14:04:14]		1048572		1636		1046936
[14:04:17]		1048572		1636		1046936
[14:04:20]		1048572		1636		1046936
[14:04:23]		1048572		1636		1046936
[14:04:26]		1048572		1636		1046936
[14:04:29]		1048572		1636		1046936
[14:04:32]		1048572		1636		1046936
[14:04:35]		1048572		1636		1046936
[14:04:38]		1048572		1636		1046936
[14:04:41]		1048572		1636		1046936
[14:04:44]		1048572		1636		1046936
[14:04:47]		1048572		1636		1046936
[14:04:50]		1048572		1636		1046936
[14:04:53]		1048572		1636		1046936
[14:04:56]		1048572		1636		1046936
[14:04:59]		1048572		1636		1046936
[14:05:02]		1048572		1636		1046936
[14:05:05]		1048572		1636		1046936
[14:05:08]		1048572		1636		1046936
[14:05:11]		1048572		1636		1046936
[14:05:14]		1048572		1636		1046936
[14:05:17]		1048572		1636		1046936
[14:05:20]		1048572		1636		1046936
[14:05:23]		1048572		1636		1046936
[14:05:26]		1048572		1636		1046936
[14:05:29]		1048572		1636		1046936
[14:05:32]		1048572		1636		1046936
[14:05:35]		1048572		1636		1046936
[14:05:38]		1048572		1636		1046936
[14:05:41]		1048572		1636		1046936
[14:05:44]		1048572		1636		1046936
[14:05:47]		1048572		1636		1046936
[14:05:50]		1048572		1636		1046936
[14:05:53]		1048572		1636		1046936
[14:05:56]		1048572		1636		1046936
[14:05:59]		1048572		1636		1046936
[14:06:02]		1048572		1636		1046936
[14:06:05]		1048572		1636		1046936
[14:06:08]		1048572		1636		1046936
[14:06:11]		1048572		1636		1046936
[14:06:14]		1048572		1636		1046936
[14:06:17]		1048572		1636		1046936
[14:06:20]		1048572		1636		1046936
[14:06:23]		1048572		1636		1046936
[14:06:26]		1048572		1636		1046936
[14:06:29]		1048572		1636		1046936
[14:06:32]		1048572		1636		1046936
[14:06:35]		1048572		1636		1046936
[14:06:38]		1048572		1636		1046936
[14:06:41]		1048572		1636		1046936
[14:06:44]		1048572		1636		1046936
[14:06:47]		1048572		1636		1046936
[14:06:50]		1048572		1636		1046936
[14:06:53]		1048572		1636		1046936
[14:06:56]		1048572		1636		1046936
[14:06:59]		1048572		1636		1046936
[14:07:02]		1048572		1636		1046936
[14:07:05]		1048572		1636		1046936
[14:07:08]		1048572		1636		1046936
[14:07:11]		1048572		1636		1046936
[14:07:14]		1048572		1636		1046936
[14:07:17]		1048572		1636		1046936
[14:07:20]		1048572		1636		1046936
[14:07:23]		1048572		1636		1046936
[14:07:26]		1048572		1636		1046936
[14:07:29]		1048572		1636		1046936
[14:07:32]		1048572		1636		1046936
[14:07:35]		1048572		1636		1046936
[14:07:38]		1048572		1636		1046936
[14:07:41]		1048572		1636		1046936
[14:07:44]		1048572		1636		1046936
[14:07:47]		1048572		1636		1046936
[14:07:50]		1048572		1636		1046936
[14:07:53]		1048572		1636		1046936
[14:07:56]		1048572		1636		1046936
[14:07:59]		1048572		1636		1046936
[14:08:02]		1048572		1636		1046936
[14:08:05]		1048572		1636		1046936
[14:08:08]		1048572		1636		1046936
[14:08:11]		1048572		1636		1046936
[14:08:14]		1048572		1636		1046936
[14:08:17]		1048572		1636		1046936
[14:08:20]		1048572		1636		1046936
[14:08:23]		1048572		1636		1046936
[14:08:26]		1048572		1636		1046936
[14:08:29]		1048572		1636		1046936
[14:08:32]		1048572		1636		1046936
[14:08:35]		1048572		1636		1046936
[14:08:38]		1048572		1636		1046936
[14:08:41]		1048572		1636		1046936
[14:08:44]		1048572		1636		1046936
[14:08:47]		1048572		1636		1046936
[14:08:51]		1048572		1636		1046936
[14:08:54]		1048572		1636		1046936
[14:08:57]		1048572		1636		1046936
[14:09:00]		1048572		1636		1046936
[14:09:03]		1048572		1636		1046936
[14:09:06]		1048572		1636		1046936
[14:09:09]		1048572		1636		1046936
[14:09:12]		1048572		1636		1046936
[14:09:15]		1048572		1636		1046936
[14:09:18]		1048572		1636		1046936
[14:09:21]		1048572		1636		1046936
[14:09:24]		1048572		1636		1046936
[14:09:27]		1048572		1636		1046936
[14:09:30]		1048572		1636		1046936
[14:09:33]		1048572		1636		1046936
[14:09:36]		1048572		1636		1046936
[14:09:39]		1048572		1636		1046936
[14:09:42]		1048572		1636		1046936
[14:09:45]		1048572		1636		1046936
[14:09:48]		1048572		1636		1046936
[14:09:51]		1048572		1636		1046936
[14:09:54]		1048572		1636		1046936
[14:09:57]		1048572		1636		1046936
[14:10:00]		1048572		1636		1046936
[14:10:03]		1048572		1636		1046936
[14:10:06]		1048572		1636		1046936
[14:10:09]		1048572		1636		1046936
[14:10:12]		1048572		1636		1046936
[14:10:15]		1048572		1636		1046936
[14:10:18]		1048572		1636		1046936
[14:10:21]		1048572		1636		1046936
[14:10:24]		1048572		1636		1046936
[14:10:27]		1048572		1636		1046936
[14:10:30]		1048572		1636		1046936
[14:10:33]		1048572		1636		1046936
[14:10:36]		1048572		1636		1046936
[14:10:39]		1048572		1636		1046936
[14:10:42]		1048572		1636		1046936
[14:10:45]		1048572		1636		1046936
[14:10:48]		1048572		1636		1046936
[14:10:51]		1048572		1636		1046936
[14:10:54]		1048572		1636		1046936
[14:10:57]		1048572		1636		1046936
[14:11:00]		1048572		1636		1046936
[14:11:03]		1048572		1636		1046936
[14:11:06]		1048572		1636		1046936
[14:11:09]		1048572		1636		1046936
[14:11:12]		1048572		1636		1046936
[14:11:15]		1048572		1636		1046936
[14:11:18]		1048572		1636		1046936
[14:11:21]		1048572		1636		1046936
[14:11:24]		1048572		1636		1046936
[14:11:27]		1048572		1636		1046936
[14:11:30]		1048572		1636		1046936
[14:11:33]		1048572		1636		1046936
[14:11:36]		1048572		1636		1046936
[14:11:39]		1048572		1636		1046936
[14:11:42]		1048572		1636		1046936
[14:11:45]		1048572		1636		1046936
[14:11:48]		1048572		1636		1046936
[14:11:51]		1048572		1636		1046936
[14:11:54]		1048572		1636		1046936
[14:11:57]		1048572		1636		1046936
[14:12:00]		1048572		1636		1046936
[14:12:03]		1048572		1636		1046936
[14:12:06]		1048572		1636		1046936
[14:12:09]		1048572		1636		1046936
[14:12:12]		1048572		1636		1046936
[14:12:15]		1048572		1636		1046936
[14:12:18]		1048572		1636		1046936
[14:12:21]		1048572		1636		1046936
[14:12:24]		1048572		1636		1046936
[14:12:27]		1048572		1636		1046936
[14:12:30]		1048572		1636		1046936
[14:12:33]		1048572		1636		1046936
[14:12:36]		1048572		1636		1046936
[14:12:39]		1048572		1636		1046936
[14:12:42]		1048572		1636		1046936
[14:12:45]		1048572		1636		1046936
[14:12:48]		1048572		1636		1046936
[14:12:51]		1048572		1636		1046936
[14:12:54]		1048572		1636		1046936
[14:12:57]		1048572		1636		1046936
[14:13:00]		1048572		1636		1046936
[14:13:03]		1048572		1636		1046936
[14:13:06]		1048572		1636		1046936
[14:13:09]		1048572		1636		1046936
[14:13:12]		1048572		1636		1046936
[14:13:15]		1048572		1636		1046936
[14:13:18]		1048572		1636		1046936
[14:13:21]		1048572		1636		1046936
[14:13:24]		1048572		1636		1046936
[14:13:27]		1048572		1636		1046936
[14:13:30]		1048572		1636		1046936
[14:13:33]		1048572		1636		1046936
[14:13:36]		1048572		1636		1046936
[14:13:39]		1048572		1636		1046936
[14:13:42]		1048572		1636		1046936
[14:13:45]		1048572		1636		1046936
[14:13:48]		1048572		1636		1046936
[14:13:51]		1048572		1636		1046936
[14:13:54]		1048572		1636		1046936
[14:13:57]		1048572		1636		1046936
[14:14:00]		1048572		1636		1046936
[14:14:03]		1048572		1636		1046936
[14:14:06]		1048572		1636		1046936
[14:14:09]		1048572		1636		1046936
[14:14:12]		1048572		1636		1046936
[14:14:15]		1048572		1636		1046936
[14:14:18]		1048572		1636		1046936
[14:14:21]		1048572		1636		1046936
[14:14:24]		1048572		1636		1046936
[14:14:27]		1048572		1636		1046936
[14:14:30]		1048572		1636		1046936
[14:14:33]		1048572		1636		1046936
[14:14:36]		1048572		1636		1046936
[14:14:39]		1048572		1636		1046936
[14:14:42]		1048572		1636		1046936
[14:14:45]		1048572		1636		1046936
[14:14:48]		1048572		1636		1046936
[14:14:51]		1048572		1636		1046936
[14:14:54]		1048572		1636		1046936
[14:14:57]		1048572		1636		1046936
[14:15:00]		1048572		1636		1046936
[14:15:03]		1048572		1636		1046936
[14:15:06]		1048572		1636		1046936
[14:15:09]		1048572		1636		1046936
[14:15:12]		1048572		1636		1046936
[14:15:15]		1048572		1636		1046936
[14:15:18]		1048572		1636		1046936
[14:15:21]		1048572		1636		1046936
[14:15:24]		1048572		1636		1046936
[14:15:27]		1048572		1636		1046936
[14:15:30]		1048572		1636		1046936
[14:15:33]		1048572		1636		1046936
[14:15:36]		1048572		1636		1046936
[14:15:39]		1048572		1636		1046936
[14:15:42]		1048572		1636		1046936
[14:15:45]		1048572		1636		1046936
[14:15:48]		1048572		1636		1046936
[14:15:51]		1048572		1636		1046936
[14:15:54]		1048572		1636		1046936
[14:15:57]		1048572		1636		1046936
[14:16:00]		1048572		1636		1046936
[14:16:03]		1048572		1636		1046936
[14:16:06]		1048572		1636		1046936
[14:16:09]		1048572		1636		1046936
[14:16:12]		1048572		1636		1046936
[14:16:15]		1048572		1636		1046936
[14:16:18]		1048572		1636		1046936
[14:16:21]		1048572		1636		1046936
[14:16:24]		1048572		1636		1046936
[14:16:27]		1048572		1636		1046936
[14:16:30]		1048572		1636		1046936
[14:16:33]		1048572		1636		1046936
[14:16:36]		1048572		1636		1046936
[14:16:39]		1048572		1636		1046936
[14:16:42]		1048572		1636		1046936
[14:16:45]		1048572		1636		1046936
[14:16:48]		1048572		1636		1046936
[14:16:51]		1048572		1636		1046936
[14:16:54]		1048572		1636		1046936
[14:16:57]		1048572		1636		1046936
[14:17:00]		1048572		1636		1046936
[14:17:03]		1048572		1636		1046936
[14:17:06]		1048572		1636		1046936
[14:17:09]		1048572		1636		1046936
[14:17:12]		1048572		1636		1046936
[14:17:15]		1048572		1636		1046936
[14:17:18]		1048572		1636		1046936
[14:17:21]		1048572		1636		1046936
[14:17:24]		1048572		1636		1046936
[14:17:27]		1048572		1636		1046936
[14:17:30]		1048572		1636		1046936
[14:17:33]		1048572		1636		1046936
[14:17:36]		1048572		1636		1046936
[14:17:39]		1048572		1636		1046936
[14:17:42]		1048572		1636		1046936
[14:17:45]		1048572		1636		1046936
[14:17:48]		1048572		1636		1046936
[14:17:51]		1048572		1636		1046936
[14:17:54]		1048572		1636		1046936
[14:17:57]		1048572		1636		1046936
[14:18:00]		1048572		1636		1046936
[14:18:03]		1048572		1636		1046936
[14:18:06]		1048572		1636		1046936
[14:18:09]		1048572		1636		1046936
[14:18:12]		1048572		1636		1046936
[14:18:15]		1048572		1636		1046936
[14:18:18]		1048572		1636		1046936
[14:18:21]		1048572		1636		1046936
[14:18:24]		1048572		1636		1046936
[14:18:27]		1048572		1636		1046936
[14:18:30]		1048572		1636		1046936
[14:18:33]		1048572		1636		1046936
[14:18:36]		1048572		1636		1046936
[14:18:39]		1048572		1636		1046936
[14:18:42]		1048572		1636		1046936
[14:18:45]		1048572		1636		1046936
[14:18:48]		1048572		1636		1046936
[14:18:51]		1048572		1636		1046936
[14:18:54]		1048572		1636		1046936
[14:18:57]		1048572		1636		1046936
[14:19:00]		1048572		1636		1046936
[14:19:03]		1048572		1636		1046936
[14:19:06]		1048572		1636		1046936
[14:19:09]		1048572		1636		1046936
[14:19:12]		1048572		1636		1046936
[14:19:15]		1048572		1636		1046936
[14:19:18]		1048572		1636		1046936
[14:19:21]		1048572		1636		1046936
[14:19:24]		1048572		1636		1046936
[14:19:27]		1048572		1636		1046936
[14:19:30]		1048572		1636		1046936
[14:19:33]		1048572		1636		1046936
[14:19:36]		1048572		1636		1046936
[14:19:39]		1048572		1636		1046936
[14:19:42]		1048572		1636		1046936
[14:19:45]		1048572		1636		1046936
[14:19:48]		1048572		1636		1046936
[14:19:51]		1048572		1636		1046936
[14:19:54]		1048572		1636		1046936
[14:19:57]		1048572		1636		1046936
[14:20:00]		1048572		1636		1046936
[14:20:03]		1048572		1636		1046936
[14:20:06]		1048572		1636		1046936
[14:20:09]		1048572		1636		1046936
[14:20:12]		1048572		1636		1046936
[14:20:15]		1048572		1636		1046936
[14:20:18]		1048572		1636		1046936
[14:20:21]		1048572		1636		1046936
[14:20:24]		1048572		1636		1046936
[14:20:27]		1048572		1636		1046936
[14:20:30]		1048572		1636		1046936
[14:20:33]		1048572		1636		1046936
[14:20:36]		1048572		1636		1046936
[14:20:39]		1048572		1636		1046936
[14:20:42]		1048572		1636		1046936
[14:20:45]		1048572		1636		1046936
[14:20:48]		1048572		1636		1046936
[14:20:51]		1048572		1636		1046936
[14:20:54]		1048572		1636		1046936
[14:20:57]		1048572		1636		1046936
[14:21:00]		1048572		1636		1046936
[14:21:03]		1048572		1636		1046936
[14:21:06]		1048572		1636		1046936
[14:21:09]		1048572		1636		1046936
[14:21:12]		1048572		1636		1046936
[14:21:15]		1048572		1636		1046936
[14:21:18]		1048572		1636		1046936
[14:21:21]		1048572		1636		1046936
[14:21:24]		1048572		1636		1046936
[14:21:27]		1048572		1636		1046936
[14:21:30]		1048572		1636		1046936
[14:21:33]		1048572		1636		1046936
[14:21:36]		1048572		1636		1046936
[14:21:39]		1048572		1636		1046936
[14:21:42]		1048572		1636		1046936
[14:21:45]		1048572		1636		1046936
[14:21:48]		1048572		1636		1046936
[14:21:51]		1048572		1636		1046936
[14:21:54]		1048572		1636		1046936
[14:21:57]		1048572		1636		1046936
[14:22:00]		1048572		1636		1046936
[14:22:04]		1048572		1636		1046936
[14:22:07]		1048572		1636		1046936
[14:22:10]		1048572		1636		1046936
[14:22:13]		1048572		1636		1046936
[14:22:16]		1048572		1636		1046936
[14:22:19]		1048572		1636		1046936
[14:22:22]		1048572		1636		1046936
[14:22:25]		1048572		1636		1046936
[14:22:28]		1048572		1636		1046936
[14:22:31]		1048572		1636		1046936
[14:22:34]		1048572		1636		1046936
[14:22:37]		1048572		1636		1046936
