recorded by mmserver domain:[id:4 time:Tue Apr  2 13:19:18 2013
]
time		tg_mem		use_mem		free_mem		
13:19:20		872962		646882		226080		
13:19:23		769762		646726		123036		
13:19:25		781414		658378		123036		
13:19:27		784071		661035		123036		
13:19:29		783915		660879		123036		
13:19:31		788955		665919		123036		
13:19:33		788799		648031		140768		
13:19:35		789335		648567		140768		
13:19:37		777087		636319		140768		
13:19:39		764797		624029		140768		
13:19:41		756947		616179		140768		
13:19:43		753727		612959		140768		
13:19:45		735838		595070		140768		
13:19:47		720387		645111		75276		
13:19:49		767991		648363		119628		
13:19:51		771243		481979		289264		
13:19:53		645900		507916		137984		
13:19:55		652228		554184		98044		
13:19:57		690244		593000		97244		
13:19:59		717120		639748		77372		
13:20:01		717120		638956		78164		
13:20:03		761836		686976		74860		
13:20:05		809856		737668		72188		
13:20:07		766018		691090		74928		
13:20:09		813970		725302		88668		
13:20:11		848182		756422		91760		
13:20:13		879302		744794		134508		
13:20:15		870304		752552		117752		
13:20:17		875688		752948		122740		
13:20:19		876535		755491		121044		
13:20:21		878371		421387		456984		
13:20:23		602856		392384		210472		
13:20:25		606492		467980		138512		
13:20:27		622613		508813		113800		
13:20:29		646484		551056		95428		
13:20:32		673936		579420		94516		
13:20:34		702300		615424		86876		
13:20:36		738303		651411		86892		
13:20:38		774291		684631		89660		
13:20:40		807511		719911		87600		
13:20:42		842791		752295		90496		
13:20:44		875175		783047		92128		
13:20:46		905927		810647		95280		
13:20:48		930507		832943		97564		
13:20:50		952793		866477		86316		
13:20:52		985214		901486		83728		
13:20:54		1020149		941733		78416		
13:20:56		1051194		959046		92148		
13:20:58		1064254		992278		71976		
13:21:00		1091559		993931		97628		
13:21:02		1093261		999237		94024		
13:21:04		1092019		1025287		66732		
13:21:06		1118155		1002063		116092		
13:21:08		1088642		977262		111380		
13:21:10		1067400		977340		90060		
13:21:12		1060959		976031		84928		
13:21:14		1059386		979134		80252		
13:21:16		1059296		990832		68464		
13:21:18		1068109		997969		70140		
13:21:20		1071743		1001603		70140		
13:21:22		1075219		1005079		70140		
13:21:24		1074177		969185		104992		
13:21:26		1042864		961956		80908		
13:21:28		1035139		942195		92944		
13:21:30		1017577		885377		132200		
13:21:33		966088		852736		113352		
13:21:35		932816		852640		80176		
13:21:37		935515		841271		94244		
13:21:39		924358		837026		87332		
13:21:41		917759		829571		88188		
13:21:43		910942		836386		74556		
13:21:45		915713		814601		101112		
13:21:47		895827		830643		65184		
13:21:49		910135		819435		90700		
13:21:51		897410		755686		141724		
13:21:53		839818		748314		91504		
13:21:55		829298		758130		71168		
13:21:57		840467		708303		132164		
13:21:59		831423		760763		70660		
13:22:01		915901		740817		175084		
13:22:03		777638		708006		69632		
13:22:05		832259		703695		128564		
13:22:07		824135		701891		122244		
13:22:09		822500		695544		126956		
13:22:11		814702		706470		108232		
13:22:13		823334		691790		131544		
13:22:15		809112		700504		108608		
13:22:17		813609		696941		116668		
13:22:19		815932		696916		119016		
13:22:21		810382		703270		107112		
13:22:23		811932		690344		121588		
13:22:25		800316		673024		127292		
13:22:27		784565		702905		81660		
13:22:29		808001		685173		122828		
13:22:31		790748		678568		112180		
13:22:33		782339		617359		164980		
13:22:35		726290		606138		120152		
13:22:38		710364		631132		79232		
13:22:40		735678		596786		138892		
13:22:42		703972		627592		76380		
13:22:44		728013		600793		127220		
13:22:46		705736		614104		91632		
13:22:48		736290		649246		87044		
13:22:50		694136		621968		72168		
13:22:52		747602		585942		161660		
13:22:54		708841		600509		108332		
13:22:56		711491		621387		90104		
13:22:58		730433		583025		147408		
13:23:00		690019		595947		94072		
13:23:02		700405		593313		107092		
13:23:04		698523		580131		118392		
13:23:06		682199		563807		118392		
13:23:08		667818		592958		74860		
13:23:10		692378		594950		97428		
13:23:12		695757		592253		103504		
13:23:14		692111		598155		93956		
13:23:16		729029		632221		96808		
13:23:18		722158		582074		140084		
13:23:20		705503		606835		98668		
13:23:22		726625		581457		145168		
13:23:24		703986		596018		107968		
13:23:26		714976		575620		139356		
13:23:28		696472		596440		100032		
13:23:30		712680		602604		110076		
13:23:32		717235		583351		133884		
13:23:34		701303		589119		112184		
13:23:36		704473		603945		100528		
13:23:38		749549		654229		95320		
13:23:41		742357		593965		148392		
13:23:43		722784		607624		115160		
13:23:45		730503		613483		117020		
13:23:47		736363		615995		120368		
13:23:49		738874		607718		131156		
13:23:51		729991		587303		142688		
13:23:53		709756		605508		104248		
13:23:55		723469		591809		131660		
13:23:57		710242		602274		107968		
13:23:59		718273		612165		106108		
13:24:01		727270		580218		147052		
13:24:03		693970		565774		128196		
13:24:05		674661		546465		128196		
13:24:07		666313		587421		78892		
13:24:09		691515		566607		124908		
13:24:11		675452		600068		75384		
13:24:13		702274		565866		136408		
13:24:15		669522		542786		126736		
13:24:17		648252		574572		73680		
13:24:19		674118		580882		93236		
13:24:21		680766		572674		108092		
13:24:23		672972		528688		144284		
13:24:25		633431		519899		113532		
13:24:27		622398		538130		84268		
13:24:29		671629		583373		88256		
13:24:31		649099		541839		107260		
13:24:33		667226		533262		133964		
13:24:35		649539		521403		128136		
13:24:37		641789		536965		104824		
13:24:39		648544		503048		145496		
13:24:42		613110		518206		94904		
13:24:44		625429		518745		106684		
13:24:46		628020		514764		113256		
13:24:48		619196		496128		123068		
13:24:50		602729		537093		65636		
13:24:52		636070		516962		119108		
13:24:54		615612		506300		109312		
13:24:56		604950		500226		104724		
13:24:58		597236		499208		98028		
13:25:00		594055		486851		107204		
13:25:02		583009		491913		91096		
13:25:04		587651		507083		80568		
13:25:06		597985		476613		121372		
13:25:08		568967		493491		75476		
13:25:10		580431		470763		109668		
13:25:12		561503		468203		93300		
13:25:14		560531		466755		93776		
13:25:16		566122		457942		108180		
13:25:18		555392		484040		71352		
13:25:20		580478		463494		116984		
13:25:22		562123		450471		111652		
13:25:24		548637		467241		81396		
13:25:26		563244		463128		100116		
13:25:28		560198		482394		77804		
13:25:30		576627		456463		120164		
13:25:32		553373		474997		78376		
13:25:34		553373		423901		129472		
13:25:36		524620		412104		112516		
13:25:38		511344		415692		95652		
13:25:40		515723		426271		89452		
13:25:42		515723		402799		112924		
13:25:45		527931		401127		126804		
13:25:47		525058		415250		109808		
13:25:49		535267		406891		128376		
13:25:51		531460		392420		139040		
13:25:53		517769		387665		130104		
13:25:55		511414		406110		105304		
13:25:57		521219		416907		104312		
13:25:59		528568		420660		107908		
13:26:01		527854		426766		101088		
13:26:03		532843		394431		138412		
13:26:05		502502		413194		89308		
13:26:07		514543		378471		136072		
13:26:09		484836		397040		87796		
13:26:11		499882		417418		82464		
13:26:13		518549		386237		132312		
13:26:15		525389		389977		135412		
13:26:17		568107		424387		143720		
13:26:19		556280		405980		150300		
13:26:21		532342		442554		89788		
13:26:23		563704		400012		163692		
13:26:25		523608		381104		142504		
13:26:27		501965		394569		107396		
13:26:29		514656		394728		119928		
13:26:31		513617		392449		121168		
13:26:33		509739		395887		113852		
13:26:35		559034		421746		137288		
13:26:37		517869		389137		128732		
13:26:39		545954		411022		134932		
13:26:41		484073		382249		101824		
13:26:43		524744		398740		126004		
13:26:45		534008		352188		181820		
13:26:48		488633		395861		92772		
13:26:50		516879		358759		158120		
13:26:52		483597		397645		85952		
13:26:54		549010		442598		106412		
13:26:56		524933		393845		131088		
13:26:58		537212		375976		161236		
13:27:00		521326		411194		110132		
13:27:02		540186		390498		149688		
13:27:04		522220		419900		102320		
13:27:06		544351		377179		167172		
13:27:08		506333		381693		124640		
13:27:10		505779		428755		77024		
13:27:12		549845		407101		142744		
13:27:14		528230		414998		113232		
13:27:16		531623		371255		160368		
13:27:18		490452		409832		80620		
13:27:20		519866		416306		103560		
13:27:22		528178		384938		143240		
13:27:24		497899		401283		96616		
13:27:26		509324		420892		88432		
13:27:28		526722		395634		131088		
13:27:30		501729		409205		92524		
13:27:32		511184		425976		85208		
13:27:34		526610		427390		99220		
13:27:36		525708		375136		150572		
13:27:38		477640		407428		70212		
13:27:40		503340		374412		128928		
13:27:42		476478		390222		86256		
13:27:44		487533		402765		84768		
13:27:46		500742		380634		120108		
13:27:49		482325		378585		103740		
13:27:51		478958		349162		129796		
13:27:53		453174		382170		71004		
13:27:55		479129		329937		149192		
13:27:57		433425		360741		72684		
13:27:59		458116		363252		94864		
13:28:01		463812		378620		85192		
13:28:03		515911		390419		125492		
13:28:05		506381		342697		163684		
13:28:07		480360		359936		120424		
13:28:09		524859		433591		91268		
13:28:11		538799		379587		159212		
13:28:13		521597		379405		142192		
13:28:15		515928		372248		143680		
13:28:17		499029		335633		163396		
13:28:19		464525		349489		115036		
13:28:21		472839		353215		119624		
13:28:23		474851		330907		143944		
13:28:25		455218		365106		90112		
13:28:27		479480		344356		135124		
13:28:29		461685		351981		109704		
13:28:31		466926		352510		114416		
13:28:33		466047		335635		130412		
13:28:35		449827		356739		93088		
13:28:37		468056		352532		115524		
13:28:39		499144		368236		130908		
13:28:41		485064		361844		123220		
13:28:43		498158		352618		145540		
13:28:45		487425		345729		141696		
13:28:47		479575		336871		142704		
13:28:49		471467		362507		108960		
13:28:52		491416		344744		146672		
13:28:54		477470		371610		105860		
13:28:56		497396		355576		141820		
13:28:58		484083		338791		145292		
13:29:00		464359		353167		111192		
13:29:02		475923		354067		121856		
13:29:04		475657		357769		117888		
13:29:06		473808		356292		117516		
13:29:08		466800		344820		121980		
13:29:10		454043		347811		106232		
13:29:12		454326		364958		89368		
13:29:14		470787		381667		89120		
13:29:16		518554		414678		103876		
13:29:18		503441		359265		144176		
13:29:20		483641		358933		124708		
13:29:22		482612		369312		113300		
13:29:24		489236		374076		115160		
13:29:26		492236		353020		139216		
13:29:28		472282		369894		102388		
13:29:30		486422		376338		110084		
13:29:32		491027		375487		115540		
13:29:34		487935		352911		135024		
13:29:36		467131		385071		82060		
13:29:38		493975		373723		120252		
13:29:40		482923		371599		111324		
13:29:42		480057		352349		127708		
13:29:44		462225		355489		106736		
13:29:46		457725		381617		76108		
13:29:48		491716		404696		87020		
13:29:51		474034		375242		98792		
13:29:53		554481		483521		70960		
13:29:55		499551		343139		156412		
13:29:57		488145		394873		93272		
13:29:59		530408		389520		140888		
13:30:01		523242		405790		117452		
13:30:03		531264		372644		158620		
13:30:05		494871		414495		80376		
13:30:07		523988		398228		125760		
13:30:09		509777		372485		137292		
13:30:11		483018		386026		96992		
13:30:13		500185		375541		124644		
13:30:15		490824		377712		113112		
13:30:17		490153		369849		120304		
13:30:19		482995		393071		89924		
13:30:21		503544		370716		132828		
13:30:23		482487		382395		100092		
13:30:25		490328		371148		119180		
13:30:27		512138		405234		106904		
13:30:29		575491		393691		181800		
13:30:31		523567		380579		142988		
13:30:33		513805		381613		132192		
13:30:35		512527		370647		141880		
13:30:37		503555		354475		149080		
13:30:39		485029		380481		104548		
13:30:41		509052		379208		129844		
13:30:43		506757		406673		100084		
13:30:45		530186		389182		141004		
13:30:47		511266		397170		114096		
13:30:49		509085		368569		140516		
13:30:51		478498		375182		103316		
13:30:53		479837		390409		89428		
13:30:56		491500		396004		95496		
13:30:58		498577		378529		120048		
13:31:00		498577		372461		126116		
13:31:02		468721		365009		103712		
13:31:04		462587		378847		83740		
13:31:06		511291		424739		86552		
13:31:08		502727		367047		135680		
13:31:10		492359		389911		102448		
13:31:12		506424		353260		153164		
13:31:14		472629		379109		93520		
13:31:16		490301		395417		94884		
13:31:18		505587		390739		114848		
13:31:20		499724		398268		101456		
13:31:22		504618		389034		115584		
13:31:24		494424		410700		83724		
13:31:26		512477		367001		145476		
13:31:28		472565		387229		85336		
13:31:30		485843		401259		84584		
13:31:32		500528		418292		82236		
13:31:34		511880		402860		109020		
13:31:36		496818		387922		108896		
13:31:38		480273		397169		83104		
13:31:40		490135		392927		97208		
13:31:42		482609		384749		97860		
13:31:44		475501		372045		103456		
13:31:46		556132		475500		80632		
13:31:48		554959		405631		149328		
13:31:50		567077		395553		171524		
13:31:52		556984		373184		183800		
13:31:54		532658		408006		124652		
13:31:56		557581		390149		167432		
13:31:58		539752		357076		182676		
13:32:01		505832		396804		109028		
13:32:03		532362		415770		116592		
13:32:05		540973		410245		130728		
13:32:07		533663		371175		162488		
13:32:09		496921		415297		81624		
13:32:11		525250		402706		122544		
13:32:13		517760		403260		114500		
13:32:15		515355		387231		128124		
13:32:17		497004		398048		98956		
13:32:19		499369		380917		118452		
13:32:21		483364		417844		65520		
13:32:23		514401		407533		106868		
13:32:25		502392		377916		124476		
13:32:27		474147		414079		60068		
13:32:29		501710		419258		82452		
13:32:31		504181		405361		98820		
13:32:33		488635		427895		60740		
13:32:35		507463		435791		71672		
13:32:37		518720		417684		101036		
13:32:39		498561		398993		99568		
13:32:41		485723		406367		79356		
13:32:43		490327		382615		107712		
13:32:45		469042		397870		71172		
13:32:47		481136		365564		115572		
13:32:49		450038		392406		57632		
13:32:51		469709		381417		88292		
13:32:53		462686		401210		61476		
13:32:55		478164		399600		78564		
13:32:57		511958		446102		65856		
13:33:00		516964		420656		96308		
13:33:02		571699		357759		213940		
13:33:04		549923		358303		191620		
13:33:06		514396		366672		147724		
13:33:08		512026		414026		98000		
13:33:10		555186		368030		187156		
13:33:12		512929		389633		123296		
13:33:14		528889		380669		148220		
13:33:16		513018		330186		182832		
13:33:18		464533		333161		131372		
13:33:20		456853		395369		61484		
13:33:22		514136		359524		154612		
13:33:24		480496		362588		117908		
13:33:26		478515		392723		85792		
13:33:28		506480		392912		113568		
13:33:30		505533		378697		126836		
13:33:32		491859		373699		118160		
13:33:34		483409		386577		96832		
13:33:36		492001		399137		92864		
13:33:38		503674		394294		109380		
13:33:40		532032		393852		138180		
13:33:42		488882		365490		123392		
13:33:44		485897		375649		110248		
13:33:46		494747		387351		107396		
13:33:48		505772		387092		118680		
13:33:50		509522		355750		153772		
13:33:52		476121		364385		111736		
13:33:54		476121		387325		88796		
13:33:56		500494		355774		144720		
13:33:59		467942		363150		104792		
13:34:01		471710		385642		86068		
13:34:03		492417		375605		116812		
13:34:05		510791		394227		116564		
13:34:07		552655		344331		208324		
13:34:09		521948		367912		154036		
13:34:11		558684		375772		182912		
13:34:13		539735		368487		171248		
13:34:15		521345		372665		148680		
13:34:17		530307		401335		128972		
13:34:19		548048		360672		187376		
13:34:21		540108		377036		163072		
13:34:23		575099		358335		216764		
13:34:25		522679		378207		144472		
13:34:27		534742		388914		145828		
13:34:29		541442		369450		171992		
13:34:31		523523		383399		140124		
13:34:33		531817		387601		144216		
13:34:35		533954		344462		189492		
13:34:37		496989		375465		121524		
13:34:39		513574		366258		147316		
13:34:41		507866		380514		127352		
13:34:43		516693		367029		149664		
13:34:45		503394		346142		157252		
13:34:47		484028		385072		98956		
13:34:49		512286		375262		137024		
13:34:51		503745		377385		126360		
13:34:53		499669		355453		144216		
13:34:55		470729		371897		98832		
13:34:58		481325		366729		114596		
13:35:00		470959		400275		70684		
13:35:02		498920		372436		126484		
13:35:04		479038		367798		111240		
13:35:06		467460		365512		101948		
13:35:08		467861		361441		106420		
13:35:10		463828		364492		99336		
13:35:12		465288		411244		54044		
13:35:14		507365		397729		109636		
13:35:16		494819		402111		92708		
13:35:18		499734		396882		102852		
13:35:20		493523		402451		91072		
13:35:22		498943		361867		137076		
13:35:24		462162		377894		84268		
13:35:26		474679		400487		74192		
13:35:28		529148		456536		72612		
13:35:30		583491		515667		67824		
13:35:32		558101		380057		178044		
13:35:34		557658		389286		168372		
13:35:36		559538		385214		174324		
13:35:38		557838		333666		224172		
13:35:40		507873		355001		152872		
13:35:42		524621		339261		185360		
13:35:44		503170		342478		160692		
13:35:46		498321		383509		114812		
13:35:48		524730		385986		138744		
13:35:50		523363		423679		99684		
13:35:52		551983		421299		130684		
13:35:54		548985		436901		112084		
13:35:56		562566		414770		147796		
13:35:58		579940		444792		135148		
13:36:00		635497		447773		187724		
13:36:03		589222		359958		229264		
13:36:05		521556		383672		137884		
13:36:07		528312		379640		148672		
13:36:09		529315		336375		192940		
13:36:11		496215		372467		123748		
13:36:13		518038		366514		151524		
13:36:15		508528		389740		118788		
13:36:17		525290		380586		144704		
13:36:19		513898		335186		178712		
13:36:21		471792		367976		103816		
13:36:23		494502		356966		137536		
13:36:25		494502		374606		119896		
13:36:27		582569		338301		244268		
13:36:29		514386		348858		165528		
13:36:31		513244		361596		151648		
13:36:33		527420		344640		182780		
13:36:35		527420		340540		186880		
13:36:37		494201		383837		110364		
13:36:39		526891		364331		162560		
13:36:41		507304		368676		138628		
13:36:43		505840		364608		141232		
13:36:45		501175		340591		160584		
13:36:47		475082		364610		110472		
13:36:49		490985		328185		162800		
13:36:51		490109		347877		142232		
13:36:53		541490		367266		174224		
13:36:55		515435		337119		178316		
13:36:57		492041		372625		119416		
13:36:59		508884		345448		163436		
13:37:01		485355		356267		129088		
13:37:03		491063		336183		154880		
13:37:06		473954		353670		120284		
13:37:08		487418		356718		130700		
13:37:10		487225		351657		135568		
13:37:12		481525		356621		124904		
13:37:14		481722		369094		112628		
13:37:16		491057		355489		135568		
13:37:18		522982		382486		140496		
13:37:20		517418		370598		146820		
13:37:22		532655		365251		167404		
13:37:24		523182		375742		147440		
13:37:26		528507		348959		179548		
13:37:28		498526		353574		144952		
13:37:30		496548		331328		165220		
13:37:32		471170		356558		114612		
13:37:34		489488		361980		127508		
13:37:36		491260		336208		155052		
13:37:38		467763		369395		98368		
13:37:40		489887		382095		107792		
13:37:42		501825		347037		154788		
13:37:44		470330		344310		126020		
13:37:46		464373		326325		138048		
13:37:48		449284		360352		88932		
13:37:50		479472		389460		90012		
13:37:52		506054		378050		128004		
13:37:54		495613		382613		113000		
13:37:56		495894		378182		117712		
13:37:58		490375		389031		101344		
13:38:00		494523		345423		149100		
13:38:02		455647		392519		63128		
13:38:04		522488		455512		66976		
13:38:06		487914		364222		123692		
13:38:09		513763		363443		150320		
13:38:11		503791		380767		123024		
13:38:13		507621		369717		137904		
13:38:15		506961		348225		158736		
13:38:17		477393		357081		120312		
13:38:19		487550		368370		119180		
13:38:21		502268		398092		104176		
13:38:23		523219		364359		158860		
13:38:25		533962		374242		159720		
13:38:27		583521		374605		208916		
13:38:29		539772		396948		142824		
13:38:31		589006		420886		168120		
13:38:33		545785		362041		183744		
13:38:35		554425		408129		146296		
13:38:37		568343		340315		228028		
13:38:39		525034		386798		138236		
13:38:41		542400		357788		184612		
13:38:43		522483		403839		118644		
13:38:45		552682		401302		151380		
13:38:47		548578		385542		163036		
13:38:49		531765		369225		162540		
13:38:51		515158		395150		120008		
13:38:53		534290		370262		164028		
13:38:55		512411		346275		166136		
13:38:57		488459		389531		98928		
13:38:59		525417		359901		165516		
13:39:01		501013		375301		125712		
13:39:03		511921		350065		161856		
13:39:05		491896		375564		116332		
13:39:07		510854		397994		112860		
13:39:09		529969		407189		122780		
13:39:11		531945		359317		172628		
13:39:14		484150		395346		88804		
13:39:16		518463		376091		142372		
13:39:18		499092		379040		120052		
13:39:20		494551		406987		87564		
13:39:22		520884		442744		78140		
13:39:24		564708		430768		133940		
13:39:26		545983		410059		135924		
13:39:28		558340		353704		204636		
13:39:30		526186		410210		115976		
13:39:32		548365		375597		172768		
13:39:34		515538		381210		134328		
13:39:36		517639		396943		120696		
13:39:38		526347		367211		159136		
13:39:40		502254		378458		123796		
13:39:42		501453		381501		119952		
13:39:44		502541		393253		109288		
13:39:46		508193		389349		118844		
13:39:48		501757		409325		92432		
13:39:50		518809		410877		107932		
13:39:52		520509		404633		115876		
13:39:54		511761		432837		78924		
13:39:56		536941		380401		156540		
13:39:58		489103		380551		108552		
13:40:00		483582		377270		106312		
13:40:02		484129		402361		81768		
13:40:04		504309		386705		117604		
13:40:06		489487		382051		107436		
13:40:08		483027		375095		107932		
13:40:10		537491		446027		91464		
13:40:12		546381		381029		165352		
13:40:14		535431		412859		122572		
13:40:17		559608		398200		161408		
13:40:19		544258		384602		159656		
13:40:21		526787		387467		139320		
13:40:23		524837		379813		145024		
13:40:25		513124		410384		102740		
13:40:27		535609		398885		136724		
13:40:29		521846		408558		113288		
13:40:31		529774		393050		136724		
13:40:33		512588		388752		123836		
13:40:35		506637		385537		121100		
13:40:37		502767		376087		126680		
13:40:39		488908		395708		93200		
13:40:41		506020		391120		114900		
13:40:43		500917		392837		108080		
13:40:45		500684		380188		120496		
13:40:47		484375		404435		79940		
13:40:49		537778		450522		87256		
13:40:51		524505		380829		143676		
13:40:53		511664		397872		113792		
13:40:55		529770		404446		125324		
13:40:57		547469		418673		128796		
13:40:59		559177		373153		186024		
13:41:01		517987		429799		88188		
13:41:03		594806		474030		120776		
13:41:05		543270		398670		144600		
13:41:07		557677		432701		124976		
13:41:09		577047		419931		157116		
13:41:11		568640		438060		130580		
13:41:13		579556		448456		131100		
13:41:15		586058		477342		108716		
13:41:17		607886		459854		148032		
13:41:19		593092		457832		135260		
13:41:22		586899		476563		110336		
13:41:24		604864		472936		131928		
13:41:26		599577		479553		120024		
13:41:28		603889		498481		105408		
13:41:30		661349		556429		104920		
13:41:32		653391		502103		151288		
13:41:34		652094		503162		148932		
13:41:36		645941		505193		140748		
13:41:38		645773		505025		140748		
13:41:40		640017		409857		230160		
13:41:42		558291		415055		143236		
13:41:44		557308		274496		282812		
13:41:46		439168		278544		160624		
13:41:48		441921		277873		164048		
13:41:50		438919		279087		159832		
13:41:52		438070		301790		136280		
13:41:54		453972		306400		147572		
13:41:56		455991		286455		169536		
13:41:58		455991		319231		136760		
13:42:00		449738		309754		139984		
13:42:02		441828		306044		135784		
13:42:04		436295		290971		145324		
13:42:06		422274		332758		89516		
13:42:08		456806		359366		97440		
13:42:10		479385		349333		130052		
13:42:12		501918		383274		118644		
13:42:14		566598		316770		249828		
13:42:16		472005		329553		142452		
13:42:18		475268		288284		186984		
13:42:20		440922		316698		124224		
13:42:22		463441		313425		150016		
13:42:24		458556		342640		115916		
13:42:27		482723		301715		181008		
13:42:29		446287		323055		123232		
13:42:31		459983		339355		120628		
13:42:33		473269		326353		146916		
13:42:35		460559		315015		145544		
13:42:37		450282		330150		120132		
13:42:39		459587		347763		111824		
13:42:41		474995		347175		127820		
13:42:43		473131		335391		137740		
13:42:45		460096		351628		108468		
13:42:47		473161		318689		154472		
13:42:49		442413		331589		110824		
13:42:51		449735		315575		134160		
13:42:53		432179		345783		86396		
13:42:55		501935		403139		98796		
13:42:57		480910		337474		143436		
13:42:59		493123		313099		180024		
13:43:01		466983		318215		148768		
13:43:03		477940		339836		138104		
13:43:05		489235		321991		167244		
13:43:07		472487		330911		141576		
13:43:09		478435		293699		184736		
13:43:11		441848		340076		101772		
13:43:13		474433		350713		123720		
13:43:15		481932		324492		157440		
13:43:17		458824		329160		129664		
13:43:19		501448		383572		117876		
13:43:21		500857		358925		141932		
13:43:23		549962		374550		175412		
13:43:25		518893		323517		195376		
13:43:27		512373		334093		178280		
13:43:29		514843		303067		211776		
13:43:32		490119		310335		179784		
13:43:34		493868		316952		176916		
13:43:36		496994		335206		161788		
13:43:38		508518		327634		180884		
13:43:40		501626		340210		161416		
13:43:42		505193		351961		153232		
13:43:44		511671		309211		202460		
13:43:46		480516		342908		137608		
13:43:48		497051		329187		167864		
13:43:50		488234		318882		169352		
13:43:52		467139		354455		112684		
13:43:54		489575		311403		178172		
13:43:56		447339		341971		105368		
13:43:58		473810		324794		149016		
13:44:00		450148		327668		122480		
13:44:02		450088		363940		86148		
13:44:04		492275		387279		104996		
13:44:06		428919		371287		57632		
13:44:08		489573		353529		136044		
13:44:10		475481		339685		135796		
13:44:12		459997		333749		126248		
13:44:14		453321		355469		97852		
13:44:16		473549		334157		139392		
13:44:18		452812		343304		109508		
13:44:20		458934		358702		100232		
13:44:22		474605		331609		142996		
13:44:24		449581		348877		100704		
13:44:26		462258		332374		129884		
13:44:28		448932		321428		127504		
13:44:31		437603		313323		124280		
13:44:33		429895		351359		78536		
13:44:35		463805		347745		116060		
13:44:37		459306		316550		142756		
13:44:39		481367		370603		110764		
13:44:41		564805		348145		216660		
13:44:43		505991		339303		166688		
13:44:45		496458		337954		158504		
13:44:47		521645		399441		122204		
13:44:49		507367		344979		162388		
13:44:51		512659		354611		158048		
13:44:53		514948		334704		180244		
13:44:55		493388		363240		130148		
13:44:57		510723		348459		162264		
13:44:59		496350		341146		155204		
13:45:01		486345		331257		155088		
13:45:03		472715		328911		143804		
13:45:05		469630		360050		109580		
13:45:07		491463		317387		174076		
13:45:09		451982		318346		133636		
13:45:11		446076		353360		92716		
13:45:13		478122		324150		153972		
13:45:15		450160		344672		105488		
13:45:17		464422		355090		109332		
13:45:19		475173		343141		132032		
13:45:21		464816		366264		98552		
13:45:23		480447		361683		118764		
13:45:25		472175		321775		150400		
13:45:27		432009		328729		103280		
13:45:29		436612		324792		111820		
13:45:31		435238		341274		93964		
13:45:34		448376		380700		67676		
13:45:36		485012		350256		134756		
13:45:38		457416		335552		121864		
13:45:40		441328		373652		67676		
13:45:42		476669		369941		106728		
13:45:44		472786		332578		140208		
13:45:46		439828		366704		73124		
13:45:48		503127		423927		79200		
13:45:50		538454		377446		161008		
13:45:52		575938		373730		202208		
13:45:54		577610		333118		244492		
13:45:56		562112		358416		203696		
13:45:58		554617		343729		210888		
13:46:00		539337		363665		175672		
13:46:02		540222		327474		212748		
13:46:04		512168		379028		133140		
13:46:06		538946		351866		187080		
13:46:08		516832		326272		190560		
13:46:10		494812		372964		121848		
13:46:12		523226		384638		138588		
13:46:14		526560		370736		155824		
13:46:16		520390		313090		207300		
13:46:18		456961		369585		87376		
13:46:20		511300		346920		164380		
13:46:22		486795		365327		121468		
13:46:24		501192		377988		123204		
13:46:26		510923		393175		117748		
13:46:28		525111		370287		154824		
13:46:30		503800		359516		144284		
13:46:32		490711		377675		113036		
13:46:34		499505		363281		136224		
13:46:37		488717		362785		125932		
13:46:39		480074		380058		100016		
13:46:41		491197		395397		95800		
13:46:43		503032		356640		146392		
13:46:45		465959		355635		110324		
13:46:47		460346		389966		70380		
13:46:49		493355		398051		95304		
13:46:51		494715		356631		138084		
13:46:53		455197		358553		96644		
13:46:55		451337		365853		85484		
13:46:57		460547		358447		102100		
13:46:59		451965		352097		99868		
13:47:01		448254		347146		101108		
13:47:03		440966		379582		61384		
13:47:05		470175		363611		106564		
13:47:07		456273		332953		123320		
13:47:09		424955		323643		101312		
13:47:11		415865		291365		124500		
13:47:13		385575		274079		111496		
13:47:15		371928		285356		86572		
13:47:17		379352		283496		95856		
13:47:19		476115		390055		86060		
13:47:21		481912		275688		206224		
13:47:23		459944		295260		164684		
13:47:25		474348		321196		153152		
13:47:27		493251		320011		173240		
13:47:29		487658		287014		200644		
13:47:31		453108		268072		185036		
13:47:33		456914		304382		152532		
13:47:35		476777		298933		177844		
13:47:37		474277		281445		192832		
13:47:39		455757		318725		137032		
13:47:42		489248		314272		174976		
13:47:44		477818		287218		190600		
13:47:46		453885		308793		145092		
13:47:48		464817		274333		190484		
13:47:50		435650		290186		145464		
13:47:52		441787		293099		148688		
13:47:54		445094		297026		148068		
13:47:56		438777		318113		120664		
13:47:58		453038		314518		138520		
13:48:00		448347		314291		134056		
13:48:02		447763		313707		134056		
13:48:04		448194		322454		125740		
13:48:06		493506		358466		135040		
13:48:08		475802		286186		189616		
13:48:10		457964		303704		154260		
13:48:12		528572		359416		169156		
13:48:14		496496		318924		177572		
13:48:16		529694		309466		220228		
13:48:18		514375		310391		203984		
13:48:20		510935		321087		189848		
13:48:22		508492		293224		215268		
13:48:24		479550		294522		185028		
13:48:26		501569		317177		184392		
13:48:28		512606		302422		210184		
13:48:30		492907		303803		189104		
13:48:32		492286		289542		202744		
13:48:34		478805		319089		159716		
13:48:36		494297		334837		159460		
13:48:38		501095		294143		206952		
13:48:40		466904		333732		133172		
13:48:43		491643		348179		143464		
13:48:45		501103		325647		175456		
13:48:47		480380		288804		191576		
13:48:49		443210		305078		138132		
13:48:51		450479		307387		143092		
13:48:53		447545		301601		145944		
13:48:55		440295		304767		135528		
13:48:57		440445		309257		131188		
13:48:59		440206		303314		136892		
13:49:01		433252		302932		130320		
13:49:03		429647		282719		146928		
13:49:05		412749		296813		115936		
13:49:07		424939		317691		107248		
13:49:09		439897		317141		122756		
13:49:11		437438		301042		136396		
13:49:13		483320		341468		141852		
13:49:15		467503		303455		164048		
13:49:17		479844		321748		158096		
13:49:19		496493		307397		189096		
13:49:21		481549		312913		168636		
13:49:23		482048		329780		152268		
13:49:25		490645		302541		188104		
13:49:27		460518		299198		161320		
13:49:29		460518		288782		171736		
13:49:31		440626		268890		171736		
13:49:33		422749		291313		131436		
13:49:35		435192		327316		107876		
13:49:37		464099		305383		158716		
13:49:39		445646		305762		139884		
13:49:41		442984		301364		141620		
13:49:43		436119		331467		104652		
13:49:46		460875		319271		141604		
13:49:48		479918		326162		153756		
13:49:50		506923		302079		204844		
13:49:52		442918		305034		137884		
13:49:54		446186		303218		142968		
13:49:56		440269		295069		145200		
13:49:58		428598		318490		110108		
13:50:00		443730		310922		132808		
13:50:02		434625		308141		126484		
13:50:04		428822		290914		137908		
13:50:06		410987		319091		91896		
13:50:08		434603		333043		101560		
13:50:10		446503		319639		126864		
13:50:12		498669		400821		97848		
13:50:14		517997		330373		187624		
13:50:16		504980		324796		180184		
13:50:18		497547		337699		159848		
13:50:20		506251		332027		174224		
13:50:22		494513		361449		133064		
13:50:24		513110		342722		170388		
13:50:26		490559		317079		173480		
13:50:28		465443		357931		107512		
13:50:30		496007		339143		156864		
13:50:32		481819		338223		143596		
13:50:34		507660		385020		122640		
13:50:36		519545		338005		181540		
13:50:38		498266		342518		155748		
13:50:40		498822		321746		177076		
13:50:42		477446		334966		142480		
13:50:44		488028		320624		167404		
13:50:46		472217		327629		144588		
13:50:49		470786		335002		135784		
13:50:51		474474		315998		158476		
13:50:53		452466		323254		129212		
13:50:55		454656		318012		136644		
13:50:57		449671		320467		129204		
13:50:59		473651		372231		101420		
13:51:01		503299		324131		179168		
13:51:03		472728		318360		154368		
13:51:05		468028		334112		133916		
13:51:07		475242		327066		148176		
13:51:09		466210		324854		141356		
13:51:11		528091		407691		120400		
13:51:13		539107		360551		178556		
13:51:15		549009		319349		229660		
13:51:17		509870		343962		165908		
13:51:19		526427		344275		182152		
13:51:21		524423		309915		214508		
13:51:23		489973		335737		154236		
13:51:25		500962		341642		159320		
13:51:27		501985		342789		159196		
13:51:29		500094		338542		161552		
13:51:31		494644		347352		147292		
13:51:33		495546		313006		182540		
13:51:35		463949		314517		149432		
13:51:37		460428		369788		90640		
13:51:39		505942		347474		158468		
13:51:41		482840		316188		166652		
13:51:43		454456		356996		97460		
13:51:45		487527		359067		128460		
13:51:47		481667		349983		131684		
13:51:49		466035		345387		120648		
13:51:52		456103		360875		95228		
13:51:54		468544		334008		134536		
13:51:56		441429		353525		87904		
13:51:58		452751		386323		66428		
13:52:00		486655		363619		123036		
13:52:02		391501		334585		56916		
13:52:04		440550		307030		133520		
13:52:06		412837		295065		117772		
13:52:08		433713		318421		115292		
13:52:10		497802		313318		184484		
13:52:12		517371		300275		217096		
13:52:14		536394		300326		236068		
13:52:16		501418		291250		210168		
13:52:18		486193		284705		201488		
13:52:20		479751		278999		200752		
13:52:22		470110		279374		190736		
13:52:24		464854		312302		152552		
13:52:26		482943		289099		193844		
13:52:28		460037		319141		140896		
13:52:30		482611		325099		157512		
13:52:32		479298		305418		173880		
13:52:34		459856		311396		148460		
13:52:36		460459		311627		148832		
13:52:38		459042		336622		122420		
13:52:40		476207		328251		147956		
13:52:42		464745		289989		174756		
13:52:44		431295		303179		128116		
13:52:46		432807		347355		85452		
13:52:48		465341		329917		135424		
13:52:50		455500		332848		122652		
13:52:53		452778		365838		86940		
13:52:55		485246		291286		193960		
13:52:57		417466		308206		109260		
13:52:59		426402		347026		79376		
13:53:01		466220		332160		134060		
13:53:03		512651		389875		122776		
13:53:05		550540		316908		233632		
13:53:07		552912		393928		158984		
13:53:09		594987		344243		250744		
13:53:11		535991		366963		169028		
13:53:13		551563		345583		205980		
13:53:15		525357		286873		238484		
13:53:17		474697		317697		157000		
13:53:19		523661		379557		144104		
13:53:21		497188		336964		160224		
13:53:23		532525		373665		158860		
13:53:25		543767		373995		169772		
13:53:27		539614		324086		215528		
13:53:29		501529		326673		174856		
13:53:31		497035		338547		158488		
13:53:33		505487		351339		154148		
13:53:35		510901		291017		219884		
13:53:37		461448		334332		127116		
13:53:39		488827		299967		188860		
13:53:41		454570		318898		135672		
13:53:43		464723		328927		135796		
13:53:45		471114		317710		153404		
13:53:47		461933		332337		129596		
13:53:49		472392		316368		156024		
13:53:51		458616		312776		145840		
13:53:53		455960		327728		128232		
13:53:55		469291		336099		133192		
13:53:58		469291		346515		122776		
13:54:00		481189		342789		138400		
13:54:02		475525		301761		173764		
13:54:04		488054		341330		146724		
13:54:06		547006		336918		210088		
13:54:08		513465		323465		190000		
13:54:10		491810		357114		134696		
13:54:12		523492		366228		157264		
13:54:14		523512		319996		203516		
13:54:16		479570		339790		139780		
13:54:18		490749		318977		171772		
13:54:20		469165		318829		150336		
13:54:22		466013		365417		100596		
13:54:24		501222		356730		144492		
13:54:26		491620		302240		189380		
13:54:28		444436		337276		107160		
13:54:30		466856		336756		130100		
13:54:32		467899		364955		102944		
13:54:34		490234		304806		185428		
13:54:36		436267		315839		120428		
13:54:38		436361		305021		131340		
13:54:40		423573		344921		78652		
13:54:42		492471		404955		87516		
13:54:44		480417		346237		134180		
13:54:46		492844		336956		155888		
13:54:48		483088		342080		141008		
13:54:50		484848		319916		164932		
13:54:52		464700		342796		121904		
13:54:54		481463		331411		150052		
13:54:57		472758		343538		129220		
13:54:59		481677		311661		170016		
13:55:01		453224		345820		107404		
13:55:03		527831		374779		153052		
13:55:05		487263		313875		173388		
13:55:07		504798		369990		134808		
13:55:09		538076		358628		179448		
13:55:11		525505		325233		200272		
13:55:13		488743		342163		146580		
13:55:15		499099		365663		133436		
13:55:17		513235		324991		188244		
13:55:19		475883		333147		142736		
13:55:21		475361		327789		147572		
13:55:23		471868		345996		125872		
13:55:25		484083		309967		174116		
13:55:27		453603		328335		125268		
13:55:29		464935		351091		113844		
13:55:31		482708		335756		146952		
13:55:33		507384		357208		150176		
13:55:35		498798		364370		134428		
13:55:37		510449		382965		127484		
13:55:39		519805		361941		157864		
13:55:41		505563		347691		157872		
13:55:43		488322		360450		127872		
13:55:45		497409		331097		166312		
13:55:47		471070		317778		153292		
13:55:49		460156		321828		138328		
13:55:51		461591		366199		95392		
13:55:53		495393		390693		104700		
13:55:56		516824		403932		112892		
13:55:58		554889		390165		164724		
13:56:00		488699		387587		101112		
13:56:02		578390		444418		133972		
13:56:04		541692		351052		190640		
13:56:06		536672		374552		162120		
13:56:08		555217		370149		185068		
13:56:10		547334		379254		168080		
13:56:12		545931		394839		151092		
13:56:14		551365		392585		158780		
13:56:16		542680		431144		111536		
13:56:18		572955		406735		166220		
13:56:20		547640		401268		146372		
13:56:22		542465		440601		101864		
13:56:24		575170		340246		234924		
13:56:26		489072		396996		92076		
13:56:28		526176		386980		139196		
13:56:30		524558		348782		175776		
13:56:32		488724		361680		127044		
13:56:34		494718		391854		102864		
13:56:36		522258		360370		161888		
13:56:38		489505		346217		143288		
13:56:40		471789		355037		116752		
13:56:42		473997		364561		109436		
13:56:44		479219		352919		126300		
13:56:46		465311		360587		104724		
13:56:48		479626		380730		98896		
13:56:50		492788		393892		98896		
13:56:52		442760		375236		67524		
13:56:54		484745		348413		136332		
13:56:56		462418		324722		137696		
13:56:58		442931		374311		68620		
13:57:01		486458		352118		134340		
13:57:03		515481		375693		139788		
13:57:05		580419		364619		215800		
13:57:07		519035		367963		151072		
13:57:09		519035		374783		144252		
13:57:11		523149		359057		164092		
13:57:13		503827		341595		162232		
13:57:15		484924		364464		120460		
13:57:17		499355		343927		155428		
13:57:19		478691		340003		138688		
13:57:21		505072		393912		111160		
13:57:23		516406		366682		149724		
13:57:25		514108		342056		172052		
13:57:27		495478		372662		122816		
13:57:29		517233		382017		135216		
13:57:31		519453		364521		154932		
13:57:33		503987		338639		165348		
13:57:35		480167		372603		107564		
13:57:37		504610		353622		150988		
13:57:39		480398		340082		140316		
13:57:41		468466		352842		115624		
13:57:43		477960		353036		124924		
13:57:45		477061		339861		137200		
13:57:47		463316		330076		133240		
13:57:49		455358		386614		68744		
13:57:51		500826		359906		140920		
13:57:53		479101		364345		114756		
13:57:55		483274		382034		101240		
13:57:57		536090		420466		115624		
13:57:59		560368		429492		130876		
13:58:01		552125		360861		191264		
13:58:03		555591		364699		190892		
13:58:06		550545		356925		193620		
13:58:08		539642		363878		175764		
13:58:10		534042		392130		141912		
13:58:12		550772		372528		178244		
13:58:14		530827		351715		179112		
13:58:16		511291		393311		117980		
13:58:18		541358		349970		191388		
13:58:20		505570		354854		150716		
13:58:22		503853		375705		128148		
13:58:24		522740		371528		151212		
13:58:26		518689		365741		152948		
13:58:28		511063		373367		137696		
13:58:30		547051		412951		134100		
13:58:32		536993		369041		167952		
13:58:34		527590		382330		145260		
13:58:36		540494		366838		173656		
13:58:38		522625		388525		134100		
13:58:40		533614		379426		154188		
13:58:42		516677		358273		158404		
13:58:44		498071		364095		133976		
13:58:46		498770		365290		133480		
13:58:48		497478		379994		117484		
13:58:50		507862		377118		130744		
13:58:52		503577		376801		126776		
13:58:54		503103		374343		128760		
13:58:56		500414		363966		136448		
13:58:58		490565		396525		94040		
13:59:00		519049		371193		147856		
13:59:02		496544		392956		103588		
13:59:04		514196		341772		172424		
13:59:06		468595		404767		63828		
13:59:09		571089		470893		100196		
13:59:11		541766		351022		190744		
13:59:13		534263		390763		143500		
13:59:15		549176		392780		156396		
13:59:17		548184		374428		173756		
13:59:19		529612		376936		152676		
13:59:21		524853		377881		146972		
13:59:23		518251		382315		135936		
13:59:25		515748		387624		128124		
13:59:27		519996		383812		136184		
13:59:29		512153		367025		145128		
13:59:31		495773		385381		110392		
13:59:33		508219		392371		115848		
13:59:35		512969		383977		128992		
13:59:37		504660		392036		112624		
13:59:39		509289		363805		145484		
13:59:41		482926		407130		75796		
13:59:43		518425		406173		112252		
13:59:45		514387		430035		84352		
13:59:47		528865		402477		126388		
13:59:49		528865		399997		128868		
13:59:51		496037		400401		95636		
13:59:53		526515		444271		82244		
13:59:55		522641		352357		170284		
13:59:57		475757		382601		93156		
13:59:59		492802		362446		130356		
14:00:01		480503		391819		88684		
14:00:03		515761		420381		95380		
14:00:05		461196		395204		65992		
14:00:07		513359		386855		126504		
14:00:09		504387		364235		140152		
14:00:12		504387		384075		120312		
14:00:14		494360		390788		103572		
14:00:16		502824		399252		103572		
14:00:18		507206		403634		103572		
14:00:20		509526		405954		103572		
14:00:22		510997		390197		120800		
14:00:24		495367		416479		78888		
14:00:26		516420		441180		75240		
14:00:28		537756		462516		75240		
14:00:30		611522		447430		164092		
14:00:32		534472		382416		152056		
14:00:34		529247		383143		146104		
14:00:36		564298		391650		172648		
14:00:38		521472		368648		152824		
14:00:40		536422		396882		139540		
14:00:42		551883		400067		151816		
14:00:44		551647		412355		139292		
14:00:46		558407		386007		172400		
14:00:48		536946		381294		155652		
14:00:50		527605		380377		147228		
14:00:52		527991		402587		125404		
14:00:54		538922		395026		143896		
14:00:56		529826		381102		148724		
14:00:58		516179		375383		140796		
14:01:00		508958		375238		133720		
14:01:02		506656		383484		123172		
14:01:04		507079		386635		120444		
14:01:06		503040		389904		113136		
14:01:08		503639		386263		117376		
14:01:10		526723		419655		107068		
14:01:12		578086		395874		182212		
14:01:14		527764		391680		136084		
14:01:17		515831		381839		133992		
14:01:19		512746		391790		120956		
14:01:21		522372		381560		140812		
14:01:23		563369		429021		134348		
14:01:25		563457		365349		198108		
14:01:27		540810		390914		149896		
14:01:29		556910		414050		142860		
14:01:31		571151		434739		136412		
14:01:33		580785		454169		126616		
14:01:35		590546		460118		130428		
14:01:37		591966		467746		124220		
14:01:39		594437		450485		143952		
14:01:41		578660		465848		112812		
14:01:43		586106		486530		99576		
14:01:45		604359		492539		111820		
14:01:47		605693		493601		112092		
14:01:49		603344		495104		108240		
14:01:51		601741		495105		106636		
14:01:53		602599		400739		201860		
14:01:55		515303		257683		257620		
14:01:57		377293		264189		113104		
14:01:59		384177		260177		124000		
14:02:01		383279		261767		121512		
14:02:03		382531		276287		106244		
14:02:05		396449		286725		109724		
14:02:07		405519		275947		129572		
14:02:09		394383		286163		108220		
14:02:11		404087		315963		88124		
14:02:14		430533		305705		124828		
14:02:16		420506		267522		152984		
14:02:18		385089		297213		87876		
14:02:20		487981		396957		91024		
14:02:22		471960		359616		112344		
14:02:24		475508		340720		134788		
14:02:26		519019		372327		146692		
14:02:28		534005		293133		240872		
14:02:30		464000		251880		212120		
14:02:32		427622		291034		136588		
14:02:34		450501		242845		207656		
14:02:36		407914		271946		135968		
14:02:38		423697		281157		142540		
14:02:40		431597		274797		156800		
14:02:42		422206		292562		129644		
14:02:44		433030		304626		128404		
14:02:46		442458		293718		148740		
14:02:48		429283		270623		158660		
14:02:50		404143		302895		101248		
14:02:52		468615		336119		132496		
14:02:54		445094		315326		129768		
14:02:56		465933		311249		154684		
14:02:58		414303		285039		129264		
14:03:00		447899		289991		157908		
14:03:02		447899		275235		172664		
14:03:04		424691		284019		140672		
14:03:06		437344		309072		128272		
14:03:08		440152		286212		153940		
14:03:10		419460		310656		108804		
14:03:12		445467		300215		145252		
14:03:14		439241		295469		143772		
14:03:17		428371		264015		164356		
14:03:19		397168		293200		103968		
14:03:21		414856		291172		123684		
14:03:23		413872		273572		140300		
14:03:25		395140		282492		112648		
14:03:27		402881		301641		101240		
14:03:29		456388		344996		111392		
14:03:31		436625		331433		105192		
14:03:33		473665		318005		155660		
14:03:35		461721		285105		176616		
14:03:37		431703		290303		141400		
14:03:39		433272		287532		145740		
14:03:41		484436		334836		149600		
14:03:43		477865		283749		194116		
14:03:45		477425		294221		183204		
14:03:47		485574		289210		196364		
14:03:49		474715		299943		174772		
14:03:51		478558		310606		167952		
14:03:53		480606		300750		179856		
14:03:55		464924		283084		181840		
14:03:57		443827		305759		138068		
14:03:59		456933		276953		179980		
14:04:01		427292		291828		135464		
14:04:03		431390		268258		163132		
14:04:05		411567		314295		97272		
14:04:07		437832		310428		127404		
14:04:09		429311		298931		130380		
14:04:11		417654		278470		139184		
14:04:13		400848		296864		103984		
14:04:15		409201		324453		84748		
14:04:17		429748		312264		117484		
14:04:20		417473		319209		98264		
14:04:22		421693		292429		129264		
14:04:24		394722		309354		85368		
14:04:26		404259		304135		100124		
14:04:28		396953		292117		104836		
14:04:30		384519		323683		60836		
14:04:32		411747		310759		100988		
14:04:34		400463		301091		99372		
14:04:36		390717		295165		95552		
14:04:38		421285		326981		94304		
14:04:40		410088		296068		114020		
14:04:42		422983		283427		139556		
14:04:44		476761		366453		110308		
14:04:46		484506		300774		183732		
14:04:48		485453		312277		173176		
14:04:50		495245		312149		183096		
14:04:52		489842		325594		164248		
14:04:54		495555		354735		140820		
14:04:56		513400		288756		224644		
14:04:58		452569		304805		147764		
14:05:00		464071		314323		149748		
14:05:02		465590		292158		173432		
14:05:04		439283		345335		93948		
14:05:06		481291		349647		131644		
14:05:08		482816		340012		142804		
14:05:10		474025		276413		197612		
14:05:12		453695		298739		154956		
14:05:14		501675		304567		197108		
14:05:16		468623		312303		156320		
14:05:18		461858		304422		157436		
14:05:20		451999		318495		133504		
14:05:22		454851		315271		139580		
14:05:25		447261		300597		146664		
14:05:27		437164		337636		99528		
14:05:29		464598		316338		148260		
14:05:31		447299		336115		111184		
14:05:33		459632		314224		145408		
14:05:35		500595		347623		152972		
14:05:37		484696		328376		156320		
14:05:39		484696		342264		142432		
14:05:41		513142		319994		193148		
14:05:43		492257		340897		151360		
14:05:45		505421		322193		183228		
14:05:47		482590		310150		172440		
14:05:49		468401		338245		130156		
14:05:51		488784		333952		154832		
14:05:53		480294		340590		139704		
14:05:55		479261		298009		181252		
14:05:57		466476		343140		123336		
14:05:59		528909		323733		205176		
14:06:01		476389		325029		151360		
14:06:03		471517		337269		134248		
14:06:05		480956		329472		151484		
14:06:07		473588		332768		140820		
14:06:09		467902		325346		142556		
14:06:11		451427		339375		112052		
14:06:13		455815		340291		115524		
14:06:15		454026		307502		146524		
14:06:17		424211		325675		98536		
14:06:19		428789		349101		79688		
14:06:21		448392		330148		118244		
14:06:23		427569		317509		110060		
14:06:25		418400		319376		99024		
14:06:27		425714		330162		95552		
14:06:30		428189		314541		113648		
14:06:32		416032		314784		101248		
14:06:34		416671		316771		99900		
14:06:36		408683		350319		58364		
14:06:38		440481		381745		58736		
14:06:40		470950		328050		142900		
14:06:42		418980		276080		142900		
14:06:44		374972		232072		142900		
14:06:46		401235		307119		94116		
14:06:48		515420		323364		192056		
14:06:50		485118		333982		151136		
14:06:52		490075		308931		181144		
14:06:54		469997		301253		168744		
14:06:56		458818		342650		116168		
14:06:58		488755		359319		129436		
14:07:00		496425		320489		175936		
14:07:02		456685		298853		157832		
14:07:04		436508		301244		135264		
14:07:06		431378		318930		112448		
14:07:08		480007		356887		123120		
14:07:10		464160		285984		178176		
14:07:12		437430		311086		126344		
14:07:14		457055		308143		148912		
14:07:16		450277		315129		135148		
14:07:18		454850		297134		157716		
14:07:20		431878		304418		127460		
14:07:22		429533		323897		105636		
14:07:24		445070		303598		141472		
14:07:26		423446		318926		104520		
14:07:29		434625		290177		144448		
14:07:31		407769		289609		118160		
14:07:33		405443		317167		88276		
14:07:35		430228		300660		129568		
14:07:37		469937		363185		106752		
14:07:39		474281		314829		159452		
14:07:41		475923		336435		139488		
14:07:43		493450		286754		206696		
14:07:45		446371		299195		147176		
14:07:47		486489		369817		116672		
14:07:49		488528		347552		140976		
14:07:51		516970		303578		213392		
14:07:53		516970		326146		190824		
14:07:55		492349		292845		199504		
14:07:57		458721		290193		168528		
14:07:59		454529		319009		135520		
14:08:01		474378		329186		145192		
14:08:03		481392		310036		171356		
14:08:05		461695		334855		126840		
14:08:07		474611		332891		141720		
14:08:09		472293		339749		132544		
14:08:11		475966		308206		167760		
14:08:13		447072		351728		95344		
14:08:15		475464		319112		156352		
14:08:17		478579		308595		169984		
14:08:19		503211		323679		179532		
14:08:21		476392		324884		151508		
14:08:23		482765		329893		152872		
14:08:25		468134		282270		185864		
14:08:27		436642		322954		113688		
14:08:29		466351		345099		121252		
14:08:32		524267		378835		145432		
14:08:34		502541		312841		189700		
14:08:36		494989		311737		183252		
14:08:38		494075		311815		182260		
14:08:40		486368		316136		170232		
14:08:42		484102		328502		155600		
14:08:44		488275		331187		157088		
14:08:46		485267		324335		160932		
14:08:48		472839		330507		142332		
14:08:50		474066		348854		125212		
14:08:52		482515		295907		186608		
14:08:54		433852		316700		117152		
14:08:56		450835		308139		142696		
14:08:58		445930		330514		115416		
14:09:00		464159		314643		149516		
14:09:02		446891		318075		128816		
14:09:04		450181		329521		120660		
14:09:06		456823		304651		152172		
14:09:08		434804		310284		124520		
14:09:10		438313		324845		113468		
14:09:12		452904		299136		153768		
14:09:14		421060		318512		102548		
14:09:16		434936		326800		108136		
14:09:18		437208		329196		108012		
14:09:20		438075		321755		116320		
14:09:22		430170		323026		107144		
14:09:24		427880		307700		120180		
14:09:26		409746		333850		75896		
14:09:28		467687		371455		96232		
14:09:30		438903		330767		108136		
14:09:33		464506		341242		123264		
14:09:35		405142		336438		68704		
14:09:37		454824		328956		125868		
14:09:39		456692		291516		165176		
14:09:41		415438		328134		87304		
14:09:43		447001		316421		130580		
14:09:45		437399		304323		133076		
14:09:47		493589		372805		120784		
14:09:49		498348		318044		180304		
14:09:51		489923		339379		150544		
14:09:53		541120		351144		189976		
14:09:55		468066		335378		132688		
14:09:57		525245		365773		159472		
14:09:59		482946		312314		170632		
14:10:01		494922		315362		179560		
14:10:03		492867		328311		164556		
14:10:05		495586		314290		181296		
14:10:07		487151		312791		174360		
14:10:09		475738		337586		138152		
14:10:11		496770		340018		156752		
14:10:13		534530		375918		158612		
14:10:15		519028		319232		199796		
14:10:17		509178		335562		173616		
14:10:19		519857		325905		193952		
14:10:21		506236		361636		144600		
14:10:23		526432		315096		211336		
14:10:25		487615		329243		158372		
14:10:27		491668		340488		151180		
14:10:29		500987		331827		169160		
14:10:31		491412		341596		149816		
14:10:33		486769		345105		141664		
14:10:35		508346		347006		161340		
14:10:38		496181		340793		155388		
14:10:40		500340		336892		163448		
14:10:42		495119		383999		111120		
14:10:44		561913		398341		163572		
14:10:46		504866		374154		130712		
14:10:48		541722		313538		228184		
14:10:50		489656		344932		144724		
14:10:52		508384		346052		162332		
14:10:54		509414		333318		176096		
14:10:56		497758		342990		154768		
14:10:58		504088		360232		143856		
14:11:00		516787		345403		171384		
14:11:02		504636		324696		179940		
14:11:04		531573		377681		153892		
14:11:06		531112		378832		152280		
14:11:08		530695		364651		166044		
14:11:10		524800		347232		177568		
14:11:12		545351		335171		210180		
14:11:14		529115		347207		181908		
14:11:16		530681		340581		190100		
14:11:18		514700		340720		173980		
14:11:20		514044		348496		165548		
14:11:22		517830		339866		177964		
14:11:24		507239		346279		160960		
14:11:26		507808		336184		171624		
14:11:28		496178		351470		144708		
14:11:30		505487		358671		146816		
14:11:32		508893		327977		180916		
14:11:34		483045		323077		159968		
14:11:36		475710		346882		128828		
14:11:39		493116		329792		163324		
14:11:41		471431		326351		145080		
14:11:43		468335		365539		102796		
14:11:45		502560		345816		156744		
14:11:47		486598		346594		140004		
14:11:49		489054		347686		141368		
14:11:51		492395		354623		137772		
14:11:53		498645		363725		134920		
14:11:55		532434		381518		150916		
14:11:57		500185		365141		135044		
14:11:59		516130		366462		149668		
14:12:01		577825		421173		156652		
14:12:03		548807		373091		175716		
14:12:05		564657		356453		208204		
14:12:07		551962		372534		179428		
14:12:09		557854		381650		176204		
14:12:11		560653		378745		181908		
14:12:13		552692		357392		195300		
14:12:15		528552		375412		153140		
14:12:17		537921		355393		182528		
14:12:19		519512		349244		170268		
14:12:21		510126		339982		170144		
14:12:23		501010		342142		158868		
14:12:25		500862		345102		155760		
14:12:27		500779		346755		154024		
14:12:29		496732		371352		125380		
14:12:31		516003		363963		152040		
14:12:33		508253		369233		139020		
14:12:35		504873		360025		144848		
14:12:37		488526		375794		112732		
14:12:39		496575		360887		135688		
14:12:42		486095		340015		146080		
14:12:44		500648		386932		113716		
14:12:46		570102		375786		194316		
14:12:48		520963		381951		139012		
14:12:50		510687		374031		136656		
14:12:52		511142		396930		114212		
14:12:54		531192		383980		147212		
14:12:56		519511		376291		143220		
14:12:58		511064		391156		119908		
14:13:00		522210		364730		157480		
14:13:02		554710		377514		177196		
14:13:04		602630		344206		258424		
14:13:06		541296		357024		184272		
14:13:08		571977		439661		132316		
14:13:10		633609		415857		217752		
14:13:12		596526		437426		159100		
14:13:14		601655		420483		181172		
14:13:16		582511		378275		204236		
14:13:18		548966		373978		174988		
14:13:20		541127		367643		173484		
14:13:22		533378		374154		159224		
14:13:24		535643		400723		134920		
14:13:26		552813		363581		189232		
14:13:28		520095		360251		159844		
14:13:30		514657		390897		123760		
14:13:32		538188		389256		148932		
14:13:34		537371		400343		137028		
14:13:36		539759		421207		118552		
14:13:38		552148		350640		201508		
14:13:41		488793		388213		100580		
14:13:43		512963		380763		132200		
14:13:45		515284		424252		91032		
14:13:47		552747		374535		178212		
14:13:49		506014		341674		164340		
14:13:51		475788		378548		97240		
14:13:53		506578		396930		109648		
14:13:55		522182		391570		130612		
14:13:57		567552		417348		150204		
14:13:59		538617		385685		152932		
14:14:01		557298		403002		154296		
14:14:03		572581		378481		194100		
14:14:05		547927		399707		148220		
14:14:07		561441		402557		158884		
14:14:09		558079		378239		179840		
14:14:11		531572		418568		113004		
14:14:13		560747		405567		155180		
14:14:15		550942		372310		178632		
14:14:17		519487		389835		129652		
14:14:19		534231		398751		135480		
14:14:21		543466		405134		138332		
14:14:23		546168		336768		209400		
14:14:25		486009		398765		87244		
14:14:27		538818		352730		186088		
14:14:29		530486		385582		144904		
14:14:31		585999		369547		216452		
14:14:33		530178		400278		129900		
14:14:35		560645		394909		165736		
14:14:37		547663		395939		151724		
14:14:39		545523		396659		148864		
14:14:42		544887		392799		152088		
14:14:44		540848		379956		160892		
14:14:46		529432		375600		153832		
14:14:48		522566		402710		119856		
14:14:50		544428		382544		161884		
14:14:52		573364		421640		151724		
14:14:54		572591		377715		194876		
14:14:56		565584		369592		195992		
14:14:58		547024		364796		182228		
14:15:00		545961		395601		150360		
14:15:02		565373		375465		189908		
14:15:04		544788		406704		138084		
14:15:06		576607		392751		183856		
14:15:08		505424		362628		142796		
14:15:10		533132		386856		146276		
14:15:12		552477		393429		159048		
14:15:14		552146		378846		173300		
14:15:16		540594		399906		140688		
14:15:18		553377		375613		177764		
14:15:20		532077		400069		132008		
14:15:22		548051		385911		162140		
14:15:24		537589		402729		134860		
14:15:26		543831		376235		167596		
14:15:28		521933		367109		154824		
14:15:30		518519		383411		135108		
14:15:32		528928		409444		119484		
14:15:34		542716		409592		133124		
14:15:36		548773		359585		189188		
14:15:38		499858		371198		128660		
14:15:40		511700		384280		127420		
14:15:42		547950		407990		139960		
14:15:44		505457		375673		129784		
14:15:47		524652		433060		91592		
14:15:49		583398		476306		107092		
14:15:51		565401		427929		137472		
14:15:53		628988		495352		133636		
14:15:55		554163		386179		167984		
14:15:57		570307		395619		174688		
14:15:59		574287		360407		213880		
14:16:01		541836		409820		132016		
14:16:03		570666		445718		124948		
14:16:05		596712		386948		209764		
14:16:07		543460		416900		126560		
14:16:09		568713		420081		148632		
14:16:11		565229		389813		175416		
14:16:13		538410		396970		141440		
14:16:15		541826		416258		125568		
14:16:17		555300		386076		169224		
14:16:19		529766		436926		92840		
14:16:21		568800		397344		171456		
14:16:23		534998		413026		121972		
14:16:25		544745		434297		110448		
14:16:27		565111		485787		79324		
14:16:29		611153		456809		154344		
14:16:31		584698		462966		121732		
14:16:33		587503		507187		80316		
14:16:35		624996		407784		217212		
14:16:37		528749		437893		90856		
14:16:39		558476		407480		150996		
14:16:41		526579		366471		160108		
14:16:43		486179		397991		88188		
14:16:45		515503		402019		113484		
14:16:47		516486		435862		80624		
14:16:50		544943		404799		140144		
14:16:52		521547		415751		105796		
14:16:54		555635		428759		126876		
14:16:56		531009		392601		138408		
14:16:58		525943		396835		129108		
14:17:00		548418		402562		145856		
14:17:02		540367		394131		146236		
14:17:04		531885		398685		133200		
14:17:06		532511		404147		128364		
14:17:08		541721		381241		160480		
14:17:10		513414		417414		96000		
14:17:12		545065		389305		155760		
14:17:14		567459		411699		155760		
14:17:16		614342		415546		198796		
14:17:18		589752		408192		181560		
14:17:20		575170		384566		190604		
14:17:22		552579		408351		144228		
14:17:24		568588		411712		156876		
14:17:26		565568		411900		153668		
14:17:28		561919		399075		162844		
14:17:30		545641		400529		145112		
14:17:32		542224		396988		145236		
14:17:34		537511		405667		131844		
14:17:36		577981		446137		131844		
14:17:38		577981		421709		156272		
14:17:40		571420		376320		195100		
14:17:42		533828		423436		110392		
14:17:44		566157		407033		159124		
14:17:46		554869		423521		131348		
14:17:49		566425		377293		189132		
14:17:51		529841		402709		127132		
14:17:53		546923		408135		138788		
14:17:55		550602		407102		143500		
14:17:57		542730		421426		121304		
14:17:59		548720		395556		153164		
14:18:01		519129		379085		140044		
14:18:03		502362		396186		106176		
14:18:05		513331		405171		108160		
14:18:07		521493		379341		142152		
14:18:09		496265		396537		99728		
14:18:11		508471		430567		77904		
14:18:13		542730		446846		95884		
14:18:15		518203		420087		98116		
14:18:17		599461		381065		218396		
14:18:19		516098		437698		78400		
14:18:21		568302		379294		189008		
14:18:23		514451		367711		146740		
14:18:25		506129		412973		93156		
14:18:27		540747		408903		131844		
14:18:29		535009		421517		113492		
14:18:31		546076		426632		119444		
14:18:33		609826		484430		125396		
14:18:35		592739		432499		160240		
14:18:37		602709		434905		167804		
14:18:39		602375		388567		213808		
14:18:41		560340		429736		130604		
14:18:43		587656		399144		188512		
14:18:45		560341		428249		132092		
14:18:47		572083		384299		187784		
14:18:49		533906		415578		118328		
14:18:51		557032		415392		141640		
14:18:54		550375		412447		137928		
14:18:56		549418		399478		149940		
14:18:58		531783		392623		139160		
14:19:00		527883		428287		99596		
14:19:02		555126		399126		156000		
14:19:04		528413		409985		118428		
14:19:06		536414		404098		132316		
14:19:08		525997		419969		106028		
14:19:10		534248		450928		83320		
14:19:12		557376		425696		131680		
14:19:14		533951		443059		90892		
14:19:16		543360		393336		150024		
14:19:18		498201		432417		65784		
14:19:20		527034		419894		107140		
14:19:22		518203		417531		100672		
14:19:24		549182		457578		91604		
14:19:26		558773		421289		137484		
14:19:28		547042		393066		153976		
14:19:30		513826		410806		103020		
14:19:32		531339		431195		100144		
14:19:34		547581		401301		146280		
14:19:36		518462		429858		88604		
14:19:38		608872		504272		104600		
14:19:40		587973		397441		190532		
14:19:42		582805		441377		141428		
14:19:44		614375		417891		196484		
14:19:46		587718		438990		148728		
14:19:48		599013		437141		161872		
14:19:50		592610		409162		183448		
14:19:52		562236		432620		129616		
14:19:54		573815		447423		126392		
14:19:56		590504		433220		157284		
14:19:59		574727		411755		162972		
14:20:01		551411		450935		100476		
14:20:03		587750		422050		165700		
14:20:05		554989		441361		113628		
14:20:07		569411		417219		152192		
14:20:09		548155		416323		131832		
14:20:11		576525		451637		124888		
14:20:13		573111		413131		159980		
14:20:15		556633		406581		150052		
14:20:17		548532		433696		114836		
14:20:19		570747		438799		131948		
14:20:21		574205		412257		161948		
14:20:23		550363		441603		108760		
14:20:25		571788		438476		133312		
14:20:27		566227		435767		130460		
14:20:29		612831		487331		125500		
14:20:31		610625		423877		186748		
14:20:33		591668		453792		137876		
14:20:35		619214		444890		174324		
14:20:37		627590		495418		132172		
14:20:39		671738		429578		242160		
14:20:41		601428		428832		172596		
14:20:43		593149		431589		161560		
14:20:45		582347		400467		181880		
14:20:47		553325		437173		116152		
14:20:49		579948		403276		176672		
14:20:51		550580		430328		120252		
14:20:53		570138		455002		115136		
14:20:55		588936		424944		163992		
14:20:57		561001		448593		112408		
14:21:00		579587		427127		152460		
14:21:02		560236		429740		130496		
14:21:04		556969		436021		120948		
14:21:06		557865		453409		104456		
14:21:08		573285		413261		160024		
14:21:10		536491		440095		96396		
14:21:12		555085		434401		120684		
14:21:14		549150		429094		120056		
14:21:16		542423		422607		119816		
14:21:18		582977		456861		126116		
14:21:20		569119		443995		125124		
14:21:22		604730		452194		152536		
14:21:24		536661		420225		116436		
14:21:26		570254		413270		156984		
14:21:28		553365		432589		120776		
14:21:30		566411		443899		122512		
14:21:32		572342		421450		150892		
14:21:34		551662		424454		127208		
14:21:36		548294		453326		94968		
14:21:38		574012		426460		147552		
14:21:40		547848		449364		98484		
14:21:42		563161		468501		94660		
14:21:44		580951		479383		101568		
14:21:46		591846		491806		100040		
14:21:48		631459		547679		83780		
14:21:50		632314		538986		93328		
14:21:52		585667		498943		86724		
14:21:54		626000		503316		122684		
14:21:56		629492		396364		233128		
14:21:58		533973		273577		260396		
14:22:01		413440		273836		139604		
14:22:03		409040		273008		136032		
14:22:05		404954		209230		195724		
14:22:07		341276		208656		132620		
14:22:09		334082		182446		151636		
14:22:11		311161		206469		104692		
14:22:13		329435		237891		91544		
14:22:15		357945		264445		93500		
14:22:17		383495		298731		84764		
14:22:19		412307		337811		74496		
14:22:21		455541		387493		68048		
14:22:23		415618		337322		78296		
14:22:25		415618		340642		74976		
14:22:27		452772		368392		84380		
14:22:29		476660		400696		75964		
14:22:31		563432		493876		69556		
14:22:33		553636		437084		116552		
14:22:35		627668		555356		72312		
14:22:37		645928		570240		75688		
14:22:39		640711		565987		74724		
14:22:41		634848		527836		107012		
14:22:43		678586		554974		123612		
14:22:45		715280		629596		85684		
14:22:47		699939		626227		73712		
14:22:49		765111		633187		131924		
14:22:51		768261		652201		116060		
14:22:53		781129		670029		111100		
14:22:55		792909		634233		158676		
14:22:57		763851		634687		129164		
14:22:59		778693		634417		144276		
14:23:01		780084		636372		143712		
14:23:04		793463		659307		134156		
14:23:06		802223		644987		157236		
14:23:08		789650		640938		148712		
14:23:10		783695		642087		141608		
14:23:12		782898		649802		133096		
14:23:14		785347		670131		115216		
14:23:16		809499		679807		129692		
14:23:18		811508		683284		128224		
14:23:20		816106		688178		127928		
14:23:22		818651		686507		132144		
14:23:24		816666		655018		161648		
14:23:26		794405		686241		108164		
14:23:28		813071		721771		91300		
14:23:30		844650		711934		132716		
14:23:32		838453		728941		109512		
14:23:34		851821		752477		99344		
14:23:36		875356		703968		171388		
14:23:38		839595		677555		162040		
14:23:40		816473		656417		160056		
14:23:42		800184		683032		117152		
14:23:44		816981		697101		119880		
14:23:46		827972		666708		161264		
14:23:48		805159		684631		120528		
14:23:50		815064		705324		109740		
14:23:52		830586		692822		137764		
14:23:54		821412		651888		169524		
14:23:56		791181		697733		93448		
14:23:58		820613		711169		109444		
14:24:00		834049		715553		118496		
14:24:02		838433		677529		160904		
14:24:04		811132		681508		129624		
14:24:07		811183		694851		116332		
14:24:09		821408		688088		133320		
14:24:11		816614		689170		127444		
14:24:13		816652		703096		113556		
14:24:15		826086		683158		142928		
14:24:17		812159		719699		92460		
14:24:19		842579		671975		170604		
14:24:21		808842		700410		108432		
14:24:23		825670		678318		147352		
14:24:25		811698		687542		124156		
14:24:27		816576		679424		137152		
14:24:29		810822		679390		131432		
14:24:31		809741		681905		127836		
14:24:33		810881		733017		77864		
14:24:35		855897		709725		146172		
14:24:37		839132		738236		100896		
14:24:39		861116		683868		177248		
14:24:41		822247		705627		116620		
14:24:43		833994		689490		144504		
14:24:45		824223		669411		154812		
