recorded by mmserver domain:[id:12 time:Tue Apr  2 13:19:18 2013
]
time		tg_mem		use_mem		free_mem		
13:19:20		436140		230140		206000		
13:19:23		455832		249832		206000		
13:19:25		483954		231330		252624		
13:19:27		464396		211772		252624		
13:19:29		442011		189387		252624		
13:19:31		430916		178292		252624		
13:19:33		410913		158289		252624		
13:19:35		412719		160095		252624		
13:19:37		402377		149753		252624		
13:19:39		392512		139888		252624		
13:19:41		388285		135661		252624		
13:19:43		390405		230409		159996		
13:19:45		444459		230399		214060		
13:19:47		443010		229942		213068		
13:19:49		432979		230079		202900		
13:19:51		433182		230282		202900		
13:19:53		449829		246061		203768		
13:19:55		451971		230347		221624		
13:19:57		444752		229824		214928		
13:19:59		442003		229803		212200		
13:20:01		442003		229927		212076		
13:20:03		432870		229846		203024		
13:20:05		428321		229885		198436		
13:20:07		435531		230399		205132		
13:20:09		423987		229891		194096		
13:20:11		418626		229862		188764		
13:20:13		414304		229880		184424		
13:20:15		415975		230435		185540		
13:20:17		415040		229872		185168		
13:20:19		415145		229977		185168		
13:20:21		409971		229887		180084		
13:20:23		445230		264774		180456		
13:20:25		451534		230406		221128		
13:20:27		452713		230345		222368		
13:20:29		449982		229846		220136		
13:20:32		445351		229803		215548		
13:20:34		437173		229809		207364		
13:20:36		425822		229866		195956		
13:20:38		415905		229869		186036		
13:20:40		408251		229903		178348		
13:20:42		391833		229853		161980		
13:20:44		370715		229815		140900		
13:20:46		360590		229982		130608		
13:20:48		349842		229898		119944		
13:20:50		349748		229928		119820		
13:20:52		348665		229961		118704		
13:20:54		348624		229920		118704		
13:20:56		339381		229977		109404		
13:20:58		335185		229997		105188		
13:21:00		329278		229918		99360		
13:21:02		329248		230012		99236		
13:21:04		322794		230006		92788		
13:21:06		322874		237542		85332		
13:21:08		324121		244245		79876		
13:21:10		334383		257583		76800		
13:21:12		341202		248406		92796		
13:21:14		331761		248389		83372		
13:21:16		328551		248403		80148		
13:21:18		325680		248384		77296		
13:21:20		322158		248334		73824		
13:21:22		321950		248374		73576		
13:21:24		317472		248360		69112		
13:21:26		322039		251067		70972		
13:21:28		324250		251682		72568		
13:21:30		327064		247948		79116		
13:21:32		328659		247931		80728		
13:21:35		328011		247903		80108		
13:21:37		330778		247942		82836		
13:21:39		331029		248193		82836		
13:21:41		328926		247578		81348		
13:21:43		328949		247601		81348		
13:21:45		326928		247564		79364		
13:21:47		328790		248434		80356		
13:21:49		327926		247694		80232		
13:21:51		325669		247669		78000		
13:21:53		331801		252065		79736		
13:21:55		333049		247981		85068		
13:21:57		330318		247482		82836		
13:21:59		370642		287310		83332		
13:22:01		361109		248017		113092		
13:22:03		368379		249211		119168		
13:22:05		373691		248075		125616		
13:22:07		368515		247487		121028		
13:22:09		368096		247564		120532		
13:22:11		366722		247554		119168		
13:22:13		364418		247482		116936		
13:22:15		364804		247868		116936		
13:22:17		360973		247509		113464		
13:22:19		366500		252664		113836		
13:22:21		366130		248078		118052		
13:22:23		356740		247492		109248		
13:22:25		357464		248092		109372		
13:22:27		359633		248029		111604		
13:22:29		353125		247597		105528		
13:22:31		353172		247644		105528		
13:22:33		351415		247499		103916		
13:22:35		356430		251894		104536		
13:22:38		356120		247988		108132		
13:22:40		352534		247750		104784		
13:22:42		354936		249408		105528		
13:22:44		349829		247649		102180		
13:22:46		352592		248800		103792		
13:22:48		370986		262110		108876		
13:22:50		384778		248126		136652		
13:22:52		374272		247540		126732		
13:22:54		374272		247540		126732		
13:22:56		358522		247538		110984		
13:22:58		356584		247584		109000		
13:23:00		354578		247562		107016		
13:23:02		352020		247608		104412		
13:23:04		352818		248158		104660		
13:23:06		350226		245566		104660		
13:23:08		349577		247645		101932		
13:23:10		347065		247613		99452		
13:23:12		348420		248100		100320		
13:23:14		347958		247638		100320		
13:23:16		379926		279234		100692		
13:23:18		385245		248221		137024		
13:23:20		377813		247609		130204		
13:23:22		367399		247611		119788		
13:23:24		370140		249360		120780		
13:23:26		368318		247786		120532		
13:23:28		368638		248106		120532		
13:23:30		364346		247782		116564		
13:23:32		362413		247833		114580		
13:23:34		365785		248229		117556		
13:23:36		363583		247639		115944		
13:23:38		397193		280505		116688		
13:23:41		395560		248244		147316		
13:23:43		391736		247644		144092		
13:23:45		380460		247652		132808		
13:23:47		377242		247658		129584		
13:23:49		371906		247654		124252		
13:23:51		369927		245675		124252		
13:23:53		368128		247720		120408		
13:23:55		365681		247629		118052		
13:23:57		366062		248010		118052		
13:23:59		364009		245957		118052		
13:24:01		361062		243010		118052		
13:24:03		356762		238710		118052		
13:24:05		347597		229545		118052		
13:24:07		349393		231341		118052		
13:24:09		335435		247887		87548		
13:24:11		356732		251080		105652		
13:24:13		353286		247758		105528		
13:24:15		351414		247746		103668		
13:24:17		353212		248676		104536		
13:24:19		348222		247902		100320		
13:24:21		347786		247838		99948		
13:24:23		348136		248188		99948		
13:24:25		352931		250999		101932		
13:24:27		353498		248218		105280		
13:24:29		383133		276365		106768		
13:24:31		368599		248315		120284		
13:24:33		379390		257122		122268		
13:24:35		373399		247907		125492		
13:24:37		368293		247885		120408		
13:24:39		359464		247860		111604		
13:24:41		357922		247930		109992		
13:24:44		355153		247889		107264		
13:24:46		357164		248660		108504		
13:24:48		353092		247936		105156		
13:24:50		354537		248265		106272		
13:24:52		347242		247790		99452		
13:24:54		346440		225560		120880		
13:24:56		324210		247746		76464		
13:24:58		344756		248328		96428		
13:25:00		343175		247739		95436		
13:25:02		343897		248337		95560		
13:25:04		344075		248391		95684		
13:25:06		339293		247825		91468		
13:25:08		340179		248339		91840		
13:25:10		335279		247779		87500		
13:25:12		338519		249655		88864		
13:25:14		341983		249523		92460		
13:25:16		348890		256430		92460		
13:25:18		353880		248400		105480		
13:25:20		344838		247790		97048		
13:25:22		346419		248503		97916		
13:25:24		346669		248381		98288		
13:25:26		344384		247832		96552		
13:25:28		344902		248350		96552		
13:25:30		342583		247891		94692		
13:25:32		344801		250109		94692		
13:25:34		342643		247951		94692		
13:25:36		348670		253978		94692		
13:25:38		353218		258526		94692		
13:25:40		358557		263865		94692		
13:25:42		387931		293239		94692		
13:25:44		326005		231313		94692		
13:25:47		355465		248373		107092		
13:25:49		368390		261298		107092		
13:25:51		385950		278858		107092		
13:25:53		326749		219657		107092		
13:25:55		343657		236565		107092		
13:25:57		351674		244582		107092		
13:25:59		356243		249151		107092		
13:26:01		356345		249253		107092		
13:26:03		355330		248238		107092		
13:26:05		356309		249217		107092		
13:26:07		350566		243474		107092		
13:26:09		349839		242747		107092		
13:26:11		345589		247921		97668		
13:26:13		349052		248408		100644		
13:26:15		388622		286614		102008		
13:26:17		385622		248398		137224		
13:26:19		386392		248424		137968		
13:26:21		377410		247874		129536		
13:26:23		369024		247920		121104		
13:26:25		371565		249965		121600		
13:26:27		370826		248110		122716		
13:26:29		368197		248085		120112		
13:26:31		366974		248102		118872		
13:26:33		365392		248132		117260		
13:26:35		413540		295784		117756		
13:26:37		398532		248536		149996		
13:26:39		411914		256710		155204		
13:26:41		409118		248458		160660		
13:26:43		398132		248012		150120		
13:26:45		390911		247983		142928		
13:26:47		389195		248003		141192		
13:26:50		369021		247917		121104		
13:26:52		372840		251736		121104		
13:26:54		405059		279367		125692		
13:26:56		397380		248500		148880		
13:26:58		398908		248540		150368		
13:27:00		400717		248489		152228		
13:27:02		382564		247944		134620		
13:27:04		384257		248521		135736		
13:27:06		374402		247966		126436		
13:27:08		378458		251402		127056		
13:27:10		376166		248118		128048		
13:27:12		369208		248228		120980		
13:27:14		369357		248377		120980		
13:27:16		365002		248114		116888		
13:27:18		367311		250051		117260		
13:27:20		360085		248157		111928		
13:27:22		360029		248225		111804		
13:27:24		361186		248514		112672		
13:27:26		356555		247975		108580		
13:27:28		353805		248077		105728		
13:27:30		354172		248444		105728		
13:27:32		350423		248043		102380		
13:27:34		348677		248033		100644		
13:27:36		346351		248063		98288		
13:27:38		350567		252279		98288		
13:27:40		348191		248539		99652		
13:27:42		350605		250829		99776		
13:27:44		348140		248240		99900		
13:27:46		346217		248177		98040		
13:27:49		349868		251828		98040		
13:27:51		352201		248581		103620		
13:27:53		352593		248601		103992		
13:27:55		345560		248016		97544		
13:27:57		351504		253960		97544		
13:27:59		351335		248583		102752		
13:28:01		349143		248127		101016		
13:28:03		386061		285045		101016		
13:28:05		393136		248596		144540		
13:28:07		388945		248125		140820		
13:28:09		417367		276547		140820		
13:28:11		403864		248660		155204		
13:28:13		397851		248103		149748		
13:28:15		390479		248047		142432		
13:28:17		376372		248076		128296		
13:28:19		378105		249809		128296		
13:28:21		373298		248226		125072		
13:28:23		369862		248262		121600		
13:28:25		372613		250393		122220		
13:28:27		364767		248251		116516		
13:28:29		365580		248692		116888		
13:28:31		363637		248113		115524		
13:28:33		361650		248110		113540		
13:28:35		362302		248638		113664		
13:28:37		359955		248143		111812		
13:28:39		395908		283848		112060		
13:28:41		398786		248658		150128		
13:28:43		389738		248166		141572		
13:28:45		387386		248170		139216		
13:28:47		385704		248100		137604		
13:28:49		386068		248464		137604		
13:28:52		379881		225909		153972		
13:28:54		361408		239304		122104		
13:28:56		366524		248636		117888		
13:28:58		378411		255935		122476		
13:29:00		382238		252694		129544		
13:29:02		375450		248138		127312		
13:29:04		369728		248120		121608		
13:29:06		364159		248131		116028		
13:29:08		358639		248191		110448		
13:29:10		357414		248082		109332		
13:29:12		354597		248117		106480		
13:29:14		353946		248086		105860		
13:29:16		386066		278966		107100		
13:29:18		388366		248654		139712		
13:29:20		373748		248172		125576		
13:29:22		372219		248131		124088		
13:29:24		368055		248183		119872		
13:29:26		366343		248207		118136		
13:29:28		367469		248713		118756		
13:29:30		365241		248221		117020		
13:29:32		362910		248246		114664		
13:29:34		360694		248138		112556		
13:29:36		362358		248686		113672		
13:29:38		357590		248258		109332		
13:29:40		357458		248250		109208		
13:29:42		356708		248244		108464		
13:29:44		358120		248788		109332		
13:29:46		351024		248264		102760		
13:29:48		358363		254611		103752		
13:29:50		405838		294026		111812		
13:29:53		386065		274253		111812		
13:29:55		357793		248213		109580		
13:29:57		397118		248726		148392		
13:29:59		390366		248298		142068		
13:30:01		387682		248218		139464		
13:30:03		375242		248178		127064		
13:30:05		370405		248177		122228		
13:30:07		357670		248214		109456		
13:30:09		359763		250059		109704		
13:30:11		360592		248780		111812		
13:30:13		362939		248771		114168		
13:30:15		364054		248770		115284		
13:30:17		361211		248283		112928		
13:30:19		361429		248501		112928		
13:30:21		358974		248278		110696		
13:30:23		360049		248857		111192		
13:30:25		356790		248326		108464		
13:30:27		390045		281581		108464		
13:30:29		375900		248836		127064		
13:30:31		381956		254520		127436		
13:30:33		390715		248771		141944		
13:30:35		382848		248344		134504		
13:30:37		384263		248891		135372		
13:30:39		381858		248346		133512		
13:30:41		379346		248314		131032		
13:30:43		377832		248288		129544		
13:30:45		372156		248316		123840		
13:30:47		370400		248296		122104		
13:30:49		360211		248275		111936		
13:30:51		358204		248252		109952		
13:30:53		352907		248287		104620		
13:30:56		349378		248354		101024		
13:30:58		349378		248354		101024		
13:31:00		347259		248343		98916		
13:31:02		344603		248291		96312		
13:31:04		345869		248813		97056		
13:31:06		381759		283587		98172		
13:31:08		378647		248855		129792		
13:31:10		375147		248331		126816		
13:31:12		364844		248320		116524		
13:31:14		367689		249677		118012		
13:31:16		360869		248561		112308		
13:31:18		358731		248531		110200		
13:31:20		357516		248556		108960		
13:31:22		354906		248550		106356		
13:31:24		353940		248452		105488		
13:31:26		350229		248461		101768		
13:31:28		354025		251017		103008		
13:31:30		349631		248483		101148		
13:31:32		347752		248588		99164		
13:31:34		342176		248592		93584		
13:31:36		342550		248966		93584		
13:31:38		341317		248477		92840		
13:31:40		341443		248603		92840		
13:31:42		338285		248545		89740		
13:31:44		339297		248937		90360		
13:31:46		436734		345010		91724		
13:31:48		418151		248927		169224		
13:31:50		422319		251855		170464		
13:31:52		425897		248985		176912		
13:31:54		420374		248422		171952		
13:31:56		413957		248453		165504		
13:31:58		412637		248373		164264		
13:32:01		408388		248340		160048		
13:32:03		393349		248429		144920		
13:32:05		375776		248340		127436		
13:32:07		372215		248375		123840		
13:32:09		374600		250140		124460		
13:32:11		360093		248981		111112		
13:32:13		364035		250319		113716		
13:32:15		362414		248698		113716		
13:32:17		358471		248475		109996		
13:32:19		349796		248480		101316		
13:32:21		350927		248991		101936		
13:32:23		345548		248448		97100		
13:32:25		343307		226243		117064		
13:32:27		322474		234798		87676		
13:32:29		322429		248517		73912		
13:32:31		333440		259528		73912		
13:32:33		342802		251034		91768		
13:32:35		330602		238834		91768		
13:32:37		321763		248471		73292		
13:32:39		329348		254568		74780		
13:32:41		341298		249034		92264		
13:32:43		332994		248542		84452		
13:32:45		334969		249525		85444		
13:32:47		332791		248711		84080		
13:32:49		333185		249105		84080		
13:32:51		326408		248652		77756		
13:32:53		329921		251421		78500		
13:32:55		328375		249131		79244		
13:32:57		361489		280881		80608		
13:33:00		355624		250712		104912		
13:33:02		405150		300238		104912		
13:33:04		400103		249063		151040		
13:33:06		410146		258238		151908		
13:33:08		408864		249144		159720		
13:33:10		398654		248606		150048		
13:33:12		399825		249157		150668		
13:33:14		395919		248599		147320		
13:33:16		385243		248587		136656		
13:33:18		385598		248942		136656		
13:33:20		372835		248579		124256		
13:33:22		367346		248546		118800		
13:33:24		369518		249230		120288		
13:33:26		365157		248713		116444		
13:33:28		362470		248754		113716		
13:33:30		361375		248775		112600		
13:33:32		361937		249089		112848		
13:33:34		358799		248555		110244		
13:33:36		353979		248571		105408		
13:33:38		353108		248568		104540		
13:33:40		387537		265141		122396		
13:33:42		437593		249105		188488		
13:33:44		369512		248604		120908		
13:33:46		367702		248654		119048		
13:33:48		367075		248647		118428		
13:33:50		371077		249177		121900		
13:33:52		369548		248640		120908		
13:33:54		364916		248596		116320		
13:33:56		361765		248669		113096		
13:33:59		360837		248609		112228		
13:34:01		357169		248661		108508		
13:34:03		355436		248664		106772		
13:34:05		384549		276413		108136		
13:34:07		364115		249159		114956		
13:34:09		430365		314417		115948		
13:34:11		402267		249243		153024		
13:34:13		421735		267471		154264		
13:34:15		427654		249210		178444		
13:34:17		416599		248695		167904		
13:34:19		407839		248739		159100		
13:34:21		438778		279678		159100		
13:34:23		419437		249177		170260		
13:34:25		426160		255404		170756		
13:34:27		426445		249241		177204		
13:34:29		418412		248648		169764		
13:34:31		417183		248659		168524		
13:34:33		411554		248734		162820		
13:34:35		408862		248646		160216		
13:34:37		410720		250504		160216		
13:34:39		395726		248902		146824		
13:34:41		397343		250519		146824		
13:34:43		393351		248883		144468		
13:34:45		390982		248870		142112		
13:34:47		391486		249250		142236		
13:34:49		378589		248753		129836		
13:34:51		379274		249314		129960		
13:34:53		371598		248706		122892		
13:34:55		363982		248654		115328		
13:34:57		358082		248706		109376		
13:35:00		352936		248768		104168		
13:35:02		347413		248701		98712		
13:35:04		355303		256219		99084		
13:35:06		355881		249233		106648		
13:35:08		351582		248778		102804		
13:35:10		351165		248733		102432		
13:35:12		349529		248709		100820		
13:35:14		344830		248722		96108		
13:35:16		345812		249332		96480		
13:35:18		346955		249235		97720		
13:35:20		345876		248776		97100		
13:35:22		345268		248788		96480		
13:35:24		349083		252603		96480		
13:35:26		349388		249312		100076		
13:35:28		349388		249312		100076		
13:35:30		481663		314007		167656		
13:35:32		409218		248754		160464		
13:35:34		434884		249372		185512		
13:35:36		429861		248813		181048		
13:35:38		432505		249349		183156		
13:35:40		430938		248774		182164		
13:35:42		428240		248804		179436		
13:35:44		421326		248834		172492		
13:35:46		413515		248835		164680		
13:35:48		398067		248763		149304		
13:35:50		392639		248791		143848		
13:35:52		380599		248779		131820		
13:35:54		379495		248791		130704		
13:35:56		376486		248758		127728		
13:35:58		420591		269527		151064		
13:36:00		395323		249367		145956		
13:36:03		411568		265612		145956		
13:36:05		438514		270114		168400		
13:36:07		428526		249338		179188		
13:36:09		414849		235661		179188		
13:36:11		408181		228993		179188		
13:36:13		387783		248771		139012		
13:36:15		399583		249411		150172		
13:36:17		392396		248796		143600		
13:36:19		387750		248862		138888		
13:36:21		389208		249700		139508		
13:36:23		377839		248995		128844		
13:36:25		432019		303175		128844		
13:36:27		421081		249333		171748		
13:36:29		432444		260200		172244		
13:36:31		432308		249400		182908		
13:36:33		425921		248841		177080		
13:36:35		421126		248882		172244		
13:36:37		411893		248825		163068		
13:36:39		403488		248852		154636		
13:36:41		400889		248857		152032		
13:36:43		392488		248888		143600		
13:36:45		391334		248850		142484		
13:36:47		386954		248810		138144		
13:36:49		376672		248820		127852		
13:36:51		412863		284639		128224		
13:36:53		402774		249378		153396		
13:36:55		403801		249413		154388		
13:36:57		409574		249482		160092		
13:36:59		392198		248846		143352		
13:37:01		393904		249684		144220		
13:37:03		389106		249102		140004		
13:37:06		390722		249478		141244		
13:37:08		387204		248936		138268		
13:37:10		382316		248884		133432		
13:37:12		381194		248878		132316		
13:37:14		374780		248912		125868		
13:37:16		370875		248975		121900		
13:37:18		418051		295779		122272		
13:37:20		420594		249466		171128		
13:37:22		417706		248934		168772		
13:37:24		413523		248967		164556		
13:37:26		409516		248928		160588		
13:37:28		404855		248979		155876		
13:37:30		398469		248917		149552		
13:37:32		392812		248964		143848		
13:37:34		385217		248933		136284		
13:37:36		380471		248899		131572		
13:37:38		382249		249685		132564		
13:37:40		370177		249145		121032		
13:37:42		368875		249083		119792		
13:37:44		372390		250986		121404		
13:37:46		371049		249149		121900		
13:37:48		372110		250086		122024		
13:37:50		369206		249166		120040		
13:37:52		365760		249192		116568		
13:37:54		366755		249567		117188		
13:37:56		362848		249008		113840		
13:37:58		361201		248973		112228		
13:38:00		354465		248933		105532		
13:38:02		359157		253129		106028		
13:38:04		383432		273064		110368		
13:38:06		420167		249535		170632		
13:38:08		400987		248955		152032		
13:38:11		391656		249048		142608		
13:38:13		377589		248985		128604		
13:38:15		388180		257476		130704		
13:38:17		388131		249615		138516		
13:38:19		381920		248984		132936		
13:38:21		385138		251830		133308		
13:38:23		378071		249227		128844		
13:38:25		421219		291631		129588		
13:38:27		419375		249611		169764		
13:38:29		421494		250490		171004		
13:38:31		458894		278714		180180		
13:38:33		442416		262236		180180		
13:38:35		480888		249620		231268		
13:38:37		454832		248984		205848		
13:38:39		463011		255675		207336		
13:38:41		446172		249252		196920		
13:38:43		442827		249255		193572		
13:38:45		432287		249255		183032		
13:38:47		423229		249249		173980		
13:38:49		414177		249249		164928		
13:38:51		409418		249202		160216		
13:38:53		401629		249225		152404		
13:38:55		402068		249664		152404		
13:38:57		398842		249166		149676		
13:38:59		393728		244052		149676		
13:39:01		392515		242839		149676		
13:39:03		387571		237895		149676		
13:39:05		386787		237111		149676		
13:39:07		380246		230570		149676		
13:39:09		370295		220619		149676		
13:39:11		347229		197553		149676		
13:39:14		323689		174013		149676		
13:39:16		297366		147690		149676		
13:39:18		270809		121133		149676		
13:39:20		317447		167771		149676		
13:39:22		281668		131992		149676		
13:39:24		253956		195340		58616		
13:39:26		310555		251939		58616		
13:39:28		299060		240444		58616		
13:39:30		326146		267530		58616		
13:39:32		294353		194261		100092		
13:39:34		340469		224505		115964		
13:39:36		292471		194239		98232		
13:39:38		329197		230965		98232		
13:39:40		288506		194366		94140		
13:39:42		317440		194780		122660		
13:39:44		315820		194276		121544		
13:39:46		309216		194244		114972		
13:39:48		306652		194284		112368		
13:39:50		306652		194284		112368		
13:39:52		303916		194276		109640		
13:39:54		301404		194244		107160		
13:39:56		298348		194280		104068		
13:39:58		302982		198666		104316		
13:40:00		301697		194405		107292		
13:40:02		301264		194468		106796		
13:40:04		296416		194456		101960		
13:40:06		297238		194782		102456		
13:40:08		295758		194294		101464		
13:40:10		358872		257160		101712		
13:40:12		356696		194844		161852		
13:40:14		357073		195221		161852		
13:40:16		351960		194448		157512		
13:40:19		350485		194461		156024		
13:40:21		346207		194399		151808		
13:40:23		340878		194402		146476		
13:40:25		333858		194442		139416		
13:40:27		321445		194429		127016		
13:40:29		321445		194429		127016		
13:40:31		315645		194457		121188		
13:40:33		313995		194419		119576		
13:40:35		312304		194464		117840		
13:40:37		311694		194474		117220		
13:40:39		307295		194415		112880		
13:40:41		304727		194451		110276		
13:40:43		304248		194468		109780		
13:40:45		302315		194395		107920		
13:40:47		298582		194506		104076		
13:40:49		328565		223745		104820		
13:40:51		325732		194872		130860		
13:40:53		329000		197148		131852		
13:40:55		332837		194909		137928		
13:40:57		342836		201808		141028		
13:40:59		348142		194838		153304		
13:41:01		345254		194306		150948		
13:41:03		374568		223496		151072		
13:41:05		365850		194938		170912		
13:41:07		382977		194953		188024		
13:41:09		375126		194418		180708		
13:41:11		379109		196913		182196		
13:41:13		377825		194513		183312		
13:41:15		373903		194559		179344		
13:41:17		362757		194573		168184		
13:41:19		363202		194894		168308		
13:41:22		340294		177690		162604		
13:41:24		324648		194408		130240		
13:41:26		333628		194956		138672		
13:41:28		324262		194394		129868		
13:41:30		369237		233417		135820		
13:41:32		369309		194925		174384		
13:41:34		369978		194974		175004		
13:41:36		364763		194347		170416		
13:41:38		363493		194441		169052		
13:41:40		358230		194386		163844		
13:41:42		363341		199373		163968		
13:41:44		361777		194585		167192		
13:41:46		367008		194980		172028		
13:41:48		366668		194640		172028		
13:41:50		364086		194414		169672		
13:41:52		361985		194421		167564		
13:41:54		356333		194473		161860		
13:41:56		353368		194360		159008		
13:41:58		340689		194453		146236		
13:42:00		327946		194358		133588		
13:42:02		329247		195039		134208		
13:42:04		327697		194605		133092		
13:42:06		328020		194928		133092		
13:42:08		319478		194570		124908		
13:42:10		314589		194641		119948		
13:42:12		348795		228103		120692		
13:42:14		337696		194932		142764		
13:42:16		354500		211736		142764		
13:42:18		362053		194985		167068		
13:42:20		351697		194425		157272		
13:42:22		346819		194507		152312		
13:42:24		345332		194508		150824		
13:42:27		341728		194500		147228		
13:42:29		344340		197112		147228		
13:42:31		338784		194408		144376		
13:42:33		332847		194423		138424		
13:42:35		332674		194498		138176		
13:42:37		333487		195063		138424		
13:42:39		326921		194449		132472		
13:42:41		323596		194472		129124		
13:42:43		321773		194509		127264		
13:42:45		319925		194521		125404		
13:42:47		316054		194494		121560		
13:42:49		316054		194494		121560		
13:42:51		312640		194428		118212		
13:42:53		311032		194432		116600		
13:42:55		352100		234632		117468		
13:42:57		346793		195101		151692		
13:42:59		356077		200293		155784		
13:43:01		358960		195860		163100		
13:43:03		361522		195074		166448		
13:43:05		351897		194501		157396		
13:43:07		351857		194461		157396		
13:43:09		349527		194487		155040		
13:43:11		348205		194529		153676		
13:43:13		333519		194475		139044		
13:43:15		329419		194467		134952		
13:43:17		332001		195065		136936		
13:43:19		372709		231681		141028		
13:43:21		358351		195127		163224		
13:43:23		409815		232951		176864		
13:43:25		409822		195138		214684		
13:43:27		414744		198944		215800		
13:43:29		414830		195062		219768		
13:43:32		411757		194593		217164		
13:43:34		411290		194622		216668		
13:43:36		410881		194585		216296		
13:43:38		410575		194527		216048		
13:43:40		409225		194541		214684		
13:43:42		396658		194622		202036		
13:43:44		390125		194537		195588		
13:43:46		391953		196117		195836		
13:43:48		373130		194778		178352		
13:43:50		374896		195180		179716		
13:43:52		355336		194592		160744		
13:43:54		337522		194758		142764		
13:43:56		335260		194728		140532		
13:43:58		331284		194720		136564		
13:44:00		320991		194719		126272		
13:44:02		317139		194711		122428		
13:44:04		323464		200664		122800		
13:44:06		328473		195133		133340		
13:44:08		313419		194587		118832		
13:44:10		316539		195971		120568		
13:44:12		316283		195219		121064		
13:44:14		314791		194843		119948		
13:44:16		312923		194835		118088		
13:44:18		313490		195154		118336		
13:44:20		310784		194680		116104		
13:44:22		310583		194603		115980		
13:44:24		312575		196347		116228		
13:44:26		309728		194864		114864		
13:44:28		311422		195194		116228		
13:44:30		311369		195141		116228		
13:44:33		311713		195237		116476		
13:44:35		307683		194679		113004		
13:44:37		306240		194724		111516		
13:44:39		361161		249397		111764		
13:44:41		349514		195218		154296		
13:44:43		359320		204280		155040		
13:44:45		367864		195216		172648		
13:44:47		387627		214607		173020		
13:44:49		402941		195201		207740		
13:44:51		374534		194694		179840		
13:44:53		368102		194710		173392		
13:44:55		365186		194770		170416		
13:44:57		355230		194734		160496		
13:44:59		354129		194749		159380		
13:45:01		349515		194723		154792		
13:45:03		343392		194676		148716		
13:45:05		342128		194776		147352		
13:45:07		330535		194715		135820		
13:45:09		332619		196675		135944		
13:45:11		326005		194897		131108		
13:45:13		320557		194905		125652		
13:45:15		321695		195299		126396		
13:45:17		315049		194729		120320		
13:45:19		314812		194740		120072		
13:45:21		316415		195351		121064		
13:45:23		309534		194794		114740		
13:45:25		305286		194762		110524		
13:45:27		305286		194762		110524		
13:45:29		302645		194725		107920		
13:45:31		305171		196135		109036		
13:45:34		303237		194945		108292		
13:45:36		299257		194933		104324		
13:45:38		302093		196405		105688		
13:45:40		302181		196493		105688		
13:45:42		299510		193822		105688		
13:45:44		296667		194823		101844		
13:45:46		302073		200229		101844		
13:45:48		337553		233229		104324		
13:45:50		379708		275384		104324		
13:45:52		360511		195303		165208		
13:45:54		422727		256031		166696		
13:45:56		412274		200566		211708		
13:45:58		434088		222380		211708		
13:46:00		397232		194824		202408		
13:46:02		421491		195399		226092		
13:46:04		421304		195212		226092		
13:46:06		409489		194805		214684		
13:46:08		401317		194817		206500		
13:46:10		393460		194772		198688		
13:46:12		373904		194808		179096		
13:46:14		357548		194820		162728		
13:46:16		365217		202117		163100		
13:46:18		354876		195000		159876		
13:46:20		351357		194953		156404		
13:46:22		345461		195009		150452		
13:46:24		340334		194966		145368		
13:46:26		335926		195022		140904		
13:46:28		335218		195058		140160		
13:46:30		335925		195765		140160		
13:46:32		332336		194904		137432		
13:46:34		316734		179302		137432		
13:46:37		304951		194799		110152		
13:46:39		312088		195364		116724		
13:46:41		306503		189779		116724		
13:46:43		297414		180690		116724		
13:46:45		290009		173285		116724		
13:46:47		277996		161272		116724		
13:46:49		264661		195085		69576		
13:46:51		291749		195369		96380		
13:46:53		293935		196687		97248		
13:46:55		289471		195075		94396		
13:46:57		289769		195373		94396		
13:46:59		288891		194991		93900		
13:47:01		291148		196380		94768		
13:47:03		290200		195060		95140		
13:47:05		285653		195101		90552		
13:47:07		287763		196219		91544		
13:47:09		288221		195437		92784		
13:47:11		287659		194875		92784		
13:47:13		289085		195433		93652		
13:47:15		293282		198018		95264		
13:47:17		292014		195014		97000		
13:47:19		389373		291629		97744		
13:47:21		388980		195508		193472		
13:47:23		384713		194961		189752		
13:47:25		381188		194908		186280		
13:47:27		376840		194900		181940		
13:47:29		372955		194859		178096		
13:47:31		368906		194902		174004		
13:47:33		390676		214068		176608		
13:47:35		395385		195713		199672		
13:47:37		381697		194921		186776		
13:47:39		378406		194978		183428		
13:47:42		378951		195523		183428		
13:47:44		371987		195007		176980		
13:47:46		371718		194986		176732		
13:47:48		361016		194948		166068		
13:47:50		363299		197231		166068		
13:47:52		355573		195085		160488		
13:47:54		354205		195081		159124		
13:47:56		341766		195166		146600		
13:47:58		334101		195189		138912		
13:48:00		332518		195094		137424		
13:48:02		331944		195140		136804		
13:48:04		333026		195478		137548		
13:48:06		371913		234117		137796		
13:48:08		365498		204142		161356		
13:48:10		381887		220531		161356		
13:48:12		388256		226900		161356		
13:48:14		415288		253932		161356		
13:48:16		383598		222242		161356		
13:48:18		378106		216750		161356		
13:48:20		432547		195551		236996		
13:48:22		403915		195067		208848		
13:48:24		397947		195051		202896		
13:48:26		421352		216968		204384		
13:48:28		433324		195584		237740		
13:48:30		409443		195015		214428		
13:48:32		407927		194987		212940		
13:48:34		405736		195028		210708		
13:48:36		395656		194992		200664		
13:48:38		385275		195027		190248		
13:48:40		384158		195026		189132		
13:48:42		370621		195005		175616		
13:48:45		365475		195067		170408		
13:48:47		364360		195068		169292		
13:48:49		358623		195035		163588		
13:48:51		347751		195075		152676		
13:48:53		340500		195016		145484		
13:48:55		338027		195023		143004		
13:48:57		334221		195057		139164		
13:48:59		328184		195096		133088		
13:49:01		326786		195186		131600		
13:49:03		322846		195090		127756		
13:49:05		325981		196737		129244		
13:49:07		325885		195649		130236		
13:49:09		317855		195183		122672		
13:49:11		315480		195164		120316		
13:49:13		379501		257945		121556		
13:49:15		372087		195599		176488		
13:49:17		378188		200212		177976		
13:49:19		383244		195596		187648		
13:49:21		378382		195074		183308		
13:49:23		378382		195074		183308		
13:49:25		367649		195129		172520		
13:49:27		362551		195115		167436		
13:49:29		361034		195086		165948		
13:49:31		353991		195111		158880		
13:49:33		354544		195664		158880		
13:49:35		344737		195033		149704		
13:49:37		337019		195127		141892		
13:49:39		339822		195698		144124		
13:49:41		337083		195067		142016		
13:49:43		333107		195183		137924		
13:49:45		327105		195133		131972		
13:49:48		359253		225793		133460		
13:49:50		336558		195658		140900		
13:49:52		340939		200039		140900		
13:49:54		345639		195687		149952		
13:49:56		336575		195179		141396		
13:49:58		331150		195086		136064		
13:50:00		320986		195090		125896		
13:50:02		319004		195092		123912		
13:50:04		315773		195085		120688		
13:50:06		315158		195090		120068		
13:50:08		310602		195122		115480		
13:50:10		308582		195086		113496		
13:50:12		376124		262132		113992		
13:50:14		370980		195732		175248		
13:50:16		377041		200677		176364		
13:50:18		380759		172995		207764		
13:50:20		352490		195342		157148		
13:50:22		367559		195779		171780		
13:50:24		359509		195169		164340		
13:50:26		353548		195160		158388		
13:50:28		351807		195155		156652		
13:50:30		340627		195135		145492		
13:50:32		344572		198832		145740		
13:50:34		376504		227664		148840		
13:50:36		370061		221221		148840		
13:50:38		325777		195413		130364		
13:50:40		365395		205519		159876		
13:50:42		372238		198722		173516		
13:50:44		364840		195168		169672		
13:50:46		364840		195168		169672		
13:50:49		346796		195228		151568		
13:50:51		341783		195175		146608		
13:50:53		335895		195239		140656		
13:50:55		329182		195222		133960		
13:50:57		329118		195282		133836		
13:50:59		351369		216913		134456		
13:51:01		350846		195806		155040		
13:51:03		347282		195218		152064		
13:51:05		348111		195799		152312		
13:51:07		340753		195261		145492		
13:51:09		338151		195263		142888		
13:51:11		406506		261634		144872		
13:51:13		404082		195846		208236		
13:51:15		404122		195762		208360		
13:51:17		403020		195280		207740		
13:51:19		399450		195306		204144		
13:51:21		398400		195248		203152		
13:51:23		393482		195290		198192		
13:51:25		381943		195283		186660		
13:51:27		375633		195297		180336		
13:51:29		371060		195312		175748		
13:51:31		368408		195264		173144		
13:51:33		357633		195277		162356		
13:51:35		356973		195237		161736		
13:51:37		350116		195324		154792		
13:51:39		340646		195278		145368		
13:51:41		337442		195422		142020		
13:51:43		339148		197128		142020		
13:51:45		332076		195264		136812		
13:51:47		317864		195312		122552		
13:51:49		311364		195384		115980		
13:51:52		306100		195328		110772		
13:51:54		302997		195325		107672		
13:51:56		302746		195322		107424		
13:51:58		294548		195308		99240		
13:52:00		295640		195904		99736		
13:52:02		304029		195861		108168		
13:52:04		301826		195394		106432		
13:52:06		301201		195389		105812		
13:52:08		334411		225747		108664		
13:52:10		330873		195921		134952		
13:52:12		404408		265116		139292		
13:52:14		394982		195922		199060		
13:52:16		405534		195934		209600		
13:52:18		399699		195431		204268		
13:52:20		399599		195331		204268		
13:52:22		395608		195308		200300		
13:52:24		390418		195326		195092		
13:52:26		379521		195341		184180		
13:52:28		377177		195353		181824		
13:52:30		372145		195405		176740		
13:52:32		360522		195314		165208		
13:52:34		358620		195396		163224		
13:52:36		352396		195372		157024		
13:52:38		350242		195326		154916		
13:52:40		341508		195396		146112		
13:52:42		336825		195425		141400		
13:52:44		340345		198945		141400		
13:52:46		330367		195415		134952		
13:52:48		313401		195437		117964		
13:52:50		321140		195984		125156		
13:52:53		315914		195470		120444		
13:52:55		314878		195426		119452		
13:52:57		321708		200768		120940		
13:52:59		318964		195544		123420		
13:53:01		314738		195658		119080		
13:53:03		378481		258657		119824		
13:53:05		412118		250878		161240		
13:53:07		399780		238540		161240		
13:53:09		378120		195924		182196		
13:53:11		406651		210443		196208		
13:53:13		417304		195924		221380		
13:53:15		397886		195478		202408		
13:53:17		397243		195455		201788		
13:53:19		425244		223084		202160		
13:53:21		392543		195839		196704		
13:53:23		425570		196130		229440		
13:53:25		410683		195627		215056		
13:53:27		406365		195649		210716		
13:53:29		405556		195584		209972		
13:53:31		392991		195667		197324		
13:53:33		390952		195612		195340		
13:53:35		379755		195575		184180		
13:53:37		379755		195575		184180		
13:53:39		366425		195637		170788		
13:53:41		360942		195610		165332		
13:53:43		350407		195615		154792		
13:53:45		345937		195609		150328		
13:53:47		347358		196658		150700		
13:53:49		344070		195602		148468		
13:53:51		344449		173381		171068		
13:53:53		324256		195744		128512		
13:53:55		344717		213725		130992		
13:53:58		355511		196123		159388		
13:54:00		337004		195596		141408		
13:54:02		333277		195589		137688		
13:54:04		387277		249465		137812		
13:54:06		368432		196148		172284		
13:54:08		384308		211156		173152		
13:54:10		389479		196239		193240		
13:54:12		377858		195654		182204		
13:54:14		369495		195599		173896		
13:54:16		367397		195609		171788		
13:54:18		359066		195710		163356		
13:54:20		355390		195630		159760		
13:54:22		355390		195630		159760		
13:54:24		355390		195630		159760		
13:54:26		336484		195696		140788		
13:54:28		342021		199869		142152		
13:54:30		332083		195635		136448		
13:54:32		329561		195717		133844		
13:54:34		322268		195740		126528		
13:54:36		328229		201329		126900		
13:54:38		321851		195819		126032		
13:54:40		314371		195903		118468		
13:54:42		344618		225406		119212		
13:54:44		344026		196294		147732		
13:54:46		347539		196211		151328		
13:54:48		347238		195910		151328		
13:54:50		344119		195767		148352		
13:54:52		345486		196762		148724		
13:54:54		341319		192595		148724		
13:54:56		339709		195945		143764		
13:54:59		340247		196235		144012		
13:55:01		342715		198083		144632		
13:55:03		388240		236664		151576		
13:55:05		390094		238518		151576		
13:55:07		354845		195705		159140		
13:55:09		380312		196248		184064		
13:55:11		379089		195769		183320		
13:55:13		372167		195791		176376		
13:55:15		366789		195745		171044		
13:55:17		355986		195730		160256		
13:55:19		356271		196015		160256		
13:55:21		345505		195789		149716		
13:55:23		346937		196353		150584		
13:55:25		340909		195781		145128		
13:55:27		344494		199366		145128		
13:55:29		340750		195994		144756		
13:55:31		331514		195934		135580		
13:55:33		373632		237680		135952		
13:55:35		373226		213714		159512		
13:55:37		372003		212491		159512		
13:55:39		358183		198299		159884		
13:55:41		351011		195839		155172		
13:55:43		344965		195869		149096		
13:55:45		340823		195819		145004		
13:55:47		342441		197437		145004		
13:55:49		345877		196409		149468		
13:55:51		342503		195887		146616		
13:55:53		328727		195875		132852		
13:55:55		324345		195833		128512		
13:55:58		351109		222597		128512		
13:56:00		336537		196369		140168		
13:56:02		399502		251894		147608		
13:56:04		399945		217121		182824		
13:56:06		419282		196530		222752		
13:56:08		401494		195854		205640		
13:56:10		398492		195828		202664		
13:56:12		390085		195977		194108		
13:56:14		382448		196028		186420		
13:56:16		369280		196004		173276		
13:56:18		361620		196032		165588		
13:56:20		354786		196018		158768		
13:56:22		354354		195958		158396		
13:56:24		346366		196030		150336		
13:56:26		354642		203438		151204		
13:56:28		337888		196108		141780		
13:56:30		339546		196402		143144		
13:56:32		341554		197542		144012		
13:56:34		336252		196084		140168		
13:56:36		332530		196082		136448		
13:56:38		328919		196067		132852		
13:56:40		323002		196102		126900		
13:56:42		315062		196098		118964		
13:56:44		310756		196008		114748		
13:56:46		308400		196008		112392		
13:56:48		315047		201043		114004		
13:56:50		313101		196493		116608		
13:56:52		318017		200293		117724		
13:56:54		309802		196046		113756		
13:56:56		310051		196295		113756		
13:56:58		314504		196408		118096		
13:57:00		308555		195915		112640		
13:57:03		361237		248597		112640		
13:57:05		361964		209272		152692		
13:57:07		370487		217795		152692		
13:57:09		381896		204776		177120		
13:57:11		362157		195949		166208		
13:57:13		349602		195918		153684		
13:57:15		347254		195926		151328		
13:57:17		337024		195988		141036		
13:57:19		335822		195902		139920		
13:57:21		367210		225802		141408		
13:57:23		355187		196543		158644		
13:57:25		354040		195892		158148		
13:57:27		358389		196521		161868		
13:57:29		352108		195944		156164		
13:57:31		341929		195933		145996		
13:57:33		343210		196470		146740		
13:57:35		344678		196450		148228		
13:57:37		333417		195977		137440		
13:57:39		324540		195904		128636		
13:57:41		325991		196487		129504		
13:57:43		322620		195968		126652		
13:57:45		320515		195971		124544		
13:57:47		319657		173761		145896		
13:57:49		299387		196047		103340		
13:57:51		310259		196503		113756		
13:57:53		315698		197354		118344		
13:57:55		316283		196575		119708		
13:57:57		353023		231207		121816		
13:57:59		397945		249469		148476		
13:58:01		382707		196535		186172		
13:58:03		408068		196476		211592		
13:58:06		401783		196019		205764		
13:58:08		399091		195931		203160		
13:58:10		388310		195938		192372		
13:58:12		380985		196053		184932		
13:58:14		378260		196056		182204		
13:58:16		376737		196021		180716		
13:58:18		365754		195950		169804		
13:58:20		368624		197704		170920		
13:58:22		361000		196156		164844		
13:58:24		359446		196214		163232		
13:58:26		359172		196188		162984		
13:58:28		355411		196147		159264		
13:58:30		388160		227284		160876		
13:58:32		381020		196584		184436		
13:58:34		379451		196007		183444		
13:58:36		381410		196602		184808		
13:58:38		377472		196012		181460		
13:58:40		362642		196062		166580		
13:58:42		343945		196089		147856		
13:58:44		345368		197512		147856		
13:58:46		345368		196644		148724		
13:58:48		334811		196131		138680		
13:58:50		327630		196018		131612		
13:58:52		324984		196100		128884		
13:58:54		324984		196100		128884		
13:58:56		324372		196108		128264		
13:58:58		324807		196543		128264		
13:59:00		319067		196135		122932		
13:59:02		321663		197367		124296		
13:59:04		318607		196295		122312		
13:59:06		323349		200541		122808		
13:59:09		370375		239755		130620		
13:59:11		372845		242225		130620		
13:59:13		345701		198093		147608		
13:59:15		370331		204247		166084		
13:59:17		374197		196705		177492		
13:59:19		366327		196151		170176		
13:59:21		358944		196084		162860		
13:59:23		347886		196062		151824		
13:59:25		336619		196079		140540		
13:59:27		335170		196118		139052		
13:59:29		328120		196136		131984		
13:59:31		328194		196210		131984		
13:59:33		319048		196116		122932		
13:59:35		316714		196138		120576		
13:59:37		316821		196245		120576		
13:59:39		313498		196146		117352		
13:59:41		315267		197419		117848		
13:59:43		308714		196322		112392		
13:59:45		304536		196360		108176		
13:59:47		295190		196314		98876		
13:59:49		294521		196389		98132		
13:59:51		292429		196281		96148		
13:59:53		322618		225602		97016		
13:59:55		307845		196693		111152		
13:59:57		320321		207929		112392		
13:59:59		318130		196686		121444		
14:00:01		314743		196151		118592		
14:00:03		320164		200084		120080		
14:00:05		323452		196676		126776		
14:00:07		314831		196239		118592		
14:00:09		314831		196239		118592		
14:00:11		313863		196139		117724		
14:00:14		306424		196140		110284		
14:00:16		308176		196776		111400		
14:00:18		304730		196182		108548		
14:00:20		302074		196254		105820		
14:00:22		301297		196221		105076		
14:00:24		301391		196315		105076		
14:00:26		296256		196140		100116		
14:00:28		292716		196196		96520		
14:00:30		347447		250183		97264		
14:00:32		363515		203011		160504		
14:00:34		356695		196191		160504		
14:00:36		387910		196778		191132		
14:00:38		412827		196771		216056		
14:00:40		379605		196285		183320		
14:00:42		369946		196174		173772		
14:00:44		367614		196198		171416		
14:00:46		363953		196257		167696		
14:00:48		367206		199262		167944		
14:00:50		365330		196394		168936		
14:00:52		364934		196370		168564		
14:00:54		347618		196414		151204		
14:00:56		343331		196467		146864		
14:00:58		341665		196413		145252		
14:01:00		338196		196416		141780		
14:01:02		334304		196368		137936		
14:01:04		320545		196373		124172		
14:01:06		312778		196418		116360		
14:01:08		310153		196397		113756		
14:01:10		338225		223849		114376		
14:01:12		313277		196793		116484		
14:01:14		332895		215543		117352		
14:01:17		340629		196865		143764		
14:01:19		329272		196296		132976		
14:01:21		328930		174106		154824		
14:01:23		362425		229821		132604		
14:01:25		384974		196818		188156		
14:01:27		385682		196906		188776		
14:01:29		385682		196906		188776		
14:01:31		374549		196313		178236		
14:01:33		365323		196263		169060		
14:01:35		351829		196277		155552		
14:01:37		341223		196343		144880		
14:01:39		328847		196367		132480		
14:01:41		330084		196860		133224		
14:01:43		317118		196294		120824		
14:01:45		314123		196399		117724		
14:01:47		309553		196293		113260		
14:01:49		306036		196372		109664		
14:01:51		303009		196321		106688		
14:01:53		303815		196879		106936		
14:01:55		311443		203391		108052		
14:01:57		323001		206393		116608		
14:01:59		326381		209773		116608		
14:02:01		332878		196926		135952		
14:02:03		317690		196370		121320		
14:02:05		316532		196328		120204		
14:02:07		315122		196406		118716		
14:02:09		314842		196374		118468		
14:02:11		314298		196326		117972		
14:02:14		310896		196396		114500		
14:02:16		311197		196697		114500		
14:02:18		314264		197904		116360		
14:02:20		390529		271193		119336		
14:02:22		376980		226892		150088		
14:02:24		355833		196941		158892		
14:02:26		384980		204512		180468		
14:02:28		378422		196962		181460		
14:02:30		375366		196386		178980		
14:02:32		376764		196916		179848		
14:02:34		364327		196383		167944		
14:02:36		365429		197113		168316		
14:02:38		353958		191222		162736		
14:02:40		347610		196530		151080		
14:02:42		348501		196925		151576		
14:02:44		341542		196414		145128		
14:02:46		338354		196450		141904		
14:02:48		335045		196489		138556		
14:02:50		331851		196395		135456		
14:02:52		366384		230184		136200		
14:02:54		375855		215103		160752		
14:02:56		373168		212416		160752		
14:02:58		389948		229196		160752		
14:03:00		324968		164216		160752		
14:03:02		330903		170151		160752		
14:03:04		327680		166928		160752		
14:03:06		329461		196485		132976		
14:03:08		330379		197031		133348		
14:03:10		332547		197091		135456		
14:03:12		334976		197412		137564		
14:03:14		339521		196997		142524		
14:03:17		332853		196529		136324		
14:03:19		331564		196480		135084		
14:03:21		318136		196568		121568		
14:03:23		319268		197080		122188		
14:03:25		318648		196460		122188		
14:03:27		316849		196521		120328		
14:03:29		352511		230695		121816		
14:03:31		345605		197005		148600		
14:03:33		344541		196561		147980		
14:03:35		345443		197091		148352		
14:03:37		347716		198000		149716		
14:03:39		345335		196735		148600		
14:03:41		399835		250615		149220		
14:03:43		398268		197092		201176		
14:03:45		400835		197551		203284		
14:03:47		401261		197109		204152		
14:03:49		395094		196522		198572		
14:03:51		389616		196500		193116		
14:03:53		382622		196574		186048		
14:03:55		374029		196537		177492		
14:03:57		366764		196588		170176		
14:03:59		357134		196506		160628		
14:04:01		352961		196549		156412		
14:04:03		340572		196560		144012		
14:04:05		343296		198664		144632		
14:04:07		322424		196764		125660		
14:04:09		315647		196683		118964		
14:04:11		315406		196690		118716		
14:04:13		319068		200228		118840		
14:04:15		312565		196701		115864		
14:04:17		301996		196796		105200		
14:04:19		302005		196805		105200		
14:04:22		299289		196693		102596		
14:04:24		298986		196762		102224		
14:04:26		291667		196759		94908		
14:04:28		289577		196777		92800		
14:04:30		289179		196751		92428		
14:04:32		284815		196727		88088		
14:04:34		286431		198219		88212		
14:04:36		287845		197153		90692		
14:04:38		323356		232416		90940		
14:04:40		311120		197116		114004		
14:04:42		324877		205293		119584		
14:04:44		400760		277456		123304		
14:04:46		378621		197161		181460		
14:04:48		388606		200946		187660		
14:04:50		392334		197110		195224		
14:04:52		384400		196616		187784		
14:04:54		377996		196660		181336		
14:04:56		369637		196609		173028		
14:04:58		368904		196620		172284		
14:05:00		365885		196577		169308		
14:05:02		356815		196683		160132		
14:05:04		349663		189531		160132		
14:05:06		331438		171306		160132		
14:05:08		309901		149769		160132		
14:05:10		289605		196797		92808		
14:05:12		378774		285594		93180		
14:05:14		366502		197186		169316		
14:05:16		372166		202230		169936		
14:05:18		362578		196858		165720		
14:05:20		352088		196784		155304		
14:05:22		338006		196838		141168		
14:05:24		331974		196882		135092		
14:05:27		336352		201012		135340		
14:05:29		329674		196814		132860		
14:05:31		329422		196810		132612		
14:05:33		320599		196791		123808		
14:05:35		386491		262683		123808		
14:05:37		378836		222168		156668		
14:05:39		343606		196734		146872		
14:05:41		381797		197229		184568		
14:05:43		382757		197197		185560		
14:05:45		378239		196647		181592		
14:05:47		371787		196643		175144		
14:05:49		368273		196725		171548		
14:05:51		362160		196688		165472		
14:05:53		355051		196647		158404		
14:05:55		344032		196664		147368		
14:05:57		372499		224883		147616		
14:05:59		352895		197219		155676		
14:06:01		361407		204863		156544		
14:06:03		361579		197223		164356		
14:06:05		351624		196692		154932		
14:06:07		350709		196769		153940		
14:06:09		337815		196771		141044		
14:06:11		324125		196721		127404		
14:06:13		313161		196669		116492		
14:06:15		310404		193912		116492		
14:06:17		310621		194129		116492		
14:06:19		297243		180751		116492		
14:06:21		280042		163550		116492		
14:06:23		260971		144479		116492		
14:06:25		245370		128878		116492		
14:06:27		235216		118724		116492		
14:06:30		216751		100259		116492		
14:06:32		201750		85258		116492		
14:06:34		187145		70653		116492		
14:06:36		241352		124860		116492		
14:06:38		215022		98530		116492		
14:06:40		187735		129967		57768		
14:06:42		220897		160153		60744		
14:06:44		180520		119836		60684		
14:06:46		290510		212086		78424		
14:06:48		290793		121213		169580		
14:06:50		292486		122286		170200		
14:06:52		289508		121788		167720		
14:06:54		293785		125817		167968		
14:06:56		294311		122251		172060		
14:06:58		282235		122079		160156		
14:07:00		269524		122140		147384		
14:07:02		265554		122510		143044		
14:07:04		266620		123080		143540		
14:07:06		256559		122443		134116		
14:07:08		289084		155092		133992		
14:07:10		287728		123232		164496		
14:07:12		283224		126292		156932		
14:07:14		282159		126219		155940		
14:07:16		277568		126216		151352		
14:07:18		274451		126447		148004		
14:07:20		266359		126539		139820		
14:07:22		252688		126508		126180		
14:07:24		247681		126461		121220		
14:07:26		246309		126453		119856		
14:07:29		242152		126512		115640		
14:07:31		242152		126512		115640		
14:07:33		242346		126706		115640		
14:07:35		239767		126607		113160		
14:07:37		239767		126607		113160		
14:07:39		329497		127057		202440		
14:07:41		295716		126508		169208		
14:07:43		293242		126514		166728		
14:07:45		294417		127069		167348		
14:07:47		326146		154582		171564		
14:07:49		302587		127055		175532		
14:07:51		318334		127054		191280		
14:07:53		317954		126674		191280		
14:07:55		314686		126506		188180		
14:07:57		310931		126471		184460		
14:07:59		309258		126658		182600		
14:08:01		301851		126691		175160		
14:08:03		298250		126686		171564		
14:08:05		294431		126587		167844		
14:08:07		277858		126630		151228		
14:08:09		276881		126645		150236		
14:08:11		272127		126603		145524		
14:08:13		273445		127549		145896		
14:08:15		273445		127053		146392		
14:08:17		290146		143754		146392		
14:08:19		347138		153378		193760		
14:08:21		247389		53629		193760		
14:08:23		230187		126575		103612		
14:08:25		275489		127113		148376		
14:08:27		290532		127152		163380		
14:08:29		282239		126547		155692		
14:08:31		321892		165828		156064		
14:08:34		327885		127181		200704		
14:08:36		329610		127170		202440		
14:08:38		331369		127193		204176		
14:08:40		324630		126654		197976		
14:08:42		318609		126585		192024		
14:08:44		311963		126635		185328		
14:08:46		303055		126655		176400		
14:08:48		292193		126581		165612		
14:08:50		284266		126590		157676		
14:08:52		268687		126635		142052		
14:08:54		271149		128849		142300		
14:08:56		269465		126793		142672		
14:08:58		271066		111258		159808		
14:09:00		252326		134330		117996		
14:09:02		271537		140717		130820		
14:09:04		277627		138723		138904		
14:09:06		268534		136698		131836		
14:09:08		269200		137240		131960		
14:09:10		267669		136701		130968		
14:09:12		267390		136794		130596		
14:09:14		258718		136802		121916		
14:09:16		253226		136766		116460		
14:09:18		247174		136790		110384		
14:09:20		245669		136773		108896		
14:09:22		245188		136788		108400		
14:09:24		241642		136714		104928		
14:09:26		238760		136808		101952		
14:09:28		271301		168481		102820		
14:09:30		265607		137367		128240		
14:09:32		274599		144623		129976		
14:09:35		283834		139350		144484		
14:09:37		257736		113252		144484		
14:09:39		241325		136893		104432		
14:09:41		261076		142756		118320		
14:09:43		261623		137351		124272		
14:09:45		258329		136785		121544		
14:09:47		329081		207041		122040		
14:09:49		317029		137329		179700		
14:09:51		318826		137390		181436		
14:09:53		353175		160579		192596		
14:09:55		373502		137382		236120		
14:09:57		345666		136826		208840		
14:09:59		349084		137392		211692		
14:10:01		339031		136887		202144		
14:10:03		334507		136827		197680		
14:10:05		325869		136869		189000		
14:10:07		330255		140263		189992		
14:10:09		321349		137061		184288		
14:10:11		316672		136972		179700		
14:10:13		355868		175424		180444		
14:10:15		348598		139510		209088		
14:10:17		358478		149390		209088		
14:10:19		365221		156133		209088		
14:10:21		366057		156969		209088		
14:10:23		357551		148463		209088		
14:10:25		350162		141074		209088		
14:10:27		326436		136816		189620		
14:10:29		322252		136848		185404		
14:10:31		318732		136924		181808		
14:10:33		294550		136922		157628		
14:10:35		314757		156137		158620		
14:10:38		319246		137438		181808		
14:10:40		313113		136885		176228		
14:10:42		311971		136859		175112		
14:10:44		340513		164781		175732		
14:10:46		337599		137439		200160		
14:10:48		339445		137425		202020		
14:10:50		340076		137436		202640		
14:10:52		332166		136966		195200		
14:10:54		331816		136864		194952		
14:10:56		329486		134534		194952		
14:10:58		323907		128955		194952		
14:11:00		314100		119148		194952		
14:11:02		306318		111366		194952		
14:11:04		348043		153091		194952		
14:11:06		404593		233697		170896		
14:11:08		354828		183932		170896		
14:11:10		363239		192343		170896		
14:11:12		342189		171293		170896		
14:11:14		336720		165824		170896		
14:11:16		327981		157085		170896		
14:11:18		363650		192754		170896		
14:11:20		306901		136005		170896		
14:11:22		339547		168651		170896		
14:11:24		294640		123744		170896		
14:11:26		314091		143195		170896		
14:11:28		326004		155108		170896		
14:11:30		329250		158354		170896		
14:11:32		327057		156161		170896		
14:11:34		327171		156275		170896		
14:11:36		323159		152263		170896		
14:11:39		312477		141581		170896		
14:11:41		293563		122667		170896		
14:11:43		275852		104956		170896		
14:11:45		253993		83097		170896		
14:11:47		236243		65347		170896		
14:11:49		221423		50527		170896		
14:11:51		210205		39309		170896		
14:11:53		199702		28806		170896		
14:11:55		217848		46952		170896		
14:11:57		266138		136906		129232		
14:11:59		305696		176464		129232		
14:12:01		325536		134924		190612		
14:12:03		393947		135011		258936		
14:12:05		356921		134441		222480		
14:12:07		360104		135020		225084		
14:12:09		353884		134380		219504		
14:12:11		349197		134405		214792		
14:12:13		344165		134457		209708		
14:12:15		337703		134443		203260		
14:12:17		327377		134409		192968		
14:12:19		325816		134460		191356		
14:12:21		319354		134446		184908		
14:12:23		317930		134386		183544		
14:12:25		314491		112323		202168		
14:12:27		290093		134573		155520		
14:12:29		301254		135070		166184		
14:12:31		295805		134457		161348		
14:12:33		293763		134523		159240		
14:12:35		279462		134482		144980		
14:12:37		266806		134474		132332		
14:12:39		255255		134455		120800		
14:12:42		259831		138411		121420		
14:12:44		301320		176552		124768		
14:12:46		279505		135021		144484		
14:12:48		287755		142155		145600		
14:12:50		274325		134553		139772		
14:12:52		275628		135112		140516		
14:12:54		274104		134580		139524		
14:12:56		275024		135004		140020		
14:12:58		274814		134794		140020		
14:13:00		271272		134476		136796		
14:13:02		334202		194306		139896		
14:13:04		334875		135087		199788		
14:13:06		351632		135104		216528		
14:13:08		379677		152857		226820		
14:13:10		394262		135078		259184		
14:13:12		366662		134510		232152		
14:13:14		356063		134575		221488		
14:13:16		351926		134654		217272		
14:13:18		353238		135098		218140		
14:13:20		349218		134550		214668		
14:13:22		344232		134524		209708		
14:13:24		337677		134541		203136		
14:13:26		326097		134493		191604		
14:13:28		322914		134534		188380		
14:13:30		317539		134615		182924		
14:13:32		310992		134516		176476		
14:13:34		311637		135161		176476		
14:13:36		295422		134570		160852		
14:13:38		274618		134598		140020		
14:13:40		279927		139659		140268		
14:13:43		265769		134801		130968		
14:13:45		271643		140675		130968		
14:13:47		272249		135081		137168		
14:13:49		269674		134614		135060		
14:13:51		271985		135189		136796		
14:13:53		267129		134549		132580		
14:13:55		262242		134622		127620		
14:13:57		317217		188481		128736		
14:13:59		314349		135145		179204		
14:14:01		322758		142066		180692		
14:14:03		330851		135155		195696		
14:14:05		324523		134655		189868		
14:14:07		319602		134570		185032		
14:14:09		314416		134592		179824		
14:14:11		310429		134573		175856		
14:14:13		300076		134636		165440		
14:14:15		302595		136659		165936		
14:14:17		303739		135199		168540		
14:14:19		299057		134609		164448		
14:14:21		299546		135098		164448		
14:14:23		294257		134645		159612		
14:14:25		297694		137586		160108		
14:14:27		293807		134815		158992		
14:14:29		328366		168878		159488		
14:14:31		314516		135188		179328		
14:14:33		317168		135856		181312		
14:14:35		321374		135226		186148		
14:14:37		312941		134729		178212		
14:14:39		309128		134636		174492		
14:14:41		306515		134627		171888		
14:14:44		306515		134627		171888		
14:14:46		305785		134641		171144		
14:14:48		300596		134660		165936		
14:14:50		294681		134697		159984		
14:14:52		345878		185522		160356		
14:14:54		341413		135177		206236		
14:14:56		351043		144187		206856		
14:14:58		349677		135257		214420		
14:15:00		347496		134688		212808		
14:15:02		342124		134648		207476		
14:15:04		340449		132973		207476		
14:15:06		346655		140295		206360		
14:15:08		360955		135251		225704		
14:15:10		344432		134724		209708		
14:15:12		343622		134658		208964		
14:15:14		335239		134707		200532		
14:15:16		336114		135210		200904		
14:15:18		327283		134687		192596		
14:15:20		325671		134687		190984		
14:15:22		314162		123178		190984		
14:15:24		306238		115254		190984		
14:15:26		281069		90085		190984		
14:15:28		260458		69474		190984		
14:15:30		247227		56243		190984		
14:15:32		247227		134735		112492		
14:15:34		280352		167860		112492		
14:15:36		241965		129473		112492		
14:15:38		281056		168564		112492		
14:15:40		242512		134732		107780		
14:15:42		313739		205339		108400		
14:15:44		286402		146506		139896		
14:15:47		312900		173004		139896		
14:15:49		267022		134814		132208		
14:15:51		353789		215877		137912		
14:15:53		330756		135308		195448		
14:15:55		357304		135320		221984		
14:15:57		356216		134728		221488		
14:15:59		353864		134732		219132		
14:16:01		352715		134823		217892		
14:16:03		340680		112596		228084		
14:16:05		318167		134871		183296		
14:16:07		328378		135286		193092		
14:16:09		327622		134778		192844		
14:16:11		311456		134732		176724		
14:16:13		310443		134835		175608		
14:16:15		303090		134798		168292		
14:16:17		294393		134781		159612		
14:16:19		297044		136192		160852		
14:16:21		281086		134990		146096		
14:16:23		284380		137912		146468		
14:16:25		279128		134768		144360		
14:16:27		275936		134800		141136		
14:16:29		265134		134786		130348		
14:16:31		267478		136758		130720		
14:16:33		263795		135059		128736		
14:16:35		252868		135044		117824		
14:16:37		256009		137565		118444		
14:16:39		258148		135364		122784		
14:16:41		254463		134903		119560		
14:16:43		254611		135175		119436		
14:16:45		252687		134987		117700		
14:16:47		249454		134978		114476		
14:16:50		244059		135039		109020		
14:16:52		251787		141775		110012		
14:16:54		283218		169114		114104		
14:16:56		273118		159014		114104		
14:16:58		297548		160876		136672		
14:17:00		248787		112115		136672		
14:17:02		259083		135555		123528		
14:17:04		281949		152453		129496		
14:17:06		294611		165115		129496		
14:17:08		237285		107789		129496		
14:17:10		248124		118628		129496		
14:17:12		248124		135740		112384		
14:17:14		322043		209659		112384		
14:17:16		307816		195432		112384		
14:17:18		283165		170781		112384		
14:17:20		278023		135259		142764		
14:17:22		322596		137548		185048		
14:17:24		320051		135127		184924		
14:17:26		312410		135174		177236		
14:17:28		308930		135166		173764		
14:17:30		302949		135137		167812		
14:17:32		293849		135213		158636		
14:17:34		291258		135226		156032		
14:17:36		328412		170644		157768		
14:17:38		325832		135700		190132		
14:17:40		317189		135241		181948		
14:17:42		320311		138239		182072		
14:17:44		309780		135396		174384		
14:17:46		311027		136907		174120		
14:17:49		308453		136193		172260		
14:17:51		313296		140292		173004		
14:17:53		313296		136448		176848		
14:17:55		303168		135992		167176		
14:17:57		287280		135976		151304		
14:17:59		268827		136123		132704		
14:18:01		260262		136114		124148		
14:18:03		259666		136138		123528		
14:18:05		253283		136079		117204		
14:18:07		252401		136065		116336		
14:18:09		252989		136529		116460		
14:18:11		248463		135971		112492		
14:18:13		248134		136014		112120		
14:18:15		286982		168042		118940		
14:18:17		276166		136518		139648		
14:18:19		277341		136577		140764		
14:18:21		274328		136044		138284		
14:18:23		277222		136582		140640		
14:18:25		281111		136503		144608		
14:18:27		268314		135982		132332		
14:18:29		264684		135948		128736		
14:18:31		261975		135967		126008		
14:18:33		327008		200132		126876		
14:18:35		324414		136530		187884		
14:18:37		327341		136605		190736		
14:18:39		328417		136565		191852		
14:18:41		331677		136601		195076		
14:18:43		323521		136009		187512		
14:18:45		324712		136580		188132		
14:18:47		309837		136089		173748		
14:18:49		310844		136600		174244		
14:18:51		300966		136022		164944		
14:18:54		285658		136082		149576		
14:18:56		287714		136650		151064		
14:18:58		278267		136131		142136		
14:19:00		280736		137856		142880		
14:19:02		269475		136267		133208		
14:19:04		270055		136599		133456		
14:19:06		266652		136048		130604		
14:19:08		257947		136023		121924		
14:19:10		250302		136066		114236		
14:19:12		242514		136090		106424		
14:19:14		244345		137673		106672		
14:19:16		237974		136262		101712		
14:19:18		241127		139167		101960		
14:19:20		233784		136288		97496		
14:19:22		234597		136605		97992		
14:19:24		268913		169061		99852		
14:19:26		273676		140220		133456		
14:19:28		268112		134656		133456		
14:19:30		255416		136096		119320		
14:19:32		256629		113825		142804		
14:19:34		230211		135295		94916		
14:19:36		252456		155308		97148		
14:19:38		338762		235538		103224		
14:19:40		318505		215281		103224		
14:19:42		291307		182255		109052		
14:19:44		285027		136667		148360		
14:19:46		327025		148657		178368		
14:19:48		331502		136642		194860		
14:19:50		316870		136146		180724		
14:19:52		312269		136133		176136		
14:19:54		297958		136082		161876		
14:19:56		301117		138249		162868		
14:19:59		300562		136330		164232		
14:20:01		292237		136313		155924		
14:20:03		290959		136275		154684		
14:20:05		279673		136273		143400		
14:20:07		270462		136238		134224		
14:20:09		273101		137761		135340		
14:20:11		308077		166165		141912		
14:20:13		304700		136624		168076		
14:20:15		304700		136624		168076		
14:20:17		297634		136130		161504		
14:20:19		292041		136117		155924		
14:20:21		288514		136186		152328		
14:20:23		289905		137577		152328		
14:20:25		277677		136137		141540		
14:20:27		270141		136165		133976		
14:20:29		325225		190629		134596		
14:20:31		328974		156806		172168		
14:20:33		347533		175365		172168		
14:20:35		290431		136119		154312		
14:20:37		354884		194868		160016		
14:20:39		323506		136706		186800		
14:20:41		353231		136671		216560		
14:20:43		347061		136205		210856		
14:20:45		332969		136125		196844		
14:20:47		325308		136152		189156		
14:20:49		311360		136216		175144		
14:20:51		311360		136216		175144		
14:20:53		302162		136194		165968		
14:20:55		291637		136209		155428		
14:20:57		291752		136324		155428		
14:21:00		282040		136160		145880		
14:21:02		283117		136741		146376		
14:21:04		270494		136270		134224		
14:21:06		258114		123890		134224		
14:21:08		243766		109542		134224		
14:21:10		232818		136166		96652		
14:21:12		251156		136772		114384		
14:21:14		251521		136765		114756		
14:21:16		250094		136206		113888		
14:21:18		250094		136206		113888		
14:21:20		345128		190072		155056		
14:21:22		267264		136264		131000		
14:21:24		308179		141715		166464		
14:21:26		308359		136811		171548		
14:21:28		293524		136236		157288		
14:21:30		283027		136279		146748		
14:21:32		271874		136286		135588		
14:21:34		273250		136794		136456		
14:21:36		261667		136247		125420		
14:21:38		256933		136225		120708		
14:21:40		257613		136781		120832		
14:21:42		250578		136318		114260		
14:21:44		248768		136244		112524		
14:21:46		248707		136307		112400		
14:21:48		277916		164400		113516		
14:21:50		272038		136822		135216		
14:21:52		281819		136807		145012		
14:21:54		271347		136255		135092		
14:21:56		268572		136332		132240		
14:21:58		279093		146233		132860		
14:22:00		288940		139712		149228		
14:22:03		278019		128791		149228		
14:22:05		263793		136265		127528		
14:22:07		269629		136893		132736		
14:22:09		262655		136367		126288		
14:22:11		265336		138180		127156		
14:22:13		261157		136481		124676		
14:22:15		256535		136447		120088		
14:22:17		255497		136525		118972		
14:22:19		250101		136461		113640		
14:22:21		254191		139683		114508		
14:22:23		258273		136821		121452		
14:22:25		250758		136374		114384		
14:22:27		248504		136352		112152		
14:22:29		244620		136312		108308		
14:22:31		302164		191252		110912		
14:22:33		291397		136837		154560		
14:22:35		343805		187633		156172		
14:22:37		329392		147056		182336		
14:22:39		356740		174404		182336		
14:22:41		303029		136317		166712		
14:22:43		334788		136828		197960		
14:22:45		355925		156725		199200		
14:22:47		372184		136900		235284		
14:22:49		355791		136379		219412		
14:22:51		354979		136311		218668		
14:22:53		353093		136533		216560		
14:22:55		346011		136519		209492		
14:22:57		348227		136875		211352		
14:22:59		366787		153203		213584		
14:23:01		385815		114175		271640		
14:23:04		371573		136413		235160		
14:23:06		383127		136931		246196		
14:23:08		386127		138319		247808		
14:23:10		387861		136953		250908		
14:23:12		388125		136969		251156		
14:23:14		386705		136417		250288		
14:23:16		397274		136942		260332		
14:23:18		393641		137781		255860		
14:23:20		397792		138320		259472		
14:23:22		398203		138359		259844		
14:23:24		398682		138342		260340		
14:23:26		403076		140876		262200		
14:23:28		400641		137945		262696		
14:23:30		395788		138044		257744		
14:23:32		397797		138697		259100		
14:23:34		395375		138011		257364		
14:23:36		391303		138031		253272		
14:23:38		395764		142120		253644		
14:23:40		399109		143481		255628		
14:23:42		403693		148065		255628		
14:23:44		405191		138403		266788		
14:23:46		399169		137837		261332		
14:23:48		401733		140153		261580		
14:23:50		400928		137984		262944		
14:23:52		399434		137978		261456		
14:23:54		400655		138455		262200		
14:23:56		404469		141277		263192		
14:23:58		401313		138121		263192		
14:24:00		399251		138043		261208		
14:24:02		398240		138024		260216		
14:24:04		401609		141393		260216		
14:24:06		402273		138461		263812		
14:24:09		400755		137935		262820		
14:24:11		401568		138376		263192		
14:24:13		401847		138407		263440		
14:24:15		400834		137890		262944		
14:24:17		402501		139185		263316		
14:24:19		397286		138062		259224		
14:24:21		401520		141924		259596		
14:24:23		399974		138022		261952		
14:24:25		401533		139085		262448		
14:24:27		401187		138367		262820		
14:24:29		402387		138451		263936		
14:24:31		402579		138395		264184		
14:24:33		402749		138441		264308		
14:24:35		394954		137962		256992		
14:24:37		396894		139902		256992		
14:24:39		393695		138067		255628		
14:24:41		398317		142565		255752		
14:24:43		397515		138043		259472		
14:24:45		398617		138525		260092		
