record in kb
time		total		used		free
[09:35:08]		1048572		0		1048572
[09:35:11]		1048572		0		1048572
[09:35:14]		1048572		0		1048572
[09:35:17]		1048572		0		1048572
[09:35:20]		1048572		0		1048572
[09:35:23]		1048572		0		1048572
[09:35:26]		1048572		0		1048572
[09:35:29]		1048572		0		1048572
[09:35:32]		1048572		0		1048572
[09:35:35]		1048572		0		1048572
[09:35:38]		1048572		0		1048572
[09:35:41]		1048572		0		1048572
[09:35:44]		1048572		0		1048572
[09:35:47]		1048572		0		1048572
[09:35:50]		1048572		0		1048572
[09:35:53]		1048572		0		1048572
[09:35:56]		1048572		0		1048572
[09:35:59]		1048572		0		1048572
[09:36:02]		1048572		0		1048572
[09:36:05]		1048572		0		1048572
[09:36:08]		1048572		0		1048572
[09:36:11]		1048572		0		1048572
[09:36:14]		1048572		0		1048572
[09:36:17]		1048572		0		1048572
[09:36:20]		1048572		0		1048572
[09:36:23]		1048572		0		1048572
[09:36:26]		1048572		0		1048572
[09:36:29]		1048572		0		1048572
[09:36:32]		1048572		0		1048572
[09:36:35]		1048572		0		1048572
[09:36:38]		1048572		0		1048572
[09:36:41]		1048572		0		1048572
[09:36:44]		1048572		0		1048572
[09:36:47]		1048572		12		1048560
[09:36:50]		1048572		12		1048560
[09:36:53]		1048572		16		1048556
[09:36:56]		1048572		240		1048332
[09:36:59]		1048572		396		1048176
[09:37:02]		1048572		396		1048176
[09:37:05]		1048572		516		1048056
[09:37:08]		1048572		608		1047964
[09:37:11]		1048572		904		1047668
[09:37:14]		1048572		904		1047668
[09:37:17]		1048572		1084		1047488
[09:37:20]		1048572		1132		1047440
[09:37:23]		1048572		1148		1047424
[09:37:26]		1048572		1152		1047420
[09:37:29]		1048572		1152		1047420
[09:37:32]		1048572		1152		1047420
[09:37:35]		1048572		1828		1046744
[09:37:38]		1048572		2208		1046364
[09:37:41]		1048572		2392		1046180
[09:37:44]		1048572		2872		1045700
[09:37:47]		1048572		3532		1045040
[09:37:50]		1048572		4248		1044324
[09:37:53]		1048572		4980		1043592
[09:37:56]		1048572		10900		1037672
[09:37:59]		1048572		10900		1037672
[09:38:02]		1048572		11548		1037024
[09:38:05]		1048572		12204		1036368
[09:38:08]		1048572		14420		1034152
[09:38:11]		1048572		15100		1033472
[09:38:14]		1048572		15100		1033472
[09:38:17]		1048572		15100		1033472
[09:38:20]		1048572		15100		1033472
[09:38:23]		1048572		15100		1033472
[09:38:26]		1048572		15100		1033472
[09:38:29]		1048572		15100		1033472
[09:38:32]		1048572		16488		1032084
[09:38:35]		1048572		19108		1029464
[09:38:38]		1048572		32056		1016516
[09:38:41]		1048572		37860		1010712
[09:38:44]		1048572		40644		1007928
[09:38:47]		1048572		38236		1010336
[09:38:50]		1048572		40704		1007868
[09:38:53]		1048572		48592		999980
[09:38:56]		1048572		49688		998884
[09:38:59]		1048572		54780		993792
[09:39:02]		1048572		61404		987168
[09:39:05]		1048572		64836		983736
[09:39:08]		1048572		64112		984460
[09:39:11]		1048572		64492		984080
[09:39:14]		1048572		67920		980652
[09:39:17]		1048572		69068		979504
[09:39:20]		1048572		71464		977108
[09:39:23]		1048572		71492		977080
[09:39:26]		1048572		71132		977440
[09:39:29]		1048572		72968		975604
[09:39:32]		1048572		72924		975648
[09:39:35]		1048572		72840		975732
[09:39:38]		1048572		72712		975860
[09:39:41]		1048572		72708		975864
[09:39:44]		1048572		72692		975880
[09:39:47]		1048572		72436		976136
[09:39:50]		1048572		74400		974172
[09:39:53]		1048572		77808		970764
[09:39:57]		1048572		76400		972172
[09:40:00]		1048572		76148		972424
[09:40:03]		1048572		75968		972604
[09:40:06]		1048572		74336		974236
[09:40:09]		1048572		74188		974384
[09:40:12]		1048572		75164		973408
[09:40:15]		1048572		74456		974116
[09:40:18]		1048572		74460		974112
[09:40:21]		1048572		86900		961672
[09:40:24]		1048572		81676		966896
[09:40:27]		1048572		76960		971612
[09:40:30]		1048572		72908		975664
[09:40:33]		1048572		70212		978360
[09:40:36]		1048572		73608		974964
[09:40:39]		1048572		78544		970028
[09:40:42]		1048572		83304		965268
[09:40:45]		1048572		84560		964012
[09:40:48]		1048572		84560		964012
[09:40:51]		1048572		83836		964736
[09:40:54]		1048572		19652		1028920
[09:40:57]		1048572		19652		1028920
[09:41:00]		1048572		19652		1028920
[09:41:03]		1048572		19608		1028964
[09:41:06]		1048572		19608		1028964
[09:41:09]		1048572		19608		1028964
[09:41:12]		1048572		19608		1028964
[09:41:15]		1048572		19608		1028964
[09:41:18]		1048572		19608		1028964
[09:41:21]		1048572		19604		1028968
[09:41:24]		1048572		19604		1028968
[09:41:27]		1048572		19604		1028968
[09:41:30]		1048572		19604		1028968
[09:41:33]		1048572		19604		1028968
[09:41:36]		1048572		19604		1028968
[09:41:39]		1048572		19604		1028968
[09:41:42]		1048572		19604		1028968
[09:41:45]		1048572		19604		1028968
[09:41:48]		1048572		19604		1028968
[09:41:51]		1048572		19604		1028968
[09:41:54]		1048572		19604		1028968
[09:41:57]		1048572		19604		1028968
[09:42:00]		1048572		19604		1028968
[09:42:03]		1048572		19604		1028968
[09:42:06]		1048572		19604		1028968
[09:42:09]		1048572		19604		1028968
[09:42:12]		1048572		19604		1028968
[09:42:15]		1048572		19604		1028968
[09:42:18]		1048572		19604		1028968
[09:42:21]		1048572		19604		1028968
[09:42:24]		1048572		19604		1028968
[09:42:27]		1048572		19604		1028968
[09:42:30]		1048572		26936		1021636
[09:42:33]		1048572		31936		1016636
[09:42:36]		1048572		46456		1002116
[09:42:39]		1048572		54168		994404
[09:42:42]		1048572		59072		989500
[09:42:45]		1048572		59624		988948
[09:42:48]		1048572		59820		988752
[09:42:51]		1048572		60464		988108
[09:42:54]		1048572		60972		987600
[09:42:57]		1048572		67064		981508
[09:43:00]		1048572		68452		980120
[09:43:03]		1048572		65844		982728
[09:43:06]		1048572		65540		983032
[09:43:09]		1048572		67040		981532
[09:43:12]		1048572		69652		978920
[09:43:15]		1048572		70592		977980
[09:43:18]		1048572		71324		977248
[09:43:21]		1048572		68652		979920
[09:43:24]		1048572		69052		979520
[09:43:27]		1048572		67548		981024
[09:43:30]		1048572		78708		969864
[09:43:33]		1048572		80212		968360
[09:43:36]		1048572		82384		966188
[09:43:39]		1048572		83724		964848
[09:43:42]		1048572		85036		963536
[09:43:45]		1048572		85612		962960
[09:43:48]		1048572		89884		958688
[09:43:51]		1048572		92340		956232
[09:43:54]		1048572		86228		962344
[09:43:57]		1048572		84824		963748
[09:44:00]		1048572		81936		966636
[09:44:03]		1048572		77252		971320
[09:44:06]		1048572		76900		971672
[09:44:09]		1048572		75620		972952
[09:44:12]		1048572		74000		974572
[09:44:15]		1048572		76168		972404
[09:44:18]		1048572		83784		964788
[09:44:21]		1048572		87312		961260
[09:44:24]		1048572		92128		956444
[09:44:27]		1048572		89260		959312
[09:44:30]		1048572		91668		956904
[09:44:33]		1048572		81208		967364
[09:44:36]		1048572		85588		962984
[09:44:39]		1048572		88980		959592
[09:44:42]		1048572		86512		962060
[09:44:45]		1048572		78316		970256
[09:44:48]		1048572		79668		968904
[09:44:51]		1048572		80228		968344
[09:44:54]		1048572		19476		1029096
[09:44:57]		1048572		19476		1029096
[09:45:00]		1048572		19476		1029096
[09:45:03]		1048572		19432		1029140
[09:45:06]		1048572		19432		1029140
[09:45:09]		1048572		19432		1029140
[09:45:12]		1048572		19432		1029140
[09:45:15]		1048572		19432		1029140
[09:45:18]		1048572		19432		1029140
[09:45:21]		1048572		19432		1029140
[09:45:24]		1048572		19432		1029140
[09:45:27]		1048572		19428		1029144
[09:45:30]		1048572		19428		1029144
[09:45:33]		1048572		19428		1029144
[09:45:36]		1048572		19428		1029144
[09:45:39]		1048572		19428		1029144
[09:45:42]		1048572		19428		1029144
[09:45:45]		1048572		19428		1029144
[09:45:48]		1048572		19428		1029144
[09:45:51]		1048572		19428		1029144
[09:45:54]		1048572		19428		1029144
[09:45:57]		1048572		19428		1029144
[09:46:00]		1048572		19428		1029144
[09:46:03]		1048572		19428		1029144
[09:46:06]		1048572		19428		1029144
[09:46:09]		1048572		19428		1029144
[09:46:12]		1048572		19428		1029144
[09:46:15]		1048572		19428		1029144
[09:46:18]		1048572		19428		1029144
[09:46:21]		1048572		19428		1029144
[09:46:24]		1048572		19428		1029144
[09:46:27]		1048572		19428		1029144
[09:46:30]		1048572		19428		1029144
[09:46:33]		1048572		19428		1029144
[09:46:36]		1048572		19428		1029144
[09:46:39]		1048572		22608		1025964
[09:46:42]		1048572		29196		1019376
[09:46:45]		1048572		29452		1019120
[09:46:48]		1048572		37664		1010908
[09:46:51]		1048572		47492		1001080
[09:46:54]		1048572		49612		998960
[09:46:57]		1048572		50916		997656
[09:47:00]		1048572		55488		993084
[09:47:03]		1048572		58476		990096
[09:47:06]		1048572		58432		990140
[09:47:09]		1048572		56856		991716
[09:47:12]		1048572		56480		992092
[09:47:15]		1048572		56540		992032
[09:47:18]		1048572		56404		992168
[09:47:21]		1048572		61096		987476
[09:47:24]		1048572		65120		983452
[09:47:27]		1048572		61256		987316
[09:47:30]		1048572		61108		987464
[09:47:33]		1048572		57592		990980
[09:47:36]		1048572		56044		992528
[09:47:39]		1048572		73044		975528
[09:47:42]		1048572		71216		977356
[09:47:45]		1048572		63960		984612
[09:47:48]		1048572		61356		987216
[09:47:51]		1048572		59208		989364
[09:47:54]		1048572		62036		986536
[09:47:57]		1048572		61960		986612
[09:48:00]		1048572		64240		984332
[09:48:03]		1048572		64024		984548
[09:48:06]		1048572		64648		983924
[09:48:09]		1048572		77152		971420
[09:48:12]		1048572		66680		981892
[09:48:15]		1048572		64812		983760
[09:48:18]		1048572		58804		989768
[09:48:21]		1048572		68884		979688
[09:48:24]		1048572		68804		979768
[09:48:27]		1048572		74596		973976
[09:48:30]		1048572		78476		970096
[09:48:33]		1048572		79556		969016
[09:48:36]		1048572		79188		969384
[09:48:39]		1048572		77820		970752
[09:48:42]		1048572		19380		1029192
[09:48:45]		1048572		19372		1029200
[09:48:48]		1048572		19372		1029200
[09:48:51]		1048572		19372		1029200
[09:48:54]		1048572		19372		1029200
[09:48:57]		1048572		19372		1029200
[09:49:00]		1048572		19372		1029200
[09:49:03]		1048572		19324		1029248
[09:49:06]		1048572		19180		1029392
[09:49:09]		1048572		19180		1029392
[09:49:12]		1048572		19180		1029392
[09:49:15]		1048572		19176		1029396
[09:49:18]		1048572		19176		1029396
[09:49:21]		1048572		19176		1029396
[09:49:24]		1048572		19176		1029396
[09:49:27]		1048572		19176		1029396
[09:49:30]		1048572		19176		1029396
[09:49:33]		1048572		19176		1029396
[09:49:36]		1048572		19176		1029396
[09:49:39]		1048572		19176		1029396
[09:49:42]		1048572		19176		1029396
[09:49:45]		1048572		19176		1029396
[09:49:48]		1048572		19176		1029396
[09:49:51]		1048572		19176		1029396
[09:49:54]		1048572		19176		1029396
[09:49:57]		1048572		19176		1029396
[09:50:00]		1048572		19176		1029396
[09:50:03]		1048572		19176		1029396
[09:50:06]		1048572		19176		1029396
[09:50:09]		1048572		19176		1029396
[09:50:12]		1048572		19176		1029396
[09:50:15]		1048572		19176		1029396
[09:50:18]		1048572		19176		1029396
[09:50:21]		1048572		19184		1029388
[09:50:24]		1048572		19188		1029384
[09:50:27]		1048572		22460		1026112
[09:50:30]		1048572		27060		1021512
[09:50:33]		1048572		34500		1014072
[09:50:36]		1048572		46748		1001824
[09:50:39]		1048572		49268		999304
[09:50:42]		1048572		52884		995688
[09:50:45]		1048572		54796		993776
[09:50:48]		1048572		54980		993592
[09:50:51]		1048572		53916		994656
[09:50:54]		1048572		53820		994752
[09:50:57]		1048572		54720		993852
[09:51:00]		1048572		55412		993160
[09:51:03]		1048572		59012		989560
[09:51:06]		1048572		59152		989420
[09:51:09]		1048572		60608		987964
[09:51:12]		1048572		62904		985668
[09:51:15]		1048572		62944		985628
[09:51:18]		1048572		60212		988360
[09:51:21]		1048572		57140		991432
[09:51:24]		1048572		68060		980512
[09:51:27]		1048572		60764		987808
[09:51:30]		1048572		58940		989632
[09:51:33]		1048572		58848		989724
[09:51:36]		1048572		62144		986428
[09:51:39]		1048572		65772		982800
[09:51:42]		1048572		68812		979760
[09:51:45]		1048572		66456		982116
[09:51:48]		1048572		62012		986560
[09:51:51]		1048572		60776		987796
[09:51:54]		1048572		64188		984384
[09:51:57]		1048572		68636		979936
[09:52:00]		1048572		64976		983596
[09:52:03]		1048572		66396		982176
[09:52:06]		1048572		68192		980380
[09:52:09]		1048572		73216		975356
[09:52:12]		1048572		69424		979148
[09:52:15]		1048572		69268		979304
[09:52:18]		1048572		19620		1028952
[09:52:21]		1048572		19616		1028956
[09:52:24]		1048572		19616		1028956
[09:52:27]		1048572		19616		1028956
[09:52:30]		1048572		19616		1028956
[09:52:33]		1048572		19616		1028956
[09:52:36]		1048572		19616		1028956
[09:52:39]		1048572		19616		1028956
[09:52:42]		1048572		19616		1028956
[09:52:45]		1048572		19616		1028956
[09:52:48]		1048572		19616		1028956
[09:52:51]		1048572		19616		1028956
[09:52:54]		1048572		19612		1028960
[09:52:57]		1048572		19612		1028960
[09:53:00]		1048572		19616		1028956
[09:53:03]		1048572		19616		1028956
[09:53:06]		1048572		19616		1028956
[09:53:09]		1048572		19616		1028956
[09:53:12]		1048572		19616		1028956
[09:53:15]		1048572		19616		1028956
[09:53:18]		1048572		19612		1028960
[09:53:21]		1048572		19612		1028960
[09:53:24]		1048572		19612		1028960
[09:53:27]		1048572		19612		1028960
[09:53:30]		1048572		19612		1028960
[09:53:33]		1048572		19612		1028960
[09:53:36]		1048572		19612		1028960
[09:53:39]		1048572		19612		1028960
[09:53:42]		1048572		19612		1028960
[09:53:45]		1048572		19612		1028960
[09:53:48]		1048572		19612		1028960
[09:53:51]		1048572		19612		1028960
[09:53:54]		1048572		19612		1028960
[09:53:57]		1048572		19612		1028960
[09:54:00]		1048572		19612		1028960
[09:54:03]		1048572		19612		1028960
[09:54:06]		1048572		19628		1028944
[09:54:09]		1048572		19636		1028936
[09:54:12]		1048572		19636		1028936
[09:54:15]		1048572		23592		1024980
[09:54:18]		1048572		25968		1022604
[09:54:21]		1048572		36692		1011880
[09:54:24]		1048572		40800		1007772
[09:54:27]		1048572		44428		1004144
[09:54:30]		1048572		41888		1006684
[09:54:33]		1048572		43456		1005116
[09:54:36]		1048572		49604		998968
[09:54:39]		1048572		52532		996040
[09:54:42]		1048572		57036		991536
[09:54:45]		1048572		59628		988944
[09:54:48]		1048572		61256		987316
[09:54:51]		1048572		56916		991656
[09:54:54]		1048572		56792		991780
[09:54:57]		1048572		56780		991792
[09:55:00]		1048572		56780		991792
[09:55:03]		1048572		56800		991772
[09:55:06]		1048572		58408		990164
[09:55:09]		1048572		58980		989592
[09:55:12]		1048572		71128		977444
[09:55:15]		1048572		78152		970420
[09:55:18]		1048572		77944		970628
[09:55:21]		1048572		75376		973196
[09:55:25]		1048572		67572		981000
[09:55:28]		1048572		68936		979636
[09:55:31]		1048572		78948		969624
[09:55:34]		1048572		74852		973720
[09:55:37]		1048572		71076		977496
[09:55:40]		1048572		69684		978888
[09:55:43]		1048572		74584		973988
[09:55:46]		1048572		72176		976396
[09:55:49]		1048572		70092		978480
[09:55:52]		1048572		70524		978048
[09:55:55]		1048572		70512		978060
[09:55:58]		1048572		69888		978684
[09:56:01]		1048572		77256		971316
[09:56:04]		1048572		73272		975300
[09:56:07]		1048572		75288		973284
[09:56:10]		1048572		75416		973156
[09:56:13]		1048572		19436		1029136
[09:56:16]		1048572		19436		1029136
[09:56:19]		1048572		19436		1029136
[09:56:22]		1048572		19436		1029136
[09:56:25]		1048572		19424		1029148
[09:56:28]		1048572		19424		1029148
[09:56:31]		1048572		19424		1029148
[09:56:34]		1048572		19424		1029148
[09:56:37]		1048572		19424		1029148
[09:56:40]		1048572		19424		1029148
[09:56:43]		1048572		19420		1029152
[09:56:46]		1048572		19420		1029152
[09:56:49]		1048572		19420		1029152
[09:56:52]		1048572		19420		1029152
[09:56:55]		1048572		19420		1029152
[09:56:58]		1048572		19420		1029152
[09:57:01]		1048572		19420		1029152
[09:57:04]		1048572		19420		1029152
[09:57:07]		1048572		19420		1029152
[09:57:10]		1048572		19420		1029152
[09:57:13]		1048572		19420		1029152
[09:57:16]		1048572		19420		1029152
[09:57:19]		1048572		19420		1029152
[09:57:22]		1048572		19436		1029136
[09:57:25]		1048572		19436		1029136
[09:57:28]		1048572		19436		1029136
[09:57:31]		1048572		19428		1029144
[09:57:34]		1048572		19428		1029144
[09:57:37]		1048572		19428		1029144
[09:57:40]		1048572		19428		1029144
[09:57:43]		1048572		19432		1029140
[09:57:46]		1048572		19432		1029140
[09:57:49]		1048572		19464		1029108
[09:57:52]		1048572		19464		1029108
[09:57:55]		1048572		19492		1029080
[09:57:58]		1048572		26692		1021880
[09:58:01]		1048572		39508		1009064
[09:58:04]		1048572		41492		1007080
[09:58:07]		1048572		58320		990252
[09:58:10]		1048572		51432		997140
[09:58:13]		1048572		50336		998236
[09:58:16]		1048572		53472		995100
[09:58:19]		1048572		55076		993496
[09:58:22]		1048572		59328		989244
[09:58:25]		1048572		58320		990252
[09:58:28]		1048572		62908		985664
[09:58:31]		1048572		62968		985604
[09:58:34]		1048572		63844		984728
[09:58:37]		1048572		62884		985688
[09:58:40]		1048572		62796		985776
[09:58:43]		1048572		62616		985956
[09:58:46]		1048572		61072		987500
[09:58:49]		1048572		59472		989100
[09:58:52]		1048572		58980		989592
[09:58:55]		1048572		58924		989648
[09:58:58]		1048572		58920		989652
[09:59:01]		1048572		63952		984620
[09:59:04]		1048572		69000		979572
[09:59:07]		1048572		70356		978216
[09:59:10]		1048572		68848		979724
[09:59:13]		1048572		63300		985272
[09:59:16]		1048572		62316		986256
[09:59:19]		1048572		62036		986536
[09:59:22]		1048572		61856		986716
[09:59:25]		1048572		60916		987656
[09:59:28]		1048572		63784		984788
[09:59:31]		1048572		63528		985044
[09:59:34]		1048572		65280		983292
[09:59:37]		1048572		65860		982712
[09:59:40]		1048572		67368		981204
[09:59:43]		1048572		67336		981236
[09:59:46]		1048572		67364		981208
[09:59:49]		1048572		68968		979604
[09:59:52]		1048572		69252		979320
[09:59:55]		1048572		19708		1028864
[09:59:58]		1048572		19660		1028912
[10:00:01]		1048572		19616		1028956
[10:00:04]		1048572		19616		1028956
[10:00:07]		1048572		19616		1028956
[10:00:10]		1048572		19616		1028956
[10:00:13]		1048572		19616		1028956
[10:00:16]		1048572		19616		1028956
[10:00:19]		1048572		19616		1028956
[10:00:22]		1048572		19616		1028956
[10:00:25]		1048572		19612		1028960
[10:00:28]		1048572		19612		1028960
[10:00:31]		1048572		19612		1028960
[10:00:34]		1048572		19612		1028960
[10:00:37]		1048572		19476		1029096
[10:00:40]		1048572		19420		1029152
[10:00:43]		1048572		19420		1029152
[10:00:46]		1048572		19420		1029152
[10:00:49]		1048572		19420		1029152
[10:00:52]		1048572		19420		1029152
[10:00:55]		1048572		19420		1029152
[10:00:58]		1048572		19420		1029152
[10:01:01]		1048572		19420		1029152
[10:01:04]		1048572		19420		1029152
[10:01:07]		1048572		19420		1029152
[10:01:10]		1048572		19420		1029152
[10:01:13]		1048572		19420		1029152
[10:01:16]		1048572		19420		1029152
[10:01:19]		1048572		19420		1029152
[10:01:22]		1048572		19420		1029152
[10:01:25]		1048572		19420		1029152
[10:01:28]		1048572		19420		1029152
[10:01:31]		1048572		19420		1029152
[10:01:34]		1048572		19420		1029152
[10:01:37]		1048572		19432		1029140
[10:01:40]		1048572		32868		1015704
[10:01:43]		1048572		37884		1010688
[10:01:46]		1048572		42840		1005732
[10:01:49]		1048572		55048		993524
[10:01:52]		1048572		56660		991912
[10:01:55]		1048572		55520		993052
[10:01:58]		1048572		55432		993140
[10:02:01]		1048572		55368		993204
[10:02:04]		1048572		54948		993624
[10:02:07]		1048572		57616		990956
[10:02:10]		1048572		56468		992104
[10:02:13]		1048572		56388		992184
[10:02:16]		1048572		56352		992220
[10:02:19]		1048572		58036		990536
[10:02:22]		1048572		58640		989932
[10:02:25]		1048572		59032		989540
[10:02:28]		1048572		59024		989548
[10:02:31]		1048572		59544		989028
[10:02:34]		1048572		59840		988732
[10:02:37]		1048572		61128		987444
[10:02:40]		1048572		71856		976716
[10:02:43]		1048572		61904		986668
[10:02:46]		1048572		61536		987036
[10:02:49]		1048572		61436		987136
[10:02:52]		1048572		60288		988284
[10:02:55]		1048572		60224		988348
[10:02:58]		1048572		71328		977244
[10:03:01]		1048572		70488		978084
[10:03:04]		1048572		66676		981896
[10:03:07]		1048572		65876		982696
[10:03:10]		1048572		69172		979400
[10:03:13]		1048572		19624		1028948
[10:03:16]		1048572		19624		1028948
[10:03:19]		1048572		19624		1028948
[10:03:22]		1048572		19624		1028948
[10:03:25]		1048572		19624		1028948
[10:03:28]		1048572		19624		1028948
[10:03:31]		1048572		19624		1028948
[10:03:34]		1048572		19620		1028952
[10:03:37]		1048572		19620		1028952
[10:03:40]		1048572		19620		1028952
[10:03:43]		1048572		19620		1028952
[10:03:46]		1048572		19620		1028952
[10:03:49]		1048572		19620		1028952
[10:03:52]		1048572		19620		1028952
[10:03:55]		1048572		19620		1028952
[10:03:58]		1048572		19620		1028952
[10:04:01]		1048572		19620		1028952
[10:04:04]		1048572		19620		1028952
[10:04:07]		1048572		19620		1028952
[10:04:10]		1048572		19620		1028952
[10:04:13]		1048572		19620		1028952
[10:04:16]		1048572		19620		1028952
[10:04:19]		1048572		19620		1028952
[10:04:22]		1048572		19620		1028952
[10:04:25]		1048572		19640		1028932
[10:04:28]		1048572		19664		1028908
[10:04:31]		1048572		19680		1028892
[10:04:34]		1048572		19680		1028892
[10:04:37]		1048572		23028		1025544
[10:04:40]		1048572		36396		1012176
[10:04:43]		1048572		37740		1010832
[10:04:46]		1048572		48764		999808
[10:04:49]		1048572		51852		996720
[10:04:52]		1048572		54068		994504
[10:04:55]		1048572		55728		992844
[10:04:58]		1048572		58280		990292
[10:05:01]		1048572		58648		989924
[10:05:04]		1048572		58536		990036
[10:05:07]		1048572		60024		988548
[10:05:10]		1048572		61628		986944
[10:05:13]		1048572		61480		987092
[10:05:16]		1048572		64644		983928
[10:05:19]		1048572		70336		978236
[10:05:22]		1048572		64732		983840
[10:05:25]		1048572		64064		984508
[10:05:28]		1048572		64376		984196
[10:05:31]		1048572		64332		984240
[10:05:34]		1048572		63416		985156
[10:05:37]		1048572		63576		984996
[10:05:40]		1048572		66588		981984
[10:05:43]		1048572		66676		981896
[10:05:46]		1048572		65384		983188
[10:05:49]		1048572		64488		984084
[10:05:52]		1048572		65476		983096
[10:05:55]		1048572		65316		983256
[10:05:58]		1048572		65456		983116
[10:06:01]		1048572		65620		982952
[10:06:04]		1048572		66312		982260
[10:06:07]		1048572		65568		983004
[10:06:10]		1048572		65952		982620
[10:06:13]		1048572		66876		981696
[10:06:16]		1048572		19628		1028944
[10:06:19]		1048572		19624		1028948
[10:06:22]		1048572		19624		1028948
[10:06:26]		1048572		19488		1029084
[10:06:29]		1048572		19436		1029136
[10:06:32]		1048572		19436		1029136
[10:06:35]		1048572		19436		1029136
[10:06:38]		1048572		19436		1029136
[10:06:41]		1048572		19436		1029136
[10:06:44]		1048572		19436		1029136
[10:06:47]		1048572		19432		1029140
[10:06:50]		1048572		19428		1029144
[10:06:53]		1048572		19432		1029140
[10:06:56]		1048572		19432		1029140
[10:06:59]		1048572		19432		1029140
[10:07:02]		1048572		19432		1029140
[10:07:05]		1048572		19432		1029140
[10:07:08]		1048572		19432		1029140
[10:07:11]		1048572		19432		1029140
[10:07:14]		1048572		19432		1029140
[10:07:17]		1048572		19432		1029140
[10:07:20]		1048572		19432		1029140
[10:07:23]		1048572		19432		1029140
[10:07:26]		1048572		19432		1029140
[10:07:29]		1048572		19432		1029140
[10:07:32]		1048572		19432		1029140
[10:07:35]		1048572		19432		1029140
[10:07:38]		1048572		19432		1029140
[10:07:41]		1048572		19432		1029140
[10:07:44]		1048572		19432		1029140
[10:07:47]		1048572		19432		1029140
[10:07:50]		1048572		19432		1029140
[10:07:53]		1048572		19432		1029140
[10:07:56]		1048572		19444		1029128
[10:07:59]		1048572		19444		1029128
[10:08:02]		1048572		35932		1012640
[10:08:05]		1048572		39204		1009368
[10:08:08]		1048572		53388		995184
[10:08:11]		1048572		52936		995636
[10:08:14]		1048572		53132		995440
[10:08:17]		1048572		62800		985772
[10:08:20]		1048572		56624		991948
[10:08:23]		1048572		52744		995828
[10:08:26]		1048572		52720		995852
[10:08:29]		1048572		52608		995964
[10:08:32]		1048572		55720		992852
[10:08:35]		1048572		56036		992536
[10:08:38]		1048572		55740		992832
[10:08:41]		1048572		56776		991796
[10:08:44]		1048572		60320		988252
[10:08:47]		1048572		61564		987008
[10:08:50]		1048572		61268		987304
[10:08:53]		1048572		61880		986692
[10:08:56]		1048572		64648		983924
[10:08:59]		1048572		63676		984896
[10:09:02]		1048572		65036		983536
[10:09:05]		1048572		65556		983016
[10:09:08]		1048572		74216		974356
[10:09:11]		1048572		74276		974296
[10:09:14]		1048572		73144		975428
[10:09:17]		1048572		73872		974700
[10:09:20]		1048572		70288		978284
[10:09:23]		1048572		67160		981412
[10:09:26]		1048572		65440		983132
[10:09:29]		1048572		63188		985384
[10:09:32]		1048572		64020		984552
[10:09:35]		1048572		68564		980008
[10:09:38]		1048572		82096		966476
[10:09:41]		1048572		79392		969180
[10:09:44]		1048572		74108		974464
[10:09:47]		1048572		66980		981592
[10:09:50]		1048572		71684		976888
[10:09:53]		1048572		67980		980592
[10:09:56]		1048572		68660		979912
[10:09:59]		1048572		67048		981524
[10:10:02]		1048572		74388		974184
[10:10:05]		1048572		73768		974804
[10:10:08]		1048572		67024		981548
[10:10:11]		1048572		66484		982088
[10:10:14]		1048572		66876		981696
[10:10:17]		1048572		68316		980256
[10:10:20]		1048572		19644		1028928
[10:10:23]		1048572		19644		1028928
[10:10:26]		1048572		19644		1028928
[10:10:29]		1048572		19644		1028928
[10:10:32]		1048572		19644		1028928
[10:10:35]		1048572		19644		1028928
[10:10:38]		1048572		19644		1028928
[10:10:41]		1048572		19644		1028928
[10:10:44]		1048572		19640		1028932
[10:10:47]		1048572		19620		1028952
[10:10:50]		1048572		19620		1028952
[10:10:53]		1048572		19620		1028952
[10:10:56]		1048572		19620		1028952
[10:10:59]		1048572		19620		1028952
[10:11:02]		1048572		19620		1028952
[10:11:05]		1048572		19620		1028952
[10:11:08]		1048572		19620		1028952
[10:11:11]		1048572		19620		1028952
[10:11:14]		1048572		19620		1028952
[10:11:17]		1048572		19620		1028952
[10:11:20]		1048572		19620		1028952
[10:11:23]		1048572		19620		1028952
[10:11:26]		1048572		19620		1028952
[10:11:29]		1048572		19620		1028952
[10:11:32]		1048572		19620		1028952
[10:11:35]		1048572		19620		1028952
[10:11:38]		1048572		19624		1028948
[10:11:41]		1048572		19624		1028948
[10:11:44]		1048572		19624		1028948
[10:11:47]		1048572		30180		1018392
[10:11:50]		1048572		35460		1013112
[10:11:53]		1048572		38180		1010392
[10:11:56]		1048572		47756		1000816
[10:11:59]		1048572		55080		993492
[10:12:02]		1048572		54288		994284
[10:12:05]		1048572		54204		994368
[10:12:08]		1048572		59048		989524
[10:12:11]		1048572		59476		989096
[10:12:14]		1048572		61788		986784
[10:12:17]		1048572		63384		985188
[10:12:20]		1048572		63324		985248
[10:12:23]		1048572		59740		988832
[10:12:26]		1048572		63544		985028
[10:12:29]		1048572		63480		985092
[10:12:32]		1048572		66324		982248
[10:12:35]		1048572		66536		982036
[10:12:38]		1048572		64408		984164
[10:12:41]		1048572		64568		984004
[10:12:44]		1048572		72376		976196
[10:12:47]		1048572		71952		976620
[10:12:50]		1048572		71536		977036
[10:12:53]		1048572		68680		979892
[10:12:56]		1048572		75356		973216
[10:12:59]		1048572		79296		969276
[10:13:02]		1048572		69328		979244
[10:13:05]		1048572		66228		982344
[10:13:08]		1048572		65932		982640
[10:13:11]		1048572		62664		985908
[10:13:14]		1048572		73432		975140
[10:13:17]		1048572		71068		977504
[10:13:20]		1048572		70184		978388
[10:13:23]		1048572		71192		977380
[10:13:26]		1048572		71096		977476
[10:13:29]		1048572		72588		975984
[10:13:32]		1048572		73172		975400
[10:13:35]		1048572		72348		976224
[10:13:38]		1048572		74084		974488
[10:13:41]		1048572		75380		973192
[10:13:44]		1048572		72120		976452
[10:13:47]		1048572		69240		979332
[10:13:50]		1048572		72264		976308
[10:13:53]		1048572		76604		971968
[10:13:56]		1048572		78704		969868
[10:13:59]		1048572		79136		969436
[10:14:02]		1048572		80468		968104
[10:14:05]		1048572		19456		1029116
[10:14:08]		1048572		19456		1029116
[10:14:11]		1048572		19456		1029116
[10:14:14]		1048572		19456		1029116
[10:14:17]		1048572		19456		1029116
[10:14:20]		1048572		19456		1029116
[10:14:23]		1048572		19456		1029116
[10:14:26]		1048572		19456		1029116
[10:14:29]		1048572		19456		1029116
[10:14:32]		1048572		19456		1029116
[10:14:35]		1048572		19452		1029120
[10:14:38]		1048572		19452		1029120
[10:14:41]		1048572		19452		1029120
[10:14:44]		1048572		19452		1029120
[10:14:47]		1048572		19452		1029120
[10:14:50]		1048572		19452		1029120
[10:14:53]		1048572		19452		1029120
[10:14:56]		1048572		19452		1029120
[10:14:59]		1048572		19452		1029120
[10:15:02]		1048572		19452		1029120
[10:15:05]		1048572		19440		1029132
[10:15:08]		1048572		19440		1029132
[10:15:11]		1048572		19440		1029132
[10:15:14]		1048572		19440		1029132
[10:15:17]		1048572		19440		1029132
[10:15:20]		1048572		19440		1029132
[10:15:23]		1048572		19548		1029024
[10:15:26]		1048572		19548		1029024
[10:15:29]		1048572		19548		1029024
[10:15:32]		1048572		19628		1028944
[10:15:35]		1048572		19628		1028944
[10:15:38]		1048572		19636		1028936
[10:15:41]		1048572		19636		1028936
[10:15:44]		1048572		26840		1021732
[10:15:47]		1048572		33404		1015168
[10:15:50]		1048572		39912		1008660
[10:15:53]		1048572		52540		996032
[10:15:56]		1048572		56504		992068
[10:15:59]		1048572		52688		995884
[10:16:02]		1048572		60936		987636
[10:16:05]		1048572		59404		989168
[10:16:08]		1048572		59360		989212
[10:16:11]		1048572		56876		991696
[10:16:14]		1048572		56812		991760
[10:16:17]		1048572		60504		988068
[10:16:20]		1048572		62664		985908
[10:16:23]		1048572		67360		981212
[10:16:26]		1048572		62904		985668
[10:16:29]		1048572		64332		984240
[10:16:32]		1048572		63932		984640
[10:16:35]		1048572		61956		986616
[10:16:38]		1048572		64352		984220
[10:16:41]		1048572		64344		984228
[10:16:44]		1048572		64604		983968
[10:16:47]		1048572		65748		982824
[10:16:50]		1048572		66316		982256
[10:16:53]		1048572		66748		981824
[10:16:56]		1048572		66928		981644
[10:16:59]		1048572		67112		981460
[10:17:02]		1048572		66180		982392
[10:17:05]		1048572		67116		981456
[10:17:08]		1048572		76696		971876
[10:17:11]		1048572		78880		969692
[10:17:14]		1048572		72316		976256
[10:17:17]		1048572		67256		981316
[10:17:20]		1048572		69800		978772
[10:17:23]		1048572		69512		979060
[10:17:26]		1048572		19556		1029016
[10:17:29]		1048572		19556		1029016
[10:17:32]		1048572		19556		1029016
[10:17:35]		1048572		19556		1029016
[10:17:38]		1048572		19556		1029016
[10:17:41]		1048572		19556		1029016
[10:17:44]		1048572		19556		1029016
[10:17:47]		1048572		19556		1029016
[10:17:50]		1048572		19552		1029020
[10:17:53]		1048572		19552		1029020
[10:17:56]		1048572		19552		1029020
[10:17:59]		1048572		19420		1029152
[10:18:02]		1048572		19360		1029212
[10:18:05]		1048572		19360		1029212
[10:18:08]		1048572		19360		1029212
[10:18:11]		1048572		19348		1029224
[10:18:14]		1048572		19348		1029224
[10:18:17]		1048572		19348		1029224
[10:18:20]		1048572		19352		1029220
[10:18:23]		1048572		19352		1029220
[10:18:26]		1048572		19352		1029220
[10:18:29]		1048572		19352		1029220
[10:18:32]		1048572		19352		1029220
[10:18:35]		1048572		19352		1029220
[10:18:38]		1048572		19352		1029220
[10:18:41]		1048572		19352		1029220
[10:18:44]		1048572		19352		1029220
[10:18:47]		1048572		19352		1029220
[10:18:50]		1048572		19352		1029220
[10:18:53]		1048572		19352		1029220
[10:18:56]		1048572		19352		1029220
[10:18:59]		1048572		26968		1021604
[10:19:02]		1048572		31164		1017408
[10:19:05]		1048572		41004		1007568
[10:19:08]		1048572		50004		998568
[10:19:11]		1048572		49416		999156
[10:19:14]		1048572		52452		996120
[10:19:17]		1048572		52524		996048
[10:19:20]		1048572		54196		994376
[10:19:23]		1048572		57004		991568
[10:19:26]		1048572		57184		991388
[10:19:29]		1048572		53580		994992
[10:19:32]		1048572		54832		993740
[10:19:35]		1048572		55356		993216
[10:19:38]		1048572		58108		990464
[10:19:41]		1048572		60928		987644
[10:19:44]		1048572		66312		982260
[10:19:47]		1048572		66168		982404
[10:19:50]		1048572		61080		987492
[10:19:53]		1048572		59780		988792
[10:19:56]		1048572		59632		988940
[10:19:59]		1048572		60396		988176
[10:20:02]		1048572		61720		986852
[10:20:05]		1048572		71204		977368
[10:20:08]		1048572		78200		970372
[10:20:11]		1048572		76656		971916
[10:20:14]		1048572		72936		975636
[10:20:17]		1048572		67520		981052
[10:20:20]		1048572		66928		981644
[10:20:23]		1048572		66280		982292
[10:20:26]		1048572		65016		983556
[10:20:29]		1048572		64808		983764
[10:20:32]		1048572		64248		984324
[10:20:35]		1048572		64188		984384
[10:20:38]		1048572		61036		987536
[10:20:41]		1048572		62600		985972
[10:20:44]		1048572		70036		978536
[10:20:47]		1048572		72456		976116
[10:20:50]		1048572		70788		977784
[10:20:53]		1048572		66304		982268
[10:20:56]		1048572		65268		983304
[10:20:59]		1048572		64980		983592
[10:21:02]		1048572		67732		980840
[10:21:05]		1048572		68656		979916
[10:21:08]		1048572		68700		979872
[10:21:11]		1048572		76696		971876
[10:21:14]		1048572		19692		1028880
[10:21:17]		1048572		19624		1028948
[10:21:20]		1048572		19620		1028952
[10:21:23]		1048572		19620		1028952
[10:21:26]		1048572		19620		1028952
[10:21:29]		1048572		19620		1028952
[10:21:32]		1048572		19620		1028952
[10:21:35]		1048572		19620		1028952
[10:21:38]		1048572		19620		1028952
[10:21:41]		1048572		19620		1028952
[10:21:44]		1048572		19616		1028956
[10:21:47]		1048572		19616		1028956
[10:21:50]		1048572		19620		1028952
[10:21:53]		1048572		19620		1028952
[10:21:56]		1048572		19620		1028952
[10:21:59]		1048572		19620		1028952
[10:22:02]		1048572		19620		1028952
[10:22:05]		1048572		19620		1028952
[10:22:08]		1048572		19620		1028952
[10:22:11]		1048572		19632		1028940
[10:22:14]		1048572		19632		1028940
[10:22:17]		1048572		19636		1028936
[10:22:20]		1048572		19672		1028900
[10:22:23]		1048572		19672		1028900
[10:22:26]		1048572		19672		1028900
[10:22:29]		1048572		19680		1028892
[10:22:32]		1048572		19672		1028900
[10:22:35]		1048572		19672		1028900
[10:22:38]		1048572		19672		1028900
[10:22:41]		1048572		19672		1028900
[10:22:44]		1048572		19672		1028900
[10:22:47]		1048572		28124		1020448
[10:22:50]		1048572		36504		1012068
[10:22:53]		1048572		37796		1010776
[10:22:56]		1048572		43372		1005200
[10:22:59]		1048572		56612		991960
[10:23:02]		1048572		55760		992812
[10:23:05]		1048572		55128		993444
[10:23:08]		1048572		55408		993164
[10:23:11]		1048572		58600		989972
[10:23:14]		1048572		58600		989972
[10:23:17]		1048572		60668		987904
[10:23:20]		1048572		60808		987764
[10:23:23]		1048572		60804		987768
[10:23:26]		1048572		61588		986984
[10:23:29]		1048572		61772		986800
[10:23:32]		1048572		62944		985628
[10:23:35]		1048572		70364		978208
[10:23:38]		1048572		73796		974776
[10:23:41]		1048572		67940		980632
[10:23:44]		1048572		73764		974808
[10:23:47]		1048572		74324		974248
[10:23:50]		1048572		67384		981188
[10:23:53]		1048572		70240		978332
[10:23:56]		1048572		69780		978792
[10:23:59]		1048572		69052		979520
[10:24:02]		1048572		79028		969544
[10:24:05]		1048572		75172		973400
[10:24:08]		1048572		74656		973916
[10:24:11]		1048572		71908		976664
[10:24:14]		1048572		71624		976948
[10:24:17]		1048572		70032		978540
[10:24:20]		1048572		19640		1028932
[10:24:23]		1048572		19628		1028944
[10:24:26]		1048572		19628		1028944
[10:24:29]		1048572		19628		1028944
[10:24:32]		1048572		19628		1028944
[10:24:35]		1048572		19628		1028944
[10:24:38]		1048572		19624		1028948
[10:24:41]		1048572		19624		1028948
[10:24:44]		1048572		19624		1028948
[10:24:47]		1048572		19432		1029140
[10:24:50]		1048572		19432		1029140
[10:24:53]		1048572		19432		1029140
[10:24:56]		1048572		19432		1029140
[10:24:59]		1048572		19432		1029140
[10:25:02]		1048572		19432		1029140
[10:25:05]		1048572		19432		1029140
[10:25:08]		1048572		19432		1029140
[10:25:11]		1048572		19432		1029140
[10:25:14]		1048572		19432		1029140
[10:25:17]		1048572		19432		1029140
[10:25:20]		1048572		19432		1029140
[10:25:23]		1048572		19432		1029140
[10:25:26]		1048572		19432		1029140
[10:25:29]		1048572		19432		1029140
[10:25:32]		1048572		19432		1029140
[10:25:35]		1048572		19432		1029140
[10:25:38]		1048572		19448		1029124
[10:25:41]		1048572		19464		1029108
[10:25:44]		1048572		29344		1019228
[10:25:47]		1048572		36400		1012172
[10:25:50]		1048572		56936		991636
[10:25:53]		1048572		56144		992428
[10:25:56]		1048572		53648		994924
[10:25:59]		1048572		55992		992580
[10:26:02]		1048572		57992		990580
[10:26:05]		1048572		56940		991632
[10:26:08]		1048572		55228		993344
[10:26:11]		1048572		56248		992324
[10:26:14]		1048572		56424		992148
[10:26:17]		1048572		56856		991716
[10:26:20]		1048572		56868		991704
[10:26:23]		1048572		58184		990388
[10:26:26]		1048572		59828		988744
[10:26:29]		1048572		61948		986624
[10:26:32]		1048572		62648		985924
[10:26:35]		1048572		62380		986192
[10:26:38]		1048572		63216		985356
[10:26:41]		1048572		67032		981540
[10:26:44]		1048572		61488		987084
[10:26:47]		1048572		73960		974612
[10:26:50]		1048572		72816		975756
[10:26:53]		1048572		72180		976392
[10:26:56]		1048572		79720		968852
[10:26:59]		1048572		81364		967208
[10:27:02]		1048572		72788		975784
[10:27:05]		1048572		78484		970088
[10:27:08]		1048572		70512		978060
[10:27:11]		1048572		66684		981888
[10:27:14]		1048572		66736		981836
[10:27:17]		1048572		73536		975036
[10:27:20]		1048572		74560		974012
[10:27:23]		1048572		74012		974560
[10:27:26]		1048572		75632		972940
[10:27:29]		1048572		73760		974812
[10:27:32]		1048572		72952		975620
[10:27:35]		1048572		74800		973772
[10:27:38]		1048572		71852		976720
[10:27:41]		1048572		69904		978668
[10:27:44]		1048572		72100		976472
[10:27:47]		1048572		19768		1028804
[10:27:50]		1048572		19672		1028900
[10:27:53]		1048572		19672		1028900
[10:27:56]		1048572		19664		1028908
[10:27:59]		1048572		19664		1028908
[10:28:02]		1048572		19620		1028952
[10:28:05]		1048572		19620		1028952
[10:28:08]		1048572		19620		1028952
[10:28:11]		1048572		19620		1028952
[10:28:14]		1048572		19620		1028952
[10:28:17]		1048572		19620		1028952
[10:28:20]		1048572		19616		1028956
[10:28:23]		1048572		19616		1028956
[10:28:26]		1048572		19616		1028956
[10:28:29]		1048572		19616		1028956
[10:28:32]		1048572		19616		1028956
[10:28:35]		1048572		19616		1028956
[10:28:38]		1048572		19616		1028956
[10:28:41]		1048572		19616		1028956
[10:28:44]		1048572		19616		1028956
[10:28:47]		1048572		19616		1028956
[10:28:50]		1048572		19616		1028956
[10:28:53]		1048572		19616		1028956
[10:28:56]		1048572		19616		1028956
[10:28:59]		1048572		19616		1028956
[10:29:02]		1048572		19616		1028956
[10:29:05]		1048572		19616		1028956
[10:29:08]		1048572		19616		1028956
[10:29:11]		1048572		19616		1028956
[10:29:14]		1048572		19616		1028956
[10:29:17]		1048572		19616		1028956
[10:29:20]		1048572		19616		1028956
[10:29:23]		1048572		19616		1028956
[10:29:26]		1048572		19616		1028956
[10:29:29]		1048572		29432		1019140
[10:29:32]		1048572		29308		1019264
[10:29:35]		1048572		43104		1005468
[10:29:38]		1048572		51676		996896
[10:29:41]		1048572		49712		998860
[10:29:44]		1048572		48692		999880
[10:29:47]		1048572		53484		995088
[10:29:50]		1048572		55272		993300
[10:29:53]		1048572		58888		989684
[10:29:56]		1048572		62232		986340
[10:29:59]		1048572		60708		987864
[10:30:02]		1048572		57756		990816
[10:30:05]		1048572		59852		988720
[10:30:08]		1048572		60496		988076
[10:30:11]		1048572		64484		984088
[10:30:14]		1048572		62056		986516
[10:30:17]		1048572		62876		985696
[10:30:20]		1048572		62644		985928
[10:30:23]		1048572		62488		986084
[10:30:26]		1048572		61728		986844
[10:30:29]		1048572		62744		985828
[10:30:32]		1048572		62744		985828
[10:30:35]		1048572		63156		985416
[10:30:38]		1048572		63956		984616
[10:30:41]		1048572		63292		985280
[10:30:44]		1048572		63148		985424
[10:30:47]		1048572		67040		981532
[10:30:50]		1048572		71540		977032
[10:30:53]		1048572		71804		976768
[10:30:56]		1048572		68944		979628
[10:30:59]		1048572		19484		1029088
[10:31:02]		1048572		19436		1029136
[10:31:05]		1048572		19436		1029136
[10:31:08]		1048572		19436		1029136
[10:31:11]		1048572		19436		1029136
[10:31:14]		1048572		19436		1029136
[10:31:17]		1048572		19436		1029136
[10:31:20]		1048572		19436		1029136
[10:31:23]		1048572		19432		1029140
[10:31:26]		1048572		19432		1029140
[10:31:29]		1048572		19432		1029140
[10:31:32]		1048572		19432		1029140
[10:31:35]		1048572		19432		1029140
[10:31:38]		1048572		19432		1029140
[10:31:41]		1048572		19432		1029140
[10:31:44]		1048572		19432		1029140
[10:31:47]		1048572		19432		1029140
[10:31:50]		1048572		19432		1029140
[10:31:53]		1048572		19432		1029140
[10:31:56]		1048572		19432		1029140
[10:31:59]		1048572		19432		1029140
[10:32:02]		1048572		19432		1029140
[10:32:05]		1048572		19432		1029140
[10:32:08]		1048572		19432		1029140
[10:32:11]		1048572		19432		1029140
[10:32:14]		1048572		19432		1029140
[10:32:17]		1048572		19432		1029140
[10:32:20]		1048572		19468		1029104
[10:32:23]		1048572		21352		1027220
[10:32:26]		1048572		30112		1018460
[10:32:29]		1048572		36360		1012212
[10:32:32]		1048572		49520		999052
[10:32:35]		1048572		53764		994808
[10:32:38]		1048572		53628		994944
[10:32:41]		1048572		53412		995160
[10:32:44]		1048572		56112		992460
[10:32:47]		1048572		63132		985440
[10:32:50]		1048572		66172		982400
[10:32:53]		1048572		69400		979172
[10:32:56]		1048572		68528		980044
[10:32:59]		1048572		76516		972056
[10:33:02]		1048572		76244		972328
[10:33:05]		1048572		74148		974424
[10:33:08]		1048572		71860		976712
[10:33:11]		1048572		71576		976996
[10:33:14]		1048572		69820		978752
[10:33:17]		1048572		71324		977248
[10:33:20]		1048572		70440		978132
[10:33:23]		1048572		86168		962404
[10:33:26]		1048572		82072		966500
[10:33:29]		1048572		85468		963104
[10:33:32]		1048572		75216		973356
[10:33:35]		1048572		74492		974080
[10:33:38]		1048572		68820		979752
[10:33:41]		1048572		70900		977672
[10:33:44]		1048572		79676		968896
[10:33:47]		1048572		78700		969872
[10:33:50]		1048572		79088		969484
[10:33:53]		1048572		78060		970512
[10:33:56]		1048572		76224		972348
[10:33:59]		1048572		73904		974668
[10:34:02]		1048572		74984		973588
[10:34:05]		1048572		87500		961072
[10:34:08]		1048572		84456		964116
[10:34:11]		1048572		81860		966712
[10:34:14]		1048572		70740		977832
[10:34:17]		1048572		78024		970548
[10:34:20]		1048572		81764		966808
[10:34:23]		1048572		86908		961664
[10:34:26]		1048572		87756		960816
[10:34:29]		1048572		87756		960816
[10:34:32]		1048572		87656		960916
[10:34:35]		1048572		87228		961344
[10:34:38]		1048572		19736		1028836
[10:34:41]		1048572		19644		1028928
[10:34:44]		1048572		19644		1028928
[10:34:47]		1048572		19644		1028928
[10:34:50]		1048572		19644		1028928
[10:34:53]		1048572		19644		1028928
[10:34:56]		1048572		19644		1028928
[10:34:59]		1048572		19644		1028928
[10:35:02]		1048572		19644		1028928
[10:35:05]		1048572		19644		1028928
[10:35:08]		1048572		19644		1028928
[10:35:11]		1048572		19644		1028928
[10:35:14]		1048572		19644		1028928
[10:35:17]		1048572		19644		1028928
[10:35:20]		1048572		19516		1029056
[10:35:23]		1048572		19452		1029120
[10:35:26]		1048572		19448		1029124
[10:35:29]		1048572		19448		1029124
[10:35:32]		1048572		19432		1029140
[10:35:35]		1048572		19432		1029140
[10:35:38]		1048572		19432		1029140
[10:35:41]		1048572		19432		1029140
[10:35:44]		1048572		19432		1029140
[10:35:47]		1048572		19432		1029140
[10:35:50]		1048572		19432		1029140
[10:35:53]		1048572		19432		1029140
[10:35:56]		1048572		19432		1029140
[10:35:59]		1048572		19432		1029140
[10:36:02]		1048572		19432		1029140
[10:36:05]		1048572		19444		1029128
[10:36:08]		1048572		19444		1029128
[10:36:11]		1048572		19444		1029128
[10:36:14]		1048572		19444		1029128
[10:36:17]		1048572		19444		1029128
[10:36:20]		1048572		19444		1029128
[10:36:23]		1048572		19444		1029128
[10:36:26]		1048572		19444		1029128
[10:36:29]		1048572		19444		1029128
[10:36:32]		1048572		19444		1029128
[10:36:35]		1048572		19444		1029128
[10:36:38]		1048572		19444		1029128
[10:36:41]		1048572		19444		1029128
[10:36:44]		1048572		19452		1029120
[10:36:47]		1048572		23808		1024764
[10:36:50]		1048572		37152		1011420
[10:36:53]		1048572		37152		1011420
[10:36:56]		1048572		50708		997864
[10:36:59]		1048572		52692		995880
[10:37:02]		1048572		58972		989600
[10:37:05]		1048572		61568		987004
[10:37:08]		1048572		57200		991372
[10:37:11]		1048572		56860		991712
[10:37:14]		1048572		56808		991764
[10:37:17]		1048572		56800		991772
[10:37:20]		1048572		57380		991192
[10:37:23]		1048572		58272		990300
[10:37:26]		1048572		58892		989680
[10:37:29]		1048572		59092		989480
[10:37:32]		1048572		59636		988936
[10:37:35]		1048572		60828		987744
[10:37:38]		1048572		61748		986824
[10:37:41]		1048572		63668		984904
[10:37:44]		1048572		63996		984576
[10:37:47]		1048572		63708		984864
[10:37:50]		1048572		64196		984376
[10:37:53]		1048572		65496		983076
[10:37:56]		1048572		66572		982000
[10:37:59]		1048572		66016		982556
[10:38:02]		1048572		66468		982104
[10:38:05]		1048572		66952		981620
[10:38:08]		1048572		66896		981676
[10:38:11]		1048572		64540		984032
[10:38:14]		1048572		66596		981976
[10:38:17]		1048572		69908		978664
[10:38:20]		1048572		66120		982452
[10:38:23]		1048572		67772		980800
[10:38:26]		1048572		19620		1028952
[10:38:29]		1048572		19620		1028952
[10:38:32]		1048572		19620		1028952
[10:38:35]		1048572		19620		1028952
[10:38:38]		1048572		19620		1028952
[10:38:41]		1048572		19620		1028952
[10:38:44]		1048572		19616		1028956
[10:38:47]		1048572		19616		1028956
[10:38:50]		1048572		19616		1028956
[10:38:53]		1048572		19616		1028956
[10:38:56]		1048572		19616		1028956
[10:38:59]		1048572		19616		1028956
[10:39:02]		1048572		19520		1029052
[10:39:05]		1048572		19520		1029052
[10:39:08]		1048572		19520		1029052
[10:39:11]		1048572		19532		1029040
[10:39:14]		1048572		19532		1029040
[10:39:17]		1048572		19532		1029040
[10:39:20]		1048572		19532		1029040
[10:39:23]		1048572		19532		1029040
[10:39:26]		1048572		19532		1029040
[10:39:29]		1048572		19536		1029036
[10:39:32]		1048572		19540		1029032
[10:39:35]		1048572		19548		1029024
[10:39:38]		1048572		19568		1029004
[10:39:41]		1048572		19568		1029004
[10:39:44]		1048572		19636		1028936
[10:39:47]		1048572		21576		1026996
[10:39:50]		1048572		27440		1021132
[10:39:53]		1048572		31840		1016732
[10:39:56]		1048572		44156		1004416
[10:39:59]		1048572		48404		1000168
[10:40:02]		1048572		48560		1000012
[10:40:05]		1048572		53240		995332
[10:40:08]		1048572		53604		994968
[10:40:11]		1048572		59448		989124
[10:40:14]		1048572		62640		985932
[10:40:17]		1048572		63056		985516
[10:40:20]		1048572		58816		989756
[10:40:23]		1048572		58892		989680
[10:40:26]		1048572		59860		988712
[10:40:29]		1048572		60664		987908
[10:40:32]		1048572		61868		986704
[10:40:35]		1048572		61820		986752
[10:40:38]		1048572		63608		984964
[10:40:41]		1048572		64028		984544
[10:40:44]		1048572		66592		981980
[10:40:47]		1048572		62608		985964
[10:40:50]		1048572		63896		984676
[10:40:54]		1048572		64812		983760
[10:40:57]		1048572		65488		983084
[10:41:00]		1048572		64756		983816
[10:41:03]		1048572		64300		984272
[10:41:06]		1048572		64356		984216
[10:41:09]		1048572		64716		983856
[10:41:12]		1048572		65680		982892
[10:41:15]		1048572		66104		982468
[10:41:18]		1048572		65892		982680
[10:41:21]		1048572		65512		983060
[10:41:24]		1048572		19212		1029360
[10:41:27]		1048572		19212		1029360
[10:41:30]		1048572		19212		1029360
[10:41:33]		1048572		19212		1029360
[10:41:36]		1048572		19212		1029360
[10:41:39]		1048572		19208		1029364
[10:41:42]		1048572		19204		1029368
[10:41:45]		1048572		19204		1029368
[10:41:48]		1048572		19204		1029368
[10:41:51]		1048572		19204		1029368
[10:41:54]		1048572		19204		1029368
[10:41:57]		1048572		19204		1029368
[10:42:00]		1048572		19204		1029368
[10:42:03]		1048572		19204		1029368
[10:42:06]		1048572		19204		1029368
[10:42:09]		1048572		19204		1029368
[10:42:12]		1048572		19204		1029368
[10:42:15]		1048572		19220		1029352
[10:42:18]		1048572		19220		1029352
[10:42:21]		1048572		19220		1029352
[10:42:24]		1048572		19220		1029352
[10:42:27]		1048572		19220		1029352
[10:42:30]		1048572		19220		1029352
[10:42:33]		1048572		19220		1029352
[10:42:36]		1048572		19220		1029352
[10:42:39]		1048572		19232		1029340
[10:42:42]		1048572		19256		1029316
[10:42:45]		1048572		28752		1019820
[10:42:48]		1048572		36544		1012028
[10:42:51]		1048572		48800		999772
[10:42:54]		1048572		46568		1002004
[10:42:57]		1048572		41692		1006880
[10:43:00]		1048572		50980		997592
[10:43:03]		1048572		53252		995320
[10:43:06]		1048572		54212		994360
[10:43:09]		1048572		50400		998172
[10:43:12]		1048572		50164		998408
[10:43:15]		1048572		53748		994824
[10:43:18]		1048572		54816		993756
[10:43:21]		1048572		66804		981768
[10:43:24]		1048572		56268		992304
[10:43:27]		1048572		55820		992752
[10:43:30]		1048572		56680		991892
[10:43:33]		1048572		64584		983988
[10:43:36]		1048572		63804		984768
[10:43:39]		1048572		65928		982644
[10:43:42]		1048572		69164		979408
[10:43:45]		1048572		61924		986648
[10:43:48]		1048572		63208		985364
[10:43:51]		1048572		68220		980352
[10:43:54]		1048572		65372		983200
[10:43:57]		1048572		66420		982152
[10:44:00]		1048572		66996		981576
[10:44:03]		1048572		65984		982588
[10:44:06]		1048572		71556		977016
[10:44:09]		1048572		71540		977032
[10:44:12]		1048572		67940		980632
[10:44:15]		1048572		67816		980756
[10:44:18]		1048572		67384		981188
[10:44:21]		1048572		19572		1029000
[10:44:24]		1048572		19572		1029000
[10:44:27]		1048572		19572		1029000
[10:44:30]		1048572		19572		1029000
[10:44:33]		1048572		19572		1029000
[10:44:36]		1048572		19572		1029000
[10:44:39]		1048572		19572		1029000
[10:44:42]		1048572		19572		1029000
[10:44:45]		1048572		19568		1029004
[10:44:48]		1048572		19568		1029004
[10:44:51]		1048572		19568		1029004
[10:44:54]		1048572		19568		1029004
[10:44:57]		1048572		19568		1029004
[10:45:00]		1048572		19568		1029004
[10:45:03]		1048572		19568		1029004
[10:45:06]		1048572		19568		1029004
[10:45:09]		1048572		19568		1029004
[10:45:12]		1048572		19568		1029004
[10:45:15]		1048572		19568		1029004
[10:45:18]		1048572		19568		1029004
[10:45:21]		1048572		19568		1029004
[10:45:24]		1048572		19568		1029004
[10:45:27]		1048572		19568		1029004
[10:45:30]		1048572		19568		1029004
[10:45:33]		1048572		19568		1029004
[10:45:36]		1048572		19568		1029004
[10:45:39]		1048572		19580		1028992
[10:45:42]		1048572		19580		1028992
[10:45:45]		1048572		19596		1028976
[10:45:48]		1048572		19612		1028960
[10:45:51]		1048572		23304		1025268
[10:45:54]		1048572		40692		1007880
[10:45:57]		1048572		46728		1001844
[10:46:00]		1048572		56648		991924
[10:46:03]		1048572		59544		989028
[10:46:06]		1048572		69760		978812
[10:46:09]		1048572		65472		983100
[10:46:12]		1048572		58952		989620
[10:46:15]		1048572		59568		989004
[10:46:18]		1048572		62824		985748
[10:46:21]		1048572		62828		985744
[10:46:24]		1048572		62824		985748
[10:46:27]		1048572		58620		989952
[10:46:30]		1048572		60104		988468
[10:46:33]		1048572		64104		984468
[10:46:36]		1048572		65956		982616
[10:46:39]		1048572		72692		975880
[10:46:42]		1048572		72548		976024
[10:46:45]		1048572		70760		977812
[10:46:48]		1048572		66744		981828
[10:46:51]		1048572		68120		980452
[10:46:54]		1048572		68764		979808
[10:46:57]		1048572		70352		978220
[10:47:00]		1048572		69772		978800
[10:47:03]		1048572		71956		976616
[10:47:06]		1048572		76708		971864
[10:47:09]		1048572		74472		974100
[10:47:12]		1048572		73372		975200
[10:47:15]		1048572		71716		976856
[10:47:18]		1048572		70988		977584
[10:47:21]		1048572		73008		975564
[10:47:24]		1048572		74376		974196
[10:47:27]		1048572		70056		978516
[10:47:30]		1048572		71444		977128
[10:47:33]		1048572		71468		977104
[10:47:36]		1048572		19688		1028884
[10:47:39]		1048572		19688		1028884
[10:47:42]		1048572		19688		1028884
[10:47:45]		1048572		19684		1028888
[10:47:48]		1048572		19684		1028888
[10:47:51]		1048572		19684		1028888
[10:47:54]		1048572		19492		1029080
[10:47:57]		1048572		19488		1029084
[10:48:00]		1048572		19488		1029084
[10:48:03]		1048572		19444		1029128
[10:48:06]		1048572		19444		1029128
[10:48:09]		1048572		19444		1029128
[10:48:12]		1048572		19444		1029128
[10:48:15]		1048572		19444		1029128
[10:48:18]		1048572		19444		1029128
[10:48:21]		1048572		19444		1029128
[10:48:24]		1048572		19456		1029116
[10:48:27]		1048572		19460		1029112
[10:48:30]		1048572		19468		1029104
[10:48:33]		1048572		19468		1029104
[10:48:36]		1048572		19472		1029100
[10:48:39]		1048572		19472		1029100
[10:48:42]		1048572		19472		1029100
[10:48:45]		1048572		19472		1029100
[10:48:48]		1048572		19472		1029100
[10:48:51]		1048572		19480		1029092
[10:48:54]		1048572		25236		1023336
[10:48:57]		1048572		28988		1019584
[10:49:00]		1048572		48916		999656
[10:49:03]		1048572		50276		998296
[10:49:06]		1048572		55908		992664
[10:49:09]		1048572		59172		989400
[10:49:12]		1048572		59284		989288
[10:49:15]		1048572		62912		985660
[10:49:18]		1048572		64096		984476
[10:49:21]		1048572		66460		982112
[10:49:24]		1048572		65572		983000
[10:49:27]		1048572		68648		979924
[10:49:30]		1048572		66012		982560
[10:49:33]		1048572		65804		982768
[10:49:36]		1048572		65716		982856
[10:49:39]		1048572		62892		985680
[10:49:42]		1048572		67460		981112
[10:49:45]		1048572		68656		979916
[10:49:48]		1048572		68624		979948
[10:49:51]		1048572		70596		977976
[10:49:54]		1048572		69920		978652
[10:49:57]		1048572		65476		983096
[10:50:00]		1048572		65388		983184
[10:50:03]		1048572		65292		983280
[10:50:06]		1048572		64484		984088
[10:50:09]		1048572		64372		984200
[10:50:12]		1048572		66944		981628
[10:50:15]		1048572		67664		980908
[10:50:18]		1048572		67176		981396
[10:50:21]		1048572		67056		981516
[10:50:24]		1048572		69312		979260
[10:50:27]		1048572		71412		977160
[10:50:30]		1048572		74596		973976
[10:50:33]		1048572		73516		975056
[10:50:36]		1048572		77328		971244
[10:50:39]		1048572		19800		1028772
[10:50:42]		1048572		19708		1028864
[10:50:45]		1048572		19704		1028868
[10:50:48]		1048572		19704		1028868
[10:50:51]		1048572		19704		1028868
[10:50:54]		1048572		19704		1028868
[10:50:57]		1048572		19700		1028872
[10:51:00]		1048572		19700		1028872
[10:51:03]		1048572		19656		1028916
[10:51:06]		1048572		19656		1028916
[10:51:09]		1048572		19656		1028916
[10:51:12]		1048572		19656		1028916
[10:51:15]		1048572		19656		1028916
[10:51:18]		1048572		19656		1028916
[10:51:21]		1048572		19656		1028916
[10:51:24]		1048572		19656		1028916
[10:51:27]		1048572		19656		1028916
[10:51:30]		1048572		19656		1028916
[10:51:33]		1048572		19656		1028916
[10:51:36]		1048572		19656		1028916
[10:51:39]		1048572		19656		1028916
[10:51:42]		1048572		19656		1028916
[10:51:45]		1048572		19656		1028916
[10:51:48]		1048572		19656		1028916
[10:51:51]		1048572		19656		1028916
[10:51:54]		1048572		19656		1028916
[10:51:57]		1048572		19656		1028916
[10:52:00]		1048572		19640		1028932
[10:52:03]		1048572		19640		1028932
[10:52:06]		1048572		25472		1023100
[10:52:09]		1048572		28500		1020072
[10:52:12]		1048572		42676		1005896
[10:52:15]		1048572		50736		997836
[10:52:18]		1048572		53208		995364
[10:52:21]		1048572		59388		989184
[10:52:24]		1048572		55532		993040
[10:52:27]		1048572		55248		993324
[10:52:30]		1048572		55236		993336
[10:52:33]		1048572		58016		990556
[10:52:36]		1048572		56404		992168
[10:52:39]		1048572		56384		992188
[10:52:42]		1048572		57704		990868
[10:52:45]		1048572		58292		990280
[10:52:48]		1048572		58548		990024
[10:52:51]		1048572		61416		987156
[10:52:54]		1048572		60108		988464
[10:52:57]		1048572		61512		987060
[10:53:00]		1048572		62616		985956
[10:53:03]		1048572		61916		986656
[10:53:06]		1048572		63328		985244
[10:53:09]		1048572		64072		984500
[10:53:12]		1048572		63948		984624
[10:53:15]		1048572		63272		985300
[10:53:18]		1048572		63716		984856
[10:53:21]		1048572		63928		984644
[10:53:24]		1048572		63940		984632
[10:53:27]		1048572		66088		982484
[10:53:30]		1048572		65688		982884
[10:53:33]		1048572		68052		980520
[10:53:36]		1048572		67728		980844
[10:53:39]		1048572		67732		980840
[10:53:42]		1048572		67460		981112
[10:53:45]		1048572		67464		981108
[10:53:48]		1048572		67620		980952
[10:53:51]		1048572		67408		981164
[10:53:54]		1048572		19492		1029080
[10:53:57]		1048572		19492		1029080
[10:54:00]		1048572		19492		1029080
[10:54:03]		1048572		19452		1029120
[10:54:06]		1048572		19452		1029120
[10:54:09]		1048572		19452		1029120
[10:54:12]		1048572		19452		1029120
[10:54:15]		1048572		19452		1029120
[10:54:18]		1048572		19452		1029120
[10:54:21]		1048572		19452		1029120
[10:54:24]		1048572		19452		1029120
[10:54:27]		1048572		19448		1029124
[10:54:30]		1048572		19448		1029124
[10:54:33]		1048572		19448		1029124
[10:54:36]		1048572		19448		1029124
[10:54:39]		1048572		19448		1029124
[10:54:42]		1048572		19448		1029124
[10:54:45]		1048572		19448		1029124
[10:54:48]		1048572		19448		1029124
[10:54:51]		1048572		19448		1029124
[10:54:54]		1048572		19448		1029124
[10:54:57]		1048572		19448		1029124
[10:55:00]		1048572		19448		1029124
[10:55:03]		1048572		19448		1029124
[10:55:06]		1048572		19448		1029124
[10:55:09]		1048572		19448		1029124
[10:55:12]		1048572		19448		1029124
[10:55:15]		1048572		19448		1029124
[10:55:18]		1048572		19444		1029128
[10:55:21]		1048572		19444		1029128
[10:55:24]		1048572		19444		1029128
[10:55:27]		1048572		19444		1029128
[10:55:30]		1048572		19444		1029128
[10:55:33]		1048572		19432		1029140
[10:55:36]		1048572		19432		1029140
[10:55:39]		1048572		19432		1029140
[10:55:42]		1048572		19432		1029140
[10:55:45]		1048572		19432		1029140
[10:55:48]		1048572		25264		1023308
[10:55:51]		1048572		33512		1015060
[10:55:54]		1048572		45888		1002684
[10:55:57]		1048572		48720		999852
[10:56:00]		1048572		45160		1003412
[10:56:03]		1048572		55824		992748
[10:56:06]		1048572		55824		992748
[10:56:09]		1048572		55820		992752
[10:56:12]		1048572		55792		992780
[10:56:15]		1048572		53464		995108
[10:56:18]		1048572		53460		995112
[10:56:21]		1048572		55216		993356
[10:56:24]		1048572		57716		990856
[10:56:27]		1048572		56944		991628
[10:56:30]		1048572		56928		991644
[10:56:33]		1048572		58396		990176
[10:56:36]		1048572		58548		990024
[10:56:39]		1048572		19168		1029404
[10:56:42]		1048572		19164		1029408
