recorded by mmserver domain:[id:3 time:Sun Apr 28 17:24:21 2013
]
time		tg_mem		use_mem		free_mem		
17:24:23		524288		204420		319868		
17:24:25		524288		204420		319868		
17:24:27		524288		204420		319868		
17:24:29		524288		204420		319868		
17:24:31		524288		204420		319868		
17:24:33		524288		204420		319868		
17:24:35		524288		204420		319868		
17:24:37		524288		204420		319868		
17:24:39		524288		204420		319868		
17:24:41		524288		204420		319868		
17:24:43		524288		204420		319868		
17:24:45		524288		204420		319868		
17:24:47		524288		204420		319868		
17:24:49		524288		204420		319868		
17:24:51		524288		204420		319868		
17:24:53		524288		204420		319868		
17:24:55		524288		204420		319868		
17:24:57		524288		204420		319868		
17:24:59		524288		204420		319868		
17:25:01		524288		204420		319868		
17:25:03		524288		204420		319868		
17:25:05		524288		204420		319868		
17:25:07		524288		204420		319868		
17:25:09		524288		204420		319868		
17:25:11		524288		204420		319868		
17:25:13		524288		204420		319868		
17:25:15		524288		204420		319868		
17:25:17		524288		204420		319868		
17:25:19		524288		204420		319868		
17:25:21		524288		204420		319868		
17:25:23		524288		204420		319868		
17:25:25		524288		204420		319868		
17:25:27		524288		204420		319868		
17:25:29		524288		204420		319868		
17:25:31		524288		204420		319868		
17:25:33		524288		204420		319868		
17:25:35		524288		204420		319868		
17:25:37		524288		204420		319868		
17:25:39		524288		204420		319868		
17:25:41		518542		204254		314288		
17:25:43		518203		204287		313916		
17:25:45		518212		204296		313916		
17:25:47		516655		204351		312304		
17:25:49		514870		204302		310568		
17:25:51		512488		204276		308212		
17:25:53		508176		204304		303872		
17:25:55		503969		204313		299656		
17:25:57		499711		204271		295440		
17:25:59		490176		204284		285892		
17:26:01		489020		204368		284652		
17:26:03		482336		204256		278080		
17:26:05		478554		204318		274236		
17:26:07		476174		204294		271880		
17:26:09		475081		204317		270764		
17:26:11		474841		204325		270516		
17:26:13		474700		204308		270392		
17:26:15		474710		204318		270392		
17:26:17		474211		204315		269896		
17:26:19		476003		204495		271508		
17:26:21		475423		203915		271508		
17:26:23		469429		203873		265556		
17:26:25		466369		203913		262456		
17:26:27		466243		203911		262332		
17:26:29		463871		204019		259852		
17:26:31		456353		203941		252412		
17:26:33		456741		204329		252412		
17:26:35		456729		204317		252412		
17:26:37		456623		204211		252412		
17:26:39		456288		204000		252288		
17:26:41		455985		203945		252040		
17:26:43		455577		204033		251544		
17:26:45		455315		204019		251296		
17:26:47		454998		203950		251048		
17:26:49		454380		203952		250428		
17:26:51		453541		203981		249560		
17:26:53		453623		204063		249560		
17:26:55		453323		204011		249312		
17:26:57		452280		203960		248320		
17:26:59		451675		203975		247700		
17:27:01		450325		203989		246336		
17:27:03		450189		203977		246212		
17:27:05		449970		204006		245964		
17:27:07		450067		204103		245964		
17:27:09		450125		204161		245964		
17:27:11		448301		203949		244352		
17:27:13		448995		204519		244476		
17:27:16		449569		204473		245096		
17:27:18		449617		204521		245096		
17:27:20		449555		204459		245096		
17:27:22		449239		204143		245096		
17:27:24		447738		203882		243856		
17:27:26		445805		203933		241872		
17:27:28		445524		204024		241500		
17:27:30		443518		204002		239516		
17:27:32		441452		204044		237408		
17:27:34		442752		204476		238276		
17:27:36		445231		204475		240756		
17:27:38		445420		204540		240880		
17:27:40		445641		204513		241128		
17:27:42		445775		204523		241252		
17:27:44		445902		204526		241376		
17:27:46		446028		204528		241500		
17:27:48		445214		203962		241252		
17:27:50		445142		203890		241252		
17:27:52		447103		204487		242616		
17:27:54		447215		204475		242740		
17:27:56		447351		204487		242864		
17:27:58		448310		204454		243856		
17:28:00		456120		210280		245840		
17:28:02		502022		245890		256132		
17:28:04		501220		204540		296680		
17:28:06		507505		208097		299408		
17:28:08		508345		204473		303872		
17:28:10		508581		204461		304120		
17:28:12		509330		204466		304864		
17:28:14		510005		204521		305484		
17:28:16		510547		204443		306104		
17:28:18		515644		206688		308956		
17:28:20		515956		204520		311436		
17:28:22		516355		204547		311808		
17:28:24		516076		204268		311808		
17:28:26		513884		203936		309948		
17:28:28		505992		203980		302012		
17:28:30		499218		204026		295192		
17:28:32		499039		204407		294632		
17:28:34		492692		204360		288332		
17:28:36		489539		204431		285108		
17:28:38		488383		204391		283992		
17:28:40		487002		204374		282628		
17:28:42		485025		204381		280644		
17:28:44		485441		204549		280892		
17:28:46		485527		204511		281016		
17:28:48		485523		204507		281016		
17:28:50		485545		204529		281016		
17:28:52		485592		204576		281016		
17:28:54		485633		204493		281140		
17:28:56		485705		204565		281140		
17:28:58		485763		204499		281264		
17:29:00		485745		204481		281264		
17:29:02		485749		204485		281264		
17:29:04		485761		204497		281264		
17:29:06		485802		204538		281264		
17:29:08		485855		204591		281264		
17:29:10		485887		204499		281388		
17:29:12		485607		204219		281388		
17:29:14		480121		203941		276180		
17:29:16		476257		203921		272336		
17:29:18		475565		203973		271592		
17:29:20		475507		203915		271592		
17:29:22		475481		203889		271592		
17:29:24		475548		203956		271592		
17:29:26		475566		203974		271592		
17:29:28		475554		203962		271592		
17:29:30		475551		203959		271592		
17:29:32		475553		203961		271592		
17:29:34		476535		204571		271964		
17:29:36		476732		204520		272212		
17:29:38		476779		204567		272212		
17:29:40		476875		204539		272336		
17:29:42		476937		204477		272460		
17:29:44		476972		204512		272460		
17:29:46		477030		204570		272460		
17:29:48		509330		234390		274940		
17:29:50		499392		204488		294904		
17:29:52		505045		207909		297136		
17:29:54		506802		204582		302220		
17:29:56		507705		204493		303212		
17:29:58		506467		203875		302592		
17:30:00		503789		204049		299740		
17:30:02		502136		204008		298128		
17:30:04		497441		204025		293416		
17:30:06		489771		204043		285728		
17:30:08		489316		204084		285232		
17:30:10		488906		204046		284860		
17:30:12		488598		204102		284496		
17:30:15		488330		204082		284248		
17:30:17		487921		204045		283876		
17:30:19		488387		204511		283876		
17:30:21		488275		204399		283876		
17:30:23		486108		204092		282016		
17:30:25		484362		204074		280288		
17:30:27		483586		204042		279544		
17:30:29		483515		203971		279544		
17:30:31		483065		204017		279048		
17:30:33		483004		204080		278924		
17:30:35		482984		204060		278924		
17:30:37		482887		204087		278800		
17:30:39		482801		204001		278800		
17:30:41		482703		204027		278676		
17:30:43		505391		224855		280536		
17:30:45		508267		204543		303724		
17:30:47		507680		203956		303724		
17:30:49		511912		205956		305956		
17:30:51		511944		204500		307444		
17:30:53		512504		204556		307948		
17:30:55		513588		204524		309064		
17:30:57		514610		204554		310056		
17:30:59		515470		204546		310924		
17:31:01		516463		204547		311916		
17:31:03		517220		204560		312660		
17:31:05		518646		204498		314148		
17:31:07		518915		204519		314396		
17:31:09		519311		204543		314768		
17:31:11		519046		204278		314768		
17:31:13		510958		203878		307080		
17:31:15		510814		203858		306956		
17:31:17		507822		203842		303980		
17:31:19		505918		203922		301996		
17:31:21		505397		203897		301500		
17:31:23		505351		203851		301500		
17:31:25		504341		203957		300384		
17:31:27		503606		203842		299764		
17:31:29		503517		203877		299640		
17:31:31		512426		210554		301872		
17:31:33		513883		204571		309312		
17:31:35		514580		204524		310056		
17:31:37		515384		204460		310924		
17:31:39		516256		204464		311792		
17:31:41		517092		204556		312536		
17:31:43		517826		204546		313280		
17:31:45		518475		204575		313900		
17:31:47		519060		204540		314520		
17:31:49		519582		204566		315016		
17:31:51		520050		204538		315512		
17:31:53		520473		204465		316008		
17:31:55		520473		204465		316008		
17:31:57		521182		204554		316628		
17:31:59		521302		204550		316752		
17:32:01		521437		204561		316876		
17:32:03		519987		203855		316132		
17:32:05		518960		203944		315016		
17:32:07		518412		203892		314520		
17:32:09		517595		203943		313652		
17:32:11		514788		203864		310924		
17:32:13		514519		203843		310676		
17:32:15		514439		203887		310552		
17:32:17		514586		204034		310552		
17:32:19		514639		204087		310552		
17:32:21		514678		204250		310428		
17:32:23		514707		204279		310428		
17:32:25		514729		204301		310428		
17:32:27		518420		205512		312908		
17:32:29		511267		203939		307328		
17:32:31		510465		203881		306584		
17:32:33		507178		203942		303236		
17:32:35		505157		203905		301252		
17:32:37		502639		203867		298772		
17:32:39		500001		203833		296168		
17:32:41		495455		203875		291580		
17:32:43		488167		203903		284264		
17:32:45		484770		203854		280916		
17:32:47		481070		203874		277196		
17:32:49		477480		203880		273600		
17:32:51		474449		203949		270500		
17:32:53		467910		203858		264052		
17:32:55		465919		203851		262068		
17:32:57		462923		203955		258968		
17:32:59		460811		203951		256860		
17:33:01		459783		203915		255868		
17:33:03		460235		204367		255868		
17:33:05		460316		204448		255868		
17:33:08		460325		204457		255868		
17:33:10		460314		204446		255868		
17:33:12		460193		204449		255744		
17:33:14		460193		204449		255744		
17:33:16		459381		204009		255372		
17:33:18		457254		203990		253264		
17:33:20		455717		204065		251652		
17:33:22		454774		203990		250784		
17:33:24		454815		204031		250784		
17:33:26		456196		204544		251652		
17:33:28		499617		245361		254256		
17:33:30		492707		204475		288232		
17:33:32		493569		204469		289100		
17:33:34		493681		204457		289224		
17:33:36		493742		204518		289224		
17:33:38		493778		204554		289224		
17:33:40		493425		204201		289224		
17:33:42		491243		203879		287364		
17:33:44		487018		203870		283148		
17:33:46		484461		203917		280544		
17:33:48		479936		203856		276080		
17:33:50		476869		203889		272980		
17:33:52		473126		203990		269136		
17:33:54		467753		204073		263680		
17:33:56		465283		204083		261200		
17:33:58		463861		204025		259836		
17:34:00		459509		204013		255496		
17:34:02		459141		204017		255124		
17:34:04		458722		203970		254752		
17:34:06		458412		204032		254380		
17:34:08		459154		204526		254628		
17:34:10		459115		204487		254628		
17:34:12		458892		204388		254504		
17:34:14		457427		204039		253388		
17:34:16		456019		203995		252024		
17:34:18		454858		204074		250784		
17:34:20		454268		203980		250288		
17:34:22		452872		204072		248800		
17:34:24		451645		203961		247684		
17:34:26		449094		204014		245080		
17:34:28		449070		203990		245080		
17:34:30		447369		204025		243344		
17:34:32		445001		204013		240988		
17:34:34		444629		204013		240616		
17:34:36		444498		204006		240492		
17:34:38		444505		204013		240492		
17:34:40		443920		204048		239872		
17:34:42		443119		203991		239128		
17:34:44		443006		204002		239004		
17:34:46		441393		204001		237392		
17:34:48		440682		204034		236648		
17:34:50		441018		204370		236648		
17:34:52		441068		204420		236648		
17:34:54		441071		204423		236648		
17:34:56		441030		204382		236648		
17:34:58		440991		204343		236648		
17:35:00		440946		204298		236648		
17:35:02		440880		204232		236648		
17:35:04		440832		204184		236648		
17:35:06		440771		204123		236648		
17:35:08		440666		204018		236648		
17:35:10		440580		204056		236524		
17:35:12		440509		203985		236524		
17:35:14		440456		204056		236400		
17:35:16		440429		204029		236400		
17:35:18		440360		204076		236284		
17:35:20		440312		204028		236284		
17:35:22		440251		203967		236284		
17:35:24		442942		204550		238392		
17:35:26		499250		256022		243228		
17:35:28		500751		204451		296300		
17:35:30		502379		204467		297912		
17:35:32		504443		204547		299896		
17:35:34		506308		204552		301756		
17:35:36		507909		204541		303368		
17:35:38		509318		204462		304856		
17:35:40		510511		204539		305972		
17:35:42		511599		204511		307088		
17:35:44		512492		204536		307956		
17:35:46		515666		204610		311056		
17:35:48		516486		204562		311924		
17:35:50		517305		204513		312792		
17:35:52		518003		204467		313536		
17:35:54		518628		204472		314156		
17:35:55		519200		205044		314156		
