record in kb
time		total		used		free
[16:42:42]		1048572		0		1048572
[16:42:45]		1048572		0		1048572
[16:42:48]		1048572		0		1048572
[16:42:51]		1048572		0		1048572
[16:42:54]		1048572		0		1048572
[16:42:57]		1048572		0		1048572
[16:43:00]		1048572		0		1048572
[16:43:03]		1048572		0		1048572
[16:43:06]		1048572		0		1048572
[16:43:09]		1048572		0		1048572
[16:43:12]		1048572		0		1048572
[16:43:15]		1048572		0		1048572
[16:43:18]		1048572		0		1048572
[16:43:21]		1048572		0		1048572
[16:43:24]		1048572		0		1048572
[16:43:27]		1048572		0		1048572
[16:43:30]		1048572		0		1048572
[16:43:33]		1048572		0		1048572
[16:43:36]		1048572		0		1048572
[16:43:39]		1048572		0		1048572
[16:43:42]		1048572		0		1048572
[16:43:45]		1048572		0		1048572
[16:43:48]		1048572		0		1048572
[16:43:51]		1048572		0		1048572
[16:43:54]		1048572		0		1048572
[16:43:57]		1048572		0		1048572
[16:44:00]		1048572		0		1048572
[16:44:03]		1048572		0		1048572
[16:44:06]		1048572		0		1048572
[16:44:09]		1048572		0		1048572
[16:44:12]		1048572		0		1048572
[16:44:15]		1048572		0		1048572
[16:44:18]		1048572		0		1048572
[16:44:21]		1048572		0		1048572
[16:44:24]		1048572		0		1048572
[16:44:27]		1048572		0		1048572
[16:44:30]		1048572		0		1048572
[16:44:33]		1048572		0		1048572
[16:44:36]		1048572		0		1048572
[16:44:39]		1048572		0		1048572
[16:44:42]		1048572		0		1048572
[16:44:45]		1048572		0		1048572
[16:44:48]		1048572		0		1048572
[16:44:51]		1048572		0		1048572
[16:44:54]		1048572		0		1048572
[16:44:57]		1048572		0		1048572
[16:45:00]		1048572		0		1048572
[16:45:03]		1048572		0		1048572
[16:45:06]		1048572		0		1048572
[16:45:09]		1048572		0		1048572
[16:45:12]		1048572		0		1048572
[16:45:15]		1048572		0		1048572
[16:45:18]		1048572		0		1048572
[16:45:21]		1048572		0		1048572
[16:45:24]		1048572		0		1048572
[16:45:27]		1048572		0		1048572
[16:45:30]		1048572		0		1048572
[16:45:33]		1048572		0		1048572
[16:45:36]		1048572		0		1048572
[16:45:39]		1048572		0		1048572
[16:45:42]		1048572		0		1048572
[16:45:45]		1048572		0		1048572
[16:45:48]		1048572		0		1048572
[16:45:51]		1048572		0		1048572
[16:45:54]		1048572		0		1048572
[16:45:57]		1048572		0		1048572
[16:46:00]		1048572		0		1048572
[16:46:03]		1048572		0		1048572
[16:46:06]		1048572		0		1048572
[16:46:09]		1048572		0		1048572
[16:46:12]		1048572		0		1048572
[16:46:15]		1048572		0		1048572
[16:46:18]		1048572		0		1048572
[16:46:21]		1048572		0		1048572
[16:46:24]		1048572		0		1048572
[16:46:27]		1048572		0		1048572
[16:46:30]		1048572		0		1048572
[16:46:33]		1048572		0		1048572
[16:46:36]		1048572		0		1048572
[16:46:39]		1048572		0		1048572
[16:46:42]		1048572		0		1048572
[16:46:45]		1048572		0		1048572
[16:46:48]		1048572		0		1048572
[16:46:51]		1048572		0		1048572
[16:46:54]		1048572		0		1048572
[16:46:57]		1048572		0		1048572
[16:47:00]		1048572		0		1048572
[16:47:03]		1048572		0		1048572
[16:47:06]		1048572		0		1048572
[16:47:09]		1048572		0		1048572
[16:47:12]		1048572		0		1048572
[16:47:15]		1048572		0		1048572
[16:47:18]		1048572		0		1048572
[16:47:21]		1048572		0		1048572
[16:47:24]		1048572		0		1048572
[16:47:27]		1048572		0		1048572
[16:47:30]		1048572		0		1048572
[16:47:33]		1048572		0		1048572
[16:47:36]		1048572		0		1048572
[16:47:39]		1048572		0		1048572
[16:47:42]		1048572		0		1048572
[16:47:45]		1048572		0		1048572
[16:47:48]		1048572		0		1048572
[16:47:51]		1048572		0		1048572
[16:47:54]		1048572		0		1048572
[16:47:57]		1048572		0		1048572
[16:48:00]		1048572		0		1048572
[16:48:03]		1048572		0		1048572
[16:48:06]		1048572		0		1048572
[16:48:09]		1048572		0		1048572
[16:48:12]		1048572		0		1048572
[16:48:15]		1048572		0		1048572
[16:48:18]		1048572		0		1048572
[16:48:21]		1048572		0		1048572
[16:48:24]		1048572		0		1048572
[16:48:27]		1048572		0		1048572
[16:48:30]		1048572		0		1048572
[16:48:33]		1048572		0		1048572
[16:48:36]		1048572		0		1048572
[16:48:39]		1048572		0		1048572
[16:48:42]		1048572		0		1048572
[16:48:45]		1048572		0		1048572
[16:48:48]		1048572		0		1048572
[16:48:51]		1048572		0		1048572
[16:48:54]		1048572		0		1048572
[16:48:57]		1048572		0		1048572
[16:49:00]		1048572		0		1048572
[16:49:03]		1048572		0		1048572
[16:49:06]		1048572		0		1048572
[16:49:09]		1048572		0		1048572
[16:49:12]		1048572		0		1048572
[16:49:15]		1048572		0		1048572
[16:49:18]		1048572		0		1048572
[16:49:21]		1048572		0		1048572
[16:49:24]		1048572		0		1048572
[16:49:27]		1048572		0		1048572
[16:49:30]		1048572		0		1048572
[16:49:33]		1048572		0		1048572
[16:49:36]		1048572		0		1048572
[16:49:39]		1048572		0		1048572
[16:49:42]		1048572		0		1048572
[16:49:45]		1048572		0		1048572
[16:49:48]		1048572		0		1048572
[16:49:51]		1048572		0		1048572
[16:49:54]		1048572		0		1048572
[16:49:57]		1048572		0		1048572
[16:50:00]		1048572		0		1048572
[16:50:03]		1048572		0		1048572
[16:50:06]		1048572		0		1048572
[16:50:09]		1048572		0		1048572
[16:50:12]		1048572		0		1048572
[16:50:15]		1048572		0		1048572
[16:50:18]		1048572		0		1048572
[16:50:21]		1048572		0		1048572
[16:50:24]		1048572		0		1048572
[16:50:27]		1048572		0		1048572
[16:50:30]		1048572		0		1048572
[16:50:33]		1048572		0		1048572
[16:50:36]		1048572		0		1048572
[16:50:39]		1048572		0		1048572
[16:50:42]		1048572		0		1048572
[16:50:45]		1048572		0		1048572
[16:50:48]		1048572		0		1048572
[16:50:51]		1048572		0		1048572
[16:50:54]		1048572		0		1048572
[16:50:57]		1048572		0		1048572
[16:51:00]		1048572		0		1048572
[16:51:03]		1048572		0		1048572
[16:51:06]		1048572		0		1048572
[16:51:09]		1048572		0		1048572
[16:51:12]		1048572		0		1048572
[16:51:15]		1048572		0		1048572
[16:51:18]		1048572		0		1048572
[16:51:21]		1048572		0		1048572
[16:51:24]		1048572		0		1048572
[16:51:27]		1048572		0		1048572
[16:51:30]		1048572		0		1048572
[16:51:33]		1048572		0		1048572
[16:51:36]		1048572		0		1048572
[16:51:39]		1048572		0		1048572
[16:51:42]		1048572		0		1048572
[16:51:45]		1048572		0		1048572
[16:51:48]		1048572		0		1048572
[16:51:51]		1048572		0		1048572
[16:51:54]		1048572		0		1048572
[16:51:57]		1048572		0		1048572
[16:52:00]		1048572		0		1048572
[16:52:03]		1048572		0		1048572
[16:52:06]		1048572		0		1048572
[16:52:09]		1048572		0		1048572
[16:52:12]		1048572		0		1048572
[16:52:15]		1048572		0		1048572
[16:52:18]		1048572		0		1048572
[16:52:21]		1048572		0		1048572
[16:52:24]		1048572		0		1048572
[16:52:27]		1048572		0		1048572
[16:52:30]		1048572		0		1048572
[16:52:33]		1048572		0		1048572
[16:52:36]		1048572		0		1048572
[16:52:39]		1048572		0		1048572
[16:52:42]		1048572		0		1048572
[16:52:45]		1048572		0		1048572
[16:52:48]		1048572		0		1048572
[16:52:51]		1048572		0		1048572
[16:52:54]		1048572		0		1048572
[16:52:57]		1048572		0		1048572
[16:53:00]		1048572		0		1048572
[16:53:03]		1048572		0		1048572
[16:53:06]		1048572		0		1048572
[16:53:09]		1048572		0		1048572
[16:53:12]		1048572		0		1048572
[16:53:15]		1048572		0		1048572
[16:53:18]		1048572		0		1048572
[16:53:21]		1048572		0		1048572
[16:53:24]		1048572		0		1048572
[16:53:27]		1048572		0		1048572
[16:53:30]		1048572		0		1048572
[16:53:33]		1048572		0		1048572
[16:53:36]		1048572		0		1048572
[16:53:39]		1048572		0		1048572
[16:53:42]		1048572		0		1048572
[16:53:45]		1048572		0		1048572
[16:53:48]		1048572		0		1048572
[16:53:51]		1048572		0		1048572
[16:53:54]		1048572		0		1048572
[16:53:57]		1048572		0		1048572
[16:54:00]		1048572		0		1048572
[16:54:03]		1048572		0		1048572
[16:54:06]		1048572		0		1048572
[16:54:09]		1048572		0		1048572
[16:54:12]		1048572		0		1048572
[16:54:15]		1048572		0		1048572
[16:54:18]		1048572		0		1048572
[16:54:21]		1048572		0		1048572
[16:54:24]		1048572		0		1048572
[16:54:27]		1048572		0		1048572
[16:54:30]		1048572		0		1048572
[16:54:33]		1048572		0		1048572
[16:54:36]		1048572		0		1048572
[16:54:39]		1048572		0		1048572
[16:54:42]		1048572		0		1048572
[16:54:45]		1048572		0		1048572
[16:54:48]		1048572		0		1048572
[16:54:51]		1048572		0		1048572
[16:54:54]		1048572		0		1048572
[16:54:57]		1048572		0		1048572
[16:55:00]		1048572		0		1048572
[16:55:03]		1048572		0		1048572
[16:55:06]		1048572		0		1048572
[16:55:09]		1048572		0		1048572
[16:55:12]		1048572		0		1048572
[16:55:15]		1048572		0		1048572
[16:55:18]		1048572		0		1048572
[16:55:21]		1048572		0		1048572
[16:55:24]		1048572		0		1048572
[16:55:27]		1048572		0		1048572
[16:55:30]		1048572		0		1048572
[16:55:33]		1048572		0		1048572
[16:55:36]		1048572		0		1048572
[16:55:39]		1048572		0		1048572
[16:55:42]		1048572		0		1048572
[16:55:45]		1048572		0		1048572
[16:55:48]		1048572		0		1048572
[16:55:51]		1048572		0		1048572
[16:55:54]		1048572		0		1048572
[16:55:57]		1048572		0		1048572
[16:56:00]		1048572		0		1048572
[16:56:03]		1048572		0		1048572
[16:56:06]		1048572		0		1048572
[16:56:09]		1048572		0		1048572
[16:56:12]		1048572		0		1048572
[16:56:15]		1048572		0		1048572
[16:56:18]		1048572		0		1048572
[16:56:21]		1048572		0		1048572
[16:56:24]		1048572		0		1048572
[16:56:27]		1048572		0		1048572
[16:56:30]		1048572		0		1048572
[16:56:33]		1048572		0		1048572
[16:56:36]		1048572		0		1048572
[16:56:39]		1048572		0		1048572
[16:56:42]		1048572		0		1048572
[16:56:45]		1048572		0		1048572
[16:56:48]		1048572		0		1048572
[16:56:51]		1048572		0		1048572
[16:56:54]		1048572		0		1048572
[16:56:57]		1048572		0		1048572
[16:57:00]		1048572		0		1048572
[16:57:03]		1048572		0		1048572
[16:57:06]		1048572		0		1048572
[16:57:09]		1048572		0		1048572
[16:57:12]		1048572		0		1048572
[16:57:15]		1048572		0		1048572
[16:57:18]		1048572		0		1048572
[16:57:21]		1048572		0		1048572
[16:57:24]		1048572		0		1048572
[16:57:27]		1048572		0		1048572
[16:57:30]		1048572		0		1048572
[16:57:33]		1048572		0		1048572
[16:57:36]		1048572		0		1048572
[16:57:39]		1048572		0		1048572
[16:57:42]		1048572		0		1048572
[16:57:45]		1048572		0		1048572
[16:57:48]		1048572		0		1048572
[16:57:51]		1048572		0		1048572
[16:57:54]		1048572		0		1048572
[16:57:57]		1048572		0		1048572
[16:58:00]		1048572		0		1048572
[16:58:03]		1048572		0		1048572
[16:58:06]		1048572		0		1048572
[16:58:09]		1048572		0		1048572
[16:58:12]		1048572		0		1048572
[16:58:15]		1048572		0		1048572
[16:58:18]		1048572		0		1048572
[16:58:21]		1048572		0		1048572
[16:58:24]		1048572		0		1048572
[16:58:27]		1048572		0		1048572
[16:58:30]		1048572		0		1048572
[16:58:33]		1048572		0		1048572
[16:58:36]		1048572		0		1048572
[16:58:39]		1048572		0		1048572
[16:58:42]		1048572		0		1048572
[16:58:45]		1048572		0		1048572
[16:58:48]		1048572		0		1048572
[16:58:51]		1048572		0		1048572
[16:58:54]		1048572		0		1048572
[16:58:57]		1048572		0		1048572
[16:59:00]		1048572		0		1048572
[16:59:03]		1048572		0		1048572
[16:59:06]		1048572		0		1048572
[16:59:09]		1048572		0		1048572
[16:59:12]		1048572		0		1048572
[16:59:15]		1048572		0		1048572
[16:59:18]		1048572		0		1048572
[16:59:21]		1048572		0		1048572
[16:59:24]		1048572		0		1048572
[16:59:27]		1048572		0		1048572
[16:59:30]		1048572		0		1048572
[16:59:33]		1048572		0		1048572
[16:59:36]		1048572		0		1048572
[16:59:39]		1048572		0		1048572
[16:59:42]		1048572		0		1048572
[16:59:45]		1048572		0		1048572
[16:59:48]		1048572		0		1048572
[16:59:51]		1048572		0		1048572
[16:59:54]		1048572		0		1048572
[16:59:57]		1048572		0		1048572
[17:00:00]		1048572		0		1048572
[17:00:03]		1048572		0		1048572
[17:00:06]		1048572		0		1048572
[17:00:09]		1048572		0		1048572
[17:00:12]		1048572		0		1048572
[17:00:15]		1048572		0		1048572
[17:00:18]		1048572		0		1048572
[17:00:21]		1048572		0		1048572
[17:00:24]		1048572		0		1048572
[17:00:27]		1048572		0		1048572
[17:00:30]		1048572		0		1048572
[17:00:33]		1048572		0		1048572
[17:00:36]		1048572		0		1048572
[17:00:39]		1048572		0		1048572
[17:00:42]		1048572		0		1048572
[17:00:45]		1048572		0		1048572
[17:00:48]		1048572		0		1048572
[17:00:51]		1048572		0		1048572
[17:00:54]		1048572		0		1048572
[17:00:57]		1048572		0		1048572
[17:01:00]		1048572		0		1048572
[17:01:03]		1048572		0		1048572
[17:01:06]		1048572		0		1048572
[17:01:09]		1048572		0		1048572
[17:01:12]		1048572		0		1048572
[17:01:15]		1048572		0		1048572
[17:01:18]		1048572		0		1048572
[17:01:21]		1048572		0		1048572
[17:01:24]		1048572		0		1048572
[17:01:27]		1048572		0		1048572
[17:01:30]		1048572		0		1048572
[17:01:33]		1048572		0		1048572
[17:01:36]		1048572		0		1048572
[17:01:39]		1048572		0		1048572
[17:01:42]		1048572		0		1048572
[17:01:45]		1048572		0		1048572
[17:01:48]		1048572		0		1048572
[17:01:51]		1048572		0		1048572
[17:01:54]		1048572		0		1048572
[17:01:57]		1048572		0		1048572
[17:02:00]		1048572		0		1048572
[17:02:03]		1048572		0		1048572
[17:02:06]		1048572		0		1048572
[17:02:09]		1048572		0		1048572
[17:02:12]		1048572		0		1048572
[17:02:15]		1048572		0		1048572
[17:02:18]		1048572		0		1048572
[17:02:21]		1048572		0		1048572
[17:02:24]		1048572		0		1048572
[17:02:27]		1048572		0		1048572
[17:02:30]		1048572		0		1048572
[17:02:33]		1048572		0		1048572
[17:02:36]		1048572		0		1048572
[17:02:39]		1048572		0		1048572
[17:02:42]		1048572		0		1048572
[17:02:45]		1048572		0		1048572
[17:02:48]		1048572		0		1048572
[17:02:51]		1048572		0		1048572
[17:02:54]		1048572		0		1048572
[17:02:57]		1048572		0		1048572
[17:03:00]		1048572		0		1048572
[17:03:03]		1048572		0		1048572
[17:03:06]		1048572		0		1048572
[17:03:09]		1048572		0		1048572
[17:03:12]		1048572		0		1048572
[17:03:15]		1048572		0		1048572
[17:03:18]		1048572		0		1048572
[17:03:21]		1048572		0		1048572
[17:03:24]		1048572		0		1048572
[17:03:27]		1048572		0		1048572
[17:03:30]		1048572		0		1048572
[17:03:33]		1048572		0		1048572
[17:03:36]		1048572		0		1048572
[17:03:39]		1048572		0		1048572
[17:03:42]		1048572		0		1048572
[17:03:45]		1048572		0		1048572
[17:03:48]		1048572		0		1048572
[17:03:51]		1048572		0		1048572
[17:03:54]		1048572		0		1048572
[17:03:57]		1048572		0		1048572
[17:04:00]		1048572		0		1048572
[17:04:03]		1048572		0		1048572
[17:04:06]		1048572		0		1048572
[17:04:09]		1048572		0		1048572
[17:04:12]		1048572		0		1048572
[17:04:15]		1048572		0		1048572
[17:04:18]		1048572		0		1048572
[17:04:21]		1048572		0		1048572
[17:04:24]		1048572		0		1048572
[17:04:27]		1048572		0		1048572
[17:04:30]		1048572		0		1048572
[17:04:33]		1048572		0		1048572
[17:04:36]		1048572		0		1048572
[17:04:39]		1048572		0		1048572
[17:04:42]		1048572		0		1048572
[17:04:45]		1048572		0		1048572
[17:04:48]		1048572		0		1048572
[17:04:51]		1048572		0		1048572
[17:04:54]		1048572		0		1048572
[17:04:57]		1048572		0		1048572
[17:05:00]		1048572		0		1048572
[17:05:03]		1048572		0		1048572
[17:05:06]		1048572		0		1048572
[17:05:09]		1048572		0		1048572
[17:05:12]		1048572		0		1048572
[17:05:15]		1048572		0		1048572
[17:05:18]		1048572		0		1048572
[17:05:21]		1048572		0		1048572
[17:05:24]		1048572		0		1048572
[17:05:27]		1048572		0		1048572
[17:05:30]		1048572		0		1048572
[17:05:33]		1048572		0		1048572
[17:05:36]		1048572		0		1048572
[17:05:39]		1048572		0		1048572
[17:05:42]		1048572		0		1048572
[17:05:45]		1048572		0		1048572
[17:05:48]		1048572		0		1048572
[17:05:51]		1048572		0		1048572
[17:05:54]		1048572		0		1048572
[17:05:57]		1048572		0		1048572
[17:06:00]		1048572		0		1048572
[17:06:03]		1048572		0		1048572
[17:06:06]		1048572		0		1048572
[17:06:09]		1048572		0		1048572
[17:06:12]		1048572		0		1048572
[17:06:15]		1048572		0		1048572
[17:06:18]		1048572		0		1048572
[17:06:21]		1048572		0		1048572
[17:06:24]		1048572		0		1048572
[17:06:27]		1048572		0		1048572
[17:06:30]		1048572		0		1048572
[17:06:33]		1048572		0		1048572
[17:06:36]		1048572		0		1048572
[17:06:39]		1048572		0		1048572
[17:06:42]		1048572		0		1048572
[17:06:45]		1048572		0		1048572
[17:06:48]		1048572		0		1048572
[17:06:51]		1048572		0		1048572
[17:06:54]		1048572		0		1048572
[17:06:57]		1048572		0		1048572
[17:07:00]		1048572		0		1048572
[17:07:03]		1048572		0		1048572
[17:07:06]		1048572		0		1048572
[17:07:09]		1048572		0		1048572
[17:07:12]		1048572		0		1048572
[17:07:15]		1048572		0		1048572
[17:07:18]		1048572		0		1048572
[17:07:21]		1048572		0		1048572
[17:07:24]		1048572		0		1048572
[17:07:27]		1048572		0		1048572
[17:07:30]		1048572		0		1048572
[17:07:33]		1048572		0		1048572
[17:07:36]		1048572		0		1048572
[17:07:39]		1048572		0		1048572
[17:07:42]		1048572		0		1048572
[17:07:45]		1048572		0		1048572
[17:07:48]		1048572		0		1048572
[17:07:51]		1048572		0		1048572
[17:07:54]		1048572		0		1048572
[17:07:57]		1048572		0		1048572
[17:08:00]		1048572		0		1048572
[17:08:03]		1048572		0		1048572
[17:08:06]		1048572		0		1048572
[17:08:09]		1048572		0		1048572
[17:08:12]		1048572		0		1048572
[17:08:15]		1048572		0		1048572
[17:08:18]		1048572		0		1048572
[17:08:21]		1048572		0		1048572
[17:08:24]		1048572		0		1048572
[17:08:27]		1048572		0		1048572
[17:08:30]		1048572		0		1048572
[17:08:33]		1048572		0		1048572
[17:08:36]		1048572		0		1048572
[17:08:39]		1048572		0		1048572
[17:08:42]		1048572		0		1048572
[17:08:45]		1048572		0		1048572
[17:08:48]		1048572		0		1048572
[17:08:51]		1048572		0		1048572
[17:08:54]		1048572		0		1048572
[17:08:57]		1048572		0		1048572
[17:09:00]		1048572		0		1048572
[17:09:03]		1048572		0		1048572
[17:09:06]		1048572		0		1048572
[17:09:09]		1048572		0		1048572
[17:09:12]		1048572		0		1048572
[17:09:15]		1048572		0		1048572
[17:09:18]		1048572		0		1048572
[17:09:21]		1048572		0		1048572
[17:09:24]		1048572		0		1048572
[17:09:27]		1048572		0		1048572
[17:09:30]		1048572		0		1048572
[17:09:33]		1048572		0		1048572
[17:09:36]		1048572		0		1048572
[17:09:39]		1048572		0		1048572
[17:09:42]		1048572		0		1048572
[17:09:45]		1048572		0		1048572
[17:09:48]		1048572		0		1048572
[17:09:51]		1048572		0		1048572
[17:09:54]		1048572		0		1048572
[17:09:57]		1048572		0		1048572
[17:10:00]		1048572		0		1048572
[17:10:03]		1048572		0		1048572
[17:10:06]		1048572		0		1048572
[17:10:09]		1048572		0		1048572
[17:10:12]		1048572		0		1048572
[17:10:15]		1048572		0		1048572
[17:10:18]		1048572		0		1048572
[17:10:21]		1048572		0		1048572
[17:10:24]		1048572		0		1048572
[17:10:27]		1048572		0		1048572
[17:10:30]		1048572		0		1048572
[17:10:33]		1048572		0		1048572
[17:10:36]		1048572		0		1048572
[17:10:39]		1048572		0		1048572
[17:10:42]		1048572		0		1048572
[17:10:45]		1048572		0		1048572
[17:10:48]		1048572		0		1048572
[17:10:51]		1048572		0		1048572
[17:10:54]		1048572		0		1048572
[17:10:57]		1048572		0		1048572
[17:11:00]		1048572		0		1048572
[17:11:03]		1048572		0		1048572
[17:11:06]		1048572		0		1048572
[17:11:09]		1048572		0		1048572
[17:11:12]		1048572		0		1048572
[17:11:15]		1048572		0		1048572
[17:11:18]		1048572		0		1048572
[17:11:21]		1048572		0		1048572
[17:11:24]		1048572		0		1048572
[17:11:27]		1048572		0		1048572
[17:11:30]		1048572		0		1048572
[17:11:33]		1048572		0		1048572
[17:11:36]		1048572		0		1048572
[17:11:39]		1048572		0		1048572
[17:11:42]		1048572		0		1048572
[17:11:45]		1048572		0		1048572
[17:11:48]		1048572		0		1048572
[17:11:51]		1048572		0		1048572
[17:11:54]		1048572		0		1048572
[17:11:57]		1048572		0		1048572
[17:12:00]		1048572		0		1048572
[17:12:03]		1048572		0		1048572
[17:12:06]		1048572		0		1048572
[17:12:09]		1048572		0		1048572
[17:12:12]		1048572		0		1048572
[17:12:15]		1048572		0		1048572
[17:12:18]		1048572		0		1048572
[17:12:21]		1048572		0		1048572
[17:12:24]		1048572		0		1048572
[17:12:27]		1048572		0		1048572
[17:12:30]		1048572		0		1048572
[17:12:33]		1048572		0		1048572
[17:12:36]		1048572		0		1048572
[17:12:39]		1048572		0		1048572
[17:12:42]		1048572		0		1048572
[17:12:45]		1048572		0		1048572
[17:12:48]		1048572		0		1048572
[17:12:51]		1048572		0		1048572
[17:12:54]		1048572		0		1048572
[17:12:57]		1048572		0		1048572
[17:13:00]		1048572		0		1048572
[17:13:03]		1048572		0		1048572
[17:13:06]		1048572		0		1048572
[17:13:09]		1048572		0		1048572
[17:13:12]		1048572		0		1048572
[17:13:15]		1048572		0		1048572
[17:13:18]		1048572		0		1048572
[17:13:21]		1048572		0		1048572
[17:13:24]		1048572		0		1048572
[17:13:27]		1048572		0		1048572
[17:13:30]		1048572		0		1048572
[17:13:33]		1048572		0		1048572
[17:13:36]		1048572		0		1048572
[17:13:39]		1048572		0		1048572
[17:13:42]		1048572		0		1048572
[17:13:45]		1048572		0		1048572
[17:13:48]		1048572		0		1048572
[17:13:51]		1048572		0		1048572
[17:13:54]		1048572		0		1048572
[17:13:57]		1048572		0		1048572
[17:14:00]		1048572		0		1048572
[17:14:03]		1048572		0		1048572
[17:14:06]		1048572		0		1048572
[17:14:09]		1048572		0		1048572
[17:14:12]		1048572		0		1048572
[17:14:15]		1048572		0		1048572
[17:14:18]		1048572		0		1048572
[17:14:21]		1048572		0		1048572
[17:14:24]		1048572		0		1048572
[17:14:27]		1048572		0		1048572
[17:14:30]		1048572		0		1048572
[17:14:33]		1048572		0		1048572
[17:14:36]		1048572		0		1048572
[17:14:39]		1048572		0		1048572
[17:14:42]		1048572		0		1048572
[17:14:45]		1048572		0		1048572
[17:14:48]		1048572		0		1048572
[17:14:51]		1048572		0		1048572
[17:14:54]		1048572		0		1048572
[17:14:57]		1048572		0		1048572
[17:15:00]		1048572		0		1048572
[17:15:03]		1048572		0		1048572
[17:15:06]		1048572		0		1048572
[17:15:09]		1048572		0		1048572
[17:15:12]		1048572		0		1048572
[17:15:15]		1048572		0		1048572
[17:15:18]		1048572		0		1048572
[17:15:21]		1048572		0		1048572
[17:15:24]		1048572		0		1048572
[17:15:27]		1048572		0		1048572
[17:15:30]		1048572		0		1048572
[17:15:33]		1048572		0		1048572
[17:15:36]		1048572		0		1048572
[17:15:39]		1048572		0		1048572
[17:15:42]		1048572		0		1048572
[17:15:45]		1048572		0		1048572
[17:15:48]		1048572		0		1048572
[17:15:51]		1048572		0		1048572
[17:15:54]		1048572		0		1048572
[17:15:57]		1048572		0		1048572
[17:16:00]		1048572		0		1048572
[17:16:03]		1048572		0		1048572
[17:16:06]		1048572		0		1048572
[17:16:09]		1048572		0		1048572
[17:16:12]		1048572		0		1048572
[17:16:15]		1048572		0		1048572
[17:16:18]		1048572		0		1048572
[17:16:21]		1048572		0		1048572
[17:16:24]		1048572		0		1048572
[17:16:27]		1048572		0		1048572
[17:16:30]		1048572		0		1048572
[17:16:33]		1048572		0		1048572
[17:16:36]		1048572		0		1048572
[17:16:39]		1048572		0		1048572
[17:16:42]		1048572		0		1048572
[17:16:45]		1048572		0		1048572
[17:16:48]		1048572		0		1048572
[17:16:51]		1048572		0		1048572
[17:16:54]		1048572		0		1048572
[17:16:57]		1048572		0		1048572
[17:17:00]		1048572		0		1048572
[17:17:03]		1048572		0		1048572
[17:17:06]		1048572		0		1048572
[17:17:09]		1048572		0		1048572
[17:17:12]		1048572		0		1048572
[17:17:15]		1048572		0		1048572
[17:17:18]		1048572		0		1048572
[17:17:21]		1048572		0		1048572
[17:17:24]		1048572		0		1048572
[17:17:27]		1048572		0		1048572
[17:17:30]		1048572		0		1048572
[17:17:33]		1048572		0		1048572
[17:17:36]		1048572		0		1048572
[17:17:39]		1048572		0		1048572
[17:17:42]		1048572		0		1048572
[17:17:45]		1048572		0		1048572
[17:17:48]		1048572		0		1048572
[17:17:51]		1048572		0		1048572
[17:17:54]		1048572		0		1048572
[17:17:57]		1048572		0		1048572
[17:18:00]		1048572		0		1048572
[17:18:03]		1048572		0		1048572
[17:18:06]		1048572		0		1048572
[17:18:09]		1048572		0		1048572
[17:18:12]		1048572		0		1048572
[17:18:15]		1048572		0		1048572
[17:18:18]		1048572		0		1048572
[17:18:21]		1048572		0		1048572
[17:18:24]		1048572		0		1048572
[17:18:27]		1048572		0		1048572
[17:18:30]		1048572		0		1048572
[17:18:33]		1048572		0		1048572
[17:18:36]		1048572		0		1048572
[17:18:39]		1048572		0		1048572
[17:18:42]		1048572		0		1048572
[17:18:45]		1048572		0		1048572
[17:18:48]		1048572		0		1048572
[17:18:51]		1048572		0		1048572
[17:18:54]		1048572		0		1048572
[17:18:57]		1048572		0		1048572
[17:19:00]		1048572		0		1048572
[17:19:03]		1048572		0		1048572
[17:19:06]		1048572		0		1048572
[17:19:09]		1048572		0		1048572
[17:19:12]		1048572		0		1048572
[17:19:15]		1048572		0		1048572
[17:19:18]		1048572		0		1048572
[17:19:21]		1048572		0		1048572
[17:19:24]		1048572		0		1048572
[17:19:27]		1048572		0		1048572
[17:19:30]		1048572		0		1048572
[17:19:33]		1048572		0		1048572
[17:19:36]		1048572		0		1048572
[17:19:39]		1048572		0		1048572
[17:19:42]		1048572		0		1048572
[17:19:45]		1048572		0		1048572
[17:19:48]		1048572		0		1048572
[17:19:51]		1048572		0		1048572
[17:19:54]		1048572		0		1048572
[17:19:57]		1048572		0		1048572
[17:20:00]		1048572		0		1048572
[17:20:03]		1048572		0		1048572
[17:20:06]		1048572		0		1048572
[17:20:09]		1048572		0		1048572
[17:20:12]		1048572		0		1048572
[17:20:15]		1048572		0		1048572
[17:20:18]		1048572		0		1048572
[17:20:21]		1048572		0		1048572
[17:20:24]		1048572		0		1048572
[17:20:27]		1048572		0		1048572
[17:20:30]		1048572		0		1048572
[17:20:33]		1048572		0		1048572
[17:20:36]		1048572		0		1048572
[17:20:39]		1048572		0		1048572
[17:20:42]		1048572		0		1048572
[17:20:45]		1048572		0		1048572
[17:20:48]		1048572		0		1048572
[17:20:51]		1048572		0		1048572
[17:20:54]		1048572		0		1048572
[17:20:57]		1048572		0		1048572
[17:21:00]		1048572		0		1048572
[17:21:03]		1048572		0		1048572
[17:21:06]		1048572		0		1048572
[17:21:09]		1048572		0		1048572
[17:21:12]		1048572		0		1048572
[17:21:15]		1048572		0		1048572
[17:21:18]		1048572		0		1048572
[17:21:21]		1048572		0		1048572
[17:21:24]		1048572		0		1048572
[17:21:27]		1048572		0		1048572
[17:21:30]		1048572		0		1048572
[17:21:33]		1048572		0		1048572
[17:21:36]		1048572		0		1048572
[17:21:39]		1048572		0		1048572
[17:21:42]		1048572		0		1048572
[17:21:45]		1048572		0		1048572
[17:21:48]		1048572		0		1048572
[17:21:51]		1048572		0		1048572
[17:21:54]		1048572		0		1048572
[17:21:57]		1048572		0		1048572
[17:22:00]		1048572		0		1048572
[17:22:03]		1048572		0		1048572
[17:22:06]		1048572		0		1048572
[17:22:10]		1048572		0		1048572
[17:22:13]		1048572		0		1048572
[17:22:16]		1048572		0		1048572
[17:22:19]		1048572		0		1048572
[17:22:22]		1048572		0		1048572
[17:22:25]		1048572		0		1048572
[17:22:28]		1048572		0		1048572
[17:22:31]		1048572		0		1048572
[17:22:34]		1048572		0		1048572
[17:22:37]		1048572		0		1048572
[17:22:40]		1048572		0		1048572
[17:22:43]		1048572		0		1048572
[17:22:46]		1048572		0		1048572
[17:22:49]		1048572		0		1048572
[17:22:52]		1048572		0		1048572
[17:22:55]		1048572		0		1048572
[17:22:58]		1048572		0		1048572
[17:23:01]		1048572		0		1048572
[17:23:04]		1048572		0		1048572
[17:23:07]		1048572		0		1048572
[17:23:10]		1048572		0		1048572
[17:23:13]		1048572		0		1048572
[17:23:16]		1048572		0		1048572
[17:23:19]		1048572		0		1048572
[17:23:22]		1048572		0		1048572
[17:23:25]		1048572		0		1048572
[17:23:28]		1048572		0		1048572
[17:23:31]		1048572		0		1048572
[17:23:34]		1048572		0		1048572
[17:23:37]		1048572		0		1048572
[17:23:40]		1048572		0		1048572
[17:23:43]		1048572		0		1048572
[17:23:46]		1048572		0		1048572
[17:23:49]		1048572		0		1048572
[17:23:52]		1048572		0		1048572
[17:23:55]		1048572		0		1048572
[17:23:58]		1048572		0		1048572
[17:24:01]		1048572		0		1048572
[17:24:04]		1048572		0		1048572
[17:24:07]		1048572		0		1048572
[17:24:10]		1048572		0		1048572
[17:24:13]		1048572		0		1048572
[17:24:16]		1048572		0		1048572
[17:24:19]		1048572		0		1048572
[17:24:22]		1048572		0		1048572
[17:24:25]		1048572		0		1048572
[17:24:28]		1048572		0		1048572
[17:24:31]		1048572		0		1048572
[17:24:34]		1048572		0		1048572
[17:24:37]		1048572		0		1048572
[17:24:40]		1048572		0		1048572
[17:24:43]		1048572		0		1048572
[17:24:46]		1048572		0		1048572
[17:24:49]		1048572		0		1048572
[17:24:52]		1048572		0		1048572
[17:24:55]		1048572		0		1048572
[17:24:58]		1048572		0		1048572
[17:25:01]		1048572		0		1048572
[17:25:04]		1048572		0		1048572
[17:25:07]		1048572		0		1048572
[17:25:10]		1048572		0		1048572
[17:25:13]		1048572		0		1048572
[17:25:16]		1048572		0		1048572
[17:25:19]		1048572		0		1048572
[17:25:22]		1048572		0		1048572
[17:25:25]		1048572		0		1048572
[17:25:28]		1048572		0		1048572
[17:25:31]		1048572		0		1048572
[17:25:34]		1048572		0		1048572
[17:25:37]		1048572		0		1048572
[17:25:40]		1048572		0		1048572
[17:25:43]		1048572		0		1048572
[17:25:46]		1048572		0		1048572
[17:25:49]		1048572		0		1048572
[17:25:52]		1048572		0		1048572
[17:25:55]		1048572		0		1048572
[17:25:58]		1048572		0		1048572
[17:26:01]		1048572		0		1048572
[17:26:04]		1048572		0		1048572
[17:26:07]		1048572		0		1048572
[17:26:10]		1048572		0		1048572
[17:26:13]		1048572		0		1048572
[17:26:16]		1048572		0		1048572
[17:26:19]		1048572		0		1048572
[17:26:22]		1048572		0		1048572
[17:26:25]		1048572		0		1048572
[17:26:28]		1048572		0		1048572
[17:26:31]		1048572		0		1048572
[17:26:34]		1048572		0		1048572
[17:26:37]		1048572		0		1048572
[17:26:40]		1048572		0		1048572
[17:26:43]		1048572		0		1048572
[17:26:46]		1048572		0		1048572
[17:26:49]		1048572		0		1048572
[17:26:52]		1048572		0		1048572
[17:26:55]		1048572		0		1048572
[17:26:58]		1048572		0		1048572
[17:27:01]		1048572		0		1048572
[17:27:04]		1048572		0		1048572
[17:27:07]		1048572		0		1048572
[17:27:10]		1048572		0		1048572
[17:27:13]		1048572		0		1048572
[17:27:16]		1048572		0		1048572
[17:27:19]		1048572		0		1048572
[17:27:22]		1048572		0		1048572
[17:27:25]		1048572		0		1048572
[17:27:28]		1048572		0		1048572
[17:27:31]		1048572		0		1048572
[17:27:34]		1048572		0		1048572
[17:27:37]		1048572		0		1048572
[17:27:40]		1048572		0		1048572
[17:27:43]		1048572		0		1048572
[17:27:46]		1048572		0		1048572
[17:27:49]		1048572		0		1048572
[17:27:52]		1048572		0		1048572
[17:27:55]		1048572		0		1048572
[17:27:58]		1048572		0		1048572
[17:28:01]		1048572		0		1048572
[17:28:04]		1048572		0		1048572
[17:28:07]		1048572		0		1048572
[17:28:10]		1048572		0		1048572
[17:28:13]		1048572		0		1048572
[17:28:16]		1048572		0		1048572
[17:28:19]		1048572		0		1048572
[17:28:22]		1048572		0		1048572
[17:28:25]		1048572		0		1048572
[17:28:28]		1048572		0		1048572
[17:28:31]		1048572		0		1048572
[17:28:34]		1048572		0		1048572
[17:28:37]		1048572		0		1048572
[17:28:40]		1048572		0		1048572
[17:28:43]		1048572		0		1048572
[17:28:46]		1048572		0		1048572
[17:28:49]		1048572		0		1048572
[17:28:52]		1048572		0		1048572
[17:28:55]		1048572		0		1048572
[17:28:58]		1048572		0		1048572
[17:29:01]		1048572		0		1048572
[17:29:04]		1048572		0		1048572
[17:29:07]		1048572		0		1048572
[17:29:10]		1048572		0		1048572
[17:29:13]		1048572		0		1048572
[17:29:16]		1048572		0		1048572
[17:29:19]		1048572		0		1048572
[17:29:22]		1048572		0		1048572
[17:29:25]		1048572		0		1048572
[17:29:28]		1048572		0		1048572
[17:29:31]		1048572		0		1048572
[17:29:34]		1048572		0		1048572
[17:29:37]		1048572		0		1048572
[17:29:40]		1048572		0		1048572
[17:29:43]		1048572		0		1048572
[17:29:46]		1048572		0		1048572
[17:29:49]		1048572		0		1048572
[17:29:52]		1048572		0		1048572
[17:29:55]		1048572		0		1048572
[17:29:58]		1048572		0		1048572
[17:30:01]		1048572		0		1048572
[17:30:04]		1048572		0		1048572
[17:30:07]		1048572		0		1048572
[17:30:10]		1048572		0		1048572
[17:30:13]		1048572		0		1048572
[17:30:16]		1048572		0		1048572
[17:30:19]		1048572		0		1048572
[17:30:22]		1048572		0		1048572
[17:30:25]		1048572		0		1048572
[17:30:28]		1048572		0		1048572
[17:30:31]		1048572		0		1048572
[17:30:34]		1048572		0		1048572
[17:30:37]		1048572		0		1048572
[17:30:40]		1048572		0		1048572
[17:30:43]		1048572		0		1048572
[17:30:46]		1048572		0		1048572
[17:30:49]		1048572		0		1048572
[17:30:52]		1048572		0		1048572
[17:30:55]		1048572		0		1048572
[17:30:58]		1048572		0		1048572
[17:31:01]		1048572		0		1048572
[17:31:04]		1048572		0		1048572
[17:31:07]		1048572		0		1048572
[17:31:10]		1048572		0		1048572
[17:31:13]		1048572		0		1048572
[17:31:16]		1048572		0		1048572
[17:31:19]		1048572		0		1048572
[17:31:22]		1048572		0		1048572
[17:31:25]		1048572		0		1048572
[17:31:28]		1048572		0		1048572
[17:31:31]		1048572		0		1048572
[17:31:34]		1048572		0		1048572
[17:31:37]		1048572		0		1048572
[17:31:40]		1048572		0		1048572
[17:31:43]		1048572		0		1048572
[17:31:46]		1048572		0		1048572
[17:31:49]		1048572		0		1048572
[17:31:52]		1048572		0		1048572
[17:31:55]		1048572		0		1048572
[17:31:58]		1048572		0		1048572
[17:32:01]		1048572		0		1048572
[17:32:04]		1048572		0		1048572
[17:32:07]		1048572		0		1048572
[17:32:10]		1048572		0		1048572
[17:32:13]		1048572		0		1048572
[17:32:16]		1048572		0		1048572
[17:32:19]		1048572		0		1048572
[17:32:22]		1048572		0		1048572
[17:32:25]		1048572		0		1048572
[17:32:28]		1048572		0		1048572
[17:32:31]		1048572		0		1048572
[17:32:34]		1048572		0		1048572
[17:32:37]		1048572		0		1048572
[17:32:40]		1048572		0		1048572
[17:32:43]		1048572		0		1048572
[17:32:46]		1048572		0		1048572
[17:32:49]		1048572		0		1048572
[17:32:52]		1048572		0		1048572
[17:32:55]		1048572		0		1048572
[17:32:58]		1048572		0		1048572
[17:33:01]		1048572		0		1048572
[17:33:04]		1048572		0		1048572
[17:33:07]		1048572		0		1048572
[17:33:10]		1048572		0		1048572
[17:33:13]		1048572		0		1048572
[17:33:16]		1048572		0		1048572
[17:33:19]		1048572		0		1048572
[17:33:22]		1048572		0		1048572
[17:33:25]		1048572		0		1048572
[17:33:28]		1048572		0		1048572
[17:33:31]		1048572		0		1048572
[17:33:34]		1048572		0		1048572
[17:33:37]		1048572		0		1048572
[17:33:40]		1048572		0		1048572
[17:33:43]		1048572		0		1048572
[17:33:46]		1048572		0		1048572
[17:33:49]		1048572		0		1048572
[17:33:52]		1048572		0		1048572
[17:33:55]		1048572		0		1048572
[17:33:58]		1048572		0		1048572
[17:34:01]		1048572		0		1048572
[17:34:04]		1048572		0		1048572
[17:34:07]		1048572		0		1048572
[17:34:10]		1048572		0		1048572
[17:34:13]		1048572		0		1048572
[17:34:16]		1048572		0		1048572
[17:34:19]		1048572		0		1048572
[17:34:22]		1048572		0		1048572
[17:34:25]		1048572		0		1048572
[17:34:28]		1048572		0		1048572
[17:34:31]		1048572		0		1048572
[17:34:34]		1048572		0		1048572
[17:34:37]		1048572		0		1048572
[17:34:40]		1048572		0		1048572
[17:34:43]		1048572		0		1048572
[17:34:46]		1048572		0		1048572
[17:34:49]		1048572		0		1048572
[17:34:52]		1048572		0		1048572
[17:34:55]		1048572		0		1048572
[17:34:58]		1048572		0		1048572
[17:35:01]		1048572		0		1048572
[17:35:04]		1048572		0		1048572
[17:35:07]		1048572		0		1048572
[17:35:10]		1048572		0		1048572
[17:35:13]		1048572		0		1048572
[17:35:16]		1048572		0		1048572
[17:35:19]		1048572		0		1048572
[17:35:22]		1048572		0		1048572
[17:35:25]		1048572		0		1048572
[17:35:28]		1048572		0		1048572
[17:35:31]		1048572		0		1048572
[17:35:34]		1048572		0		1048572
[17:35:37]		1048572		0		1048572
[17:35:40]		1048572		0		1048572
[17:35:43]		1048572		0		1048572
[17:35:46]		1048572		0		1048572
[17:35:49]		1048572		0		1048572
[17:35:52]		1048572		0		1048572
[17:35:55]		1048572		0		1048572
[17:35:58]		1048572		0		1048572
[17:36:01]		1048572		0		1048572
[17:36:04]		1048572		0		1048572
[17:36:07]		1048572		0		1048572
[17:36:10]		1048572		0		1048572
[17:36:13]		1048572		0		1048572
[17:36:16]		1048572		0		1048572
[17:36:19]		1048572		0		1048572
[17:36:22]		1048572		0		1048572
[17:36:25]		1048572		0		1048572
[17:36:28]		1048572		0		1048572
[17:36:31]		1048572		0		1048572
[17:36:34]		1048572		0		1048572
[17:36:37]		1048572		0		1048572
[17:36:40]		1048572		0		1048572
[17:36:43]		1048572		0		1048572
[17:36:46]		1048572		0		1048572
[17:36:49]		1048572		0		1048572
[17:36:52]		1048572		0		1048572
[17:36:55]		1048572		0		1048572
[17:36:58]		1048572		0		1048572
[17:37:01]		1048572		0		1048572
[17:37:04]		1048572		0		1048572
[17:37:07]		1048572		0		1048572
[17:37:10]		1048572		0		1048572
[17:37:13]		1048572		0		1048572
[17:37:16]		1048572		0		1048572
[17:37:19]		1048572		0		1048572
[17:37:22]		1048572		0		1048572
[17:37:25]		1048572		0		1048572
[17:37:28]		1048572		0		1048572
[17:37:31]		1048572		0		1048572
[17:37:34]		1048572		0		1048572
[17:37:37]		1048572		0		1048572
[17:37:40]		1048572		0		1048572
[17:37:43]		1048572		0		1048572
[17:37:46]		1048572		0		1048572
[17:37:49]		1048572		0		1048572
[17:37:52]		1048572		0		1048572
[17:37:55]		1048572		0		1048572
[17:37:58]		1048572		0		1048572
[17:38:01]		1048572		0		1048572
[17:38:04]		1048572		0		1048572
[17:38:07]		1048572		0		1048572
[17:38:10]		1048572		0		1048572
[17:38:13]		1048572		0		1048572
[17:38:16]		1048572		0		1048572
[17:38:19]		1048572		0		1048572
[17:38:22]		1048572		0		1048572
[17:38:25]		1048572		0		1048572
[17:38:28]		1048572		0		1048572
[17:38:31]		1048572		0		1048572
[17:38:34]		1048572		0		1048572
[17:38:37]		1048572		0		1048572
[17:38:40]		1048572		0		1048572
[17:38:43]		1048572		0		1048572
[17:38:46]		1048572		0		1048572
[17:38:49]		1048572		0		1048572
[17:38:52]		1048572		0		1048572
[17:38:55]		1048572		0		1048572
[17:38:58]		1048572		0		1048572
[17:39:01]		1048572		0		1048572
[17:39:04]		1048572		0		1048572
[17:39:07]		1048572		0		1048572
[17:39:10]		1048572		0		1048572
[17:39:13]		1048572		0		1048572
[17:39:16]		1048572		0		1048572
[17:39:19]		1048572		0		1048572
[17:39:22]		1048572		0		1048572
[17:39:25]		1048572		0		1048572
[17:39:28]		1048572		0		1048572
[17:39:31]		1048572		0		1048572
[17:39:34]		1048572		0		1048572
[17:39:37]		1048572		0		1048572
[17:39:40]		1048572		0		1048572
[17:39:43]		1048572		0		1048572
[17:39:46]		1048572		0		1048572
[17:39:49]		1048572		0		1048572
[17:39:52]		1048572		0		1048572
[17:39:55]		1048572		0		1048572
