recorded by mmserver domain:[id:10 time:Mon Apr  1 19:52:03 2013
]
time		tg_mem		use_mem		free_mem		
19:52:05		524288		205724		318564		
19:52:07		524288		205724		318564		
19:52:09		524288		205724		318564		
19:52:11		524288		205724		318564		
19:52:13		524288		205724		318564		
19:52:15		524288		205724		318564		
19:52:17		524288		205724		318564		
19:52:19		524288		205724		318564		
19:52:21		524288		205724		318564		
19:52:23		524288		205724		318564		
19:52:25		524288		205724		318564		
19:52:27		524288		205724		318564		
19:52:29		524288		205724		318564		
19:52:32		524288		205724		318564		
19:52:34		524288		205724		318564		
19:52:36		524288		205724		318564		
19:52:38		524288		205724		318564		
19:52:40		524288		205724		318564		
19:52:42		524288		205724		318564		
19:52:44		524288		205724		318564		
19:52:46		508915		190351		318564		
19:52:48		493024		174460		318564		
19:52:50		471570		153006		318564		
19:52:52		454195		135631		318564		
19:52:54		442919		124355		318564		
19:52:56		395467		270847		124620		
19:52:58		483769		309433		174336		
19:53:00		490899		323167		167732		
19:53:02		509361		309357		200004		
19:53:04		484329		311373		172956		
19:53:06		476409		320829		155580		
19:53:08		472520		315932		156588		
19:53:10		458524		315948		142576		
19:53:12		453703		320327		133376		
19:53:14		452306		330586		121720		
19:53:16		453608		335980		117628		
19:53:18		457249		335901		121348		
19:53:20		453779		326975		126804		
19:53:22		443980		326972		117008		
19:53:24		440565		327029		113536		
19:53:26		435960		327012		108948		
19:53:28		431837		326981		104856		
19:53:30		427492		326976		100516		
19:53:32		429269		328133		101136		
19:53:34		427190		327046		100144		
19:53:36		425467		328671		96796		
19:53:38		424501		332913		91588		
19:53:40		428670		333238		95432		
19:53:42		429328		333276		96052		
19:53:44		426684		334724		91960		
19:53:47		430128		338168		91960		
19:53:49		429514		319078		110436		
19:53:51		415896		319076		96820		
19:53:53		415896		335592		80304		
19:53:55		427412		335948		91464		
19:53:57		426624		326976		99648		
19:53:59		449931		330319		119612		
19:54:01		488189		329145		159044		
19:54:03		445465		306385		139080		
19:54:05		423201		326901		96300		
19:54:07		446248		330728		115520		
19:54:09		445424		327424		118000		
19:54:11		436864		326924		109940		
19:54:13		438444		328504		109940		
19:54:15		435279		332779		102500		
19:54:17		439773		333305		106468		
19:54:19		436778		332790		103988		
19:54:21		431637		334717		96920		
19:54:23		429677		334741		94936		
19:54:25		431700		321116		110584		
19:54:27		415217		335781		79436		
19:54:29		431982		352546		79436		
19:54:31		446031		327039		118992		
19:54:33		422559		327127		95432		
19:54:35		419183		327099		92084		
19:54:37		420436		327484		92952		
19:54:39		417683		326963		90720		
19:54:41		417103		327003		90100		
19:54:43		415560		326948		88612		
19:54:45		421315		332703		88612		
19:54:47		422375		333391		88984		
19:54:49		428295		334971		93324		
19:54:51		430287		333367		96920		
19:54:53		426692		334856		91836		
19:54:55		428560		335360		93200		
19:54:57		428588		335388		93200		
19:55:00		429038		319198		109840		
19:55:02		416319		335643		80676		
19:55:04		428476		336144		92332		
19:55:06		429779		327031		102748		
19:55:08		424855		327067		97788		
19:55:10		423546		327122		96424		
19:55:12		457419		359383		98036		
19:55:14		469043		327979		141064		
19:55:16		490062		327546		162516		
19:55:18		492005		327505		164500		
19:55:20		481775		327071		154704		
19:55:22		489154		333458		155696		
19:55:24		484816		332840		151976		
19:55:26		491086		339110		151976		
19:55:28		493585		335781		157804		
19:55:30		491347		334111		157236		
19:55:32		483047		335443		147604		
19:55:34		480518		319126		161392		
19:55:36		464833		319065		145768		
19:55:38		461070		319146		141924		
19:55:40		454461		335749		118712		
19:55:42		466927		336435		130492		
19:55:44		464141		327325		136816		
19:55:46		449585		327277		122308		
19:55:48		449573		327265		122308		
19:55:50		450664		328356		122308		
19:55:52		451169		327745		123424		
19:55:54		446198		327114		119084		
19:55:56		443861		327133		116728		
19:55:58		443067		327207		115860		
19:56:00		443753		333597		110156		
19:56:02		444906		333510		111396		
19:56:04		444571		335159		109412		
19:56:06		445986		335582		110404		
19:56:08		445459		335055		110404		
19:56:10		477744		351692		126052		
19:56:13		454867		336155		118712		
19:56:15		476189		357105		119084		
19:56:17		487541		327289		160252		
19:56:19		460056		327332		132724		
19:56:21		447910		327338		120572		
19:56:23		445477		327261		118216		
19:56:25		439362		327346		112016		
19:56:27		434162		327354		106808		
19:56:29		434480		327672		106808		
19:56:31		431076		327368		103708		
19:56:33		430472		333212		97260		
19:56:35		439154		333586		105568		
19:56:37		434276		333048		101228		
19:56:39		433929		335057		98872		
19:56:41		469708		370836		98872		
19:56:43		467979		335627		132352		
19:56:45		465764		319376		146388		
19:56:47		457121		335805		121316		
19:56:49		463705		336313		127392		
19:56:51		466091		327787		138304		
19:56:53		455806		327174		128632		
19:56:55		455806		327174		128632		
19:56:57		453814		327166		126648		
19:56:59		448670		327230		121440		
19:57:01		452746		331306		121440		
19:57:03		449967		327411		122556		
19:57:05		447766		333270		114496		
19:57:07		454739		340243		114496		
19:57:09		457166		333618		123548		
19:57:11		447511		335123		112388		
19:57:13		450499		338111		112388		
19:57:15		447390		335250		112140		
19:57:17		451803		319427		132376		
19:57:19		426728		336040		90688		
19:57:21		445545		336381		109164		
19:57:24		444947		327351		117596		
19:57:26		437284		327376		109908		
19:57:28		434152		327344		106808		
19:57:30		443672		335748		107924		
19:57:32		486733		378809		107924		
19:57:34		464751		356827		107924		
19:57:36		447247		327915		119332		
19:57:38		472594		340738		131856		
19:57:40		483158		333694		149464		
19:57:42		483158		333694		149464		
19:57:44		476190		333174		143016		
19:57:46		468514		335170		133344		
19:57:48		472464		339120		133344		
19:57:50		469122		319510		149612		
19:57:52		451254		319250		132004		
19:57:54		451844		319840		132004		
19:57:56		483952		366356		117596		
19:57:58		491753		336461		155292		
19:58:00		488825		327457		161368		
19:58:02		483866		327458		156408		
19:58:04		480542		327482		153060		
19:58:06		509201		356141		153060		
19:58:08		491679		327831		163848		
19:58:10		504642		340422		164220		
19:58:12		500123		327843		172280		
19:58:14		491318		327346		163972		
19:58:16		484919		333223		151696		
19:58:18		476403		333139		143264		
19:58:20		464280		333168		131112		
19:58:22		458397		335221		123176		
19:58:24		459174		335750		123424		
19:58:26		453211		335243		117968		
19:58:28		449727		319583		130144		
19:58:30		430355		336071		94284		
19:58:33		448550		352406		96144		
19:58:35		465223		344651		120572		
19:58:37		453551		327895		125656		
19:58:39		443282		327422		115860		
19:58:41		442388		327396		114992		
19:58:43		442079		327459		114620		
19:58:45		439749		327361		112388		
19:58:47		440890		328006		112884		
19:58:49		440018		327382		112636		
19:58:51		439664		333228		106436		
19:58:53		447104		340668		106436		
19:58:55		450390		333786		116604		
19:58:57		443769		335225		108544		
19:58:59		451370		342454		108916		
19:59:01		450226		335854		114372		
19:59:03		453343		322579		130764		
19:59:05		437800		336200		101600		
19:59:07		451232		340456		110776		
19:59:09		456514		328006		128508		
19:59:11		467185		338677		128508		
19:59:13		465586		328026		137560		
19:59:15		466877		327953		138924		
19:59:17		469824		328048		141776		
19:59:19		456170		327538		128632		
19:59:21		466292		327988		138304		
19:59:23		460257		333361		126896		
19:59:25		471820		344924		126896		
19:59:27		480578		333842		146736		
19:59:29		468183		335335		132848		
19:59:31		461625		335349		126276		
19:59:33		465305		335929		129376		
19:59:35		466159		319647		146512		
19:59:37		455376		336168		119208		
19:59:39		472789		352465		120324		
19:59:42		484943		327543		157400		
19:59:44		457515		327519		129996		
19:59:46		453845		327569		126276		
19:59:48		451738		327570		124168		
19:59:50		454174		328022		126152		
19:59:52		458165		332013		126152		
19:59:54		453231		327699		125532		
19:59:56		450163		327731		122432		
19:59:58		446839		333583		113256		
20:00:00		454587		341331		113256		
20:00:02		454732		333912		120820		
20:00:04		452069		335341		116728		
20:00:06		484579		359047		125532		
20:00:08		577215		421799		155416		
20:00:10		484602		319490		165112		
20:00:12		494123		324299		169824		
20:00:14		490797		319361		171436		
20:00:16		480729		336225		144504		
20:00:18		490526		336598		153928		
20:00:20		481970		327670		154300		
20:00:22		472893		327645		145248		
20:00:24		474064		328072		145992		
20:00:26		472344		327592		144752		
20:00:28		473796		328424		145372		
20:00:30		460967		327747		133220		
20:00:32		467204		333736		133468		
20:00:34		460331		327731		132600		
20:00:36		463080		336060		127020		
20:00:38		494350		363238		131112		
20:00:40		459888		333488		126400		
20:00:42		459888		335472		124416		
20:00:44		484964		335996		148968		
20:00:46		484382		319766		164616		
20:00:48		467768		336284		131484		
20:00:50		482403		344967		137436		
20:00:52		488892		328144		160748		
20:00:55		475136		327780		147356		
20:00:57		472492		327740		144752		
20:00:59		468817		327785		141032		
20:01:01		470571		328423		142148		
20:01:03		468896		327616		141280		
20:01:05		464551		327611		136940		
20:01:07		463989		327669		136320		
20:01:09		459492		333464		126028		
20:01:11		456057		333501		122556		
20:01:13		451152		333432		117720		
20:01:15		449148		335396		113752		
20:01:17		448691		335559		113132		
20:01:19		447448		335556		111892		
20:01:21		445349		319793		125556		
20:01:23		432082		336310		95772		
20:01:25		440701		336745		103956		
20:01:27		446925		332677		114248		
20:01:29		441949		327701		114248		
20:01:31		440333		327697		112636		
20:01:33		437700		327668		110032		
20:01:35		437781		327749		110032		
20:01:37		435533		327609		107924		
20:01:39		436717		328793		107924		
20:01:41		433624		327808		105816		
20:01:43		433325		333709		99616		
20:01:45		439196		334000		105196		
20:01:47		436659		333571		103088		
20:01:49		437683		336083		101600		
20:01:51		504359		401891		102468		
20:01:53		501996		338148		163848		
20:01:55		508030		327914		180116		
20:01:57		500462		336862		163600		
20:01:59		491876		327656		164220		
20:02:01		480454		327766		152688		
20:02:03		472193		327813		144380		
20:02:05		471443		327807		143636		
20:02:08		459611		327879		131732		
20:02:10		468917		337185		131732		
20:02:12		470290		328266		142024		
20:02:14		459906		317882		142024		
20:02:16		447714		333590		114124		
20:02:18		464759		349147		115612		
20:02:20		473701		334157		139544		
20:02:22		458702		335526		123176		
20:02:24		457957		335525		122432		
20:02:26		454939		335607		119332		
20:02:28		452690		319942		132748		
20:02:30		440263		319791		120472		
20:02:32		476313		354105		122208		
20:02:34		481624		339972		141652		
20:02:36		491779		350127		141652		
20:02:38		498985		328317		170668		
20:02:40		475506		327778		147728		
20:02:42		473119		327747		145372		
20:02:44		475931		330559		145372		
20:02:46		464690		319318		145372		
20:02:48		442482		327862		114620		
20:02:50		441941		327321		114620		
20:02:52		439591		324971		114620		
20:02:54		435105		333753		101352		
20:02:56		441146		334214		106932		
20:02:58		440815		333883		106932		
20:03:00		440137		335561		104576		
20:03:02		473308		368732		104576		
20:03:04		468521		336169		132352		
20:03:06		478042		345690		132352		
20:03:08		462737		336585		126152		
20:03:10		466028		339876		126152		
20:03:12		458454		327962		130492		
20:03:15		448773		327953		120820		
20:03:17		443181		327941		115240		
20:03:19		442597		327977		114620		
20:03:21		442884		328264		114620		
20:03:23		440119		327979		112140		
20:03:25		437979		327947		110032		
20:03:27		434599		327915		106684		
20:03:29		432647		333775		98872		
20:03:31		435523		334171		101352		
20:03:33		436879		335279		101600		
20:03:35		494356		391888		102468		
20:03:37		493328		390860		102468		
20:03:39		459600		320032		139568		
20:03:41		474713		336781		137932		
20:03:43		490706		336902		153804		
20:03:45		481012		327952		153060		
20:03:47		464307		327987		136320		
20:03:49		461370		328026		133344		
20:03:51		450019		327959		122060		
20:03:53		453176		331116		122060		
20:03:55		446496		328032		118464		
20:03:57		444977		328001		116976		
20:03:59		442884		328016		114868		
20:04:01		438606		333906		104700		
20:04:03		440572		334260		106312		
20:04:05		442764		336320		106444		
20:04:07		439176		335840		103336		
20:04:09		438952		335864		103088		
20:04:11		433984		330896		103088		
20:04:13		466194		368314		97880		
20:04:15		449250		336986		112264		
20:04:17		466221		344285		121936		
20:04:19		463587		328383		135204		
20:04:21		444823		327847		116976		
20:04:23		444237		327881		116356		
20:04:25		439131		327859		111272		
20:04:28		449084		337812		111272		
20:04:30		446540		328448		118092		
20:04:32		446462		328370		118092		
20:04:34		441877		333705		108172		
20:04:36		448065		334313		113752		
20:04:38		445216		333820		111396		
20:04:40		490825		381413		109412		
20:04:42		484985		336265		148720		
20:04:44		484145		335797		148348		
20:04:46		479608		320076		159532		
20:04:48		463760		319852		143908		
20:04:50		459279		319835		139444		
20:04:52		448711		336695		112016		
20:04:54		468374		356358		112016		
20:04:56		472192		328060		144132		
20:04:58		447409		328077		119332		
20:05:00		441729		328101		113628		
20:05:02		479430		365802		113628		
20:05:04		468601		328437		140164		
20:05:06		468840		328552		140288		
20:05:08		472779		328523		144256		
20:05:10		487031		336079		150952		
20:05:12		493314		334302		159012		
20:05:14		488488		333816		154672		
20:05:16		490348		335428		154920		
20:05:18		484147		335923		148224		
20:05:20		489775		341551		148224		
20:05:22		487782		335962		151820		
20:05:24		488856		321140		167716		
20:05:26		501523		345363		156160		
20:05:28		544799		379587		165212		
20:05:30		469435		328155		141280		
20:05:32		497117		328557		168560		
20:05:34		495460		328032		167428		
20:05:36		490136		328040		162096		
20:05:39		486957		327961		158996		
20:05:41		484146		328002		156144		
20:05:43		482337		328053		154284		
20:05:45		481995		333787		148208		
20:05:47		517592		367648		149944		
20:05:49		502046		334370		167676		
20:05:51		517482		351790		165692		
20:05:53		526046		338654		187392		
20:05:55		517690		330298		187392		
20:05:57		503398		320198		183200		
20:05:59		489758		336714		153044		
20:06:01		495876		337128		158748		
20:06:03		496658		328114		168544		
20:06:05		487064		328068		158996		
20:06:07		478419		319423		158996		
20:06:09		472004		313008		158996		
20:06:11		459533		300537		158996		
20:06:13		446098		328146		117952		
20:06:15		468533		332973		135560		
20:06:17		469244		328600		140644		
20:06:19		462651		333911		128740		
20:06:21		465938		334470		131468		
20:06:23		464890		333918		130972		
20:06:25		464430		335938		128492		
20:06:27		464221		335977		128244		
20:06:29		465364		337120		128244		
20:06:31		467037		321781		145256		
20:06:33		451135		336779		114356		
20:06:35		466698		348126		118572		
20:06:37		464489		328681		135808		
20:06:39		442294		328186		114108		
20:06:41		438789		328153		110636		
20:06:43		434677		328133		106544		
20:06:45		435897		329353		106544		
20:06:47		436313		328653		107660		
20:06:50		462362		353090		109272		
20:06:52		509784		328592		181192		
20:06:54		449952		333984		115968		
20:06:56		461303		334547		126756		
20:06:58		461303		336531		124772		
20:07:00		461596		336576		125020		
20:07:02		457926		336006		121920		
20:07:04		458229		336929		121300		
20:07:06		455222		336774		118448		
20:07:08		456216		329088		127128		
20:07:10		444206		328362		115844		
20:07:12		442817		328337		114480		
20:07:14		442697		328341		114356		
20:07:16		442061		328325		113736		
20:07:18		441092		328348		112744		
20:07:20		437272		328248		109024		
20:07:22		437249		328349		108900		
20:07:24		432235		334123		98112		
20:07:26		526004		427768		98236		
20:07:28		510585		334601		175984		
20:07:30		518869		340777		178092		
20:07:32		510742		335998		174744		
20:07:34		511228		336484		174744		
20:07:36		510749		320357		190392		
20:07:38		493135		336867		156268		
20:07:40		498272		337292		160980		
20:07:42		492518		328314		164204		
20:07:44		485467		328207		157260		
20:07:46		476375		328291		148084		
20:07:48		478152		330068		148084		
20:07:50		471860		328364		143496		
20:07:52		473515		330019		143496		
20:07:54		474408		329672		144736		
20:07:56		467727		322991		144736		
20:07:58		460730		334098		126632		
20:08:00		493592		366960		126632		
20:08:03		446105		334105		112000		
20:08:05		476068		336664		139404		
20:08:07		482879		336655		146224		
20:08:09		475647		336119		139528		
20:08:11		465106		320346		144760		
20:08:13		444777		336869		107908		
20:08:15		461154		351634		109520		
20:08:17		472615		328747		143868		
20:08:19		452024		328244		123780		
20:08:21		448574		328266		120308		
20:08:23		503617		383309		120308		
20:08:25		499431		335475		163956		
20:08:27		502727		338771		163956		
20:08:29		507304		338140		169164		
20:08:31		502209		334657		167552		
20:08:33		498473		334145		164328		
20:08:35		490053		334033		156020		
20:08:37		483798		336086		147712		
20:08:39		483510		336046		147464		
20:08:41		480938		336078		144860		
20:08:43		470437		320469		149968		
20:08:45		452118		337018		115100		
20:08:47		462637		337369		125268		
20:08:49		460794		328334		132460		
20:08:51		445695		328363		117332		
20:08:53		443538		328314		115224		
20:08:55		443968		328744		115224		
20:08:57		435568		328280		107288		
20:08:59		431010		328310		102700		
20:09:01		428370		328398		99972		
20:09:03		427866		328746		99120		
20:09:05		426004		334200		91804		
20:09:07		427587		334667		92920		
20:09:09		426757		334085		92672		
20:09:11		425455		336131		89324		
20:09:13		424170		336086		88084		
20:09:16		422380		336032		86348		
20:09:18		424900		322408		102492		
20:09:20		417067		320031		97036		
20:09:22		415244		320068		95176		
20:09:24		451334		372798		78536		
20:09:26		459624		337440		122184		
20:09:28		462616		328404		134212		
20:09:30		451502		328450		123052		
20:09:32		511793		385021		126772		
20:09:34		511370		328798		182572		
20:09:36		513546		328990		184556		
20:09:38		513588		328784		184804		
20:09:40		511729		328289		183440		
20:09:42		510536		328336		182200		
20:09:44		499414		317214		182200		
20:09:46		482704		334108		148596		
20:09:48		489887		334719		155168		
20:09:50		482866		336130		146736		
20:09:52		483963		336731		147232		
20:09:54		480688		336184		144504		
20:09:56		472532		320564		151968		
20:09:58		454674		337078		117596		
20:10:00		467024		337400		129624		
20:10:02		498142		358598		139544		
20:10:04		477956		328864		149092		
20:10:06		477222		328378		148844		
20:10:08		465641		328329		137312		
20:10:10		465584		328396		137188		
20:10:12		465000		328432		136568		
20:10:14		464522		328450		136072		
20:10:16		462761		328425		134336		
20:10:18		458381		334337		124044		
20:10:20		465615		341571		124044		
20:10:22		516644		363708		152936		
20:10:25		508124		355188		152936		
20:10:27		527041		336781		190260		
20:10:29		507309		320497		186812		
20:10:31		491067		337015		154052		
20:10:33		499616		337504		162112		
20:10:35		495260		328436		166824		
20:10:37		487034		328518		158516		
20:10:39		509841		351325		158516		
20:10:41		507395		328915		178480		
20:10:43		487091		328327		158764		
20:10:45		485292		328388		156904		
20:10:47		484372		328336		156036		
20:10:49		482468		328416		154052		
20:10:51		482805		334573		148232		
20:10:53		486648		334696		151952		
20:10:55		485009		334173		150836		
20:10:57		476922		336254		140668		
20:10:59		482501		341833		140668		
20:11:01		469669		336441		133228		
20:11:03		463674		320626		143048		
20:11:05		449125		337101		112024		
20:11:07		461756		337448		124308		
20:11:09		459698		328446		131252		
20:11:11		497459		361371		136088		
20:11:13		484051		328991		155060		
20:11:15		490729		335297		155432		
20:11:17		487353		328945		158408		
20:11:19		485457		328413		157044		
20:11:21		479773		328433		151340		
20:11:23		476666		328426		148240		
20:11:25		463656		334264		129392		
20:11:27		470341		340949		129392		
20:11:29		466827		334459		132368		
20:11:31		460528		336468		124060		
20:11:33		457863		336407		121456		
20:11:35		455863		336391		119472		
20:11:37		455158		320410		134748		
20:11:40		441431		320447		120984		
20:11:42		440297		320429		119868		
20:11:44		440297		337193		103104		
20:11:46		458738		355634		103104		
20:11:48		504531		387415		117116		
20:11:50		460093		342977		117116		
20:11:52		488227		328951		159276		
20:11:54		474857		328477		146380		
20:11:56		464934		328474		136460		
20:11:58		457881		328489		129392		
20:12:00		455465		328429		127036		
20:12:02		451812		334324		117488		
20:12:04		458559		339583		118976		
20:12:06		469673		334825		134848		
20:12:08		456728		336264		120464		
20:12:10		459754		339290		120464		
20:12:12		456677		336461		120216		
20:12:14		453830		320694		133136		
20:12:16		477471		360355		117116		
20:12:18		597183		441379		155804		
20:12:20		500923		336067		164856		
20:12:22		520886		356030		164856		
20:12:24		475536		328536		147000		
20:12:26		508468		329104		179364		
20:12:28		509593		329113		180480		
20:12:30		501878		328590		173288		
20:12:32		494780		328560		166220		
20:12:34		488815		328547		160268		
20:12:36		480530		334398		146132		
20:12:38		483814		334954		148860		
20:12:40		489197		334881		154316		
20:12:42		485717		336361		149356		
20:12:44		483789		336417		147372		
20:12:47		482383		336375		146008		
20:12:49		475800		320716		155084		
20:12:51		460176		337232		122944		
20:12:53		471683		337703		133980		
20:12:55		472726		329074		143652		
20:12:57		494490		348854		145636		
20:12:59		549084		329048		220036		
20:13:01		476633		328517		148116		
20:13:03		478530		329050		149480		
20:13:05		473214		328570		144644		
20:13:07		473461		328817		144644		
20:13:09		471296		328512		142784		
20:13:11		471194		334362		136832		
20:13:13		470690		334354		136336		
20:13:15		464472		334460		130012		
20:13:17		455033		336429		118604		
20:13:19		455299		336819		118480		
20:13:21		453047		336551		116496		
20:13:23		449325		320777		128548		
20:13:25		481806		353258		128548		
20:13:27		467534		337646		129888		
20:13:29		488869		350053		138816		
20:13:31		491790		329166		162624		
20:13:33		473838		328574		145264		
20:13:35		476435		331171		145264		
20:13:37		488099		329195		158904		
20:13:39		489571		329179		160392		
20:13:41		482354		328658		153696		
20:13:43		481781		334409		147372		
20:13:45		484152		335044		149108		
20:13:47		476017		334473		141544		
20:13:49		474457		336509		137948		
20:13:51		469101		336485		132616		
20:13:53		472636		339524		133112		
20:13:55		468734		320842		147892		
20:13:57		450404		320616		129788		
20:14:00		445734		320658		125076		
20:14:02		442607		337395		105212		
20:14:04		458048		337708		120340		
20:14:06		455409		328745		126664		
20:14:08		479127		352331		126796		
20:14:10		540105		329245		210860		
20:14:12		477156		328668		148488		
20:14:14		466695		328623		138072		
20:14:16		475254		337182		138072		
20:14:18		472087		329179		142908		
20:14:20		470453		328661		141792		
20:14:22		472019		335063		136956		
20:14:24		471103		334519		136584		
20:14:26		468861		334633		134228		
20:14:28		472447		339831		132616		
20:14:30		472119		337023		135096		
20:14:32		464013		336481		127532		
20:14:34		467039		323239		143800		
20:14:36		496720		364476		132244		
20:14:38		537087		359335		177752		
20:14:40		567324		329184		238140		
20:14:42		522545		328673		193872		
20:14:44		515393		328713		186680		
20:14:46		522651		329275		193376		
20:14:48		516438		328766		187672		
20:14:50		505599		328715		176884		
20:14:52		511438		334554		176884		
20:14:54		508064		329196		178868		
20:14:56		506978		334558		172420		
20:14:58		507995		335079		172916		
20:15:00		512724		339808		172916		
20:15:02		514286		337154		177132		
20:15:04		513184		336548		176636		
20:15:06		509885		320949		188936		
20:15:08		498235		337471		160764		
20:15:10		510291		341715		168576		
20:15:12		500838		328790		172048		
20:15:15		490009		328749		161260		
20:15:17		488911		328767		160144		
20:15:19		509667		348035		161632		
20:15:21		521887		329255		192632		
20:15:23		512235		328779		183456		
20:15:25		500695		328771		171924		
20:15:27		503695		331027		172668		
20:15:29		498569		334581		163988		
20:15:31		500047		335191		164856		
20:15:33		502511		337655		164856		
20:15:35		502548		337072		165476		
20:15:37		494770		336610		158160		
20:15:39		498175		340015		158160		
20:15:41		487463		320971		166492		
20:15:43		472267		337543		134724		
20:15:45		483982		337850		146132		
20:15:47		481765		328813		152952		
20:15:49		472982		328834		144148		
20:15:51		471667		329007		142660		
20:15:53		462749		329017		133732		
20:15:55		454066		329014		125052		
20:15:57		452481		328917		123564		
20:15:59		447094		328986		118108		
20:16:01		441695		328919		112776		
20:16:03		445263		338315		106948		
20:16:05		445263		335215		110048		
20:16:07		445464		335168		110296		
20:16:09		444740		336676		108064		
20:16:11		445168		337104		108064		
20:16:13		443101		336649		106452		
20:16:15		444723		321879		122844		
20:16:17		426767		320663		106104		
20:16:19		425923		320687		105236		
20:16:21		429726		341130		88596		
20:16:23		443392		329004		114388		
20:16:26		430266		329022		101244		
20:16:28		461918		360674		101244		
20:16:30		458798		329406		129392		
20:16:32		453779		328851		124928		
20:16:34		451019		328943		122076		
20:16:36		452688		329992		122696		
20:16:38		514503		391807		122696		
20:16:40		499915		335307		164608		
20:16:42		513657		347437		166220		
20:16:44		523581		335289		188292		
20:16:46		506208		336764		169444		
20:16:48		503171		336703		166468		
20:16:50		499680		336684		162996		
20:16:52		490407		321063		169344		
20:16:54		473652		337564		136088		
20:16:56		487558		343410		144148		
20:16:58		483516		329076		154440		
20:17:00		468155		329091		139064		
20:17:02		467077		329541		137536		
20:17:04		460579		329359		131220		
20:17:06		458358		329370		128988		
20:17:08		459937		330329		129608		
20:17:10		491978		359518		132460		
20:17:12		486105		353645		132460		
20:17:14		501365		335425		165940		
20:17:16		482281		334817		147464		
20:17:18		477349		334845		142504		
20:17:20		479322		338926		140396		
20:17:22		475679		337019		138660		
20:17:24		473233		337053		136180		
20:17:26		473841		321145		152696		
20:17:28		455675		337599		118076		
20:17:30		520686		402486		118200		
20:17:32		510436		345364		165072		
20:17:35		526778		346082		180696		
20:17:37		542245		329557		212688		
20:17:39		539148		329064		210084		
20:17:41		520334		328974		191360		
20:17:43		509205		329005		180200		
20:17:45		502748		328996		173752		
20:17:47		504559		330559		174000		
20:17:49		497159		334815		162344		
20:17:51		496292		334816		161476		
20:17:53		490107		334831		155276		
20:17:55		489022		336846		152176		
20:17:57		482822		336846		145976		
20:17:59		481266		336902		144364		
20:18:01		477945		321281		156664		
20:18:03		460599		337687		122912		
20:18:05		472352		338156		134196		
20:18:07		467609		329073		138536		
20:18:09		455428		329168		126260		
20:18:11		449460		329152		120308		
20:18:13		444070		329094		114976		
20:18:15		438471		329199		109272		
20:18:17		445459		335939		109520		
20:18:19		448881		329565		119316		
20:18:21		449458		335970		113488		
20:18:23		507731		389779		117952		
20:18:25		504374		386422		117952		
20:18:27		461530		337502		124028		
20:18:29		503591		342239		161352		
20:18:31		503902		337466		166436		
20:18:33		492233		321185		171048		
20:18:35		475077		321265		153812		
20:18:37		469487		321255		148232		
20:18:39		468075		337847		130228		
20:18:41		477569		338289		139280		
20:18:44		474222		329238		144984		
20:18:46		466899		329231		137668		
20:18:48		494794		357126		137668		
20:18:50		491291		329691		161600		
20:18:52		487827		329079		158748		
20:18:54		477829		329125		148704		
20:18:56		477603		329147		148456		
20:18:58		466754		329086		137668		
20:19:00		459125		334973		124152		
20:19:02		457681		335017		122664		
20:19:04		449670		334942		114728		
20:19:06		442982		337058		105924		
20:19:08		442857		337057		105800		
20:19:10		442764		337088		105676		
20:19:12		437084		321340		115744		
20:19:14		422901		337809		85092		
20:19:16		437994		329218		108776		
20:19:18		429872		329280		100592		
20:19:20		436362		334158		102204		
20:19:22		436379		329711		106668		
20:19:24		434143		329211		104932		
20:19:26		432357		329161		103196		
20:19:28		428367		329139		99228		
20:19:30		497048		397820		99228		
20:19:32		491116		335592		155524		
20:19:34		495081		335589		159492		
20:19:36		494373		335005		159368		
20:19:38		494373		336989		157384		
20:19:40		558063		337563		220500		
20:19:42		513534		337054		176480		
20:19:44		497073		321437		175636		
20:19:46		486395		337939		148456		
20:19:48		496958		338334		158624		
20:19:50		492913		329329		163584		
20:19:53		485561		329417		156144		
20:19:55		478692		329368		149324		
20:19:57		471387		329379		142008		
20:19:59		468733		329329		139404		
20:20:01		466676		329380		137296		
20:20:03		466392		329344		137048		
20:20:05		461188		329348		131840		
20:20:07		452625		335169		117456		
20:20:09		493803		376347		117456		
20:20:11		481350		335622		145728		
20:20:13		479047		337039		142008		
20:20:15		485504		337668		147836		
20:20:17		477742		337098		140644		
20:20:19		476142		321462		154680		
20:20:21		459303		337879		121424		
20:20:23		471010		338334		132676		
20:20:25		521989		375409		146580		
20:20:27		507975		329775		178200		
20:20:29		511989		333045		178944		
20:20:31		503550		329442		174108		
20:20:33		498581		329433		169148		
20:20:35		495952		329408		166544		
20:20:37		489693		329473		160220		
20:20:39		479367		329439		149928		
20:20:41		474143		335251		138892		
20:20:43		475258		335622		139636		
20:20:45		473694		335174		138520		
20:20:47		473694		337158		136536		
20:20:49		468381		337053		131328		
20:20:51		463614		337122		126492		
20:20:53		460039		338135		121904		
20:20:55		461627		338731		122896		
20:20:57		457550		329446		128104		
20:20:59		447903		329471		118432		
20:21:01		446583		329391		117192		
20:21:03		452911		335719		117192		
20:21:06		451450		329794		121656		
20:21:08		443243		329275		113968		
20:21:10		440215		329347		110868		
20:21:12		442123		335719		106404		
20:21:14		446413		335669		110744		
20:21:16		443696		335184		108512		
20:21:18		481086		374550		106536		
20:21:20		480704		343912		136792		
20:21:22		475376		338584		136792		
20:21:24		471020		321432		149588		
20:21:26		503667		370595		133072		
20:21:28		513737		338381		175356		
20:21:30		513472		329436		184036		
20:21:32		501388		329504		171884		
20:21:34		501194		329434		171760		
20:21:36		489289		329433		159856		
20:21:38		486321		329441		156880		
20:21:40		475512		329420		146092		
20:21:42		476746		330654		146092		
20:21:44		470409		329525		140884		
20:21:46		470409		335353		135056		
20:21:48		473527		335743		137784		
20:21:50		471577		335157		136420		
20:21:52		469989		337165		132824		
20:21:54		470681		337733		132948		
20:21:56		469599		337271		132328		
20:21:58		466044		321540		144504		
20:22:00		450792		337932		112860		
20:22:02		461633		338481		123152		
20:22:04		459494		329398		130096		
20:22:06		447805		329489		118316		
20:22:08		446307		329479		116828		
20:22:10		447632		329936		117696		
20:22:12		481701		360409		121292		
20:22:14		478956		329888		149068		
20:22:16		480971		330911		150060		
20:22:19		472795		333399		139396		
20:22:21		470656		335352		135304		
20:22:23		469284		335336		133948		
20:22:25		464343		335347		128996		
20:22:27		466210		337834		128376		
20:22:29		462893		337245		125648		
20:22:31		464371		323099		141272		
20:22:33		443070		338254		104816		
20:22:35		452118		338498		113620		
20:22:37		449310		329490		119820		
20:22:39		439465		329565		109900		
20:22:41		435283		329599		105684		
20:22:43		471651		365967		105684		
20:22:45		456194		329926		126268		
20:22:47		461801		335161		126640		
20:22:49		463711		330003		133708		
20:22:51		450747		329439		121308		
20:22:53		448245		335245		113000		
20:22:55		453358		335770		117588		
20:22:57		449519		335279		114240		
20:22:59		448413		337273		111140		
20:23:01		449735		337851		111884		
20:23:03		448652		337264		111388		
20:23:05		507971		378827		129144		
20:23:07		489896		321568		168328		
20:23:09		492693		324117		168576		
20:23:11		487805		335993		151812		
20:23:13		500019		339271		160748		
20:23:15		500342		330046		170296		
20:23:17		479278		329442		149836		
20:23:19		482827		330007		152820		
20:23:21		473316		329424		143892		
20:23:23		471865		329461		142404		
20:23:25		469449		329401		140048		
20:23:28		469091		329415		139676		
20:23:30		460660		335244		125416		
20:23:32		461601		335813		125788		
20:23:34		457120		335300		121820		
20:23:36		455438		337338		118100		
20:23:38		454000		337264		116736		
20:23:40		454821		337837		116984		
20:23:42		451611		321707		129904		
20:23:44		434681		338157		96524		
20:23:46		447787		338615		109172		
20:23:48		445918		329554		116364		
20:23:50		436107		329539		106568		
20:23:52		437282		330714		106568		
20:23:54		435661		329713		105948		
20:23:56		464072		358124		105948		
20:23:58		448454		329982		118472		
20:24:00		459946		341226		118720		
20:24:02		466315		329987		136328		
20:24:04		466315		335815		130500		
20:24:06		464684		335300		129384		
20:24:08		464879		335495		129384		
20:24:10		508345		380201		128144		
20:24:12		504961		375949		129012		
20:24:14		498947		337943		161004		
20:24:16		527402		321734		205668		
20:24:18		486883		338155		148728		
20:24:20		505063		352739		152324		
20:24:22		502834		330050		172784		
20:24:24		478445		329593		148852		
20:24:26		475902		329530		146372		
20:24:28		465145		329561		135584		
20:24:30		463931		329587		134344		
20:24:32		460373		329501		130872		
20:24:34		455271		329475		125796		
20:24:37		453613		335381		118232		
20:24:39		456970		335886		121084		
20:24:41		453952		335348		118604		
20:24:43		459630		343010		116620		
20:24:45		497922		377582		120340		
20:24:47		480099		337935		142164		
20:24:49		483739		321711		162028		
20:24:51		477393		338329		139064		
20:24:53		481045		338633		142412		
20:24:55		476292		329788		146504		
20:24:57		467298		329722		137576		
20:24:59		472112		334536		137576		
20:25:01		477135		330135		147000		
20:25:03		469136		329576		139560		
20:25:05		494036		352740		141296		
20:25:07		529094		330138		198956		
20:25:09		492615		329619		162996		
20:25:11		492615		335447		157168		
20:25:13		485389		335413		149976		
20:25:15		479490		335466		144024		
20:25:17		479423		337383		142040		
20:25:19		481378		337974		143404		
20:25:21		472061		337461		134600		
20:25:23		473314		323066		150248		
20:25:25		456214		321466		134748		
20:25:27		453707		321439		132268		
20:25:29		450275		338243		112032		
20:25:31		459411		338699		120712		
20:25:33		465980		336340		129640		
20:25:35		452002		329802		122200		
20:25:37		450910		329826		121084		
20:25:39		496409		375325		121084		
20:25:41		480489		330141		150348		
20:25:43		488907		338187		150720		
20:25:45		489418		330142		159276		
20:25:48		484618		335386		149232		
20:25:50		486622		336026		150596		
20:25:52		485886		335538		150348		
20:25:54		472574		335494		137080		
20:25:56		463486		337442		126044		
20:25:58		460773		337457		123316		
20:26:00		456577		321829		134748		
20:26:02		442893		338301		104592		
20:26:04		453510		338750		114760		
20:26:06		454753		329825		124928		
20:26:08		444666		329906		114760		
20:26:10		449671		334539		115132		
20:26:12		448417		330185		118232		
20:26:14		442996		329724		113272		
20:26:16		441160		329748		111412		
20:26:18		441503		330091		111412		
20:26:20		436150		329698		106452		
20:26:22		438704		338080		100624		
20:26:24		443624		336056		107568		
20:26:26		475829		367889		107940		
20:26:28		466411		338135		128276		
20:26:30		467303		338159		129144		
20:26:32		467039		321875		145164		
20:26:34		453005		338493		114512		
20:26:36		469579		338823		130756		
20:26:38		464007		329779		134228		
20:26:40		447325		329837		117488		
20:26:42		441050		329762		111288		
20:26:44		433426		329826		103600		
20:26:46		425535		329747		95788		
20:26:48		422818		329758		93060		
20:26:50		445498		351322		94176		
20:26:52		468651		330331		138320		
20:26:54		449859		335595		114264		
20:26:56		452301		336177		116124		
20:26:58		450866		335610		115256		
20:27:00		449460		335568		113892		
20:27:03		445861		337665		108196		
20:27:05		443998		337670		106328		
20:27:07		444622		321902		122720		
20:27:09		424887		338523		86364		
20:27:11		442238		342978		99260		
20:27:13		445716		329840		115876		
20:27:15		434060		329840		104220		
20:27:17		430691		329819		100872		
20:27:19		432644		331772		100872		
20:27:21		430076		329948		100128		
20:27:23		430399		330271		100128		
20:27:25		464536		362424		102112		
20:27:27		479693		330337		149356		
20:27:29		467822		335578		132244		
20:27:31		468944		336204		132740		
20:27:33		473105		339125		133980		
20:27:35		502107		368623		133484		
20:27:37		479701		338157		141544		
20:27:39		528952		371784		157168		
20:27:41		503191		321943		181248		
20:27:43		513475		321935		191540		
20:27:45		502615		321491		181124		
20:27:47		507276		342792		164484		
20:27:49		515501		338989		176512		
20:27:51		507045		330037		177008		
20:27:53		496793		329953		166840		
20:27:55		479332		329976		149356		
20:27:57		481587		332231		149356		
20:27:59		464868		330020		134848		
20:28:01		460684		330052		130632		
20:28:03		454620		330064		124556		
20:28:05		450092		332356		117736		
20:28:07		453178		338790		114388		
20:28:09		452913		336293		116620		
20:28:12		458821		342077		116744		
20:28:14		448491		337947		110544		
20:28:16		485647		373987		111660		
20:28:18		472638		322042		150596		
20:28:20		475420		329660		145760		
20:28:22		477087		339015		138072		
20:28:24		489405		329881		159524		
20:28:26		477686		330066		147620		
20:28:28		471731		330063		141668		
20:28:30		466054		330090		135964		
20:28:32		464181		330077		134104		
20:28:34		460804		330048		130756		
20:28:36		459592		330076		129516		
20:28:38		460156		330392		129764		
20:28:40		464073		338649		125424		
20:28:42		467402		336274		131128		
20:28:44		504581		369361		135220		
20:28:46		490270		338310		151960		
20:28:48		496331		338295		158036		
20:28:50		498673		338281		160392		
20:28:52		491383		322039		169344		
20:28:54		476722		338650		138072		
20:28:56		490194		338978		151216		
20:28:58		489595		330071		159524		
20:29:00		482264		330056		152208		
20:29:02		522446		370238		152208		
20:29:04		517152		330472		186680		
20:29:06		516934		330254		186680		
20:29:08		517731		330431		187300		
20:29:10		511182		329958		181224		
20:29:12		505159		329887		175272		
20:29:14		496774		335762		161012		
20:29:16		493523		335735		157788		
20:29:18		492947		335779		157168		
20:29:20		490913		337837		153076		
20:29:22		488037		337813		150224		
20:29:24		484125		337869		146256		
20:29:27		484446		322170		162276		
20:29:29		468283		338519		129764		
20:29:31		480996		330028		150968		
20:29:33		481828		330860		150968		
20:29:35		477374		330126		147248		
20:29:37		477772		330524		147248		
20:29:39		476901		330149		146752		
20:29:41		476842		330090		146752		
20:29:43		476804		330176		146628		
20:29:45		513504		366380		147124		
20:29:47		499674		336306		163368		
20:29:49		497840		335836		162004		
20:29:51		487521		335809		151712		
20:29:53		515595		365867		149728		
20:29:55		494846		338422		156424		
20:29:57		498678		338410		160268		
20:29:59		506512		322164		184348		
20:30:01		479778		321966		157812		
20:30:03		478806		321862		156944		
20:30:05		478483		338675		139808		
20:30:07		485397		339141		146256		
20:30:09		484389		330073		154316		
20:30:11		464968		330120		134848		
20:30:13		462308		330064		132244		
20:30:15		458914		330142		128772		
20:30:17		458004		330224		127780		
20:30:19		460301		332521		127780		
20:30:21		523978		394462		129516		
20:30:23		519680		395992		123688		
20:30:25		488476		348544		139932		
20:30:27		528283		388351		139932		
20:30:29		479914		338370		141544		
20:30:31		518808		367840		150968		
20:30:33		474428		337968		136460		
20:30:35		506627		326991		179636		
20:30:38		491944		338744		153200		
20:30:40		499503		339111		160392		
20:30:42		499412		330092		169320		
20:30:44		477642		330146		147496		
20:30:46		481271		333155		148116		
20:30:48		477646		330274		147372		
20:30:50		474442		330294		144148		
20:30:52		481708		330616		151092		
20:30:54		472407		330119		142288		
20:30:56		473417		331005		142412		
20:30:58		461257		336081		125176		
20:31:00		465854		336462		129392		
20:31:02		458100		335900		122200		
20:31:04		449717		337933		111784		
20:31:06		453930		339046		114884		
20:31:08		446621		337937		108684		
20:31:10		448678		324346		124332		
20:31:12		436389		326837		109552		
20:31:14		469331		360027		109304		
20:31:16		542243		423887		118356		
20:31:18		437061		330237		106824		
20:31:20		461288		347024		114264		
20:31:22		535669		415825		119844		
20:31:24		519681		336101		183580		
20:31:26		535779		330623		205156		
20:31:28		516020		330084		185936		
20:31:30		517546		330618		186928		
20:31:32		502844		336004		166840		
20:31:34		504386		336554		167832		
20:31:36		497544		336036		161508		
20:31:38		493394		337962		155432		
20:31:40		495302		338506		156796		
20:31:42		493466		338034		155432		
20:31:44		485997		322357		163640		
20:31:46		472438		338830		133608		
20:31:48		481444		330228		151216		
20:31:50		474384		330236		144148		
20:31:53		469388		330200		139188		
20:31:55		471666		332478		139188		
20:31:57		460924		330292		130632		
20:31:59		451367		330407		120960		
20:32:01		450174		330330		119844		
20:32:03		440430		330382		110048		
20:32:05		441428		337076		104352		
20:32:07		484792		377968		106824		
20:32:09		479158		340590		138568		
20:32:11		476992		340408		136584		
20:32:13		480376		338584		141792		
20:32:15		468758		338002		130756		
20:32:17		463944		322376		141568		
20:32:19		449669		322113		127556		
20:32:21		453144		325092		128052		
20:32:23		513984		389304		124680		
20:32:25		523141		366717		156424		
20:32:27		501293		330733		170560		
20:32:29		511045		330813		180232		
20:32:31		508668		330172		178496		
20:32:33		504181		330273		173908		
20:32:35		495274		330170		165104		
20:32:37		520962		355858		165104		
20:32:39		505298		330770		174528		
20:32:41		510613		335713		174900		
20:32:43		506592		336280		170312		
20:32:45		503163		336323		166840		
20:32:47		499042		336294		162748		
20:32:49		495290		338246		157044		
20:32:51		496960		338676		158284		
20:32:53		498016		322720		175296		
20:32:55		483931		339039		144892		
20:32:57		481462		338926		142536		
20:33:00		473583		330303		143280		
20:33:02		462854		330362		132492		
20:33:04		457885		330353		127532		
20:33:06		461744		331980		129764		
20:33:08		456015		330219		125796		
20:33:10		457681		331885		125796		
20:33:12		456549		330505		126044		
20:33:14		507584		381044		126540		
20:33:16		502635		336663		165972		
20:33:18		507705		336897		170808		
20:33:20		507850		336670		171180		
20:33:22		503897		338173		165724		
20:33:24		498480		338088		160392		
20:33:26		491773		338077		153696		
20:33:28		482728		322436		160292		
20:33:30		462083		339015		123068		
20:33:32		472649		349581		123068		
20:33:34		481807		330467		151340		
20:33:36		458133		330477		127656		
20:33:38		456416		330496		125920		
20:33:40		450827		330487		120340		
20:33:42		448508		330524		117984		
20:33:44		446767		330519		116248		
20:33:46		446758		330510		116248		
20:33:48		440579		330531		110048		
20:33:50		469270		364926		104344		
20:33:52		485979		336747		149232		
20:33:54		491155		336715		154440		
20:33:56		486852		338364		148488		
20:33:58		485055		338303		146752		
20:34:00		484244		338360		145884		
20:34:02		482071		322523		159548		
20:34:04		469294		339034		130260		
20:34:06		479214		339406		139808		
20:34:08		524546		375810		148736		
20:34:11		515792		357260		158532		
20:34:13		471725		330305		141420		
20:34:15		515927		345863		170064		
20:34:17		514141		330933		183208		
20:34:19		497382		330418		166964		
20:34:21		494996		330388		164608		
20:34:23		493934		330318		163616		
20:34:25		487605		336141		151464		
20:34:27		490873		336805		154068		
20:34:29		488185		336225		151960		
20:34:31		480499		338211		142288		
20:34:33		514032		371744		142288		
20:34:35		516704		348376		168328		
20:34:37		512422		344590		167832		
20:34:39		502978		330434		172544		
20:34:41		494318		330578		163740		
20:34:43		492507		330627		161880		
20:34:45		497162		334042		163120		
20:34:47		492822		330446		162376		
20:34:49		486354		330426		155928		
20:34:51		475959		330447		145512		
20:34:53		472536		330372		142164		
20:34:55		471549		336205		135344		
20:34:57		476720		336788		139932		
20:34:59		474734		336290		138444		
20:35:01		500494		364034		136460		
20:35:03		499073		338805		160268		
20:35:05		493949		338269		155680		
20:35:07		490851		322623		168228		
20:35:09		475317		339105		136212		
20:35:11		484784		339520		145264		
20:35:13		484877		330561		154316		
20:35:15		479310		330574		148736		
20:35:18		533850		385114		148736		
20:35:20		522750		330986		191764		
20:35:22		523344		331332		192012		
20:35:24		517526		330598		186928		
20:35:26		518696		331024		187672		
20:35:28		511558		330458		181100		
20:35:30		501384		336280		165104		
20:35:32		501044		336312		164732		
20:35:34		498455		336327		162128		
20:35:36		498008		338360		159648		
20:35:38		492964		338276		154688		
20:35:40		491005		338301		152704		
20:35:42		490243		322635		167608		
20:35:44		472190		339202		132988		
20:35:46		484755		339615		145140		
20:35:48		480947		330599		150348		
20:35:50		475339		330571		144768		
20:35:52		463026		330658		132368		
20:35:54		452559		330607		121952		
20:35:56		451830		330622		121208		
20:35:58		446118		330614		115504		
20:36:00		441469		330553		110916		
20:36:02		440158		330606		109552		
20:36:04		436868		336492		100376		
20:36:06		445397		345021		100376		
20:36:08		481498		378146		103352		
20:36:10		466761		365393		101368		
20:36:12		492611		378967		113644		
20:36:14		520543		390631		129912		
20:36:16		477539		339467		138072		
20:36:18		526892		339592		187300		
20:36:20		529806		330602		199204		
20:36:22		517120		330564		186556		
20:36:24		506302		330658		175644		
20:36:26		499305		330605		168700		
20:36:29		494056		330564		163492		
20:36:31		491338		330574		160764		
20:36:33		485705		330645		155060		
20:36:35		482718		336462		146256		
20:36:37		482720		336588		146132		
20:36:39		478191		336523		141668		
20:36:41		479425		339741		139684		
20:36:43		472282		338550		133732		
20:36:45		471303		338563		132740		
20:36:47		459189		322705		136484		
20:36:49		437308		322524		114784		
20:36:51		433121		322429		110692		
20:36:53		432499		339315		93184		
20:36:55		440808		339688		101120		
20:36:57		440633		330709		109924		
20:36:59		426178		330762		95416		
20:37:01		428776		333360		95416		
20:37:03		428776		331128		97648		
20:37:05		425137		330589		94548		
20:37:07		465209		370661		94548		
20:37:09		463167		347787		115380		
20:37:11		476555		361175		115380		
20:37:13		479458		369906		109552		
20:37:15		526713		417161		109552		
20:37:17		493033		383481		109552		
20:37:19		483169		375601		107568		
20:37:21		493720		339032		154688		
20:37:23		543709		372753		170956		
20:37:25		493776		339460		154316		
20:37:27		529291		366171		163120		
20:37:29		488597		330685		157912		
20:37:31		510051		331183		178868		
20:37:34		509834		330966		178868		
20:37:36		506294		330650		175644		
20:37:38		501100		330664		170436		
20:37:40		492063		330679		161384		
20:37:42		482711		330627		152084		
20:37:44		477745		330621		147124		
20:37:46		478407		336987		141420		
20:37:48		479073		337033		142040		
20:37:50		474356		336532		137824		
20:37:52		464342		338546		125796		
20:37:54		459024		338560		120464		
20:37:56		452582		338566		114016		
20:37:58		449662		322850		126812		
20:38:00		435960		339428		96532		
20:38:02		443430		330654		112776		
20:38:04		439877		330821		109056		
20:38:06		436139		330803		105336		
20:38:08		436380		331044		105336		
20:38:10		435787		330823		104964		
20:38:12		434875		330779		104096		
20:38:14		501044		396948		104096		
20:38:16		499697		395601		104096		
20:38:18		497018		398750		98268		
20:38:20		502089		361785		140304		
20:38:22		470451		330147		140304		
20:38:24		487429		339065		148364		
20:38:26		488859		339131		149728		
20:38:28		479453		338653		140800		
20:38:30		507480		350784		156696		
20:38:32		500793		339657		161136		
20:38:34		501264		339880		161384		
20:38:36		496778		330806		165972		
20:38:38		484844		330776		154068		
20:38:40		484037		330837		153200		
20:38:42		478424		330804		147620		
20:38:44		473300		330764		142536		
20:38:47		475555		332151		143404		
20:38:49		467040		330704		136336		
20:38:51		455874		330822		125052		
20:38:53		447369		336577		110792		
20:38:55		448265		337101		111164		
20:38:57		444065		336621		107444		
20:38:59		444877		339417		105460		
20:39:01		437683		338671		99012		
20:39:03		441776		341284		100492		
20:39:05		441192		322944		118248		
20:39:07		423812		322428		101384		
20:39:09		421288		322384		98904		
20:39:11		418438		339398		79040		
20:39:13		432677		339873		92804		
20:39:15		431506		331014		100492		
20:39:17		425408		330992		94416		
20:39:19		422091		331023		91068		
20:39:21		495413		404345		91068		
20:39:23		489322		377794		111528		
20:39:25		462629		331385		131244		
20:39:27		497123		331407		165716		
20:39:29		526632		362652		163980		
20:39:31		510494		337214		173280		
20:39:33		521859		337171		184688		
20:39:35		502076		338716		163360		
20:39:37		499821		338693		161128		
20:39:39		500411		339283		161128		
20:39:41		494134		323062		171072		
20:39:43		481967		339563		142404		
20:39:45		517944		373928		144016		
20:39:47		479830		330978		148852		
20:39:49		498067		331359		166708		
20:39:51		492510		330886		161624		
20:39:53		493432		331808		161624		
20:39:56		484866		331054		153812		
20:39:58		475599		331087		144512		
20:40:00		469730		331046		138684		
20:40:02		469180		330992		138188		
20:40:04		460247		336939		123308		
20:40:06		465473		337205		128268		
20:40:08		464253		336729		127524		
20:40:10		462242		338686		123556		
20:40:12		513131		389575		123556		
20:40:14		505703		339243		166460		
20:40:16		508956		325856		183100		
20:40:18		493467		339655		153812		
20:40:20		504412		340060		164352		
20:40:22		498040		331084		166956		
20:40:24		486939		331019		155920		
20:40:26		477993		331001		146992		
20:40:28		474695		331051		143644		
20:40:30		470987		331063		139924		
20:40:32		468174		331102		137072		
20:40:34		464445		331093		133352		
20:40:36		467763		331435		136328		
20:40:38		465682		336794		128888		
20:40:40		468230		337358		130872		
20:40:42		463873		336721		127152		
20:40:44		459577		338749		120828		
20:40:46		467402		346574		120828		
20:40:48		460385		338937		121448		
20:40:50		451877		323089		128788		
20:40:52		433737		339569		94168		
20:40:54		449554		348566		100988		
20:40:56		483885		373845		110040		
20:40:58		430817		321273		109544		
20:41:00		458780		331504		127276		
20:41:02		458337		331061		127276		
20:41:04		457411		331003		126408		
20:41:07		452788		330968		121820		
20:41:09		451808		330980		120828		
20:41:11		451060		336804		114256		
20:41:13		455384		337408		117976		
20:41:15		449542		336774		112768		
20:41:17		444027		338823		105204		
20:41:19		445857		339413		106444		
20:41:21		446103		339411		106692		
20:41:23		510292		387332		122960		
20:41:25		488695		323203		165492		
20:41:27		491904		326412		165492		
20:41:29		489955		339863		150092		
20:41:31		499043		340147		158896		
20:41:33		491754		331246		160508		
20:41:35		477729		331233		146496		
20:41:37		472740		331204		141536		
20:41:39		472740		331204		141536		
20:41:41		460820		331188		129632		
20:41:43		457251		331215		126036		
20:41:45		454970		331166		123804		
20:41:47		453736		331172		122564		
20:41:49		449819		337051		112768		
20:41:51		488702		375810		112892		
20:41:53		472897		360005		112892		
20:41:55		500344		389436		110908		
20:41:57		459849		339517		120332		
20:41:59		465440		325988		139452		
20:42:01		456822		339838		116984		
20:42:03		464274		340222		124052		
20:42:05		462078		331206		130872		
20:42:07		451204		331244		119960		
20:42:09		449131		331279		117852		
20:42:11		447233		331241		115992		
20:42:13		444991		331231		113760		
20:42:15		440465		331293		109172		
20:42:17		438256		331192		107064		
20:42:20		494240		385556		108684		
20:42:22		539263		406771		132492		
20:42:24		533402		400910		132492		
20:42:26		507258		336946		170312		
20:42:28		544386		337494		206892		
20:42:30		537145		338933		198212		
20:42:32		534590		338982		195608		
20:42:34		527878		338966		188912		
20:42:36		520233		324005		196228		
20:42:38		503659		339919		163740		
20:42:40		503659		331239		172420		
20:42:42		501377		331313		170064		
20:42:44		497010		331286		165724		
20:42:46		492409		331273		161136		
20:42:48		489886		331230		158656		
20:42:50		485556		331240		154316		
20:42:52		483627		331295		152332		
20:42:54		478445		331321		147124		
20:42:56		480458		339162		141296		
20:42:58		474047		337215		136832		
20:43:00		471285		337181		134104		
20:43:02		466463		339179		127284		
20:43:04		466853		339569		127284		
20:43:06		465792		339128		126664		
20:43:08		465747		323311		142436		
20:43:10		449242		339814		109428		
20:43:12		468292		350184		118108		
20:43:14		526622		400826		125796		
20:43:16		502827		377031		125796		
20:43:18		471248		337268		133980		
20:43:20		506705		331681		175024		
20:43:22		501746		331186		170560		
20:43:24		497349		331129		166220		
20:43:26		523006		356786		166220		
20:43:28		499603		337227		162376		
20:43:30		512961		350337		162624		
20:43:32		522845		337529		185316		
20:43:35		509973		339041		170932		
20:43:37		506742		339034		167708		
20:43:39		502042		339046		162996		
20:43:41		501167		323407		177760		
20:43:43		485139		323127		162012		
20:43:45		484703		323187		161516		
20:43:47		477467		339907		137560		
20:43:49		491694		346322		145372		
20:43:51		489373		331353		158020		
20:43:53		467159		331335		135824		
20:43:55		461046		331422		129624		
20:43:57		462288		332540		129748		
20:43:59		459822		331438		128384		
20:44:01		452899		331459		121440		
20:44:03		456718		335278		121440		
20:44:05		453031		331467		121564		
20:44:07		454379		337775		116604		
20:44:09		452688		337076		115612		
20:44:11		511445		395833		115612		
20:44:13		508607		339675		168932		
20:44:15		510951		340531		170420		
20:44:17		505772		339320		166452		
20:44:19		505829		323481		182348		
20:44:21		490141		340057		150084		
20:44:23		500095		340463		159632		
20:44:25		496401		331437		164964		
20:44:27		480077		331481		148596		
20:44:29		514902		366306		148596		
20:44:31		502468		331800		170668		
20:44:33		504179		332767		171412		
20:44:35		501492		331444		170048		
20:44:37		493020		331528		161492		
20:44:39		487246		331458		155788		
20:44:41		487070		337358		149712		
20:44:43		490489		337677		152812		
20:44:45		487738		337158		150580		
20:44:48		508747		360275		148472		
20:44:50		525151		339719		185432		
20:44:52		498872		339240		159632		
20:44:54		492027		323567		168460		
20:44:56		474192		340104		134088		
20:44:58		480235		340443		139792		
20:45:00		478587		331355		147232		
20:45:02		459303		331415		127888		
20:45:04		460272		331888		128384		
20:45:06		457661		331385		126276		
20:45:08		452519		331327		121192		
20:45:10		451240		331412		119828		
20:45:12		449276		331308		117968		
20:45:14		514000		399504		114496		
20:45:16		515683		337823		177860		
20:45:18		514987		337375		177612		
20:45:20		506641		337337		169304		
20:45:22		512126		339722		172404		
20:45:24		502818		339218		163600		
20:45:26		500809		339193		161616		
20:45:28		493845		323525		170320		
20:45:30		478689		340013		138676		
20:45:32		487389		331353		156036		
20:45:34		477287		331543		145744		
20:45:36		475568		331560		144008		
20:45:38		476462		331958		144504		
20:45:40		473199		331423		141776		
20:45:42		473064		331412		141652		
20:45:44		466027		331443		134584		
20:45:46		467844		333260		134584		
20:45:48		460448		337272		123176		
20:45:50		455225		337257		117968		
20:45:52		451900		337280		114620		
20:45:54		453484		339732		113752		
20:45:56		451554		339290		112264		
20:45:58		455038		342774		112264		
20:46:01		481856		351588		130268		
20:46:03		453957		340205		113752		
20:46:05		474932		351384		123548		
20:46:07		484389		331949		152440		
20:46:09		523322		370882		152440		
20:46:11		516658		331978		184680		
20:46:13		517407		331983		185424		
20:46:15		519612		331956		187656		
20:46:17		513170		331466		181704		
20:46:19		501599		331427		170172		
20:46:21		493637		337353		156284		
20:46:23		497132		337872		159260		
20:46:25		496065		337301		158764		
20:46:27		484158		337298		146860		
20:46:29		479554		339266		140288		
20:46:31		474743		339291		135452		
20:46:33		475837		323645		152192		
20:46:35		460849		340029		120820		
20:46:37		470625		340629		129996		
20:46:39		468509		331569		136940		
20:46:41		457310		331654		125656		
20:46:43		456915		331631		125284		
20:46:45		450342		331630		118712		
20:46:47		448726		331626		117100		
20:46:49		446486		331618		114868		
20:46:51		478092		361984		116108		
20:46:53		470193		332013		138180		
20:46:55		478894		340466		138428		
20:46:57		484583		337847		146736		
20:46:59		475916		337364		138552		
20:47:01		477031		340463		136568		
20:47:03		475770		339326		136444		
20:47:05		476737		340293		136444		
20:47:07		509100		354032		155068		
20:47:09		526156		330416		195740		
20:47:11		555273		359533		195740		
20:47:14		513573		340177		173396		
20:47:16		535361		361965		173396		
20:47:18		545435		372039		173396		
20:47:20		494585		321189		173396		
20:47:22		508465		332093		176372		
20:47:24		510142		332034		178108		
20:47:26		498417		320309		178108		
20:47:28		482188		304080		178108		
20:47:30		464299		331575		132724		
20:47:32		483230		332154		151076		
20:47:34		482843		337595		145248		
20:47:36		492189		346817		145372		
20:47:38		492354		337930		154424		
20:47:40		484246		339370		144876		
20:47:42		482934		339422		143512		
20:47:44		480296		323740		156556		
20:47:46		457718		340246		117472		
20:47:48		469718		340714		129004		
20:47:50		470662		331614		139048		
20:47:52		456146		331606		124540		
20:47:54		453110		331670		121440		
20:47:56		454597		333157		121440		
20:47:58		450795		331711		119084		
20:48:00		453229		332161		121068		
20:48:02		455373		334305		121068		
20:48:04		449385		328317		121068		
20:48:06		490036		376408		113628		
20:48:08		488516		374888		113628		
20:48:10		452520		337404		115116		
20:48:12		489930		339970		149960		
20:48:14		485127		339383		145744		
20:48:16		482031		339387		142644		
20:48:18		471006		323750		147256		
20:48:20		459029		340317		118712		
20:48:23		472505		340773		131732		
20:48:25		463466		331734		131732		
20:48:27		459985		331725		128260		
20:48:29		492312		362440		129872		
20:48:31		487838		332174		155664		
20:48:33		486489		331693		154796		
20:48:35		479618		331642		147976		
20:48:37		483140		335164		147976		
20:48:39		480506		331786		148720		
20:48:41		481491		338599		142892		
20:48:43		480809		337669		143140		
20:48:45		481776		338264		143512		
20:48:47		477150		339714		137436		
20:48:49		479708		342272		137436		
20:48:51		481944		340044		141900		
20:48:53		477512		323808		153704		
20:48:55		455878		340390		115488		
20:48:57		467901		331581		136320		
20:48:59		460564		331684		128880		
20:49:01		461613		332237		129376		
20:49:03		458236		331712		126524		
20:49:05		457343		331687		125656		
20:49:07		458633		332977		125656		
20:49:09		491593		362961		128632		
20:49:11		481808		332220		149588		
20:49:13		487724		338136		149588		
20:49:15		488193		338109		150084		
20:49:17		485662		337562		148100		
20:49:19		483326		339566		143760		
20:49:21		485236		340112		145124		
20:49:23		481195		339543		141652		
20:49:25		478012		340452		137560		
20:49:27		520357		370397		149960		
20:49:29		495257		348397		146860		
20:49:31		542854		395994		146860		
20:49:33		469391		331955		137436		
20:49:36		503875		332215		171660		
20:49:38		501887		331715		170172		
20:49:40		494406		331674		162732		
20:49:42		488285		331753		156532		
20:49:44		484115		331799		152316		
20:49:46		483065		337569		145496		
20:49:48		481269		337633		143636		
20:49:50		476163		337611		138552		
20:49:52		510546		374102		136444		
20:49:54		494659		340111		154548		
20:49:56		496555		325739		170816		
20:49:58		486156		340536		145620		
20:50:00		491960		340884		151076		
20:50:02		492852		331856		160996		
20:50:04		483855		331911		151944		
20:50:06		484889		332945		151944		
20:50:08		479784		331932		147852		
20:50:10		479353		331997		147356		
20:50:12		477836		331968		145868		
20:50:14		473242		331962		141280		
20:50:16		468871		331931		136940		
20:50:18		462652		337740		124912		
20:50:20		464085		338181		125904		
20:50:22		458336		337640		120696		
20:50:24		451521		339629		111892		
20:50:26		450600		339576		111024		
20:50:28		449098		339686		109412		
20:50:30		444669		323949		120720		
20:50:32		424368		340500		83868		
20:50:34		437001		340857		96144		
20:50:36		455392		350320		105072		
20:50:38		454910		332354		122556		
20:50:40		445032		331776		113256		
20:50:42		448248		334992		113256		
20:50:44		451952		332372		119580		
20:50:46		449731		331887		117844		
20:50:49		450985		332397		118588		
20:50:51		451068		332356		118712		
20:50:53		454389		341381		113008		
20:50:55		455624		338276		117348		
20:50:57		454881		339641		115240		
20:50:59		454457		339713		114744		
20:51:01		456423		341679		114744		
20:51:03		454184		324040		130144		
20:51:05		473990		360238		113752		
20:51:07		544241		345301		198940		
20:51:09		529167		321299		207868		
20:51:11		542425		332449		209976		
20:51:13		512836		331876		180960		
20:51:15		515001		332429		182572		
20:51:17		509953		331845		178108		
20:51:19		501987		331939		170048		
20:51:21		494683		331827		162856		
20:51:23		485274		331842		153432		
20:51:25		476616		337692		138924		
20:51:27		483036		341632		141404		
20:51:29		484187		338319		145868		
20:51:31		477303		339743		137560		
20:51:33		480870		343310		137560		
20:51:35		480870		340334		140536		
20:51:37		472999		324131		148868		
20:51:39		458959		323979		134980		
20:51:41		456093		323965		132128		
20:51:43		455216		340596		114620		
20:51:45		508337		391857		116480		
20:51:47		497136		343084		154052		
20:51:49		500040		332472		167568		
20:51:51		485889		331961		153928		
20:51:53		475003		331987		143016		
20:51:55		466868		331912		134956		
20:51:57		462146		331902		130244		
20:52:00		455572		331900		123672		
20:52:02		452306		331982		120324		
20:52:04		448353		337825		110528		
20:52:06		458982		348454		110528		
20:52:08		460760		338328		122432		
20:52:10		454433		339813		114620		
20:52:12		453566		339814		113752		
20:52:14		454286		340410		113876		
20:52:16		450520		324096		126424		
20:52:18		435647		340619		95028		
20:52:20		445342		331962		113380		
20:52:22		436425		332097		104328		
20:52:24		496309		371893		124416		
20:52:26		496289		332565		163724		
20:52:28		498797		334949		163848		
20:52:30		517650		348222		169428		
20:52:32		539612		370184		169428		
20:52:34		479674		331946		147728		
20:52:36		509186		347694		161492		
20:52:38		508578		338406		170172		
20:52:40		500409		337801		162608		
20:52:42		498683		339795		158888		
20:52:44		490841		339889		150952		
20:52:46		483842		339834		144008		
20:52:48		481631		324207		157424		
20:52:50		463262		340706		122556		
20:52:52		472796		341064		131732		
20:52:54		472509		332221		140288		
20:52:56		465158		332186		132972		
20:52:58		457196		332160		125036		
20:53:00		452849		332153		120696		
20:53:02		445164		332156		113008		
20:53:04		442107		332199		109908		
20:53:06		441917		332133		109784		
20:53:08		442558		332526		110032		
20:53:11		442716		338388		104328		
20:53:13		447471		338431		109040		
20:53:15		492324		383284		109040		
20:53:17		493468		340408		153060		
20:53:19		491599		339903		151696		
20:53:21		491454		339882		151572		
20:53:23		480696		324264		156432		
20:53:25		464096		340672		123424		
20:53:27		469849		332165		137684		
20:53:29		458280		332252		126028		
20:53:31		455035		332231		122804		
20:53:33		450420		332204		118216		
20:53:35		448247		332263		115984		
20:53:37		448898		332666		116232		
20:53:39		480110		363878		116232		
20:53:41		471213		354981		116232		
20:53:43		487780		338564		149216		
20:53:45		476558		338006		138552		
20:53:47		477737		338937		138800		
20:53:49		489110		340514		148596		
20:53:51		487326		339970		147356		
20:53:53		500385		353029		147356		
20:53:55		497129		324329		172800		
20:53:57		469434		324162		145272		
20:53:59		462033		324077		137956		
20:54:01		453334		340822		112512		
20:54:03		502803		381611		121192		
20:54:05		479516		332656		146860		
20:54:07		481332		332612		148720		
20:54:09		481332		332612		148720		
20:54:11		482443		332607		149836		
20:54:13		479283		332175		147108		
20:54:16		471309		332137		139172		
20:54:18		475320		332676		142644		
20:54:20		464075		337923		126152		
20:54:22		464350		338198		126152		
20:54:24		512032		385880		126152		
20:54:26		499024		340508		158516		
20:54:28		504859		346343		158516		
20:54:30		502817		340581		162236		
20:54:32		517127		338499		178628		
20:54:34		509039		341099		167940		
20:54:36		511999		341207		170792		
20:54:38		509799		332187		177612		
20:54:40		528004		332660		195344		
20:54:42		548383		332703		215680		
20:54:44		527952		332112		195840		
20:54:46		521886		332246		189640		
20:54:48		526565		332709		193856		
20:54:50		524612		332104		192508		
20:54:52		527318		334810		192508		
20:54:54		527512		338352		189160		
20:54:56		539652		350492		189160		
20:54:58		542406		338366		204040		
20:55:00		538656		339824		198832		
20:55:02		537442		339850		197592		
20:55:04		536341		237061		299280		
20:55:06		461490		220838		240652		
20:55:08		446846		211730		235116		
20:55:10		446705		211589		235116		
20:55:12		445405		211653		233752		
20:55:13		444692		211684		233008		
