record in kb
time		total		used		free
[19:52:56]		1048572		0		1048572
[19:52:59]		1048572		0		1048572
[19:53:02]		1048572		0		1048572
[19:53:05]		1048572		0		1048572
[19:53:08]		1048572		0		1048572
[19:53:11]		1048572		0		1048572
[19:53:14]		1048572		0		1048572
[19:53:17]		1048572		0		1048572
[19:53:20]		1048572		0		1048572
[19:53:23]		1048572		0		1048572
[19:53:26]		1048572		0		1048572
[19:53:29]		1048572		0		1048572
[19:53:32]		1048572		0		1048572
[19:53:35]		1048572		0		1048572
[19:53:38]		1048572		0		1048572
[19:53:41]		1048572		0		1048572
[19:53:44]		1048572		0		1048572
[19:53:47]		1048572		0		1048572
[19:53:50]		1048572		0		1048572
[19:53:53]		1048572		0		1048572
[19:53:56]		1048572		0		1048572
[19:53:59]		1048572		0		1048572
[19:54:02]		1048572		0		1048572
[19:54:05]		1048572		0		1048572
[19:54:08]		1048572		0		1048572
[19:54:11]		1048572		0		1048572
[19:54:14]		1048572		0		1048572
[19:54:17]		1048572		0		1048572
[19:54:20]		1048572		0		1048572
[19:54:23]		1048572		0		1048572
[19:54:26]		1048572		0		1048572
[19:54:29]		1048572		0		1048572
[19:54:32]		1048572		0		1048572
[19:54:35]		1048572		0		1048572
[19:54:38]		1048572		0		1048572
[19:54:41]		1048572		0		1048572
[19:54:44]		1048572		0		1048572
[19:54:47]		1048572		0		1048572
[19:54:50]		1048572		0		1048572
[19:54:53]		1048572		0		1048572
[19:54:56]		1048572		0		1048572
[19:54:59]		1048572		0		1048572
[19:55:02]		1048572		0		1048572
[19:55:05]		1048572		0		1048572
[19:55:08]		1048572		0		1048572
[19:55:11]		1048572		0		1048572
[19:55:14]		1048572		0		1048572
[19:55:17]		1048572		0		1048572
[19:55:20]		1048572		0		1048572
[19:55:23]		1048572		0		1048572
[19:55:26]		1048572		0		1048572
[19:55:29]		1048572		0		1048572
[19:55:32]		1048572		0		1048572
[19:55:35]		1048572		0		1048572
[19:55:38]		1048572		0		1048572
[19:55:41]		1048572		0		1048572
[19:55:44]		1048572		0		1048572
[19:55:47]		1048572		0		1048572
[19:55:50]		1048572		0		1048572
[19:55:53]		1048572		0		1048572
[19:55:56]		1048572		0		1048572
[19:55:59]		1048572		0		1048572
[19:56:02]		1048572		0		1048572
[19:56:05]		1048572		0		1048572
[19:56:08]		1048572		0		1048572
[19:56:11]		1048572		0		1048572
[19:56:14]		1048572		0		1048572
[19:56:17]		1048572		0		1048572
[19:56:20]		1048572		0		1048572
[19:56:23]		1048572		0		1048572
[19:56:26]		1048572		0		1048572
[19:56:29]		1048572		0		1048572
[19:56:32]		1048572		0		1048572
[19:56:35]		1048572		0		1048572
[19:56:38]		1048572		0		1048572
[19:56:41]		1048572		0		1048572
[19:56:44]		1048572		0		1048572
[19:56:47]		1048572		0		1048572
[19:56:50]		1048572		0		1048572
[19:56:53]		1048572		0		1048572
[19:56:56]		1048572		0		1048572
[19:56:59]		1048572		0		1048572
[19:57:02]		1048572		0		1048572
[19:57:05]		1048572		0		1048572
[19:57:08]		1048572		0		1048572
[19:57:11]		1048572		0		1048572
[19:57:14]		1048572		0		1048572
[19:57:17]		1048572		0		1048572
[19:57:20]		1048572		0		1048572
[19:57:23]		1048572		0		1048572
[19:57:26]		1048572		0		1048572
[19:57:29]		1048572		0		1048572
[19:57:32]		1048572		0		1048572
[19:57:35]		1048572		0		1048572
[19:57:38]		1048572		0		1048572
[19:57:41]		1048572		0		1048572
[19:57:44]		1048572		0		1048572
[19:57:47]		1048572		0		1048572
[19:57:50]		1048572		0		1048572
[19:57:53]		1048572		0		1048572
[19:57:56]		1048572		0		1048572
[19:57:59]		1048572		0		1048572
[19:58:02]		1048572		0		1048572
[19:58:05]		1048572		0		1048572
[19:58:08]		1048572		0		1048572
[19:58:11]		1048572		0		1048572
[19:58:14]		1048572		0		1048572
[19:58:17]		1048572		0		1048572
[19:58:20]		1048572		0		1048572
[19:58:23]		1048572		0		1048572
[19:58:26]		1048572		0		1048572
[19:58:29]		1048572		0		1048572
[19:58:32]		1048572		0		1048572
[19:58:35]		1048572		0		1048572
[19:58:38]		1048572		0		1048572
[19:58:41]		1048572		0		1048572
[19:58:44]		1048572		0		1048572
[19:58:47]		1048572		0		1048572
[19:58:50]		1048572		0		1048572
[19:58:53]		1048572		0		1048572
[19:58:56]		1048572		0		1048572
[19:58:59]		1048572		0		1048572
[19:59:02]		1048572		0		1048572
[19:59:05]		1048572		0		1048572
[19:59:08]		1048572		0		1048572
[19:59:11]		1048572		0		1048572
[19:59:14]		1048572		0		1048572
[19:59:17]		1048572		0		1048572
[19:59:20]		1048572		0		1048572
[19:59:23]		1048572		0		1048572
[19:59:26]		1048572		0		1048572
[19:59:29]		1048572		0		1048572
[19:59:32]		1048572		0		1048572
[19:59:35]		1048572		0		1048572
[19:59:38]		1048572		0		1048572
[19:59:41]		1048572		0		1048572
[19:59:44]		1048572		0		1048572
[19:59:47]		1048572		0		1048572
[19:59:50]		1048572		0		1048572
[19:59:53]		1048572		0		1048572
[19:59:56]		1048572		0		1048572
[19:59:59]		1048572		0		1048572
[20:00:02]		1048572		0		1048572
[20:00:05]		1048572		0		1048572
[20:00:08]		1048572		0		1048572
[20:00:11]		1048572		0		1048572
[20:00:14]		1048572		0		1048572
[20:00:17]		1048572		0		1048572
[20:00:20]		1048572		0		1048572
[20:00:23]		1048572		0		1048572
[20:00:26]		1048572		0		1048572
[20:00:29]		1048572		0		1048572
[20:00:32]		1048572		0		1048572
[20:00:35]		1048572		0		1048572
[20:00:38]		1048572		0		1048572
[20:00:41]		1048572		0		1048572
[20:00:44]		1048572		0		1048572
[20:00:47]		1048572		0		1048572
[20:00:50]		1048572		0		1048572
[20:00:53]		1048572		0		1048572
[20:00:56]		1048572		0		1048572
[20:00:59]		1048572		0		1048572
[20:01:02]		1048572		0		1048572
[20:01:05]		1048572		0		1048572
[20:01:08]		1048572		0		1048572
[20:01:11]		1048572		0		1048572
[20:01:14]		1048572		0		1048572
[20:01:17]		1048572		0		1048572
[20:01:20]		1048572		0		1048572
[20:01:23]		1048572		0		1048572
[20:01:26]		1048572		0		1048572
[20:01:29]		1048572		0		1048572
[20:01:32]		1048572		0		1048572
[20:01:35]		1048572		0		1048572
[20:01:38]		1048572		0		1048572
[20:01:41]		1048572		0		1048572
[20:01:44]		1048572		0		1048572
[20:01:47]		1048572		0		1048572
[20:01:50]		1048572		0		1048572
[20:01:53]		1048572		0		1048572
[20:01:56]		1048572		0		1048572
[20:01:59]		1048572		0		1048572
[20:02:02]		1048572		0		1048572
[20:02:05]		1048572		0		1048572
[20:02:08]		1048572		0		1048572
[20:02:11]		1048572		0		1048572
[20:02:14]		1048572		0		1048572
[20:02:17]		1048572		0		1048572
[20:02:20]		1048572		0		1048572
[20:02:23]		1048572		0		1048572
[20:02:26]		1048572		0		1048572
[20:02:29]		1048572		0		1048572
[20:02:32]		1048572		0		1048572
[20:02:35]		1048572		0		1048572
[20:02:38]		1048572		0		1048572
[20:02:41]		1048572		0		1048572
[20:02:44]		1048572		0		1048572
[20:02:47]		1048572		0		1048572
[20:02:50]		1048572		0		1048572
[20:02:53]		1048572		0		1048572
[20:02:56]		1048572		0		1048572
[20:02:59]		1048572		0		1048572
[20:03:02]		1048572		0		1048572
[20:03:05]		1048572		0		1048572
[20:03:08]		1048572		0		1048572
[20:03:11]		1048572		0		1048572
[20:03:14]		1048572		0		1048572
[20:03:17]		1048572		0		1048572
[20:03:20]		1048572		0		1048572
[20:03:23]		1048572		0		1048572
[20:03:26]		1048572		0		1048572
[20:03:29]		1048572		0		1048572
[20:03:32]		1048572		0		1048572
[20:03:35]		1048572		0		1048572
[20:03:38]		1048572		0		1048572
[20:03:41]		1048572		0		1048572
[20:03:44]		1048572		0		1048572
[20:03:47]		1048572		0		1048572
[20:03:50]		1048572		0		1048572
[20:03:53]		1048572		0		1048572
[20:03:56]		1048572		0		1048572
[20:03:59]		1048572		0		1048572
[20:04:02]		1048572		0		1048572
[20:04:05]		1048572		0		1048572
[20:04:08]		1048572		0		1048572
[20:04:11]		1048572		0		1048572
[20:04:14]		1048572		0		1048572
[20:04:17]		1048572		0		1048572
[20:04:20]		1048572		0		1048572
[20:04:23]		1048572		0		1048572
[20:04:26]		1048572		0		1048572
[20:04:29]		1048572		0		1048572
[20:04:32]		1048572		0		1048572
[20:04:35]		1048572		0		1048572
[20:04:38]		1048572		0		1048572
[20:04:41]		1048572		0		1048572
[20:04:44]		1048572		0		1048572
[20:04:47]		1048572		0		1048572
[20:04:50]		1048572		0		1048572
[20:04:53]		1048572		0		1048572
[20:04:56]		1048572		0		1048572
[20:04:59]		1048572		0		1048572
[20:05:02]		1048572		0		1048572
[20:05:05]		1048572		0		1048572
[20:05:08]		1048572		0		1048572
[20:05:11]		1048572		0		1048572
[20:05:15]		1048572		0		1048572
[20:05:18]		1048572		0		1048572
[20:05:21]		1048572		0		1048572
[20:05:24]		1048572		0		1048572
[20:05:27]		1048572		0		1048572
[20:05:30]		1048572		0		1048572
[20:05:33]		1048572		0		1048572
[20:05:36]		1048572		0		1048572
[20:05:39]		1048572		0		1048572
[20:05:42]		1048572		0		1048572
[20:05:45]		1048572		0		1048572
[20:05:48]		1048572		0		1048572
[20:05:51]		1048572		0		1048572
[20:05:54]		1048572		0		1048572
[20:05:57]		1048572		0		1048572
[20:06:00]		1048572		0		1048572
[20:06:03]		1048572		0		1048572
[20:06:06]		1048572		0		1048572
[20:06:09]		1048572		0		1048572
[20:06:12]		1048572		0		1048572
[20:06:15]		1048572		0		1048572
[20:06:18]		1048572		0		1048572
[20:06:21]		1048572		0		1048572
[20:06:24]		1048572		0		1048572
[20:06:27]		1048572		0		1048572
[20:06:30]		1048572		0		1048572
[20:06:33]		1048572		0		1048572
[20:06:36]		1048572		0		1048572
[20:06:39]		1048572		0		1048572
[20:06:42]		1048572		0		1048572
[20:06:45]		1048572		0		1048572
[20:06:48]		1048572		0		1048572
[20:06:51]		1048572		0		1048572
[20:06:54]		1048572		0		1048572
[20:06:57]		1048572		0		1048572
[20:07:00]		1048572		0		1048572
[20:07:03]		1048572		0		1048572
[20:07:06]		1048572		0		1048572
[20:07:09]		1048572		0		1048572
[20:07:12]		1048572		0		1048572
[20:07:15]		1048572		0		1048572
[20:07:18]		1048572		0		1048572
[20:07:21]		1048572		0		1048572
[20:07:24]		1048572		0		1048572
[20:07:27]		1048572		0		1048572
[20:07:30]		1048572		0		1048572
[20:07:33]		1048572		0		1048572
[20:07:36]		1048572		0		1048572
[20:07:39]		1048572		0		1048572
[20:07:42]		1048572		0		1048572
[20:07:45]		1048572		0		1048572
[20:07:48]		1048572		0		1048572
[20:07:51]		1048572		0		1048572
[20:07:54]		1048572		0		1048572
[20:07:57]		1048572		0		1048572
[20:08:00]		1048572		0		1048572
[20:08:03]		1048572		0		1048572
[20:08:06]		1048572		0		1048572
[20:08:09]		1048572		0		1048572
[20:08:12]		1048572		0		1048572
[20:08:15]		1048572		0		1048572
[20:08:18]		1048572		0		1048572
[20:08:21]		1048572		0		1048572
[20:08:24]		1048572		0		1048572
[20:08:27]		1048572		0		1048572
[20:08:30]		1048572		0		1048572
[20:08:33]		1048572		0		1048572
[20:08:36]		1048572		0		1048572
[20:08:39]		1048572		0		1048572
[20:08:42]		1048572		0		1048572
[20:08:45]		1048572		0		1048572
[20:08:48]		1048572		0		1048572
[20:08:51]		1048572		0		1048572
[20:08:54]		1048572		0		1048572
[20:08:57]		1048572		0		1048572
[20:09:00]		1048572		0		1048572
[20:09:03]		1048572		0		1048572
[20:09:06]		1048572		0		1048572
[20:09:09]		1048572		0		1048572
[20:09:12]		1048572		0		1048572
[20:09:15]		1048572		0		1048572
[20:09:18]		1048572		0		1048572
[20:09:21]		1048572		0		1048572
[20:09:24]		1048572		0		1048572
[20:09:27]		1048572		0		1048572
[20:09:30]		1048572		0		1048572
[20:09:33]		1048572		0		1048572
[20:09:36]		1048572		0		1048572
[20:09:39]		1048572		0		1048572
[20:09:42]		1048572		0		1048572
[20:09:45]		1048572		0		1048572
[20:09:48]		1048572		0		1048572
[20:09:51]		1048572		0		1048572
[20:09:54]		1048572		0		1048572
[20:09:57]		1048572		0		1048572
[20:10:00]		1048572		0		1048572
[20:10:03]		1048572		0		1048572
[20:10:06]		1048572		0		1048572
[20:10:09]		1048572		0		1048572
[20:10:12]		1048572		0		1048572
[20:10:15]		1048572		0		1048572
[20:10:18]		1048572		0		1048572
[20:10:21]		1048572		0		1048572
[20:10:24]		1048572		0		1048572
[20:10:27]		1048572		0		1048572
[20:10:30]		1048572		0		1048572
[20:10:33]		1048572		0		1048572
[20:10:36]		1048572		0		1048572
[20:10:39]		1048572		0		1048572
[20:10:42]		1048572		0		1048572
[20:10:45]		1048572		0		1048572
[20:10:48]		1048572		0		1048572
[20:10:51]		1048572		0		1048572
[20:10:54]		1048572		0		1048572
[20:10:57]		1048572		0		1048572
[20:11:00]		1048572		0		1048572
[20:11:03]		1048572		0		1048572
[20:11:06]		1048572		0		1048572
[20:11:09]		1048572		0		1048572
[20:11:12]		1048572		0		1048572
[20:11:15]		1048572		0		1048572
[20:11:18]		1048572		0		1048572
[20:11:21]		1048572		0		1048572
[20:11:24]		1048572		0		1048572
[20:11:27]		1048572		0		1048572
[20:11:30]		1048572		0		1048572
[20:11:33]		1048572		0		1048572
[20:11:36]		1048572		0		1048572
[20:11:39]		1048572		0		1048572
[20:11:42]		1048572		0		1048572
[20:11:45]		1048572		0		1048572
[20:11:48]		1048572		0		1048572
[20:11:51]		1048572		0		1048572
[20:11:54]		1048572		0		1048572
[20:11:57]		1048572		0		1048572
[20:12:00]		1048572		0		1048572
[20:12:03]		1048572		0		1048572
[20:12:06]		1048572		0		1048572
[20:12:09]		1048572		0		1048572
[20:12:12]		1048572		0		1048572
[20:12:15]		1048572		0		1048572
[20:12:18]		1048572		0		1048572
[20:12:21]		1048572		0		1048572
[20:12:24]		1048572		0		1048572
[20:12:27]		1048572		0		1048572
[20:12:30]		1048572		0		1048572
[20:12:33]		1048572		0		1048572
[20:12:36]		1048572		0		1048572
[20:12:39]		1048572		0		1048572
[20:12:42]		1048572		0		1048572
[20:12:45]		1048572		0		1048572
[20:12:48]		1048572		0		1048572
[20:12:51]		1048572		0		1048572
[20:12:54]		1048572		0		1048572
[20:12:57]		1048572		0		1048572
[20:13:00]		1048572		0		1048572
[20:13:03]		1048572		0		1048572
[20:13:06]		1048572		0		1048572
[20:13:09]		1048572		0		1048572
[20:13:12]		1048572		0		1048572
[20:13:15]		1048572		0		1048572
[20:13:18]		1048572		0		1048572
[20:13:21]		1048572		0		1048572
[20:13:24]		1048572		0		1048572
[20:13:27]		1048572		0		1048572
[20:13:30]		1048572		0		1048572
[20:13:33]		1048572		0		1048572
[20:13:36]		1048572		0		1048572
[20:13:39]		1048572		0		1048572
[20:13:42]		1048572		0		1048572
[20:13:45]		1048572		0		1048572
[20:13:48]		1048572		0		1048572
[20:13:51]		1048572		0		1048572
[20:13:54]		1048572		0		1048572
[20:13:57]		1048572		0		1048572
[20:14:00]		1048572		0		1048572
[20:14:03]		1048572		0		1048572
[20:14:06]		1048572		0		1048572
[20:14:09]		1048572		0		1048572
[20:14:12]		1048572		0		1048572
[20:14:15]		1048572		0		1048572
[20:14:18]		1048572		0		1048572
[20:14:21]		1048572		0		1048572
[20:14:24]		1048572		0		1048572
[20:14:27]		1048572		0		1048572
[20:14:30]		1048572		0		1048572
[20:14:33]		1048572		0		1048572
[20:14:36]		1048572		0		1048572
[20:14:39]		1048572		0		1048572
[20:14:42]		1048572		0		1048572
[20:14:45]		1048572		0		1048572
[20:14:48]		1048572		0		1048572
[20:14:51]		1048572		0		1048572
[20:14:54]		1048572		0		1048572
[20:14:57]		1048572		0		1048572
[20:15:00]		1048572		0		1048572
[20:15:03]		1048572		0		1048572
[20:15:06]		1048572		0		1048572
[20:15:09]		1048572		0		1048572
[20:15:12]		1048572		0		1048572
[20:15:15]		1048572		0		1048572
[20:15:18]		1048572		0		1048572
[20:15:21]		1048572		0		1048572
[20:15:24]		1048572		0		1048572
[20:15:27]		1048572		0		1048572
[20:15:30]		1048572		0		1048572
[20:15:33]		1048572		0		1048572
[20:15:36]		1048572		0		1048572
[20:15:39]		1048572		0		1048572
[20:15:42]		1048572		0		1048572
[20:15:45]		1048572		0		1048572
[20:15:48]		1048572		0		1048572
[20:15:51]		1048572		0		1048572
[20:15:54]		1048572		0		1048572
[20:15:57]		1048572		0		1048572
[20:16:00]		1048572		0		1048572
[20:16:03]		1048572		0		1048572
[20:16:06]		1048572		0		1048572
[20:16:09]		1048572		0		1048572
[20:16:12]		1048572		0		1048572
[20:16:15]		1048572		0		1048572
[20:16:18]		1048572		0		1048572
[20:16:21]		1048572		0		1048572
[20:16:24]		1048572		0		1048572
[20:16:27]		1048572		0		1048572
[20:16:30]		1048572		0		1048572
[20:16:33]		1048572		0		1048572
[20:16:36]		1048572		0		1048572
[20:16:39]		1048572		0		1048572
[20:16:42]		1048572		0		1048572
[20:16:45]		1048572		0		1048572
[20:16:48]		1048572		0		1048572
[20:16:51]		1048572		0		1048572
[20:16:54]		1048572		0		1048572
[20:16:57]		1048572		0		1048572
[20:17:00]		1048572		0		1048572
[20:17:03]		1048572		0		1048572
[20:17:06]		1048572		0		1048572
[20:17:09]		1048572		0		1048572
[20:17:12]		1048572		0		1048572
[20:17:15]		1048572		0		1048572
[20:17:18]		1048572		0		1048572
[20:17:21]		1048572		0		1048572
[20:17:24]		1048572		0		1048572
[20:17:27]		1048572		0		1048572
[20:17:30]		1048572		0		1048572
[20:17:33]		1048572		0		1048572
[20:17:36]		1048572		0		1048572
[20:17:39]		1048572		0		1048572
[20:17:42]		1048572		0		1048572
[20:17:45]		1048572		0		1048572
[20:17:48]		1048572		0		1048572
[20:17:51]		1048572		0		1048572
[20:17:54]		1048572		0		1048572
[20:17:57]		1048572		0		1048572
[20:18:00]		1048572		0		1048572
[20:18:03]		1048572		0		1048572
[20:18:06]		1048572		0		1048572
[20:18:09]		1048572		0		1048572
[20:18:12]		1048572		0		1048572
[20:18:15]		1048572		0		1048572
[20:18:18]		1048572		0		1048572
[20:18:21]		1048572		0		1048572
[20:18:24]		1048572		0		1048572
[20:18:27]		1048572		0		1048572
[20:18:30]		1048572		0		1048572
[20:18:33]		1048572		0		1048572
[20:18:36]		1048572		0		1048572
[20:18:39]		1048572		0		1048572
[20:18:42]		1048572		0		1048572
[20:18:45]		1048572		0		1048572
[20:18:48]		1048572		0		1048572
[20:18:51]		1048572		0		1048572
[20:18:54]		1048572		0		1048572
[20:18:57]		1048572		0		1048572
[20:19:00]		1048572		0		1048572
[20:19:03]		1048572		0		1048572
[20:19:06]		1048572		0		1048572
[20:19:09]		1048572		0		1048572
[20:19:12]		1048572		0		1048572
[20:19:15]		1048572		0		1048572
[20:19:18]		1048572		0		1048572
[20:19:21]		1048572		0		1048572
[20:19:24]		1048572		0		1048572
[20:19:27]		1048572		0		1048572
[20:19:30]		1048572		0		1048572
[20:19:33]		1048572		0		1048572
[20:19:36]		1048572		0		1048572
[20:19:39]		1048572		0		1048572
[20:19:42]		1048572		0		1048572
[20:19:45]		1048572		0		1048572
[20:19:48]		1048572		0		1048572
[20:19:51]		1048572		0		1048572
[20:19:54]		1048572		0		1048572
[20:19:57]		1048572		0		1048572
[20:20:00]		1048572		0		1048572
[20:20:03]		1048572		0		1048572
[20:20:06]		1048572		0		1048572
[20:20:09]		1048572		0		1048572
[20:20:12]		1048572		0		1048572
[20:20:15]		1048572		0		1048572
[20:20:18]		1048572		0		1048572
[20:20:21]		1048572		0		1048572
[20:20:24]		1048572		0		1048572
[20:20:27]		1048572		0		1048572
[20:20:30]		1048572		0		1048572
[20:20:33]		1048572		0		1048572
[20:20:36]		1048572		0		1048572
[20:20:39]		1048572		0		1048572
[20:20:42]		1048572		0		1048572
[20:20:45]		1048572		0		1048572
[20:20:48]		1048572		0		1048572
[20:20:51]		1048572		0		1048572
[20:20:54]		1048572		0		1048572
[20:20:57]		1048572		0		1048572
[20:21:00]		1048572		0		1048572
[20:21:03]		1048572		0		1048572
[20:21:06]		1048572		0		1048572
[20:21:09]		1048572		0		1048572
[20:21:12]		1048572		0		1048572
[20:21:15]		1048572		0		1048572
[20:21:18]		1048572		0		1048572
[20:21:21]		1048572		0		1048572
[20:21:24]		1048572		0		1048572
[20:21:27]		1048572		0		1048572
[20:21:30]		1048572		0		1048572
[20:21:33]		1048572		0		1048572
[20:21:36]		1048572		0		1048572
[20:21:40]		1048572		0		1048572
[20:21:43]		1048572		0		1048572
[20:21:46]		1048572		0		1048572
[20:21:49]		1048572		0		1048572
[20:21:52]		1048572		0		1048572
[20:21:55]		1048572		0		1048572
[20:21:58]		1048572		0		1048572
[20:22:01]		1048572		0		1048572
[20:22:04]		1048572		0		1048572
[20:22:07]		1048572		0		1048572
[20:22:10]		1048572		0		1048572
[20:22:13]		1048572		0		1048572
[20:22:16]		1048572		0		1048572
[20:22:19]		1048572		0		1048572
[20:22:22]		1048572		0		1048572
[20:22:25]		1048572		0		1048572
[20:22:28]		1048572		0		1048572
[20:22:31]		1048572		0		1048572
[20:22:34]		1048572		0		1048572
[20:22:37]		1048572		0		1048572
[20:22:40]		1048572		0		1048572
[20:22:43]		1048572		0		1048572
[20:22:46]		1048572		0		1048572
[20:22:49]		1048572		0		1048572
[20:22:52]		1048572		0		1048572
[20:22:55]		1048572		0		1048572
[20:22:58]		1048572		0		1048572
[20:23:01]		1048572		0		1048572
[20:23:04]		1048572		0		1048572
[20:23:07]		1048572		0		1048572
[20:23:10]		1048572		0		1048572
[20:23:13]		1048572		0		1048572
[20:23:16]		1048572		0		1048572
[20:23:19]		1048572		0		1048572
[20:23:22]		1048572		0		1048572
[20:23:25]		1048572		0		1048572
[20:23:28]		1048572		0		1048572
[20:23:31]		1048572		0		1048572
[20:23:34]		1048572		0		1048572
[20:23:37]		1048572		0		1048572
[20:23:40]		1048572		0		1048572
[20:23:43]		1048572		0		1048572
[20:23:46]		1048572		0		1048572
[20:23:49]		1048572		0		1048572
[20:23:52]		1048572		0		1048572
[20:23:55]		1048572		0		1048572
[20:23:58]		1048572		0		1048572
[20:24:01]		1048572		0		1048572
[20:24:04]		1048572		0		1048572
[20:24:07]		1048572		0		1048572
[20:24:10]		1048572		0		1048572
[20:24:13]		1048572		0		1048572
[20:24:16]		1048572		0		1048572
[20:24:19]		1048572		0		1048572
[20:24:22]		1048572		0		1048572
[20:24:25]		1048572		0		1048572
[20:24:28]		1048572		0		1048572
[20:24:31]		1048572		0		1048572
[20:24:34]		1048572		0		1048572
[20:24:37]		1048572		0		1048572
[20:24:40]		1048572		0		1048572
[20:24:43]		1048572		0		1048572
[20:24:46]		1048572		0		1048572
[20:24:49]		1048572		0		1048572
[20:24:52]		1048572		0		1048572
[20:24:55]		1048572		0		1048572
[20:24:58]		1048572		0		1048572
[20:25:01]		1048572		0		1048572
[20:25:04]		1048572		0		1048572
[20:25:07]		1048572		0		1048572
[20:25:10]		1048572		0		1048572
[20:25:13]		1048572		0		1048572
[20:25:16]		1048572		0		1048572
[20:25:19]		1048572		0		1048572
[20:25:22]		1048572		0		1048572
[20:25:25]		1048572		0		1048572
[20:25:28]		1048572		0		1048572
[20:25:31]		1048572		0		1048572
[20:25:34]		1048572		0		1048572
[20:25:37]		1048572		0		1048572
[20:25:40]		1048572		0		1048572
[20:25:43]		1048572		0		1048572
[20:25:46]		1048572		0		1048572
[20:25:49]		1048572		0		1048572
[20:25:52]		1048572		0		1048572
[20:25:55]		1048572		0		1048572
[20:25:58]		1048572		0		1048572
[20:26:01]		1048572		0		1048572
[20:26:04]		1048572		0		1048572
[20:26:07]		1048572		0		1048572
[20:26:10]		1048572		0		1048572
[20:26:13]		1048572		0		1048572
[20:26:16]		1048572		0		1048572
[20:26:19]		1048572		0		1048572
[20:26:22]		1048572		0		1048572
[20:26:25]		1048572		0		1048572
[20:26:28]		1048572		0		1048572
[20:26:31]		1048572		0		1048572
[20:26:34]		1048572		0		1048572
[20:26:37]		1048572		0		1048572
[20:26:40]		1048572		0		1048572
[20:26:43]		1048572		0		1048572
[20:26:46]		1048572		0		1048572
[20:26:49]		1048572		0		1048572
[20:26:52]		1048572		0		1048572
[20:26:55]		1048572		0		1048572
[20:26:58]		1048572		0		1048572
[20:27:01]		1048572		0		1048572
[20:27:04]		1048572		0		1048572
[20:27:07]		1048572		0		1048572
[20:27:10]		1048572		0		1048572
[20:27:13]		1048572		0		1048572
[20:27:16]		1048572		0		1048572
[20:27:19]		1048572		0		1048572
[20:27:22]		1048572		0		1048572
[20:27:25]		1048572		0		1048572
[20:27:28]		1048572		0		1048572
[20:27:31]		1048572		0		1048572
[20:27:34]		1048572		0		1048572
[20:27:37]		1048572		0		1048572
[20:27:40]		1048572		0		1048572
[20:27:43]		1048572		0		1048572
[20:27:46]		1048572		0		1048572
[20:27:49]		1048572		0		1048572
[20:27:52]		1048572		0		1048572
[20:27:55]		1048572		0		1048572
[20:27:58]		1048572		0		1048572
[20:28:01]		1048572		0		1048572
[20:28:04]		1048572		0		1048572
[20:28:07]		1048572		0		1048572
[20:28:10]		1048572		0		1048572
[20:28:13]		1048572		0		1048572
[20:28:16]		1048572		0		1048572
[20:28:19]		1048572		0		1048572
[20:28:22]		1048572		0		1048572
[20:28:25]		1048572		0		1048572
[20:28:28]		1048572		0		1048572
[20:28:31]		1048572		0		1048572
[20:28:34]		1048572		0		1048572
[20:28:37]		1048572		0		1048572
[20:28:40]		1048572		0		1048572
[20:28:43]		1048572		0		1048572
[20:28:46]		1048572		0		1048572
[20:28:49]		1048572		0		1048572
[20:28:52]		1048572		0		1048572
[20:28:55]		1048572		0		1048572
[20:28:58]		1048572		0		1048572
[20:29:01]		1048572		0		1048572
[20:29:04]		1048572		0		1048572
[20:29:07]		1048572		0		1048572
[20:29:10]		1048572		0		1048572
[20:29:13]		1048572		0		1048572
[20:29:16]		1048572		0		1048572
[20:29:19]		1048572		0		1048572
[20:29:22]		1048572		0		1048572
[20:29:25]		1048572		0		1048572
[20:29:28]		1048572		0		1048572
[20:29:31]		1048572		0		1048572
[20:29:34]		1048572		0		1048572
[20:29:37]		1048572		0		1048572
[20:29:40]		1048572		0		1048572
[20:29:43]		1048572		0		1048572
[20:29:46]		1048572		0		1048572
[20:29:49]		1048572		0		1048572
[20:29:52]		1048572		0		1048572
[20:29:55]		1048572		0		1048572
[20:29:58]		1048572		0		1048572
[20:30:01]		1048572		0		1048572
[20:30:04]		1048572		0		1048572
[20:30:07]		1048572		0		1048572
[20:30:10]		1048572		0		1048572
[20:30:13]		1048572		0		1048572
[20:30:16]		1048572		0		1048572
[20:30:19]		1048572		0		1048572
[20:30:22]		1048572		0		1048572
[20:30:25]		1048572		0		1048572
[20:30:28]		1048572		0		1048572
[20:30:31]		1048572		0		1048572
[20:30:34]		1048572		0		1048572
[20:30:37]		1048572		0		1048572
[20:30:40]		1048572		0		1048572
[20:30:43]		1048572		0		1048572
[20:30:46]		1048572		0		1048572
[20:30:49]		1048572		0		1048572
[20:30:52]		1048572		0		1048572
[20:30:55]		1048572		0		1048572
[20:30:58]		1048572		0		1048572
[20:31:01]		1048572		0		1048572
[20:31:04]		1048572		0		1048572
[20:31:07]		1048572		0		1048572
[20:31:10]		1048572		0		1048572
[20:31:13]		1048572		0		1048572
[20:31:16]		1048572		0		1048572
[20:31:19]		1048572		0		1048572
[20:31:22]		1048572		0		1048572
[20:31:25]		1048572		0		1048572
[20:31:28]		1048572		0		1048572
[20:31:31]		1048572		0		1048572
[20:31:34]		1048572		0		1048572
[20:31:37]		1048572		0		1048572
[20:31:40]		1048572		0		1048572
[20:31:43]		1048572		0		1048572
[20:31:46]		1048572		0		1048572
[20:31:49]		1048572		0		1048572
[20:31:52]		1048572		0		1048572
[20:31:55]		1048572		0		1048572
[20:31:58]		1048572		0		1048572
[20:32:01]		1048572		0		1048572
[20:32:04]		1048572		0		1048572
[20:32:07]		1048572		0		1048572
[20:32:10]		1048572		0		1048572
[20:32:13]		1048572		0		1048572
[20:32:16]		1048572		0		1048572
[20:32:19]		1048572		0		1048572
[20:32:22]		1048572		0		1048572
[20:32:25]		1048572		0		1048572
[20:32:28]		1048572		0		1048572
[20:32:31]		1048572		0		1048572
[20:32:34]		1048572		0		1048572
[20:32:37]		1048572		0		1048572
[20:32:40]		1048572		0		1048572
[20:32:43]		1048572		0		1048572
[20:32:46]		1048572		0		1048572
[20:32:49]		1048572		0		1048572
[20:32:52]		1048572		0		1048572
[20:32:55]		1048572		0		1048572
[20:32:58]		1048572		0		1048572
[20:33:01]		1048572		0		1048572
[20:33:04]		1048572		0		1048572
[20:33:07]		1048572		0		1048572
[20:33:10]		1048572		0		1048572
[20:33:13]		1048572		0		1048572
[20:33:16]		1048572		0		1048572
[20:33:19]		1048572		0		1048572
[20:33:22]		1048572		0		1048572
[20:33:25]		1048572		0		1048572
[20:33:28]		1048572		0		1048572
[20:33:31]		1048572		0		1048572
[20:33:34]		1048572		0		1048572
[20:33:37]		1048572		0		1048572
[20:33:40]		1048572		0		1048572
[20:33:43]		1048572		0		1048572
[20:33:46]		1048572		0		1048572
[20:33:49]		1048572		0		1048572
[20:33:52]		1048572		0		1048572
[20:33:55]		1048572		0		1048572
[20:33:58]		1048572		0		1048572
[20:34:01]		1048572		0		1048572
[20:34:04]		1048572		0		1048572
[20:34:07]		1048572		0		1048572
[20:34:10]		1048572		0		1048572
[20:34:13]		1048572		0		1048572
[20:34:16]		1048572		0		1048572
[20:34:19]		1048572		0		1048572
[20:34:22]		1048572		0		1048572
[20:34:25]		1048572		0		1048572
[20:34:28]		1048572		0		1048572
[20:34:31]		1048572		0		1048572
[20:34:34]		1048572		0		1048572
[20:34:37]		1048572		0		1048572
[20:34:40]		1048572		0		1048572
[20:34:43]		1048572		0		1048572
[20:34:47]		1048572		0		1048572
[20:34:50]		1048572		0		1048572
[20:34:53]		1048572		0		1048572
[20:34:56]		1048572		0		1048572
[20:34:59]		1048572		0		1048572
[20:35:02]		1048572		0		1048572
[20:35:05]		1048572		0		1048572
[20:35:08]		1048572		0		1048572
[20:35:11]		1048572		0		1048572
[20:35:14]		1048572		0		1048572
[20:35:17]		1048572		0		1048572
[20:35:20]		1048572		0		1048572
[20:35:23]		1048572		0		1048572
[20:35:26]		1048572		0		1048572
[20:35:29]		1048572		0		1048572
[20:35:32]		1048572		0		1048572
[20:35:35]		1048572		0		1048572
[20:35:38]		1048572		0		1048572
[20:35:41]		1048572		0		1048572
[20:35:44]		1048572		0		1048572
[20:35:47]		1048572		0		1048572
[20:35:50]		1048572		0		1048572
[20:35:53]		1048572		0		1048572
[20:35:56]		1048572		0		1048572
[20:35:59]		1048572		0		1048572
[20:36:02]		1048572		0		1048572
[20:36:05]		1048572		0		1048572
[20:36:08]		1048572		0		1048572
[20:36:11]		1048572		0		1048572
[20:36:14]		1048572		0		1048572
[20:36:17]		1048572		0		1048572
[20:36:20]		1048572		0		1048572
[20:36:23]		1048572		0		1048572
[20:36:26]		1048572		0		1048572
[20:36:29]		1048572		0		1048572
[20:36:32]		1048572		0		1048572
[20:36:35]		1048572		0		1048572
[20:36:38]		1048572		0		1048572
[20:36:41]		1048572		0		1048572
[20:36:44]		1048572		0		1048572
[20:36:47]		1048572		0		1048572
[20:36:50]		1048572		0		1048572
[20:36:53]		1048572		0		1048572
[20:36:56]		1048572		0		1048572
[20:36:59]		1048572		0		1048572
[20:37:02]		1048572		0		1048572
[20:37:05]		1048572		0		1048572
[20:37:08]		1048572		0		1048572
[20:37:11]		1048572		0		1048572
[20:37:14]		1048572		0		1048572
[20:37:17]		1048572		0		1048572
[20:37:20]		1048572		0		1048572
[20:37:23]		1048572		0		1048572
[20:37:26]		1048572		0		1048572
[20:37:29]		1048572		0		1048572
[20:37:32]		1048572		0		1048572
[20:37:35]		1048572		0		1048572
[20:37:38]		1048572		0		1048572
[20:37:41]		1048572		0		1048572
[20:37:44]		1048572		0		1048572
[20:37:47]		1048572		0		1048572
[20:37:50]		1048572		0		1048572
[20:37:53]		1048572		0		1048572
[20:37:56]		1048572		0		1048572
[20:37:59]		1048572		0		1048572
[20:38:02]		1048572		0		1048572
[20:38:05]		1048572		0		1048572
[20:38:08]		1048572		0		1048572
[20:38:11]		1048572		0		1048572
[20:38:14]		1048572		0		1048572
[20:38:17]		1048572		0		1048572
[20:38:20]		1048572		0		1048572
[20:38:23]		1048572		0		1048572
[20:38:26]		1048572		0		1048572
[20:38:29]		1048572		0		1048572
[20:38:32]		1048572		0		1048572
[20:38:35]		1048572		0		1048572
[20:38:38]		1048572		0		1048572
[20:38:41]		1048572		0		1048572
[20:38:44]		1048572		0		1048572
[20:38:47]		1048572		0		1048572
[20:38:50]		1048572		0		1048572
[20:38:53]		1048572		0		1048572
[20:38:56]		1048572		0		1048572
[20:38:59]		1048572		0		1048572
[20:39:02]		1048572		0		1048572
[20:39:05]		1048572		0		1048572
[20:39:08]		1048572		0		1048572
[20:39:11]		1048572		0		1048572
[20:39:14]		1048572		0		1048572
[20:39:17]		1048572		0		1048572
[20:39:20]		1048572		0		1048572
[20:39:23]		1048572		0		1048572
[20:39:26]		1048572		0		1048572
[20:39:29]		1048572		0		1048572
[20:39:32]		1048572		0		1048572
[20:39:35]		1048572		0		1048572
[20:39:38]		1048572		0		1048572
[20:39:41]		1048572		0		1048572
[20:39:44]		1048572		0		1048572
[20:39:47]		1048572		0		1048572
[20:39:50]		1048572		0		1048572
[20:39:53]		1048572		0		1048572
[20:39:56]		1048572		0		1048572
[20:39:59]		1048572		0		1048572
[20:40:02]		1048572		0		1048572
[20:40:05]		1048572		0		1048572
[20:40:08]		1048572		0		1048572
[20:40:11]		1048572		0		1048572
[20:40:14]		1048572		0		1048572
[20:40:17]		1048572		0		1048572
[20:40:20]		1048572		0		1048572
[20:40:23]		1048572		0		1048572
[20:40:26]		1048572		0		1048572
[20:40:29]		1048572		0		1048572
[20:40:32]		1048572		0		1048572
[20:40:35]		1048572		0		1048572
[20:40:38]		1048572		0		1048572
[20:40:41]		1048572		0		1048572
[20:40:44]		1048572		0		1048572
[20:40:47]		1048572		0		1048572
[20:40:50]		1048572		0		1048572
[20:40:53]		1048572		0		1048572
[20:40:56]		1048572		0		1048572
[20:40:59]		1048572		0		1048572
[20:41:02]		1048572		0		1048572
[20:41:05]		1048572		0		1048572
[20:41:08]		1048572		0		1048572
[20:41:11]		1048572		0		1048572
[20:41:14]		1048572		0		1048572
[20:41:17]		1048572		0		1048572
[20:41:20]		1048572		0		1048572
[20:41:23]		1048572		0		1048572
[20:41:26]		1048572		0		1048572
[20:41:29]		1048572		0		1048572
[20:41:32]		1048572		0		1048572
[20:41:35]		1048572		0		1048572
[20:41:38]		1048572		0		1048572
[20:41:41]		1048572		0		1048572
[20:41:44]		1048572		0		1048572
[20:41:47]		1048572		0		1048572
[20:41:50]		1048572		0		1048572
[20:41:53]		1048572		0		1048572
[20:41:56]		1048572		0		1048572
[20:41:59]		1048572		0		1048572
[20:42:02]		1048572		0		1048572
[20:42:05]		1048572		0		1048572
[20:42:08]		1048572		0		1048572
[20:42:11]		1048572		0		1048572
[20:42:14]		1048572		0		1048572
[20:42:17]		1048572		0		1048572
[20:42:20]		1048572		0		1048572
[20:42:23]		1048572		0		1048572
[20:42:26]		1048572		0		1048572
[20:42:29]		1048572		0		1048572
[20:42:32]		1048572		0		1048572
[20:42:35]		1048572		0		1048572
[20:42:38]		1048572		0		1048572
[20:42:41]		1048572		0		1048572
[20:42:44]		1048572		0		1048572
[20:42:47]		1048572		0		1048572
[20:42:50]		1048572		0		1048572
[20:42:53]		1048572		0		1048572
[20:42:56]		1048572		0		1048572
[20:42:59]		1048572		0		1048572
[20:43:02]		1048572		0		1048572
[20:43:05]		1048572		0		1048572
[20:43:08]		1048572		0		1048572
[20:43:11]		1048572		0		1048572
[20:43:14]		1048572		0		1048572
[20:43:17]		1048572		0		1048572
[20:43:20]		1048572		0		1048572
[20:43:23]		1048572		0		1048572
[20:43:26]		1048572		0		1048572
[20:43:29]		1048572		0		1048572
[20:43:32]		1048572		0		1048572
[20:43:35]		1048572		0		1048572
[20:43:38]		1048572		0		1048572
[20:43:41]		1048572		0		1048572
[20:43:44]		1048572		0		1048572
[20:43:47]		1048572		0		1048572
[20:43:50]		1048572		0		1048572
[20:43:53]		1048572		0		1048572
[20:43:56]		1048572		0		1048572
[20:43:59]		1048572		0		1048572
[20:44:02]		1048572		0		1048572
[20:44:05]		1048572		0		1048572
[20:44:08]		1048572		0		1048572
[20:44:11]		1048572		0		1048572
[20:44:14]		1048572		0		1048572
[20:44:17]		1048572		0		1048572
[20:44:20]		1048572		0		1048572
[20:44:23]		1048572		0		1048572
[20:44:26]		1048572		0		1048572
[20:44:29]		1048572		0		1048572
[20:44:32]		1048572		0		1048572
[20:44:35]		1048572		0		1048572
[20:44:38]		1048572		0		1048572
[20:44:41]		1048572		0		1048572
[20:44:44]		1048572		0		1048572
[20:44:47]		1048572		0		1048572
[20:44:50]		1048572		0		1048572
[20:44:53]		1048572		0		1048572
[20:44:56]		1048572		0		1048572
[20:44:59]		1048572		0		1048572
[20:45:02]		1048572		0		1048572
[20:45:05]		1048572		0		1048572
[20:45:08]		1048572		0		1048572
[20:45:11]		1048572		0		1048572
[20:45:14]		1048572		0		1048572
[20:45:17]		1048572		0		1048572
[20:45:20]		1048572		0		1048572
[20:45:23]		1048572		0		1048572
[20:45:26]		1048572		0		1048572
[20:45:29]		1048572		0		1048572
[20:45:32]		1048572		0		1048572
[20:45:35]		1048572		0		1048572
[20:45:38]		1048572		0		1048572
[20:45:41]		1048572		0		1048572
[20:45:44]		1048572		0		1048572
[20:45:47]		1048572		0		1048572
[20:45:50]		1048572		0		1048572
[20:45:53]		1048572		0		1048572
[20:45:56]		1048572		0		1048572
[20:45:59]		1048572		0		1048572
[20:46:02]		1048572		0		1048572
[20:46:05]		1048572		0		1048572
[20:46:08]		1048572		0		1048572
[20:46:11]		1048572		0		1048572
[20:46:14]		1048572		0		1048572
[20:46:17]		1048572		0		1048572
[20:46:20]		1048572		0		1048572
[20:46:23]		1048572		0		1048572
[20:46:26]		1048572		0		1048572
[20:46:29]		1048572		0		1048572
[20:46:32]		1048572		0		1048572
[20:46:35]		1048572		0		1048572
[20:46:38]		1048572		0		1048572
[20:46:41]		1048572		0		1048572
[20:46:44]		1048572		0		1048572
[20:46:47]		1048572		0		1048572
[20:46:50]		1048572		0		1048572
[20:46:53]		1048572		0		1048572
[20:46:56]		1048572		0		1048572
[20:46:59]		1048572		0		1048572
[20:47:02]		1048572		0		1048572
[20:47:05]		1048572		0		1048572
[20:47:08]		1048572		0		1048572
[20:47:11]		1048572		0		1048572
[20:47:14]		1048572		0		1048572
[20:47:17]		1048572		0		1048572
[20:47:20]		1048572		0		1048572
[20:47:23]		1048572		0		1048572
[20:47:26]		1048572		0		1048572
[20:47:29]		1048572		0		1048572
[20:47:32]		1048572		0		1048572
[20:47:35]		1048572		0		1048572
[20:47:38]		1048572		0		1048572
[20:47:41]		1048572		0		1048572
[20:47:44]		1048572		0		1048572
[20:47:47]		1048572		0		1048572
[20:47:50]		1048572		0		1048572
[20:47:54]		1048572		0		1048572
[20:47:57]		1048572		0		1048572
[20:48:00]		1048572		0		1048572
[20:48:03]		1048572		0		1048572
[20:48:06]		1048572		0		1048572
[20:48:09]		1048572		0		1048572
[20:48:12]		1048572		0		1048572
[20:48:15]		1048572		0		1048572
[20:48:18]		1048572		0		1048572
[20:48:21]		1048572		0		1048572
[20:48:24]		1048572		0		1048572
[20:48:27]		1048572		0		1048572
[20:48:30]		1048572		0		1048572
[20:48:33]		1048572		0		1048572
[20:48:36]		1048572		0		1048572
[20:48:39]		1048572		0		1048572
[20:48:42]		1048572		0		1048572
[20:48:45]		1048572		0		1048572
[20:48:48]		1048572		0		1048572
[20:48:51]		1048572		0		1048572
[20:48:54]		1048572		0		1048572
[20:48:57]		1048572		0		1048572
[20:49:00]		1048572		0		1048572
[20:49:03]		1048572		0		1048572
[20:49:06]		1048572		0		1048572
[20:49:09]		1048572		0		1048572
[20:49:12]		1048572		0		1048572
[20:49:15]		1048572		0		1048572
[20:49:18]		1048572		0		1048572
[20:49:21]		1048572		0		1048572
[20:49:24]		1048572		0		1048572
[20:49:27]		1048572		0		1048572
[20:49:30]		1048572		0		1048572
[20:49:33]		1048572		0		1048572
[20:49:36]		1048572		0		1048572
[20:49:39]		1048572		0		1048572
[20:49:42]		1048572		0		1048572
[20:49:45]		1048572		0		1048572
[20:49:48]		1048572		0		1048572
[20:49:51]		1048572		0		1048572
[20:49:54]		1048572		0		1048572
[20:49:57]		1048572		0		1048572
[20:50:00]		1048572		0		1048572
[20:50:03]		1048572		0		1048572
[20:50:06]		1048572		0		1048572
[20:50:09]		1048572		0		1048572
[20:50:12]		1048572		0		1048572
[20:50:15]		1048572		0		1048572
[20:50:18]		1048572		0		1048572
[20:50:21]		1048572		0		1048572
[20:50:24]		1048572		0		1048572
[20:50:27]		1048572		0		1048572
[20:50:30]		1048572		0		1048572
[20:50:33]		1048572		0		1048572
[20:50:36]		1048572		0		1048572
[20:50:39]		1048572		0		1048572
[20:50:42]		1048572		0		1048572
[20:50:45]		1048572		0		1048572
[20:50:48]		1048572		0		1048572
[20:50:51]		1048572		0		1048572
[20:50:54]		1048572		0		1048572
[20:50:57]		1048572		0		1048572
[20:51:00]		1048572		0		1048572
[20:51:03]		1048572		0		1048572
[20:51:06]		1048572		0		1048572
[20:51:09]		1048572		0		1048572
[20:51:12]		1048572		0		1048572
[20:51:15]		1048572		0		1048572
[20:51:18]		1048572		0		1048572
[20:51:21]		1048572		0		1048572
[20:51:24]		1048572		0		1048572
[20:51:27]		1048572		0		1048572
[20:51:30]		1048572		0		1048572
[20:51:33]		1048572		0		1048572
[20:51:36]		1048572		0		1048572
[20:51:39]		1048572		0		1048572
[20:51:42]		1048572		0		1048572
[20:51:45]		1048572		0		1048572
[20:51:48]		1048572		0		1048572
[20:51:51]		1048572		0		1048572
[20:51:54]		1048572		0		1048572
[20:51:57]		1048572		0		1048572
[20:52:00]		1048572		0		1048572
[20:52:03]		1048572		0		1048572
[20:52:06]		1048572		0		1048572
[20:52:09]		1048572		0		1048572
[20:52:12]		1048572		0		1048572
[20:52:15]		1048572		0		1048572
[20:52:18]		1048572		0		1048572
[20:52:21]		1048572		0		1048572
[20:52:24]		1048572		0		1048572
[20:52:27]		1048572		0		1048572
[20:52:30]		1048572		0		1048572
[20:52:33]		1048572		0		1048572
[20:52:36]		1048572		0		1048572
[20:52:39]		1048572		0		1048572
[20:52:42]		1048572		0		1048572
[20:52:45]		1048572		0		1048572
[20:52:48]		1048572		0		1048572
[20:52:51]		1048572		0		1048572
[20:52:54]		1048572		0		1048572
[20:52:57]		1048572		0		1048572
[20:53:00]		1048572		0		1048572
[20:53:03]		1048572		0		1048572
[20:53:06]		1048572		0		1048572
[20:53:09]		1048572		0		1048572
[20:53:12]		1048572		0		1048572
[20:53:15]		1048572		0		1048572
[20:53:18]		1048572		0		1048572
[20:53:21]		1048572		0		1048572
[20:53:24]		1048572		0		1048572
[20:53:27]		1048572		0		1048572
[20:53:30]		1048572		0		1048572
[20:53:33]		1048572		0		1048572
[20:53:36]		1048572		0		1048572
[20:53:39]		1048572		0		1048572
[20:53:42]		1048572		0		1048572
[20:53:45]		1048572		0		1048572
[20:53:48]		1048572		0		1048572
[20:53:51]		1048572		0		1048572
[20:53:54]		1048572		0		1048572
[20:53:57]		1048572		0		1048572
[20:54:00]		1048572		0		1048572
[20:54:03]		1048572		0		1048572
[20:54:06]		1048572		0		1048572
[20:54:09]		1048572		0		1048572
[20:54:12]		1048572		0		1048572
[20:54:15]		1048572		0		1048572
[20:54:18]		1048572		0		1048572
[20:54:21]		1048572		0		1048572
[20:54:24]		1048572		0		1048572
[20:54:27]		1048572		0		1048572
[20:54:30]		1048572		0		1048572
[20:54:33]		1048572		0		1048572
[20:54:36]		1048572		0		1048572
[20:54:39]		1048572		0		1048572
[20:54:42]		1048572		0		1048572
[20:54:45]		1048572		0		1048572
