record in kb
time		total		used		free
[15:28:51]		1048572		0		1048572
[15:28:54]		1048572		0		1048572
[15:28:57]		1048572		0		1048572
[15:29:00]		1048572		0		1048572
[15:29:03]		1048572		0		1048572
[15:29:06]		1048572		0		1048572
[15:29:09]		1048572		0		1048572
[15:29:12]		1048572		0		1048572
[15:29:15]		1048572		0		1048572
[15:29:18]		1048572		0		1048572
[15:29:21]		1048572		0		1048572
[15:29:24]		1048572		0		1048572
[15:29:27]		1048572		0		1048572
[15:29:30]		1048572		0		1048572
[15:29:33]		1048572		0		1048572
[15:29:36]		1048572		0		1048572
[15:29:39]		1048572		0		1048572
[15:29:42]		1048572		0		1048572
[15:29:45]		1048572		0		1048572
[15:29:48]		1048572		0		1048572
[15:29:51]		1048572		0		1048572
[15:29:54]		1048572		0		1048572
[15:29:57]		1048572		0		1048572
[15:30:00]		1048572		0		1048572
[15:30:04]		1048572		0		1048572
[15:30:07]		1048572		0		1048572
[15:30:10]		1048572		0		1048572
[15:30:13]		1048572		0		1048572
[15:30:16]		1048572		0		1048572
[15:30:19]		1048572		0		1048572
[15:30:22]		1048572		0		1048572
[15:30:25]		1048572		0		1048572
[15:30:28]		1048572		0		1048572
[15:30:31]		1048572		0		1048572
[15:30:34]		1048572		0		1048572
[15:30:37]		1048572		0		1048572
[15:30:40]		1048572		0		1048572
[15:30:43]		1048572		0		1048572
[15:30:46]		1048572		0		1048572
[15:30:49]		1048572		0		1048572
[15:30:52]		1048572		0		1048572
[15:30:55]		1048572		0		1048572
[15:30:58]		1048572		0		1048572
[15:31:01]		1048572		0		1048572
[15:31:04]		1048572		0		1048572
[15:31:07]		1048572		0		1048572
[15:31:10]		1048572		0		1048572
[15:31:13]		1048572		4		1048568
[15:31:16]		1048572		48		1048524
[15:31:19]		1048572		540		1048032
[15:31:22]		1048572		616		1047956
[15:31:25]		1048572		668		1047904
[15:31:28]		1048572		736		1047836
[15:31:31]		1048572		840		1047732
[15:31:34]		1048572		864		1047708
[15:31:37]		1048572		864		1047708
[15:31:40]		1048572		864		1047708
[15:31:43]		1048572		864		1047708
[15:31:46]		1048572		864		1047708
[15:31:49]		1048572		1052		1047520
[15:31:52]		1048572		1412		1047160
[15:31:55]		1048572		1412		1047160
[15:31:58]		1048572		1636		1046936
[15:32:01]		1048572		1680		1046892
[15:32:04]		1048572		1680		1046892
[15:32:07]		1048572		1716		1046856
[15:32:10]		1048572		1748		1046824
[15:32:13]		1048572		2204		1046368
[15:32:16]		1048572		3316		1045256
[15:32:19]		1048572		3828		1044744
[15:32:22]		1048572		4112		1044460
[15:32:25]		1048572		4156		1044416
[15:32:28]		1048572		4156		1044416
[15:32:31]		1048572		4156		1044416
[15:32:34]		1048572		4384		1044188
[15:32:37]		1048572		4652		1043920
[15:32:40]		1048572		4792		1043780
[15:32:43]		1048572		4824		1043748
[15:32:46]		1048572		4824		1043748
[15:32:49]		1048572		4824		1043748
[15:32:52]		1048572		4824		1043748
[15:32:55]		1048572		4824		1043748
[15:32:58]		1048572		4824		1043748
[15:33:01]		1048572		4824		1043748
[15:33:04]		1048572		4824		1043748
[15:33:07]		1048572		4824		1043748
[15:33:10]		1048572		4824		1043748
[15:33:13]		1048572		4824		1043748
[15:33:16]		1048572		4824		1043748
[15:33:19]		1048572		4824		1043748
[15:33:22]		1048572		4824		1043748
[15:33:25]		1048572		4824		1043748
[15:33:28]		1048572		4824		1043748
[15:33:31]		1048572		4824		1043748
[15:33:34]		1048572		4824		1043748
[15:33:37]		1048572		4824		1043748
[15:33:40]		1048572		4844		1043728
[15:33:43]		1048572		4988		1043584
[15:33:46]		1048572		4988		1043584
[15:33:49]		1048572		4988		1043584
[15:33:52]		1048572		4988		1043584
[15:33:55]		1048572		5040		1043532
[15:33:58]		1048572		5040		1043532
[15:34:01]		1048572		5040		1043532
[15:34:04]		1048572		5040		1043532
[15:34:07]		1048572		5120		1043452
[15:34:10]		1048572		5124		1043448
[15:34:13]		1048572		5124		1043448
[15:34:16]		1048572		6532		1042040
[15:34:19]		1048572		6532		1042040
[15:34:22]		1048572		7636		1040936
[15:34:25]		1048572		7948		1040624
[15:34:28]		1048572		8028		1040544
[15:34:31]		1048572		8064		1040508
[15:34:34]		1048572		8096		1040476
[15:34:37]		1048572		8472		1040100
[15:34:40]		1048572		8872		1039700
[15:34:43]		1048572		8872		1039700
[15:34:46]		1048572		8872		1039700
[15:34:49]		1048572		8872		1039700
[15:34:52]		1048572		8872		1039700
[15:34:55]		1048572		8872		1039700
[15:34:58]		1048572		8872		1039700
[15:35:01]		1048572		8872		1039700
[15:35:04]		1048572		8872		1039700
[15:35:07]		1048572		8872		1039700
[15:35:10]		1048572		8872		1039700
[15:35:13]		1048572		8872		1039700
[15:35:16]		1048572		9788		1038784
[15:35:19]		1048572		10452		1038120
[15:35:22]		1048572		10452		1038120
[15:35:25]		1048572		10452		1038120
[15:35:28]		1048572		10452		1038120
[15:35:31]		1048572		10452		1038120
[15:35:34]		1048572		10452		1038120
[15:35:37]		1048572		10452		1038120
[15:35:40]		1048572		10452		1038120
[15:35:43]		1048572		10452		1038120
[15:35:46]		1048572		10452		1038120
[15:35:49]		1048572		10452		1038120
[15:35:52]		1048572		10452		1038120
[15:35:55]		1048572		10452		1038120
[15:35:58]		1048572		10452		1038120
[15:36:01]		1048572		10452		1038120
[15:36:04]		1048572		10452		1038120
[15:36:07]		1048572		10452		1038120
[15:36:10]		1048572		10452		1038120
[15:36:13]		1048572		10452		1038120
[15:36:16]		1048572		10452		1038120
[15:36:19]		1048572		10452		1038120
[15:36:22]		1048572		10452		1038120
[15:36:25]		1048572		10452		1038120
[15:36:28]		1048572		10452		1038120
[15:36:31]		1048572		10460		1038112
[15:36:34]		1048572		10460		1038112
[15:36:37]		1048572		10460		1038112
[15:36:40]		1048572		10460		1038112
[15:36:43]		1048572		10460		1038112
[15:36:46]		1048572		10460		1038112
[15:36:49]		1048572		13280		1035292
[15:36:52]		1048572		13720		1034852
[15:36:55]		1048572		13904		1034668
[15:36:58]		1048572		13904		1034668
[15:37:01]		1048572		13904		1034668
[15:37:04]		1048572		13904		1034668
[15:37:07]		1048572		13904		1034668
[15:37:10]		1048572		13904		1034668
[15:37:13]		1048572		13964		1034608
[15:37:16]		1048572		14160		1034412
[15:37:19]		1048572		14528		1034044
[15:37:22]		1048572		14892		1033680
[15:37:25]		1048572		14892		1033680
[15:37:28]		1048572		14892		1033680
[15:37:31]		1048572		14892		1033680
[15:37:34]		1048572		14892		1033680
[15:37:37]		1048572		14892		1033680
[15:37:40]		1048572		14892		1033680
[15:37:43]		1048572		14892		1033680
[15:37:46]		1048572		14892		1033680
[15:37:49]		1048572		14892		1033680
[15:37:52]		1048572		14892		1033680
[15:37:55]		1048572		14892		1033680
[15:37:58]		1048572		14892		1033680
[15:38:01]		1048572		14892		1033680
[15:38:04]		1048572		14892		1033680
[15:38:07]		1048572		14892		1033680
[15:38:10]		1048572		14892		1033680
[15:38:13]		1048572		14976		1033596
[15:38:16]		1048572		15152		1033420
[15:38:19]		1048572		15152		1033420
[15:38:22]		1048572		15152		1033420
[15:38:25]		1048572		15152		1033420
[15:38:28]		1048572		15152		1033420
[15:38:31]		1048572		15152		1033420
[15:38:34]		1048572		15152		1033420
[15:38:37]		1048572		15152		1033420
[15:38:40]		1048572		15172		1033400
[15:38:43]		1048572		15172		1033400
[15:38:46]		1048572		15172		1033400
[15:38:49]		1048572		15172		1033400
[15:38:52]		1048572		17404		1031168
[15:38:55]		1048572		17680		1030892
[15:38:58]		1048572		17736		1030836
[15:39:01]		1048572		17736		1030836
[15:39:04]		1048572		17740		1030832
[15:39:07]		1048572		17764		1030808
[15:39:10]		1048572		17796		1030776
[15:39:13]		1048572		17796		1030776
[15:39:16]		1048572		17796		1030776
[15:39:19]		1048572		17796		1030776
[15:39:22]		1048572		17796		1030776
[15:39:25]		1048572		17796		1030776
[15:39:28]		1048572		17796		1030776
[15:39:31]		1048572		17796		1030776
[15:39:34]		1048572		17796		1030776
[15:39:37]		1048572		17796		1030776
[15:39:40]		1048572		17796		1030776
[15:39:43]		1048572		17788		1030784
[15:39:46]		1048572		17348		1031224
[15:39:49]		1048572		17348		1031224
[15:39:52]		1048572		17348		1031224
[15:39:55]		1048572		17348		1031224
[15:39:58]		1048572		17348		1031224
[15:40:01]		1048572		17348		1031224
[15:40:04]		1048572		17348		1031224
[15:40:07]		1048572		17348		1031224
[15:40:10]		1048572		17348		1031224
[15:40:13]		1048572		17348		1031224
[15:40:16]		1048572		17348		1031224
[15:40:19]		1048572		17348		1031224
[15:40:22]		1048572		17348		1031224
[15:40:25]		1048572		17348		1031224
[15:40:28]		1048572		17348		1031224
[15:40:31]		1048572		17348		1031224
[15:40:34]		1048572		17348		1031224
[15:40:37]		1048572		17348		1031224
[15:40:40]		1048572		17348		1031224
[15:40:43]		1048572		17348		1031224
[15:40:46]		1048572		17348		1031224
[15:40:49]		1048572		17348		1031224
[15:40:52]		1048572		17348		1031224
[15:40:55]		1048572		18256		1030316
[15:40:58]		1048572		18256		1030316
[15:41:01]		1048572		18256		1030316
[15:41:04]		1048572		18212		1030360
[15:41:07]		1048572		18212		1030360
[15:41:10]		1048572		18212		1030360
[15:41:13]		1048572		18212		1030360
[15:41:16]		1048572		18212		1030360
[15:41:19]		1048572		18212		1030360
[15:41:22]		1048572		18212		1030360
[15:41:25]		1048572		18212		1030360
[15:41:28]		1048572		18096		1030476
[15:41:31]		1048572		18024		1030548
[15:41:34]		1048572		18024		1030548
[15:41:37]		1048572		18024		1030548
[15:41:40]		1048572		18024		1030548
[15:41:43]		1048572		18024		1030548
[15:41:46]		1048572		18032		1030540
[15:41:49]		1048572		18168		1030404
[15:41:52]		1048572		17560		1031012
[15:41:55]		1048572		17560		1031012
[15:41:58]		1048572		17560		1031012
[15:42:01]		1048572		17560		1031012
[15:42:04]		1048572		17560		1031012
[15:42:07]		1048572		17560		1031012
[15:42:10]		1048572		17560		1031012
[15:42:13]		1048572		17560		1031012
[15:42:16]		1048572		17560		1031012
[15:42:19]		1048572		17560		1031012
[15:42:22]		1048572		17560		1031012
[15:42:25]		1048572		17560		1031012
[15:42:28]		1048572		17560		1031012
[15:42:31]		1048572		17560		1031012
[15:42:34]		1048572		17560		1031012
[15:42:37]		1048572		17560		1031012
[15:42:40]		1048572		17560		1031012
[15:42:43]		1048572		17560		1031012
[15:42:46]		1048572		17560		1031012
[15:42:49]		1048572		17560		1031012
[15:42:52]		1048572		17560		1031012
[15:42:55]		1048572		17560		1031012
[15:42:58]		1048572		17560		1031012
[15:43:01]		1048572		18160		1030412
[15:43:04]		1048572		18088		1030484
[15:43:07]		1048572		18088		1030484
[15:43:10]		1048572		18088		1030484
[15:43:13]		1048572		18088		1030484
[15:43:16]		1048572		18200		1030372
[15:43:19]		1048572		18200		1030372
[15:43:22]		1048572		18200		1030372
[15:43:25]		1048572		18200		1030372
[15:43:28]		1048572		18200		1030372
[15:43:31]		1048572		18200		1030372
[15:43:34]		1048572		18200		1030372
[15:43:37]		1048572		18200		1030372
[15:43:40]		1048572		18200		1030372
[15:43:43]		1048572		18200		1030372
[15:43:46]		1048572		18200		1030372
[15:43:49]		1048572		18200		1030372
[15:43:52]		1048572		18200		1030372
[15:43:55]		1048572		17636		1030936
[15:43:58]		1048572		17636		1030936
[15:44:01]		1048572		17636		1030936
[15:44:04]		1048572		17636		1030936
[15:44:07]		1048572		17636		1030936
[15:44:10]		1048572		17636		1030936
[15:44:13]		1048572		17636		1030936
[15:44:16]		1048572		17636		1030936
[15:44:19]		1048572		17636		1030936
[15:44:22]		1048572		17636		1030936
[15:44:25]		1048572		17636		1030936
[15:44:28]		1048572		17636		1030936
[15:44:31]		1048572		17636		1030936
[15:44:34]		1048572		17636		1030936
[15:44:37]		1048572		17636		1030936
[15:44:40]		1048572		17636		1030936
[15:44:43]		1048572		17636		1030936
[15:44:46]		1048572		17636		1030936
[15:44:49]		1048572		17636		1030936
[15:44:52]		1048572		17636		1030936
[15:44:55]		1048572		17636		1030936
[15:44:58]		1048572		17664		1030908
[15:45:01]		1048572		17664		1030908
[15:45:04]		1048572		17636		1030936
[15:45:07]		1048572		17636		1030936
[15:45:10]		1048572		17636		1030936
[15:45:13]		1048572		18324		1030248
[15:45:16]		1048572		18324		1030248
[15:45:19]		1048572		18324		1030248
[15:45:22]		1048572		18324		1030248
[15:45:25]		1048572		18344		1030228
[15:45:28]		1048572		18340		1030232
[15:45:31]		1048572		18340		1030232
[15:45:34]		1048572		18340		1030232
[15:45:37]		1048572		18340		1030232
[15:45:40]		1048572		18340		1030232
[15:45:43]		1048572		18340		1030232
[15:45:46]		1048572		18340		1030232
[15:45:49]		1048572		18340		1030232
[15:45:52]		1048572		18340		1030232
[15:45:55]		1048572		18332		1030240
[15:45:58]		1048572		18332		1030240
[15:46:01]		1048572		18332		1030240
[15:46:04]		1048572		17824		1030748
[15:46:07]		1048572		17824		1030748
[15:46:10]		1048572		17824		1030748
[15:46:13]		1048572		17824		1030748
[15:46:16]		1048572		17824		1030748
[15:46:19]		1048572		17824		1030748
[15:46:22]		1048572		17824		1030748
[15:46:25]		1048572		17824		1030748
[15:46:28]		1048572		17824		1030748
[15:46:31]		1048572		17824		1030748
[15:46:34]		1048572		17824		1030748
[15:46:37]		1048572		17824		1030748
[15:46:40]		1048572		17824		1030748
[15:46:43]		1048572		17824		1030748
[15:46:46]		1048572		17824		1030748
[15:46:49]		1048572		17824		1030748
[15:46:52]		1048572		17824		1030748
[15:46:55]		1048572		17840		1030732
[15:46:58]		1048572		17840		1030732
[15:47:01]		1048572		17824		1030748
[15:47:04]		1048572		18360		1030212
[15:47:07]		1048572		18360		1030212
[15:47:10]		1048572		18288		1030284
[15:47:13]		1048572		18288		1030284
[15:47:16]		1048572		18164		1030408
[15:47:19]		1048572		18100		1030472
[15:47:22]		1048572		18144		1030428
[15:47:25]		1048572		18144		1030428
[15:47:28]		1048572		18144		1030428
[15:47:31]		1048572		18140		1030432
[15:47:34]		1048572		18140		1030432
[15:47:37]		1048572		18140		1030432
[15:47:40]		1048572		18140		1030432
[15:47:43]		1048572		18140		1030432
[15:47:46]		1048572		18140		1030432
[15:47:49]		1048572		18140		1030432
[15:47:52]		1048572		18140		1030432
[15:47:55]		1048572		18140		1030432
[15:47:58]		1048572		18140		1030432
[15:48:01]		1048572		18140		1030432
[15:48:04]		1048572		18140		1030432
[15:48:07]		1048572		17636		1030936
[15:48:10]		1048572		17636		1030936
[15:48:13]		1048572		17636		1030936
[15:48:16]		1048572		17636		1030936
[15:48:19]		1048572		17636		1030936
[15:48:22]		1048572		17636		1030936
[15:48:25]		1048572		17636		1030936
[15:48:28]		1048572		17636		1030936
[15:48:31]		1048572		17636		1030936
[15:48:34]		1048572		17636		1030936
[15:48:37]		1048572		17636		1030936
[15:48:40]		1048572		17636		1030936
[15:48:43]		1048572		17636		1030936
[15:48:46]		1048572		17636		1030936
[15:48:49]		1048572		17636		1030936
[15:48:52]		1048572		17636		1030936
[15:48:55]		1048572		17636		1030936
[15:48:58]		1048572		17636		1030936
[15:49:01]		1048572		17636		1030936
[15:49:04]		1048572		17636		1030936
[15:49:07]		1048572		17636		1030936
[15:49:10]		1048572		17636		1030936
[15:49:13]		1048572		17636		1030936
[15:49:16]		1048572		17656		1030916
[15:49:19]		1048572		18040		1030532
[15:49:22]		1048572		18108		1030464
[15:49:25]		1048572		18108		1030464
[15:49:28]		1048572		18108		1030464
[15:49:31]		1048572		18136		1030436
[15:49:34]		1048572		18188		1030384
[15:49:37]		1048572		18196		1030376
[15:49:40]		1048572		18212		1030360
[15:49:43]		1048572		18212		1030360
[15:49:46]		1048572		18212		1030360
[15:49:49]		1048572		18212		1030360
[15:49:52]		1048572		18212		1030360
[15:49:55]		1048572		18212		1030360
[15:49:58]		1048572		18212		1030360
[15:50:01]		1048572		18212		1030360
[15:50:04]		1048572		18212		1030360
[15:50:07]		1048572		18212		1030360
[15:50:10]		1048572		18188		1030384
[15:50:13]		1048572		17636		1030936
[15:50:16]		1048572		17636		1030936
[15:50:19]		1048572		17636		1030936
[15:50:22]		1048572		17636		1030936
[15:50:25]		1048572		17636		1030936
[15:50:28]		1048572		17636		1030936
[15:50:31]		1048572		17636		1030936
[15:50:34]		1048572		17636		1030936
[15:50:37]		1048572		17636		1030936
[15:50:40]		1048572		17636		1030936
[15:50:43]		1048572		17636		1030936
[15:50:46]		1048572		17636		1030936
[15:50:49]		1048572		17636		1030936
[15:50:52]		1048572		17636		1030936
[15:50:55]		1048572		17704		1030868
[15:50:58]		1048572		17704		1030868
[15:51:01]		1048572		17688		1030884
[15:51:04]		1048572		17688		1030884
[15:51:07]		1048572		17688		1030884
[15:51:10]		1048572		17708		1030864
[15:51:13]		1048572		17756		1030816
[15:51:16]		1048572		17756		1030816
[15:51:19]		1048572		17756		1030816
[15:51:22]		1048572		17756		1030816
[15:51:25]		1048572		17756		1030816
[15:51:28]		1048572		18308		1030264
[15:51:31]		1048572		18308		1030264
[15:51:34]		1048572		18308		1030264
[15:51:37]		1048572		18308		1030264
[15:51:40]		1048572		18308		1030264
[15:51:43]		1048572		18308		1030264
[15:51:46]		1048572		18308		1030264
[15:51:49]		1048572		18308		1030264
[15:51:52]		1048572		18308		1030264
[15:51:55]		1048572		18308		1030264
[15:51:58]		1048572		18308		1030264
[15:52:01]		1048572		18308		1030264
[15:52:04]		1048572		18308		1030264
[15:52:07]		1048572		18300		1030272
[15:52:10]		1048572		18300		1030272
[15:52:13]		1048572		18300		1030272
[15:52:16]		1048572		18300		1030272
[15:52:19]		1048572		18300		1030272
[15:52:22]		1048572		17828		1030744
[15:52:25]		1048572		17828		1030744
[15:52:28]		1048572		17828		1030744
[15:52:31]		1048572		17828		1030744
[15:52:34]		1048572		17828		1030744
[15:52:37]		1048572		17828		1030744
[15:52:40]		1048572		17828		1030744
[15:52:43]		1048572		17828		1030744
[15:52:46]		1048572		17828		1030744
[15:52:49]		1048572		17828		1030744
[15:52:52]		1048572		17828		1030744
[15:52:55]		1048572		17828		1030744
[15:52:58]		1048572		17828		1030744
[15:53:01]		1048572		17824		1030748
[15:53:05]		1048572		17636		1030936
[15:53:08]		1048572		17636		1030936
[15:53:11]		1048572		17412		1031160
[15:53:14]		1048572		17412		1031160
[15:53:17]		1048572		17412		1031160
[15:53:20]		1048572		17412		1031160
[15:53:23]		1048572		17424		1031148
[15:53:26]		1048572		17424		1031148
[15:53:29]		1048572		17424		1031148
[15:53:32]		1048572		17424		1031148
[15:53:35]		1048572		17980		1030592
[15:53:38]		1048572		17908		1030664
[15:53:41]		1048572		17908		1030664
[15:53:44]		1048572		18004		1030568
[15:53:47]		1048572		18004		1030568
[15:53:50]		1048572		18004		1030568
[15:53:53]		1048572		18004		1030568
[15:53:56]		1048572		18004		1030568
[15:53:59]		1048572		18004		1030568
[15:54:02]		1048572		18004		1030568
[15:54:05]		1048572		18004		1030568
[15:54:08]		1048572		18004		1030568
[15:54:11]		1048572		18004		1030568
[15:54:14]		1048572		18004		1030568
[15:54:17]		1048572		18004		1030568
[15:54:20]		1048572		18004		1030568
[15:54:23]		1048572		18004		1030568
[15:54:26]		1048572		18004		1030568
[15:54:29]		1048572		18264		1030308
[15:54:32]		1048572		17412		1031160
[15:54:35]		1048572		17412		1031160
[15:54:38]		1048572		17412		1031160
[15:54:41]		1048572		17412		1031160
[15:54:44]		1048572		17412		1031160
[15:54:47]		1048572		17412		1031160
[15:54:50]		1048572		17412		1031160
[15:54:53]		1048572		17412		1031160
[15:54:56]		1048572		17412		1031160
[15:54:59]		1048572		17412		1031160
[15:55:02]		1048572		17412		1031160
[15:55:05]		1048572		17412		1031160
[15:55:08]		1048572		17412		1031160
[15:55:11]		1048572		17412		1031160
[15:55:14]		1048572		17412		1031160
[15:55:17]		1048572		17412		1031160
[15:55:20]		1048572		17412		1031160
[15:55:23]		1048572		17412		1031160
[15:55:26]		1048572		17412		1031160
[15:55:29]		1048572		17412		1031160
[15:55:32]		1048572		17412		1031160
[15:55:35]		1048572		17412		1031160
[15:55:38]		1048572		17412		1031160
[15:55:41]		1048572		17900		1030672
[15:55:44]		1048572		17900		1030672
[15:55:47]		1048572		17900		1030672
[15:55:50]		1048572		17900		1030672
[15:55:53]		1048572		17900		1030672
[15:55:56]		1048572		17900		1030672
[15:55:59]		1048572		17900		1030672
[15:56:02]		1048572		17900		1030672
[15:56:05]		1048572		17900		1030672
[15:56:08]		1048572		17900		1030672
[15:56:11]		1048572		17900		1030672
[15:56:14]		1048572		17900		1030672
[15:56:17]		1048572		17900		1030672
[15:56:20]		1048572		17900		1030672
[15:56:23]		1048572		17900		1030672
[15:56:26]		1048572		17900		1030672
[15:56:29]		1048572		17900		1030672
[15:56:32]		1048572		17900		1030672
[15:56:35]		1048572		17436		1031136
[15:56:38]		1048572		17436		1031136
[15:56:41]		1048572		17436		1031136
[15:56:44]		1048572		17436		1031136
[15:56:47]		1048572		17436		1031136
[15:56:50]		1048572		17436		1031136
[15:56:53]		1048572		17436		1031136
[15:56:56]		1048572		17436		1031136
[15:56:59]		1048572		17436		1031136
[15:57:02]		1048572		17436		1031136
[15:57:05]		1048572		17436		1031136
[15:57:08]		1048572		17436		1031136
[15:57:11]		1048572		17436		1031136
[15:57:14]		1048572		17436		1031136
[15:57:17]		1048572		17440		1031132
[15:57:20]		1048572		17440		1031132
[15:57:23]		1048572		17440		1031132
[15:57:26]		1048572		17460		1031112
[15:57:29]		1048572		17484		1031088
[15:57:32]		1048572		17484		1031088
[15:57:35]		1048572		17484		1031088
[15:57:38]		1048572		17484		1031088
[15:57:41]		1048572		17484		1031088
[15:57:44]		1048572		18312		1030260
[15:57:47]		1048572		18312		1030260
[15:57:50]		1048572		18312		1030260
[15:57:53]		1048572		18312		1030260
[15:57:56]		1048572		18332		1030240
[15:57:59]		1048572		18332		1030240
[15:58:02]		1048572		18332		1030240
[15:58:05]		1048572		18332		1030240
[15:58:08]		1048572		18332		1030240
[15:58:11]		1048572		18332		1030240
[15:58:14]		1048572		18332		1030240
[15:58:17]		1048572		18324		1030248
[15:58:20]		1048572		18324		1030248
[15:58:23]		1048572		18324		1030248
[15:58:26]		1048572		18324		1030248
[15:58:29]		1048572		18324		1030248
[15:58:32]		1048572		18324		1030248
[15:58:35]		1048572		17832		1030740
[15:58:38]		1048572		17832		1030740
[15:58:41]		1048572		17832		1030740
[15:58:44]		1048572		17832		1030740
[15:58:47]		1048572		17832		1030740
[15:58:50]		1048572		17716		1030856
[15:58:53]		1048572		17644		1030928
[15:58:56]		1048572		17644		1030928
[15:58:59]		1048572		17644		1030928
[15:59:02]		1048572		17644		1030928
[15:59:05]		1048572		17644		1030928
[15:59:08]		1048572		17644		1030928
[15:59:11]		1048572		17644		1030928
[15:59:14]		1048572		17644		1030928
[15:59:17]		1048572		17644		1030928
[15:59:20]		1048572		17644		1030928
[15:59:23]		1048572		17644		1030928
[15:59:26]		1048572		17644		1030928
[15:59:29]		1048572		17644		1030928
[15:59:32]		1048572		17644		1030928
[15:59:35]		1048572		17644		1030928
[15:59:38]		1048572		17676		1030896
[15:59:41]		1048572		17676		1030896
[15:59:44]		1048572		17676		1030896
[15:59:47]		1048572		17676		1030896
[15:59:50]		1048572		17696		1030876
[15:59:53]		1048572		18124		1030448
[15:59:56]		1048572		18160		1030412
[15:59:59]		1048572		18160		1030412
[16:00:02]		1048572		18116		1030456
[16:00:05]		1048572		18116		1030456
[16:00:08]		1048572		18112		1030460
[16:00:11]		1048572		18112		1030460
[16:00:14]		1048572		18112		1030460
[16:00:17]		1048572		18132		1030440
[16:00:20]		1048572		18184		1030388
[16:00:23]		1048572		18184		1030388
[16:00:26]		1048572		18184		1030388
[16:00:29]		1048572		18184		1030388
[16:00:32]		1048572		18184		1030388
[16:00:35]		1048572		18184		1030388
[16:00:38]		1048572		18184		1030388
[16:00:41]		1048572		18184		1030388
[16:00:44]		1048572		17648		1030924
[16:00:47]		1048572		17648		1030924
[16:00:50]		1048572		17648		1030924
[16:00:53]		1048572		17648		1030924
[16:00:56]		1048572		17648		1030924
[16:00:59]		1048572		17648		1030924
[16:01:02]		1048572		17648		1030924
[16:01:05]		1048572		17648		1030924
[16:01:08]		1048572		17648		1030924
[16:01:11]		1048572		17648		1030924
[16:01:14]		1048572		17648		1030924
[16:01:17]		1048572		17648		1030924
[16:01:20]		1048572		17648		1030924
[16:01:23]		1048572		17648		1030924
[16:01:26]		1048572		17648		1030924
[16:01:29]		1048572		17648		1030924
[16:01:32]		1048572		17648		1030924
[16:01:35]		1048572		17648		1030924
[16:01:38]		1048572		17652		1030920
[16:01:41]		1048572		17652		1030920
[16:01:44]		1048572		17652		1030920
[16:01:47]		1048572		17652		1030920
[16:01:50]		1048572		17652		1030920
[16:01:53]		1048572		17652		1030920
[16:01:56]		1048572		18324		1030248
[16:01:59]		1048572		18324		1030248
[16:02:02]		1048572		18436		1030136
[16:02:05]		1048572		18436		1030136
[16:02:08]		1048572		18436		1030136
[16:02:11]		1048572		18436		1030136
[16:02:14]		1048572		18436		1030136
[16:02:17]		1048572		18436		1030136
[16:02:20]		1048572		18436		1030136
[16:02:23]		1048572		18436		1030136
[16:02:26]		1048572		18436		1030136
[16:02:29]		1048572		18436		1030136
[16:02:32]		1048572		18436		1030136
[16:02:35]		1048572		18436		1030136
[16:02:38]		1048572		18436		1030136
[16:02:41]		1048572		18436		1030136
[16:02:44]		1048572		18436		1030136
[16:02:47]		1048572		17844		1030728
[16:02:50]		1048572		17844		1030728
[16:02:53]		1048572		17844		1030728
[16:02:56]		1048572		17844		1030728
[16:02:59]		1048572		17844		1030728
[16:03:02]		1048572		17844		1030728
[16:03:05]		1048572		17844		1030728
[16:03:08]		1048572		17844		1030728
[16:03:11]		1048572		17844		1030728
[16:03:14]		1048572		17844		1030728
[16:03:17]		1048572		17844		1030728
[16:03:20]		1048572		17844		1030728
[16:03:23]		1048572		17844		1030728
[16:03:26]		1048572		17844		1030728
[16:03:29]		1048572		17844		1030728
[16:03:32]		1048572		17844		1030728
[16:03:35]		1048572		17892		1030680
[16:03:38]		1048572		17888		1030684
[16:03:41]		1048572		17884		1030688
[16:03:44]		1048572		17896		1030676
[16:03:47]		1048572		17896		1030676
[16:03:50]		1048572		17892		1030680
[16:03:53]		1048572		17892		1030680
[16:03:56]		1048572		17892		1030680
[16:03:59]		1048572		17892		1030680
[16:04:02]		1048572		17848		1030724
[16:04:05]		1048572		17848		1030724
[16:04:08]		1048572		17848		1030724
[16:04:11]		1048572		18280		1030292
[16:04:14]		1048572		18308		1030264
[16:04:17]		1048572		18308		1030264
[16:04:20]		1048572		18308		1030264
[16:04:23]		1048572		18308		1030264
[16:04:26]		1048572		18308		1030264
[16:04:29]		1048572		18300		1030272
[16:04:32]		1048572		18300		1030272
[16:04:35]		1048572		18300		1030272
[16:04:38]		1048572		18120		1030452
[16:04:41]		1048572		18120		1030452
[16:04:44]		1048572		18120		1030452
[16:04:47]		1048572		18120		1030452
[16:04:50]		1048572		18120		1030452
[16:04:53]		1048572		18120		1030452
[16:04:56]		1048572		18120		1030452
[16:04:59]		1048572		18120		1030452
[16:05:02]		1048572		18120		1030452
[16:05:05]		1048572		17656		1030916
[16:05:08]		1048572		17656		1030916
[16:05:11]		1048572		17656		1030916
[16:05:14]		1048572		17656		1030916
[16:05:17]		1048572		17656		1030916
[16:05:20]		1048572		17656		1030916
[16:05:23]		1048572		17656		1030916
[16:05:26]		1048572		17656		1030916
[16:05:29]		1048572		17656		1030916
[16:05:32]		1048572		17656		1030916
[16:05:35]		1048572		17656		1030916
[16:05:38]		1048572		17656		1030916
[16:05:41]		1048572		17656		1030916
[16:05:44]		1048572		17656		1030916
[16:05:47]		1048572		17656		1030916
[16:05:50]		1048572		17656		1030916
[16:05:53]		1048572		17656		1030916
[16:05:56]		1048572		17656		1030916
[16:05:59]		1048572		17656		1030916
[16:06:02]		1048572		17656		1030916
[16:06:05]		1048572		17656		1030916
[16:06:08]		1048572		17656		1030916
[16:06:11]		1048572		17656		1030916
[16:06:14]		1048572		17656		1030916
[16:06:17]		1048572		17656		1030916
[16:06:20]		1048572		17656		1030916
[16:06:23]		1048572		18136		1030436
[16:06:26]		1048572		18136		1030436
[16:06:29]		1048572		18184		1030388
[16:06:32]		1048572		18184		1030388
[16:06:35]		1048572		18184		1030388
[16:06:38]		1048572		18184		1030388
[16:06:41]		1048572		18184		1030388
[16:06:44]		1048572		18184		1030388
[16:06:47]		1048572		18184		1030388
[16:06:50]		1048572		18184		1030388
[16:06:53]		1048572		18184		1030388
[16:06:56]		1048572		18184		1030388
[16:06:59]		1048572		18184		1030388
[16:07:02]		1048572		18184		1030388
[16:07:05]		1048572		18184		1030388
[16:07:08]		1048572		18184		1030388
[16:07:11]		1048572		18288		1030284
[16:07:14]		1048572		17656		1030916
[16:07:17]		1048572		17652		1030920
[16:07:20]		1048572		17652		1030920
[16:07:23]		1048572		17652		1030920
[16:07:26]		1048572		17652		1030920
[16:07:29]		1048572		17652		1030920
[16:07:32]		1048572		17652		1030920
[16:07:35]		1048572		17652		1030920
[16:07:38]		1048572		17652		1030920
[16:07:41]		1048572		17652		1030920
[16:07:44]		1048572		17652		1030920
[16:07:47]		1048572		17652		1030920
[16:07:50]		1048572		17652		1030920
[16:07:53]		1048572		17652		1030920
[16:07:56]		1048572		17652		1030920
[16:07:59]		1048572		17652		1030920
[16:08:02]		1048572		17652		1030920
[16:08:05]		1048572		17652		1030920
[16:08:08]		1048572		17652		1030920
[16:08:11]		1048572		17652		1030920
[16:08:14]		1048572		17652		1030920
[16:08:17]		1048572		17652		1030920
[16:08:20]		1048572		17652		1030920
[16:08:23]		1048572		17652		1030920
[16:08:26]		1048572		17652		1030920
[16:08:29]		1048572		18380		1030192
[16:08:32]		1048572		18308		1030264
[16:08:35]		1048572		18308		1030264
[16:08:38]		1048572		18308		1030264
[16:08:41]		1048572		18308		1030264
[16:08:44]		1048572		18308		1030264
[16:08:47]		1048572		18308		1030264
[16:08:50]		1048572		18308		1030264
[16:08:53]		1048572		18308		1030264
[16:08:56]		1048572		18308		1030264
[16:08:59]		1048572		18308		1030264
[16:09:02]		1048572		18288		1030284
[16:09:05]		1048572		18224		1030348
[16:09:08]		1048572		18224		1030348
[16:09:11]		1048572		18224		1030348
[16:09:14]		1048572		18268		1030304
[16:09:17]		1048572		18384		1030188
[16:09:20]		1048572		18420		1030152
[16:09:23]		1048572		18412		1030160
[16:09:26]		1048572		17772		1030800
[16:09:29]		1048572		17772		1030800
[16:09:32]		1048572		17772		1030800
[16:09:35]		1048572		17772		1030800
[16:09:38]		1048572		17772		1030800
[16:09:41]		1048572		17772		1030800
[16:09:44]		1048572		17772		1030800
[16:09:47]		1048572		17772		1030800
[16:09:50]		1048572		17772		1030800
[16:09:53]		1048572		17772		1030800
[16:09:56]		1048572		17772		1030800
[16:09:59]		1048572		17772		1030800
[16:10:02]		1048572		17772		1030800
[16:10:05]		1048572		17772		1030800
[16:10:08]		1048572		17772		1030800
[16:10:11]		1048572		17772		1030800
[16:10:14]		1048572		17772		1030800
[16:10:17]		1048572		17772		1030800
[16:10:20]		1048572		17772		1030800
[16:10:23]		1048572		17656		1030916
[16:10:26]		1048572		17588		1030984
[16:10:29]		1048572		17588		1030984
[16:10:32]		1048572		17592		1030980
[16:10:35]		1048572		17612		1030960
[16:10:38]		1048572		18060		1030512
[16:10:41]		1048572		18060		1030512
[16:10:44]		1048572		18060		1030512
[16:10:47]		1048572		18060		1030512
[16:10:50]		1048572		18060		1030512
[16:10:53]		1048572		18072		1030500
[16:10:56]		1048572		18076		1030496
[16:10:59]		1048572		18080		1030492
[16:11:02]		1048572		18104		1030468
[16:11:05]		1048572		18104		1030468
[16:11:08]		1048572		18100		1030472
[16:11:11]		1048572		18100		1030472
[16:11:14]		1048572		18100		1030472
[16:11:17]		1048572		18100		1030472
[16:11:20]		1048572		18100		1030472
[16:11:23]		1048572		18100		1030472
[16:11:26]		1048572		18096		1030476
[16:11:29]		1048572		17576		1030996
[16:11:32]		1048572		17576		1030996
[16:11:35]		1048572		17576		1030996
[16:11:38]		1048572		17576		1030996
[16:11:41]		1048572		17576		1030996
[16:11:44]		1048572		17576		1030996
[16:11:47]		1048572		17576		1030996
[16:11:50]		1048572		17576		1030996
[16:11:53]		1048572		17576		1030996
[16:11:56]		1048572		17576		1030996
[16:11:59]		1048572		17576		1030996
[16:12:02]		1048572		17576		1030996
[16:12:05]		1048572		17576		1030996
[16:12:08]		1048572		17576		1030996
[16:12:11]		1048572		17576		1030996
[16:12:14]		1048572		17576		1030996
[16:12:17]		1048572		17576		1030996
[16:12:20]		1048572		17576		1030996
[16:12:23]		1048572		17576		1030996
[16:12:26]		1048572		17576		1030996
[16:12:29]		1048572		17576		1030996
[16:12:32]		1048572		17576		1030996
[16:12:35]		1048572		17576		1030996
[16:12:38]		1048572		18060		1030512
[16:12:41]		1048572		18128		1030444
[16:12:44]		1048572		18128		1030444
[16:12:47]		1048572		18128		1030444
[16:12:50]		1048572		18128		1030444
[16:12:53]		1048572		18128		1030444
[16:12:56]		1048572		18128		1030444
[16:12:59]		1048572		18128		1030444
[16:13:02]		1048572		18128		1030444
[16:13:05]		1048572		18128		1030444
[16:13:08]		1048572		18128		1030444
[16:13:11]		1048572		18128		1030444
[16:13:14]		1048572		18128		1030444
[16:13:17]		1048572		18128		1030444
[16:13:20]		1048572		18128		1030444
[16:13:23]		1048572		18128		1030444
[16:13:26]		1048572		18128		1030444
[16:13:29]		1048572		18288		1030284
[16:13:32]		1048572		18272		1030300
[16:13:35]		1048572		17664		1030908
[16:13:38]		1048572		17664		1030908
[16:13:41]		1048572		17664		1030908
[16:13:44]		1048572		17664		1030908
[16:13:47]		1048572		17664		1030908
[16:13:50]		1048572		17664		1030908
[16:13:53]		1048572		17664		1030908
[16:13:56]		1048572		17664		1030908
[16:13:59]		1048572		17664		1030908
[16:14:02]		1048572		17664		1030908
[16:14:05]		1048572		17664		1030908
[16:14:08]		1048572		17664		1030908
[16:14:11]		1048572		17664		1030908
[16:14:14]		1048572		17664		1030908
[16:14:17]		1048572		17664		1030908
[16:14:20]		1048572		17664		1030908
[16:14:23]		1048572		17664		1030908
[16:14:26]		1048572		17664		1030908
[16:14:29]		1048572		17664		1030908
[16:14:32]		1048572		17664		1030908
[16:14:35]		1048572		17664		1030908
[16:14:38]		1048572		17664		1030908
[16:14:41]		1048572		17664		1030908
[16:14:44]		1048572		17664		1030908
[16:14:47]		1048572		17904		1030668
[16:14:50]		1048572		18376		1030196
[16:14:53]		1048572		18384		1030188
[16:14:56]		1048572		18384		1030188
[16:14:59]		1048572		18384		1030188
[16:15:02]		1048572		18340		1030232
[16:15:05]		1048572		18340		1030232
[16:15:08]		1048572		18340		1030232
[16:15:11]		1048572		18340		1030232
[16:15:14]		1048572		18340		1030232
[16:15:17]		1048572		18340		1030232
[16:15:20]		1048572		18340		1030232
[16:15:23]		1048572		18340		1030232
[16:15:26]		1048572		18340		1030232
[16:15:29]		1048572		18340		1030232
[16:15:32]		1048572		18340		1030232
[16:15:35]		1048572		18340		1030232
[16:15:38]		1048572		18340		1030232
[16:15:41]		1048572		17640		1030932
[16:15:44]		1048572		17640		1030932
[16:15:47]		1048572		17640		1030932
[16:15:50]		1048572		17640		1030932
[16:15:53]		1048572		17640		1030932
[16:15:56]		1048572		17636		1030936
[16:15:59]		1048572		17636		1030936
[16:16:02]		1048572		17636		1030936
[16:16:05]		1048572		17636		1030936
[16:16:08]		1048572		17636		1030936
[16:16:11]		1048572		17520		1031052
[16:16:14]		1048572		17456		1031116
[16:16:17]		1048572		17452		1031120
[16:16:20]		1048572		17452		1031120
[16:16:23]		1048572		17452		1031120
[16:16:26]		1048572		17452		1031120
[16:16:29]		1048572		17452		1031120
[16:16:32]		1048572		17452		1031120
[16:16:35]		1048572		17452		1031120
[16:16:38]		1048572		17452		1031120
[16:16:41]		1048572		17452		1031120
[16:16:44]		1048572		17452		1031120
[16:16:47]		1048572		17452		1031120
[16:16:50]		1048572		17444		1031128
[16:16:53]		1048572		17444		1031128
[16:16:56]		1048572		17448		1031124
[16:16:59]		1048572		17924		1030648
[16:17:02]		1048572		17920		1030652
[16:17:05]		1048572		17912		1030660
[16:17:08]		1048572		17912		1030660
[16:17:11]		1048572		17908		1030664
[16:17:14]		1048572		17908		1030664
[16:17:17]		1048572		17908		1030664
[16:17:20]		1048572		17908		1030664
[16:17:23]		1048572		17908		1030664
[16:17:26]		1048572		17908		1030664
[16:17:29]		1048572		17908		1030664
[16:17:32]		1048572		17908		1030664
[16:17:35]		1048572		17908		1030664
[16:17:38]		1048572		17908		1030664
[16:17:41]		1048572		17908		1030664
[16:17:44]		1048572		17908		1030664
[16:17:47]		1048572		17908		1030664
[16:17:50]		1048572		17456		1031116
[16:17:53]		1048572		17452		1031120
[16:17:56]		1048572		17452		1031120
[16:17:59]		1048572		17452		1031120
[16:18:02]		1048572		17452		1031120
[16:18:05]		1048572		17452		1031120
[16:18:08]		1048572		17452		1031120
[16:18:11]		1048572		17452		1031120
[16:18:14]		1048572		17452		1031120
[16:18:17]		1048572		17452		1031120
[16:18:20]		1048572		17452		1031120
[16:18:23]		1048572		17452		1031120
[16:18:26]		1048572		17452		1031120
[16:18:29]		1048572		17452		1031120
[16:18:32]		1048572		17452		1031120
[16:18:35]		1048572		17452		1031120
[16:18:38]		1048572		17452		1031120
[16:18:41]		1048572		17452		1031120
[16:18:44]		1048572		17452		1031120
[16:18:47]		1048572		17452		1031120
[16:18:50]		1048572		17452		1031120
[16:18:53]		1048572		17452		1031120
[16:18:56]		1048572		18380		1030192
[16:18:59]		1048572		18380		1030192
[16:19:02]		1048572		18336		1030236
[16:19:05]		1048572		18336		1030236
[16:19:08]		1048572		18336		1030236
[16:19:11]		1048572		18336		1030236
[16:19:14]		1048572		18336		1030236
[16:19:17]		1048572		18336		1030236
[16:19:20]		1048572		18336		1030236
[16:19:23]		1048572		18336		1030236
[16:19:26]		1048572		18336		1030236
[16:19:29]		1048572		18336		1030236
[16:19:32]		1048572		18336		1030236
[16:19:35]		1048572		18336		1030236
[16:19:38]		1048572		18336		1030236
[16:19:41]		1048572		18440		1030132
[16:19:44]		1048572		18440		1030132
[16:19:47]		1048572		17856		1030716
[16:19:50]		1048572		17856		1030716
[16:19:53]		1048572		17856		1030716
[16:19:56]		1048572		17856		1030716
[16:19:59]		1048572		17856		1030716
[16:20:02]		1048572		17856		1030716
[16:20:05]		1048572		17856		1030716
[16:20:08]		1048572		17856		1030716
[16:20:11]		1048572		17856		1030716
[16:20:14]		1048572		17856		1030716
[16:20:17]		1048572		17856		1030716
[16:20:20]		1048572		17856		1030716
[16:20:23]		1048572		17880		1030692
[16:20:26]		1048572		17880		1030692
[16:20:29]		1048572		17880		1030692
[16:20:32]		1048572		17880		1030692
[16:20:35]		1048572		17800		1030772
[16:20:38]		1048572		17796		1030776
[16:20:41]		1048572		17800		1030772
[16:20:44]		1048572		17800		1030772
[16:20:47]		1048572		17800		1030772
[16:20:50]		1048572		17800		1030772
[16:20:53]		1048572		17800		1030772
[16:20:56]		1048572		17800		1030772
[16:20:59]		1048572		18276		1030296
[16:21:02]		1048572		18260		1030312
[16:21:05]		1048572		18260		1030312
[16:21:08]		1048572		18260		1030312
[16:21:11]		1048572		18260		1030312
[16:21:14]		1048572		18260		1030312
[16:21:17]		1048572		18260		1030312
[16:21:20]		1048572		18260		1030312
[16:21:23]		1048572		18260		1030312
[16:21:26]		1048572		18260		1030312
[16:21:29]		1048572		18260		1030312
[16:21:32]		1048572		18260		1030312
[16:21:35]		1048572		18260		1030312
[16:21:38]		1048572		18260		1030312
[16:21:41]		1048572		18260		1030312
[16:21:44]		1048572		18260		1030312
[16:21:47]		1048572		18260		1030312
[16:21:50]		1048572		17792		1030780
[16:21:53]		1048572		17792		1030780
[16:21:56]		1048572		17744		1030828
[16:21:59]		1048572		17668		1030904
[16:22:02]		1048572		17668		1030904
[16:22:05]		1048572		17668		1030904
[16:22:08]		1048572		17668		1030904
[16:22:11]		1048572		17668		1030904
[16:22:14]		1048572		17668		1030904
[16:22:17]		1048572		17668		1030904
[16:22:20]		1048572		17668		1030904
[16:22:23]		1048572		17668		1030904
[16:22:26]		1048572		17668		1030904
[16:22:29]		1048572		17668		1030904
[16:22:32]		1048572		17668		1030904
[16:22:35]		1048572		17668		1030904
[16:22:38]		1048572		17668		1030904
[16:22:41]		1048572		17664		1030908
[16:22:44]		1048572		17664		1030908
[16:22:47]		1048572		17664		1030908
[16:22:50]		1048572		17664		1030908
[16:22:53]		1048572		17664		1030908
[16:22:56]		1048572		17892		1030680
[16:22:59]		1048572		18184		1030388
[16:23:02]		1048572		18156		1030416
[16:23:05]		1048572		18156		1030416
[16:23:08]		1048572		18164		1030408
[16:23:11]		1048572		18172		1030400
[16:23:14]		1048572		18176		1030396
[16:23:17]		1048572		18208		1030364
[16:23:20]		1048572		18272		1030300
[16:23:23]		1048572		18268		1030304
[16:23:26]		1048572		18268		1030304
[16:23:29]		1048572		18268		1030304
[16:23:32]		1048572		18268		1030304
[16:23:35]		1048572		18268		1030304
[16:23:38]		1048572		18268		1030304
[16:23:41]		1048572		18268		1030304
[16:23:44]		1048572		18268		1030304
[16:23:47]		1048572		18268		1030304
[16:23:50]		1048572		18268		1030304
[16:23:53]		1048572		17672		1030900
[16:23:56]		1048572		17668		1030904
[16:23:59]		1048572		17668		1030904
[16:24:02]		1048572		17668		1030904
[16:24:05]		1048572		17668		1030904
[16:24:08]		1048572		17668		1030904
[16:24:11]		1048572		17668		1030904
[16:24:14]		1048572		17668		1030904
[16:24:17]		1048572		17668		1030904
[16:24:20]		1048572		17668		1030904
[16:24:23]		1048572		17668		1030904
[16:24:26]		1048572		17668		1030904
[16:24:29]		1048572		17668		1030904
[16:24:32]		1048572		17708		1030864
[16:24:35]		1048572		17708		1030864
[16:24:38]		1048572		17696		1030876
[16:24:41]		1048572		17696		1030876
[16:24:44]		1048572		17696		1030876
[16:24:47]		1048572		17724		1030848
[16:24:50]		1048572		17764		1030808
[16:24:53]		1048572		17764		1030808
[16:24:56]		1048572		17764		1030808
[16:24:59]		1048572		17764		1030808
[16:25:02]		1048572		17764		1030808
[16:25:05]		1048572		18412		1030160
[16:25:08]		1048572		18340		1030232
[16:25:11]		1048572		18340		1030232
[16:25:14]		1048572		18340		1030232
[16:25:17]		1048572		18340		1030232
[16:25:20]		1048572		18340		1030232
[16:25:23]		1048572		18336		1030236
[16:25:26]		1048572		18336		1030236
[16:25:29]		1048572		18336		1030236
[16:25:32]		1048572		18336		1030236
[16:25:35]		1048572		18336		1030236
[16:25:38]		1048572		18336		1030236
[16:25:41]		1048572		18336		1030236
[16:25:44]		1048572		18336		1030236
[16:25:47]		1048572		18460		1030112
[16:25:50]		1048572		18460		1030112
[16:25:53]		1048572		18460		1030112
[16:25:56]		1048572		18436		1030136
[16:25:59]		1048572		17868		1030704
[16:26:02]		1048572		17868		1030704
[16:26:05]		1048572		17868		1030704
[16:26:09]		1048572		17868		1030704
[16:26:12]		1048572		17868		1030704
[16:26:15]		1048572		17868		1030704
[16:26:18]		1048572		17868		1030704
[16:26:21]		1048572		17868		1030704
[16:26:24]		1048572		17868		1030704
[16:26:27]		1048572		17868		1030704
[16:26:30]		1048572		17868		1030704
[16:26:33]		1048572		17876		1030696
[16:26:36]		1048572		17876		1030696
[16:26:39]		1048572		17876		1030696
[16:26:42]		1048572		17876		1030696
[16:26:45]		1048572		17876		1030696
[16:26:48]		1048572		17904		1030668
[16:26:51]		1048572		17920		1030652
[16:26:54]		1048572		17920		1030652
[16:26:57]		1048572		17920		1030652
[16:27:00]		1048572		17920		1030652
[16:27:03]		1048572		17916		1030656
[16:27:06]		1048572		18352		1030220
[16:27:09]		1048572		18372		1030200
[16:27:12]		1048572		18372		1030200
[16:27:15]		1048572		18372		1030200
[16:27:18]		1048572		18372		1030200
[16:27:21]		1048572		18388		1030184
[16:27:24]		1048572		18392		1030180
[16:27:27]		1048572		18400		1030172
[16:27:30]		1048572		18400		1030172
[16:27:33]		1048572		18400		1030172
[16:27:36]		1048572		18400		1030172
[16:27:39]		1048572		18400		1030172
[16:27:42]		1048572		18400		1030172
[16:27:45]		1048572		18284		1030288
[16:27:48]		1048572		18212		1030360
[16:27:51]		1048572		18212		1030360
[16:27:54]		1048572		18212		1030360
[16:27:57]		1048572		18212		1030360
[16:28:00]		1048572		17700		1030872
[16:28:03]		1048572		17688		1030884
[16:28:06]		1048572		17688		1030884
[16:28:09]		1048572		17688		1030884
[16:28:12]		1048572		17688		1030884
[16:28:15]		1048572		17688		1030884
[16:28:18]		1048572		17688		1030884
[16:28:21]		1048572		17688		1030884
[16:28:24]		1048572		17688		1030884
[16:28:27]		1048572		17688		1030884
[16:28:30]		1048572		17692		1030880
[16:28:33]		1048572		17688		1030884
[16:28:36]		1048572		17688		1030884
[16:28:39]		1048572		17688		1030884
[16:28:42]		1048572		17688		1030884
[16:28:45]		1048572		17688		1030884
[16:28:48]		1048572		17688		1030884
[16:28:51]		1048572		17688		1030884
[16:28:54]		1048572		17688		1030884
[16:28:57]		1048572		17700		1030872
[16:29:00]		1048572		17700		1030872
[16:29:03]		1048572		17700		1030872
[16:29:06]		1048572		17700		1030872
[16:29:09]		1048572		17700		1030872
[16:29:12]		1048572		17888		1030684
[16:29:15]		1048572		18156		1030416
[16:29:18]		1048572		18164		1030408
[16:29:21]		1048572		18164		1030408
[16:29:24]		1048572		18164		1030408
[16:29:27]		1048572		18164		1030408
[16:29:30]		1048572		18164		1030408
[16:29:33]		1048572		18164		1030408
[16:29:36]		1048572		18164		1030408
[16:29:39]		1048572		18164		1030408
[16:29:42]		1048572		18164		1030408
[16:29:45]		1048572		18164		1030408
[16:29:48]		1048572		18164		1030408
[16:29:51]		1048572		18164		1030408
[16:29:54]		1048572		18164		1030408
[16:29:57]		1048572		18164		1030408
[16:30:00]		1048572		18164		1030408
[16:30:03]		1048572		17692		1030880
[16:30:06]		1048572		17692		1030880
[16:30:09]		1048572		17692		1030880
[16:30:12]		1048572		17692		1030880
[16:30:15]		1048572		17692		1030880
[16:30:18]		1048572		17692		1030880
[16:30:21]		1048572		17692		1030880
[16:30:24]		1048572		17692		1030880
[16:30:27]		1048572		17692		1030880
[16:30:30]		1048572		17692		1030880
[16:30:33]		1048572		17692		1030880
[16:30:36]		1048572		17692		1030880
[16:30:39]		1048572		17692		1030880
[16:30:42]		1048572		17692		1030880
[16:30:45]		1048572		17692		1030880
[16:30:48]		1048572		17692		1030880
[16:30:51]		1048572		17692		1030880
[16:30:54]		1048572		17700		1030872
[16:30:57]		1048572		17700		1030872
[16:31:00]		1048572		17700		1030872
[16:31:03]		1048572		17692		1030880
[16:31:06]		1048572		17692		1030880
[16:31:09]		1048572		18300		1030272
[16:31:12]		1048572		18392		1030180
[16:31:15]		1048572		18392		1030180
[16:31:18]		1048572		18392		1030180
[16:31:21]		1048572		18392		1030180
[16:31:24]		1048572		18388		1030184
[16:31:27]		1048572		18388		1030184
[16:31:30]		1048572		18388		1030184
[16:31:33]		1048572		18388		1030184
[16:31:36]		1048572		18388		1030184
[16:31:39]		1048572		18388		1030184
[16:31:42]		1048572		18388		1030184
[16:31:45]		1048572		18388		1030184
[16:31:48]		1048572		18388		1030184
[16:31:51]		1048572		18388		1030184
[16:31:54]		1048572		18388		1030184
[16:31:57]		1048572		18388		1030184
[16:32:00]		1048572		18388		1030184
[16:32:03]		1048572		18388		1030184
[16:32:06]		1048572		17884		1030688
[16:32:09]		1048572		17880		1030692
[16:32:12]		1048572		17880		1030692
[16:32:15]		1048572		17880		1030692
[16:32:18]		1048572		17880		1030692
[16:32:21]		1048572		17880		1030692
[16:32:24]		1048572		17880		1030692
[16:32:27]		1048572		17880		1030692
[16:32:30]		1048572		17880		1030692
[16:32:33]		1048572		17880		1030692
[16:32:36]		1048572		17880		1030692
[16:32:39]		1048572		17880		1030692
[16:32:42]		1048572		17880		1030692
[16:32:45]		1048572		17972		1030600
[16:32:48]		1048572		17956		1030616
[16:32:51]		1048572		17956		1030616
[16:32:54]		1048572		17940		1030632
[16:32:57]		1048572		17940		1030632
[16:33:00]		1048572		17936		1030636
[16:33:03]		1048572		17900		1030672
[16:33:06]		1048572		17900		1030672
[16:33:09]		1048572		17900		1030672
[16:33:12]		1048572		17900		1030672
[16:33:15]		1048572		17900		1030672
[16:33:18]		1048572		17900		1030672
[16:33:21]		1048572		17900		1030672
[16:33:24]		1048572		17900		1030672
[16:33:27]		1048572		18328		1030244
[16:33:30]		1048572		18340		1030232
[16:33:33]		1048572		18168		1030404
[16:33:36]		1048572		18168		1030404
[16:33:39]		1048572		18168		1030404
[16:33:42]		1048572		18168		1030404
[16:33:45]		1048572		18168		1030404
[16:33:48]		1048572		18168		1030404
[16:33:51]		1048572		18168		1030404
[16:33:54]		1048572		18168		1030404
[16:33:57]		1048572		18168		1030404
[16:34:00]		1048572		18168		1030404
[16:34:03]		1048572		18168		1030404
[16:34:06]		1048572		18168		1030404
[16:34:09]		1048572		18168		1030404
[16:34:12]		1048572		17700		1030872
[16:34:15]		1048572		17700		1030872
[16:34:18]		1048572		17700		1030872
[16:34:21]		1048572		17700		1030872
[16:34:24]		1048572		17696		1030876
[16:34:27]		1048572		17696		1030876
[16:34:30]		1048572		17176		1031396
