record in kb
time		total		used		free
[20:12:12]		1048572		14364		1034208
[20:12:15]		1048572		14364		1034208
[20:12:18]		1048572		14364		1034208
[20:12:21]		1048572		14436		1034136
[20:12:24]		1048572		14732		1033840
[20:12:27]		1048572		14980		1033592
[20:12:30]		1048572		15416		1033156
[20:12:33]		1048572		15704		1032868
[20:12:36]		1048572		16084		1032488
[20:12:39]		1048572		16628		1031944
[20:12:42]		1048572		16680		1031892
[20:12:45]		1048572		17632		1030940
[20:12:48]		1048572		17632		1030940
[20:12:51]		1048572		17632		1030940
[20:12:54]		1048572		19168		1029404
[20:12:57]		1048572		23716		1024856
[20:13:00]		1048572		24920		1023652
[20:13:03]		1048572		53612		994960
[20:13:06]		1048572		53608		994964
[20:13:09]		1048572		53284		995288
[20:13:12]		1048572		61068		987504
[20:13:15]		1048572		71640		976932
[20:13:18]		1048572		75616		972956
[20:13:21]		1048572		81116		967456
[20:13:24]		1048572		94780		953792
[20:13:27]		1048572		105948		942624
[20:13:30]		1048572		120704		927868
[20:13:33]		1048572		110596		937976
[20:13:36]		1048572		114856		933716
[20:13:39]		1048572		104584		943988
[20:13:42]		1048572		105440		943132
[20:13:45]		1048572		114204		934368
[20:13:48]		1048572		115152		933420
[20:13:51]		1048572		109776		938796
[20:13:54]		1048572		112356		936216
[20:13:57]		1048572		116120		932452
[20:14:00]		1048572		118708		929864
[20:14:03]		1048572		116100		932472
[20:14:06]		1048572		115952		932620
[20:14:09]		1048572		114484		934088
[20:14:12]		1048572		115008		933564
[20:14:15]		1048572		121900		926672
[20:14:18]		1048572		120660		927912
[20:14:21]		1048572		118648		929924
[20:14:24]		1048572		118876		929696
[20:14:27]		1048572		127844		920728
[20:14:30]		1048572		141236		907336
[20:14:33]		1048572		139028		909544
[20:14:36]		1048572		130640		917932
[20:14:39]		1048572		118116		930456
[20:14:42]		1048572		135940		912632
[20:14:45]		1048572		137796		910776
[20:14:48]		1048572		152948		895624
[20:14:51]		1048572		139404		909168
[20:14:54]		1048572		129280		919292
[20:14:57]		1048572		134992		913580
[20:15:00]		1048572		125732		922840
[20:15:03]		1048572		112880		935692
[20:15:06]		1048572		131656		916916
[20:15:09]		1048572		126688		921884
[20:15:12]		1048572		132308		916264
[20:15:15]		1048572		125796		922776
[20:15:18]		1048572		123104		925468
[20:15:21]		1048572		114724		933848
[20:15:24]		1048572		112084		936488
[20:15:27]		1048572		114640		933932
[20:15:30]		1048572		129316		919256
[20:15:33]		1048572		129580		918992
[20:15:36]		1048572		135244		913328
[20:15:39]		1048572		127068		921504
[20:15:42]		1048572		126384		922188
[20:15:45]		1048572		138028		910544
[20:15:48]		1048572		133460		915112
[20:15:51]		1048572		130064		918508
[20:15:54]		1048572		129460		919112
[20:15:57]		1048572		117896		930676
[20:16:00]		1048572		125216		923356
[20:16:03]		1048572		124352		924220
[20:16:06]		1048572		124760		923812
[20:16:09]		1048572		19692		1028880
[20:16:12]		1048572		19692		1028880
[20:16:15]		1048572		19692		1028880
[20:16:18]		1048572		19692		1028880
[20:16:21]		1048572		19688		1028884
[20:16:24]		1048572		19688		1028884
[20:16:27]		1048572		19688		1028884
[20:16:30]		1048572		19688		1028884
[20:16:33]		1048572		19688		1028884
[20:16:36]		1048572		19688		1028884
[20:16:39]		1048572		19688		1028884
[20:16:42]		1048572		19712		1028860
[20:16:45]		1048572		19708		1028864
[20:16:48]		1048572		20184		1028388
[20:16:51]		1048572		27928		1020644
[20:16:54]		1048572		34488		1014084
[20:16:57]		1048572		35020		1013552
[20:17:00]		1048572		45120		1003452
[20:17:03]		1048572		49996		998576
[20:17:06]		1048572		42680		1005892
[20:17:09]		1048572		43104		1005468
[20:17:12]		1048572		54368		994204
[20:17:15]		1048572		65428		983144
[20:17:18]		1048572		67236		981336
[20:17:21]		1048572		69736		978836
[20:17:24]		1048572		78068		970504
[20:17:27]		1048572		84460		964112
[20:17:30]		1048572		81476		967096
[20:17:33]		1048572		98416		950156
[20:17:36]		1048572		100740		947832
[20:17:39]		1048572		92696		955876
[20:17:42]		1048572		95432		953140
[20:17:45]		1048572		103040		945532
[20:17:48]		1048572		101408		947164
[20:17:51]		1048572		101772		946800
[20:17:54]		1048572		103760		944812
[20:17:57]		1048572		103656		944916
[20:18:00]		1048572		103512		945060
[20:18:03]		1048572		101092		947480
[20:18:06]		1048572		87600		960972
[20:18:09]		1048572		106832		941740
[20:18:12]		1048572		122880		925692
[20:18:15]		1048572		130064		918508
[20:18:18]		1048572		129040		919532
[20:18:21]		1048572		134764		913808
[20:18:24]		1048572		142700		905872
[20:18:27]		1048572		138012		910560
[20:18:30]		1048572		134516		914056
[20:18:33]		1048572		119412		929160
[20:18:36]		1048572		110996		937576
[20:18:39]		1048572		131648		916924
[20:18:42]		1048572		118200		930372
[20:18:45]		1048572		120312		928260
[20:18:48]		1048572		125328		923244
[20:18:51]		1048572		119328		929244
[20:18:54]		1048572		109680		938892
[20:18:57]		1048572		109548		939024
[20:19:00]		1048572		107656		940916
[20:19:03]		1048572		103440		945132
[20:19:06]		1048572		101108		947464
[20:19:09]		1048572		109352		939220
[20:19:12]		1048572		116300		932272
[20:19:15]		1048572		118324		930248
[20:19:18]		1048572		121120		927452
[20:19:21]		1048572		123504		925068
[20:19:24]		1048572		116680		931892
[20:19:27]		1048572		122196		926376
[20:19:30]		1048572		121464		927108
[20:19:33]		1048572		118184		930388
[20:19:36]		1048572		116780		931792
[20:19:39]		1048572		118564		930008
[20:19:42]		1048572		19536		1029036
[20:19:45]		1048572		19536		1029036
[20:19:48]		1048572		19536		1029036
[20:19:51]		1048572		19536		1029036
[20:19:54]		1048572		19536		1029036
[20:19:57]		1048572		19532		1029040
[20:20:00]		1048572		19532		1029040
[20:20:03]		1048572		19496		1029076
[20:20:06]		1048572		19496		1029076
[20:20:09]		1048572		19496		1029076
[20:20:12]		1048572		19496		1029076
[20:20:15]		1048572		19504		1029068
[20:20:18]		1048572		19504		1029068
[20:20:21]		1048572		19504		1029068
[20:20:24]		1048572		19504		1029068
[20:20:27]		1048572		19504		1029068
[20:20:30]		1048572		19504		1029068
[20:20:33]		1048572		19504		1029068
[20:20:36]		1048572		19504		1029068
[20:20:39]		1048572		19508		1029064
[20:20:42]		1048572		31408		1017164
[20:20:45]		1048572		39920		1008652
[20:20:48]		1048572		51080		997492
[20:20:51]		1048572		51140		997432
[20:20:54]		1048572		56684		991888
[20:20:57]		1048572		60244		988328
[20:21:00]		1048572		79096		969476
[20:21:03]		1048572		91444		957128
[20:21:06]		1048572		85608		962964
[20:21:09]		1048572		84084		964488
[20:21:12]		1048572		79772		968800
[20:21:15]		1048572		80432		968140
[20:21:18]		1048572		89088		959484
[20:21:21]		1048572		82684		965888
[20:21:24]		1048572		86548		962024
[20:21:27]		1048572		86340		962232
[20:21:30]		1048572		93760		954812
[20:21:33]		1048572		84988		963584
[20:21:36]		1048572		107300		941272
[20:21:39]		1048572		105232		943340
[20:21:42]		1048572		124648		923924
[20:21:45]		1048572		127216		921356
[20:21:48]		1048572		138820		909752
[20:21:51]		1048572		132900		915672
[20:21:54]		1048572		123324		925248
[20:21:57]		1048572		114176		934396
[20:22:00]		1048572		102956		945616
[20:22:03]		1048572		89168		959404
[20:22:06]		1048572		88812		959760
[20:22:09]		1048572		98464		950108
[20:22:12]		1048572		97988		950584
[20:22:15]		1048572		92472		956100
[20:22:18]		1048572		94652		953920
[20:22:21]		1048572		95916		952656
[20:22:24]		1048572		90000		958572
[20:22:27]		1048572		98832		949740
[20:22:30]		1048572		96328		952244
[20:22:33]		1048572		103932		944640
[20:22:36]		1048572		98068		950504
[20:22:39]		1048572		97812		950760
[20:22:42]		1048572		96656		951916
[20:22:45]		1048572		87984		960588
[20:22:48]		1048572		86016		962556
[20:22:51]		1048572		90192		958380
[20:22:54]		1048572		97488		951084
[20:22:57]		1048572		95988		952584
[20:23:00]		1048572		91320		957252
[20:23:03]		1048572		19732		1028840
[20:23:06]		1048572		19732		1028840
[20:23:09]		1048572		19732		1028840
[20:23:12]		1048572		19688		1028884
[20:23:15]		1048572		19688		1028884
[20:23:18]		1048572		19688		1028884
[20:23:21]		1048572		19688		1028884
[20:23:24]		1048572		19688		1028884
[20:23:27]		1048572		19688		1028884
[20:23:30]		1048572		19568		1029004
[20:23:33]		1048572		19492		1029080
[20:23:36]		1048572		19492		1029080
[20:23:39]		1048572		19492		1029080
[20:23:42]		1048572		19492		1029080
[20:23:45]		1048572		19492		1029080
[20:23:48]		1048572		19492		1029080
[20:23:51]		1048572		19492		1029080
[20:23:54]		1048572		29256		1019316
[20:23:57]		1048572		36052		1012520
[20:24:00]		1048572		38604		1009968
[20:24:03]		1048572		39632		1008940
[20:24:06]		1048572		55560		993012
[20:24:09]		1048572		55468		993104
[20:24:12]		1048572		55292		993280
[20:24:15]		1048572		68208		980364
[20:24:18]		1048572		68216		980356
[20:24:21]		1048572		88076		960496
[20:24:24]		1048572		93668		954904
[20:24:27]		1048572		90704		957868
[20:24:30]		1048572		104176		944396
[20:24:33]		1048572		103616		944956
[20:24:36]		1048572		113472		935100
[20:24:39]		1048572		113028		935544
[20:24:42]		1048572		112988		935584
[20:24:45]		1048572		111732		936840
[20:24:48]		1048572		120740		927832
[20:24:51]		1048572		117752		930820
[20:24:54]		1048572		120104		928468
[20:24:57]		1048572		122032		926540
[20:25:00]		1048572		123264		925308
[20:25:03]		1048572		122692		925880
[20:25:06]		1048572		109236		939336
[20:25:09]		1048572		139316		909256
[20:25:12]		1048572		150444		898128
[20:25:15]		1048572		165732		882840
[20:25:18]		1048572		167060		881512
[20:25:21]		1048572		166708		881864
[20:25:24]		1048572		161996		886576
[20:25:27]		1048572		159668		888904
[20:25:30]		1048572		162624		885948
[20:25:33]		1048572		156952		891620
[20:25:36]		1048572		136928		911644
[20:25:39]		1048572		133008		915564
[20:25:42]		1048572		136772		911800
[20:25:45]		1048572		148796		899776
[20:25:48]		1048572		147276		901296
[20:25:51]		1048572		144212		904360
[20:25:54]		1048572		136744		911828
[20:25:57]		1048572		156380		892192
[20:26:00]		1048572		148860		899712
[20:26:03]		1048572		154296		894276
[20:26:06]		1048572		139944		908628
[20:26:09]		1048572		144468		904104
[20:26:12]		1048572		146040		902532
[20:26:15]		1048572		149256		899316
[20:26:18]		1048572		151236		897336
[20:26:21]		1048572		155092		893480
[20:26:24]		1048572		158848		889724
[20:26:27]		1048572		19728		1028844
[20:26:30]		1048572		19724		1028848
[20:26:33]		1048572		19724		1028848
[20:26:36]		1048572		19724		1028848
[20:26:39]		1048572		19724		1028848
[20:26:42]		1048572		19724		1028848
[20:26:45]		1048572		19724		1028848
[20:26:48]		1048572		19724		1028848
[20:26:51]		1048572		19724		1028848
[20:26:54]		1048572		19724		1028848
[20:26:57]		1048572		19724		1028848
[20:27:00]		1048572		19724		1028848
[20:27:03]		1048572		19692		1028880
[20:27:06]		1048572		19692		1028880
[20:27:09]		1048572		19692		1028880
[20:27:12]		1048572		19692		1028880
[20:27:15]		1048572		19692		1028880
[20:27:18]		1048572		22868		1025704
[20:27:21]		1048572		24252		1024320
[20:27:24]		1048572		33212		1015360
[20:27:27]		1048572		57912		990660
[20:27:30]		1048572		93932		954640
[20:27:33]		1048572		93140		955432
[20:27:36]		1048572		92000		956572
[20:27:39]		1048572		99264		949308
[20:27:42]		1048572		84988		963584
[20:27:45]		1048572		92568		956004
[20:27:48]		1048572		95260		953312
[20:27:51]		1048572		102544		946028
[20:27:54]		1048572		108396		940176
[20:27:57]		1048572		114612		933960
[20:28:00]		1048572		113364		935208
[20:28:03]		1048572		113264		935308
[20:28:06]		1048572		113552		935020
[20:28:09]		1048572		128072		920500
[20:28:12]		1048572		133192		915380
[20:28:15]		1048572		132748		915824
[20:28:18]		1048572		128960		919612
[20:28:21]		1048572		129908		918664
[20:28:24]		1048572		132000		916572
[20:28:27]		1048572		132116		916456
[20:28:30]		1048572		129816		918756
[20:28:33]		1048572		139596		908976
[20:28:36]		1048572		145616		902956
[20:28:39]		1048572		155812		892760
[20:28:42]		1048572		165260		883312
[20:28:45]		1048572		152080		896492
[20:28:48]		1048572		164480		884092
[20:28:51]		1048572		150976		897596
[20:28:54]		1048572		160996		887576
[20:28:57]		1048572		162952		885620
[20:29:00]		1048572		164696		883876
[20:29:03]		1048572		177624		870948
[20:29:06]		1048572		176628		871944
[20:29:09]		1048572		175748		872824
[20:29:12]		1048572		173372		875200
[20:29:15]		1048572		180712		867860
[20:29:18]		1048572		162240		886332
[20:29:21]		1048572		131600		916972
[20:29:24]		1048572		146800		901772
[20:29:27]		1048572		157300		891272
[20:29:30]		1048572		158832		889740
[20:29:33]		1048572		150972		897600
[20:29:36]		1048572		160260		888312
[20:29:39]		1048572		163316		885256
[20:29:42]		1048572		160396		888176
[20:29:45]		1048572		159928		888644
[20:29:48]		1048572		154372		894200
[20:29:51]		1048572		149496		899076
[20:29:54]		1048572		147608		900964
[20:29:57]		1048572		142248		906324
[20:30:00]		1048572		143804		904768
[20:30:03]		1048572		157592		890980
[20:30:06]		1048572		149880		898692
[20:30:09]		1048572		145252		903320
[20:30:12]		1048572		141460		907112
[20:30:15]		1048572		131564		917008
[20:30:18]		1048572		131584		916988
[20:30:21]		1048572		121172		927400
[20:30:24]		1048572		131752		916820
[20:30:27]		1048572		133780		914792
[20:30:30]		1048572		139484		909088
[20:30:33]		1048572		147376		901196
[20:30:36]		1048572		143556		905016
[20:30:39]		1048572		143776		904796
[20:30:42]		1048572		135640		912932
[20:30:45]		1048572		135908		912664
[20:30:48]		1048572		134640		913932
[20:30:51]		1048572		19528		1029044
[20:30:54]		1048572		19528		1029044
[20:30:57]		1048572		19528		1029044
[20:31:00]		1048572		19528		1029044
[20:31:03]		1048572		19488		1029084
[20:31:06]		1048572		19488		1029084
[20:31:09]		1048572		19488		1029084
[20:31:12]		1048572		19488		1029084
[20:31:15]		1048572		19488		1029084
[20:31:18]		1048572		19488		1029084
[20:31:21]		1048572		19488		1029084
[20:31:24]		1048572		19488		1029084
[20:31:27]		1048572		50808		997764
[20:31:30]		1048572		92048		956524
[20:31:33]		1048572		80376		968196
[20:31:36]		1048572		79956		968616
[20:31:39]		1048572		73340		975232
[20:31:42]		1048572		73252		975320
[20:31:45]		1048572		76452		972120
[20:31:48]		1048572		78716		969856
[20:31:51]		1048572		82184		966388
[20:31:54]		1048572		90836		957736
[20:31:57]		1048572		96104		952468
[20:32:00]		1048572		101076		947496
[20:32:03]		1048572		98620		949952
[20:32:06]		1048572		87516		961056
[20:32:09]		1048572		98688		949884
[20:32:12]		1048572		102588		945984
[20:32:15]		1048572		115440		933132
[20:32:18]		1048572		106872		941700
[20:32:21]		1048572		104896		943676
[20:32:24]		1048572		128620		919952
[20:32:27]		1048572		134112		914460
[20:32:30]		1048572		136656		911916
[20:32:33]		1048572		118548		930024
[20:32:36]		1048572		121572		927000
[20:32:39]		1048572		130252		918320
[20:32:42]		1048572		126612		921960
[20:32:45]		1048572		127856		920716
[20:32:48]		1048572		129984		918588
[20:32:51]		1048572		127816		920756
[20:32:54]		1048572		128648		919924
[20:32:57]		1048572		130272		918300
[20:33:00]		1048572		133572		915000
[20:33:03]		1048572		140192		908380
[20:33:06]		1048572		144012		904560
[20:33:09]		1048572		140928		907644
[20:33:12]		1048572		143176		905396
[20:33:15]		1048572		148980		899592
[20:33:18]		1048572		150260		898312
[20:33:21]		1048572		150280		898292
[20:33:24]		1048572		153272		895300
[20:33:27]		1048572		145744		902828
[20:33:30]		1048572		157432		891140
[20:33:33]		1048572		153828		894744
[20:33:36]		1048572		153116		895456
[20:33:39]		1048572		153448		895124
[20:33:42]		1048572		153628		894944
[20:33:45]		1048572		159104		889468
[20:33:48]		1048572		161560		887012
[20:33:51]		1048572		144216		904356
[20:33:54]		1048572		149656		898916
[20:33:57]		1048572		150380		898192
[20:34:00]		1048572		149740		898832
[20:34:03]		1048572		151464		897108
[20:34:06]		1048572		155108		893464
[20:34:09]		1048572		156628		891944
[20:34:12]		1048572		150792		897780
[20:34:15]		1048572		153184		895388
[20:34:18]		1048572		151540		897032
[20:34:21]		1048572		132900		915672
[20:34:24]		1048572		148644		899928
[20:34:27]		1048572		149404		899168
[20:34:30]		1048572		145508		903064
[20:34:33]		1048572		145608		902964
[20:34:36]		1048572		151428		897144
[20:34:39]		1048572		148620		899952
[20:34:42]		1048572		142116		906456
[20:34:45]		1048572		142544		906028
[20:34:48]		1048572		146380		902192
[20:34:51]		1048572		150212		898360
[20:34:54]		1048572		144312		904260
[20:34:57]		1048572		137912		910660
[20:35:00]		1048572		143276		905296
[20:35:03]		1048572		152920		895652
[20:35:06]		1048572		152580		895992
[20:35:09]		1048572		148648		899924
[20:35:12]		1048572		140720		907852
[20:35:15]		1048572		138132		910440
[20:35:18]		1048572		128700		919872
[20:35:21]		1048572		132156		916416
[20:35:24]		1048572		139176		909396
[20:35:27]		1048572		149932		898640
[20:35:30]		1048572		153824		894748
[20:35:33]		1048572		162132		886440
[20:35:36]		1048572		140504		908068
[20:35:39]		1048572		152604		895968
[20:35:42]		1048572		138564		910008
[20:35:45]		1048572		135044		913528
[20:35:48]		1048572		141568		907004
[20:35:51]		1048572		21180		1027392
[20:35:54]		1048572		21180		1027392
[20:35:57]		1048572		21180		1027392
[20:36:00]		1048572		21176		1027396
[20:36:03]		1048572		20948		1027624
[20:36:06]		1048572		20948		1027624
[20:36:09]		1048572		20948		1027624
[20:36:12]		1048572		20948		1027624
[20:36:15]		1048572		20948		1027624
[20:36:18]		1048572		20948		1027624
[20:36:21]		1048572		20948		1027624
[20:36:24]		1048572		20948		1027624
[20:36:27]		1048572		20948		1027624
[20:36:30]		1048572		20948		1027624
[20:36:33]		1048572		20944		1027628
[20:36:36]		1048572		20944		1027628
[20:36:39]		1048572		23816		1024756
[20:36:42]		1048572		25600		1022972
[20:36:45]		1048572		38736		1009836
[20:36:48]		1048572		38532		1010040
[20:36:51]		1048572		42392		1006180
[20:36:54]		1048572		56184		992388
[20:36:57]		1048572		65824		982748
[20:37:00]		1048572		69624		978948
[20:37:03]		1048572		73920		974652
[20:37:06]		1048572		74364		974208
[20:37:09]		1048572		93972		954600
[20:37:12]		1048572		103128		945444
[20:37:15]		1048572		99216		949356
[20:37:18]		1048572		93196		955376
[20:37:21]		1048572		90456		958116
[20:37:24]		1048572		90936		957636
[20:37:27]		1048572		99892		948680
[20:37:30]		1048572		107812		940760
[20:37:33]		1048572		102888		945684
[20:37:36]		1048572		106940		941632
[20:37:39]		1048572		108456		940116
[20:37:42]		1048572		107428		941144
[20:37:45]		1048572		104428		944144
[20:37:48]		1048572		116048		932524
[20:37:51]		1048572		129600		918972
[20:37:54]		1048572		132196		916376
[20:37:57]		1048572		154360		894212
[20:38:00]		1048572		156108		892464
[20:38:03]		1048572		160268		888304
[20:38:06]		1048572		151248		897324
[20:38:09]		1048572		147952		900620
[20:38:12]		1048572		152420		896152
[20:38:15]		1048572		146156		902416
[20:38:18]		1048572		149820		898752
[20:38:21]		1048572		134664		913908
[20:38:24]		1048572		134624		913948
[20:38:27]		1048572		135648		912924
[20:38:30]		1048572		137888		910684
[20:38:33]		1048572		138704		909868
[20:38:36]		1048572		134516		914056
[20:38:39]		1048572		146080		902492
[20:38:42]		1048572		147092		901480
[20:38:45]		1048572		154196		894376
[20:38:48]		1048572		150784		897788
[20:38:51]		1048572		146020		902552
[20:38:54]		1048572		149552		899020
[20:38:57]		1048572		149612		898960
[20:39:01]		1048572		132844		915728
[20:39:04]		1048572		131900		916672
[20:39:07]		1048572		136072		912500
[20:39:10]		1048572		136240		912332
[20:39:13]		1048572		137820		910752
[20:39:16]		1048572		21016		1027556
[20:39:19]		1048572		21016		1027556
[20:39:22]		1048572		21016		1027556
[20:39:25]		1048572		21016		1027556
[20:39:28]		1048572		21016		1027556
[20:39:31]		1048572		21016		1027556
[20:39:34]		1048572		21016		1027556
[20:39:37]		1048572		21016		1027556
[20:39:40]		1048572		21016		1027556
[20:39:43]		1048572		21016		1027556
[20:39:46]		1048572		21016		1027556
[20:39:49]		1048572		21052		1027520
[20:39:52]		1048572		41976		1006596
[20:39:55]		1048572		38788		1009784
[20:39:58]		1048572		30788		1017784
[20:40:01]		1048572		25744		1022828
[20:40:04]		1048572		25280		1023292
[20:40:07]		1048572		24944		1023628
[20:40:10]		1048572		24936		1023636
[20:40:13]		1048572		24936		1023636
[20:40:16]		1048572		24848		1023724
[20:40:19]		1048572		24824		1023748
[20:40:22]		1048572		32680		1015892
[20:40:25]		1048572		33476		1015096
[20:40:28]		1048572		41552		1007020
[20:40:31]		1048572		44444		1004128
[20:40:34]		1048572		59760		988812
[20:40:37]		1048572		58608		989964
[20:40:40]		1048572		61080		987492
[20:40:43]		1048572		61380		987192
[20:40:46]		1048572		68504		980068
[20:40:49]		1048572		72276		976296
[20:40:52]		1048572		70512		978060
[20:40:55]		1048572		71176		977396
[20:40:58]		1048572		70948		977624
[20:41:01]		1048572		74304		974268
[20:41:04]		1048572		81868		966704
[20:41:07]		1048572		82476		966096
[20:41:10]		1048572		99084		949488
[20:41:13]		1048572		105492		943080
[20:41:16]		1048572		110980		937592
[20:41:19]		1048572		131168		917404
[20:41:22]		1048572		123476		925096
[20:41:25]		1048572		107344		941228
[20:41:28]		1048572		94512		954060
[20:41:31]		1048572		99164		949408
[20:41:34]		1048572		95708		952864
[20:41:37]		1048572		89212		959360
[20:41:40]		1048572		82540		966032
[20:41:43]		1048572		74528		974044
[20:41:46]		1048572		80924		967648
[20:41:49]		1048572		90752		957820
[20:41:52]		1048572		84768		963804
[20:41:55]		1048572		89076		959496
[20:41:58]		1048572		82332		966240
[20:42:01]		1048572		75124		973448
[20:42:04]		1048572		79172		969400
[20:42:07]		1048572		82596		965976
[20:42:10]		1048572		81172		967400
[20:42:13]		1048572		76592		971980
[20:42:16]		1048572		77812		970760
[20:42:19]		1048572		86544		962028
[20:42:22]		1048572		80848		967724
[20:42:25]		1048572		79644		968928
[20:42:28]		1048572		81148		967424
[20:42:31]		1048572		82876		965696
[20:42:34]		1048572		20984		1027588
[20:42:37]		1048572		20984		1027588
[20:42:40]		1048572		20984		1027588
[20:42:43]		1048572		20984		1027588
[20:42:46]		1048572		20984		1027588
[20:42:49]		1048572		20984		1027588
[20:42:52]		1048572		20984		1027588
[20:42:55]		1048572		20984		1027588
[20:42:58]		1048572		20984		1027588
[20:43:01]		1048572		20976		1027596
[20:43:04]		1048572		20940		1027632
[20:43:07]		1048572		20940		1027632
[20:43:10]		1048572		20940		1027632
[20:43:13]		1048572		20940		1027632
[20:43:16]		1048572		20940		1027632
[20:43:19]		1048572		20940		1027632
[20:43:22]		1048572		20940		1027632
[20:43:25]		1048572		20940		1027632
[20:43:28]		1048572		20940		1027632
[20:43:31]		1048572		32580		1015992
[20:43:34]		1048572		32536		1016036
[20:43:37]		1048572		34612		1013960
[20:43:40]		1048572		43904		1004668
[20:43:43]		1048572		46772		1001800
[20:43:46]		1048572		55268		993304
[20:43:49]		1048572		56096		992476
[20:43:52]		1048572		60112		988460
[20:43:55]		1048572		59164		989408
[20:43:58]		1048572		80440		968132
[20:44:01]		1048572		91416		957156
[20:44:04]		1048572		87828		960744
[20:44:07]		1048572		79480		969092
[20:44:10]		1048572		74668		973904
[20:44:13]		1048572		81784		966788
[20:44:16]		1048572		94828		953744
[20:44:19]		1048572		101444		947128
[20:44:22]		1048572		97536		951036
[20:44:25]		1048572		87316		961256
[20:44:28]		1048572		87288		961284
[20:44:31]		1048572		92364		956208
[20:44:34]		1048572		91300		957272
[20:44:37]		1048572		91144		957428
[20:44:40]		1048572		91892		956680
[20:44:43]		1048572		117920		930652
[20:44:46]		1048572		124944		923628
[20:44:49]		1048572		126476		922096
[20:44:52]		1048572		123780		924792
[20:44:55]		1048572		131408		917164
[20:44:58]		1048572		120204		928368
[20:45:01]		1048572		141928		906644
[20:45:04]		1048572		144368		904204
[20:45:07]		1048572		144912		903660
[20:45:10]		1048572		144672		903900
[20:45:13]		1048572		144728		903844
[20:45:16]		1048572		133468		915104
[20:45:19]		1048572		137548		911024
[20:45:22]		1048572		152224		896348
[20:45:25]		1048572		152952		895620
[20:45:28]		1048572		155796		892776
[20:45:31]		1048572		145528		903044
[20:45:34]		1048572		140632		907940
[20:45:37]		1048572		141748		906824
[20:45:40]		1048572		130820		917752
[20:45:43]		1048572		136360		912212
[20:45:46]		1048572		132824		915748
[20:45:49]		1048572		120372		928200
[20:45:52]		1048572		132136		916436
[20:45:55]		1048572		130380		918192
[20:45:58]		1048572		120212		928360
[20:46:01]		1048572		127600		920972
[20:46:04]		1048572		143408		905164
[20:46:07]		1048572		143384		905188
[20:46:10]		1048572		130364		918208
[20:46:13]		1048572		124080		924492
[20:46:16]		1048572		121684		926888
[20:46:19]		1048572		127316		921256
[20:46:22]		1048572		124804		923768
[20:46:25]		1048572		110976		937596
[20:46:28]		1048572		103828		944744
[20:46:31]		1048572		103220		945352
[20:46:34]		1048572		116392		932180
[20:46:37]		1048572		124616		923956
[20:46:40]		1048572		122532		926040
[20:46:43]		1048572		119388		929184
[20:46:46]		1048572		119104		929468
[20:46:49]		1048572		20984		1027588
[20:46:52]		1048572		20984		1027588
[20:46:55]		1048572		20984		1027588
[20:46:58]		1048572		20984		1027588
[20:47:01]		1048572		20948		1027624
[20:47:04]		1048572		20948		1027624
[20:47:07]		1048572		20948		1027624
[20:47:10]		1048572		20948		1027624
[20:47:13]		1048572		20948		1027624
[20:47:16]		1048572		20948		1027624
[20:47:19]		1048572		20948		1027624
[20:47:22]		1048572		20948		1027624
[20:47:25]		1048572		20952		1027620
[20:47:28]		1048572		20952		1027620
[20:47:31]		1048572		20952		1027620
[20:47:34]		1048572		20948		1027624
[20:47:37]		1048572		20948		1027624
[20:47:40]		1048572		20948		1027624
[20:47:43]		1048572		20948		1027624
[20:47:46]		1048572		20948		1027624
[20:47:49]		1048572		20948		1027624
[20:47:52]		1048572		36476		1012096
[20:47:55]		1048572		44980		1003592
[20:47:58]		1048572		49840		998732
[20:48:01]		1048572		53228		995344
[20:48:04]		1048572		56112		992460
[20:48:07]		1048572		59920		988652
[20:48:10]		1048572		66460		982112
[20:48:13]		1048572		77376		971196
[20:48:16]		1048572		83768		964804
[20:48:19]		1048572		71400		977172
[20:48:22]		1048572		73312		975260
[20:48:25]		1048572		84140		964432
[20:48:28]		1048572		82744		965828
[20:48:31]		1048572		82612		965960
[20:48:34]		1048572		81620		966952
[20:48:37]		1048572		79732		968840
[20:48:40]		1048572		80336		968236
[20:48:43]		1048572		72408		976164
[20:48:46]		1048572		85068		963504
[20:48:49]		1048572		94892		953680
[20:48:52]		1048572		99332		949240
[20:48:55]		1048572		94544		954028
[20:48:58]		1048572		85908		962664
[20:49:01]		1048572		87720		960852
[20:49:04]		1048572		93952		954620
[20:49:07]		1048572		83480		965092
[20:49:10]		1048572		86540		962032
[20:49:13]		1048572		83180		965392
[20:49:16]		1048572		81600		966972
[20:49:19]		1048572		83572		965000
[20:49:22]		1048572		88936		959636
[20:49:25]		1048572		86516		962056
[20:49:28]		1048572		89004		959568
[20:49:31]		1048572		91804		956768
[20:49:34]		1048572		115136		933436
[20:49:37]		1048572		120176		928396
[20:49:40]		1048572		116916		931656
[20:49:43]		1048572		118132		930440
[20:49:46]		1048572		129648		918924
[20:49:49]		1048572		123912		924660
[20:49:52]		1048572		122532		926040
[20:49:55]		1048572		122176		926396
[20:49:58]		1048572		120632		927940
[20:50:01]		1048572		110168		938404
[20:50:04]		1048572		105408		943164
[20:50:07]		1048572		114988		933584
[20:50:10]		1048572		115716		932856
[20:50:13]		1048572		100920		947652
[20:50:16]		1048572		104728		943844
[20:50:19]		1048572		109356		939216
[20:50:22]		1048572		110504		938068
[20:50:25]		1048572		21144		1027428
[20:50:28]		1048572		21144		1027428
[20:50:31]		1048572		21144		1027428
[20:50:34]		1048572		21144		1027428
[20:50:37]		1048572		21144		1027428
[20:50:40]		1048572		21140		1027432
[20:50:43]		1048572		21140		1027432
[20:50:46]		1048572		21140		1027432
[20:50:49]		1048572		21140		1027432
[20:50:52]		1048572		21140		1027432
[20:50:55]		1048572		21140		1027432
[20:50:58]		1048572		21140		1027432
[20:51:01]		1048572		21140		1027432
[20:51:04]		1048572		21140		1027432
[20:51:07]		1048572		21140		1027432
[20:51:10]		1048572		24032		1024540
[20:51:13]		1048572		24188		1024384
[20:51:16]		1048572		24548		1024024
[20:51:19]		1048572		36224		1012348
[20:51:22]		1048572		53656		994916
[20:51:25]		1048572		60744		987828
[20:51:28]		1048572		73116		975456
[20:51:31]		1048572		65832		982740
[20:51:34]		1048572		69640		978932
[20:51:37]		1048572		69472		979100
[20:51:40]		1048572		107148		941424
[20:51:43]		1048572		115852		932720
[20:51:46]		1048572		123232		925340
[20:51:49]		1048572		118120		930452
[20:51:52]		1048572		96344		952228
[20:51:55]		1048572		94988		953584
[20:51:58]		1048572		115168		933404
[20:52:01]		1048572		117684		930888
[20:52:04]		1048572		111528		937044
[20:52:07]		1048572		111164		937408
[20:52:10]		1048572		117316		931256
[20:52:13]		1048572		118608		929964
[20:52:16]		1048572		119704		928868
[20:52:19]		1048572		112056		936516
[20:52:22]		1048572		115648		932924
[20:52:25]		1048572		117856		930716
[20:52:28]		1048572		122248		926324
[20:52:31]		1048572		129300		919272
[20:52:34]		1048572		132428		916144
[20:52:37]		1048572		132152		916420
[20:52:40]		1048572		129092		919480
[20:52:43]		1048572		128596		919976
[20:52:46]		1048572		125728		922844
[20:52:49]		1048572		118240		930332
[20:52:52]		1048572		135536		913036
[20:52:55]		1048572		113916		934656
[20:52:58]		1048572		120780		927792
[20:53:01]		1048572		141348		907224
[20:53:04]		1048572		153596		894976
[20:53:07]		1048572		172848		875724
[20:53:10]		1048572		173396		875176
[20:53:13]		1048572		159664		888908
[20:53:16]		1048572		157656		890916
[20:53:19]		1048572		160792		887780
[20:53:22]		1048572		148064		900508
[20:53:25]		1048572		143884		904688
[20:53:28]		1048572		142100		906472
[20:53:31]		1048572		136836		911736
[20:53:34]		1048572		162784		885788
[20:53:37]		1048572		142328		906244
[20:53:40]		1048572		151604		896968
[20:53:43]		1048572		147840		900732
[20:53:46]		1048572		147892		900680
[20:53:49]		1048572		154356		894216
[20:53:52]		1048572		158636		889936
[20:53:55]		1048572		136552		912020
[20:53:58]		1048572		128500		920072
[20:54:01]		1048572		119624		928948
[20:54:04]		1048572		132720		915852
[20:54:07]		1048572		134236		914336
[20:54:10]		1048572		131240		917332
[20:54:13]		1048572		126880		921692
[20:54:16]		1048572		116272		932300
[20:54:19]		1048572		116304		932268
[20:54:22]		1048572		116316		932256
[20:54:25]		1048572		123920		924652
[20:54:28]		1048572		123124		925448
[20:54:31]		1048572		122240		926332
[20:54:34]		1048572		121132		927440
[20:54:37]		1048572		114056		934516
[20:54:40]		1048572		118748		929824
[20:54:43]		1048572		116648		931924
[20:54:46]		1048572		108296		940276
[20:54:49]		1048572		105920		942652
[20:54:52]		1048572		126456		922116
[20:54:55]		1048572		21284		1027288
[20:54:58]		1048572		21192		1027380
[20:55:01]		1048572		21192		1027380
[20:55:04]		1048572		21156		1027416
[20:55:07]		1048572		21156		1027416
[20:55:10]		1048572		21152		1027420
[20:55:13]		1048572		21152		1027420
[20:55:16]		1048572		21152		1027420
[20:55:19]		1048572		21152		1027420
[20:55:22]		1048572		21152		1027420
[20:55:25]		1048572		21144		1027428
[20:55:28]		1048572		21144		1027428
[20:55:31]		1048572		21144		1027428
[20:55:34]		1048572		21144		1027428
[20:55:37]		1048572		21144		1027428
[20:55:40]		1048572		23196		1025376
[20:55:43]		1048572		28088		1020484
[20:55:46]		1048572		26996		1021576
[20:55:49]		1048572		51232		997340
[20:55:52]		1048572		51200		997372
[20:55:55]		1048572		59268		989304
[20:55:58]		1048572		58952		989620
[20:56:01]		1048572		63132		985440
[20:56:04]		1048572		70188		978384
[20:56:07]		1048572		70732		977840
[20:56:10]		1048572		72044		976528
[20:56:13]		1048572		80388		968184
[20:56:16]		1048572		91128		957444
[20:56:19]		1048572		94884		953688
[20:56:22]		1048572		108576		939996
[20:56:25]		1048572		105616		942956
[20:56:28]		1048572		94800		953772
[20:56:31]		1048572		90388		958184
[20:56:34]		1048572		93376		955196
[20:56:37]		1048572		108936		939636
[20:56:40]		1048572		111964		936608
[20:56:43]		1048572		105276		943296
[20:56:46]		1048572		106936		941636
[20:56:49]		1048572		105272		943300
[20:56:52]		1048572		106984		941588
[20:56:55]		1048572		107880		940692
[20:56:58]		1048572		99232		949340
[20:57:01]		1048572		113504		935068
[20:57:04]		1048572		112624		935948
[20:57:07]		1048572		115852		932720
[20:57:10]		1048572		110292		938280
[20:57:13]		1048572		108264		940308
[20:57:16]		1048572		135484		913088
[20:57:19]		1048572		132528		916044
[20:57:22]		1048572		131636		916936
[20:57:25]		1048572		132612		915960
[20:57:28]		1048572		116624		931948
[20:57:31]		1048572		112368		936204
[20:57:34]		1048572		105488		943084
[20:57:37]		1048572		106648		941924
[20:57:40]		1048572		118796		929776
[20:57:43]		1048572		120584		927988
[20:57:46]		1048572		114660		933912
[20:57:49]		1048572		116828		931744
[20:57:52]		1048572		127672		920900
[20:57:55]		1048572		134860		913712
[20:57:58]		1048572		116712		931860
[20:58:01]		1048572		133068		915504
[20:58:04]		1048572		138616		909956
[20:58:07]		1048572		138984		909588
[20:58:10]		1048572		130944		917628
[20:58:13]		1048572		123792		924780
[20:58:16]		1048572		111080		937492
[20:58:19]		1048572		110540		938032
[20:58:22]		1048572		111668		936904
[20:58:25]		1048572		122972		925600
[20:58:28]		1048572		20992		1027580
[20:58:31]		1048572		20984		1027588
[20:58:34]		1048572		20984		1027588
[20:58:37]		1048572		20984		1027588
[20:58:40]		1048572		20984		1027588
[20:58:43]		1048572		20980		1027592
[20:58:46]		1048572		20980		1027592
[20:58:49]		1048572		20980		1027592
[20:58:52]		1048572		20980		1027592
[20:58:55]		1048572		20980		1027592
[20:58:58]		1048572		20980		1027592
[20:59:01]		1048572		20980		1027592
[20:59:04]		1048572		20944		1027628
[20:59:07]		1048572		20944		1027628
[20:59:10]		1048572		20944		1027628
[20:59:13]		1048572		20948		1027624
[20:59:16]		1048572		20948		1027624
[20:59:19]		1048572		20948		1027624
[20:59:22]		1048572		20948		1027624
[20:59:25]		1048572		20948		1027624
[20:59:28]		1048572		20948		1027624
[20:59:31]		1048572		24112		1024460
[20:59:34]		1048572		60672		987900
[20:59:37]		1048572		63880		984692
[20:59:40]		1048572		67676		980896
[20:59:43]		1048572		67276		981296
[20:59:46]		1048572		61132		987440
[20:59:49]		1048572		64260		984312
[20:59:52]		1048572		63144		985428
[20:59:55]		1048572		72364		976208
[20:59:58]		1048572		84184		964388
[21:00:01]		1048572		78744		969828
[21:00:04]		1048572		71232		977340
[21:00:07]		1048572		86068		962504
[21:00:10]		1048572		90096		958476
[21:00:13]		1048572		92300		956272
[21:00:16]		1048572		86668		961904
[21:00:19]		1048572		87192		961380
[21:00:22]		1048572		94092		954480
[21:00:25]		1048572		90536		958036
[21:00:28]		1048572		88196		960376
[21:00:31]		1048572		93212		955360
[21:00:34]		1048572		91804		956768
[21:00:37]		1048572		91556		957016
[21:00:40]		1048572		85700		962872
[21:00:43]		1048572		109208		939364
[21:00:46]		1048572		103712		944860
[21:00:49]		1048572		108004		940568
[21:00:52]		1048572		95504		953068
[21:00:55]		1048572		114384		934188
[21:00:58]		1048572		104176		944396
[21:01:01]		1048572		98244		950328
[21:01:04]		1048572		99676		948896
[21:01:07]		1048572		106588		941984
[21:01:10]		1048572		109940		938632
[21:01:13]		1048572		94304		954268
[21:01:16]		1048572		91720		956852
[21:01:19]		1048572		93624		954948
[21:01:22]		1048572		101332		947240
[21:01:25]		1048572		112820		935752
[21:01:28]		1048572		98248		950324
[21:01:31]		1048572		101548		947024
[21:01:34]		1048572		101264		947308
[21:01:37]		1048572		102352		946220
[21:01:40]		1048572		96888		951684
[21:01:43]		1048572		91664		956908
[21:01:46]		1048572		100820		947752
[21:01:49]		1048572		103628		944944
[21:01:52]		1048572		109324		939248
[21:01:55]		1048572		119972		928600
[21:01:58]		1048572		119336		929236
[21:02:01]		1048572		122260		926312
[21:02:04]		1048572		111824		936748
[21:02:07]		1048572		108024		940548
[21:02:10]		1048572		113068		935504
[21:02:13]		1048572		111716		936856
[21:02:16]		1048572		107748		940824
[21:02:19]		1048572		106100		942472
[21:02:22]		1048572		21144		1027428
[21:02:25]		1048572		21144		1027428
[21:02:28]		1048572		21144		1027428
[21:02:31]		1048572		21144		1027428
[21:02:34]		1048572		21144		1027428
[21:02:37]		1048572		21144		1027428
[21:02:40]		1048572		21144		1027428
[21:02:43]		1048572		21144		1027428
[21:02:46]		1048572		21144		1027428
[21:02:49]		1048572		21144		1027428
[21:02:52]		1048572		21144		1027428
[21:02:55]		1048572		21144		1027428
[21:02:58]		1048572		21152		1027420
[21:03:01]		1048572		21152		1027420
[21:03:04]		1048572		25572		1023000
[21:03:07]		1048572		23748		1024824
[21:03:10]		1048572		29316		1019256
[21:03:13]		1048572		33036		1015536
[21:03:16]		1048572		33540		1015032
[21:03:19]		1048572		45676		1002896
[21:03:22]		1048572		45664		1002908
[21:03:25]		1048572		45520		1003052
[21:03:28]		1048572		56084		992488
[21:03:31]		1048572		80000		968572
[21:03:34]		1048572		82384		966188
[21:03:37]		1048572		84132		964440
[21:03:40]		1048572		90560		958012
[21:03:43]		1048572		99148		949424
[21:03:46]		1048572		117992		930580
[21:03:49]		1048572		126808		921764
[21:03:52]		1048572		108712		939860
[21:03:55]		1048572		107828		940744
[21:03:58]		1048572		107104		941468
[21:04:01]		1048572		107880		940692
[21:04:04]		1048572		117200		931372
[21:04:07]		1048572		121380		927192
[21:04:10]		1048572		115728		932844
[21:04:13]		1048572		115544		933028
[21:04:16]		1048572		116568		932004
[21:04:19]		1048572		116532		932040
[21:04:22]		1048572		113852		934720
[21:04:25]		1048572		126736		921836
[21:04:28]		1048572		135188		913384
[21:04:31]		1048572		128304		920268
[21:04:34]		1048572		134044		914528
[21:04:37]		1048572		139592		908980
[21:04:40]		1048572		149568		899004
[21:04:44]		1048572		159120		889452
[21:04:47]		1048572		168592		879980
[21:04:50]		1048572		171764		876808
[21:04:53]		1048572		170304		878268
[21:04:56]		1048572		153944		894628
[21:04:59]		1048572		158148		890424
[21:05:02]		1048572		157984		890588
[21:05:05]		1048572		144104		904468
[21:05:08]		1048572		130516		918056
[21:05:11]		1048572		131884		916688
[21:05:14]		1048572		147504		901068
[21:05:17]		1048572		145592		902980
[21:05:20]		1048572		152480		896092
[21:05:23]		1048572		150496		898076
[21:05:26]		1048572		144836		903736
[21:05:29]		1048572		137524		911048
[21:05:32]		1048572		134304		914268
[21:05:35]		1048572		132952		915620
[21:05:38]		1048572		130916		917656
[21:05:41]		1048572		125912		922660
[21:05:44]		1048572		119116		929456
[21:05:47]		1048572		135836		912736
[21:05:50]		1048572		130548		918024
[21:05:53]		1048572		134676		913896
[21:05:56]		1048572		134196		914376
[21:05:59]		1048572		135468		913104
[21:06:02]		1048572		133660		914912
[21:06:05]		1048572		138256		910316
[21:06:08]		1048572		129572		919000
[21:06:11]		1048572		138280		910292
[21:06:14]		1048572		129656		918916
[21:06:17]		1048572		138608		909964
[21:06:20]		1048572		142364		906208
[21:06:23]		1048572		140156		908416
[21:06:26]		1048572		134596		913976
[21:06:29]		1048572		126884		921688
[21:06:32]		1048572		133776		914796
[21:06:35]		1048572		137772		910800
[21:06:38]		1048572		21208		1027364
[21:06:41]		1048572		21200		1027372
[21:06:44]		1048572		21200		1027372
[21:06:47]		1048572		21200		1027372
[21:06:50]		1048572		21196		1027376
[21:06:53]		1048572		21196		1027376
[21:06:56]		1048572		21196		1027376
[21:06:59]		1048572		21196		1027376
[21:07:02]		1048572		21196		1027376
[21:07:05]		1048572		21160		1027412
[21:07:08]		1048572		21160		1027412
[21:07:11]		1048572		21160		1027412
[21:07:14]		1048572		21160		1027412
[21:07:17]		1048572		21160		1027412
[21:07:20]		1048572		21160		1027412
[21:07:23]		1048572		21160		1027412
[21:07:26]		1048572		21160		1027412
[21:07:29]		1048572		23272		1025300
[21:07:32]		1048572		25300		1023272
[21:07:35]		1048572		42732		1005840
[21:07:38]		1048572		42676		1005896
[21:07:41]		1048572		42628		1005944
[21:07:44]		1048572		51200		997372
[21:07:47]		1048572		70852		977720
[21:07:50]		1048572		73608		974964
[21:07:53]		1048572		79292		969280
[21:07:56]		1048572		82220		966352
[21:07:59]		1048572		83416		965156
[21:08:02]		1048572		101672		946900
[21:08:05]		1048572		108276		940296
[21:08:08]		1048572		104740		943832
[21:08:11]		1048572		103360		945212
[21:08:14]		1048572		103648		944924
[21:08:17]		1048572		103460		945112
[21:08:20]		1048572		103956		944616
[21:08:23]		1048572		108876		939696
[21:08:26]		1048572		109296		939276
[21:08:29]		1048572		110952		937620
[21:08:32]		1048572		110864		937708
[21:08:35]		1048572		108256		940316
[21:08:38]		1048572		99752		948820
[21:08:41]		1048572		100980		947592
[21:08:44]		1048572		114528		934044
[21:08:47]		1048572		133128		915444
[21:08:50]		1048572		130304		918268
[21:08:53]		1048572		135644		912928
[21:08:56]		1048572		130556		918016
[21:08:59]		1048572		134864		913708
[21:09:02]		1048572		130816		917756
[21:09:05]		1048572		127632		920940
[21:09:08]		1048572		115920		932652
[21:09:11]		1048572		126816		921756
[21:09:14]		1048572		125328		923244
[21:09:17]		1048572		120676		927896
[21:09:20]		1048572		124180		924392
[21:09:23]		1048572		121924		926648
[21:09:26]		1048572		121304		927268
[21:09:29]		1048572		119132		929440
[21:09:32]		1048572		118532		930040
[21:09:35]		1048572		117892		930680
[21:09:38]		1048572		115752		932820
[21:09:41]		1048572		119592		928980
[21:09:44]		1048572		124304		924268
[21:09:47]		1048572		121088		927484
[21:09:50]		1048572		119936		928636
[21:09:53]		1048572		114716		933856
[21:09:56]		1048572		126156		922416
[21:09:59]		1048572		125828		922744
[21:10:02]		1048572		122748		925824
[21:10:05]		1048572		122020		926552
[21:10:08]		1048572		21124		1027448
[21:10:11]		1048572		21120		1027452
[21:10:14]		1048572		21120		1027452
[21:10:17]		1048572		21120		1027452
[21:10:20]		1048572		21112		1027460
[21:10:23]		1048572		21132		1027440
[21:10:26]		1048572		21156		1027416
[21:10:29]		1048572		21156		1027416
[21:10:32]		1048572		21156		1027416
[21:10:35]		1048572		21156		1027416
[21:10:38]		1048572		21156		1027416
[21:10:41]		1048572		20968		1027604
[21:10:44]		1048572		20968		1027604
[21:10:47]		1048572		50596		997976
[21:10:50]		1048572		87088		961484
[21:10:53]		1048572		90368		958204
[21:10:56]		1048572		87768		960804
[21:10:59]		1048572		20392		1028180
[21:11:02]		1048572		20388		1028184
