recorded by mmserver domain:[id:4 time:Wed Mar 27 18:25:11 2013
]
time		tg_mem		use_mem		free_mem		
18:25:13		524288		219348		304940		
18:25:15		524288		219348		304940		
18:25:17		524288		219348		304940		
18:25:19		524288		219348		304940		
18:25:21		524288		219348		304940		
18:25:23		524288		219348		304940		
18:25:25		524288		219348		304940		
18:25:27		524288		219348		304940		
18:25:29		524288		219348		304940		
18:25:31		524288		219348		304940		
18:25:33		524288		219348		304940		
18:25:35		524288		219348		304940		
18:25:37		524288		219348		304940		
18:25:39		524288		219348		304940		
18:25:41		524288		219348		304940		
18:25:43		524288		219348		304940		
18:25:45		524288		225512		298776		
18:25:47		524288		237688		286600		
18:25:49		510541		237705		272836		
18:25:51		499866		237694		262172		
18:25:53		496775		239395		257380		
18:25:55		482832		239464		243368		
18:25:57		476236		239440		236796		
18:25:59		471748		239416		232332		
18:26:01		466465		241901		224564		
18:26:03		464188		251120		213068		
18:26:05		464483		255899		208584		
18:26:07		458028		257696		200332		
18:26:09		450745		254741		196004		
18:26:11		445141		261373		183768		
18:26:13		442539		264343		178196		
18:26:15		441448		267612		173836		
18:26:17		438510		270474		168036		
18:26:19		437931		274131		163800		
18:26:22		423628		268756		154872		
18:26:24		416212		265944		150268		
18:26:26		409448		267768		141680		
18:26:28		385962		257198		128764		
18:26:30		379639		259543		120096		
18:26:32		380474		264766		115708		
18:26:34		383363		280619		102744		
18:26:36		396253		287193		109060		
18:26:38		399138		291002		108136		
18:26:40		399799		294803		104996		
18:26:42		399985		298637		101348		
18:26:44		400531		302411		98120		
18:26:46		399631		305999		93632		
18:26:48		398427		309731		88696		
18:26:50		398483		311823		86660		
18:26:52		398173		317521		80652		
18:26:54		399779		321483		78296		
18:26:56		401131		325499		75632		
18:26:58		402176		322892		79284		
18:27:00		397415		324143		73272		
18:27:02		397017		318565		78452		
18:27:04		391862		314930		76932		
18:27:06		386936		308348		78588		
18:27:08		381499		307999		73500		
18:27:10		384831		306643		78188		
18:27:12		381311		309323		71988		
18:27:14		383846		307918		75928		
18:27:16		382209		305801		76408		
18:27:18		379698		295682		84016		
18:27:20		371501		294049		77452		
18:27:22		367479		282591		84888		
18:27:24		357199		277395		79804		
18:27:26		351499		285451		66048		
18:27:28		356106		278118		77988		
18:27:30		350379		275611		74768		
18:27:32		348791		275675		73116		
18:27:34		347399		275623		71776		
18:27:36		347506		285278		62228		
18:27:38		354620		277140		77480		
18:27:40		347003		275971		71032		
18:27:42		345355		274703		70652		
18:27:44		344930		276014		68916		
18:27:46		346578		275430		71148		
18:27:48		345614		275830		69784		
18:27:50		345786		277738		68048		
18:27:52		347101		277565		69536		
18:27:54		347378		277842		69536		
18:27:56		347103		277243		69860		
18:27:58		345987		273639		72348		
18:28:00		342072		273200		68872		
18:28:02		339107		278139		60968		
18:28:04		432102		292730		139372		
18:28:06		447718		245898		201820		
18:28:08		397119		241799		155320		
18:28:10		393806		240470		153336		
18:28:12		444312		251296		193016		
18:28:14		438727		256747		181980		
18:28:16		428115		238571		189544		
18:28:18		409462		273238		136224		
18:28:20		419412		250816		168596		
18:28:22		399987		253959		146028		
18:28:24		395634		261382		134252		
18:28:26		394642		252702		141940		
18:28:28		383839		235947		147892		
18:28:30		362672		250368		112304		
18:28:32		361238		254506		106732		
18:28:34		355150		243714		111436		
18:28:36		343078		259658		83420		
18:28:38		349483		254035		95448		
18:28:40		344574		249374		95200		
18:28:42		338209		251937		86272		
18:28:44		335646		250862		84784		
18:28:46		331372		238892		92480		
18:28:48		319183		257755		61428		
18:28:50		332040		263712		68328		
18:28:53		337974		222830		115144		
18:28:55		303392		231500		71892		
18:28:57		307616		232944		74672		
18:28:59		308493		220309		88184		
18:29:01		297523		244347		53176		
18:29:03		315204		223636		91568		
18:29:05		298620		222800		75820		
18:29:07		298633		219501		79132		
18:29:09		295098		216458		78640		
18:29:11		290408		216104		74304		
18:29:13		289912		205544		84368		
18:29:15		279496		208636		70860		
18:29:17		281609		218305		63304		
18:29:19		289326		201694		87632		
18:29:21		350756		200448		150308		
18:29:23		347840		211164		136676		
18:29:25		340083		224363		115720		
18:29:27		339045		246761		92284		
18:29:29		354249		237653		116596		
18:29:31		344193		200441		143752		
18:29:33		312558		213322		99236		
18:29:35		320311		223431		96880		
18:29:37		326848		243608		83240		
18:29:39		340058		229042		111016		
18:29:41		322899		231723		91176		
18:29:43		322146		201582		120564		
18:29:45		293945		190741		103204		
18:29:47		281932		189144		92788		
18:29:49		278997		181205		97792		
18:29:51		269456		199564		69892		
18:29:53		280537		189121		91416		
18:29:55		273068		202616		70452		
18:29:57		282666		202410		80256		
18:29:59		281363		200215		81148		
18:30:01		278078		213242		64836		
18:30:03		287952		189544		98408		
18:30:05		268256		198200		70056		
18:30:07		274106		193554		80552		
18:30:09		269683		191115		78568		
18:30:11		266934		203190		63744		
18:30:13		275971		222799		53172		
18:30:15		290880		177408		113472		
18:30:17		334071		190343		143728		
18:30:19		342607		189579		153028		
18:30:21		341130		192070		149060		
18:30:23		325858		177046		148812		
18:30:25		314625		206981		107644		
18:30:27		329196		228124		101072		
18:30:29		361164		182716		178448		
18:30:31		385172		187000		198172		
18:30:33		387149		191457		195692		
18:30:35		374652		200288		174364		
18:30:37		374652		186896		187756		
18:30:39		366476		184052		182424		
18:30:41		361615		207463		154152		
18:30:43		364834		218370		146464		
18:30:45		365210		224450		140760		
18:30:47		368345		248665		119680		
18:30:49		375319		245719		129600		
18:30:51		369068		247156		121912		
18:30:53		366048		267572		98476		
18:30:55		379160		193264		185896		
18:30:57		315175		189543		125632		
18:30:59		306646		191802		114844		
18:31:01		304807		195915		108892		
18:31:03		305768		181500		124268		
18:31:05		284469		205461		79008		
18:31:07		293110		193270		99840		
18:31:09		281207		194263		86944		
18:31:11		280888		168468		112420		
18:31:13		257747		171739		86008		
18:31:15		257594		171834		85760		
18:31:17		256459		171123		85336		
18:31:19		256408		172568		83840		
18:31:21		252269		172785		79484		
18:31:24		253013		175497		77516		
18:31:26		252600		183144		69456		
18:31:28		256900		193352		63548		
18:31:30		262508		205148		57360		
18:31:32		270638		185246		85392		
18:31:34		258204		186476		71728		
18:31:36		258204		180148		78056		
18:31:38		315461		173977		141484		
18:31:40		295485		181281		114204		
18:31:42		300650		184834		115816		
18:31:44		300759		179983		120776		
18:31:46		294908		183432		111476		
18:31:48		295263		203731		91532		
18:31:50		305347		216295		89052		
18:31:52		310845		240641		70204		
18:31:54		325528		247160		78368		
18:31:56		329955		246875		83080		
18:31:58		326576		256640		69936		
18:32:00		337520		245156		92364		
18:32:02		328931		262055		66876		
18:32:04		339359		275903		63456		
18:32:06		349155		259291		89864		
18:32:08		341283		251791		89492		
18:32:10		333427		248647		84780		
18:32:12		329655		248587		81068		
18:32:14		325869		253981		71888		
18:32:16		328985		252257		76728		
18:32:18		326822		252326		74496		
18:32:20		326367		254475		71892		
18:32:22		327329		250973		76356		
18:32:24		323907		260511		63396		
18:32:26		330831		263927		66904		
18:32:28		412329		246237		166092		
18:32:30		405930		251366		154564		
18:32:32		384406		251666		132740		
18:32:34		380215		254667		125548		
18:32:36		375956		251972		123984		
18:32:38		372127		242563		129564		
18:32:40		360469		252109		108360		
18:32:42		364543		253447		111096		
18:32:44		361325		240797		120528		
18:32:46		393384		242244		151140		
18:32:48		384615		249835		134780		
18:32:50		388592		251332		137260		
18:32:52		382396		251336		131060		
18:32:54		373554		243866		129688		
18:32:56		355140		254584		100556		
18:32:58		360230		267362		92868		
18:33:00		366603		205411		161192		
18:33:02		305611		226507		79104		
18:33:04		319592		237896		81696		
18:33:06		327715		240563		87152		
18:33:08		329292		252060		77232		
18:33:10		338097		212101		125996		
18:33:12		304812		234120		70692		
18:33:14		322105		250893		71212		
18:33:16		335115		245587		89528		
18:33:18		327845		272461		55384		
18:33:20		345659		284383		61276		
18:33:22		353280		299036		54244		
18:33:24		367536		244808		122728		
18:33:26		324525		271509		53016		
18:33:28		354816		281948		72868		
18:33:30		360479		256835		103644		
18:33:32		338691		278967		59724		
18:33:34		352601		290517		62084		
18:33:36		358705		267405		91300		
18:33:38		340399		271295		69104		
18:33:40		343676		275168		68508		
18:33:42		346437		273093		73344		
18:33:44		343924		176984		166940		
18:33:46		266009		197801		68208		
18:33:48		282067		171411		110656		
18:33:50		260468		138528		121940		
18:33:52		232474		153062		79412		
18:33:54		243372		162192		81180		
18:33:56		249921		163409		86512		
18:33:59		249902		156822		93080		
18:34:01		243703		181023		62680		
18:34:03		262254		194334		67920		
18:34:05		270329		163001		107328		
18:34:07		295953		201521		94432		
18:34:09		314173		200397		113776		
18:34:11		311811		218371		93440		
18:34:13		323851		172571		151280		
18:34:15		286202		172366		113836		
18:34:17		283938		207178		76760		
18:34:19		310715		243867		66848		
18:34:21		336543		263859		72684		
18:34:23		350596		283740		66856		
18:34:25		362408		299148		63260		
18:34:27		371743		304639		67104		
18:34:29		375982		302414		73568		
18:34:31		372816		241620		131196		
18:34:33		321823		245431		76392		
18:34:35		323546		229050		94496		
18:34:37		308326		239038		69288		
18:34:39		311596		240948		70648		
18:34:41		311571		254915		56656		
18:34:43		321288		216572		104716		
18:34:45		321288		217060		104228		
18:34:47		379706		217074		162632		
18:34:49		365187		233915		131272		
18:34:51		377775		247619		130156		
18:34:53		384798		238274		146524		
18:34:55		373691		214987		158704		
18:34:57		351071		219767		131304		
18:34:59		345013		239625		105388		
18:35:01		356230		270186		86044		
18:35:03		377053		275641		101412		
18:35:05		377434		266102		111332		
18:35:07		368656		214172		154484		
18:35:09		323222		228258		94964		
18:35:11		333776		242656		91120		
18:35:13		345852		220384		125468		
18:35:15		327421		230225		97196		
18:35:17		348155		242279		105876		
18:35:19		412792		251984		160808		
18:35:21		421020		229956		191064		
18:35:23		387703		226895		160808		
18:35:25		381857		251305		130552		
18:35:27		396511		267075		129436		
18:35:29		389921		192513		197408		
18:35:31		320675		219243		101432		
18:35:33		320675		205355		115320		
18:35:35		320675		210687		109988		
18:35:37		315826		233366		82460		
18:35:39		327681		258921		68760		
18:35:41		344430		205314		139116		
18:35:43		299787		206799		92988		
18:35:45		298866		220014		78852		
18:35:47		306668		202892		103776		
18:35:49		288857		210849		78008		
18:35:51		291401		199501		91900		
18:35:53		281848		216964		64884		
18:35:55		297015		208383		88632		
18:35:57		289018		231562		57456		
18:35:59		307598		199418		108180		
18:36:01		282046		200402		81644		
18:36:03		280862		155322		125540		
18:36:05		243727		146735		96992		
18:36:07		305375		142535		162840		
18:36:09		316553		145653		170900		
18:36:11		306840		155284		151556		
18:36:13		314882		191722		123160		
18:36:15		339423		190595		148828		
18:36:17		336342		162342		174000		
18:36:19		313658		175494		138164		
18:36:21		321714		188758		132956		
18:36:23		331616		142612		189004		
18:36:26		366709		162577		204132		
18:36:28		375766		158490		217276		
18:36:30		355697		148961		206736		
18:36:32		348139		169179		178960		
18:36:34		360935		183835		177100		
18:36:36		370866		200214		170652		
18:36:38		380639		144019		236620		
18:36:40		339941		186277		153664		
18:36:42		367083		222719		144364		
18:36:44		381356		200660		180696		
18:36:46		365682		228262		137420		
18:36:48		379947		234343		145604		
18:36:50		383184		299332		83852		
18:36:52		426852		336528		90324		
18:36:54		454465		193589		260876		
18:36:56		341216		141048		200168		
18:36:58		300852		184012		116840		
18:37:00		332306		177398		154908		
18:37:02		325038		225310		99728		
18:37:04		359921		179841		180080		
18:37:06		322873		156185		166688		
18:37:08		303921		177037		126884		
18:37:10		317434		190302		127132		
18:37:12		323972		216060		107912		
18:37:14		336642		208518		128124		
18:37:16		330101		224545		105556		
18:37:18		399682		203730		195952		
18:37:20		394538		334722		59816		
18:37:22		476074		347098		128976		
18:37:24		494966		361898		133068		
18:37:26		491676		393824		97852		
18:37:28		514381		368789		145592		
18:37:30		491494		386078		105416		
18:37:32		495606		407054		88552		
18:37:34		514714		437818		76896		
18:37:36		536201		446533		89668		
18:37:38		541267		468835		72432		
18:37:40		556991		477987		79004		
18:37:42		561751		487087		74664		
18:37:44		631662		492270		139392		
18:37:46		633936		401916		232020		
18:37:48		547927		411883		136044		
18:37:50		552944		151800		401144		
18:37:52		355774		143726		212048		
18:37:54		343181		166713		176468		
18:37:56		359978		173590		186388		
18:37:58		365197		171741		193456		
18:38:00		365197		175089		190108		
18:38:02		361939		174807		187132		
18:38:04		356933		170173		186760		
18:38:06		351178		152762		198416		
18:38:08		334995		145755		189240		
18:38:10		325207		146507		178700		
18:38:12		319438		157478		161960		
18:38:14		320691		172123		148568		
18:38:16		325207		176639		148568		
18:38:18		317273		141921		175352		
18:38:20		288462		147706		140756		
18:38:22		289853		149097		140756		
18:38:24		284745		172385		112360		
18:38:26		284745		191233		93512		
18:38:28		308855		206167		102688		
18:38:30		320174		184874		135300		
18:38:32		301668		133492		168176		
18:38:34		259679		205307		54372		
18:38:36		316294		247194		69100		
18:38:38		351874		158250		193624		
18:38:40		276981		161105		115876		
18:38:42		278386		118066		160320		
18:38:44		240909		119053		121856		
18:38:46		240272		162608		77664		
18:38:48		274343		196431		77912		
18:38:50		299503		148299		151204		
18:38:52		264243		166367		97876		
18:38:55		343877		162053		181824		
18:38:57		321445		163057		158388		
18:38:59		333042		158534		174508		
18:39:01		317959		170607		147352		
18:39:03		326199		176739		149460		
18:39:05		329947		203251		126696		
18:39:07		346416		178180		168236		
18:39:09		325540		173672		151868		
18:39:11		315712		184428		131284		
18:39:13		315748		182480		133268		
18:39:15		310117		160605		149512		
18:39:17		289161		178213		110948		
18:39:19		297704		187996		109708		
18:39:21		303385		159693		143692		
18:39:23		276666		184814		91852		
18:39:25		293212		181024		112188		
18:39:27		287532		181916		105616		
18:39:29		285527		172843		112684		
18:39:31		277131		173251		103880		
18:39:33		361890		165382		196508		
18:39:35		357922		189686		168236		
18:39:37		356521		187781		168740		
18:39:39		354275		161735		192540		
18:39:41		334357		160293		174064		
18:39:43		330961		182813		148148		
18:39:45		345656		165516		180140		
18:39:47		329528		192912		136616		
18:39:49		339140		176980		162160		
18:39:51		321649		172261		149388		
18:39:53		311179		187707		123472		
18:39:55		315765		176669		139096		
18:39:57		307006		166174		140832		
18:39:59		295403		178875		116528		
18:40:01		363823		170043		193780		
18:40:03		371450		190566		180884		
18:40:05		367060		187168		179892		
18:40:07		353537		193609		159928		
18:40:09		373699		188847		184852		
18:40:11		373699		199015		174684		
18:40:13		390199		222955		167244		
18:40:15		406907		214863		192044		
18:40:17		396975		177279		219696		
18:40:19		367308		188780		178528		
18:40:21		373774		200082		173692		
18:40:23		381313		221385		159928		
18:40:25		393132		204684		188448		
18:40:27		380257		210657		169600		
18:40:29		382526		182546		199980		
18:40:31		362048		176948		185100		
18:40:33		356371		179207		177164		
18:40:35		354715		172219		182496		
18:40:37		343650		177150		166500		
18:40:39		328380		175024		153356		
18:40:41		320504		197528		122976		
18:40:43		331135		183607		147528		
18:40:45		315252		189300		125952		
18:40:47		311946		192318		119628		
18:40:49		310916		206160		104756		
18:40:51		320198		166834		153364		
18:40:53		287762		181890		105872		
18:40:55		298462		186754		111708		
18:40:57		301094		198190		102904		
18:40:59		309326		175050		134276		
18:41:01		290031		188119		101912		
18:41:03		301542		190826		110716		
18:41:05		302454		186406		116048		
18:41:07		299814		203358		96456		
18:41:09		312849		169769		143080		
18:41:11		282845		203253		79592		
18:41:13		282845		227289		55556		
18:41:15		329665		167997		161668		
18:41:17		329665		186105		143560		
18:41:19		295775		185571		110204		
18:41:21		295775		185571		110204		
18:41:23		339000		177956		161044		
18:41:26		329799		190951		138848		
18:41:28		349796		201276		148520		
18:41:30		347529		211781		135748		
18:41:32		357805		267829		89976		
18:41:34		394949		233053		161896		
18:41:36		366209		236181		130028		
18:41:38		359392		247964		111428		
18:41:40		366352		254180		112172		
18:41:42		368866		178466		190400		
18:41:44		307367		182439		124928		
18:41:46		308556		186480		122076		
18:41:48		390678		192854		197824		
18:41:50		405299		186643		218656		
18:41:52		384520		170568		213952		
18:41:54		362919		205163		157756		
18:41:56		384126		194626		189500		
18:41:58		373909		172257		201652		
18:42:00		355405		173601		181804		
18:42:02		351426		190974		160452		
18:42:04		356752		226308		130444		
18:42:06		372979		262747		110232		
18:42:08		391611		244799		146812		
18:42:10		375803		238431		137372		
18:42:12		367379		243895		123484		
18:42:14		361339		249511		111828		
18:42:16		363404		250336		113068		
18:42:18		363727		250659		113068		
18:42:20		355303		254263		101040		
18:42:22		354796		252936		101860		
18:42:24		352757		256477		96280		
18:42:26		354661		252553		102108		
18:42:28		420428		253840		166588		
18:42:30		418856		257476		161380		
18:42:32		403721		247317		156404		
18:42:34		395188		258500		136688		
18:42:36		399837		252361		147476		
18:42:38		396214		267338		128876		
18:42:40		398327		253735		144592		
18:42:42		385148		270440		114708		
18:42:44		392046		255638		136408		
18:42:46		371704		269272		102432		
18:42:48		379556		261764		117792		
18:42:50		373103		260395		112708		
18:42:52		366524		259768		106756		
18:42:54		362722		256462		106260		
18:42:56		356787		259455		97332		
18:42:58		356494		253582		102912		
18:43:00		356494		259410		97084		
18:43:02		349741		253525		96216		
18:43:04		343005		264909		78096		
18:43:06		350994		269674		81320		
18:43:08		354238		254566		99672		
18:43:10		341478		185510		155968		
18:43:12		284988		201344		83644		
18:43:14		297261		204953		92308		
18:43:16		299577		195985		103592		
18:43:18		291770		198114		93656		
18:43:20		292594		198070		94524		
18:43:22		291706		197430		94276		
18:43:24		289696		203032		86664		
18:43:26		293414		183686		109728		
18:43:28		276786		194138		82648		
18:43:30		284502		195282		89220		
18:43:32		285144		222064		63080		
18:43:34		373401		241193		132208		
18:43:36		383358		197686		185672		
18:43:38		335822		197674		138148		
18:43:40		334430		229142		105288		
18:43:42		354715		265547		89168		
18:43:44		380556		231372		149184		
18:43:46		351174		249110		102064		
18:43:49		362675		293407		69268		
18:43:51		394972		215532		179440		
18:43:53		325859		227903		97956		
18:43:55		333172		255056		78116		
18:43:57		354332		282292		72040		
18:43:59		459475		274619		184856		
18:44:01		451762		295302		156460		
18:44:03		454879		290235		164644		
18:44:05		449593		298093		151500		
18:44:07		451055		351263		99792		
18:44:09		520084		339684		180400		
18:44:11		506186		338682		167504		
18:44:13		500313		346837		153476		
18:44:15		501025		207413		293612		
18:44:17		401802		232554		169248		
18:44:19		415845		224641		191204		
18:44:21		409597		223477		186120		
18:44:23		409597		231065		178532		
18:44:25		407825		198433		209392		
18:44:27		385891		242963		142928		
18:44:29		414119		239199		174920		
18:44:31		423691		256203		167488		
18:44:33		428628		268456		160172		
18:44:35		440770		212398		228372		
18:44:37		399769		207869		191900		
18:44:39		390195		232147		158048		
18:44:41		395036		245668		149368		
18:44:43		400981		295261		105720		
18:44:45		427217		326829		100388		
18:44:47		443256		347828		95428		
18:44:49		456870		366402		90468		
18:44:51		471642		382290		89352		
18:44:53		486214		387686		98528		
18:44:55		544713		299865		244848		
18:44:57		480413		261853		218560		
18:44:59		431624		309288		122336		
18:45:01		466551		303667		162884		
18:45:03		459706		309346		150360		
18:45:05		460455		325595		134860		
18:45:07		456116		301416		154700		
18:45:09		435206		297510		137696		
18:45:11		422387		304159		118228		
18:45:13		422387		312591		109796		
18:45:15		427925		319369		108556		
18:45:17		429797		308501		121296		
18:45:19		415206		325902		89304		
18:45:21		423629		306053		117576		
18:45:23		401560		314488		87072		
18:45:25		405601		347025		58576		
18:45:27		428906		356314		72592		
18:45:29		433578		372394		61184		
18:45:31		443748		376240		67508		
18:45:33		442975		324183		118792		
18:45:35		407829		340869		66960		
18:45:37		423195		354447		68748		
18:45:39		433514		334190		99324		
18:45:41		417781		329741		88040		
18:45:43		413380		346668		66712		
18:45:45		425944		315872		110072		
18:45:47		400123		329607		70516		
18:45:49		408807		326511		82296		
18:45:51		405403		216563		188840		
18:45:53		316290		240166		76124		
18:45:55		334558		242334		92224		
18:45:57		335763		258667		77096		
18:45:59		413079		324079		89000		
18:46:01		373210		286158		87052		
18:46:03		412835		314003		98832		
18:46:05		431823		241711		190112		
18:46:07		371696		267388		104308		
18:46:09		390202		280934		109268		
18:46:11		398499		299771		98728		
18:46:14		410574		261122		149452		
18:46:16		377319		286403		90916		
18:46:18		391031		274571		116460		
18:46:20		379087		293999		85088		
18:46:22		390788		282636		108152		
18:46:24		377351		283583		93768		
18:46:26		450984		316692		134292		
18:46:28		499030		296022		203008		
18:46:30		499030		214214		284816		
18:46:32		390667		195627		195040		
18:46:34		390667		191039		199628		
18:46:36		366817		189757		177060		
18:46:38		363379		203307		160072		
18:46:40		369984		252444		117540		
18:46:42		399547		244931		154616		
18:46:44		384897		194213		190684		
18:46:46		384897		232901		151996		
18:46:48		384897		204381		180516		
18:46:50		343303		208047		135256		
18:46:52		342872		201340		141532		
18:46:54		331866		198394		133472		
18:46:56		323239		212955		110284		
18:46:58		331144		224084		107060		
18:47:00		338096		244428		93668		
18:47:02		349356		252836		96520		
18:47:04		355084		224852		130232		
18:47:06		331864		250984		80880		
18:47:08		421364		300556		120808		
18:47:10		454101		276873		177228		
18:47:12		422074		286882		135192		
18:47:14		427369		291557		135812		
18:47:16		428030		365354		62676		
18:47:18		479491		201795		277696		
18:47:20		346902		178350		168552		
18:47:22		327174		181314		145860		
18:47:24		327613		210149		117464		
18:47:26		341976		251668		90308		
18:47:28		368127		190771		177356		
18:47:30		315747		192951		122796		
18:47:32		311444		199808		111636		
18:47:34		315958		212010		103948		
18:47:36		322460		241576		80884		
18:47:38		340450		234022		106428		
18:47:40		331192		251548		79644		
18:47:42		342535		235611		106924		
18:47:44		327298		237114		90184		
18:47:46		330066		267310		62756		
18:47:48		353753		295689		58064		
18:47:50		375845		315113		60732		
18:47:52		390789		293297		97492		
18:47:54		372905		304049		68856		
18:47:56		380862		323146		57716		
18:47:58		395512		334656		60856		
18:48:00		403906		334618		69288		
18:48:02		405519		336727		68792		
18:48:04		404304		261584		142720		
18:48:06		345084		283672		61412		
18:48:08		359333		287317		72016		
18:48:10		365023		297099		67924		
18:48:12		372101		310433		61668		
18:48:14		478878		277934		200944		
18:48:16		466870		308954		157916		
18:48:18		468774		294614		174160		
18:48:20		456712		314916		141796		
18:48:22		470011		304903		165108		
18:48:24		459600		287052		172548		
18:48:26		443512		309032		134480		
18:48:28		458138		296254		161884		
18:48:30		446663		301023		145640		
18:48:32		447608		294028		153580		
18:48:34		440320		299388		140932		
18:48:36		435484		141152		294332		
18:48:38		313011		124195		188816		
18:48:40		298330		149690		148640		
18:48:42		316527		165159		151368		
18:48:44		325731		200775		124956		
18:48:46		433970		180302		253668		
18:48:48		430059		115747		314312		
18:48:51		367676		133724		233952		
18:48:53		370073		152117		217956		
18:48:55		380967		166607		214360		
18:48:57		387936		180396		207540		
18:48:59		395074		199314		195760		
18:49:01		406175		193055		213120		
18:49:03		396167		128563		267604		
18:49:05		352430		243338		109092		
18:49:07		414172		171840		242332		
18:49:09		363188		172812		190376		
18:49:11		363063		126715		236348		
18:49:13		330816		155812		175004		
18:49:15		348671		170319		178352		
18:49:17		342612		211628		130984		
18:49:19		352191		167763		184428		
18:49:21		319235		163815		155420		
18:49:23		310283		162055		148228		
18:49:25		319209		166641		152568		
18:49:27		322148		167844		154304		
18:49:29		378956		183360		195596		
18:49:31		395704		202332		193372		
18:49:33		389654		179790		209864		
18:49:35		372245		174409		197836		
18:49:37		366845		170869		195976		
18:49:39		363213		179761		183452		
18:49:41		370591		172631		197960		
18:49:43		362865		182141		180724		
18:49:45		368041		195997		172044		
18:49:47		366721		171117		195604		
18:49:49		346719		192407		154312		
18:49:51		346719		164507		182212		
18:49:53		336685		171337		165348		
18:49:55		340366		176382		163984		
18:49:57		340539		162915		177624		
18:49:59		327925		186137		141788		
18:50:01		326566		181058		145508		
18:50:03		321445		169109		152336		
18:50:05		303162		168310		134852		
18:50:07		298451		179843		118608		
18:50:09		300512		148796		151716		
18:50:11		272778		172646		100132		
18:50:13		289081		186525		102556		
18:50:15		297993		168405		129588		
18:50:17		280673		173281		107392		
18:50:19		282049		180733		101316		
18:50:21		286535		172075		114460		
18:50:23		278338		182974		95364		
18:50:25		286187		173091		113096		
18:50:27		275328		190876		84452		
18:50:29		289601		202917		86684		
18:50:31		300420		170708		129712		
18:50:33		273821		144109		129712		
18:50:35		251446		121734		129712		
18:50:37		231604		172396		59208		
18:50:39		268783		186635		82148		
18:50:41		279522		182462		97060		
18:50:43		275597		163089		112508		
18:50:45		261897		163773		98124		
18:50:47		265656		173608		92048		
18:50:49		276194		193446		82748		
18:50:51		332349		177185		155164		
18:50:53		327557		186777		140780		
18:50:55		324275		145551		178724		
18:50:57		291043		150015		141028		
18:50:59		297368		151628		145740		
18:51:01		300457		144797		155660		
18:51:03		375157		146585		228572		
18:51:05		375005		153253		221752		
18:51:07		372065		143617		228448		
18:51:09		365588		152268		213320		
18:51:11		369722		166942		202780		
18:51:13		376282		175238		201044		
18:51:16		378456		156208		222248		
18:51:18		360968		160420		200548		
18:51:20		347249		139749		207500		
18:51:22		325661		152385		173276		
18:51:24		325586		175994		149592		
18:51:26		327301		162829		164472		
18:51:28		312463		144767		167696		
18:51:30		287951		167499		120452		
18:51:32		289816		158576		131240		
18:51:34		280406		168758		111648		
18:51:36		282131		145683		136448		
18:51:38		259277		184953		74324		
18:51:40		289612		156140		133472		
18:51:42		265840		159648		106192		
18:51:44		269974		156714		113260		
18:51:46		266837		155933		110904		
18:51:48		265241		179509		85732		
18:51:50		283076		162624		120452		
18:51:52		268212		162268		105944		
18:51:54		339013		177145		161868		
18:51:56		352878		182082		170796		
18:51:58		335460		243776		91684		
18:52:00		383674		213374		170300		
18:52:02		360115		224163		135952		
18:52:04		359391		217239		142152		
18:52:06		352845		229913		122932		
18:52:08		356484		156300		200184		
18:52:10		294107		154931		139176		
18:52:12		290761		140425		150336		
18:52:14		272652		155300		117352		
18:52:16		278111		157163		120948		
18:52:18		310276		161800		148476		
18:52:20		312214		138814		173400		
18:52:22		294138		161410		132728		
18:52:24		309222		147230		161992		
18:52:26		295604		167576		128028		
18:52:28		308133		159521		148612		
18:52:30		300670		210958		89712		
18:52:32		332245		240177		92068		
18:52:34		357080		218016		139064		
18:52:36		335555		217323		118232		
18:52:38		334067		206907		127160		
18:52:40		324284		223164		101120		
18:52:42		324284		212368		111916		
18:52:44		327440		221724		105716		
18:52:46		333969		220441		113528		
18:52:48		333327		216235		117092		
18:52:50		329080		221536		107544		
18:52:52		331899		216915		114984		
18:52:54		325805		216525		109280		
18:52:56		325378		221926		103452		
18:52:58		328884		220720		108164		
18:53:00		326735		221919		104816		
18:53:02		398272		223148		175124		
18:53:04		401844		236764		165080		
18:53:06		391608		225536		166072		
18:53:08		383243		240359		142884		
18:53:10		391821		226865		164956		
18:53:12		380477		222621		157856		
18:53:14		376859		231527		145332		
18:53:16		459404		227644		231760		
18:53:18		455828		226052		229776		
18:53:20		447514		220218		227296		
18:53:22		439431		226147		213284		
18:53:24		441450		223454		217996		
18:53:26		437412		225608		211804		
18:53:28		435490		221950		213540		
18:53:30		425259		223499		201760		
18:53:32		417971		236299		181672		
18:53:34		415611		216455		199156		
18:53:36		397375		214091		183284		
18:53:38		394252		171660		222592		
18:53:40		364215		174763		189452		
18:53:42		361648		174056		187592		
18:53:44		363729		171301		192428		
18:53:46		363601		162989		200612		
18:53:48		355129		183177		171952		
18:53:51		364049		160989		203060		
18:53:53		346825		161405		185420		
18:53:55		343226		176902		166324		
18:53:57		330761		175877		154884		
18:53:59		330761		194725		136036		
18:54:01		330761		210613		120148		
18:54:03		355646		183790		171856		
18:54:05		335418		187122		148296		
18:54:07		337149		208477		128672		
18:54:09		351065		234793		116272		
18:54:11		436399		216463		219936		
18:54:13		421710		240106		181604		
18:54:15		433254		207622		225632		
18:54:17		394996		201232		193764		
18:54:19		388663		231355		157308		
18:54:21		406470		231926		174544		
18:54:23		404522		263086		141436		
18:54:25		421441		259049		162392		
18:54:27		415848		291152		124696		
18:54:29		426162		284106		142056		
18:54:31		416108		358000		58108		
18:54:33		469229		335741		133488		
18:54:35		445530		350482		95048		
18:54:37		446401		332505		113896		
18:54:39		430235		182315		247920		
18:54:41		304134		195326		108808		
18:54:43		312904		173212		139692		
18:54:45		290149		185921		104228		
18:54:47		296728		194236		102492		
18:54:49		305500		203256		102244		
18:54:51		310514		180246		130268		
18:54:53		291536		212976		78560		
18:54:55		316005		209173		106832		
18:54:57		311670		218542		93128		
18:54:59		317989		239369		78620		
18:55:01		333921		242121		91800		
18:55:03		335713		172897		162816		
18:55:05		283108		212920		70188		
18:55:07		314055		208799		105256		
18:55:09		307699		254159		53540		
18:55:11		340254		261590		78664		
18:55:13		346817		290841		55976		
18:55:15		370723		287575		83148		
18:55:17		367436		303988		63448		
18:55:19		450072		307500		142572		
18:55:21		466803		308979		157824		
18:55:23		449826		237082		212744		
18:55:25		384572		249452		135120		
18:55:27		391764		254784		136980		
18:55:29		393568		252124		141444		
18:55:31		388920		260388		128532		
18:55:33		392422		274926		117496		
18:55:35		399264		239168		160096		
18:55:37		371215		211119		160096		
18:55:39		346372		238844		107528		
18:55:41		360003		255323		104680		
18:55:43		371488		225764		145724		
18:55:45		431552		252472		179080		
18:55:47		450023		276243		173780		
18:55:49		456763		282983		173780		
18:55:51		460523		257603		202920		
18:55:53		442678		288118		154560		
18:55:55		458582		293586		164996		
18:55:57		457528		289928		167600		
18:55:59		453223		295543		157680		
18:56:01		440838		250422		190416		
18:56:03		402296		219816		182480		
18:56:05		375906		275390		100516		
18:56:07		401477		253185		148292		
18:56:09		384542		236250		148292		
18:56:11		354572		266420		88152		
18:56:13		376021		246949		129072		
18:56:15		358294		229222		129072		
18:56:17		336132		254676		81456		
18:56:20		365733		277489		88244		
18:56:22		376034		287790		88244		
18:56:24		383439		212539		170900		
18:56:26		325879		215987		109892		
18:56:28		355610		213478		142132		
18:56:30		355610		226250		129360		
18:56:32		365318		257162		108156		
18:56:34		365318		218986		146332		
18:56:36		357044		231420		125624		
18:56:38		365346		244806		120540		
18:56:40		438565		223909		214656		
18:56:42		420360		228644		191716		
18:56:44		420360		229140		191220		
18:56:46		402889		251597		151292		
18:56:48		416997		237433		179564		
18:56:50		404645		258065		146580		
18:56:52		416483		236795		179688		
18:56:54		398184		234740		163444		
18:56:56		391997		170273		221724		
18:56:58		339683		174379		165304		
18:57:00		339546		164322		175224		
18:57:02		339546		179202		160344		
18:57:04		341651		195815		145836		
18:57:06		351343		209971		141372		
18:57:08		351343		182815		168528		
18:57:10		338775		181283		157492		
18:57:12		337252		196500		140752		
18:57:14		348297		167369		180928		
18:57:16		323471		171931		151540		
18:57:18		320977		161501		159476		
18:57:20		309404		164560		144844		
18:57:22		305933		172497		133436		
18:57:24		306199		185411		120788		
18:57:26		309707		208511		101196		
18:57:28		325041		216157		108884		
18:57:30		329876		186520		143356		
18:57:32		305111		214207		90904		
18:57:34		326465		235561		90904		
18:57:36		343065		240797		102268		
18:57:38		345954		237734		108220		
18:57:40		342657		278005		64652		
18:57:42		374208		315348		58860		
18:57:44		403425		329933		73492		
18:57:46		414405		164477		249928		
18:57:48		281721		31793		249928		
18:57:50		242712		178372		64340		
18:57:52		285846		167862		117984		
18:57:54		283004		214616		68388		
18:57:56		400500		207824		192676		
18:57:58		395509		152605		242904		
18:58:00		414334		164486		249848		
18:58:02		433125		171365		261760		
18:58:04		426946		209214		217732		
18:58:06		447849		197381		250468		
18:58:08		438894		243854		195040		
18:58:10		461593		219557		242036		
18:58:12		446935		375647		71288		
18:58:14		523705		395001		128704		
18:58:16		535290		409678		125612		
18:58:18		542891		402395		140496		
18:58:20		532782		426014		106768		
18:58:22		549748		396976		152772		
18:58:24		523675		405251		118424		
18:58:26		526629		397789		128840		
18:58:28		531428		404572		126856		
18:58:30		532278		427370		104908		
18:58:32		545255		455227		90028		
18:58:34		563238		196954		366284		
18:58:36		353173		226205		126968		
18:58:38		368971		250311		118660		
18:58:40		382284		227912		154372		
18:58:42		360366		258694		101672		
18:58:44		378915		136751		242164		
18:58:46		278586		148394		130192		
18:58:48		294603		183011		111592		
18:58:50		322177		178593		143584		
18:58:52		318679		165547		153132		
18:58:54		308260		164552		143708		
18:58:56		307130		170242		136888		
18:58:59		309896		154656		155240		
18:59:01		295776		151820		143956		
18:59:03		292894		143474		149420		
18:59:05		284870		166822		118048		
18:59:07		290838		180726		110112		
18:59:09		359966		182026		177940		
18:59:11		365896		142448		223448		
18:59:13		315777		144037		171740		
18:59:15		315524		151968		163556		
18:59:17		323623		166267		157356		
18:59:19		329893		186425		143468		
18:59:21		342772		201536		141236		
18:59:23		349025		196009		153016		
18:59:25		336498		131974		204524		
18:59:27		285482		216590		68892		
18:59:29		337835		137979		199856		
18:59:31		275513		120717		154796		
18:59:33		255550		140614		114936		
18:59:35		255550		181898		73652		
18:59:37		299353		196913		102440		
18:59:39		307675		198499		109176		
18:59:41		305831		205023		100808		
18:59:43		308328		198856		109472		
18:59:45		301202		206890		94312		
18:59:47		300814		206518		94296		
18:59:49		301692		199864		101828		
18:59:51		295348		203068		92280		
18:59:53		297090		202446		94644		
18:59:55		296047		200915		95132		
18:59:57		294149		204721		89428		
18:59:59		296305		211489		84816		
19:00:01		300853		208845		92008		
19:00:03		297695		208951		88744		
19:00:05		294992		208852		86140		
19:00:07		293597		223437		70160		
19:00:09		305302		215226		90076		
19:00:11		298055		215947		82108		
19:00:13		370458		214842		155616		
19:00:15		372202		215154		157048		
19:00:17		352307		195259		157048		
19:00:19		341853		217249		124604		
19:00:21		352030		216438		135592		
19:00:23		350012		216824		133188		
19:00:25		350012		218964		131048		
19:00:27		439667		218751		220916		
19:00:29		428532		245600		182932		
19:00:31		454199		261595		192604		
19:00:33		454199		291231		162968		
19:00:35		471613		252985		218628		
19:00:37		464878		243398		221480		
19:00:39		459028		234976		224052		
19:00:41		451878		243698		208180		
19:00:43		454812		246152		208660		
19:00:45		457049		265377		191672		
19:00:47		462648		253492		209156		
19:00:49		450787		246343		204444		
19:00:51		441604		249560		192044		
19:00:53		420309		253593		166716		
19:00:55		418786		256130		162656		
19:00:57		414640		260928		153712		
19:00:59		402893		258605		144288		
19:01:01		394212		276460		117752		
19:01:03		402212		252468		149744		
19:01:05		381881		245529		136352		
19:01:07		374714		243206		131508		
19:01:09		373163		241811		131352		
19:01:11		371206		261802		109404		
19:01:13		384085		240085		144000		
19:01:15		365374		260806		104568		
19:01:17		380140		274208		105932		
19:01:19		389692		256480		133212		
19:01:21		374279		249391		124888		
19:01:23		366849		261089		105760		
19:01:25		371416		248668		122748		
19:01:28		360254		260942		99312		
19:01:30		368212		249928		118284		
19:01:32		357909		255745		102164		
19:01:34		360875		265795		95080		
19:01:36		437848		248156		189692		
19:01:38		425151		235855		189296		
19:01:40		392606		272386		120220		
19:01:42		422133		248593		173540		
19:01:44		401911		265943		135968		
19:01:46		412076		262468		149608		
19:01:48		408265		269329		138936		
19:01:50		438258		264230		174028		
19:01:52		425265		271201		154064		
19:01:54		421205		296281		124924		
19:01:56		436281		289409		146872		
19:01:58		427701		248217		179484		
19:02:00		391763		262655		129108		
19:02:02		406373		272801		133572		
19:02:04		412217		295013		117204		
19:02:06		425533		303493		122040		
19:02:08		424359		280247		144112		
19:02:10		401950		250770		151180		
19:02:12		375468		238688		136780		
19:02:14		363609		241957		121652		
19:02:16		362263		254375		107888		
19:02:18		370575		261603		108972		
19:02:20		373521		251157		122364		
19:02:22		360157		268917		91240		
19:02:24		371950		255414		116536		
19:02:26		358387		261211		97176		
19:02:28		362129		256273		105856		
19:02:30		357629		277441		80188		
19:02:32		373734		231422		142312		
19:02:34		337542		255494		82048		
19:02:36		439591		247959		191632		
19:02:38		435027		254679		180348		
19:02:40		423486		282446		141040		
19:02:42		439669		246177		193492		
19:02:44		410467		254315		156152		
19:02:46		413897		274609		139288		
19:02:48		426596		263996		162600		
19:02:50		412054		272518		139536		
19:02:52		407447		255047		152400		
19:02:54		390878		271214		119664		
19:02:56		398204		268000		130204		
19:02:58		458926		246370		212556		
19:03:00		442219		263655		178564		
19:03:02		436053		244097		191956		
19:03:04		416193		274969		141224		
19:03:06		427059		246527		180532		
19:03:08		417864		266100		151764		
19:03:10		427855		276867		150988		
19:03:12		428943		286263		142680		
19:03:14		429772		345496		84276		
19:03:16		467244		313900		153344		
19:03:18		442279		322415		119864		
19:03:20		444525		322677		121848		
19:03:22		442166		341398		100768		
19:03:24		454061		258929		195132		
19:03:26		383204		246988		136216		
19:03:28		369346		253342		116004		
19:03:30		367741		253721		114020		
19:03:32		365084		256428		108656		
19:03:34		365294		268914		96380		
19:03:36		373995		256039		117956		
19:03:38		361511		263271		98240		
19:03:40		365568		245824		119744		
19:03:42		349732		237360		112372		
19:03:44		340171		237627		102544		
19:03:46		336066		238174		97892		
19:03:48		334585		235973		98612		
19:03:50		333196		236104		97092		
19:03:52		330302		239822		90480		
19:03:54		330983		247959		83024		
19:03:56		334612		260300		74312		
19:03:58		342719		269267		73452		
19:04:00		349360		235980		113380		
19:04:03		324319		259795		64524		
19:04:05		409966		246322		163644		
19:04:07		386663		230955		155708		
19:04:09		369878		245574		124304		
19:04:11		381696		259028		122668		
19:04:13		381696		269328		112368		
19:04:15		393138		280770		112368		
19:04:17		399812		312864		86948		
19:04:19		422768		314864		107904		
19:04:21		421983		322015		99968		
19:04:23		423418		322954		100464		
19:04:25		423418		314430		108988		
19:04:27		408444		324752		83692		
19:04:29		413199		338311		74888		
19:04:31		421676		330916		90760		
19:04:33		448743		345087		103656		
19:04:35		454572		328348		126224		
19:04:37		437978		344242		93736		
19:04:39		449567		336999		112568		
19:04:41		440732		334116		106616		
19:04:43		435937		333537		102400		
19:04:45		433353		327605		105748		
19:04:47		512427		320251		192176		
19:04:49		523946		337598		186348		
19:04:51		510255		319939		190316		
19:04:53		485079		344735		140344		
19:04:55		501323		336211		165112		
19:04:57		492714		328346		164368		
19:04:59		484478		333130		151348		
19:05:01		485342		332010		153332		
19:05:03		477228		333444		143784		
19:05:05		473085		331161		141924		
19:05:07		469309		332717		136592		
19:05:09		470931		321707		149224		
19:05:11		462427		330687		131740		
19:05:13		529228		329164		200064		
19:05:15		525326		336702		188624		
19:05:17		514957		324233		190724		
19:05:19		504870		333854		171016		
19:05:21		508862		333506		175356		
19:05:23		505365		333389		171976		
19:05:25		501787		261999		239788		
19:05:27		453135		269271		183864		
19:05:29		453467		280391		173076		
19:05:31		438120		271368		166752		
19:05:33		430324		288744		141580		
19:05:35		436052		297076		138976		
19:05:37		431944		313924		118020		
19:05:39		443141		324377		118764		
19:05:41		449849		321073		128776		
19:05:43		446466		313118		133348		
19:05:45		439687		326303		113384		
19:05:47		448681		372497		76184		
19:05:49		481486		340202		141284		
19:05:51		451582		354938		96644		
19:05:53		459762		376014		83748		
19:05:55		472016		396452		75564		
19:05:57		486351		421899		64452		
19:05:59		509232		434172		75060		
19:06:01		514704		451612		63092		
19:06:03		526206		424362		101844		
19:06:05		503415		273823		229592		
19:06:07		380514		271698		108816		
19:06:09		377823		272471		105352		
19:06:11		375522		252562		122960		
19:06:13		359572		261288		98284		
19:06:15		365831		268819		97012		
19:06:17		370727		286859		83868		
19:06:19		384370		298022		86348		
19:06:21		392614		247118		145496		
19:06:23		350805		235689		115116		
19:06:25		340919		271435		69484		
19:06:27		368565		270065		98500		
19:06:29		366776		303708		63068		
19:06:31		460961		397893		63068		
19:06:33		434883		335107		99776		
19:06:36		472860		318104		154756		
19:06:38		462154		319674		142480		
19:06:40		455043		261439		193604		
19:06:42		407350		291242		116108		
19:06:44		428105		288313		139792		
19:06:46		419494		347282		72212		
19:06:48		461356		372572		88784		
19:06:50		479413		395961		83452		
19:06:52		493936		415072		78864		
19:06:54		507120		426272		80848		
19:06:56		515278		436290		78988		
19:06:58		523094		445966		77128		
19:07:00		530452		366168		164284		
19:07:02		466204		357720		108484		
19:07:04		458754		360314		98440		
19:07:06		460304		358672		101632		
19:07:08		457383		376335		81048		
19:07:10		467677		391093		76584		
19:07:12		475992		355636		120356		
19:07:14		445523		344759		100764		
19:07:16		434190		357110		77080		
19:07:18		526996		370440		156556		
19:07:20		537926		383850		154076		
19:07:22		529023		372335		156688		
19:07:24		516812		391372		125440		
19:07:26		526905		364265		162640		
19:07:28		503276		373496		129780		
19:07:30		506544		402556		103988		
19:07:32		526296		413008		113288		
19:07:34		526296		427516		98780		
19:07:36		551067		434307		116760		
19:07:38		553358		388486		164872		
19:07:40		514144		400360		113784		
19:07:42		520599		378167		142432		
19:07:44		499225		374273		124952		
19:07:46		483313		394689		88624		
19:07:48		496940		409308		87632		
19:07:50		508547		385451		123096		
19:07:52		487322		385046		102276		
19:07:54		485306		402002		83304		
19:07:56		550154		277214		272940		
19:07:58		452610		302674		149936		
19:08:00		504521		308705		195816		
19:08:02		507946		314610		193336		
19:08:04		511292		329240		182052		
19:08:06		519379		361787		157592		
19:08:08		549935		397675		152260		
19:08:10		574339		312711		261628		
19:08:12		529469		322401		207068		
19:08:14		532935		353395		179540		
19:08:16		553185		374885		178300		
19:08:18		557410		351954		205456		
19:08:20		547062		379426		167636		
19:08:22		552110		373438		178672		
19:08:24		547808		358348		189460		
19:08:26		541982		378810		163172		
19:08:28		544172		392656		151516		
19:08:30		544638		372910		171728		
19:08:32		539364		272900		266464		
19:08:34		523243		263971		259272		
19:08:36		522685		255229		267456		
19:08:38		521937		263657		258280		
19:08:40		523066		279914		243152		
19:08:42		524757		292021		232736		
19:08:44		525752		264488		261264		
19:08:46		523486		263494		259992		
19:08:48		523485		299701		223784		
19:08:50		525828		262984		262844		
19:08:52		523619		255691		267928		
19:08:54		523306		258230		265076		
19:08:56		523519		256831		266688		
19:08:58		523542		266526		257016		
19:09:00		523542		282026		241516		
19:09:03		524527		298635		225892		
19:09:05		524999		265343		259656		
19:09:07		524015		310115		213900		
19:09:09		525125		361941		163184		
19:09:11		526173		338189		187984		
19:09:13		525520		344604		180916		
19:09:15		525509		370881		154628		
19:09:17		525804		461540		64264		
19:09:19		584420		290200		294220		
19:09:21		528628		272452		256176		
19:09:23		523480		295816		227664		
19:09:25		529086		293982		235104		
19:09:27		528370		336450		191920		
19:09:29		536084		287000		249084		
19:09:31		526420		266920		259500		
19:09:33		523043		286979		236064		
19:09:35		525959		304899		221060		
19:09:37		528082		329466		198616		
19:09:39		530469		330861		199608		
19:09:41		530053		363553		166500		
19:09:43		532468		358032		174436		
19:09:45		531198		425706		105492		
19:09:46		548586		495338		53248		
