recorded by mmserver domain:[id:25 time:Wed May  1 12:05:30 2013
]
time		tg_mem		use_mem		free_mem		
12:05:32		1162673		1008949		153724		
12:05:34		1162549		1008825		153724		
12:05:36		1162509		1025217		137292		
12:05:39		1178817		1078341		100476		
12:05:41		1231941		1117985		113956		
12:05:43		1271585		1124893		146692		
12:05:45		1278493		1132733		145760		
12:05:47		1286333		1140993		145340		
12:05:49		1294593		1185593		109000		
12:05:51		1339192		1230192		109000		
12:05:53		1317320		1175596		141724		
12:05:55		1331831		1199047		132784		
12:05:57		1352647		1206255		146392		
12:05:59		1359855		1213619		146236		
12:06:01		1367219		1217635		149584		
12:06:03		1371235		1227231		144004		
12:06:05		1380831		1235215		145616		
12:06:07		1388815		1245695		143120		
12:06:09		1399295		1255463		143832		
12:06:11		1409063		1277631		131432		
12:06:13		1431231		1298187		133044		
12:06:15		1451787		1314667		137120		
12:06:17		1468267		1336363		131904		
12:06:19		1489963		1340367		149596		
12:06:21		1493967		1349347		144620		
12:06:23		1502947		1349895		153052		
12:06:25		1503495		1354295		149200		
12:06:27		1507895		1362663		145232		
12:06:29		1516263		1364087		152176		
12:06:31		1517687		1366999		150688		
12:06:33		1520599		1372943		147656		
12:06:35		1526542		1373554		152988		
12:06:37		1527153		1373545		153608		
12:06:39		1527147		1373539		153608		
12:06:41		1527139		1374275		152864		
12:06:43		1527875		1360503		167372		
12:06:45		1520269		1363313		156956		
12:06:47		1520922		1362726		158196		
12:06:49		1520254		1364042		156212		
12:06:51		1520543		1363959		156584		
12:06:53		1520240		1385348		134892		
12:06:55		1538947		1403435		135512		
12:06:57		1557035		1403791		153244		
12:06:59		1557391		1403899		153492		
12:07:01		1557499		1410443		147056		
12:07:03		1564043		1417227		146816		
12:07:05		1570827		1443923		126904		
12:07:07		1597523		1442835		154688		
12:07:09		1596861		1443941		152920		
12:07:11		1597541		1443925		153616		
12:07:13		1597541		1444485		153056		
12:07:15		1598085		1445357		152728		
12:07:17		1598957		1445549		153408		
12:07:19		1599148		1446192		152956		
12:07:21		1599792		1447056		152736		
12:07:23		1600656		1447876		152780		
12:07:25		1601476		1448964		152512		
12:07:27		1602564		1448296		154268		
12:07:29		1602153		1448445		153708		
12:07:31		1602165		1449313		152852		
12:07:33		1602913		1450917		151996		
12:07:35		1604517		1453053		151464		
12:07:37		1606653		1456325		150328		
12:07:39		1609925		1460289		149636		
12:07:41		1613888		1455336		158552		
12:07:43		1610959		1455835		155124		
12:07:45		1610738		1457650		153088		
12:07:47		1611684		1460696		150988		
12:07:49		1614296		1473668		140628		
12:07:51		1627268		1475020		152248		
12:07:53		1628620		1488204		140416		
12:07:55		1641803		1492263		149540		
12:07:57		1645863		1492859		153004		
12:08:00		1646458		1493206		153252		
12:08:02		1646806		1493430		153376		
12:08:04		1647030		1501590		145440		
12:08:06		1655190		1501938		153252		
12:08:08		1655538		1502038		153500		
12:08:10		1655637		1502137		153500		
12:08:12		1655737		1502113		153624		
12:08:14		1655719		1522679		133040		
12:08:16		1676279		1502195		174084		
12:08:18		1663705		1501813		161892		
12:08:20		1662370		1501802		160568		
12:08:22		1661671		1501723		159948		
12:08:24		1660986		1502010		158976		
12:08:26		1660580		1502596		157984		
12:08:28		1660455		1503215		157240		
12:08:30		1660407		1505251		155156		
12:08:32		1661301		1505773		155528		
12:08:34		1661489		1505961		155528		
12:08:36		1661416		1505888		155528		
12:08:38		1661176		1505648		155528		
12:08:40		1660831		1505427		155404		
12:08:42		1660493		1509181		151312		
12:08:44		1662781		1509733		153048		
12:08:46		1663346		1509802		153544		
12:08:48		1663402		1509982		153420		
12:08:50		1663582		1510162		153420		
12:08:52		1663762		1510218		153544		
12:08:54		1663818		1510274		153544		
12:08:56		1663874		1510330		153544		
12:08:58		1663930		1510378		153552		
12:09:00		1663978		1510294		153684		
12:09:02		1663916		1510232		153684		
12:09:04		1663832		1510872		152960		
12:09:06		1664472		1511240		153232		
12:09:08		1664840		1511360		153480		
12:09:10		1664960		1511356		153604		
12:09:12		1664956		1511352		153604		
12:09:14		1664969		1511365		153604		
12:09:16		1664965		1511361		153604		
12:09:18		1664962		1499090		165872		
12:09:20		1657468		1499348		158120		
12:09:22		1656808		1499804		157004		
12:09:24		1656616		1499736		156880		
12:09:26		1656229		1509741		146488		
12:09:28		1663341		1499525		163816		
12:09:30		1657805		1499073		158732		
12:09:32		1656830		1445954		210876		
12:09:34		1624045		1437373		186672		
12:09:36		1616284		1429612		186672		
12:09:38		1609066		1138150		470916		
12:09:40		1430951		1115903		315048		
12:09:42		1404062		1140598		263464		
12:09:44		1404516		1149608		254908		
12:09:46		1398471		1169851		228620		
12:09:48		1399704		1201464		198240		
12:09:50		1408787		1232743		176044		
12:09:52		1419748		1271480		148268		
12:09:54		1436285		1302897		133388		
12:09:56		1456497		1341213		115284		
12:09:58		1494813		1351257		143556		
12:10:00		1504857		1359937		144920		
12:10:02		1513537		1365393		148144		
12:10:04		1518993		1379653		139340		
12:10:06		1533253		1385481		147772		
12:10:08		1539081		1432849		106232		
12:10:10		1586449		1448473		137976		
12:10:12		1602073		1443017		159056		
12:10:14		1598872		1459160		139712		
12:10:16		1612760		1472140		140620		
12:10:18		1625740		1474456		151284		
12:10:21		1628056		1498844		129212		
12:10:23		1652444		1499300		153144		
12:10:25		1652899		1499507		153392		
12:10:27		1653107		1516951		136156		
12:10:29		1670551		1524971		145580		
12:10:31		1678571		1527783		150788		
12:10:33		1681383		1516955		164428		
12:10:35		1674689		1516833		157856		
12:10:37		1673897		1516785		157112		
12:10:39		1673514		1515038		158476		
12:10:41		1672125		1528157		143968		
12:10:43		1681757		1527869		153888		
12:10:45		1681894		1526874		155020		
12:10:47		1681240		1526592		154648		
12:10:49		1680905		1542129		138776		
12:10:51		1695728		1129900		565828		
12:10:53		1439750		1068438		371312		
12:10:55		1444569		1270613		173956		
12:10:57		1493959		1284823		209136		
12:10:59		1495130		1290458		204672		
12:11:01		1492659		1298923		193736		
12:11:03		1492268		1303988		188280		
12:11:05		1491127		1310419		180708		
12:11:07		1491328		1313688		177640		
12:11:09		1490418		1321274		169144		
12:11:11		1492226		1327430		164796		
12:11:13		1494051		1333263		160788		
12:11:15		1495988		1355320		140668		
12:11:17		1508920		1369416		139504		
12:11:19		1523016		1378924		144092		
12:11:21		1532524		1385776		146748		
12:11:23		1539376		1394748		144628		
12:11:25		1548348		1404684		143664		
12:11:27		1558284		1409980		148304		
12:11:29		1563580		1421604		141976		
12:11:31		1575204		1430408		144796		
12:11:33		1584008		1450064		133944		
12:11:35		1603664		1455144		148520		
12:11:37		1608744		1463832		144912		
12:11:39		1617432		1467940		149492		
12:11:41		1621540		1474192		147348		
12:11:43		1627792		1482816		144976		
12:11:45		1636416		1485000		151416		
12:11:47		1638600		1486448		152152		
12:11:49		1640048		1486780		153268		
12:11:51		1640380		1487972		152408		
12:11:53		1641572		1488172		153400		
12:11:55		1641772		1488868		152904		
12:11:57		1642468		1489068		153400		
12:11:59		1642668		1490260		152408		
12:12:01		1643860		1490708		153152		
12:12:03		1644308		1491528		152780		
12:12:05		1645128		1492596		152532		
12:12:07		1646196		1493788		152408		
12:12:09		1647388		1494980		152408		
12:12:11		1648580		1495660		152920		
12:12:13		1649260		1501052		148208		
12:12:15		1654652		1505204		149448		
12:12:17		1658804		1506628		152176		
12:12:19		1660227		1507059		153168		
12:12:21		1660659		1508855		151804		
12:12:23		1662455		1506543		155912		
12:12:25		1661037		1507357		153680		
12:12:27		1661263		1157179		504084		
12:12:29		1447830		1090826		357004		
12:12:31		1394831		1227103		167728		
12:12:33		1457214		1286362		170852		
12:12:35		1482952		1294120		188832		
12:12:37		1482957		1302697		180260		
12:12:39		1484133		1308345		175788		
12:12:42		1484443		1313739		170704		
12:12:44		1485147		1317891		167256		
12:12:46		1485598		1324978		160620		
12:12:48		1488012		1331360		156652		
12:12:50		1490516		1335988		154528		
12:12:52		1492442		1349986		142456		
12:12:54		1503586		1370926		132660		
12:12:56		1524526		1376614		147912		
12:12:58		1530214		1384334		145880		
12:13:00		1537934		1392078		145856		
12:13:02		1545678		1398486		147192		
12:13:04		1552086		1413110		138976		
12:13:06		1566710		1421374		145336		
12:13:08		1574973		1427401		147572		
12:13:10		1581001		1446365		134636		
12:13:12		1599965		1453613		146352		
12:13:14		1607213		1461849		145364		
12:13:16		1615449		1462041		153408		
12:13:18		1615641		1467621		148020		
12:13:20		1621221		1472609		148612		
12:13:22		1626209		1478845		147364		
12:13:24		1632445		1480625		151820		
12:13:26		1634225		1478809		155416		
12:13:28		1633142		1478842		154300		
12:13:30		1632953		1479885		153068		
12:13:32		1633503		1480807		152696		
12:13:34		1634407		1481215		153192		
12:13:36		1634815		1481251		153564		
12:13:38		1634856		1482532		152324		
12:13:40		1636132		1483064		153068		
12:13:42		1636664		1483720		152944		
12:13:44		1637320		1485128		152192		
12:13:46		1638727		1489883		148844		
12:13:48		1643483		1490619		152864		
12:13:50		1644219		1494719		149500		
12:13:52		1648319		1497959		150360		
12:13:54		1651558		1497982		153576		
12:13:56		1651590		1500254		151336		
12:13:58		1653854		1503270		150584		
12:14:00		1656870		1505302		151568		
12:14:02		1658902		1510434		148468		
12:14:04		1664034		1511366		152668		
12:14:06		1664966		1515902		149064		
12:14:08		1669501		1519825		149676		
12:14:10		1673425		1519921		153504		
12:14:12		1673521		1522273		151248		
12:14:14		1675873		1526129		149744		
12:14:16		1679729		1530877		148852		
12:14:18		1684477		1535277		149200		
12:14:20		1688877		1540445		148432		
12:14:22		1694045		1540677		153368		
12:14:24		1694277		1540933		153344		
12:14:26		1694533		1540965		153568		
12:14:28		1694570		1541026		153544		
12:14:30		1694626		1542230		152396		
12:14:32		1695829		1544573		151256		
12:14:34		1698173		1544833		153340		
12:14:36		1698433		1544869		153564		
12:14:38		1698468		1544936		153532		
12:14:40		1698536		1545036		153500		
12:14:42		1698636		1549128		149508		
12:14:44		1702728		1550144		152584		
12:14:46		1703744		1551192		152552		
12:14:48		1704792		1552404		152388		
12:14:50		1706003		1550803		155200		
12:14:52		1705002		1550694		154308		
12:14:54		1704773		1552257		152516		
12:14:56		1705857		1557697		148160		
12:14:58		1711297		1557465		153832		
12:15:00		1711198		1557514		153684		
12:15:03		1711202		1558434		152768		
12:15:05		1712033		1562009		150024		
12:15:07		1715608		1565468		150140		
12:15:09		1719068		1558056		161012		
12:15:11		1714404		1558128		156276		
12:15:13		1713837		1558105		155732		
12:15:15		1713619		1558183		155436		
12:15:17		1713480		1558216		155264		
12:15:19		1713329		1558221		155108		
12:15:21		1713194		1558234		154960		
12:15:23		1713079		1558383		154696		
12:15:25		1713033		1558641		154392		
12:15:27		1713084		1559204		153880		
12:15:29		1713360		1559412		153948		
12:15:31		1713471		1559447		154024		
12:15:33		1713462		1559478		153984		
12:15:35		1713438		1559726		153712		
12:15:37		1713555		1559735		153820		
12:15:39		1713533		1559713		153820		
12:15:41		1713516		1559720		153796		
12:15:43		1713498		1560114		153384		
12:15:45		1713725		1560257		153468		
12:15:47		1713857		1560437		153420		
12:15:49		1714037		1562045		151992		
12:15:51		1715644		1560808		154836		
12:15:53		1714982		1543798		171184		
12:15:55		1704205		1155773		548432		
12:15:56		1459901		911469		548432		
