recorded by mmserver domain:[id:11 time:Wed May  1 12:05:30 2013
]
time		tg_mem		use_mem		free_mem		
12:05:32		1019358		422314		597044		
12:05:34		1019390		422346		597044		
12:05:36		1019400		422356		597044		
12:05:39		1015246		422170		593076		
12:05:41		1001723		422163		579560		
12:05:43		991667		422151		569516		
12:05:45		989907		422127		567780		
12:05:47		987906		422234		565672		
12:05:49		985849		422161		563688		
12:05:51		974536		422132		552404		
12:05:53		980030		422294		557736		
12:05:55		976416		421656		554760		
12:05:57		971135		421707		549428		
12:05:59		969336		421768		547568		
12:06:01		967508		421676		545832		
12:06:03		966452		421736		544716		
12:06:05		964049		421689		542360		
12:06:07		962014		421762		540252		
12:06:09		959397		421749		537648		
12:06:11		957270		421730		535540		
12:06:13		951603		421767		529836		
12:06:15		947428		421684		525744		
12:06:17		944448		421680		522768		
12:06:19		940213		421661		518552		
12:06:21		936115		421655		514460		
12:06:23		933135		421651		511484		
12:06:25		933079		421719		511360		
12:06:27		932001		421757		510244		
12:06:29		929907		421647		508260		
12:06:31		929489		421725		507764		
12:06:33		928794		421650		507144		
12:06:35		927260		421728		505532		
12:06:37		927154		421746		505408		
12:06:39		927165		421757		505408		
12:06:41		927134		421726		505408		
12:06:43		926928		421644		505284		
12:06:45		928818		422294		506524		
12:06:47		928669		422145		506524		
12:06:49		928824		422300		506524		
12:06:51		928787		422263		506524		
12:06:53		928886		422362		506524		
12:06:55		924215		421659		502556		
12:06:57		919586		421742		497844		
12:06:59		919527		421683		497844		
12:07:01		919459		421739		497720		
12:07:03		917846		421738		496108		
12:07:05		916153		421657		494496		
12:07:07		909416		421740		487676		
12:07:09		909602		421926		487676		
12:07:11		909446		421770		487676		
12:07:13		909420		421744		487676		
12:07:15		909269		421717		487552		
12:07:17		909050		421746		487304		
12:07:19		909043		421739		487304		
12:07:21		908846		421666		487180		
12:07:23		908605		421673		486932		
12:07:25		908402		421718		486684		
12:07:27		908172		421736		486436		
12:07:29		908261		421825		486436		
12:07:31		908249		421813		486436		
12:07:33		908055		421743		486312		
12:07:35		907668		421728		485940		
12:07:37		907119		421675		485444		
12:07:39		906264		421688		484576		
12:07:41		905306		421722		483584		
12:07:43		906061		422353		483708		
12:07:45		906111		422279		483832		
12:07:47		905829		421997		483832		
12:07:49		905142		421682		483460		
12:07:51		901920		421684		480236		
12:07:53		901594		421730		479864		
12:07:55		898308		421668		476640		
12:07:58		897230		421706		475524		
12:08:00		897101		421701		475400		
12:08:02		897027		421751		475276		
12:08:04		896980		421704		475276		
12:08:06		894913		421745		473168		
12:08:08		894828		421660		473168		
12:08:10		894782		421738		473044		
12:08:12		894788		421744		473044		
12:08:14		894792		421748		473044		
12:08:16		889623		421663		467960		
12:08:18		892726		422286		470440		
12:08:20		893078		422266		470812		
12:08:22		893246		422310		470936		
12:08:24		893437		422433		471004		
12:08:26		893606		422330		471276		
12:08:28		893585		422317		471268		
12:08:30		893588		422320		471268		
12:08:32		893381		422113		471268		
12:08:34		893347		422079		471268		
12:08:36		893375		422107		471268		
12:08:38		893442		422174		471268		
12:08:40		893534		422266		471268		
12:08:42		893623		422355		471268		
12:08:44		893076		422056		471020		
12:08:46		893040		422020		471020		
12:08:48		893012		421992		471020		
12:08:50		892957		422061		470896		
12:08:52		892927		422031		470896		
12:08:54		892924		422028		470896		
12:08:56		892896		422000		470896		
12:08:58		892850		421954		470896		
12:09:00		892815		421919		470896		
12:09:02		892792		421896		470896		
12:09:04		892571		421675		470896		
12:09:06		892269		421373		470896		
12:09:08		892076		421180		470896		
12:09:10		891949		422169		469780		
12:09:12		892474		422322		470152		
12:09:14		892601		422325		470276		
12:09:16		892584		422308		470276		
12:09:18		892573		422297		470276		
12:09:20		894439		424163		470276		
12:09:22		895456		425180		470276		
12:09:24		896108		425832		470276		
12:09:26		896632		426356		470276		
12:09:28		895157		421781		473376		
12:09:30		894274		421766		472508		
12:09:32		894187		421679		472508		
12:09:34		902358		422410		479948		
12:09:36		904683		422379		482304		
12:09:38		906485		422321		484164		
12:09:40		951047		422367		528680		
12:09:42		957869		422369		535500		
12:09:44		957820		422320		535500		
12:09:46		959423		422435		536988		
12:09:48		959135		422147		536988		
12:09:50		956903		421767		535136		
12:09:52		954162		421754		532408		
12:09:54		950014		421698		528316		
12:09:56		944930		421698		523232		
12:09:58		935271		421711		513560		
12:10:00		932748		421792		510956		
12:10:02		930592		421744		508848		
12:10:04		929189		421705		507484		
12:10:06		925593		421705		503888		
12:10:08		924105		421821		502284		
12:10:10		912196		421816		490380		
12:10:12		908241		421829		486412		
12:10:14		909050		422390		486660		
12:10:16		905608		421800		483808		
12:10:18		902365		421781		480584		
12:10:21		901762		421798		479964		
12:10:23		895634		421746		473888		
12:10:25		895498		421726		473772		
12:10:27		895428		421780		473648		
12:10:29		891074		421766		469308		
12:10:31		889063		421739		467324		
12:10:33		888352		421772		466580		
12:10:35		890021		422325		467696		
12:10:37		890195		422375		467820		
12:10:39		890319		422375		467944		
12:10:41		890666		422350		468316		
12:10:43		888228		421772		466456		
12:10:45		888217		421761		466456		
12:10:47		888376		421920		466456		
12:10:49		888456		422000		466456		
12:10:51		884729		421745		462984		
12:10:53		948818		422346		526472		
12:10:55		947660		421684		525976		
12:10:57		935315		421739		513576		
12:10:59		935075		421747		513328		
12:11:01		935725		422397		513328		
12:11:03		935861		422409		513452		
12:11:05		936186		422362		513824		
12:11:07		936114		422290		513824		
12:11:09		936338		422390		513948		
12:11:11		935911		421963		513948		
12:11:13		935476		421776		513700		
12:11:15		934970		421766		513204		
12:11:17		931754		421774		509980		
12:11:19		928176		421792		506384		
12:11:21		925825		421797		504028		
12:11:23		924097		421681		502416		
12:11:25		921769		421709		500060		
12:11:27		919292		421712		497580		
12:11:29		917964		421748		496216		
12:11:31		915055		421691		493364		
12:11:33		912797		421789		491008		
12:11:35		907896		421724		486172		
12:11:37		906542		421858		484684		
12:11:39		904405		421829		482576		
12:11:41		903353		421893		481460		
12:11:43		901806		421834		479972		
12:11:45		899605		421865		477740		
12:11:47		899089		421845		477244		
12:11:49		898724		421852		476872		
12:11:51		898638		421890		476748		
12:11:53		898358		421858		476500		
12:11:55		898320		421820		476500		
12:11:57		898089		421837		476252		
12:11:59		898064		421804		476260		
12:12:01		897734		421854		475880		
12:12:03		897646		421890		475756		
12:12:05		897457		421825		475632		
12:12:07		897156		421896		475260		
12:12:09		896898		421886		475012		
12:12:11		896604		421840		474764		
12:12:13		896393		421877		474516		
12:12:15		895052		421900		473152		
12:12:17		894034		421874		472160		
12:12:19		893669		421881		471788		
12:12:21		893642		421854		471788		
12:12:23		893094		421802		471292		
12:12:25		893400		422108		471292		
12:12:27		893310		422018		471292		
12:12:29		946722		422358		524364		
12:12:31		960161		422405		537756		
12:12:33		944625		421749		522876		
12:12:35		938189		421761		516428		
12:12:37		938222		421794		516428		
12:12:39		937942		421762		516180		
12:12:42		937865		421685		516180		
12:12:44		937678		421746		515932		
12:12:46		937583		421775		515808		
12:12:48		936995		421683		515312		
12:12:50		936324		421756		514568		
12:12:52		935873		421677		514196		
12:12:54		933070		421726		511344		
12:12:56		927784		421772		506012		
12:12:58		926398		421750		504648		
12:13:00		924417		421753		502664		
12:13:02		922495		421691		500804		
12:13:04		920850		421782		499068		
12:13:06		917202		421730		495472		
12:13:08		915106		421742		493364		
12:13:10		913590		421714		491876		
12:13:12		908791		421751		487040		
12:13:14		906992		421688		485304		
12:13:16		904886		421690		483196		
12:13:18		904869		421797		483072		
12:13:20		903487		421779		481708		
12:13:22		902241		421773		480468		
12:13:24		900652		421796		478856		
12:13:26		900227		421743		478484		
12:13:28		900469		421985		478484		
12:13:30		900496		422012		478484		
12:13:32		900345		421861		478484		
12:13:34		900109		421749		478360		
12:13:36		900021		421785		478236		
12:13:38		900063		421827		478236		
12:13:40		899757		421769		477988		
12:13:42		899589		421725		477864		
12:13:44		899400		421784		477616		
12:13:46		899093		421725		477368		
12:13:48		897842		421714		476128		
12:13:50		897679		421799		475880		
12:13:52		896662		421774		474888		
12:13:54		895853		421709		474144		
12:13:56		895824		421680		474144		
12:13:58		895219		421695		473524		
12:14:00		894476		421696		472780		
12:14:02		893973		421689		472284		
12:14:04		892664		421744		470920		
12:14:06		892455		421783		470672		
12:14:08		891354		421798		469556		
12:14:10		890369		421681		468688		
12:14:12		890298		421734		468564		
12:14:14		889717		421773		467944		
12:14:16		888775		421699		467076		
12:14:18		887531		421695		465836		
12:14:20		886451		421731		464720		
12:14:22		885144		421788		463356		
12:14:24		885119		421763		463356		
12:14:26		885034		421678		463356		
12:14:28		884987		421755		463232		
12:14:30		885013		421781		463232		
12:14:32		884739		421755		462984		
12:14:34		884125		421761		462364		
12:14:36		884084		421720		462364		
12:14:38		884025		421785		462240		
12:14:40		884039		421799		462240		
12:14:42		884037		421797		462240		
12:14:44		883003		421755		461248		
12:14:46		882739		421739		461000		
12:14:48		882446		421694		460752		
12:14:50		882119		421739		460380		
12:14:52		882400		422020		460380		
12:14:54		882522		422142		460380		
12:14:56		882275		421895		460380		
12:14:58		880881		421741		459140		
12:15:00		880858		421718		459140		
12:15:03		880822		421682		459140		
12:15:05		880565		421797		458768		
12:15:07		879767		421743		458024		
12:15:09		878877		421721		457156		
12:15:11		880025		422373		457652		
12:15:13		880178		422402		457776		
12:15:15		880264		422364		457900		
12:15:17		880276		422376		457900		
12:15:19		880321		422297		458024		
12:15:21		880315		422291		458024		
12:15:23		880360		422336		458024		
12:15:25		880384		422360		458024		
12:15:27		880381		422357		458024		
12:15:29		880319		422295		458024		
12:15:31		880297		422273		458024		
12:15:33		880304		422280		458024		
12:15:35		880313		422289		458024		
12:15:37		880286		422262		458024		
12:15:39		880266		422242		458024		
12:15:41		880279		422255		458024		
12:15:43		880290		422266		458024		
12:15:45		880238		422214		458024		
12:15:47		880209		422185		458024		
12:15:49		880166		422142		458024		
12:15:51		879764		421740		458024		
12:15:53		879793		421769		458024		
12:15:55		882458		422326		460132		
12:15:56		943731		422343		521388		
