record in kb
time		total		used		free
[16:42:31]		1048572		0		1048572
[16:42:34]		1048572		0		1048572
[16:42:37]		1048572		0		1048572
[16:42:40]		1048572		0		1048572
[16:42:43]		1048572		0		1048572
[16:42:46]		1048572		0		1048572
[16:42:49]		1048572		0		1048572
[16:42:52]		1048572		0		1048572
[16:42:55]		1048572		0		1048572
[16:42:58]		1048572		0		1048572
[16:43:01]		1048572		0		1048572
[16:43:04]		1048572		0		1048572
[16:43:07]		1048572		0		1048572
[16:43:10]		1048572		0		1048572
[16:43:13]		1048572		0		1048572
[16:43:16]		1048572		0		1048572
[16:43:19]		1048572		0		1048572
[16:43:22]		1048572		0		1048572
[16:43:25]		1048572		0		1048572
[16:43:28]		1048572		0		1048572
[16:43:31]		1048572		0		1048572
[16:43:34]		1048572		0		1048572
[16:43:37]		1048572		0		1048572
[16:43:40]		1048572		0		1048572
[16:43:43]		1048572		0		1048572
[16:43:46]		1048572		16		1048556
[16:43:49]		1048572		252		1048320
[16:43:52]		1048572		316		1048256
[16:43:55]		1048572		316		1048256
[16:43:58]		1048572		536		1048036
[16:44:01]		1048572		580		1047992
[16:44:04]		1048572		844		1047728
[16:44:07]		1048572		908		1047664
[16:44:10]		1048572		964		1047608
[16:44:13]		1048572		1028		1047544
[16:44:16]		1048572		1132		1047440
[16:44:19]		1048572		1180		1047392
[16:44:22]		1048572		1184		1047388
[16:44:25]		1048572		1184		1047388
[16:44:28]		1048572		1600		1046972
[16:44:31]		1048572		1600		1046972
[16:44:34]		1048572		2288		1046284
[16:44:37]		1048572		2736		1045836
[16:44:40]		1048572		2976		1045596
[16:44:43]		1048572		2976		1045596
[16:44:46]		1048572		4060		1044512
[16:44:49]		1048572		4552		1044020
[16:44:52]		1048572		10384		1038188
[16:44:55]		1048572		10644		1037928
[16:44:58]		1048572		11596		1036976
[16:45:01]		1048572		12140		1036432
[16:45:04]		1048572		13088		1035484
[16:45:07]		1048572		13856		1034716
[16:45:10]		1048572		14448		1034124
[16:45:13]		1048572		14956		1033616
[16:45:16]		1048572		15000		1033572
[16:45:19]		1048572		15000		1033572
[16:45:22]		1048572		15000		1033572
[16:45:25]		1048572		15180		1033392
[16:45:28]		1048572		15180		1033392
[16:45:31]		1048572		16844		1031728
[16:45:34]		1048572		26068		1022504
[16:45:37]		1048572		38288		1010284
[16:45:40]		1048572		49452		999120
[16:45:43]		1048572		52504		996068
[16:45:46]		1048572		54044		994528
[16:45:49]		1048572		57380		991192
[16:45:52]		1048572		60104		988468
[16:45:55]		1048572		55708		992864
[16:45:58]		1048572		55572		993000
[16:46:01]		1048572		60408		988164
[16:46:04]		1048572		62584		985988
[16:46:07]		1048572		62312		986260
[16:46:10]		1048572		62784		985788
[16:46:13]		1048572		63556		985016
[16:46:16]		1048572		63948		984624
[16:46:19]		1048572		62304		986268
[16:46:22]		1048572		75060		973512
[16:46:25]		1048572		72548		976024
[16:46:28]		1048572		62012		986560
[16:46:31]		1048572		61768		986804
[16:46:34]		1048572		64840		983732
[16:46:37]		1048572		65916		982656
[16:46:40]		1048572		66868		981704
[16:46:43]		1048572		66000		982572
[16:46:46]		1048572		67004		981568
[16:46:49]		1048572		65648		982924
[16:46:52]		1048572		66564		982008
[16:46:55]		1048572		67076		981496
[16:46:58]		1048572		69052		979520
[16:47:01]		1048572		19888		1028684
[16:47:04]		1048572		19848		1028724
[16:47:07]		1048572		19848		1028724
[16:47:10]		1048572		19848		1028724
[16:47:13]		1048572		19848		1028724
[16:47:16]		1048572		19844		1028728
[16:47:19]		1048572		19844		1028728
[16:47:22]		1048572		19844		1028728
[16:47:25]		1048572		19844		1028728
[16:47:28]		1048572		19844		1028728
[16:47:31]		1048572		19844		1028728
[16:47:34]		1048572		19844		1028728
[16:47:37]		1048572		19844		1028728
[16:47:40]		1048572		19844		1028728
[16:47:43]		1048572		19844		1028728
[16:47:46]		1048572		19844		1028728
[16:47:49]		1048572		19844		1028728
[16:47:52]		1048572		19844		1028728
[16:47:55]		1048572		19844		1028728
[16:47:58]		1048572		19844		1028728
[16:48:01]		1048572		19844		1028728
[16:48:04]		1048572		19844		1028728
[16:48:07]		1048572		19844		1028728
[16:48:10]		1048572		19844		1028728
[16:48:13]		1048572		19844		1028728
[16:48:16]		1048572		19844		1028728
[16:48:19]		1048572		22764		1025808
[16:48:22]		1048572		27992		1020580
[16:48:25]		1048572		32236		1016336
[16:48:28]		1048572		42212		1006360
[16:48:31]		1048572		46984		1001588
[16:48:34]		1048572		49652		998920
[16:48:37]		1048572		48944		999628
[16:48:40]		1048572		53412		995160
[16:48:43]		1048572		53872		994700
[16:48:46]		1048572		55428		993144
[16:48:49]		1048572		58720		989852
[16:48:52]		1048572		58712		989860
[16:48:55]		1048572		57008		991564
[16:48:58]		1048572		59044		989528
[16:49:01]		1048572		63884		984688
[16:49:04]		1048572		66496		982076
[16:49:07]		1048572		61420		987152
[16:49:10]		1048572		58556		990016
[16:49:13]		1048572		56076		992496
[16:49:16]		1048572		69016		979556
[16:49:19]		1048572		71016		977556
[16:49:22]		1048572		66132		982440
[16:49:25]		1048572		64776		983796
[16:49:28]		1048572		64880		983692
[16:49:31]		1048572		66228		982344
[16:49:34]		1048572		65984		982588
[16:49:37]		1048572		63416		985156
[16:49:40]		1048572		65396		983176
[16:49:43]		1048572		66060		982512
[16:49:46]		1048572		65952		982620
[16:49:49]		1048572		67208		981364
[16:49:52]		1048572		73240		975332
[16:49:55]		1048572		71040		977532
[16:49:58]		1048572		70900		977672
[16:50:01]		1048572		19884		1028688
[16:50:04]		1048572		19884		1028688
[16:50:07]		1048572		19840		1028732
[16:50:10]		1048572		19648		1028924
[16:50:13]		1048572		19644		1028928
[16:50:16]		1048572		19644		1028928
[16:50:19]		1048572		19648		1028924
[16:50:22]		1048572		19644		1028928
[16:50:25]		1048572		19644		1028928
[16:50:28]		1048572		19644		1028928
[16:50:31]		1048572		19644		1028928
[16:50:34]		1048572		19644		1028928
[16:50:37]		1048572		19644		1028928
[16:50:40]		1048572		19644		1028928
[16:50:43]		1048572		19660		1028912
[16:50:46]		1048572		19660		1028912
[16:50:49]		1048572		19660		1028912
[16:50:52]		1048572		19660		1028912
[16:50:55]		1048572		19660		1028912
[16:50:58]		1048572		19660		1028912
[16:51:01]		1048572		19676		1028896
[16:51:04]		1048572		19676		1028896
[16:51:07]		1048572		19676		1028896
[16:51:10]		1048572		19696		1028876
[16:51:13]		1048572		22672		1025900
[16:51:16]		1048572		27820		1020752
[16:51:19]		1048572		42460		1006112
[16:51:22]		1048572		48828		999744
[16:51:25]		1048572		54600		993972
[16:51:28]		1048572		57128		991444
[16:51:31]		1048572		56824		991748
[16:51:34]		1048572		55240		993332
[16:51:37]		1048572		59196		989376
[16:51:40]		1048572		59104		989468
[16:51:43]		1048572		58800		989772
[16:51:46]		1048572		59044		989528
[16:51:49]		1048572		60544		988028
[16:51:52]		1048572		60496		988076
[16:51:55]		1048572		60108		988464
[16:51:58]		1048572		60964		987608
[16:52:01]		1048572		62288		986284
[16:52:04]		1048572		62076		986496
[16:52:07]		1048572		69644		978928
[16:52:10]		1048572		72972		975600
[16:52:13]		1048572		67560		981012
[16:52:16]		1048572		64624		983948
[16:52:19]		1048572		64156		984416
[16:52:22]		1048572		63120		985452
[16:52:25]		1048572		60712		987860
[16:52:28]		1048572		59984		988588
[16:52:31]		1048572		65520		983052
[16:52:34]		1048572		72812		975760
[16:52:37]		1048572		65732		982840
[16:52:40]		1048572		64652		983920
[16:52:43]		1048572		65752		982820
[16:52:46]		1048572		19884		1028688
[16:52:49]		1048572		19884		1028688
[16:52:52]		1048572		19884		1028688
[16:52:55]		1048572		19884		1028688
[16:52:58]		1048572		19884		1028688
[16:53:01]		1048572		19840		1028732
[16:53:04]		1048572		19840		1028732
[16:53:07]		1048572		19840		1028732
[16:53:10]		1048572		19840		1028732
[16:53:13]		1048572		19840		1028732
[16:53:16]		1048572		19840		1028732
[16:53:19]		1048572		19840		1028732
[16:53:22]		1048572		19840		1028732
[16:53:25]		1048572		19840		1028732
[16:53:28]		1048572		19840		1028732
[16:53:31]		1048572		19856		1028716
[16:53:34]		1048572		19860		1028712
[16:53:37]		1048572		19860		1028712
[16:53:40]		1048572		19860		1028712
[16:53:43]		1048572		19860		1028712
[16:53:46]		1048572		19864		1028708
[16:53:49]		1048572		19864		1028708
[16:53:52]		1048572		19888		1028684
[16:53:55]		1048572		19896		1028676
[16:53:58]		1048572		19952		1028620
[16:54:01]		1048572		20020		1028552
[16:54:04]		1048572		24708		1023864
[16:54:07]		1048572		32208		1016364
[16:54:10]		1048572		45656		1002916
[16:54:13]		1048572		51988		996584
[16:54:16]		1048572		48840		999732
[16:54:19]		1048572		54496		994076
[16:54:22]		1048572		56696		991876
[16:54:25]		1048572		59744		988828
[16:54:28]		1048572		60372		988200
[16:54:31]		1048572		60164		988408
[16:54:34]		1048572		59988		988584
[16:54:37]		1048572		69488		979084
[16:54:40]		1048572		63908		984664
[16:54:43]		1048572		63360		985212
[16:54:46]		1048572		65004		983568
[16:54:49]		1048572		65048		983524
[16:54:52]		1048572		64824		983748
[16:54:55]		1048572		62172		986400
[16:54:58]		1048572		60716		987856
[16:55:01]		1048572		62556		986016
[16:55:04]		1048572		65280		983292
[16:55:07]		1048572		63684		984888
[16:55:10]		1048572		63108		985464
[16:55:13]		1048572		66180		982392
[16:55:16]		1048572		65912		982660
[16:55:19]		1048572		68576		979996
[16:55:22]		1048572		70580		977992
[16:55:25]		1048572		67620		980952
[16:55:28]		1048572		20972		1027600
[16:55:31]		1048572		20972		1027600
[16:55:34]		1048572		20972		1027600
[16:55:37]		1048572		20928		1027644
[16:55:40]		1048572		20928		1027644
[16:55:43]		1048572		20928		1027644
[16:55:46]		1048572		20924		1027648
[16:55:49]		1048572		20904		1027668
[16:55:52]		1048572		20580		1027992
[16:55:55]		1048572		20092		1028480
[16:55:58]		1048572		20080		1028492
[16:56:01]		1048572		20040		1028532
[16:56:04]		1048572		20040		1028532
[16:56:07]		1048572		20040		1028532
[16:56:10]		1048572		20020		1028552
[16:56:13]		1048572		19900		1028672
[16:56:16]		1048572		19648		1028924
[16:56:19]		1048572		19648		1028924
[16:56:22]		1048572		19648		1028924
[16:56:25]		1048572		19648		1028924
[16:56:28]		1048572		19648		1028924
[16:56:31]		1048572		19660		1028912
[16:56:34]		1048572		19660		1028912
[16:56:37]		1048572		19660		1028912
[16:56:40]		1048572		19660		1028912
[16:56:43]		1048572		19660		1028912
[16:56:46]		1048572		19660		1028912
[16:56:49]		1048572		19660		1028912
[16:56:52]		1048572		19676		1028896
[16:56:55]		1048572		19692		1028880
[16:56:58]		1048572		28780		1019792
[16:57:01]		1048572		32472		1016100
[16:57:04]		1048572		37992		1010580
[16:57:07]		1048572		48488		1000084
[16:57:10]		1048572		51692		996880
[16:57:13]		1048572		54908		993664
[16:57:16]		1048572		56156		992416
[16:57:19]		1048572		61676		986896
[16:57:22]		1048572		63540		985032
[16:57:25]		1048572		60448		988124
[16:57:28]		1048572		61904		986668
[16:57:31]		1048572		63128		985444
[16:57:34]		1048572		63520		985052
[16:57:37]		1048572		62780		985792
[16:57:40]		1048572		66684		981888
[16:57:43]		1048572		66328		982244
[16:57:46]		1048572		70364		978208
[16:57:49]		1048572		66268		982304
[16:57:52]		1048572		68944		979628
[16:57:55]		1048572		71200		977372
[16:57:58]		1048572		67632		980940
[16:58:01]		1048572		66480		982092
[16:58:04]		1048572		66896		981676
[16:58:07]		1048572		68216		980356
[16:58:10]		1048572		70624		977948
[16:58:13]		1048572		69924		978648
[16:58:16]		1048572		69520		979052
[16:58:19]		1048572		69156		979416
[16:58:22]		1048572		19844		1028728
[16:58:25]		1048572		19844		1028728
[16:58:28]		1048572		19844		1028728
[16:58:31]		1048572		19844		1028728
[16:58:34]		1048572		19844		1028728
[16:58:37]		1048572		19840		1028732
[16:58:40]		1048572		19840		1028732
[16:58:43]		1048572		19840		1028732
[16:58:46]		1048572		19840		1028732
[16:58:49]		1048572		19840		1028732
[16:58:52]		1048572		19840		1028732
[16:58:55]		1048572		19840		1028732
[16:58:58]		1048572		19840		1028732
[16:59:01]		1048572		19840		1028732
[16:59:04]		1048572		19840		1028732
[16:59:07]		1048572		19840		1028732
[16:59:10]		1048572		19840		1028732
[16:59:13]		1048572		19840		1028732
[16:59:16]		1048572		19840		1028732
[16:59:19]		1048572		19840		1028732
[16:59:22]		1048572		19840		1028732
[16:59:25]		1048572		19840		1028732
[16:59:28]		1048572		19840		1028732
[16:59:31]		1048572		19840		1028732
[16:59:34]		1048572		19840		1028732
[16:59:37]		1048572		19840		1028732
[16:59:40]		1048572		23792		1024780
[16:59:43]		1048572		25076		1023496
[16:59:46]		1048572		31948		1016624
[16:59:49]		1048572		44376		1004196
[16:59:52]		1048572		47464		1001108
[16:59:55]		1048572		49184		999388
[16:59:58]		1048572		52816		995756
[17:00:01]		1048572		58012		990560
[17:00:04]		1048572		61444		987128
[17:00:08]		1048572		56324		992248
[17:00:11]		1048572		56332		992240
[17:00:14]		1048572		56352		992220
[17:00:17]		1048572		58492		990080
[17:00:20]		1048572		59576		988996
[17:00:23]		1048572		63220		985352
[17:00:26]		1048572		69404		979168
[17:00:29]		1048572		77484		971088
[17:00:32]		1048572		68676		979896
[17:00:35]		1048572		73044		975528
[17:00:38]		1048572		74040		974532
[17:00:41]		1048572		74380		974192
[17:00:44]		1048572		75984		972588
[17:00:47]		1048572		72580		975992
[17:00:50]		1048572		72800		975772
[17:00:53]		1048572		72120		976452
[17:00:56]		1048572		75748		972824
[17:00:59]		1048572		81900		966672
[17:01:02]		1048572		73216		975356
[17:01:05]		1048572		72928		975644
[17:01:08]		1048572		73768		974804
[17:01:11]		1048572		19800		1028772
[17:01:14]		1048572		19800		1028772
[17:01:17]		1048572		19800		1028772
[17:01:20]		1048572		19800		1028772
[17:01:23]		1048572		19800		1028772
[17:01:26]		1048572		19796		1028776
[17:01:29]		1048572		19796		1028776
[17:01:32]		1048572		19800		1028772
[17:01:35]		1048572		19844		1028728
[17:01:38]		1048572		19844		1028728
[17:01:41]		1048572		19840		1028732
[17:01:44]		1048572		19648		1028924
[17:01:47]		1048572		19648		1028924
[17:01:50]		1048572		19648		1028924
[17:01:53]		1048572		19648		1028924
[17:01:56]		1048572		19648		1028924
[17:01:59]		1048572		19648		1028924
[17:02:02]		1048572		19648		1028924
[17:02:05]		1048572		19652		1028920
[17:02:08]		1048572		19652		1028920
[17:02:11]		1048572		19652		1028920
[17:02:14]		1048572		19652		1028920
[17:02:17]		1048572		19652		1028920
[17:02:20]		1048572		19652		1028920
[17:02:23]		1048572		19652		1028920
[17:02:26]		1048572		25692		1022880
[17:02:29]		1048572		35820		1012752
[17:02:32]		1048572		35736		1012836
[17:02:35]		1048572		49720		998852
[17:02:38]		1048572		44500		1004072
[17:02:41]		1048572		55180		993392
[17:02:44]		1048572		54132		994440
[17:02:47]		1048572		54112		994460
[17:02:50]		1048572		54112		994460
[17:02:53]		1048572		60796		987776
[17:02:56]		1048572		61808		986764
[17:02:59]		1048572		61448		987124
[17:03:02]		1048572		61356		987216
[17:03:05]		1048572		62244		986328
[17:03:08]		1048572		63612		984960
[17:03:11]		1048572		60004		988568
[17:03:14]		1048572		66460		982112
[17:03:17]		1048572		63820		984752
[17:03:20]		1048572		65168		983404
[17:03:23]		1048572		81160		967412
[17:03:26]		1048572		83260		965312
[17:03:29]		1048572		80388		968184
[17:03:32]		1048572		83664		964908
[17:03:35]		1048572		83596		964976
[17:03:38]		1048572		81216		967356
[17:03:41]		1048572		83996		964576
[17:03:44]		1048572		72844		975728
[17:03:47]		1048572		72628		975944
[17:03:50]		1048572		70504		978068
[17:03:53]		1048572		68604		979968
[17:03:56]		1048572		66964		981608
[17:03:59]		1048572		66056		982516
[17:04:02]		1048572		66004		982568
[17:04:05]		1048572		66684		981888
[17:04:08]		1048572		67580		980992
[17:04:11]		1048572		19848		1028724
[17:04:14]		1048572		19848		1028724
[17:04:17]		1048572		19848		1028724
[17:04:20]		1048572		19848		1028724
[17:04:23]		1048572		19848		1028724
[17:04:26]		1048572		19844		1028728
[17:04:29]		1048572		19844		1028728
[17:04:32]		1048572		19844		1028728
[17:04:35]		1048572		19844		1028728
[17:04:38]		1048572		19844		1028728
[17:04:41]		1048572		19844		1028728
[17:04:44]		1048572		19844		1028728
[17:04:47]		1048572		19840		1028732
[17:04:50]		1048572		19840		1028732
[17:04:53]		1048572		19840		1028732
[17:04:56]		1048572		19840		1028732
[17:04:59]		1048572		19840		1028732
[17:05:02]		1048572		19840		1028732
[17:05:05]		1048572		19840		1028732
[17:05:08]		1048572		19840		1028732
[17:05:11]		1048572		19840		1028732
[17:05:14]		1048572		19840		1028732
[17:05:17]		1048572		19840		1028732
[17:05:20]		1048572		19840		1028732
[17:05:23]		1048572		19840		1028732
[17:05:26]		1048572		19840		1028732
[17:05:29]		1048572		19840		1028732
[17:05:32]		1048572		20984		1027588
[17:05:35]		1048572		23712		1024860
[17:05:38]		1048572		40648		1007924
[17:05:41]		1048572		51444		997128
[17:05:44]		1048572		57464		991108
[17:05:47]		1048572		56804		991768
[17:05:50]		1048572		56708		991864
[17:05:53]		1048572		56648		991924
[17:05:56]		1048572		59060		989512
[17:05:59]		1048572		60096		988476
[17:06:02]		1048572		59992		988580
[17:06:05]		1048572		60624		987948
[17:06:08]		1048572		61300		987272
[17:06:11]		1048572		61256		987316
[17:06:14]		1048572		62592		985980
[17:06:17]		1048572		62232		986340
[17:06:20]		1048572		62532		986040
[17:06:23]		1048572		64248		984324
[17:06:26]		1048572		64684		983888
[17:06:29]		1048572		65412		983160
[17:06:32]		1048572		64788		983784
[17:06:35]		1048572		65896		982676
[17:06:38]		1048572		65604		982968
[17:06:41]		1048572		69832		978740
[17:06:44]		1048572		68900		979672
[17:06:47]		1048572		65396		983176
[17:06:50]		1048572		65240		983332
[17:06:53]		1048572		19696		1028876
[17:06:56]		1048572		19696		1028876
[17:06:59]		1048572		19696		1028876
[17:07:02]		1048572		19656		1028916
[17:07:05]		1048572		19656		1028916
[17:07:08]		1048572		19656		1028916
[17:07:11]		1048572		19652		1028920
[17:07:14]		1048572		19652		1028920
[17:07:17]		1048572		19652		1028920
[17:07:20]		1048572		19652		1028920
[17:07:23]		1048572		19652		1028920
[17:07:26]		1048572		19652		1028920
[17:07:29]		1048572		19652		1028920
[17:07:32]		1048572		19652		1028920
[17:07:35]		1048572		19652		1028920
[17:07:38]		1048572		19652		1028920
[17:07:41]		1048572		19652		1028920
[17:07:44]		1048572		19652		1028920
[17:07:47]		1048572		19652		1028920
[17:07:50]		1048572		19652		1028920
[17:07:53]		1048572		19648		1028924
[17:07:56]		1048572		19648		1028924
[17:07:59]		1048572		19648		1028924
[17:08:02]		1048572		19648		1028924
[17:08:05]		1048572		19648		1028924
[17:08:08]		1048572		19656		1028916
[17:08:11]		1048572		19656		1028916
[17:08:14]		1048572		28940		1019632
[17:08:17]		1048572		28856		1019716
[17:08:20]		1048572		36552		1012020
[17:08:23]		1048572		42476		1006096
[17:08:26]		1048572		50944		997628
[17:08:29]		1048572		52648		995924
[17:08:32]		1048572		56192		992380
[17:08:35]		1048572		56144		992428
[17:08:38]		1048572		55768		992804
[17:08:41]		1048572		52644		995928
[17:08:44]		1048572		52564		996008
[17:08:47]		1048572		55612		992960
[17:08:50]		1048572		56860		991712
[17:08:53]		1048572		57308		991264
[17:08:56]		1048572		60004		988568
[17:08:59]		1048572		64384		984188
[17:09:02]		1048572		63792		984780
[17:09:05]		1048572		63452		985120
[17:09:08]		1048572		62044		986528
[17:09:11]		1048572		61940		986632
[17:09:14]		1048572		62652		985920
[17:09:17]		1048572		62836		985736
[17:09:20]		1048572		62924		985648
[17:09:23]		1048572		70364		978208
[17:09:26]		1048572		66920		981652
[17:09:29]		1048572		66548		982024
[17:09:32]		1048572		66228		982344
[17:09:35]		1048572		66072		982500
[17:09:38]		1048572		19896		1028676
[17:09:41]		1048572		19896		1028676
[17:09:44]		1048572		19896		1028676
[17:09:47]		1048572		19896		1028676
[17:09:50]		1048572		19896		1028676
[17:09:53]		1048572		19896		1028676
[17:09:56]		1048572		19892		1028680
[17:09:59]		1048572		19892		1028680
[17:10:02]		1048572		19852		1028720
[17:10:05]		1048572		19852		1028720
[17:10:08]		1048572		19852		1028720
[17:10:11]		1048572		19852		1028720
[17:10:14]		1048572		19852		1028720
[17:10:17]		1048572		19852		1028720
[17:10:20]		1048572		19852		1028720
[17:10:23]		1048572		19852		1028720
[17:10:26]		1048572		19852		1028720
[17:10:29]		1048572		19852		1028720
[17:10:32]		1048572		19852		1028720
[17:10:35]		1048572		19852		1028720
[17:10:38]		1048572		19852		1028720
[17:10:41]		1048572		19852		1028720
[17:10:44]		1048572		19852		1028720
[17:10:47]		1048572		19852		1028720
[17:10:50]		1048572		19852		1028720
[17:10:53]		1048572		19852		1028720
[17:10:56]		1048572		19852		1028720
[17:10:59]		1048572		19848		1028724
[17:11:02]		1048572		19848		1028724
[17:11:05]		1048572		19848		1028724
[17:11:08]		1048572		19848		1028724
[17:11:11]		1048572		19848		1028724
[17:11:14]		1048572		21172		1027400
[17:11:17]		1048572		31448		1017124
[17:11:20]		1048572		36556		1012016
[17:11:23]		1048572		43380		1005192
[17:11:26]		1048572		52128		996444
[17:11:29]		1048572		53908		994664
[17:11:32]		1048572		57092		991480
[17:11:35]		1048572		58604		989968
[17:11:38]		1048572		53664		994908
[17:11:41]		1048572		53612		994960
[17:11:44]		1048572		56992		991580
[17:11:47]		1048572		57408		991164
[17:11:50]		1048572		56892		991680
[17:11:53]		1048572		64460		984112
[17:11:56]		1048572		64664		983908
[17:11:59]		1048572		64448		984124
[17:12:02]		1048572		64104		984468
[17:12:05]		1048572		57340		991232
[17:12:08]		1048572		57332		991240
[17:12:11]		1048572		62368		986204
[17:12:14]		1048572		67508		981064
[17:12:17]		1048572		64652		983920
[17:12:20]		1048572		64556		984016
[17:12:23]		1048572		64476		984096
[17:12:26]		1048572		65528		983044
[17:12:29]		1048572		67000		981572
[17:12:32]		1048572		66760		981812
[17:12:35]		1048572		68028		980544
[17:12:38]		1048572		67480		981092
[17:12:41]		1048572		19896		1028676
[17:12:44]		1048572		19896		1028676
[17:12:47]		1048572		19896		1028676
[17:12:50]		1048572		19896		1028676
[17:12:53]		1048572		19896		1028676
[17:12:56]		1048572		19892		1028680
[17:12:59]		1048572		19892		1028680
[17:13:02]		1048572		19852		1028720
[17:13:05]		1048572		19852		1028720
[17:13:08]		1048572		19852		1028720
[17:13:11]		1048572		19852		1028720
[17:13:14]		1048572		19852		1028720
[17:13:17]		1048572		19664		1028908
[17:13:20]		1048572		19660		1028912
[17:13:23]		1048572		19660		1028912
[17:13:26]		1048572		19660		1028912
[17:13:29]		1048572		19660		1028912
[17:13:32]		1048572		19660		1028912
[17:13:35]		1048572		19660		1028912
[17:13:38]		1048572		19660		1028912
[17:13:41]		1048572		19660		1028912
[17:13:44]		1048572		19660		1028912
[17:13:47]		1048572		19660		1028912
[17:13:50]		1048572		19660		1028912
[17:13:53]		1048572		19676		1028896
[17:13:56]		1048572		19744		1028828
[17:13:59]		1048572		30076		1018496
[17:14:02]		1048572		46228		1002344
[17:14:05]		1048572		44932		1003640
[17:14:08]		1048572		55612		992960
[17:14:11]		1048572		53624		994948
[17:14:14]		1048572		56320		992252
[17:14:17]		1048572		56252		992320
[17:14:20]		1048572		56464		992108
[17:14:23]		1048572		60508		988064
[17:14:26]		1048572		60416		988156
[17:14:29]		1048572		59316		989256
[17:14:32]		1048572		62040		986532
[17:14:35]		1048572		61912		986660
[17:14:38]		1048572		65148		983424
[17:14:41]		1048572		63352		985220
[17:14:44]		1048572		57972		990600
[17:14:47]		1048572		59376		989196
[17:14:50]		1048572		65832		982740
[17:14:53]		1048572		70900		977672
[17:14:56]		1048572		64664		983908
[17:14:59]		1048572		60644		987928
[17:15:02]		1048572		65556		983016
[17:15:05]		1048572		65752		982820
[17:15:08]		1048572		68684		979888
[17:15:11]		1048572		64752		983820
[17:15:14]		1048572		65592		982980
[17:15:17]		1048572		73608		974964
[17:15:20]		1048572		66472		982100
[17:15:23]		1048572		66284		982288
[17:15:26]		1048572		66336		982236
[17:15:29]		1048572		72724		975848
[17:15:32]		1048572		19900		1028672
[17:15:35]		1048572		19900		1028672
[17:15:38]		1048572		19900		1028672
[17:15:41]		1048572		19900		1028672
[17:15:44]		1048572		19896		1028676
[17:15:47]		1048572		19896		1028676
[17:15:50]		1048572		19896		1028676
[17:15:53]		1048572		19896		1028676
[17:15:56]		1048572		19896		1028676
[17:15:59]		1048572		19896		1028676
[17:16:02]		1048572		19856		1028716
[17:16:05]		1048572		19896		1028676
[17:16:08]		1048572		19896		1028676
[17:16:11]		1048572		19932		1028640
[17:16:14]		1048572		19944		1028628
[17:16:17]		1048572		19964		1028608
[17:16:20]		1048572		19980		1028592
[17:16:23]		1048572		19980		1028592
[17:16:26]		1048572		19980		1028592
[17:16:29]		1048572		19980		1028592
[17:16:32]		1048572		19980		1028592
[17:16:35]		1048572		19980		1028592
[17:16:38]		1048572		19980		1028592
[17:16:41]		1048572		39932		1008640
[17:16:44]		1048572		37200		1011372
[17:16:47]		1048572		40292		1008280
[17:16:50]		1048572		47808		1000764
[17:16:53]		1048572		56332		992240
[17:16:56]		1048572		57760		990812
[17:16:59]		1048572		61828		986744
[17:17:02]		1048572		63640		984932
[17:17:05]		1048572		63588		984984
[17:17:08]		1048572		59588		988984
[17:17:11]		1048572		61104		987468
[17:17:14]		1048572		59152		989420
[17:17:17]		1048572		65524		983048
[17:17:20]		1048572		61924		986648
[17:17:23]		1048572		60712		987860
[17:17:26]		1048572		62692		985880
[17:17:29]		1048572		65184		983388
[17:17:32]		1048572		65840		982732
[17:17:35]		1048572		66408		982164
[17:17:38]		1048572		68644		979928
[17:17:41]		1048572		67472		981100
[17:17:44]		1048572		62940		985632
[17:17:47]		1048572		70720		977852
[17:17:50]		1048572		71268		977304
[17:17:53]		1048572		70248		978324
[17:17:56]		1048572		71548		977024
[17:17:59]		1048572		71404		977168
[17:18:02]		1048572		71880		976692
[17:18:05]		1048572		19792		1028780
[17:18:08]		1048572		19728		1028844
[17:18:11]		1048572		19684		1028888
[17:18:14]		1048572		19684		1028888
[17:18:17]		1048572		19680		1028892
[17:18:20]		1048572		19680		1028892
[17:18:23]		1048572		19680		1028892
[17:18:26]		1048572		19680		1028892
[17:18:29]		1048572		19680		1028892
[17:18:32]		1048572		19680		1028892
[17:18:35]		1048572		19680		1028892
[17:18:38]		1048572		19800		1028772
[17:18:41]		1048572		19800		1028772
[17:18:44]		1048572		19800		1028772
[17:18:47]		1048572		19796		1028776
[17:18:50]		1048572		19796		1028776
[17:18:53]		1048572		19796		1028776
[17:18:56]		1048572		19796		1028776
[17:18:59]		1048572		19796		1028776
[17:19:02]		1048572		19796		1028776
[17:19:05]		1048572		19796		1028776
[17:19:08]		1048572		19796		1028776
[17:19:11]		1048572		19796		1028776
[17:19:14]		1048572		19796		1028776
[17:19:17]		1048572		19832		1028740
[17:19:20]		1048572		37888		1010684
[17:19:23]		1048572		40292		1008280
[17:19:26]		1048572		49284		999288
[17:19:29]		1048572		52732		995840
[17:19:32]		1048572		53124		995448
[17:19:35]		1048572		52788		995784
[17:19:38]		1048572		49872		998700
[17:19:41]		1048572		53384		995188
[17:19:44]		1048572		53528		995044
[17:19:47]		1048572		54528		994044
[17:19:50]		1048572		55184		993388
[17:19:53]		1048572		55992		992580
[17:19:56]		1048572		55624		992948
[17:19:59]		1048572		56184		992388
[17:20:02]		1048572		66008		982564
[17:20:05]		1048572		62600		985972
[17:20:08]		1048572		60092		988480
[17:20:11]		1048572		58240		990332
[17:20:14]		1048572		58408		990164
[17:20:17]		1048572		58008		990564
[17:20:20]		1048572		58960		989612
[17:20:23]		1048572		64964		983608
[17:20:26]		1048572		63808		984764
[17:20:29]		1048572		59224		989348
[17:20:32]		1048572		62380		986192
[17:20:35]		1048572		19932		1028640
[17:20:38]		1048572		19932		1028640
[17:20:41]		1048572		19888		1028684
[17:20:44]		1048572		19888		1028684
[17:20:47]		1048572		19888		1028684
[17:20:50]		1048572		19888		1028684
[17:20:53]		1048572		19888		1028684
[17:20:56]		1048572		19884		1028688
[17:20:59]		1048572		19884		1028688
[17:21:02]		1048572		19844		1028728
[17:21:05]		1048572		19844		1028728
[17:21:08]		1048572		19844		1028728
[17:21:11]		1048572		19844		1028728
[17:21:14]		1048572		19844		1028728
[17:21:17]		1048572		19844		1028728
[17:21:20]		1048572		19844		1028728
[17:21:23]		1048572		19844		1028728
[17:21:26]		1048572		19844		1028728
[17:21:29]		1048572		19844		1028728
[17:21:32]		1048572		19844		1028728
[17:21:35]		1048572		19844		1028728
[17:21:38]		1048572		19844		1028728
[17:21:41]		1048572		19844		1028728
[17:21:44]		1048572		19844		1028728
[17:21:47]		1048572		19844		1028728
[17:21:50]		1048572		19900		1028672
[17:21:53]		1048572		19904		1028668
[17:21:56]		1048572		35284		1013288
[17:21:59]		1048572		38596		1009976
[17:22:02]		1048572		44436		1004136
[17:22:05]		1048572		44288		1004284
[17:22:08]		1048572		46636		1001936
[17:22:11]		1048572		50696		997876
[17:22:14]		1048572		50492		998080
[17:22:17]		1048572		52152		996420
[17:22:20]		1048572		52180		996392
[17:22:23]		1048572		52844		995728
[17:22:26]		1048572		52588		995984
[17:22:29]		1048572		54484		994088
[17:22:32]		1048572		55796		992776
[17:22:35]		1048572		56416		992156
[17:22:38]		1048572		55420		993152
[17:22:41]		1048572		54984		993588
[17:22:44]		1048572		53192		995380
[17:22:47]		1048572		53116		995456
[17:22:50]		1048572		52808		995764
[17:22:53]		1048572		53644		994928
[17:22:56]		1048572		57740		990832
[17:22:59]		1048572		60556		988016
[17:23:02]		1048572		60408		988164
[17:23:05]		1048572		19860		1028712
[17:23:08]		1048572		19860		1028712
[17:23:11]		1048572		19860		1028712
[17:23:14]		1048572		19860		1028712
[17:23:17]		1048572		19860		1028712
[17:23:20]		1048572		19856		1028716
[17:23:23]		1048572		19856		1028716
[17:23:26]		1048572		19848		1028724
[17:23:29]		1048572		19848		1028724
[17:23:32]		1048572		19848		1028724
[17:23:35]		1048572		19848		1028724
[17:23:38]		1048572		19616		1028956
[17:23:41]		1048572		19604		1028968
[17:23:44]		1048572		19640		1028932
[17:23:47]		1048572		19640		1028932
[17:23:50]		1048572		19512		1029060
[17:23:53]		1048572		19448		1029124
[17:23:56]		1048572		19448		1029124
[17:23:59]		1048572		19448		1029124
[17:24:02]		1048572		19464		1029108
[17:24:05]		1048572		19480		1029092
[17:24:08]		1048572		19484		1029088
[17:24:11]		1048572		19516		1029056
[17:24:14]		1048572		19704		1028868
[17:24:17]		1048572		26408		1022164
[17:24:20]		1048572		32076		1016496
[17:24:23]		1048572		41100		1007472
[17:24:26]		1048572		55276		993296
[17:24:29]		1048572		55460		993112
[17:24:32]		1048572		54424		994148
[17:24:35]		1048572		59408		989164
[17:24:38]		1048572		59676		988896
[17:24:41]		1048572		54640		993932
[17:24:44]		1048572		54660		993912
[17:24:47]		1048572		56808		991764
[17:24:50]		1048572		66488		982084
[17:24:53]		1048572		66868		981704
[17:24:56]		1048572		65596		982976
[17:24:59]		1048572		65656		982916
[17:25:02]		1048572		67596		980976
[17:25:05]		1048572		68148		980424
[17:25:08]		1048572		66852		981720
[17:25:11]		1048572		72792		975780
[17:25:14]		1048572		71108		977464
[17:25:17]		1048572		81772		966800
[17:25:20]		1048572		71696		976876
[17:25:23]		1048572		72736		975836
[17:25:26]		1048572		67188		981384
[17:25:29]		1048572		72768		975804
[17:25:32]		1048572		71272		977300
[17:25:35]		1048572		73592		974980
[17:25:38]		1048572		71956		976616
[17:25:41]		1048572		75868		972704
[17:25:44]		1048572		78452		970120
[17:25:47]		1048572		79004		969568
[17:25:50]		1048572		79660		968912
[17:25:53]		1048572		79268		969304
[17:25:56]		1048572		19908		1028664
[17:25:59]		1048572		19908		1028664
[17:26:02]		1048572		19868		1028704
[17:26:05]		1048572		19868		1028704
[17:26:08]		1048572		19868		1028704
[17:26:11]		1048572		19868		1028704
[17:26:14]		1048572		19868		1028704
[17:26:17]		1048572		19868		1028704
[17:26:20]		1048572		19864		1028708
[17:26:23]		1048572		19864		1028708
[17:26:26]		1048572		19864		1028708
[17:26:29]		1048572		19864		1028708
[17:26:32]		1048572		19860		1028712
[17:26:35]		1048572		19856		1028716
[17:26:38]		1048572		20000		1028572
[17:26:41]		1048572		20000		1028572
[17:26:44]		1048572		20000		1028572
[17:26:47]		1048572		20000		1028572
[17:26:50]		1048572		20000		1028572
[17:26:53]		1048572		20000		1028572
[17:26:56]		1048572		20000		1028572
[17:26:59]		1048572		20000		1028572
[17:27:02]		1048572		20000		1028572
[17:27:05]		1048572		20000		1028572
[17:27:08]		1048572		20000		1028572
[17:27:11]		1048572		20096		1028476
[17:27:14]		1048572		29424		1019148
[17:27:17]		1048572		33864		1014708
[17:27:20]		1048572		43160		1005412
[17:27:23]		1048572		54204		994368
[17:27:26]		1048572		61432		987140
[17:27:29]		1048572		61348		987224
[17:27:32]		1048572		65460		983112
[17:27:35]		1048572		69092		979480
[17:27:38]		1048572		65588		982984
[17:27:41]		1048572		66044		982528
[17:27:44]		1048572		66584		981988
[17:27:47]		1048572		68864		979708
[17:27:50]		1048572		70692		977880
[17:27:53]		1048572		68952		979620
[17:27:56]		1048572		67336		981236
[17:27:59]		1048572		67268		981304
[17:28:02]		1048572		66436		982136
[17:28:05]		1048572		65516		983056
[17:28:08]		1048572		68608		979964
[17:28:11]		1048572		69088		979484
[17:28:14]		1048572		73156		975416
[17:28:17]		1048572		72440		976132
[17:28:20]		1048572		76660		971912
[17:28:23]		1048572		72280		976292
[17:28:26]		1048572		74000		974572
[17:28:29]		1048572		74944		973628
[17:28:32]		1048572		19940		1028632
[17:28:35]		1048572		19940		1028632
[17:28:38]		1048572		19940		1028632
[17:28:41]		1048572		19896		1028676
[17:28:44]		1048572		19892		1028680
[17:28:47]		1048572		19888		1028684
[17:28:50]		1048572		19892		1028680
[17:28:53]		1048572		19892		1028680
[17:28:56]		1048572		19892		1028680
[17:28:59]		1048572		19892		1028680
[17:29:02]		1048572		19860		1028712
[17:29:05]		1048572		19864		1028708
[17:29:08]		1048572		19864		1028708
[17:29:11]		1048572		19864		1028708
[17:29:14]		1048572		19864		1028708
[17:29:17]		1048572		19864		1028708
[17:29:20]		1048572		19864		1028708
[17:29:23]		1048572		19864		1028708
[17:29:26]		1048572		19864		1028708
[17:29:29]		1048572		19864		1028708
[17:29:32]		1048572		19884		1028688
[17:29:35]		1048572		19896		1028676
[17:29:38]		1048572		19772		1028800
[17:29:41]		1048572		19756		1028816
[17:29:44]		1048572		32728		1015844
[17:29:47]		1048572		35888		1012684
[17:29:50]		1048572		45408		1003164
[17:29:53]		1048572		57288		991284
[17:29:56]		1048572		55832		992740
[17:29:59]		1048572		58312		990260
[17:30:02]		1048572		61128		987444
[17:30:05]		1048572		59512		989060
[17:30:08]		1048572		59652		988920
[17:30:11]		1048572		59640		988932
[17:30:14]		1048572		59576		988996
[17:30:17]		1048572		59540		989032
[17:30:20]		1048572		60884		987688
[17:30:23]		1048572		61724		986848
[17:30:26]		1048572		62180		986392
[17:30:29]		1048572		61240		987332
[17:30:32]		1048572		63052		985520
[17:30:35]		1048572		63184		985388
[17:30:38]		1048572		63000		985572
[17:30:41]		1048572		62856		985716
[17:30:44]		1048572		63376		985196
[17:30:47]		1048572		64548		984024
[17:30:50]		1048572		64872		983700
[17:30:53]		1048572		64648		983924
[17:30:56]		1048572		66552		982020
[17:30:59]		1048572		66152		982420
[17:31:02]		1048572		19680		1028892
[17:31:05]		1048572		19680		1028892
[17:31:08]		1048572		19680		1028892
[17:31:11]		1048572		19680		1028892
[17:31:14]		1048572		19680		1028892
[17:31:17]		1048572		19676		1028896
[17:31:20]		1048572		19676		1028896
[17:31:23]		1048572		19676		1028896
[17:31:26]		1048572		19676		1028896
[17:31:29]		1048572		19676		1028896
[17:31:32]		1048572		19676		1028896
[17:31:35]		1048572		19676		1028896
[17:31:38]		1048572		19784		1028788
[17:31:41]		1048572		19784		1028788
[17:31:44]		1048572		19776		1028796
[17:31:47]		1048572		19772		1028800
[17:31:50]		1048572		19772		1028800
[17:31:53]		1048572		19772		1028800
[17:31:56]		1048572		19772		1028800
[17:31:59]		1048572		19792		1028780
[17:32:02]		1048572		19816		1028756
[17:32:05]		1048572		19820		1028752
[17:32:08]		1048572		19848		1028724
[17:32:11]		1048572		19928		1028644
[17:32:14]		1048572		23888		1024684
[17:32:17]		1048572		28092		1020480
[17:32:20]		1048572		43444		1005128
[17:32:23]		1048572		57588		990984
[17:32:26]		1048572		56064		992508
[17:32:29]		1048572		59660		988912
[17:32:32]		1048572		62456		986116
[17:32:35]		1048572		63384		985188
[17:32:38]		1048572		65308		983264
[17:32:41]		1048572		69124		979448
[17:32:44]		1048572		70568		978004
[17:32:47]		1048572		70668		977904
[17:32:50]		1048572		70416		978156
[17:32:53]		1048572		66528		982044
[17:32:56]		1048572		68184		980388
[17:32:59]		1048572		66736		981836
[17:33:02]		1048572		67676		980896
[17:33:05]		1048572		69908		978664
[17:33:08]		1048572		70060		978512
[17:33:11]		1048572		69884		978688
[17:33:14]		1048572		69644		978928
[17:33:17]		1048572		68880		979692
[17:33:20]		1048572		69744		978828
[17:33:23]		1048572		69736		978836
[17:33:26]		1048572		72440		976132
[17:33:29]		1048572		73184		975388
[17:33:32]		1048572		73916		974656
[17:33:35]		1048572		74128		974444
[17:33:38]		1048572		19900		1028672
[17:33:41]		1048572		19900		1028672
[17:33:44]		1048572		19900		1028672
[17:33:47]		1048572		19900		1028672
[17:33:50]		1048572		19900		1028672
[17:33:53]		1048572		19900		1028672
[17:33:56]		1048572		19896		1028676
[17:33:59]		1048572		19896		1028676
[17:34:02]		1048572		19868		1028704
[17:34:05]		1048572		19868		1028704
[17:34:08]		1048572		19868		1028704
[17:34:11]		1048572		19868		1028704
[17:34:14]		1048572		19868		1028704
[17:34:17]		1048572		19868		1028704
[17:34:20]		1048572		19868		1028704
[17:34:23]		1048572		19868		1028704
[17:34:26]		1048572		19868		1028704
[17:34:29]		1048572		19868		1028704
[17:34:32]		1048572		19868		1028704
[17:34:35]		1048572		19868		1028704
[17:34:38]		1048572		19868		1028704
[17:34:41]		1048572		19868		1028704
[17:34:44]		1048572		19888		1028684
[17:34:47]		1048572		19888		1028684
[17:34:50]		1048572		25432		1023140
[17:34:53]		1048572		28640		1019932
[17:34:56]		1048572		40952		1007620
[17:34:59]		1048572		50388		998184
[17:35:02]		1048572		52752		995820
[17:35:05]		1048572		57708		990864
[17:35:08]		1048572		60212		988360
[17:35:11]		1048572		60168		988404
[17:35:14]		1048572		56680		991892
[17:35:17]		1048572		60032		988540
[17:35:20]		1048572		66652		981920
[17:35:23]		1048572		62920		985652
[17:35:26]		1048572		66820		981752
[17:35:29]		1048572		65588		982984
[17:35:32]		1048572		66188		982384
[17:35:35]		1048572		66156		982416
[17:35:38]		1048572		65764		982808
[17:35:41]		1048572		65464		983108
[17:35:44]		1048572		65432		983140
[17:35:47]		1048572		65768		982804
[17:35:50]		1048572		67812		980760
[17:35:53]		1048572		66308		982264
[17:35:56]		1048572		66548		982024
[17:35:59]		1048572		69384		979188
[17:36:02]		1048572		68544		980028
[17:36:05]		1048572		69884		978688
[17:36:08]		1048572		19872		1028700
[17:36:11]		1048572		19872		1028700
[17:36:14]		1048572		19872		1028700
[17:36:17]		1048572		19872		1028700
[17:36:20]		1048572		19868		1028704
[17:36:23]		1048572		19864		1028708
[17:36:26]		1048572		19672		1028900
[17:36:29]		1048572		19672		1028900
[17:36:32]		1048572		19672		1028900
[17:36:35]		1048572		19672		1028900
[17:36:38]		1048572		19672		1028900
[17:36:41]		1048572		19684		1028888
[17:36:44]		1048572		19684		1028888
[17:36:47]		1048572		19684		1028888
[17:36:50]		1048572		19684		1028888
[17:36:53]		1048572		19684		1028888
[17:36:56]		1048572		19684		1028888
[17:36:59]		1048572		19684		1028888
[17:37:02]		1048572		19672		1028900
[17:37:05]		1048572		19672		1028900
[17:37:08]		1048572		19672		1028900
[17:37:11]		1048572		19672		1028900
[17:37:14]		1048572		19672		1028900
[17:37:17]		1048572		19672		1028900
[17:37:20]		1048572		28856		1019716
[17:37:23]		1048572		33120		1015452
[17:37:26]		1048572		43964		1004608
[17:37:29]		1048572		51148		997424
[17:37:32]		1048572		55016		993556
[17:37:35]		1048572		55284		993288
[17:37:38]		1048572		56220		992352
[17:37:41]		1048572		60908		987664
[17:37:44]		1048572		60844		987728
[17:37:47]		1048572		56484		992088
[17:37:50]		1048572		58136		990436
[17:37:53]		1048572		58980		989592
[17:37:56]		1048572		59464		989108
[17:37:59]		1048572		62716		985856
[17:38:02]		1048572		62844		985728
[17:38:05]		1048572		63756		984816
[17:38:08]		1048572		63992		984580
[17:38:11]		1048572		63592		984980
[17:38:14]		1048572		63972		984600
[17:38:17]		1048572		61512		987060
[17:38:20]		1048572		63432		985140
[17:38:23]		1048572		64204		984368
[17:38:26]		1048572		65344		983228
[17:38:29]		1048572		64500		984072
[17:38:32]		1048572		63704		984868
[17:38:35]		1048572		63944		984628
[17:38:38]		1048572		19812		1028760
[17:38:41]		1048572		19808		1028764
[17:38:44]		1048572		19764		1028808
[17:38:47]		1048572		19764		1028808
[17:38:50]		1048572		19764		1028808
[17:38:53]		1048572		19764		1028808
[17:38:56]		1048572		19760		1028812
[17:38:59]		1048572		19748		1028824
[17:39:02]		1048572		19704		1028868
[17:39:05]		1048572		19608		1028964
[17:39:08]		1048572		19608		1028964
[17:39:11]		1048572		19608		1028964
[17:39:14]		1048572		19608		1028964
[17:39:17]		1048572		19608		1028964
[17:39:20]		1048572		19608		1028964
[17:39:23]		1048572		19608		1028964
[17:39:26]		1048572		19608		1028964
[17:39:29]		1048572		19608		1028964
[17:39:32]		1048572		19608		1028964
[17:39:35]		1048572		19608		1028964
[17:39:38]		1048572		19096		1029476
[17:39:41]		1048572		19092		1029480
