record in kb
time		total		used		free
[19:52:45]		1048572		17928		1030644
[19:52:48]		1048572		17928		1030644
[19:52:51]		1048572		17928		1030644
[19:52:54]		1048572		17928		1030644
[19:52:57]		1048572		17928		1030644
[19:53:00]		1048572		17928		1030644
[19:53:03]		1048572		17928		1030644
[19:53:06]		1048572		17928		1030644
[19:53:09]		1048572		17928		1030644
[19:53:12]		1048572		17928		1030644
[19:53:15]		1048572		17928		1030644
[19:53:18]		1048572		17928		1030644
[19:53:21]		1048572		17928		1030644
[19:53:24]		1048572		17928		1030644
[19:53:27]		1048572		17928		1030644
[19:53:30]		1048572		17928		1030644
[19:53:33]		1048572		17928		1030644
[19:53:36]		1048572		17928		1030644
[19:53:39]		1048572		17928		1030644
[19:53:42]		1048572		17928		1030644
[19:53:45]		1048572		17928		1030644
[19:53:48]		1048572		17928		1030644
[19:53:51]		1048572		17928		1030644
[19:53:54]		1048572		17928		1030644
[19:53:57]		1048572		17928		1030644
[19:54:00]		1048572		17928		1030644
[19:54:03]		1048572		17928		1030644
[19:54:06]		1048572		17928		1030644
[19:54:09]		1048572		17928		1030644
[19:54:12]		1048572		17928		1030644
[19:54:15]		1048572		17928		1030644
[19:54:18]		1048572		17928		1030644
[19:54:21]		1048572		17928		1030644
[19:54:24]		1048572		17928		1030644
[19:54:27]		1048572		17928		1030644
[19:54:30]		1048572		17928		1030644
[19:54:33]		1048572		17928		1030644
[19:54:36]		1048572		17928		1030644
[19:54:39]		1048572		17928		1030644
[19:54:42]		1048572		17928		1030644
[19:54:45]		1048572		17928		1030644
[19:54:48]		1048572		17928		1030644
[19:54:51]		1048572		17928		1030644
[19:54:54]		1048572		17928		1030644
[19:54:57]		1048572		17928		1030644
[19:55:00]		1048572		17928		1030644
[19:55:03]		1048572		17928		1030644
[19:55:06]		1048572		17928		1030644
[19:55:09]		1048572		17928		1030644
[19:55:12]		1048572		17928		1030644
[19:55:15]		1048572		17928		1030644
[19:55:18]		1048572		17928		1030644
[19:55:21]		1048572		17928		1030644
[19:55:24]		1048572		17928		1030644
[19:55:27]		1048572		17928		1030644
[19:55:30]		1048572		17928		1030644
[19:55:33]		1048572		17928		1030644
[19:55:36]		1048572		17928		1030644
[19:55:39]		1048572		17928		1030644
[19:55:42]		1048572		17928		1030644
[19:55:45]		1048572		17928		1030644
[19:55:48]		1048572		17928		1030644
[19:55:51]		1048572		17928		1030644
[19:55:54]		1048572		17928		1030644
[19:55:57]		1048572		17928		1030644
[19:56:00]		1048572		17928		1030644
[19:56:03]		1048572		17928		1030644
[19:56:07]		1048572		17928		1030644
[19:56:10]		1048572		17928		1030644
[19:56:13]		1048572		17928		1030644
[19:56:16]		1048572		17928		1030644
[19:56:19]		1048572		17928		1030644
[19:56:22]		1048572		17928		1030644
[19:56:25]		1048572		17928		1030644
[19:56:28]		1048572		17928		1030644
[19:56:31]		1048572		17928		1030644
[19:56:34]		1048572		17928		1030644
[19:56:37]		1048572		17928		1030644
[19:56:40]		1048572		17928		1030644
[19:56:43]		1048572		17928		1030644
[19:56:46]		1048572		17928		1030644
[19:56:49]		1048572		17928		1030644
[19:56:52]		1048572		17928		1030644
[19:56:55]		1048572		17928		1030644
[19:56:58]		1048572		17928		1030644
[19:57:01]		1048572		17928		1030644
[19:57:04]		1048572		17928		1030644
[19:57:07]		1048572		17928		1030644
[19:57:10]		1048572		17928		1030644
[19:57:13]		1048572		17928		1030644
[19:57:16]		1048572		17928		1030644
[19:57:19]		1048572		17928		1030644
[19:57:22]		1048572		17928		1030644
[19:57:25]		1048572		17928		1030644
[19:57:28]		1048572		17928		1030644
[19:57:31]		1048572		17928		1030644
[19:57:34]		1048572		17928		1030644
[19:57:37]		1048572		17928		1030644
[19:57:40]		1048572		17928		1030644
[19:57:43]		1048572		17928		1030644
[19:57:46]		1048572		17928		1030644
[19:57:49]		1048572		17928		1030644
[19:57:52]		1048572		17928		1030644
[19:57:55]		1048572		17928		1030644
[19:57:58]		1048572		17928		1030644
[19:58:01]		1048572		17928		1030644
[19:58:04]		1048572		17928		1030644
[19:58:07]		1048572		17928		1030644
[19:58:10]		1048572		17928		1030644
[19:58:13]		1048572		17928		1030644
[19:58:16]		1048572		17928		1030644
[19:58:19]		1048572		17928		1030644
[19:58:22]		1048572		17928		1030644
[19:58:25]		1048572		17928		1030644
[19:58:28]		1048572		17928		1030644
[19:58:31]		1048572		17928		1030644
[19:58:34]		1048572		17928		1030644
[19:58:37]		1048572		17928		1030644
[19:58:40]		1048572		17928		1030644
[19:58:43]		1048572		17928		1030644
[19:58:46]		1048572		17928		1030644
[19:58:49]		1048572		17928		1030644
[19:58:52]		1048572		17928		1030644
[19:58:55]		1048572		17928		1030644
[19:58:58]		1048572		17928		1030644
[19:59:01]		1048572		17928		1030644
[19:59:04]		1048572		17928		1030644
[19:59:07]		1048572		17928		1030644
[19:59:10]		1048572		17928		1030644
[19:59:13]		1048572		17928		1030644
[19:59:16]		1048572		17928		1030644
[19:59:19]		1048572		17928		1030644
[19:59:22]		1048572		17928		1030644
[19:59:25]		1048572		17928		1030644
[19:59:28]		1048572		17928		1030644
[19:59:31]		1048572		17928		1030644
[19:59:34]		1048572		17928		1030644
[19:59:37]		1048572		17928		1030644
[19:59:40]		1048572		17928		1030644
[19:59:43]		1048572		17928		1030644
[19:59:46]		1048572		17928		1030644
[19:59:49]		1048572		17928		1030644
[19:59:52]		1048572		17928		1030644
[19:59:55]		1048572		17928		1030644
[19:59:58]		1048572		17928		1030644
[20:00:01]		1048572		17928		1030644
[20:00:04]		1048572		17928		1030644
[20:00:07]		1048572		17928		1030644
[20:00:10]		1048572		17928		1030644
[20:00:13]		1048572		17928		1030644
[20:00:16]		1048572		17928		1030644
[20:00:19]		1048572		17928		1030644
[20:00:22]		1048572		17928		1030644
[20:00:25]		1048572		17928		1030644
[20:00:28]		1048572		17928		1030644
[20:00:31]		1048572		17928		1030644
[20:00:34]		1048572		17928		1030644
[20:00:37]		1048572		17928		1030644
[20:00:40]		1048572		17928		1030644
[20:00:43]		1048572		17928		1030644
[20:00:46]		1048572		17928		1030644
[20:00:49]		1048572		17928		1030644
[20:00:52]		1048572		17928		1030644
[20:00:55]		1048572		17928		1030644
[20:00:58]		1048572		17928		1030644
[20:01:01]		1048572		17928		1030644
[20:01:04]		1048572		17928		1030644
[20:01:07]		1048572		17928		1030644
[20:01:10]		1048572		17928		1030644
[20:01:13]		1048572		17928		1030644
[20:01:16]		1048572		17928		1030644
[20:01:19]		1048572		17928		1030644
[20:01:22]		1048572		17928		1030644
[20:01:25]		1048572		17928		1030644
[20:01:28]		1048572		17928		1030644
[20:01:31]		1048572		17928		1030644
[20:01:34]		1048572		17928		1030644
[20:01:37]		1048572		17928		1030644
[20:01:40]		1048572		17928		1030644
[20:01:43]		1048572		17928		1030644
[20:01:46]		1048572		17928		1030644
[20:01:49]		1048572		17928		1030644
[20:01:52]		1048572		17928		1030644
[20:01:55]		1048572		17928		1030644
[20:01:58]		1048572		17928		1030644
[20:02:01]		1048572		17928		1030644
[20:02:04]		1048572		17928		1030644
[20:02:07]		1048572		17928		1030644
[20:02:10]		1048572		17928		1030644
[20:02:13]		1048572		17928		1030644
[20:02:16]		1048572		17928		1030644
[20:02:19]		1048572		17928		1030644
[20:02:22]		1048572		17928		1030644
[20:02:25]		1048572		17928		1030644
[20:02:28]		1048572		17928		1030644
[20:02:31]		1048572		17928		1030644
[20:02:34]		1048572		17928		1030644
[20:02:37]		1048572		17928		1030644
[20:02:40]		1048572		17928		1030644
[20:02:43]		1048572		17928		1030644
[20:02:46]		1048572		17928		1030644
[20:02:49]		1048572		17928		1030644
[20:02:52]		1048572		17928		1030644
[20:02:55]		1048572		17928		1030644
[20:02:58]		1048572		17928		1030644
[20:03:01]		1048572		17928		1030644
[20:03:04]		1048572		17928		1030644
[20:03:07]		1048572		17928		1030644
[20:03:10]		1048572		17928		1030644
[20:03:13]		1048572		17928		1030644
[20:03:16]		1048572		17928		1030644
[20:03:19]		1048572		17928		1030644
[20:03:22]		1048572		17928		1030644
[20:03:25]		1048572		17928		1030644
[20:03:28]		1048572		17928		1030644
[20:03:31]		1048572		17928		1030644
[20:03:34]		1048572		17928		1030644
[20:03:37]		1048572		17928		1030644
[20:03:40]		1048572		17928		1030644
[20:03:43]		1048572		17928		1030644
[20:03:46]		1048572		17928		1030644
[20:03:49]		1048572		17928		1030644
[20:03:52]		1048572		17928		1030644
[20:03:55]		1048572		17928		1030644
[20:03:58]		1048572		17928		1030644
[20:04:01]		1048572		17928		1030644
[20:04:04]		1048572		17928		1030644
[20:04:07]		1048572		17928		1030644
[20:04:10]		1048572		17928		1030644
[20:04:13]		1048572		17928		1030644
[20:04:16]		1048572		17928		1030644
[20:04:19]		1048572		17928		1030644
[20:04:22]		1048572		17928		1030644
[20:04:25]		1048572		17928		1030644
[20:04:28]		1048572		17928		1030644
[20:04:31]		1048572		17928		1030644
[20:04:34]		1048572		17928		1030644
[20:04:37]		1048572		17928		1030644
[20:04:40]		1048572		17928		1030644
[20:04:43]		1048572		17928		1030644
[20:04:46]		1048572		17928		1030644
[20:04:49]		1048572		17928		1030644
[20:04:52]		1048572		17928		1030644
[20:04:55]		1048572		17928		1030644
[20:04:58]		1048572		17928		1030644
[20:05:01]		1048572		17928		1030644
[20:05:04]		1048572		17928		1030644
[20:05:07]		1048572		17928		1030644
[20:05:10]		1048572		17928		1030644
[20:05:13]		1048572		17928		1030644
[20:05:16]		1048572		17928		1030644
[20:05:19]		1048572		17928		1030644
[20:05:22]		1048572		18176		1030396
[20:05:25]		1048572		18176		1030396
[20:05:28]		1048572		18176		1030396
[20:05:31]		1048572		18176		1030396
[20:05:34]		1048572		18176		1030396
[20:05:37]		1048572		18176		1030396
[20:05:40]		1048572		18176		1030396
[20:05:43]		1048572		18176		1030396
[20:05:46]		1048572		18176		1030396
[20:05:49]		1048572		18176		1030396
[20:05:52]		1048572		18176		1030396
[20:05:55]		1048572		18176		1030396
[20:05:58]		1048572		18176		1030396
[20:06:01]		1048572		18176		1030396
[20:06:04]		1048572		18176		1030396
[20:06:07]		1048572		18176		1030396
[20:06:10]		1048572		18176		1030396
[20:06:13]		1048572		18176		1030396
[20:06:16]		1048572		18176		1030396
[20:06:19]		1048572		18176		1030396
[20:06:22]		1048572		18176		1030396
[20:06:25]		1048572		18176		1030396
[20:06:28]		1048572		18176		1030396
[20:06:31]		1048572		18176		1030396
[20:06:34]		1048572		18176		1030396
[20:06:37]		1048572		18176		1030396
[20:06:40]		1048572		18176		1030396
[20:06:43]		1048572		18176		1030396
[20:06:46]		1048572		18176		1030396
[20:06:49]		1048572		18176		1030396
[20:06:52]		1048572		18176		1030396
[20:06:55]		1048572		18176		1030396
[20:06:58]		1048572		18176		1030396
[20:07:01]		1048572		18176		1030396
[20:07:04]		1048572		18176		1030396
[20:07:07]		1048572		18176		1030396
[20:07:10]		1048572		18176		1030396
[20:07:13]		1048572		18176		1030396
[20:07:16]		1048572		18176		1030396
[20:07:19]		1048572		18176		1030396
[20:07:22]		1048572		18176		1030396
[20:07:25]		1048572		18176		1030396
[20:07:28]		1048572		18176		1030396
[20:07:31]		1048572		18176		1030396
[20:07:34]		1048572		18176		1030396
[20:07:37]		1048572		18176		1030396
[20:07:40]		1048572		18176		1030396
[20:07:43]		1048572		18176		1030396
[20:07:46]		1048572		18176		1030396
[20:07:49]		1048572		18176		1030396
[20:07:52]		1048572		18176		1030396
[20:07:55]		1048572		18176		1030396
[20:07:58]		1048572		18176		1030396
[20:08:01]		1048572		18176		1030396
[20:08:04]		1048572		18176		1030396
[20:08:07]		1048572		18176		1030396
[20:08:10]		1048572		18176		1030396
[20:08:13]		1048572		18176		1030396
[20:08:16]		1048572		18176		1030396
[20:08:19]		1048572		18176		1030396
[20:08:22]		1048572		18176		1030396
[20:08:25]		1048572		18176		1030396
[20:08:28]		1048572		18176		1030396
[20:08:31]		1048572		18176		1030396
[20:08:34]		1048572		18176		1030396
[20:08:37]		1048572		18176		1030396
[20:08:40]		1048572		18176		1030396
[20:08:43]		1048572		18176		1030396
[20:08:46]		1048572		18176		1030396
[20:08:49]		1048572		18176		1030396
[20:08:52]		1048572		18176		1030396
[20:08:55]		1048572		18176		1030396
[20:08:58]		1048572		18176		1030396
[20:09:01]		1048572		18176		1030396
[20:09:04]		1048572		18176		1030396
[20:09:07]		1048572		18176		1030396
[20:09:10]		1048572		18176		1030396
[20:09:13]		1048572		18176		1030396
[20:09:16]		1048572		18176		1030396
[20:09:19]		1048572		18176		1030396
[20:09:22]		1048572		18176		1030396
[20:09:25]		1048572		18176		1030396
[20:09:28]		1048572		18176		1030396
[20:09:31]		1048572		18176		1030396
[20:09:34]		1048572		18176		1030396
[20:09:37]		1048572		18176		1030396
[20:09:40]		1048572		18156		1030416
[20:09:43]		1048572		18156		1030416
[20:09:46]		1048572		18156		1030416
[20:09:49]		1048572		18156		1030416
[20:09:52]		1048572		18156		1030416
[20:09:55]		1048572		18156		1030416
[20:09:58]		1048572		18156		1030416
[20:10:01]		1048572		18156		1030416
[20:10:04]		1048572		18156		1030416
[20:10:07]		1048572		18156		1030416
[20:10:10]		1048572		18156		1030416
[20:10:13]		1048572		18156		1030416
[20:10:16]		1048572		18156		1030416
[20:10:19]		1048572		18156		1030416
[20:10:22]		1048572		18156		1030416
[20:10:25]		1048572		18156		1030416
[20:10:28]		1048572		18156		1030416
[20:10:31]		1048572		18156		1030416
[20:10:34]		1048572		18156		1030416
[20:10:37]		1048572		18156		1030416
[20:10:40]		1048572		18156		1030416
[20:10:43]		1048572		18156		1030416
[20:10:46]		1048572		18156		1030416
[20:10:49]		1048572		18156		1030416
[20:10:52]		1048572		18156		1030416
[20:10:55]		1048572		18156		1030416
[20:10:58]		1048572		18156		1030416
[20:11:01]		1048572		18156		1030416
[20:11:04]		1048572		18156		1030416
[20:11:07]		1048572		18156		1030416
[20:11:10]		1048572		18156		1030416
[20:11:13]		1048572		18156		1030416
[20:11:16]		1048572		18156		1030416
[20:11:19]		1048572		18156		1030416
[20:11:22]		1048572		18156		1030416
[20:11:25]		1048572		18156		1030416
[20:11:28]		1048572		18156		1030416
[20:11:31]		1048572		18156		1030416
[20:11:34]		1048572		18156		1030416
[20:11:37]		1048572		18156		1030416
[20:11:40]		1048572		18156		1030416
[20:11:43]		1048572		18156		1030416
[20:11:46]		1048572		18156		1030416
[20:11:49]		1048572		18156		1030416
[20:11:52]		1048572		18156		1030416
[20:11:55]		1048572		18156		1030416
[20:11:58]		1048572		18156		1030416
[20:12:01]		1048572		18156		1030416
[20:12:04]		1048572		18156		1030416
[20:12:07]		1048572		18156		1030416
[20:12:10]		1048572		18156		1030416
[20:12:13]		1048572		18156		1030416
[20:12:16]		1048572		18156		1030416
[20:12:19]		1048572		18156		1030416
[20:12:22]		1048572		18156		1030416
[20:12:25]		1048572		18156		1030416
[20:12:28]		1048572		18156		1030416
[20:12:31]		1048572		18156		1030416
[20:12:34]		1048572		18156		1030416
[20:12:37]		1048572		18156		1030416
[20:12:40]		1048572		18156		1030416
[20:12:43]		1048572		18156		1030416
[20:12:46]		1048572		18156		1030416
[20:12:49]		1048572		18156		1030416
[20:12:52]		1048572		18156		1030416
[20:12:55]		1048572		18156		1030416
[20:12:58]		1048572		18156		1030416
[20:13:01]		1048572		18156		1030416
[20:13:04]		1048572		18156		1030416
[20:13:07]		1048572		18156		1030416
[20:13:10]		1048572		18156		1030416
[20:13:13]		1048572		18156		1030416
[20:13:16]		1048572		18156		1030416
[20:13:19]		1048572		18156		1030416
[20:13:22]		1048572		18156		1030416
[20:13:25]		1048572		18156		1030416
[20:13:28]		1048572		18156		1030416
[20:13:31]		1048572		18156		1030416
[20:13:34]		1048572		18156		1030416
[20:13:37]		1048572		18156		1030416
[20:13:40]		1048572		18156		1030416
[20:13:43]		1048572		18156		1030416
[20:13:46]		1048572		18156		1030416
[20:13:49]		1048572		18156		1030416
[20:13:52]		1048572		18156		1030416
[20:13:56]		1048572		18156		1030416
[20:13:59]		1048572		18156		1030416
[20:14:02]		1048572		18156		1030416
[20:14:05]		1048572		18156		1030416
[20:14:08]		1048572		18156		1030416
[20:14:11]		1048572		18156		1030416
[20:14:14]		1048572		18156		1030416
[20:14:17]		1048572		18156		1030416
[20:14:20]		1048572		18156		1030416
[20:14:23]		1048572		18156		1030416
[20:14:26]		1048572		18156		1030416
[20:14:29]		1048572		18156		1030416
[20:14:32]		1048572		18156		1030416
[20:14:35]		1048572		18156		1030416
[20:14:38]		1048572		18156		1030416
[20:14:41]		1048572		18156		1030416
[20:14:44]		1048572		18156		1030416
[20:14:47]		1048572		18156		1030416
[20:14:50]		1048572		18156		1030416
[20:14:53]		1048572		18156		1030416
[20:14:56]		1048572		18156		1030416
[20:14:59]		1048572		18156		1030416
[20:15:02]		1048572		18156		1030416
[20:15:05]		1048572		18156		1030416
[20:15:08]		1048572		18156		1030416
[20:15:11]		1048572		18156		1030416
[20:15:14]		1048572		18156		1030416
[20:15:17]		1048572		18156		1030416
[20:15:20]		1048572		18156		1030416
[20:15:23]		1048572		18156		1030416
[20:15:26]		1048572		18156		1030416
[20:15:29]		1048572		18156		1030416
[20:15:32]		1048572		18156		1030416
[20:15:35]		1048572		18156		1030416
[20:15:38]		1048572		18156		1030416
[20:15:41]		1048572		18156		1030416
[20:15:44]		1048572		18156		1030416
[20:15:47]		1048572		18156		1030416
[20:15:50]		1048572		18156		1030416
[20:15:53]		1048572		18156		1030416
[20:15:56]		1048572		18156		1030416
[20:15:59]		1048572		18156		1030416
[20:16:02]		1048572		18156		1030416
[20:16:05]		1048572		18156		1030416
[20:16:08]		1048572		18156		1030416
[20:16:11]		1048572		18156		1030416
[20:16:14]		1048572		18156		1030416
[20:16:17]		1048572		18156		1030416
[20:16:20]		1048572		18156		1030416
[20:16:23]		1048572		18156		1030416
[20:16:26]		1048572		18156		1030416
[20:16:29]		1048572		18156		1030416
[20:16:32]		1048572		18156		1030416
[20:16:35]		1048572		18156		1030416
[20:16:38]		1048572		18156		1030416
[20:16:41]		1048572		18156		1030416
[20:16:44]		1048572		18156		1030416
[20:16:47]		1048572		18156		1030416
[20:16:50]		1048572		18156		1030416
[20:16:53]		1048572		18156		1030416
[20:16:56]		1048572		18156		1030416
[20:16:59]		1048572		18156		1030416
[20:17:02]		1048572		18156		1030416
[20:17:05]		1048572		18156		1030416
[20:17:08]		1048572		18156		1030416
[20:17:11]		1048572		18156		1030416
[20:17:14]		1048572		18156		1030416
[20:17:17]		1048572		18156		1030416
[20:17:20]		1048572		18156		1030416
[20:17:23]		1048572		18156		1030416
[20:17:26]		1048572		18156		1030416
[20:17:29]		1048572		18156		1030416
[20:17:32]		1048572		18156		1030416
[20:17:35]		1048572		18156		1030416
[20:17:38]		1048572		18156		1030416
[20:17:41]		1048572		18156		1030416
[20:17:44]		1048572		18156		1030416
[20:17:47]		1048572		18156		1030416
[20:17:50]		1048572		18156		1030416
[20:17:53]		1048572		18156		1030416
[20:17:56]		1048572		18156		1030416
[20:17:59]		1048572		18156		1030416
[20:18:02]		1048572		18156		1030416
[20:18:05]		1048572		18156		1030416
[20:18:08]		1048572		18156		1030416
[20:18:11]		1048572		18156		1030416
[20:18:14]		1048572		18156		1030416
[20:18:17]		1048572		18156		1030416
[20:18:20]		1048572		18156		1030416
[20:18:23]		1048572		18156		1030416
[20:18:26]		1048572		18156		1030416
[20:18:29]		1048572		18156		1030416
[20:18:32]		1048572		18156		1030416
[20:18:35]		1048572		18156		1030416
[20:18:38]		1048572		18156		1030416
[20:18:41]		1048572		18156		1030416
[20:18:44]		1048572		18156		1030416
[20:18:47]		1048572		18156		1030416
[20:18:50]		1048572		18156		1030416
[20:18:53]		1048572		18156		1030416
[20:18:56]		1048572		18156		1030416
[20:18:59]		1048572		18156		1030416
[20:19:02]		1048572		18156		1030416
[20:19:05]		1048572		18156		1030416
[20:19:08]		1048572		18156		1030416
[20:19:11]		1048572		18156		1030416
[20:19:14]		1048572		18156		1030416
[20:19:17]		1048572		18156		1030416
[20:19:20]		1048572		18156		1030416
[20:19:23]		1048572		18156		1030416
[20:19:26]		1048572		18156		1030416
[20:19:29]		1048572		18156		1030416
[20:19:32]		1048572		18156		1030416
[20:19:35]		1048572		18156		1030416
[20:19:38]		1048572		18156		1030416
[20:19:41]		1048572		18156		1030416
[20:19:44]		1048572		18156		1030416
[20:19:47]		1048572		18156		1030416
[20:19:50]		1048572		18156		1030416
[20:19:53]		1048572		18156		1030416
[20:19:56]		1048572		18156		1030416
[20:19:59]		1048572		18156		1030416
[20:20:02]		1048572		18156		1030416
[20:20:05]		1048572		18156		1030416
[20:20:08]		1048572		18156		1030416
[20:20:11]		1048572		18156		1030416
[20:20:14]		1048572		18156		1030416
[20:20:17]		1048572		18156		1030416
[20:20:20]		1048572		18156		1030416
[20:20:23]		1048572		18156		1030416
[20:20:26]		1048572		18156		1030416
[20:20:29]		1048572		18156		1030416
[20:20:32]		1048572		18156		1030416
[20:20:35]		1048572		18156		1030416
[20:20:38]		1048572		18156		1030416
[20:20:41]		1048572		18156		1030416
[20:20:44]		1048572		18156		1030416
[20:20:47]		1048572		18156		1030416
[20:20:50]		1048572		18156		1030416
[20:20:53]		1048572		18156		1030416
[20:20:56]		1048572		18156		1030416
[20:20:59]		1048572		18156		1030416
[20:21:02]		1048572		18156		1030416
[20:21:05]		1048572		18156		1030416
[20:21:08]		1048572		18156		1030416
[20:21:11]		1048572		18156		1030416
[20:21:14]		1048572		18156		1030416
[20:21:17]		1048572		18156		1030416
[20:21:20]		1048572		18156		1030416
[20:21:23]		1048572		18156		1030416
[20:21:26]		1048572		18156		1030416
[20:21:29]		1048572		18156		1030416
[20:21:32]		1048572		18156		1030416
[20:21:35]		1048572		18156		1030416
[20:21:38]		1048572		18156		1030416
[20:21:41]		1048572		18156		1030416
[20:21:44]		1048572		18156		1030416
[20:21:47]		1048572		18156		1030416
[20:21:50]		1048572		18156		1030416
[20:21:53]		1048572		18156		1030416
[20:21:56]		1048572		18156		1030416
[20:21:59]		1048572		18156		1030416
[20:22:02]		1048572		18156		1030416
[20:22:05]		1048572		18156		1030416
[20:22:08]		1048572		18156		1030416
[20:22:11]		1048572		18156		1030416
[20:22:14]		1048572		18156		1030416
[20:22:17]		1048572		18156		1030416
[20:22:20]		1048572		18156		1030416
[20:22:23]		1048572		18156		1030416
[20:22:26]		1048572		18156		1030416
[20:22:29]		1048572		18156		1030416
[20:22:32]		1048572		18156		1030416
[20:22:35]		1048572		18156		1030416
[20:22:38]		1048572		18156		1030416
[20:22:41]		1048572		18156		1030416
[20:22:44]		1048572		18156		1030416
[20:22:47]		1048572		18156		1030416
[20:22:50]		1048572		18156		1030416
[20:22:53]		1048572		18156		1030416
[20:22:56]		1048572		18156		1030416
[20:22:59]		1048572		18156		1030416
[20:23:02]		1048572		18156		1030416
[20:23:05]		1048572		18156		1030416
[20:23:08]		1048572		18156		1030416
[20:23:11]		1048572		18156		1030416
[20:23:14]		1048572		18156		1030416
[20:23:17]		1048572		18156		1030416
[20:23:20]		1048572		18156		1030416
[20:23:23]		1048572		18156		1030416
[20:23:26]		1048572		18156		1030416
[20:23:29]		1048572		18156		1030416
[20:23:32]		1048572		18156		1030416
[20:23:35]		1048572		18156		1030416
[20:23:38]		1048572		18156		1030416
[20:23:41]		1048572		18156		1030416
[20:23:44]		1048572		18156		1030416
[20:23:47]		1048572		18156		1030416
[20:23:50]		1048572		18156		1030416
[20:23:53]		1048572		18156		1030416
[20:23:56]		1048572		18156		1030416
[20:23:59]		1048572		18156		1030416
[20:24:02]		1048572		18156		1030416
[20:24:05]		1048572		18156		1030416
[20:24:08]		1048572		18156		1030416
[20:24:11]		1048572		18156		1030416
[20:24:14]		1048572		18156		1030416
[20:24:17]		1048572		18156		1030416
[20:24:20]		1048572		18156		1030416
[20:24:23]		1048572		18156		1030416
[20:24:26]		1048572		18156		1030416
[20:24:29]		1048572		18156		1030416
[20:24:32]		1048572		18156		1030416
[20:24:35]		1048572		18156		1030416
[20:24:38]		1048572		18156		1030416
[20:24:41]		1048572		18156		1030416
[20:24:44]		1048572		18156		1030416
[20:24:47]		1048572		18156		1030416
[20:24:50]		1048572		18156		1030416
[20:24:53]		1048572		18152		1030420
[20:24:57]		1048572		18152		1030420
[20:25:00]		1048572		18152		1030420
[20:25:03]		1048572		18152		1030420
[20:25:06]		1048572		18152		1030420
[20:25:09]		1048572		18152		1030420
[20:25:12]		1048572		18152		1030420
[20:25:15]		1048572		18152		1030420
[20:25:18]		1048572		18152		1030420
[20:25:21]		1048572		18152		1030420
[20:25:24]		1048572		18152		1030420
[20:25:27]		1048572		18152		1030420
[20:25:30]		1048572		18152		1030420
[20:25:33]		1048572		18152		1030420
[20:25:36]		1048572		18152		1030420
[20:25:39]		1048572		18152		1030420
[20:25:42]		1048572		18152		1030420
[20:25:45]		1048572		18152		1030420
[20:25:48]		1048572		18152		1030420
[20:25:51]		1048572		18152		1030420
[20:25:54]		1048572		18152		1030420
[20:25:57]		1048572		18152		1030420
[20:26:00]		1048572		18152		1030420
[20:26:03]		1048572		18152		1030420
[20:26:06]		1048572		18152		1030420
[20:26:09]		1048572		18152		1030420
[20:26:12]		1048572		18152		1030420
[20:26:15]		1048572		18152		1030420
[20:26:18]		1048572		18152		1030420
[20:26:21]		1048572		18152		1030420
[20:26:24]		1048572		18152		1030420
[20:26:27]		1048572		18152		1030420
[20:26:30]		1048572		18152		1030420
[20:26:33]		1048572		18152		1030420
[20:26:36]		1048572		18152		1030420
[20:26:39]		1048572		18152		1030420
[20:26:42]		1048572		18152		1030420
[20:26:45]		1048572		18152		1030420
[20:26:48]		1048572		18152		1030420
[20:26:51]		1048572		18152		1030420
[20:26:54]		1048572		18152		1030420
[20:26:57]		1048572		18152		1030420
[20:27:00]		1048572		18152		1030420
[20:27:03]		1048572		18152		1030420
[20:27:06]		1048572		18152		1030420
[20:27:09]		1048572		18152		1030420
[20:27:12]		1048572		18152		1030420
[20:27:15]		1048572		18152		1030420
[20:27:18]		1048572		18152		1030420
[20:27:21]		1048572		18152		1030420
[20:27:24]		1048572		18152		1030420
[20:27:27]		1048572		18152		1030420
[20:27:30]		1048572		18152		1030420
[20:27:33]		1048572		18152		1030420
[20:27:36]		1048572		18152		1030420
[20:27:39]		1048572		18152		1030420
[20:27:42]		1048572		18152		1030420
[20:27:45]		1048572		18152		1030420
[20:27:48]		1048572		18152		1030420
[20:27:51]		1048572		18152		1030420
[20:27:54]		1048572		18152		1030420
[20:27:57]		1048572		18152		1030420
[20:28:00]		1048572		18152		1030420
[20:28:03]		1048572		18152		1030420
[20:28:06]		1048572		18152		1030420
[20:28:09]		1048572		18152		1030420
[20:28:12]		1048572		18152		1030420
[20:28:15]		1048572		18152		1030420
[20:28:18]		1048572		18152		1030420
[20:28:21]		1048572		18152		1030420
[20:28:24]		1048572		18152		1030420
[20:28:27]		1048572		18152		1030420
[20:28:30]		1048572		18152		1030420
[20:28:33]		1048572		18152		1030420
[20:28:36]		1048572		18152		1030420
[20:28:39]		1048572		18152		1030420
[20:28:42]		1048572		18152		1030420
[20:28:45]		1048572		18152		1030420
[20:28:48]		1048572		18152		1030420
[20:28:51]		1048572		18152		1030420
[20:28:54]		1048572		18152		1030420
[20:28:57]		1048572		18152		1030420
[20:29:00]		1048572		18152		1030420
[20:29:03]		1048572		18152		1030420
[20:29:06]		1048572		18152		1030420
[20:29:09]		1048572		18152		1030420
[20:29:12]		1048572		18152		1030420
[20:29:15]		1048572		18152		1030420
[20:29:18]		1048572		18152		1030420
[20:29:21]		1048572		18152		1030420
[20:29:24]		1048572		18152		1030420
[20:29:27]		1048572		18152		1030420
[20:29:30]		1048572		18152		1030420
[20:29:33]		1048572		18152		1030420
[20:29:36]		1048572		18152		1030420
[20:29:39]		1048572		18152		1030420
[20:29:42]		1048572		18152		1030420
[20:29:45]		1048572		18152		1030420
[20:29:48]		1048572		18152		1030420
[20:29:51]		1048572		18152		1030420
[20:29:54]		1048572		18152		1030420
[20:29:57]		1048572		18152		1030420
[20:30:00]		1048572		18152		1030420
[20:30:03]		1048572		18152		1030420
[20:30:06]		1048572		18152		1030420
[20:30:09]		1048572		18152		1030420
[20:30:12]		1048572		18152		1030420
[20:30:15]		1048572		18152		1030420
[20:30:18]		1048572		18152		1030420
[20:30:21]		1048572		18152		1030420
[20:30:24]		1048572		18152		1030420
[20:30:27]		1048572		18152		1030420
[20:30:30]		1048572		18152		1030420
[20:30:33]		1048572		18152		1030420
[20:30:36]		1048572		18152		1030420
[20:30:39]		1048572		18152		1030420
[20:30:42]		1048572		18152		1030420
[20:30:45]		1048572		18152		1030420
[20:30:48]		1048572		18152		1030420
[20:30:51]		1048572		18152		1030420
[20:30:54]		1048572		18152		1030420
[20:30:57]		1048572		18152		1030420
[20:31:00]		1048572		18152		1030420
[20:31:03]		1048572		18152		1030420
[20:31:06]		1048572		18152		1030420
[20:31:09]		1048572		18152		1030420
[20:31:12]		1048572		18152		1030420
[20:31:15]		1048572		18152		1030420
[20:31:18]		1048572		18152		1030420
[20:31:21]		1048572		18152		1030420
[20:31:24]		1048572		18152		1030420
[20:31:27]		1048572		18152		1030420
[20:31:30]		1048572		18152		1030420
[20:31:33]		1048572		18152		1030420
[20:31:36]		1048572		18152		1030420
[20:31:39]		1048572		18152		1030420
[20:31:42]		1048572		18152		1030420
[20:31:45]		1048572		18152		1030420
[20:31:48]		1048572		18152		1030420
[20:31:51]		1048572		18152		1030420
[20:31:54]		1048572		18152		1030420
[20:31:57]		1048572		18152		1030420
[20:32:00]		1048572		18152		1030420
[20:32:03]		1048572		18152		1030420
[20:32:06]		1048572		18152		1030420
[20:32:09]		1048572		18152		1030420
[20:32:12]		1048572		18152		1030420
[20:32:15]		1048572		18152		1030420
[20:32:18]		1048572		18152		1030420
[20:32:21]		1048572		18152		1030420
[20:32:24]		1048572		18152		1030420
[20:32:27]		1048572		18152		1030420
[20:32:30]		1048572		18152		1030420
[20:32:33]		1048572		18152		1030420
[20:32:36]		1048572		18152		1030420
[20:32:39]		1048572		18152		1030420
[20:32:42]		1048572		18152		1030420
[20:32:45]		1048572		18152		1030420
[20:32:48]		1048572		18152		1030420
[20:32:51]		1048572		18152		1030420
[20:32:54]		1048572		18152		1030420
[20:32:57]		1048572		18152		1030420
[20:33:00]		1048572		18152		1030420
[20:33:03]		1048572		18152		1030420
[20:33:06]		1048572		18152		1030420
[20:33:09]		1048572		18152		1030420
[20:33:12]		1048572		18152		1030420
[20:33:15]		1048572		18152		1030420
[20:33:18]		1048572		18152		1030420
[20:33:21]		1048572		18152		1030420
[20:33:24]		1048572		18152		1030420
[20:33:27]		1048572		18152		1030420
[20:33:30]		1048572		18152		1030420
[20:33:33]		1048572		18152		1030420
[20:33:36]		1048572		18152		1030420
[20:33:39]		1048572		18152		1030420
[20:33:42]		1048572		18152		1030420
[20:33:45]		1048572		18152		1030420
[20:33:48]		1048572		18152		1030420
[20:33:51]		1048572		18152		1030420
[20:33:54]		1048572		18152		1030420
[20:33:57]		1048572		18152		1030420
[20:34:00]		1048572		18152		1030420
[20:34:03]		1048572		18152		1030420
[20:34:06]		1048572		18152		1030420
[20:34:09]		1048572		18152		1030420
[20:34:12]		1048572		18152		1030420
[20:34:15]		1048572		18152		1030420
[20:34:18]		1048572		18152		1030420
[20:34:21]		1048572		18152		1030420
[20:34:24]		1048572		18152		1030420
[20:34:27]		1048572		18152		1030420
[20:34:30]		1048572		18152		1030420
[20:34:33]		1048572		18152		1030420
[20:34:36]		1048572		18152		1030420
[20:34:39]		1048572		18152		1030420
[20:34:42]		1048572		18152		1030420
[20:34:45]		1048572		18152		1030420
[20:34:48]		1048572		18152		1030420
[20:34:51]		1048572		18152		1030420
[20:34:54]		1048572		18152		1030420
[20:34:57]		1048572		18152		1030420
[20:35:00]		1048572		18152		1030420
[20:35:03]		1048572		18152		1030420
[20:35:06]		1048572		18152		1030420
[20:35:09]		1048572		18152		1030420
[20:35:12]		1048572		18152		1030420
[20:35:15]		1048572		18152		1030420
[20:35:18]		1048572		18152		1030420
[20:35:21]		1048572		18152		1030420
[20:35:24]		1048572		18152		1030420
[20:35:27]		1048572		18152		1030420
[20:35:30]		1048572		18152		1030420
[20:35:33]		1048572		18152		1030420
[20:35:36]		1048572		18152		1030420
[20:35:39]		1048572		18152		1030420
[20:35:42]		1048572		18152		1030420
[20:35:45]		1048572		18152		1030420
[20:35:48]		1048572		18152		1030420
[20:35:51]		1048572		18152		1030420
[20:35:54]		1048572		18152		1030420
[20:35:57]		1048572		18152		1030420
[20:36:00]		1048572		18152		1030420
[20:36:03]		1048572		18152		1030420
[20:36:06]		1048572		18152		1030420
[20:36:09]		1048572		18152		1030420
[20:36:12]		1048572		18152		1030420
[20:36:15]		1048572		18152		1030420
[20:36:18]		1048572		18152		1030420
[20:36:21]		1048572		18152		1030420
[20:36:24]		1048572		18152		1030420
[20:36:27]		1048572		18152		1030420
[20:36:30]		1048572		18152		1030420
[20:36:33]		1048572		18152		1030420
[20:36:36]		1048572		18152		1030420
[20:36:39]		1048572		18152		1030420
[20:36:42]		1048572		18152		1030420
[20:36:45]		1048572		18152		1030420
[20:36:48]		1048572		18152		1030420
[20:36:51]		1048572		18152		1030420
[20:36:54]		1048572		18152		1030420
[20:36:57]		1048572		18152		1030420
[20:37:00]		1048572		18152		1030420
[20:37:03]		1048572		18152		1030420
[20:37:06]		1048572		18152		1030420
[20:37:09]		1048572		18152		1030420
[20:37:12]		1048572		18152		1030420
[20:37:15]		1048572		18152		1030420
[20:37:18]		1048572		18152		1030420
[20:37:21]		1048572		18152		1030420
[20:37:24]		1048572		18152		1030420
[20:37:27]		1048572		18152		1030420
[20:37:30]		1048572		18152		1030420
[20:37:33]		1048572		18152		1030420
[20:37:36]		1048572		18152		1030420
[20:37:39]		1048572		18152		1030420
[20:37:42]		1048572		18152		1030420
[20:37:45]		1048572		18152		1030420
[20:37:48]		1048572		18152		1030420
[20:37:51]		1048572		18152		1030420
[20:37:54]		1048572		18152		1030420
[20:37:57]		1048572		18152		1030420
[20:38:00]		1048572		18152		1030420
[20:38:03]		1048572		18152		1030420
[20:38:06]		1048572		18152		1030420
[20:38:09]		1048572		18152		1030420
[20:38:12]		1048572		18152		1030420
[20:38:15]		1048572		18152		1030420
[20:38:18]		1048572		18152		1030420
[20:38:21]		1048572		18152		1030420
[20:38:24]		1048572		18152		1030420
[20:38:27]		1048572		18152		1030420
[20:38:30]		1048572		18152		1030420
[20:38:33]		1048572		18152		1030420
[20:38:36]		1048572		18152		1030420
[20:38:39]		1048572		18152		1030420
[20:38:43]		1048572		18152		1030420
[20:38:46]		1048572		18152		1030420
[20:38:49]		1048572		18152		1030420
[20:38:52]		1048572		18152		1030420
[20:38:55]		1048572		18152		1030420
[20:38:58]		1048572		18152		1030420
[20:39:01]		1048572		18152		1030420
[20:39:04]		1048572		18152		1030420
[20:39:07]		1048572		18152		1030420
[20:39:10]		1048572		18152		1030420
[20:39:13]		1048572		18152		1030420
[20:39:16]		1048572		18152		1030420
[20:39:19]		1048572		18152		1030420
[20:39:22]		1048572		18152		1030420
[20:39:25]		1048572		18152		1030420
[20:39:28]		1048572		18152		1030420
[20:39:31]		1048572		18152		1030420
[20:39:34]		1048572		18152		1030420
[20:39:37]		1048572		18152		1030420
[20:39:40]		1048572		18152		1030420
[20:39:43]		1048572		18152		1030420
[20:39:46]		1048572		18152		1030420
[20:39:49]		1048572		18152		1030420
[20:39:52]		1048572		18152		1030420
[20:39:55]		1048572		18152		1030420
[20:39:58]		1048572		18152		1030420
[20:40:01]		1048572		18152		1030420
[20:40:04]		1048572		18152		1030420
[20:40:07]		1048572		18152		1030420
[20:40:10]		1048572		18152		1030420
[20:40:13]		1048572		18152		1030420
[20:40:16]		1048572		18152		1030420
[20:40:19]		1048572		18152		1030420
[20:40:22]		1048572		18152		1030420
[20:40:25]		1048572		18152		1030420
[20:40:28]		1048572		18152		1030420
[20:40:31]		1048572		18152		1030420
[20:40:34]		1048572		18152		1030420
[20:40:37]		1048572		18152		1030420
[20:40:40]		1048572		18152		1030420
[20:40:43]		1048572		18152		1030420
[20:40:46]		1048572		18152		1030420
[20:40:49]		1048572		18152		1030420
[20:40:52]		1048572		18152		1030420
[20:40:55]		1048572		18152		1030420
[20:40:58]		1048572		18152		1030420
[20:41:01]		1048572		18152		1030420
[20:41:04]		1048572		18152		1030420
[20:41:07]		1048572		18152		1030420
[20:41:10]		1048572		18152		1030420
[20:41:13]		1048572		18152		1030420
[20:41:16]		1048572		18152		1030420
[20:41:19]		1048572		18152		1030420
[20:41:22]		1048572		18152		1030420
[20:41:25]		1048572		18152		1030420
[20:41:28]		1048572		18152		1030420
[20:41:31]		1048572		18152		1030420
[20:41:34]		1048572		18152		1030420
[20:41:37]		1048572		18152		1030420
[20:41:40]		1048572		18152		1030420
[20:41:43]		1048572		18152		1030420
[20:41:46]		1048572		18152		1030420
[20:41:49]		1048572		18152		1030420
[20:41:52]		1048572		18152		1030420
[20:41:55]		1048572		18152		1030420
[20:41:58]		1048572		18152		1030420
[20:42:01]		1048572		18152		1030420
[20:42:04]		1048572		18152		1030420
[20:42:07]		1048572		18152		1030420
[20:42:10]		1048572		18152		1030420
[20:42:13]		1048572		18152		1030420
[20:42:16]		1048572		18152		1030420
[20:42:19]		1048572		18152		1030420
[20:42:22]		1048572		18152		1030420
[20:42:25]		1048572		18152		1030420
[20:42:28]		1048572		18152		1030420
[20:42:31]		1048572		18152		1030420
[20:42:34]		1048572		18152		1030420
[20:42:37]		1048572		18152		1030420
[20:42:40]		1048572		18152		1030420
[20:42:43]		1048572		18152		1030420
[20:42:46]		1048572		18152		1030420
[20:42:49]		1048572		18152		1030420
[20:42:52]		1048572		18152		1030420
[20:42:55]		1048572		18152		1030420
[20:42:58]		1048572		18152		1030420
[20:43:01]		1048572		18152		1030420
[20:43:04]		1048572		18152		1030420
[20:43:07]		1048572		18152		1030420
[20:43:10]		1048572		18152		1030420
[20:43:13]		1048572		18152		1030420
[20:43:16]		1048572		18152		1030420
[20:43:19]		1048572		18152		1030420
[20:43:22]		1048572		18152		1030420
[20:43:25]		1048572		18152		1030420
[20:43:28]		1048572		18152		1030420
[20:43:31]		1048572		18152		1030420
[20:43:34]		1048572		18152		1030420
[20:43:37]		1048572		18152		1030420
[20:43:40]		1048572		18152		1030420
[20:43:43]		1048572		18152		1030420
[20:43:46]		1048572		18152		1030420
[20:43:49]		1048572		18152		1030420
[20:43:52]		1048572		18152		1030420
[20:43:55]		1048572		18152		1030420
[20:43:58]		1048572		18152		1030420
[20:44:01]		1048572		18152		1030420
[20:44:04]		1048572		18152		1030420
[20:44:07]		1048572		18152		1030420
[20:44:10]		1048572		18152		1030420
[20:44:13]		1048572		18152		1030420
[20:44:16]		1048572		18152		1030420
[20:44:19]		1048572		18152		1030420
[20:44:22]		1048572		18152		1030420
[20:44:25]		1048572		18152		1030420
[20:44:28]		1048572		18152		1030420
[20:44:31]		1048572		18152		1030420
[20:44:34]		1048572		18152		1030420
[20:44:37]		1048572		18152		1030420
[20:44:40]		1048572		18152		1030420
[20:44:43]		1048572		18152		1030420
[20:44:46]		1048572		18152		1030420
[20:44:49]		1048572		18152		1030420
[20:44:52]		1048572		18152		1030420
[20:44:55]		1048572		18152		1030420
[20:44:58]		1048572		18152		1030420
[20:45:01]		1048572		18152		1030420
[20:45:04]		1048572		18152		1030420
[20:45:07]		1048572		18152		1030420
[20:45:10]		1048572		18152		1030420
[20:45:13]		1048572		18152		1030420
[20:45:16]		1048572		18152		1030420
[20:45:19]		1048572		18152		1030420
[20:45:22]		1048572		18152		1030420
[20:45:25]		1048572		18152		1030420
[20:45:28]		1048572		18152		1030420
[20:45:31]		1048572		18152		1030420
[20:45:34]		1048572		18152		1030420
[20:45:37]		1048572		18152		1030420
[20:45:40]		1048572		18152		1030420
[20:45:43]		1048572		18152		1030420
[20:45:46]		1048572		18152		1030420
[20:45:49]		1048572		18152		1030420
[20:45:52]		1048572		18152		1030420
[20:45:55]		1048572		18152		1030420
[20:45:58]		1048572		18152		1030420
[20:46:01]		1048572		18152		1030420
[20:46:04]		1048572		18152		1030420
[20:46:07]		1048572		18152		1030420
[20:46:10]		1048572		18152		1030420
[20:46:13]		1048572		18152		1030420
[20:46:16]		1048572		18152		1030420
[20:46:19]		1048572		18152		1030420
[20:46:22]		1048572		18152		1030420
[20:46:25]		1048572		18152		1030420
[20:46:28]		1048572		18152		1030420
[20:46:31]		1048572		18152		1030420
[20:46:34]		1048572		18152		1030420
[20:46:37]		1048572		18152		1030420
[20:46:40]		1048572		18152		1030420
[20:46:43]		1048572		18152		1030420
[20:46:46]		1048572		18152		1030420
[20:46:49]		1048572		18152		1030420
[20:46:52]		1048572		18152		1030420
[20:46:55]		1048572		18152		1030420
[20:46:58]		1048572		18152		1030420
[20:47:01]		1048572		18152		1030420
[20:47:04]		1048572		18152		1030420
[20:47:07]		1048572		18152		1030420
[20:47:10]		1048572		18152		1030420
[20:47:13]		1048572		18152		1030420
[20:47:16]		1048572		18152		1030420
[20:47:19]		1048572		18152		1030420
[20:47:22]		1048572		18152		1030420
[20:47:25]		1048572		18152		1030420
[20:47:28]		1048572		18152		1030420
[20:47:31]		1048572		18152		1030420
[20:47:34]		1048572		18152		1030420
[20:47:37]		1048572		18152		1030420
[20:47:40]		1048572		18152		1030420
[20:47:43]		1048572		18152		1030420
[20:47:46]		1048572		18152		1030420
[20:47:49]		1048572		18152		1030420
[20:47:52]		1048572		18152		1030420
[20:47:55]		1048572		18152		1030420
[20:47:58]		1048572		18152		1030420
[20:48:01]		1048572		18152		1030420
[20:48:05]		1048572		18152		1030420
[20:48:08]		1048572		18152		1030420
[20:48:11]		1048572		18152		1030420
[20:48:14]		1048572		18152		1030420
[20:48:17]		1048572		18152		1030420
[20:48:20]		1048572		18152		1030420
[20:48:23]		1048572		18152		1030420
[20:48:26]		1048572		18152		1030420
[20:48:29]		1048572		18152		1030420
[20:48:32]		1048572		18152		1030420
[20:48:35]		1048572		18152		1030420
[20:48:38]		1048572		18152		1030420
[20:48:41]		1048572		18152		1030420
[20:48:44]		1048572		18152		1030420
[20:48:47]		1048572		18152		1030420
[20:48:50]		1048572		18152		1030420
[20:48:53]		1048572		18152		1030420
[20:48:56]		1048572		18152		1030420
[20:48:59]		1048572		18152		1030420
[20:49:02]		1048572		18152		1030420
[20:49:05]		1048572		18152		1030420
[20:49:08]		1048572		18152		1030420
[20:49:11]		1048572		18152		1030420
[20:49:14]		1048572		18152		1030420
[20:49:17]		1048572		18152		1030420
[20:49:20]		1048572		18152		1030420
[20:49:23]		1048572		18152		1030420
[20:49:26]		1048572		18152		1030420
[20:49:29]		1048572		18152		1030420
[20:49:32]		1048572		18152		1030420
[20:49:35]		1048572		18152		1030420
[20:49:38]		1048572		18152		1030420
[20:49:41]		1048572		18152		1030420
[20:49:44]		1048572		18152		1030420
[20:49:47]		1048572		18152		1030420
[20:49:50]		1048572		18152		1030420
[20:49:53]		1048572		18152		1030420
[20:49:56]		1048572		18152		1030420
[20:49:59]		1048572		18152		1030420
[20:50:02]		1048572		18152		1030420
[20:50:05]		1048572		18152		1030420
[20:50:08]		1048572		18152		1030420
[20:50:11]		1048572		18152		1030420
[20:50:14]		1048572		18152		1030420
[20:50:17]		1048572		18152		1030420
[20:50:20]		1048572		18152		1030420
[20:50:23]		1048572		18152		1030420
[20:50:26]		1048572		18152		1030420
[20:50:29]		1048572		18152		1030420
[20:50:32]		1048572		18152		1030420
[20:50:35]		1048572		18152		1030420
[20:50:38]		1048572		18152		1030420
[20:50:41]		1048572		18152		1030420
[20:50:44]		1048572		18152		1030420
[20:50:47]		1048572		18152		1030420
[20:50:50]		1048572		18152		1030420
[20:50:53]		1048572		18152		1030420
[20:50:56]		1048572		18152		1030420
[20:50:59]		1048572		18152		1030420
[20:51:02]		1048572		18152		1030420
[20:51:05]		1048572		18152		1030420
[20:51:08]		1048572		18152		1030420
[20:51:11]		1048572		18152		1030420
[20:51:14]		1048572		18152		1030420
[20:51:17]		1048572		18152		1030420
[20:51:20]		1048572		18152		1030420
[20:51:23]		1048572		18152		1030420
[20:51:26]		1048572		18152		1030420
[20:51:29]		1048572		18152		1030420
[20:51:32]		1048572		18152		1030420
[20:51:35]		1048572		18152		1030420
[20:51:38]		1048572		18152		1030420
[20:51:41]		1048572		18152		1030420
[20:51:44]		1048572		18152		1030420
[20:51:47]		1048572		18152		1030420
[20:51:50]		1048572		18152		1030420
[20:51:53]		1048572		18152		1030420
[20:51:56]		1048572		18152		1030420
[20:51:59]		1048572		18152		1030420
[20:52:02]		1048572		18152		1030420
[20:52:05]		1048572		18152		1030420
[20:52:08]		1048572		18152		1030420
[20:52:11]		1048572		18152		1030420
[20:52:14]		1048572		18152		1030420
[20:52:17]		1048572		18152		1030420
[20:52:20]		1048572		18152		1030420
[20:52:23]		1048572		18152		1030420
[20:52:26]		1048572		18152		1030420
[20:52:29]		1048572		18152		1030420
[20:52:32]		1048572		18152		1030420
[20:52:35]		1048572		18152		1030420
[20:52:38]		1048572		18152		1030420
[20:52:41]		1048572		18152		1030420
[20:52:44]		1048572		18152		1030420
[20:52:47]		1048572		18152		1030420
[20:52:50]		1048572		18152		1030420
[20:52:53]		1048572		18152		1030420
[20:52:56]		1048572		18152		1030420
[20:52:59]		1048572		18152		1030420
[20:53:02]		1048572		18152		1030420
[20:53:05]		1048572		18152		1030420
[20:53:08]		1048572		18152		1030420
[20:53:11]		1048572		18152		1030420
[20:53:14]		1048572		18152		1030420
[20:53:17]		1048572		18152		1030420
[20:53:20]		1048572		18152		1030420
[20:53:23]		1048572		18152		1030420
[20:53:26]		1048572		18152		1030420
[20:53:29]		1048572		18152		1030420
[20:53:32]		1048572		18152		1030420
[20:53:35]		1048572		18152		1030420
[20:53:38]		1048572		18152		1030420
[20:53:41]		1048572		18152		1030420
[20:53:44]		1048572		18152		1030420
[20:53:47]		1048572		18152		1030420
[20:53:50]		1048572		18152		1030420
[20:53:53]		1048572		18152		1030420
[20:53:56]		1048572		18152		1030420
[20:53:59]		1048572		18152		1030420
[20:54:02]		1048572		18152		1030420
[20:54:05]		1048572		18152		1030420
[20:54:08]		1048572		18152		1030420
[20:54:11]		1048572		18152		1030420
[20:54:14]		1048572		18152		1030420
[20:54:17]		1048572		18152		1030420
[20:54:20]		1048572		18152		1030420
[20:54:23]		1048572		18152		1030420
[20:54:26]		1048572		18152		1030420
[20:54:29]		1048572		18152		1030420
[20:54:32]		1048572		18152		1030420
[20:54:35]		1048572		18104		1030468
[20:54:38]		1048572		18104		1030468
