record in kb
time		total		used		free
[20:29:22]		1048572		17892		1030680
[20:29:25]		1048572		17892		1030680
[20:29:28]		1048572		17892		1030680
[20:29:31]		1048572		17892		1030680
[20:29:34]		1048572		17892		1030680
[20:29:37]		1048572		17892		1030680
[20:29:40]		1048572		17892		1030680
[20:29:43]		1048572		17892		1030680
[20:29:46]		1048572		17892		1030680
[20:29:49]		1048572		17892		1030680
[20:29:52]		1048572		17892		1030680
[20:29:55]		1048572		17892		1030680
[20:29:58]		1048572		17892		1030680
[20:30:01]		1048572		17896		1030676
[20:30:04]		1048572		17896		1030676
[20:30:07]		1048572		17896		1030676
[20:30:10]		1048572		17896		1030676
[20:30:13]		1048572		17896		1030676
[20:30:16]		1048572		17896		1030676
[20:30:19]		1048572		17896		1030676
[20:30:22]		1048572		17896		1030676
[20:30:25]		1048572		17896		1030676
[20:30:28]		1048572		17908		1030664
[20:30:31]		1048572		17908		1030664
[20:30:34]		1048572		17908		1030664
[20:30:37]		1048572		17908		1030664
[20:30:40]		1048572		17908		1030664
[20:30:43]		1048572		17908		1030664
[20:30:46]		1048572		17908		1030664
[20:30:49]		1048572		17908		1030664
[20:30:52]		1048572		17912		1030660
[20:30:55]		1048572		17912		1030660
[20:30:58]		1048572		17912		1030660
[20:31:01]		1048572		17912		1030660
[20:31:04]		1048572		17912		1030660
[20:31:07]		1048572		17912		1030660
[20:31:10]		1048572		17912		1030660
[20:31:13]		1048572		17912		1030660
[20:31:16]		1048572		17912		1030660
[20:31:19]		1048572		17912		1030660
[20:31:22]		1048572		17912		1030660
[20:31:25]		1048572		17912		1030660
[20:31:28]		1048572		18144		1030428
[20:31:31]		1048572		18144		1030428
[20:31:34]		1048572		18144		1030428
[20:31:37]		1048572		18144		1030428
[20:31:40]		1048572		18144		1030428
[20:31:43]		1048572		18144		1030428
[20:31:46]		1048572		18144		1030428
[20:31:49]		1048572		18144		1030428
[20:31:52]		1048572		18144		1030428
[20:31:55]		1048572		18144		1030428
[20:31:58]		1048572		18144		1030428
[20:32:01]		1048572		18144		1030428
[20:32:04]		1048572		18144		1030428
[20:32:07]		1048572		18144		1030428
[20:32:10]		1048572		18144		1030428
[20:32:13]		1048572		18144		1030428
[20:32:16]		1048572		18144		1030428
[20:32:19]		1048572		18144		1030428
[20:32:22]		1048572		18144		1030428
[20:32:25]		1048572		18144		1030428
[20:32:28]		1048572		18144		1030428
[20:32:31]		1048572		18144		1030428
[20:32:34]		1048572		18144		1030428
[20:32:37]		1048572		18144		1030428
[20:32:40]		1048572		18144		1030428
[20:32:43]		1048572		18144		1030428
[20:32:46]		1048572		18144		1030428
[20:32:49]		1048572		18144		1030428
[20:32:52]		1048572		18144		1030428
[20:32:55]		1048572		18292		1030280
[20:32:58]		1048572		18328		1030244
[20:33:01]		1048572		18328		1030244
[20:33:04]		1048572		18328		1030244
[20:33:07]		1048572		18328		1030244
[20:33:10]		1048572		18328		1030244
[20:33:13]		1048572		18328		1030244
[20:33:16]		1048572		18328		1030244
[20:33:19]		1048572		18328		1030244
[20:33:22]		1048572		18328		1030244
[20:33:25]		1048572		18328		1030244
[20:33:28]		1048572		18328		1030244
[20:33:31]		1048572		18328		1030244
[20:33:34]		1048572		18328		1030244
[20:33:37]		1048572		18328		1030244
[20:33:40]		1048572		18328		1030244
[20:33:43]		1048572		18328		1030244
[20:33:46]		1048572		18328		1030244
[20:33:49]		1048572		18328		1030244
[20:33:52]		1048572		18328		1030244
[20:33:55]		1048572		18324		1030248
[20:33:58]		1048572		18324		1030248
[20:34:01]		1048572		18324		1030248
[20:34:04]		1048572		18324		1030248
[20:34:07]		1048572		18324		1030248
[20:34:10]		1048572		18324		1030248
[20:34:13]		1048572		18324		1030248
[20:34:16]		1048572		18324		1030248
[20:34:19]		1048572		18324		1030248
[20:34:22]		1048572		18324		1030248
[20:34:25]		1048572		18324		1030248
[20:34:28]		1048572		18324		1030248
[20:34:31]		1048572		18324		1030248
[20:34:34]		1048572		18324		1030248
[20:34:37]		1048572		18324		1030248
[20:34:40]		1048572		18324		1030248
[20:34:43]		1048572		18324		1030248
[20:34:46]		1048572		18324		1030248
[20:34:49]		1048572		18324		1030248
[20:34:52]		1048572		18324		1030248
[20:34:55]		1048572		18320		1030252
[20:34:58]		1048572		18320		1030252
[20:35:01]		1048572		18320		1030252
[20:35:04]		1048572		18320		1030252
[20:35:07]		1048572		18320		1030252
[20:35:10]		1048572		18320		1030252
[20:35:13]		1048572		18320		1030252
[20:35:16]		1048572		18312		1030260
[20:35:19]		1048572		18312		1030260
[20:35:22]		1048572		18312		1030260
[20:35:25]		1048572		18312		1030260
[20:35:28]		1048572		18312		1030260
[20:35:31]		1048572		18312		1030260
[20:35:34]		1048572		18312		1030260
[20:35:37]		1048572		18312		1030260
[20:35:40]		1048572		18312		1030260
[20:35:43]		1048572		18312		1030260
[20:35:46]		1048572		18312		1030260
[20:35:49]		1048572		18312		1030260
[20:35:52]		1048572		18312		1030260
[20:35:55]		1048572		18312		1030260
[20:35:58]		1048572		18312		1030260
[20:36:01]		1048572		18312		1030260
[20:36:04]		1048572		18312		1030260
[20:36:07]		1048572		18312		1030260
[20:36:10]		1048572		18312		1030260
[20:36:13]		1048572		18312		1030260
[20:36:16]		1048572		18312		1030260
[20:36:19]		1048572		18312		1030260
[20:36:22]		1048572		18312		1030260
[20:36:25]		1048572		18312		1030260
[20:36:28]		1048572		18312		1030260
[20:36:31]		1048572		18312		1030260
[20:36:34]		1048572		18312		1030260
[20:36:37]		1048572		18312		1030260
[20:36:40]		1048572		18308		1030264
[20:36:43]		1048572		18308		1030264
[20:36:46]		1048572		18308		1030264
[20:36:49]		1048572		18308		1030264
[20:36:52]		1048572		18308		1030264
[20:36:55]		1048572		18308		1030264
[20:36:58]		1048572		18308		1030264
[20:37:01]		1048572		18308		1030264
[20:37:04]		1048572		18308		1030264
[20:37:07]		1048572		18308		1030264
[20:37:10]		1048572		18308		1030264
[20:37:13]		1048572		18308		1030264
[20:37:16]		1048572		18308		1030264
[20:37:19]		1048572		18308		1030264
[20:37:22]		1048572		18308		1030264
[20:37:25]		1048572		18308		1030264
[20:37:28]		1048572		18308		1030264
[20:37:31]		1048572		18308		1030264
[20:37:34]		1048572		18308		1030264
[20:37:37]		1048572		18308		1030264
[20:37:40]		1048572		18308		1030264
[20:37:43]		1048572		18308		1030264
[20:37:46]		1048572		18308		1030264
[20:37:49]		1048572		18308		1030264
[20:37:52]		1048572		18308		1030264
[20:37:55]		1048572		18308		1030264
[20:37:58]		1048572		18308		1030264
[20:38:01]		1048572		18308		1030264
[20:38:04]		1048572		18308		1030264
[20:38:07]		1048572		18308		1030264
[20:38:10]		1048572		18308		1030264
[20:38:13]		1048572		18308		1030264
[20:38:16]		1048572		18308		1030264
[20:38:19]		1048572		18308		1030264
[20:38:22]		1048572		18308		1030264
[20:38:25]		1048572		18308		1030264
[20:38:28]		1048572		18308		1030264
[20:38:31]		1048572		18308		1030264
[20:38:34]		1048572		18308		1030264
[20:38:37]		1048572		18308		1030264
[20:38:40]		1048572		18308		1030264
[20:38:43]		1048572		18308		1030264
[20:38:46]		1048572		18308		1030264
[20:38:49]		1048572		18308		1030264
[20:38:52]		1048572		18308		1030264
[20:38:55]		1048572		18308		1030264
[20:38:58]		1048572		18308		1030264
[20:39:01]		1048572		18308		1030264
[20:39:04]		1048572		18304		1030268
[20:39:07]		1048572		18304		1030268
[20:39:10]		1048572		18304		1030268
[20:39:13]		1048572		18304		1030268
[20:39:16]		1048572		18304		1030268
[20:39:19]		1048572		18304		1030268
[20:39:22]		1048572		18304		1030268
[20:39:25]		1048572		18304		1030268
[20:39:28]		1048572		18304		1030268
[20:39:31]		1048572		18304		1030268
[20:39:34]		1048572		18304		1030268
[20:39:37]		1048572		18304		1030268
[20:39:40]		1048572		18304		1030268
[20:39:43]		1048572		18304		1030268
[20:39:46]		1048572		18304		1030268
[20:39:49]		1048572		18304		1030268
[20:39:52]		1048572		18304		1030268
[20:39:55]		1048572		18304		1030268
[20:39:58]		1048572		18304		1030268
[20:40:01]		1048572		18304		1030268
[20:40:04]		1048572		18304		1030268
[20:40:07]		1048572		18304		1030268
[20:40:10]		1048572		18304		1030268
[20:40:13]		1048572		18304		1030268
[20:40:16]		1048572		18304		1030268
[20:40:19]		1048572		18304		1030268
[20:40:22]		1048572		18304		1030268
[20:40:25]		1048572		18304		1030268
[20:40:28]		1048572		18304		1030268
[20:40:31]		1048572		18304		1030268
[20:40:34]		1048572		18304		1030268
[20:40:37]		1048572		18304		1030268
[20:40:40]		1048572		18304		1030268
[20:40:43]		1048572		18304		1030268
[20:40:46]		1048572		18304		1030268
[20:40:49]		1048572		18304		1030268
[20:40:52]		1048572		18304		1030268
[20:40:55]		1048572		18304		1030268
[20:40:58]		1048572		18304		1030268
[20:41:01]		1048572		18304		1030268
[20:41:04]		1048572		18256		1030316
[20:41:07]		1048572		18256		1030316
