dacapo test set
===== DaCapo 9.12 avrora starting =====
===== DaCapo 9.12 avrora PASSED in 14449 msec =====
===== DaCapo 9.12 batik starting =====
java.lang.reflect.InvocationTargetException
java.lang.reflect.InvocationTargetException
	at sun.reflect.NativeMethodAccessorImpl.invoke0(Native Method)
	at sun.reflect.NativeMethodAccessorImpl.invoke(NativeMethodAccessorImpl.java:57)
	at sun.reflect.DelegatingMethodAccessorImpl.invoke(DelegatingMethodAccessorImpl.java:43)
	at java.lang.reflect.Method.invoke(Method.java:601)
	at org.dacapo.harness.Batik.iterate(Batik.java:63)
	at org.dacapo.harness.Benchmark.run(Benchmark.java:166)
	at org.dacapo.harness.TestHarness.runBenchmark(TestHarness.java:218)
	at org.dacapo.harness.TestHarness.main(TestHarness.java:171)
	at Harness.main(Harness.java:17)
Caused by: java.lang.NoClassDefFoundError: com/sun/image/codec/jpeg/TruncatedFileException
	at org.apache.batik.ext.awt.image.codec.jpeg.JPEGRegistryEntry.handleStream(JPEGRegistryEntry.java:87)
	at org.apache.batik.ext.awt.image.spi.ImageTagRegistry.readURL(ImageTagRegistry.java:189)
	at org.apache.batik.bridge.SVGImageElementBridge.createImageGraphicsNode(SVGImageElementBridge.java:257)
	at org.apache.batik.bridge.SVGImageElementBridge.buildImageGraphicsNode(SVGImageElementBridge.java:176)
	at org.apache.batik.bridge.SVGImageElementBridge.createGraphicsNode(SVGImageElementBridge.java:118)
	at org.apache.batik.bridge.GVTBuilder.buildGraphicsNode(GVTBuilder.java:206)
	at org.apache.batik.bridge.GVTBuilder.buildComposite(GVTBuilder.java:164)
	at org.apache.batik.bridge.GVTBuilder.buildGraphicsNode(GVTBuilder.java:212)
	at org.apache.batik.bridge.GVTBuilder.buildComposite(GVTBuilder.java:164)
	at org.apache.batik.bridge.GVTBuilder.build(GVTBuilder.java:78)
	at org.apache.batik.transcoder.SVGAbstractTranscoder.transcode(SVGAbstractTranscoder.java:214)
	at org.apache.batik.transcoder.image.ImageTranscoder.transcode(ImageTranscoder.java:92)
	at org.apache.batik.transcoder.XMLAbstractTranscoder.transcode(XMLAbstractTranscoder.java:142)
	at org.apache.batik.transcoder.SVGAbstractTranscoder.transcode(SVGAbstractTranscoder.java:159)
	at org.apache.batik.apps.rasterizer.SVGConverter.transcode(SVGConverter.java:992)
	at org.apache.batik.apps.rasterizer.SVGConverter.execute(SVGConverter.java:715)
	at org.apache.batik.apps.rasterizer.Main.execute(Main.java:938)
	... 9 more
Caused by: java.lang.ClassNotFoundException: com.sun.image.codec.jpeg.TruncatedFileException
	at java.net.URLClassLoader$1.run(URLClassLoader.java:366)
	at java.net.URLClassLoader$1.run(URLClassLoader.java:355)
	at java.security.AccessController.doPrivileged(Native Method)
	at java.net.URLClassLoader.findClass(URLClassLoader.java:354)
	at java.lang.ClassLoader.loadClass(ClassLoader.java:423)
	at org.dacapo.harness.DacapoClassLoader.loadClass(DacapoClassLoader.java:127)
	at java.lang.ClassLoader.loadClass(ClassLoader.java:356)
	... 26 more
===== DaCapo 9.12 eclipse starting =====
===== DaCapo 9.12 eclipse PASSED in 135659 msec =====
===== DaCapo 9.12 fop starting =====
===== DaCapo 9.12 fop PASSED in 13216 msec =====
===== DaCapo 9.12 h2 starting =====
===== DaCapo 9.12 h2 PASSED in 48481 msec =====
===== DaCapo 9.12 jython starting =====
===== DaCapo 9.12 jython PASSED in 39085 msec =====
===== DaCapo 9.12 luindex starting =====
===== DaCapo 9.12 luindex PASSED in 5346 msec =====
===== DaCapo 9.12 lusearch starting =====
===== DaCapo 9.12 lusearch PASSED in 17828 msec =====
===== DaCapo 9.12 pmd starting =====
===== DaCapo 9.12 pmd PASSED in 21507 msec =====
===== DaCapo 9.12 sunflow starting =====
===== DaCapo 9.12 sunflow PASSED in 24204 msec =====
===== DaCapo 9.12 tomcat starting =====
===== DaCapo 9.12 tomcat PASSED in 25001 msec =====
Successfully created tables
===== DaCapo 9.12 tradebeans starting =====
===== DaCapo 9.12 tradebeans PASSED in 25612 msec =====
Successfully created tables
===== DaCapo 9.12 tradesoap starting =====
===== DaCapo 9.12 tradesoap PASSED in 78457 msec =====
===== DaCapo 9.12 xalan starting =====
===== DaCapo 9.12 xalan PASSED in 16905 msec =====
