record in kb
time		total		used		free
[20:10:04]		1048572		16488		1032084
[20:10:07]		1048572		16448		1032124
[20:10:10]		1048572		16448		1032124
[20:10:13]		1048572		16448		1032124
[20:10:16]		1048572		16448		1032124
[20:10:19]		1048572		16448		1032124
[20:10:22]		1048572		16448		1032124
[20:10:25]		1048572		16444		1032128
[20:10:28]		1048572		16444		1032128
[20:10:31]		1048572		16444		1032128
[20:10:34]		1048572		16444		1032128
[20:10:37]		1048572		16444		1032128
[20:10:40]		1048572		16444		1032128
[20:10:43]		1048572		16444		1032128
[20:10:46]		1048572		16444		1032128
[20:10:49]		1048572		16444		1032128
[20:10:52]		1048572		16444		1032128
[20:10:55]		1048572		16444		1032128
[20:10:58]		1048572		16444		1032128
[20:11:01]		1048572		16636		1031936
[20:11:04]		1048572		16636		1031936
[20:11:07]		1048572		16636		1031936
[20:11:10]		1048572		16508		1032064
[20:11:13]		1048572		16448		1032124
[20:11:16]		1048572		16448		1032124
[20:11:19]		1048572		16444		1032128
[20:11:22]		1048572		16444		1032128
[20:11:25]		1048572		18788		1029784
[20:11:28]		1048572		18788		1029784
[20:11:31]		1048572		18788		1029784
[20:11:34]		1048572		18788		1029784
[20:11:37]		1048572		18788		1029784
[20:11:40]		1048572		18788		1029784
[20:11:43]		1048572		18788		1029784
[20:11:46]		1048572		18788		1029784
[20:11:49]		1048572		18788		1029784
[20:11:52]		1048572		18788		1029784
[20:11:55]		1048572		18788		1029784
[20:11:58]		1048572		18788		1029784
[20:12:01]		1048572		18788		1029784
[20:12:04]		1048572		18788		1029784
[20:12:07]		1048572		19300		1029272
[20:12:10]		1048572		19300		1029272
[20:12:13]		1048572		19300		1029272
[20:12:16]		1048572		19300		1029272
[20:12:19]		1048572		19300		1029272
[20:12:22]		1048572		19300		1029272
[20:12:25]		1048572		19300		1029272
[20:12:28]		1048572		19300		1029272
[20:12:31]		1048572		19300		1029272
[20:12:34]		1048572		19300		1029272
[20:12:37]		1048572		19300		1029272
[20:12:41]		1048572		19300		1029272
[20:12:44]		1048572		19296		1029276
[20:12:47]		1048572		19296		1029276
[20:12:50]		1048572		19296		1029276
[20:12:53]		1048572		19296		1029276
[20:12:56]		1048572		19296		1029276
[20:12:59]		1048572		19296		1029276
[20:13:02]		1048572		19048		1029524
[20:13:05]		1048572		19048		1029524
[20:13:08]		1048572		19048		1029524
[20:13:11]		1048572		19048		1029524
[20:13:14]		1048572		19048		1029524
[20:13:17]		1048572		19048		1029524
[20:13:20]		1048572		19048		1029524
[20:13:23]		1048572		19048		1029524
[20:13:26]		1048572		19048		1029524
[20:13:29]		1048572		19048		1029524
[20:13:32]		1048572		19048		1029524
[20:13:35]		1048572		19048		1029524
[20:13:38]		1048572		19048		1029524
[20:13:41]		1048572		19048		1029524
[20:13:44]		1048572		19000		1029572
[20:13:47]		1048572		18936		1029636
[20:13:50]		1048572		18936		1029636
[20:13:53]		1048572		18936		1029636
[20:13:56]		1048572		18936		1029636
[20:13:59]		1048572		18936		1029636
[20:14:02]		1048572		18936		1029636
[20:14:05]		1048572		18936		1029636
[20:14:08]		1048572		18936		1029636
[20:14:11]		1048572		18936		1029636
[20:14:14]		1048572		18936		1029636
[20:14:17]		1048572		18936		1029636
[20:14:20]		1048572		18936		1029636
[20:14:23]		1048572		18936		1029636
[20:14:26]		1048572		18936		1029636
[20:14:29]		1048572		18936		1029636
[20:14:32]		1048572		18936		1029636
[20:14:35]		1048572		18936		1029636
[20:14:38]		1048572		18936		1029636
[20:14:41]		1048572		18936		1029636
[20:14:44]		1048572		18936		1029636
[20:14:47]		1048572		18936		1029636
[20:14:50]		1048572		18936		1029636
[20:14:53]		1048572		18936		1029636
[20:14:56]		1048572		18936		1029636
[20:14:59]		1048572		18936		1029636
[20:15:02]		1048572		18936		1029636
[20:15:05]		1048572		18936		1029636
[20:15:08]		1048572		18936		1029636
[20:15:11]		1048572		18936		1029636
[20:15:14]		1048572		18936		1029636
[20:15:17]		1048572		18936		1029636
[20:15:20]		1048572		18936		1029636
[20:15:23]		1048572		18936		1029636
[20:15:26]		1048572		18936		1029636
[20:15:29]		1048572		18936		1029636
[20:15:32]		1048572		18936		1029636
[20:15:35]		1048572		18936		1029636
[20:15:38]		1048572		18936		1029636
[20:15:41]		1048572		18936		1029636
[20:15:44]		1048572		18936		1029636
[20:15:47]		1048572		18936		1029636
[20:15:50]		1048572		18936		1029636
[20:15:53]		1048572		18936		1029636
[20:15:56]		1048572		18936		1029636
[20:15:59]		1048572		18936		1029636
[20:16:02]		1048572		18936		1029636
[20:16:05]		1048572		18936		1029636
[20:16:08]		1048572		18936		1029636
[20:16:11]		1048572		18924		1029648
[20:16:14]		1048572		18924		1029648
[20:16:17]		1048572		18924		1029648
[20:16:20]		1048572		18924		1029648
[20:16:23]		1048572		18924		1029648
[20:16:26]		1048572		18924		1029648
[20:16:29]		1048572		18924		1029648
[20:16:32]		1048572		18924		1029648
[20:16:35]		1048572		18924		1029648
[20:16:38]		1048572		18924		1029648
[20:16:41]		1048572		18924		1029648
[20:16:44]		1048572		18924		1029648
[20:16:47]		1048572		18924		1029648
[20:16:50]		1048572		18924		1029648
[20:16:53]		1048572		18924		1029648
[20:16:56]		1048572		18924		1029648
[20:16:59]		1048572		18924		1029648
[20:17:02]		1048572		18872		1029700
[20:17:05]		1048572		18872		1029700
[20:17:08]		1048572		18864		1029708
[20:17:11]		1048572		18860		1029712
[20:17:14]		1048572		18860		1029712
[20:17:17]		1048572		18860		1029712
[20:17:20]		1048572		18844		1029728
[20:17:23]		1048572		18844		1029728
[20:17:26]		1048572		18840		1029732
[20:17:29]		1048572		18840		1029732
[20:17:32]		1048572		18840		1029732
[20:17:35]		1048572		18840		1029732
[20:17:38]		1048572		18840		1029732
[20:17:41]		1048572		18840		1029732
[20:17:44]		1048572		18840		1029732
[20:17:47]		1048572		18840		1029732
[20:17:50]		1048572		18840		1029732
[20:17:53]		1048572		18840		1029732
[20:17:56]		1048572		18840		1029732
[20:17:59]		1048572		18840		1029732
[20:18:02]		1048572		18840		1029732
[20:18:05]		1048572		18840		1029732
[20:18:08]		1048572		18840		1029732
[20:18:11]		1048572		18840		1029732
[20:18:14]		1048572		18840		1029732
[20:18:17]		1048572		18840		1029732
[20:18:20]		1048572		18840		1029732
[20:18:23]		1048572		18840		1029732
[20:18:26]		1048572		18840		1029732
[20:18:29]		1048572		18840		1029732
[20:18:32]		1048572		18840		1029732
[20:18:35]		1048572		18840		1029732
[20:18:38]		1048572		18840		1029732
[20:18:41]		1048572		18840		1029732
[20:18:44]		1048572		18840		1029732
[20:18:47]		1048572		18840		1029732
[20:18:50]		1048572		18840		1029732
[20:18:53]		1048572		18840		1029732
[20:18:56]		1048572		18840		1029732
[20:18:59]		1048572		18840		1029732
[20:19:02]		1048572		18840		1029732
[20:19:05]		1048572		18840		1029732
[20:19:08]		1048572		18840		1029732
[20:19:11]		1048572		18840		1029732
[20:19:14]		1048572		18840		1029732
[20:19:17]		1048572		18840		1029732
[20:19:20]		1048572		18840		1029732
[20:19:23]		1048572		18840		1029732
[20:19:26]		1048572		18840		1029732
[20:19:29]		1048572		18840		1029732
[20:19:32]		1048572		18840		1029732
[20:19:35]		1048572		18840		1029732
[20:19:38]		1048572		18840		1029732
[20:19:41]		1048572		18840		1029732
[20:19:44]		1048572		18840		1029732
[20:19:47]		1048572		18840		1029732
[20:19:50]		1048572		18840		1029732
[20:19:53]		1048572		18840		1029732
[20:19:56]		1048572		18840		1029732
[20:19:59]		1048572		18840		1029732
[20:20:02]		1048572		18840		1029732
[20:20:05]		1048572		18840		1029732
[20:20:08]		1048572		18840		1029732
[20:20:11]		1048572		18840		1029732
[20:20:14]		1048572		18840		1029732
[20:20:17]		1048572		18840		1029732
[20:20:20]		1048572		18840		1029732
[20:20:23]		1048572		18840		1029732
[20:20:26]		1048572		18840		1029732
[20:20:29]		1048572		18840		1029732
[20:20:32]		1048572		18840		1029732
[20:20:35]		1048572		18840		1029732
[20:20:38]		1048572		18840		1029732
[20:20:41]		1048572		18840		1029732
[20:20:44]		1048572		18840		1029732
[20:20:47]		1048572		18840		1029732
[20:20:50]		1048572		18840		1029732
[20:20:53]		1048572		18840		1029732
[20:20:56]		1048572		18840		1029732
[20:20:59]		1048572		18840		1029732
[20:21:02]		1048572		18840		1029732
[20:21:05]		1048572		18840		1029732
[20:21:08]		1048572		18840		1029732
[20:21:11]		1048572		18840		1029732
[20:21:14]		1048572		18840		1029732
[20:21:17]		1048572		18644		1029928
[20:21:20]		1048572		18644		1029928
[20:21:23]		1048572		18644		1029928
[20:21:26]		1048572		18644		1029928
[20:21:29]		1048572		18644		1029928
[20:21:32]		1048572		18644		1029928
[20:21:35]		1048572		18644		1029928
[20:21:38]		1048572		18644		1029928
[20:21:41]		1048572		18644		1029928
[20:21:44]		1048572		18644		1029928
[20:21:47]		1048572		18644		1029928
[20:21:50]		1048572		18644		1029928
[20:21:53]		1048572		18644		1029928
[20:21:56]		1048572		18644		1029928
[20:21:59]		1048572		18644		1029928
[20:22:02]		1048572		18644		1029928
[20:22:05]		1048572		18644		1029928
[20:22:08]		1048572		18644		1029928
[20:22:11]		1048572		18644		1029928
[20:22:14]		1048572		18644		1029928
[20:22:17]		1048572		18644		1029928
[20:22:20]		1048572		18644		1029928
[20:22:23]		1048572		18644		1029928
