record in kb
time		total		used		free
[13:20:48]		1048572		2596		1045976
[13:20:51]		1048572		2596		1045976
[13:20:54]		1048572		2736		1045836
[13:20:57]		1048572		2736		1045836
[13:21:00]		1048572		2736		1045836
[13:21:03]		1048572		2736		1045836
[13:21:06]		1048572		2736		1045836
[13:21:09]		1048572		2736		1045836
[13:21:12]		1048572		2736		1045836
[13:21:15]		1048572		2736		1045836
[13:21:18]		1048572		2736		1045836
[13:21:21]		1048572		2736		1045836
[13:21:24]		1048572		2736		1045836
[13:21:27]		1048572		2736		1045836
[13:21:30]		1048572		2736		1045836
[13:21:33]		1048572		2736		1045836
[13:21:36]		1048572		2736		1045836
[13:21:39]		1048572		2736		1045836
[13:21:42]		1048572		2736		1045836
[13:21:45]		1048572		2736		1045836
[13:21:48]		1048572		2736		1045836
[13:21:51]		1048572		2736		1045836
[13:21:54]		1048572		2736		1045836
[13:21:57]		1048572		2736		1045836
[13:22:00]		1048572		2736		1045836
[13:22:03]		1048572		2736		1045836
[13:22:06]		1048572		2736		1045836
[13:22:09]		1048572		2736		1045836
[13:22:12]		1048572		2736		1045836
[13:22:15]		1048572		2736		1045836
[13:22:18]		1048572		2736		1045836
[13:22:21]		1048572		2736		1045836
[13:22:24]		1048572		2736		1045836
[13:22:27]		1048572		2736		1045836
[13:22:30]		1048572		2736		1045836
[13:22:33]		1048572		2736		1045836
[13:22:36]		1048572		2736		1045836
[13:22:39]		1048572		2736		1045836
[13:22:42]		1048572		2736		1045836
[13:22:45]		1048572		2736		1045836
[13:22:48]		1048572		2736		1045836
[13:22:51]		1048572		2736		1045836
[13:22:54]		1048572		2736		1045836
[13:22:57]		1048572		2736		1045836
[13:23:00]		1048572		2736		1045836
[13:23:03]		1048572		2736		1045836
[13:23:06]		1048572		2736		1045836
[13:23:09]		1048572		2736		1045836
[13:23:12]		1048572		2736		1045836
[13:23:15]		1048572		2736		1045836
[13:23:18]		1048572		2736		1045836
[13:23:21]		1048572		2736		1045836
[13:23:24]		1048572		2736		1045836
[13:23:27]		1048572		2736		1045836
[13:23:30]		1048572		2736		1045836
[13:23:33]		1048572		2736		1045836
[13:23:36]		1048572		2736		1045836
[13:23:39]		1048572		2736		1045836
[13:23:42]		1048572		2736		1045836
[13:23:45]		1048572		2736		1045836
[13:23:48]		1048572		2736		1045836
[13:23:51]		1048572		2736		1045836
[13:23:54]		1048572		2736		1045836
[13:23:57]		1048572		2736		1045836
[13:24:00]		1048572		2736		1045836
[13:24:03]		1048572		2736		1045836
[13:24:06]		1048572		2736		1045836
[13:24:09]		1048572		2736		1045836
[13:24:12]		1048572		2736		1045836
[13:24:15]		1048572		2736		1045836
[13:24:18]		1048572		2736		1045836
[13:24:21]		1048572		2736		1045836
[13:24:24]		1048572		2736		1045836
[13:24:27]		1048572		2736		1045836
[13:24:30]		1048572		2736		1045836
[13:24:33]		1048572		2736		1045836
[13:24:36]		1048572		2736		1045836
[13:24:39]		1048572		2736		1045836
[13:24:42]		1048572		2736		1045836
[13:24:45]		1048572		2736		1045836
[13:24:48]		1048572		2736		1045836
[13:24:51]		1048572		2736		1045836
[13:24:54]		1048572		2736		1045836
[13:24:57]		1048572		2736		1045836
[13:25:00]		1048572		2736		1045836
[13:25:03]		1048572		2736		1045836
[13:25:06]		1048572		2736		1045836
[13:25:09]		1048572		2736		1045836
[13:25:12]		1048572		2736		1045836
[13:25:15]		1048572		2736		1045836
[13:25:18]		1048572		2736		1045836
[13:25:21]		1048572		2736		1045836
[13:25:24]		1048572		2736		1045836
[13:25:27]		1048572		2736		1045836
[13:25:30]		1048572		2736		1045836
[13:25:33]		1048572		2736		1045836
[13:25:36]		1048572		2736		1045836
[13:25:39]		1048572		2736		1045836
[13:25:42]		1048572		2736		1045836
[13:25:45]		1048572		2736		1045836
[13:25:48]		1048572		2736		1045836
[13:25:51]		1048572		2736		1045836
[13:25:54]		1048572		2736		1045836
[13:25:57]		1048572		2736		1045836
[13:26:00]		1048572		2736		1045836
[13:26:03]		1048572		2736		1045836
[13:26:06]		1048572		2736		1045836
[13:26:09]		1048572		2736		1045836
[13:26:12]		1048572		2736		1045836
[13:26:15]		1048572		2736		1045836
[13:26:18]		1048572		2736		1045836
[13:26:21]		1048572		2736		1045836
[13:26:24]		1048572		2736		1045836
[13:26:27]		1048572		2736		1045836
[13:26:30]		1048572		2736		1045836
[13:26:33]		1048572		2736		1045836
[13:26:36]		1048572		2736		1045836
[13:26:39]		1048572		2736		1045836
[13:26:42]		1048572		2736		1045836
[13:26:45]		1048572		2736		1045836
[13:26:48]		1048572		2736		1045836
[13:26:51]		1048572		2736		1045836
[13:26:54]		1048572		2736		1045836
[13:26:57]		1048572		2736		1045836
[13:27:00]		1048572		2736		1045836
[13:27:03]		1048572		2736		1045836
[13:27:06]		1048572		2736		1045836
[13:27:09]		1048572		2736		1045836
[13:27:12]		1048572		2736		1045836
[13:27:15]		1048572		2736		1045836
[13:27:18]		1048572		2736		1045836
[13:27:21]		1048572		2736		1045836
[13:27:24]		1048572		2736		1045836
[13:27:27]		1048572		2736		1045836
[13:27:30]		1048572		2736		1045836
[13:27:33]		1048572		2736		1045836
[13:27:36]		1048572		2736		1045836
[13:27:39]		1048572		2736		1045836
[13:27:42]		1048572		2736		1045836
[13:27:45]		1048572		2736		1045836
[13:27:48]		1048572		2736		1045836
[13:27:51]		1048572		2736		1045836
[13:27:54]		1048572		2736		1045836
[13:27:57]		1048572		2736		1045836
[13:28:00]		1048572		2736		1045836
[13:28:03]		1048572		2736		1045836
[13:28:06]		1048572		2736		1045836
[13:28:09]		1048572		2736		1045836
[13:28:12]		1048572		2736		1045836
[13:28:15]		1048572		2736		1045836
[13:28:18]		1048572		2736		1045836
[13:28:21]		1048572		2736		1045836
[13:28:24]		1048572		2736		1045836
[13:28:27]		1048572		2736		1045836
[13:28:30]		1048572		2736		1045836
[13:28:33]		1048572		2736		1045836
[13:28:36]		1048572		2736		1045836
[13:28:39]		1048572		2736		1045836
[13:28:42]		1048572		2736		1045836
[13:28:45]		1048572		2736		1045836
[13:28:48]		1048572		2736		1045836
[13:28:51]		1048572		2736		1045836
[13:28:54]		1048572		2736		1045836
[13:28:57]		1048572		2736		1045836
[13:29:00]		1048572		2736		1045836
[13:29:03]		1048572		2736		1045836
[13:29:06]		1048572		2736		1045836
[13:29:09]		1048572		2736		1045836
[13:29:12]		1048572		2736		1045836
[13:29:15]		1048572		2736		1045836
[13:29:18]		1048572		2736		1045836
[13:29:21]		1048572		2736		1045836
[13:29:24]		1048572		2736		1045836
[13:29:27]		1048572		2736		1045836
[13:29:30]		1048572		2736		1045836
[13:29:33]		1048572		2736		1045836
[13:29:36]		1048572		2736		1045836
[13:29:39]		1048572		2736		1045836
[13:29:42]		1048572		2736		1045836
[13:29:45]		1048572		2736		1045836
[13:29:48]		1048572		2736		1045836
[13:29:51]		1048572		2736		1045836
[13:29:54]		1048572		2736		1045836
[13:29:57]		1048572		2736		1045836
[13:30:00]		1048572		2736		1045836
[13:30:03]		1048572		2736		1045836
[13:30:06]		1048572		2736		1045836
[13:30:09]		1048572		2736		1045836
[13:30:12]		1048572		2736		1045836
[13:30:15]		1048572		2736		1045836
[13:30:18]		1048572		2736		1045836
[13:30:21]		1048572		2736		1045836
[13:30:24]		1048572		2736		1045836
[13:30:27]		1048572		2736		1045836
[13:30:30]		1048572		2736		1045836
[13:30:34]		1048572		2736		1045836
[13:30:37]		1048572		2736		1045836
[13:30:40]		1048572		2736		1045836
[13:30:43]		1048572		2736		1045836
[13:30:46]		1048572		2736		1045836
[13:30:49]		1048572		2736		1045836
[13:30:52]		1048572		2736		1045836
[13:30:55]		1048572		2736		1045836
[13:30:58]		1048572		2736		1045836
[13:31:01]		1048572		2736		1045836
[13:31:04]		1048572		2736		1045836
[13:31:07]		1048572		2736		1045836
[13:31:10]		1048572		2736		1045836
[13:31:13]		1048572		2736		1045836
[13:31:16]		1048572		2736		1045836
[13:31:19]		1048572		2736		1045836
[13:31:22]		1048572		2736		1045836
[13:31:25]		1048572		2736		1045836
[13:31:28]		1048572		2736		1045836
[13:31:31]		1048572		2736		1045836
[13:31:34]		1048572		2736		1045836
[13:31:37]		1048572		2736		1045836
[13:31:40]		1048572		2736		1045836
[13:31:43]		1048572		2736		1045836
[13:31:46]		1048572		2736		1045836
[13:31:49]		1048572		2736		1045836
[13:31:52]		1048572		2736		1045836
[13:31:55]		1048572		2736		1045836
[13:31:58]		1048572		2736		1045836
[13:32:01]		1048572		2736		1045836
[13:32:04]		1048572		2736		1045836
[13:32:07]		1048572		2736		1045836
[13:32:10]		1048572		2736		1045836
[13:32:13]		1048572		2736		1045836
[13:32:16]		1048572		2736		1045836
[13:32:19]		1048572		2736		1045836
[13:32:22]		1048572		2736		1045836
[13:32:25]		1048572		2736		1045836
[13:32:28]		1048572		2736		1045836
[13:32:31]		1048572		2736		1045836
[13:32:34]		1048572		2736		1045836
[13:32:37]		1048572		2736		1045836
[13:32:40]		1048572		2736		1045836
[13:32:43]		1048572		2736		1045836
[13:32:46]		1048572		2736		1045836
[13:32:49]		1048572		2736		1045836
[13:32:52]		1048572		2736		1045836
[13:32:55]		1048572		2736		1045836
[13:32:58]		1048572		2736		1045836
[13:33:01]		1048572		2736		1045836
[13:33:04]		1048572		2736		1045836
[13:33:07]		1048572		2736		1045836
[13:33:10]		1048572		2736		1045836
[13:33:13]		1048572		2736		1045836
[13:33:16]		1048572		2736		1045836
[13:33:19]		1048572		2736		1045836
[13:33:22]		1048572		2736		1045836
[13:33:25]		1048572		2736		1045836
[13:33:28]		1048572		2736		1045836
[13:33:31]		1048572		2736		1045836
[13:33:34]		1048572		2736		1045836
[13:33:37]		1048572		2736		1045836
[13:33:40]		1048572		2736		1045836
[13:33:43]		1048572		2736		1045836
[13:33:46]		1048572		2736		1045836
[13:33:49]		1048572		2736		1045836
[13:33:52]		1048572		2736		1045836
[13:33:55]		1048572		2736		1045836
[13:33:58]		1048572		2736		1045836
[13:34:01]		1048572		2736		1045836
[13:34:04]		1048572		2736		1045836
[13:34:07]		1048572		2736		1045836
[13:34:10]		1048572		2736		1045836
[13:34:13]		1048572		2736		1045836
[13:34:16]		1048572		2736		1045836
[13:34:19]		1048572		2736		1045836
[13:34:22]		1048572		2736		1045836
[13:34:25]		1048572		2736		1045836
[13:34:28]		1048572		2736		1045836
[13:34:31]		1048572		2736		1045836
[13:34:34]		1048572		2736		1045836
[13:34:37]		1048572		2736		1045836
[13:34:40]		1048572		2736		1045836
[13:34:43]		1048572		2736		1045836
[13:34:46]		1048572		2736		1045836
[13:34:49]		1048572		2736		1045836
[13:34:52]		1048572		2736		1045836
[13:34:55]		1048572		2736		1045836
[13:34:58]		1048572		2736		1045836
[13:35:01]		1048572		2736		1045836
[13:35:04]		1048572		2736		1045836
[13:35:07]		1048572		2736		1045836
[13:35:10]		1048572		2736		1045836
[13:35:13]		1048572		2736		1045836
[13:35:16]		1048572		2736		1045836
[13:35:19]		1048572		2736		1045836
[13:35:22]		1048572		2736		1045836
[13:35:25]		1048572		2736		1045836
[13:35:28]		1048572		2736		1045836
[13:35:31]		1048572		2736		1045836
[13:35:34]		1048572		2736		1045836
[13:35:37]		1048572		2736		1045836
[13:35:40]		1048572		2736		1045836
[13:35:43]		1048572		2736		1045836
[13:35:46]		1048572		2736		1045836
[13:35:49]		1048572		2736		1045836
[13:35:52]		1048572		2736		1045836
[13:35:55]		1048572		2736		1045836
[13:35:58]		1048572		2736		1045836
[13:36:01]		1048572		2736		1045836
[13:36:04]		1048572		2736		1045836
[13:36:07]		1048572		2736		1045836
[13:36:10]		1048572		2736		1045836
[13:36:13]		1048572		2736		1045836
[13:36:16]		1048572		2736		1045836
[13:36:19]		1048572		2736		1045836
[13:36:22]		1048572		2736		1045836
[13:36:25]		1048572		2736		1045836
[13:36:28]		1048572		2736		1045836
[13:36:31]		1048572		2736		1045836
[13:36:34]		1048572		2736		1045836
[13:36:37]		1048572		2736		1045836
[13:36:40]		1048572		2736		1045836
[13:36:43]		1048572		2736		1045836
[13:36:46]		1048572		2736		1045836
[13:36:49]		1048572		2736		1045836
[13:36:52]		1048572		2736		1045836
[13:36:55]		1048572		2736		1045836
[13:36:58]		1048572		2736		1045836
[13:37:01]		1048572		2736		1045836
[13:37:04]		1048572		2736		1045836
[13:37:07]		1048572		2736		1045836
[13:37:10]		1048572		2736		1045836
[13:37:13]		1048572		2736		1045836
[13:37:16]		1048572		2736		1045836
[13:37:19]		1048572		2736		1045836
[13:37:22]		1048572		2736		1045836
[13:37:25]		1048572		2736		1045836
[13:37:28]		1048572		2736		1045836
[13:37:31]		1048572		2736		1045836
[13:37:34]		1048572		2736		1045836
[13:37:37]		1048572		2736		1045836
[13:37:40]		1048572		2736		1045836
[13:37:43]		1048572		2736		1045836
[13:37:46]		1048572		2736		1045836
[13:37:49]		1048572		2736		1045836
[13:37:52]		1048572		2736		1045836
[13:37:55]		1048572		2736		1045836
[13:37:58]		1048572		2736		1045836
[13:38:01]		1048572		2736		1045836
[13:38:04]		1048572		2736		1045836
[13:38:07]		1048572		2736		1045836
[13:38:10]		1048572		2736		1045836
[13:38:13]		1048572		2736		1045836
[13:38:16]		1048572		2736		1045836
[13:38:19]		1048572		2736		1045836
[13:38:22]		1048572		2736		1045836
[13:38:25]		1048572		2736		1045836
[13:38:28]		1048572		2736		1045836
[13:38:31]		1048572		2736		1045836
[13:38:34]		1048572		2736		1045836
[13:38:37]		1048572		2736		1045836
[13:38:40]		1048572		2736		1045836
[13:38:43]		1048572		2736		1045836
[13:38:46]		1048572		2736		1045836
[13:38:49]		1048572		2736		1045836
[13:38:52]		1048572		2736		1045836
[13:38:55]		1048572		2736		1045836
[13:38:58]		1048572		2736		1045836
[13:39:01]		1048572		2736		1045836
[13:39:04]		1048572		2736		1045836
[13:39:07]		1048572		2736		1045836
[13:39:10]		1048572		2736		1045836
[13:39:13]		1048572		2736		1045836
[13:39:16]		1048572		2736		1045836
[13:39:19]		1048572		2736		1045836
[13:39:22]		1048572		2736		1045836
[13:39:25]		1048572		2736		1045836
[13:39:28]		1048572		2736		1045836
[13:39:31]		1048572		2736		1045836
[13:39:34]		1048572		2736		1045836
[13:39:37]		1048572		2736		1045836
[13:39:40]		1048572		2736		1045836
[13:39:43]		1048572		2736		1045836
[13:39:46]		1048572		2736		1045836
[13:39:49]		1048572		2736		1045836
[13:39:52]		1048572		2736		1045836
[13:39:55]		1048572		2736		1045836
[13:39:58]		1048572		2736		1045836
[13:40:01]		1048572		2736		1045836
[13:40:04]		1048572		2736		1045836
[13:40:07]		1048572		2736		1045836
[13:40:10]		1048572		2736		1045836
[13:40:13]		1048572		2736		1045836
[13:40:16]		1048572		2736		1045836
[13:40:19]		1048572		2736		1045836
[13:40:22]		1048572		2736		1045836
[13:40:25]		1048572		2736		1045836
[13:40:28]		1048572		2736		1045836
[13:40:31]		1048572		2736		1045836
[13:40:34]		1048572		2736		1045836
[13:40:37]		1048572		2736		1045836
[13:40:40]		1048572		2736		1045836
[13:40:43]		1048572		2736		1045836
[13:40:46]		1048572		2736		1045836
[13:40:49]		1048572		2736		1045836
[13:40:52]		1048572		2736		1045836
[13:40:55]		1048572		2736		1045836
[13:40:58]		1048572		2736		1045836
[13:41:01]		1048572		2736		1045836
[13:41:04]		1048572		2736		1045836
[13:41:07]		1048572		2736		1045836
[13:41:10]		1048572		2736		1045836
[13:41:13]		1048572		2736		1045836
[13:41:16]		1048572		2736		1045836
[13:41:19]		1048572		2736		1045836
[13:41:22]		1048572		2736		1045836
[13:41:25]		1048572		2736		1045836
[13:41:28]		1048572		2736		1045836
[13:41:31]		1048572		2736		1045836
[13:41:34]		1048572		2736		1045836
[13:41:37]		1048572		2736		1045836
[13:41:40]		1048572		2736		1045836
[13:41:43]		1048572		2736		1045836
[13:41:46]		1048572		2736		1045836
[13:41:49]		1048572		2736		1045836
[13:41:52]		1048572		2736		1045836
[13:41:56]		1048572		2736		1045836
[13:41:59]		1048572		2736		1045836
[13:42:02]		1048572		2736		1045836
[13:42:05]		1048572		2736		1045836
[13:42:08]		1048572		2736		1045836
[13:42:11]		1048572		2736		1045836
[13:42:14]		1048572		2736		1045836
[13:42:17]		1048572		2736		1045836
[13:42:20]		1048572		2736		1045836
[13:42:23]		1048572		2736		1045836
[13:42:26]		1048572		2736		1045836
[13:42:29]		1048572		2736		1045836
[13:42:32]		1048572		2736		1045836
[13:42:35]		1048572		2736		1045836
[13:42:38]		1048572		2736		1045836
[13:42:41]		1048572		2736		1045836
[13:42:44]		1048572		2736		1045836
[13:42:47]		1048572		2736		1045836
[13:42:50]		1048572		2736		1045836
[13:42:53]		1048572		2736		1045836
[13:42:56]		1048572		2736		1045836
[13:42:59]		1048572		2736		1045836
[13:43:02]		1048572		2736		1045836
[13:43:05]		1048572		2736		1045836
[13:43:08]		1048572		2736		1045836
[13:43:11]		1048572		2736		1045836
[13:43:14]		1048572		2736		1045836
[13:43:17]		1048572		2736		1045836
[13:43:20]		1048572		2736		1045836
[13:43:23]		1048572		2736		1045836
[13:43:26]		1048572		2736		1045836
[13:43:29]		1048572		2736		1045836
[13:43:32]		1048572		2736		1045836
[13:43:35]		1048572		2736		1045836
[13:43:38]		1048572		2736		1045836
[13:43:41]		1048572		2736		1045836
[13:43:44]		1048572		2736		1045836
[13:43:47]		1048572		2736		1045836
[13:43:50]		1048572		2736		1045836
[13:43:53]		1048572		2736		1045836
[13:43:56]		1048572		2736		1045836
[13:43:59]		1048572		2736		1045836
[13:44:02]		1048572		2736		1045836
[13:44:05]		1048572		2736		1045836
[13:44:08]		1048572		2736		1045836
[13:44:11]		1048572		2736		1045836
[13:44:14]		1048572		2736		1045836
[13:44:17]		1048572		2736		1045836
[13:44:20]		1048572		2736		1045836
[13:44:23]		1048572		2736		1045836
[13:44:26]		1048572		2736		1045836
[13:44:29]		1048572		2736		1045836
[13:44:32]		1048572		2736		1045836
[13:44:35]		1048572		2736		1045836
[13:44:38]		1048572		2736		1045836
[13:44:41]		1048572		2736		1045836
[13:44:44]		1048572		2736		1045836
[13:44:47]		1048572		2736		1045836
[13:44:50]		1048572		2736		1045836
[13:44:53]		1048572		2736		1045836
[13:44:56]		1048572		2736		1045836
[13:44:59]		1048572		2736		1045836
[13:45:02]		1048572		2736		1045836
[13:45:05]		1048572		2736		1045836
[13:45:08]		1048572		2736		1045836
[13:45:11]		1048572		2736		1045836
[13:45:14]		1048572		2736		1045836
[13:45:17]		1048572		2736		1045836
[13:45:20]		1048572		2736		1045836
[13:45:23]		1048572		2736		1045836
[13:45:26]		1048572		2736		1045836
[13:45:29]		1048572		2736		1045836
[13:45:32]		1048572		2736		1045836
[13:45:35]		1048572		2736		1045836
[13:45:38]		1048572		2736		1045836
[13:45:41]		1048572		2736		1045836
[13:45:44]		1048572		2736		1045836
[13:45:47]		1048572		2736		1045836
[13:45:50]		1048572		2736		1045836
[13:45:53]		1048572		2736		1045836
[13:45:56]		1048572		2736		1045836
[13:45:59]		1048572		2736		1045836
[13:46:02]		1048572		2736		1045836
[13:46:05]		1048572		2736		1045836
[13:46:08]		1048572		2736		1045836
[13:46:11]		1048572		2736		1045836
[13:46:14]		1048572		2736		1045836
[13:46:17]		1048572		2736		1045836
[13:46:20]		1048572		2736		1045836
[13:46:23]		1048572		2736		1045836
[13:46:26]		1048572		2736		1045836
[13:46:29]		1048572		2736		1045836
[13:46:32]		1048572		2736		1045836
[13:46:35]		1048572		2736		1045836
[13:46:38]		1048572		2736		1045836
[13:46:41]		1048572		2736		1045836
[13:46:44]		1048572		2736		1045836
[13:46:47]		1048572		2736		1045836
[13:46:50]		1048572		2736		1045836
[13:46:53]		1048572		2736		1045836
[13:46:56]		1048572		2736		1045836
[13:46:59]		1048572		2736		1045836
[13:47:02]		1048572		2736		1045836
[13:47:05]		1048572		2736		1045836
[13:47:08]		1048572		2736		1045836
[13:47:11]		1048572		2736		1045836
[13:47:14]		1048572		2736		1045836
[13:47:17]		1048572		2736		1045836
[13:47:20]		1048572		2736		1045836
[13:47:23]		1048572		2736		1045836
[13:47:26]		1048572		2736		1045836
[13:47:29]		1048572		2736		1045836
[13:47:32]		1048572		2736		1045836
[13:47:35]		1048572		2736		1045836
[13:47:38]		1048572		2736		1045836
[13:47:41]		1048572		2736		1045836
[13:47:44]		1048572		2736		1045836
[13:47:47]		1048572		2736		1045836
[13:47:50]		1048572		2736		1045836
[13:47:53]		1048572		2736		1045836
[13:47:56]		1048572		2736		1045836
[13:47:59]		1048572		2736		1045836
[13:48:02]		1048572		2736		1045836
[13:48:05]		1048572		2736		1045836
[13:48:08]		1048572		2736		1045836
[13:48:11]		1048572		2736		1045836
[13:48:14]		1048572		2736		1045836
[13:48:17]		1048572		2736		1045836
[13:48:20]		1048572		2736		1045836
[13:48:23]		1048572		2736		1045836
[13:48:26]		1048572		2736		1045836
[13:48:29]		1048572		2736		1045836
[13:48:32]		1048572		2736		1045836
[13:48:35]		1048572		2736		1045836
[13:48:38]		1048572		2736		1045836
[13:48:41]		1048572		2736		1045836
[13:48:44]		1048572		2736		1045836
[13:48:47]		1048572		2736		1045836
[13:48:50]		1048572		2736		1045836
[13:48:53]		1048572		2736		1045836
[13:48:56]		1048572		2736		1045836
[13:48:59]		1048572		2736		1045836
[13:49:02]		1048572		2736		1045836
[13:49:05]		1048572		2736		1045836
[13:49:08]		1048572		2736		1045836
[13:49:11]		1048572		2736		1045836
[13:49:14]		1048572		2736		1045836
[13:49:17]		1048572		2736		1045836
[13:49:20]		1048572		2736		1045836
[13:49:23]		1048572		2736		1045836
[13:49:26]		1048572		2736		1045836
[13:49:29]		1048572		2736		1045836
[13:49:32]		1048572		2736		1045836
[13:49:35]		1048572		2736		1045836
[13:49:38]		1048572		2736		1045836
[13:49:41]		1048572		2736		1045836
[13:49:44]		1048572		2736		1045836
[13:49:47]		1048572		2736		1045836
[13:49:50]		1048572		2736		1045836
[13:49:53]		1048572		2736		1045836
[13:49:56]		1048572		2736		1045836
[13:49:59]		1048572		2736		1045836
[13:50:02]		1048572		2736		1045836
[13:50:05]		1048572		2736		1045836
[13:50:08]		1048572		2736		1045836
[13:50:11]		1048572		2736		1045836
[13:50:14]		1048572		2736		1045836
[13:50:17]		1048572		2736		1045836
[13:50:20]		1048572		2736		1045836
[13:50:23]		1048572		2736		1045836
[13:50:26]		1048572		2736		1045836
[13:50:29]		1048572		2736		1045836
[13:50:32]		1048572		2736		1045836
[13:50:35]		1048572		2736		1045836
[13:50:38]		1048572		2736		1045836
[13:50:41]		1048572		2736		1045836
[13:50:44]		1048572		2736		1045836
[13:50:47]		1048572		2736		1045836
[13:50:50]		1048572		2736		1045836
[13:50:53]		1048572		2736		1045836
[13:50:56]		1048572		2736		1045836
[13:50:59]		1048572		2736		1045836
[13:51:02]		1048572		2736		1045836
[13:51:05]		1048572		2736		1045836
[13:51:08]		1048572		2736		1045836
[13:51:11]		1048572		2736		1045836
[13:51:14]		1048572		2736		1045836
[13:51:17]		1048572		2736		1045836
[13:51:20]		1048572		2736		1045836
[13:51:23]		1048572		2736		1045836
[13:51:26]		1048572		2736		1045836
[13:51:29]		1048572		2736		1045836
[13:51:32]		1048572		2736		1045836
[13:51:35]		1048572		2736		1045836
[13:51:38]		1048572		2736		1045836
[13:51:41]		1048572		2736		1045836
[13:51:44]		1048572		2736		1045836
[13:51:47]		1048572		2736		1045836
[13:51:50]		1048572		2736		1045836
[13:51:53]		1048572		2736		1045836
[13:51:56]		1048572		2736		1045836
[13:51:59]		1048572		2736		1045836
[13:52:02]		1048572		2736		1045836
[13:52:05]		1048572		2736		1045836
[13:52:08]		1048572		2736		1045836
[13:52:11]		1048572		2736		1045836
[13:52:14]		1048572		2736		1045836
[13:52:17]		1048572		2736		1045836
[13:52:20]		1048572		2736		1045836
[13:52:23]		1048572		2736		1045836
[13:52:26]		1048572		2736		1045836
[13:52:29]		1048572		2736		1045836
[13:52:32]		1048572		2736		1045836
[13:52:35]		1048572		2736		1045836
[13:52:38]		1048572		2736		1045836
[13:52:41]		1048572		2736		1045836
[13:52:44]		1048572		2736		1045836
[13:52:47]		1048572		2736		1045836
[13:52:50]		1048572		2736		1045836
[13:52:53]		1048572		2736		1045836
[13:52:56]		1048572		2736		1045836
[13:52:59]		1048572		2736		1045836
[13:53:02]		1048572		2736		1045836
[13:53:05]		1048572		2736		1045836
[13:53:08]		1048572		2736		1045836
[13:53:11]		1048572		2736		1045836
[13:53:14]		1048572		2736		1045836
[13:53:17]		1048572		2736		1045836
[13:53:20]		1048572		2736		1045836
[13:53:23]		1048572		2736		1045836
[13:53:26]		1048572		2736		1045836
[13:53:29]		1048572		2736		1045836
[13:53:32]		1048572		2736		1045836
[13:53:35]		1048572		2736		1045836
[13:53:38]		1048572		2736		1045836
[13:53:41]		1048572		2736		1045836
[13:53:44]		1048572		2736		1045836
[13:53:47]		1048572		2736		1045836
[13:53:50]		1048572		2736		1045836
[13:53:53]		1048572		2736		1045836
[13:53:56]		1048572		2736		1045836
[13:53:59]		1048572		2736		1045836
[13:54:02]		1048572		2736		1045836
[13:54:05]		1048572		2736		1045836
[13:54:08]		1048572		2736		1045836
[13:54:11]		1048572		2736		1045836
[13:54:14]		1048572		2736		1045836
[13:54:17]		1048572		2736		1045836
[13:54:20]		1048572		2736		1045836
[13:54:23]		1048572		2736		1045836
[13:54:26]		1048572		2736		1045836
[13:54:29]		1048572		2736		1045836
[13:54:32]		1048572		2736		1045836
[13:54:35]		1048572		2736		1045836
[13:54:38]		1048572		2736		1045836
[13:54:41]		1048572		2736		1045836
[13:54:44]		1048572		2736		1045836
[13:54:47]		1048572		2736		1045836
[13:54:50]		1048572		2736		1045836
[13:54:53]		1048572		2736		1045836
[13:54:56]		1048572		2736		1045836
[13:54:59]		1048572		2736		1045836
[13:55:02]		1048572		2736		1045836
[13:55:05]		1048572		2736		1045836
[13:55:08]		1048572		2736		1045836
[13:55:11]		1048572		2736		1045836
[13:55:14]		1048572		2736		1045836
[13:55:17]		1048572		2736		1045836
[13:55:20]		1048572		2736		1045836
[13:55:23]		1048572		2736		1045836
[13:55:26]		1048572		2736		1045836
[13:55:29]		1048572		2736		1045836
[13:55:32]		1048572		2736		1045836
[13:55:35]		1048572		2736		1045836
[13:55:38]		1048572		2736		1045836
[13:55:41]		1048572		2736		1045836
[13:55:44]		1048572		2736		1045836
[13:55:47]		1048572		2736		1045836
[13:55:50]		1048572		2736		1045836
[13:55:53]		1048572		2736		1045836
[13:55:56]		1048572		2736		1045836
[13:55:59]		1048572		2736		1045836
[13:56:02]		1048572		2736		1045836
[13:56:05]		1048572		2736		1045836
[13:56:08]		1048572		2736		1045836
[13:56:11]		1048572		2736		1045836
[13:56:14]		1048572		2736		1045836
[13:56:17]		1048572		2736		1045836
[13:56:20]		1048572		2736		1045836
[13:56:23]		1048572		2736		1045836
[13:56:26]		1048572		2736		1045836
[13:56:29]		1048572		2736		1045836
[13:56:32]		1048572		2736		1045836
[13:56:35]		1048572		2736		1045836
[13:56:38]		1048572		2736		1045836
[13:56:41]		1048572		2736		1045836
[13:56:44]		1048572		2736		1045836
[13:56:47]		1048572		2736		1045836
[13:56:50]		1048572		2736		1045836
[13:56:53]		1048572		2736		1045836
[13:56:56]		1048572		2736		1045836
[13:56:59]		1048572		2736		1045836
[13:57:02]		1048572		2736		1045836
[13:57:05]		1048572		2736		1045836
[13:57:08]		1048572		2736		1045836
[13:57:11]		1048572		2736		1045836
[13:57:14]		1048572		2736		1045836
[13:57:17]		1048572		2736		1045836
[13:57:20]		1048572		2736		1045836
[13:57:23]		1048572		2736		1045836
[13:57:26]		1048572		2736		1045836
[13:57:29]		1048572		2736		1045836
[13:57:32]		1048572		2736		1045836
[13:57:36]		1048572		2736		1045836
[13:57:39]		1048572		2736		1045836
[13:57:42]		1048572		2736		1045836
[13:57:45]		1048572		2736		1045836
[13:57:48]		1048572		2736		1045836
[13:57:51]		1048572		2736		1045836
[13:57:54]		1048572		2736		1045836
[13:57:57]		1048572		2736		1045836
[13:58:00]		1048572		2736		1045836
[13:58:03]		1048572		2736		1045836
[13:58:06]		1048572		2736		1045836
[13:58:09]		1048572		2736		1045836
[13:58:12]		1048572		2736		1045836
[13:58:15]		1048572		2736		1045836
[13:58:18]		1048572		2736		1045836
[13:58:21]		1048572		2736		1045836
[13:58:24]		1048572		2736		1045836
[13:58:27]		1048572		2736		1045836
[13:58:30]		1048572		2736		1045836
[13:58:33]		1048572		2736		1045836
[13:58:36]		1048572		2736		1045836
[13:58:39]		1048572		2736		1045836
[13:58:42]		1048572		2736		1045836
[13:58:45]		1048572		2736		1045836
[13:58:48]		1048572		2736		1045836
[13:58:51]		1048572		2736		1045836
[13:58:54]		1048572		2736		1045836
[13:58:57]		1048572		2736		1045836
[13:59:00]		1048572		2736		1045836
[13:59:03]		1048572		2736		1045836
[13:59:06]		1048572		2736		1045836
[13:59:09]		1048572		2736		1045836
[13:59:12]		1048572		2736		1045836
[13:59:15]		1048572		2736		1045836
[13:59:18]		1048572		2736		1045836
[13:59:21]		1048572		2736		1045836
[13:59:24]		1048572		2736		1045836
[13:59:27]		1048572		2736		1045836
[13:59:30]		1048572		2736		1045836
[13:59:33]		1048572		2736		1045836
[13:59:36]		1048572		2736		1045836
[13:59:39]		1048572		2736		1045836
[13:59:42]		1048572		2736		1045836
[13:59:45]		1048572		2736		1045836
[13:59:48]		1048572		2736		1045836
[13:59:51]		1048572		2736		1045836
[13:59:54]		1048572		2736		1045836
[13:59:57]		1048572		2736		1045836
[14:00:00]		1048572		2736		1045836
[14:00:03]		1048572		2736		1045836
[14:00:06]		1048572		2736		1045836
[14:00:09]		1048572		2736		1045836
[14:00:12]		1048572		2736		1045836
[14:00:15]		1048572		2736		1045836
[14:00:18]		1048572		2736		1045836
[14:00:21]		1048572		2736		1045836
[14:00:24]		1048572		2736		1045836
[14:00:27]		1048572		2736		1045836
[14:00:30]		1048572		2736		1045836
[14:00:33]		1048572		2736		1045836
[14:00:36]		1048572		2736		1045836
[14:00:39]		1048572		2736		1045836
[14:00:42]		1048572		2736		1045836
[14:00:45]		1048572		2736		1045836
[14:00:48]		1048572		2736		1045836
[14:00:51]		1048572		2736		1045836
[14:00:54]		1048572		2736		1045836
[14:00:57]		1048572		2736		1045836
[14:01:00]		1048572		2736		1045836
[14:01:03]		1048572		2736		1045836
[14:01:06]		1048572		2736		1045836
[14:01:09]		1048572		2736		1045836
[14:01:12]		1048572		2736		1045836
[14:01:15]		1048572		2736		1045836
[14:01:18]		1048572		2736		1045836
[14:01:21]		1048572		2736		1045836
[14:01:24]		1048572		2736		1045836
[14:01:27]		1048572		2736		1045836
[14:01:30]		1048572		2736		1045836
[14:01:33]		1048572		2736		1045836
[14:01:36]		1048572		2736		1045836
[14:01:39]		1048572		2736		1045836
[14:01:42]		1048572		2736		1045836
[14:01:45]		1048572		2736		1045836
[14:01:48]		1048572		2736		1045836
[14:01:51]		1048572		2736		1045836
[14:01:54]		1048572		2736		1045836
[14:01:57]		1048572		2736		1045836
[14:02:00]		1048572		2736		1045836
[14:02:03]		1048572		2736		1045836
[14:02:06]		1048572		2736		1045836
[14:02:09]		1048572		2736		1045836
[14:02:12]		1048572		2736		1045836
[14:02:15]		1048572		2736		1045836
[14:02:18]		1048572		2736		1045836
[14:02:21]		1048572		2736		1045836
[14:02:24]		1048572		2736		1045836
[14:02:27]		1048572		2736		1045836
[14:02:30]		1048572		2736		1045836
[14:02:33]		1048572		2736		1045836
[14:02:36]		1048572		2736		1045836
[14:02:39]		1048572		2736		1045836
[14:02:42]		1048572		2736		1045836
[14:02:45]		1048572		2736		1045836
[14:02:48]		1048572		2736		1045836
[14:02:51]		1048572		2736		1045836
[14:02:54]		1048572		2736		1045836
[14:02:57]		1048572		2736		1045836
[14:03:00]		1048572		2736		1045836
[14:03:03]		1048572		2736		1045836
[14:03:06]		1048572		2736		1045836
[14:03:09]		1048572		2736		1045836
[14:03:12]		1048572		2736		1045836
[14:03:15]		1048572		2736		1045836
[14:03:18]		1048572		2736		1045836
[14:03:21]		1048572		2736		1045836
[14:03:24]		1048572		2736		1045836
[14:03:27]		1048572		2736		1045836
[14:03:30]		1048572		2736		1045836
[14:03:33]		1048572		2736		1045836
[14:03:36]		1048572		2736		1045836
[14:03:39]		1048572		2736		1045836
[14:03:42]		1048572		2736		1045836
[14:03:45]		1048572		2736		1045836
[14:03:48]		1048572		2736		1045836
[14:03:51]		1048572		2736		1045836
[14:03:54]		1048572		2736		1045836
[14:03:57]		1048572		2736		1045836
[14:04:00]		1048572		2736		1045836
[14:04:03]		1048572		2736		1045836
[14:04:06]		1048572		2736		1045836
[14:04:09]		1048572		2736		1045836
[14:04:12]		1048572		2736		1045836
[14:04:15]		1048572		2736		1045836
[14:04:18]		1048572		2736		1045836
[14:04:21]		1048572		2736		1045836
[14:04:24]		1048572		2736		1045836
[14:04:27]		1048572		2736		1045836
[14:04:30]		1048572		2736		1045836
[14:04:33]		1048572		2736		1045836
[14:04:36]		1048572		2736		1045836
[14:04:39]		1048572		2736		1045836
[14:04:42]		1048572		2736		1045836
[14:04:45]		1048572		2736		1045836
[14:04:48]		1048572		2736		1045836
[14:04:51]		1048572		2736		1045836
[14:04:54]		1048572		2736		1045836
[14:04:57]		1048572		2736		1045836
[14:05:00]		1048572		2736		1045836
[14:05:03]		1048572		2736		1045836
[14:05:06]		1048572		2736		1045836
[14:05:09]		1048572		2736		1045836
[14:05:12]		1048572		2736		1045836
[14:05:15]		1048572		2736		1045836
[14:05:18]		1048572		2736		1045836
[14:05:21]		1048572		2736		1045836
[14:05:24]		1048572		2736		1045836
[14:05:27]		1048572		2736		1045836
[14:05:30]		1048572		2736		1045836
[14:05:33]		1048572		2736		1045836
[14:05:36]		1048572		2736		1045836
[14:05:39]		1048572		2736		1045836
[14:05:42]		1048572		2736		1045836
[14:05:45]		1048572		2736		1045836
[14:05:48]		1048572		2736		1045836
[14:05:51]		1048572		2736		1045836
[14:05:54]		1048572		2736		1045836
[14:05:57]		1048572		2736		1045836
[14:06:00]		1048572		2736		1045836
[14:06:03]		1048572		2736		1045836
[14:06:06]		1048572		2736		1045836
[14:06:09]		1048572		2736		1045836
[14:06:12]		1048572		2736		1045836
[14:06:15]		1048572		2736		1045836
[14:06:18]		1048572		2736		1045836
[14:06:21]		1048572		2736		1045836
[14:06:24]		1048572		2736		1045836
[14:06:27]		1048572		2736		1045836
[14:06:30]		1048572		2736		1045836
[14:06:33]		1048572		2736		1045836
[14:06:36]		1048572		2736		1045836
[14:06:39]		1048572		2736		1045836
[14:06:42]		1048572		2736		1045836
[14:06:45]		1048572		2736		1045836
[14:06:48]		1048572		2736		1045836
[14:06:51]		1048572		2736		1045836
[14:06:54]		1048572		2736		1045836
[14:06:57]		1048572		2736		1045836
[14:07:00]		1048572		2736		1045836
[14:07:03]		1048572		2736		1045836
[14:07:06]		1048572		2736		1045836
[14:07:09]		1048572		2736		1045836
[14:07:12]		1048572		2736		1045836
[14:07:15]		1048572		2736		1045836
[14:07:18]		1048572		2736		1045836
[14:07:21]		1048572		2736		1045836
[14:07:24]		1048572		2736		1045836
[14:07:27]		1048572		2736		1045836
[14:07:30]		1048572		2736		1045836
[14:07:33]		1048572		2736		1045836
[14:07:36]		1048572		2736		1045836
[14:07:39]		1048572		2736		1045836
[14:07:42]		1048572		2736		1045836
[14:07:45]		1048572		2736		1045836
[14:07:48]		1048572		2736		1045836
[14:07:51]		1048572		2736		1045836
[14:07:54]		1048572		2736		1045836
[14:07:57]		1048572		2736		1045836
[14:08:00]		1048572		2736		1045836
[14:08:03]		1048572		2736		1045836
[14:08:06]		1048572		2736		1045836
[14:08:09]		1048572		2736		1045836
[14:08:12]		1048572		2736		1045836
[14:08:15]		1048572		2736		1045836
[14:08:18]		1048572		2736		1045836
[14:08:21]		1048572		2736		1045836
[14:08:24]		1048572		2736		1045836
[14:08:27]		1048572		2736		1045836
[14:08:30]		1048572		2736		1045836
[14:08:33]		1048572		2736		1045836
[14:08:36]		1048572		2736		1045836
[14:08:39]		1048572		2736		1045836
[14:08:42]		1048572		2736		1045836
[14:08:45]		1048572		2736		1045836
[14:08:48]		1048572		2736		1045836
[14:08:51]		1048572		2736		1045836
[14:08:54]		1048572		2736		1045836
[14:08:57]		1048572		2736		1045836
[14:09:00]		1048572		2736		1045836
[14:09:03]		1048572		2736		1045836
[14:09:06]		1048572		2736		1045836
[14:09:09]		1048572		2736		1045836
[14:09:12]		1048572		2736		1045836
[14:09:15]		1048572		2736		1045836
[14:09:18]		1048572		2736		1045836
[14:09:21]		1048572		2736		1045836
[14:09:24]		1048572		2736		1045836
[14:09:27]		1048572		2736		1045836
[14:09:30]		1048572		2736		1045836
[14:09:33]		1048572		2736		1045836
[14:09:36]		1048572		2736		1045836
[14:09:39]		1048572		2736		1045836
[14:09:42]		1048572		2736		1045836
[14:09:45]		1048572		2736		1045836
[14:09:48]		1048572		2736		1045836
[14:09:51]		1048572		2736		1045836
[14:09:54]		1048572		2736		1045836
[14:09:57]		1048572		2736		1045836
[14:10:00]		1048572		2736		1045836
[14:10:03]		1048572		2736		1045836
[14:10:06]		1048572		2736		1045836
[14:10:09]		1048572		2736		1045836
[14:10:12]		1048572		2736		1045836
[14:10:15]		1048572		2736		1045836
[14:10:18]		1048572		2736		1045836
[14:10:21]		1048572		2736		1045836
[14:10:24]		1048572		2736		1045836
[14:10:27]		1048572		2736		1045836
[14:10:30]		1048572		2736		1045836
[14:10:33]		1048572		2736		1045836
[14:10:36]		1048572		2736		1045836
[14:10:39]		1048572		2736		1045836
[14:10:42]		1048572		2736		1045836
[14:10:45]		1048572		2736		1045836
[14:10:48]		1048572		2736		1045836
[14:10:51]		1048572		2736		1045836
[14:10:54]		1048572		2736		1045836
[14:10:57]		1048572		2736		1045836
[14:11:00]		1048572		2736		1045836
[14:11:03]		1048572		2736		1045836
[14:11:06]		1048572		2736		1045836
[14:11:09]		1048572		2736		1045836
[14:11:12]		1048572		2736		1045836
[14:11:15]		1048572		2736		1045836
[14:11:18]		1048572		2736		1045836
[14:11:21]		1048572		2736		1045836
[14:11:24]		1048572		2736		1045836
[14:11:27]		1048572		2736		1045836
[14:11:30]		1048572		2736		1045836
[14:11:33]		1048572		2736		1045836
[14:11:36]		1048572		2736		1045836
[14:11:39]		1048572		2736		1045836
[14:11:42]		1048572		2736		1045836
[14:11:45]		1048572		2736		1045836
[14:11:48]		1048572		2736		1045836
[14:11:51]		1048572		2736		1045836
[14:11:54]		1048572		2736		1045836
[14:11:57]		1048572		2736		1045836
[14:12:00]		1048572		2736		1045836
[14:12:03]		1048572		2736		1045836
[14:12:06]		1048572		2736		1045836
[14:12:10]		1048572		2736		1045836
[14:12:13]		1048572		2736		1045836
[14:12:16]		1048572		2736		1045836
[14:12:19]		1048572		2736		1045836
[14:12:22]		1048572		2736		1045836
[14:12:25]		1048572		2736		1045836
[14:12:28]		1048572		2736		1045836
[14:12:31]		1048572		2736		1045836
[14:12:34]		1048572		2736		1045836
[14:12:37]		1048572		2736		1045836
[14:12:40]		1048572		2736		1045836
[14:12:43]		1048572		2736		1045836
[14:12:46]		1048572		2736		1045836
[14:12:49]		1048572		2736		1045836
[14:12:52]		1048572		2736		1045836
[14:12:55]		1048572		2736		1045836
[14:12:58]		1048572		2736		1045836
[14:13:01]		1048572		2736		1045836
[14:13:04]		1048572		2736		1045836
[14:13:07]		1048572		2736		1045836
[14:13:10]		1048572		2736		1045836
[14:13:13]		1048572		2736		1045836
[14:13:16]		1048572		2736		1045836
[14:13:19]		1048572		2736		1045836
[14:13:22]		1048572		2736		1045836
[14:13:25]		1048572		2736		1045836
[14:13:28]		1048572		2736		1045836
[14:13:31]		1048572		2736		1045836
[14:13:34]		1048572		2736		1045836
[14:13:37]		1048572		2736		1045836
[14:13:40]		1048572		2736		1045836
[14:13:43]		1048572		2736		1045836
[14:13:46]		1048572		2736		1045836
[14:13:49]		1048572		2736		1045836
[14:13:52]		1048572		2736		1045836
[14:13:55]		1048572		2736		1045836
[14:13:58]		1048572		2736		1045836
[14:14:01]		1048572		2736		1045836
[14:14:04]		1048572		2736		1045836
[14:14:07]		1048572		2736		1045836
[14:14:10]		1048572		2736		1045836
[14:14:13]		1048572		2736		1045836
[14:14:16]		1048572		2736		1045836
[14:14:19]		1048572		2736		1045836
[14:14:22]		1048572		2736		1045836
[14:14:25]		1048572		2736		1045836
[14:14:28]		1048572		2736		1045836
[14:14:31]		1048572		2736		1045836
[14:14:34]		1048572		2736		1045836
[14:14:37]		1048572		2736		1045836
[14:14:40]		1048572		2736		1045836
[14:14:43]		1048572		2736		1045836
[14:14:46]		1048572		2736		1045836
[14:14:49]		1048572		2736		1045836
[14:14:52]		1048572		2736		1045836
[14:14:55]		1048572		2736		1045836
[14:14:58]		1048572		2736		1045836
[14:15:01]		1048572		2736		1045836
[14:15:04]		1048572		2736		1045836
[14:15:07]		1048572		2736		1045836
[14:15:10]		1048572		2736		1045836
[14:15:13]		1048572		2736		1045836
[14:15:16]		1048572		2736		1045836
[14:15:19]		1048572		2736		1045836
[14:15:22]		1048572		2736		1045836
[14:15:25]		1048572		2736		1045836
[14:15:28]		1048572		2736		1045836
[14:15:31]		1048572		2736		1045836
[14:15:34]		1048572		2736		1045836
[14:15:37]		1048572		2736		1045836
[14:15:40]		1048572		2736		1045836
[14:15:43]		1048572		2736		1045836
[14:15:46]		1048572		2736		1045836
[14:15:49]		1048572		2736		1045836
[14:15:52]		1048572		2736		1045836
[14:15:55]		1048572		2736		1045836
[14:15:58]		1048572		2736		1045836
[14:16:01]		1048572		2736		1045836
[14:16:04]		1048572		2736		1045836
[14:16:07]		1048572		2736		1045836
[14:16:10]		1048572		2736		1045836
[14:16:13]		1048572		2736		1045836
[14:16:16]		1048572		2736		1045836
[14:16:19]		1048572		2736		1045836
[14:16:22]		1048572		2736		1045836
[14:16:25]		1048572		2736		1045836
[14:16:28]		1048572		2736		1045836
[14:16:31]		1048572		2736		1045836
[14:16:34]		1048572		2736		1045836
[14:16:37]		1048572		2736		1045836
[14:16:40]		1048572		2736		1045836
[14:16:43]		1048572		2736		1045836
[14:16:46]		1048572		2736		1045836
[14:16:49]		1048572		2736		1045836
[14:16:52]		1048572		2736		1045836
[14:16:55]		1048572		2736		1045836
[14:16:58]		1048572		2736		1045836
[14:17:01]		1048572		2736		1045836
[14:17:04]		1048572		2736		1045836
[14:17:07]		1048572		2736		1045836
[14:17:10]		1048572		2736		1045836
[14:17:13]		1048572		2736		1045836
[14:17:16]		1048572		2736		1045836
[14:17:19]		1048572		2736		1045836
[14:17:22]		1048572		2736		1045836
[14:17:25]		1048572		2736		1045836
[14:17:28]		1048572		2736		1045836
[14:17:31]		1048572		2736		1045836
[14:17:34]		1048572		2736		1045836
[14:17:37]		1048572		2736		1045836
[14:17:40]		1048572		2736		1045836
[14:17:43]		1048572		2736		1045836
[14:17:46]		1048572		2736		1045836
[14:17:49]		1048572		2736		1045836
[14:17:52]		1048572		2736		1045836
[14:17:55]		1048572		2736		1045836
[14:17:58]		1048572		2736		1045836
[14:18:01]		1048572		2736		1045836
[14:18:04]		1048572		2736		1045836
[14:18:07]		1048572		2736		1045836
[14:18:10]		1048572		2736		1045836
[14:18:13]		1048572		2736		1045836
[14:18:16]		1048572		2736		1045836
[14:18:19]		1048572		2736		1045836
[14:18:22]		1048572		2736		1045836
[14:18:25]		1048572		2736		1045836
[14:18:28]		1048572		2736		1045836
[14:18:31]		1048572		2736		1045836
[14:18:34]		1048572		2736		1045836
[14:18:37]		1048572		2736		1045836
[14:18:40]		1048572		2736		1045836
[14:18:43]		1048572		2736		1045836
[14:18:46]		1048572		2736		1045836
[14:18:49]		1048572		2736		1045836
[14:18:52]		1048572		2736		1045836
[14:18:55]		1048572		2736		1045836
[14:18:58]		1048572		2736		1045836
[14:19:01]		1048572		2736		1045836
[14:19:04]		1048572		2736		1045836
[14:19:07]		1048572		2736		1045836
[14:19:10]		1048572		2736		1045836
[14:19:13]		1048572		2736		1045836
[14:19:16]		1048572		2736		1045836
[14:19:19]		1048572		2736		1045836
[14:19:22]		1048572		2736		1045836
[14:19:25]		1048572		2736		1045836
[14:19:28]		1048572		2736		1045836
[14:19:31]		1048572		2736		1045836
[14:19:34]		1048572		2736		1045836
[14:19:37]		1048572		2736		1045836
[14:19:40]		1048572		2736		1045836
[14:19:43]		1048572		2736		1045836
[14:19:46]		1048572		2736		1045836
[14:19:49]		1048572		2736		1045836
[14:19:52]		1048572		2736		1045836
[14:19:55]		1048572		2736		1045836
[14:19:58]		1048572		2736		1045836
[14:20:01]		1048572		2736		1045836
[14:20:04]		1048572		2736		1045836
[14:20:07]		1048572		2736		1045836
[14:20:10]		1048572		2736		1045836
[14:20:13]		1048572		2736		1045836
[14:20:16]		1048572		2736		1045836
[14:20:19]		1048572		2736		1045836
[14:20:22]		1048572		2736		1045836
[14:20:25]		1048572		2736		1045836
[14:20:28]		1048572		2736		1045836
[14:20:31]		1048572		2736		1045836
[14:20:34]		1048572		2736		1045836
[14:20:37]		1048572		2736		1045836
[14:20:40]		1048572		2736		1045836
[14:20:43]		1048572		2736		1045836
[14:20:46]		1048572		2736		1045836
[14:20:49]		1048572		2736		1045836
[14:20:52]		1048572		2736		1045836
[14:20:55]		1048572		2736		1045836
[14:20:58]		1048572		2736		1045836
[14:21:01]		1048572		2736		1045836
[14:21:04]		1048572		2736		1045836
[14:21:07]		1048572		2736		1045836
[14:21:10]		1048572		2736		1045836
[14:21:13]		1048572		2736		1045836
[14:21:16]		1048572		2736		1045836
[14:21:19]		1048572		2736		1045836
[14:21:22]		1048572		2736		1045836
[14:21:25]		1048572		2736		1045836
[14:21:28]		1048572		2736		1045836
[14:21:31]		1048572		2736		1045836
[14:21:34]		1048572		2736		1045836
[14:21:37]		1048572		2736		1045836
[14:21:40]		1048572		2736		1045836
[14:21:43]		1048572		2736		1045836
[14:21:46]		1048572		2736		1045836
[14:21:49]		1048572		2736		1045836
[14:21:52]		1048572		2736		1045836
[14:21:55]		1048572		2736		1045836
[14:21:58]		1048572		2736		1045836
[14:22:01]		1048572		2736		1045836
[14:22:04]		1048572		2736		1045836
[14:22:07]		1048572		2736		1045836
[14:22:10]		1048572		2736		1045836
[14:22:13]		1048572		2736		1045836
[14:22:16]		1048572		2736		1045836
[14:22:19]		1048572		2736		1045836
[14:22:22]		1048572		2736		1045836
[14:22:25]		1048572		2736		1045836
[14:22:28]		1048572		2736		1045836
[14:22:31]		1048572		2736		1045836
[14:22:34]		1048572		2736		1045836
[14:22:37]		1048572		2736		1045836
[14:22:40]		1048572		2736		1045836
[14:22:43]		1048572		2736		1045836
[14:22:46]		1048572		2736		1045836
[14:22:49]		1048572		2736		1045836
[14:22:52]		1048572		2736		1045836
[14:22:55]		1048572		2736		1045836
[14:22:58]		1048572		2736		1045836
[14:23:01]		1048572		2736		1045836
[14:23:04]		1048572		2736		1045836
