recorded by mmserver domain:[id:13 time:Mon Apr  1 19:52:03 2013
]
time		tg_mem		use_mem		free_mem		
19:52:05		524288		225380		298908		
19:52:07		524288		225380		298908		
19:52:09		524288		225380		298908		
19:52:11		524288		225380		298908		
19:52:13		524288		225380		298908		
19:52:15		524288		225380		298908		
19:52:17		524288		225380		298908		
19:52:19		524288		225380		298908		
19:52:21		524288		225380		298908		
19:52:23		524288		225388		298900		
19:52:25		524288		240532		283756		
19:52:27		524288		240532		283756		
19:52:29		524288		244920		279368		
19:52:31		524288		244920		279368		
19:52:34		524288		244920		279368		
19:52:36		524288		247248		277040		
19:52:38		524288		247248		277040		
19:52:40		524288		247248		277040		
19:52:42		524288		247248		277040		
19:52:44		524288		247248		277040		
19:52:46		516692		239652		277040		
19:52:48		508820		231780		277040		
19:52:50		497210		220170		277040		
19:52:52		489712		212672		277040		
19:52:54		482965		205925		277040		
19:52:56		449067		224719		224348		
19:52:58		453606		237442		216164		
19:53:00		435018		257418		177600		
19:53:02		459091		258303		200788		
19:53:04		442739		258071		184668		
19:53:06		430572		259176		171396		
19:53:08		416109		260337		155772		
19:53:10		406014		260562		145452		
19:53:12		400453		261077		139376		
19:53:14		394442		261762		132680		
19:53:16		384809		262361		122448		
19:53:18		383630		263042		120588		
19:53:20		380920		263680		117240		
19:53:22		380685		264313		116372		
19:53:24		377906		264882		113024		
19:53:26		373813		265997		107816		
19:53:28		370822		266230		104592		
19:53:30		366741		266861		99880		
19:53:32		369154		269398		99756		
19:53:34		368455		268451		100004		
19:53:36		366872		268756		98116		
19:53:38		364586		269790		94796		
19:53:40		365547		270379		95168		
19:53:42		366469		271053		95416		
19:53:44		364461		271709		92752		
19:53:47		367113		274113		93000		
19:53:49		365459		272707		92752		
19:53:51		369525		273705		95820		
19:53:53		364629		274017		90612		
19:53:55		365837		275937		89900		
19:53:57		366613		275937		90676		
19:53:59		398893		308341		90552		
19:54:01		398893		277249		121644		
19:54:03		393569		277349		116220		
19:54:05		394165		278597		115568		
19:54:07		397944		279152		118792		
19:54:09		393848		279768		114080		
19:54:11		389208		279716		109492		
19:54:13		391236		282336		108900		
19:54:15		389111		281447		107664		
19:54:17		388441		282017		106424		
19:54:19		385490		282662		102828		
19:54:21		381509		283269		98240		
19:54:23		378229		283833		94396		
19:54:25		380792		286676		94116		
19:54:27		380777		286661		94116		
19:54:29		382862		288746		94116		
19:54:31		382231		288115		94116		
19:54:33		383635		289519		94116		
19:54:35		381575		287459		94116		
19:54:37		380796		288200		92596		
19:54:39		378399		289307		89092		
19:54:41		379447		289983		89464		
19:54:43		378540		290192		88348		
19:54:45		384559		295715		88844		
19:54:47		385387		291891		93496		
19:54:49		386795		292527		94268		
19:54:51		387843		293203		94640		
19:54:53		386528		293376		93152		
19:54:55		387080		294420		92660		
19:54:57		387648		295112		92536		
19:55:00		388762		295918		92844		
19:55:02		393039		300071		92968		
19:55:04		392904		297208		95696		
19:55:06		390843		297379		93464		
19:55:08		395203		301987		93216		
19:55:10		398466		299546		98920		
19:55:12		429906		331482		98424		
19:55:14		441915		313359		128556		
19:55:16		476081		300933		175148		
19:55:18		467278		301058		166220		
19:55:20		457438		301758		155680		
19:55:22		466545		302805		163740		
19:55:24		457582		303266		154316		
19:55:26		465085		310645		154440		
19:55:28		468736		310824		157912		
19:55:30		469757		312493		157264		
19:55:32		464357		305605		158752		
19:55:34		454223		306135		148088		
19:55:36		453253		306281		146972		
19:55:38		449369		307481		141888		
19:55:40		443395		308235		135160		
19:55:42		440380		308692		131688		
19:55:44		436918		309322		127596		
19:55:46		431582		309938		121644		
19:55:48		432234		311334		120900		
19:55:50		434737		313309		121428		
19:55:52		436122		312710		123412		
19:55:54		431163		312835		118328		
19:55:56		429582		313486		116096		
19:55:58		429420		314816		114604		
19:56:00		431362		315266		116096		
19:56:02		426575		315315		111260		
19:56:04		426376		316544		109832		
19:56:06		427371		317167		110204		
19:56:08		427044		317460		109584		
19:56:10		460278		350974		109304		
19:56:13		454201		319229		134972		
19:56:15		459754		324842		134912		
19:56:17		456103		320323		135780		
19:56:19		453271		320963		132308		
19:56:21		441541		321541		120000		
19:56:23		439680		322160		117520		
19:56:25		434261		323253		111008		
19:56:27		430069		323525		106544		
19:56:29		430651		324603		106048		
19:56:31		428007		324683		103324		
19:56:33		427787		325207		102580		
19:56:35		431149		327333		103816		
19:56:37		428023		326439		101584		
19:56:39		427320		327100		100220		
19:56:41		461781		358581		103200		
19:56:43		460701		339425		121276		
19:56:45		469486		305158		164328		
19:56:47		443219		307195		136024		
19:56:49		435484		307396		128088		
19:56:51		437584		308656		128928		
19:56:53		436936		308504		128432		
19:56:55		437212		309524		127688		
19:56:57		436337		309981		126356		
19:56:59		431485		310337		121148		
19:57:01		435867		311339		124528		
19:57:03		430000		311612		118388		
19:57:05		431967		312711		119256		
19:57:07		434180		314800		119380		
19:57:09		431723		314143		117580		
19:57:11		428036		314424		113612		
19:57:13		429800		316684		113116		
19:57:15		425963		311855		114108		
19:57:17		428408		319012		109396		
19:57:19		426313		317165		109148		
19:57:21		426670		318142		108528		
19:57:24		426708		318924		107784		
19:57:26		428857		320329		108528		
19:57:28		427105		319693		107412		
19:57:30		436021		324889		111132		
19:57:32		476014		365562		110452		
19:57:34		458422		348590		109832		
19:57:36		441585		322577		119008		
19:57:38		467567		323295		144272		
19:57:40		466779		323343		143436		
19:57:42		465810		323986		141824		
19:57:44		467108		325904		141204		
19:57:46		461575		325331		136244		
19:57:48		463084		327212		135872		
19:57:50		457534		326498		131036		
19:57:52		458050		327634		130416		
19:57:54		459991		329823		130168		
19:57:56		493454		363534		129920		
19:57:58		484932		329468		155464		
19:58:00		482459		329599		152860		
19:58:02		485795		333431		152364		
19:58:04		485885		331413		154472		
19:58:06		512638		358042		154596		
19:58:08		495551		332647		162904		
19:58:10		508693		345913		162780		
19:58:12		504739		333959		170780		
19:58:14		496456		334512		161944		
19:58:16		491143		335215		155928		
19:58:18		478246		335398		142848		
19:58:20		466471		336023		130448		
19:58:22		461229		336733		124496		
19:58:24		460680		337300		123380		
19:58:26		454761		337953		116808		
19:58:28		452437		338481		113956		
19:58:30		449253		339141		110112		
19:58:33		451620		340360		111260		
19:58:35		453177		340677		112500		
19:58:37		449577		340797		108780		
19:58:39		456184		347776		108408		
19:58:41		462742		343050		119692		
19:58:43		457733		338849		118884		
19:58:45		451139		343539		107600		
19:58:47		457068		344788		112280		
19:58:49		456800		345420		111380		
19:58:51		457702		346010		111692		
19:58:53		459886		346830		113056		
19:58:55		456552		347092		109460		
19:58:57		457075		348327		108748		
19:58:59		464472		355724		108748		
19:59:01		463496		354748		108748		
19:59:03		472237		363489		108748		
19:59:05		478710		350710		128000		
19:59:07		465742		350886		114856		
19:59:09		466944		352088		114856		
19:59:11		491143		376615		114528		
19:59:13		503302		375134		128168		
19:59:15		513506		385958		127548		
19:59:17		448953		354109		94844		
19:59:19		481866		354906		126960		
19:59:21		493182		366222		126960		
19:59:23		497784		360780		137004		
19:59:25		498648		362388		136260		
19:59:27		497632		361372		136260		
19:59:29		495032		358772		136260		
19:59:31		484817		348557		136260		
19:59:33		478356		342096		136260		
19:59:35		472243		335983		136260		
19:59:37		471437		335177		136260		
19:59:39		471818		335558		136260		
19:59:42		468410		332150		136260		
19:59:44		462030		325770		136260		
19:59:46		452112		362368		89744		
19:59:48		486391		376651		109740		
19:59:50		503011		389179		113832		
19:59:52		447073		364397		82676		
19:59:54		485615		365243		120372		
19:59:56		487707		365971		121736		
19:59:58		485079		366195		118884		
20:00:00		487199		368503		118696		
20:00:02		481904		367424		114480		
20:00:04		485581		368497		117084		
20:00:06		485581		369117		116464		
20:00:08		586822		441958		144864		
20:00:10		516112		370256		145856		
20:00:12		540927		370923		170004		
20:00:14		533371		371055		162316		
20:00:16		527649		371657		155992		
20:00:18		522593		372245		150348		
20:00:20		514681		372905		141776		
20:00:22		514561		373465		141096		
20:00:24		516252		374536		141716		
20:00:26		515339		374739		140600		
20:00:28		517407		377055		140352		
20:00:30		508042		376370		131672		
20:00:32		514132		382212		131920		
20:00:34		508196		378076		130120		
20:00:36		512612		378740		133872		
20:00:38		535801		398457		137344		
20:00:40		565994		379918		186076		
20:00:42		533552		379932		153620		
20:00:44		526644		380588		146056		
20:00:46		526038		381690		144348		
20:00:48		525472		381992		143480		
20:00:50		524920		382696		142224		
20:00:52		523957		383281		140676		
20:00:54		526297		384753		141544		
20:00:57		525338		389246		136092		
20:00:59		526499		361119		165380		
20:01:01		501814		362938		138876		
20:01:03		501415		363159		138256		
20:01:05		498469		363809		134660		
20:01:07		498610		364910		133700		
20:01:09		495667		365531		130136		
20:01:11		488124		365800		122324		
20:01:13		483451		366243		117208		
20:01:15		481959		367107		114852		
20:01:17		480402		367626		112776		
20:01:19		479515		368351		111164		
20:01:21		478144		368964		109180		
20:01:23		481253		372509		108744		
20:01:25		476900		370264		106636		
20:01:27		480444		373172		107272		
20:01:29		482444		371948		110496		
20:01:31		484580		373588		110992		
20:01:33		483591		372691		110900		
20:01:35		482804		373268		109536		
20:01:37		481052		374308		106744		
20:01:39		483416		377012		106404		
20:01:41		481843		375439		106404		
20:01:43		480956		376132		104824		
20:01:45		481619		377167		104452		
20:01:47		479826		377794		102032		
20:01:49		481906		379254		102652		
20:01:51		546954		379046		167908		
20:01:53		589044		380032		209012		
20:01:55		548016		376016		172000		
20:01:57		545923		380555		165368		
20:01:59		533004		380920		152084		
20:02:01		530456		381720		148736		
20:02:03		522990		382222		140768		
20:02:05		522786		383010		139776		
20:02:08		513479		383623		129856		
20:02:10		523151		384927		138224		
20:02:12		516731		385079		131652		
20:02:14		515370		385702		129668		
20:02:16		514291		386855		127436		
20:02:18		517019		387507		129512		
20:02:20		511877		387697		124180		
20:02:22		511997		388437		123560		
20:02:24		510868		389044		121824		
20:02:26		508458		389610		118848		
20:02:28		506693		390201		116492		
20:02:30		510522		391302		119220		
20:02:32		546828		426756		120072		
20:02:34		550167		414471		135696		
20:02:36		561911		393231		168680		
20:02:38		539349		393173		146176		
20:02:40		536033		393825		142208		
20:02:42		534630		394778		139852		
20:02:44		538162		398186		139976		
20:02:46		529516		395616		133900		
20:02:48		518710		396154		122556		
20:02:50		510233		396729		113504		
20:02:52		508999		397323		111676		
20:02:54		507457		397889		109568		
20:02:56		505282		399182		106100		
20:02:58		505783		399939		105844		
20:03:00		506193		400597		105596		
20:03:02		538085		432629		105456		
20:03:04		532753		401877		130876		
20:03:06		542257		411693		130564		
20:03:08		528740		402732		126008		
20:03:10		532051		406167		125884		
20:03:12		524745		404069		120676		
20:03:15		524880		404824		120056		
20:03:17		520052		405328		114724		
20:03:19		519984		406004		113980		
20:03:21		520911		406991		113920		
20:03:23		518846		407158		111688		
20:03:25		517158		407702		109456		
20:03:27		514354		408898		105456		
20:03:29		513630		409166		104464		
20:03:31		510914		409798		101116		
20:03:33		512506		411142		101364		
20:03:35		568805		467113		101692		
20:03:37		564227		412067		152160		
20:03:39		574027		412691		161336		
20:03:41		560359		412787		147572		
20:03:43		560577		413781		146796		
20:03:45		551686		414562		137124		
20:03:47		546640		415564		131076		
20:03:49		545603		415767		129836		
20:03:51		537760		416416		121344		
20:03:53		541537		420317		121220		
20:03:55		535697		417669		118028		
20:03:57		534614		418322		116292		
20:03:59		533205		418773		114432		
20:04:01		529363		419923		109440		
20:04:03		526589		420061		106528		
20:04:05		528565		422425		106140		
20:04:07		525281		421373		103908		
20:04:09		524485		422065		102420		
20:04:11		520185		422789		97396		
20:04:13		557612		423512		134100		
20:04:15		580522		424102		156420		
20:04:17		551477		424289		127188		
20:04:19		543591		424835		118756		
20:04:21		541275		425867		115408		
20:04:23		542257		426445		115812		
20:04:25		537695		426595		111100		
20:04:28		547820		437340		110480		
20:04:30		546068		428400		117668		
20:04:32		546414		429146		117268		
20:04:34		542653		429353		113300		
20:04:36		543713		430413		113300		
20:04:38		541316		430512		110804		
20:04:40		586266		474842		111424		
20:04:42		577414		432262		145152		
20:04:44		576165		432377		143788		
20:04:46		571850		433022		138828		
20:04:48		571850		433858		137992		
20:04:50		567766		434486		133280		
20:04:52		561142		435178		125964		
20:04:54		564822		438982		125840		
20:04:56		554816		436292		118524		
20:04:58		555641		437365		118276		
20:05:00		551017		437577		113440		
20:05:02		587582		471974		115608		
20:05:04		574303		439167		135136		
20:05:06		574894		416006		158888		
20:05:08		556176		174692		381484		
20:05:10		341761		179185		162576		
20:05:12		346376		179708		166668		
20:05:14		344579		179275		165304		
20:05:16		347388		183656		163732		
20:05:18		343968		183956		160012		
20:05:20		349904		190140		159764		
20:05:22		348423		185559		162864		
20:05:24		350808		187836		162972		
20:05:26		382419		213619		168800		
20:05:28		367411		187575		179836		
20:05:30		390763		188111		202652		
20:05:32		379671		188303		191368		
20:05:34		378280		193680		184600		
20:05:36		377987		194003		183984		
20:05:39		373898		194494		179404		
20:05:41		369975		196539		173436		
20:05:43		368825		196753		172072		
20:05:45		367944		197360		170584		
20:05:47		400705		229005		171700		
20:05:49		389107		199459		189648		
20:05:51		406734		215658		191076		
20:05:53		415002		206070		208932		
20:05:55		410263		205215		205048		
20:05:57		402245		197753		204492		
20:05:59		389602		205198		184404		
20:06:01		384144		205940		178204		
20:06:03		385020		206940		178080		
20:06:05		382668		207192		175476		
20:06:07		370174		207594		162580		
20:06:09		370174		208214		161960		
20:06:11		363402		208882		154520		
20:06:13		361351		209435		151916		
20:06:15		357291		210739		146552		
20:06:17		352869		210997		141872		
20:06:19		349632		211480		138152		
20:06:21		347448		212024		135424		
20:06:23		345688		212744		132944		
20:06:25		346433		213737		132696		
20:06:27		344281		213941		130340		
20:06:29		345643		215147		130496		
20:06:31		347455		215751		131704		
20:06:33		347198		216114		131084		
20:06:35		348470		216798		131672		
20:06:37		333161		216925		116236		
20:06:39		330538		217402		113136		
20:06:41		328005		218125		109880		
20:06:43		324649		218613		106036		
20:06:45		326377		220621		105756		
20:06:47		327581		220181		107400		
20:06:49		354239		244483		109756		
20:06:52		402692		221636		181056		
20:06:54		342996		221584		121412		
20:06:56		349101		222605		126496		
20:06:58		346717		222825		123892		
20:07:00		348163		226307		121856		
20:07:02		347657		226421		121236		
20:07:04		348644		227532		121112		
20:07:06		345825		227689		118136		
20:07:08		347131		228623		118508		
20:07:10		343741		229045		114696		
20:07:12		343500		229516		113984		
20:07:14		343876		230512		113364		
20:07:16		344232		231488		112744		
20:07:18		344255		232007		112248		
20:07:20		340931		232187		108744		
20:07:22		341188		233064		108124		
20:07:24		336950		233290		103660		
20:07:26		427688		322820		104868		
20:07:28		416213		260629		155584		
20:07:30		382733		235301		147432		
20:07:32		413878		236314		177564		
20:07:34		420808		237108		183700		
20:07:36		421578		237650		183928		
20:07:38		419539		237843		181696		
20:07:40		410464		238504		171960		
20:07:42		404950		239066		165884		
20:07:44		406405		240397		166008		
20:07:46		396177		240213		155964		
20:07:48		397755		241295		156460		
20:07:50		388491		241331		147160		
20:07:52		391886		245346		146540		
20:07:54		395054		247150		147904		
20:07:56		389200		241916		147284		
20:07:58		383408		243688		139720		
20:08:00		408285		269373		138912		
20:08:02		429773		245477		184296		
20:08:05		393436		245472		147964		
20:08:07		398114		248414		149700		
20:08:09		392235		246875		145360		
20:08:11		377485		247501		129984		
20:08:13		372241		247961		124280		
20:08:15		372602		248942		123660		
20:08:17		369923		249515		120408		
20:08:19		372803		250659		122144		
20:08:21		370989		251265		119724		
20:08:23		428111		309007		119104		
20:08:25		428111		273419		154692		
20:08:27		444659		253387		191272		
20:08:29		428291		253635		174656		
20:08:31		424654		254182		170472		
20:08:33		425144		255136		170008		
20:08:35		418279		255339		162940		
20:08:37		412236		255868		156368		
20:08:39		409917		256525		153392		
20:08:41		407203		257159		150044		
20:08:43		394486		257710		136776		
20:08:45		391051		258523		132528		
20:08:47		384824		258984		125840		
20:08:49		382544		259780		122764		
20:08:51		377141		260205		116936		
20:08:53		375380		260800		114580		
20:08:55		376454		261750		114704		
20:08:57		368574		261930		106644		
20:08:59		364660		262852		101808		
20:09:01		362912		263956		98956		
20:09:03		363424		264468		98956		
20:09:05		361726		264630		97096		
20:09:07		358017		265261		92756		
20:09:09		357351		266019		91332		
20:09:11		357389		266677		90712		
20:09:13		354716		267104		87612		
20:09:16		353398		268290		85108		
20:09:18		357158		272294		84864		
20:09:20		366953		269813		97140		
20:09:22		365026		268382		96644		
20:09:24		399763		303739		96024		
20:09:26		394099		298787		95312		
20:09:28		349911		254971		94940		
20:09:30		378104		284284		93820		
20:09:32		468406		373190		95216		
20:09:34		458419		274047		184372		
20:09:36		461847		286491		175356		
20:09:38		474062		251066		222996		
20:09:40		440212		252988		187224		
20:09:42		442088		253748		188340		
20:09:44		431938		253766		178172		
20:09:46		425551		254447		171104		
20:09:48		417504		255204		162300		
20:09:50		408920		255672		153248		
20:09:52		409098		256470		152628		
20:09:54		405129		257677		147452		
20:09:56		396968		257916		139052		
20:09:58		393897		258565		135332		
20:10:00		390129		259293		130836		
20:10:02		422927		292183		130744		
20:10:04		414059		260747		153312		
20:10:06		414087		261395		152692		
20:10:08		401457		261413		140044		
20:10:10		401467		262667		138800		
20:10:12		401915		263363		138552		
20:10:14		401947		264015		137932		
20:10:16		400459		264015		136444		
20:10:18		395289		264549		130740		
20:10:20		397285		266885		130400		
20:10:22		445015		311515		133500		
20:10:24		442916		266556		176360		
20:10:27		446460		267124		179336		
20:10:29		444631		267155		177476		
20:10:31		443487		267779		175708		
20:10:33		438169		268165		170004		
20:10:35		433851		268775		165076		
20:10:37		434275		269695		164580		
20:10:39		458369		293789		164580		
20:10:41		456737		270737		186000		
20:10:43		435892		270848		165044		
20:10:45		434544		271360		163184		
20:10:47		433828		271760		162068		
20:10:49		431941		272601		159340		
20:10:51		432959		273371		159588		
20:10:53		431577		273477		158100		
20:10:55		429380		274600		154780		
20:10:57		421273		275049		146224		
20:10:59		425408		279492		145916		
20:11:01		408361		276149		132212		
20:11:03		404229		276729		127500		
20:11:05		405861		277677		128184		
20:11:07		402663		277763		124900		
20:11:09		400013		278337		121676		
20:11:11		448104		279432		168672		
20:11:13		481816		279912		201904		
20:11:15		443998		280070		163928		
20:11:17		434986		280606		154380		
20:11:19		439861		281637		158224		
20:11:21		435782		281774		154008		
20:11:23		432849		282685		150164		
20:11:25		419485		283853		135632		
20:11:27		421677		285425		136252		
20:11:29		411781		284985		126796		
20:11:31		411482		285182		126300		
20:11:33		406577		286105		120472		
20:11:35		405561		286329		119232		
20:11:37		405096		286980		118116		
20:11:40		408001		288025		119976		
20:11:42		407875		288519		119356		
20:11:44		407385		288649		118736		
20:11:46		410194		291706		118488		
20:11:48		441116		290388		150728		
20:11:50		468469		290957		177512		
20:11:52		437736		291100		146636		
20:11:54		438257		292117		146140		
20:11:56		429793		292861		136932		
20:11:58		422901		293037		129864		
20:12:00		420408		293644		126764		
20:12:02		417075		294279		122796		
20:12:04		418580		296404		122176		
20:12:06		426658		295802		130856		
20:12:08		417705		296025		121680		
20:12:10		419523		297067		122456		
20:12:12		414454		297206		117248		
20:12:14		414575		297947		116628		
20:12:16		455073		333329		121744		
20:12:18		495079		299431		195648		
20:12:20		509215		300083		209132		
20:12:22		488476		300176		188300		
20:12:24		492033		301129		190904		
20:12:26		484411		301319		183092		
20:12:28		485430		302274		183156		
20:12:30		478668		302424		176244		
20:12:32		472200		302992		169208		
20:12:34		466572		303564		163008		
20:12:36		458052		304284		153768		
20:12:38		456501		304965		151536		
20:12:40		462057		305933		156124		
20:12:42		459527		306007		153520		
20:12:44		456038		307078		148960		
20:12:47		456038		308070		147968		
20:12:49		449039		308387		140652		
20:12:51		448512		309068		139444		
20:12:53		444633		309281		135352		
20:12:55		445433		310237		135196		
20:12:57		476616		341668		134948		
20:12:59		470441		311313		159128		
20:13:01		460288		311328		148960		
20:13:03		462721		312273		150448		
20:13:05		457693		312329		145364		
20:13:07		458440		313324		145116		
20:13:09		456862		313262		143600		
20:13:11		456987		314347		142640		
20:13:13		451613		314429		137184		
20:13:15		445036		315292		129744		
20:13:17		435865		315421		120444		
20:13:19		434291		315955		118336		
20:13:21		432183		316451		115732		
20:13:23		429225		316965		112260		
20:13:25		478044		366404		111640		
20:13:27		464700		318340		146360		
20:13:29		470329		323909		146420		
20:13:31		466749		319337		147412		
20:13:33		464449		319393		145056		
20:13:35		467696		323316		144380		
20:13:37		480667		327855		152812		
20:13:39		488312		336120		152192		
20:13:41		488856		322032		166824		
20:13:43		475591		322159		153432		
20:13:45		472726		322858		149868		
20:13:47		464472		322972		141500		
20:13:49		463524		324072		139452		
20:13:51		457015		324135		132880		
20:13:53		460649		328265		132384		
20:13:55		457681		325545		132136		
20:13:57		455021		325517		129504		
20:14:00		450605		326061		124544		
20:14:02		448010		326566		121444		
20:14:04		447219		327139		120080		
20:14:06		444840		327736		117104		
20:14:08		478126		359906		118220		
20:14:10		471124		328972		142152		
20:14:12		476892		334864		142028		
20:14:14		472676		330028		142648		
20:14:16		476606		333710		142896		
20:14:18		468734		330550		138184		
20:14:20		471774		309662		162112		
20:14:22		453758		309378		144380		
20:14:24		446378		309530		136848		
20:14:26		444687		309883		134804		
20:14:28		448533		314381		134152		
20:14:30		447355		311467		135888		
20:14:32		438755		311859		126896		
20:14:34		442733		314285		128448		
20:14:36		488007		359991		128016		
20:14:38		514051		318083		195968		
20:14:40		530453		313777		216676		
20:14:42		509021		314017		195004		
20:14:44		502685		314501		188184		
20:14:46		510502		315342		195160		
20:14:48		504646		315374		189272		
20:14:50		494318		315834		178484		
20:14:52		500659		322671		177988		
20:14:54		498142		317366		180776		
20:14:56		497134		317442		179692		
20:14:58		493773		317925		175848		
20:15:00		498515		322419		176096		
20:15:02		499904		319468		180436		
20:15:04		498583		319791		178792		
20:15:06		496002		320434		175568		
20:15:08		497808		321000		176808		
20:15:10		496533		320965		175568		
20:15:12		482577		321517		161060		
20:15:15		483614		322554		161060		
20:15:17		483471		322751		160720		
20:15:19		504454		341130		163324		
20:15:21		515959		323867		192092		
20:15:23		507694		323878		183816		
20:15:25		496582		324762		171820		
20:15:27		500371		329235		171136		
20:15:29		497086		326198		170888		
20:15:31		492999		326203		166796		
20:15:33		495017		328313		166704		
20:15:35		494773		327945		166828		
20:15:37		486866		328566		158300		
20:15:39		491264		330980		160284		
20:15:41		479248		329504		149744		
20:15:43		480019		330491		149528		
20:15:45		477527		330603		146924		
20:15:47		475058		331606		143452		
20:15:49		475574		332370		143204		
20:15:51		474968		332508		142460		
20:15:53		466125		333089		133036		
20:15:55		458109		333909		124200		
20:15:57		458109		334497		123612		
20:15:59		452674		334518		118156		
20:16:01		447227		335147		112080		
20:16:03		451491		340219		111272		
20:16:05		453306		336702		116604		
20:16:07		446951		337011		109940		
20:16:09		446583		337139		109444		
20:16:11		445631		337675		107956		
20:16:13		443672		338412		105260		
20:16:15		446486		341846		104640		
20:16:17		446734		339954		106780		
20:16:19		445214		340046		105168		
20:16:21		449085		342801		106284		
20:16:23		445063		341011		104052		
20:16:26		442273		341569		100704		
20:16:28		474429		373973		100456		
20:16:30		472031		342839		129192		
20:16:32		467163		343023		124140		
20:16:34		465191		343375		121816		
20:16:36		467117		344401		122716		
20:16:38		528651		404107		124544		
20:16:40		514469		345133		169336		
20:16:42		522959		345439		177520		
20:16:44		521710		345554		176156		
20:16:46		515734		346026		169708		
20:16:48		511712		346468		165244		
20:16:50		508643		346995		161648		
20:16:52		499861		347729		152132		
20:16:54		498103		347831		150272		
20:16:56		497009		348349		148660		
20:16:58		488201		349057		139144		
20:17:00		487212		350148		137064		
20:17:02		487226		350294		136932		
20:17:04		480848		350612		130236		
20:17:06		479241		351113		128128		
20:17:08		481290		353534		127756		
20:17:10		514440		385568		128872		
20:17:12		507843		379371		128472		
20:17:14		456728		353056		103672		
20:17:16		498739		353963		144776		
20:17:18		495330		354150		141180		
20:17:20		497438		356754		140684		
20:17:22		492741		355841		136900		
20:17:24		491284		355996		135288		
20:17:26		492004		357048		134956		
20:17:28		490365		357145		133220		
20:17:30		539229		358145		181084		
20:17:32		572334		363070		209264		
20:17:35		542839		358955		183884		
20:17:37		553537		368321		185216		
20:17:39		571613		360481		211132		
20:17:41		546159		360571		185588		
20:17:43		534882		361198		173684		
20:17:45		528791		361803		166988		
20:17:47		531009		364269		166740		
20:17:49		525272		362872		162400		
20:17:51		520179		363483		156696		
20:17:53		515317		364265		151052		
20:17:55		515112		364928		150184		
20:17:57		508565		366037		142528		
20:17:59		508183		366243		141940		
20:18:01		505359		366891		138468		
20:18:03		503650		367634		136016		
20:18:05		501030		368238		132792		
20:18:07		496981		368777		128204		
20:18:09		494676		369448		125228		
20:18:11		489740		370084		119656		
20:18:13		485002		370646		114356		
20:18:15		480023		371247		108776		
20:18:17		487507		379039		108468		
20:18:19		491981		372849		119132		
20:18:21		492742		373486		119256		
20:18:23		544642		423898		120744		
20:18:25		541253		395585		145668		
20:18:27		562837		375505		187332		
20:18:29		539152		375504		163648		
20:18:31		534825		376137		158688		
20:18:33		528069		376821		151248		
20:18:35		526538		377522		149016		
20:18:37		521691		377975		143716		
20:18:39		520945		378593		142352		
20:18:41		516271		379375		136896		
20:18:43		513708		380160		133548		
20:18:46		515818		380938		134880		
20:18:48		544003		408875		135128		
20:18:50		539885		382189		157696		
20:18:52		536476		382252		154224		
20:18:54		527138		382834		144304		
20:18:56		527447		383763		143684		
20:18:58		519118		384050		135068		
20:19:00		512988		384492		128496		
20:19:02		507200		385216		121984		
20:19:04		499869		385657		114212		
20:19:06		493697		396501		97196		
20:19:08		502300		364408		137892		
20:19:10		470115		364763		105352		
20:19:12		464759		365423		99336		
20:19:14		466984		368268		98716		
20:19:16		468453		366761		101692		
20:19:18		467415		367055		100360		
20:19:20		474137		372941		101196		
20:19:22		475162		368630		106532		
20:19:24		473062		368762		104300		
20:19:26		471908		369468		102440		
20:19:28		468674		370234		98440		
20:19:30		537600		439656		97944		
20:19:32		531042		371686		159356		
20:19:34		529571		371703		157868		
20:19:36		528666		372402		156264		
20:19:38		559865		402485		157380		
20:19:40		548279		374035		174244		
20:19:42		545846		374082		171764		
20:19:44		529804		374532		155272		
20:19:46		533175		378151		155024		
20:19:48		532345		376081		156264		
20:19:50		526416		376160		150256		
20:19:53		526416		376904		149512		
20:19:55		521913		377485		144428		
20:19:57		516389		378409		137980		
20:19:59		515106		378614		136492		
20:20:01		513636		379128		134508		
20:20:03		513871		380171		133700		
20:20:05		510548		380320		130228		
20:20:07		503532		380960		122572		
20:20:09		538903		416331		122572		
20:20:11		525796		381864		143932		
20:20:13		523309		382073		141236		
20:20:15		528406		382674		145732		
20:20:17		520566		382926		137640		
20:20:19		519722		383602		136120		
20:20:21		518540		383784		134756		
20:20:23		515365		384453		130912		
20:20:25		565650		434986		130664		
20:20:27		559158		385806		173352		
20:20:29		562463		389235		173228		
20:20:31		553733		386333		167400		
20:20:33		549046		387166		161880		
20:20:35		546912		387388		159524		
20:20:37		540785		388141		152644		
20:20:39		532527		388687		143840		
20:20:41		528913		389165		139748		
20:20:43		525940		390008		135932		
20:20:45		525209		390269		134940		
20:20:47		518413		391221		127192		
20:20:49		521207		391847		129360		
20:20:51		517730		391966		125764		
20:20:53		514877		392461		122416		
20:20:55		515934		393642		122292		
20:20:57		512461		393917		118544		
20:20:59		512374		394386		117988		
20:21:01		511498		394874		116624		
20:21:03		518378		402438		115940		
20:21:06		518169		396641		121528		
20:21:08		510090		396746		113344		
20:21:10		507686		397318		110368		
20:21:12		510094		398362		111732		
20:21:14		509056		398564		110492		
20:21:16		506591		399075		107516		
20:21:18		544494		437474		107020		
20:21:20		541798		417202		124596		
20:21:22		546837		422861		123976		
20:21:24		553167		402191		150976		
20:21:26		581212		430544		150668		
20:21:28		574130		403250		170880		
20:21:30		573544		403408		170136		
20:21:32		569390		404090		165300		
20:21:34		569317		404605		164712		
20:21:36		557819		405259		152560		
20:21:38		555408		406320		149088		
20:21:40		547463		406559		140904		
20:21:42		548910		408006		140904		
20:21:44		544170		408102		136068		
20:21:46		545306		409114		136192		
20:21:48		544107		409279		134828		
20:21:50		542424		410204		132220		
20:21:52		542510		410910		131600		
20:21:54		542206		411226		130980		
20:21:56		541223		411731		129492		
20:21:58		539264		412252		127012		
20:22:00		539988		413348		126640		
20:22:02		536876		413584		123292		
20:22:04		534597		414157		120440		
20:22:06		532564		414728		117836		
20:22:08		531546		415446		116100		
20:22:10		533599		417499		116100		
20:22:12		568166		452498		115668		
20:22:14		562210		417650		144560		
20:22:16		564260		418336		145924		
20:22:19		555547		418459		137088		
20:22:21		551162		418970		132192		
20:22:23		549682		419910		129772		
20:22:25		547159		420115		127044		
20:22:27		549152		421116		128036		
20:22:29		545584		421236		124348		
20:22:31		547703		423571		124132		
20:22:33		543542		422946		120596		
20:22:35		536810		423158		113652		
20:22:37		533970		423666		110304		
20:22:39		533641		424329		109312		
20:22:41		530047		424951		105096		
20:22:43		566494		461894		104600		
20:22:45		550470		426526		123944		
20:22:47		556495		430567		125928		
20:22:49		557774		427754		130020		
20:22:51		548498		427902		120596		
20:22:53		546708		428620		118088		
20:22:55		546708		429244		117464		
20:22:57		542993		429373		113620		
20:22:59		542507		430003		112504		
20:23:01		542465		430581		111884		
20:23:03		541382		431262		110120		
20:23:05		600226		488866		111360		
20:23:07		594640		432656		161984		
20:23:09		596532		435044		161488		
20:23:11		590542		430170		160372		
20:23:13		586526		426402		160124		
20:23:15		579887		435015		144872		
20:23:17		575093		436145		138948		
20:23:19		580054		436642		143412		
20:23:21		572849		437141		135708		
20:23:23		572838		437626		135212		
20:23:25		571758		438034		133724		
20:23:28		572007		438903		133104		
20:23:30		567353		439549		127804		
20:23:32		564782		439954		124828		
20:23:34		561261		440401		120860		
20:23:36		560539		441043		119496		
20:23:38		557705		418061		139644		
20:23:40		535618		419658		115960		
20:23:42		533432		419796		113636		
20:23:44		532770		420434		112336		
20:23:46		530064		420828		109236		
20:23:48		528131		421499		106632		
20:23:50		528052		422040		106012		
20:23:52		529783		423151		106632		
20:23:54		528098		423326		104772		
20:23:56		557324		452800		104524		
20:23:58		541659		424999		116660		
20:24:00		553428		436636		116792		
20:24:02		561107		426211		134896		
20:24:04		553680		426660		127020		
20:24:06		554745		428313		126432		
20:24:08		556974		428374		128600		
20:24:10		599024		470980		128044		
20:24:12		591423		463999		127424		
20:24:14		584344		457540		126804		
20:24:16		568686		442502		126184		
20:24:18		597631		472067		125564		
20:24:20		546901		431381		115520		
20:24:22		575116		432316		142800		
20:24:24		573450		432386		141064		
20:24:26		572003		433047		138956		
20:24:28		565001		433857		131144		
20:24:30		564904		434256		130648		
20:24:32		562750		434938		127812		
20:24:34		559865		435837		124028		
20:24:37		559605		436229		123376		
20:24:39		557818		436674		121144		
20:24:41		554740		437316		117424		
20:24:43		561550		438298		123252		
20:24:45		591876		461212		130664		
20:24:47		643291		446659		196632		
20:24:49		587236		431640		155596		
20:24:51		581124		440168		140956		
20:24:53		576915		440547		136368		
20:24:55		572686		441402		131284		
20:24:57		573227		442439		130788		
20:24:59		578867		448327		130540		
20:25:01		584696		450188		134508		
20:25:03		582592		448704		133888		
20:25:05		604778		472118		132660		
20:25:07		570099		437963		132136		
20:25:09		588734		457066		131668		
20:25:11		596404		465356		131048		
20:25:13		600621		461325		139296		
20:25:15		594162		455486		138676		
20:25:17		588723		449055		139668		
20:25:19		583074		449638		133436		
20:25:21		578422		449698		128724		
20:25:23		579996		451024		128972		
20:25:25		578227		450991		127236		
20:25:27		577799		451679		126120		
20:25:29		577191		452435		124756		
20:25:31		573603		452939		120664		
20:25:33		579959		459543		120416		
20:25:35		575205		454601		120604		
20:25:37		575709		455245		120464		
20:25:39		619673		497473		122200		
20:25:41		601158		456390		144768		
20:25:43		608693		464329		144364		
20:25:45		608339		457651		150688		
20:25:47		604005		457781		146224		
20:25:50		600666		458410		142256		
20:25:52		599494		459098		140396		
20:25:54		589783		459679		130104		
20:25:56		585380		460328		125052		
20:25:58		583460		460764		122696		
20:26:00		579884		461216		118668		
20:26:02		582280		462124		120156		
20:26:04		577333		462137		115196		
20:26:06		578140		463040		115100		
20:26:08		577881		463245		114636		
20:26:10		577881		464145		113736		
20:26:12		578023		464783		113240		
20:26:14		577594		465146		112448		
20:26:16		576582		465498		111084		
20:26:18		577253		466445		110808		
20:26:20		572504		466656		105848		
20:26:22		575662		470062		105600		
20:26:24		575606		470006		105600		
20:26:26		609012		502452		106560		
20:26:28		596111		469587		126524		
20:26:30		596349		470073		126276		
20:26:32		596702		470674		126028		
20:26:34		599161		471273		127888		
20:26:36		599909		472085		127824		
20:26:38		596384		472280		124104		
20:26:40		589826		472914		116912		
20:26:42		584127		473663		110464		
20:26:44		577327		474611		102716		
20:26:46		570320		475168		95152		
20:26:48		568239		475987		92252		
20:26:50		591727		498855		92872		
20:26:52		616184		477432		138752		
20:26:54		596960		477428		119532		
20:26:56		594134		478074		116060		
20:26:58		592763		478747		114016		
20:27:00		592597		479077		113520		
20:27:03		589370		479570		109800		
20:27:05		585903		480135		105768		
20:27:07		587087		481195		105892		
20:27:09		584180		481512		102668		
20:27:11		585227		482251		102976		
20:27:13		584989		482509		102480		
20:27:15		586729		483161		103568		
20:27:17		584012		483172		100840		
20:27:19		585997		485281		100716		
20:27:21		583585		484357		99228		
20:27:23		584808		485348		99460		
20:27:25		618882		519266		99616		
20:27:27		630010		506338		123672		
20:27:29		637470		486766		150704		
20:27:31		614768		486632		128136		
20:27:33		617932		490168		127764		
20:27:35		645201		517561		127640		
20:27:37		617349		488717		128632		
20:27:39		661719		508039		153680		
20:27:41		687515		489631		197884		
20:27:43		651196		489520		161676		
20:27:45		637727		489999		147728		
20:27:47		639828		492720		147108		
20:27:49		631957		491173		140784		
20:27:51		624832		491612		133220		
20:27:53		622397		492153		130244		
20:27:55		620820		492684		128136		
20:27:57		623512		495252		128260		
20:27:59		621633		493745		127888		
20:28:01		619261		494225		125036		
20:28:03		617714		494926		122788		
20:28:05		614954		495390		119564		
20:28:07		616212		496400		119812		
20:28:09		610523		494679		115844		
20:28:12		617207		525075		92132		
20:28:14		631489		177981		453508		
20:28:16		327372		103816		223556		
20:28:18		291101		182865		108236		
20:28:20		341698		232098		109600		
20:28:22		292104		185992		106112		
20:28:24		344233		187861		156372		
20:28:26		343574		191110		152464		
20:28:28		340616		191252		149364		
20:28:30		332963		191783		141180		
20:28:32		330480		192492		137988		
20:28:34		326484		192960		133524		
20:28:36		325261		194437		130824		
20:28:38		327269		195109		132160		
20:28:40		331779		199775		132004		
20:28:42		331077		199569		131508		
20:28:44		372624		237520		135104		
20:28:46		358187		224043		134144		
20:28:48		319768		197528		122240		
20:28:50		367353		198893		168460		
20:28:52		361779		198899		162880		
20:28:54		362572		200252		162320		
20:28:56		362155		200267		161888		
20:28:58		361445		200673		160772		
20:29:00		362905		201761		161144		
20:29:02		405813		244545		161268		
20:29:04		403787		202963		200824		
20:29:06		404710		203638		201072		
20:29:08		407264		204208		203056		
20:29:10		401678		204326		197352		
20:29:12		396503		204947		191556		
20:29:14		388382		206130		182252		
20:29:16		377742		206182		171560		
20:29:18		377000		206680		170320		
20:29:20		374539		207443		167096		
20:29:22		368590		207910		160680		
20:29:24		363554		209202		154352		
20:29:27		365028		209712		155316		
20:29:29		363453		209873		153580		
20:29:31		360083		210843		149240		
20:29:33		370155		221163		148992		
20:29:35		374684		225692		148992		
20:29:37		380127		231135		148992		
20:29:39		384029		213461		170568		
20:29:41		384029		214081		169948		
20:29:43		368530		214206		154324		
20:29:45		406813		252357		154456		
20:29:47		396540		215796		180744		
20:29:49		390189		215893		174296		
20:29:51		376656		216976		159680		
20:29:53		406638		247330		159308		
20:29:55		386161		218457		167704		
20:29:57		389571		218855		170716		
20:29:59		397952		219548		178404		
20:30:01		384732		214388		170344		
20:30:03		379145		220333		158812		
20:30:05		384378		222466		161912		
20:30:07		375408		221432		153976		
20:30:09		372581		222077		150504		
20:30:11		359778		222854		136924		
20:30:13		357194		223430		133764		
20:30:15		353652		224168		129484		
20:30:17		353169		224521		128648		
20:30:19		355792		225656		130136		
20:30:21		420864		287348		133516		
20:30:23		422248		226608		195640		
20:30:25		431296		228344		202952		
20:30:27		419848		227496		192352		
20:30:29		424954		228510		196444		
20:30:31		422114		228490		193624		
20:30:33		419626		228978		190648		
20:30:35		411888		229796		182092		
20:30:38		407578		230414		177164		
20:30:40		405461		231461		174000		
20:30:42		405665		231757		173908		
20:30:44		387237		213329		173908		
20:30:46		374023		200115		173908		
20:30:48		353773		179865		173908		
20:30:50		334165		160257		173908		
20:30:52		323549		149641		173908		
20:30:54		302000		128092		173908		
20:30:56		283266		109358		173908		
20:30:58		317976		144068		173908		
20:31:00		277795		209079		68716		
20:31:02		330717		209917		120800		
20:31:04		323734		210002		113732		
20:31:06		325999		212763		113236		
20:31:08		320338		211318		109020		
20:31:10		322059		213411		108648		
20:31:12		325454		216154		109300		
20:31:14		359276		249852		109424		
20:31:16		352865		214085		138780		
20:31:18		370144		214624		155520		
20:31:20		347992		214668		133324		
20:31:22		408138		269234		138904		
20:31:24		412002		250870		161132		
20:31:26		381572		216652		164920		
20:31:28		412099		217015		195084		
20:31:30		415466		220878		194588		
20:31:32		404198		217638		186560		
20:31:34		398303		217819		180484		
20:31:36		391158		218642		172516		
20:31:38		387138		219210		167928		
20:31:40		387832		220152		167680		
20:31:42		385712		220140		165572		
20:31:44		376337		220809		155528		
20:31:46		378014		221710		156304		
20:31:48		370744		221632		149112		
20:31:50		371779		222575		149204		
20:31:53		366487		222615		143872		
20:31:55		368916		225632		143284		
20:31:57		355702		223562		132140		
20:31:59		344637		223997		120640		
20:32:01		343764		224488		119276		
20:32:03		334588		224984		109604		
20:32:05		336030		226274		109756		
20:32:07		374762		265066		109696		
20:32:09		371803		262603		109200		
20:32:11		320199		226995		93204		
20:32:13		370070		227886		142184		
20:32:15		359927		228035		131892		
20:32:17		354754		228410		126344		
20:32:19		356397		229309		127088		
20:32:21		361142		233806		127336		
20:32:23		425574		297742		127832		
20:32:25		420997		275157		145840		
20:32:27		402346		231270		171076		
20:32:29		421480		231772		189708		
20:32:31		420444		231852		188592		
20:32:33		417309		232437		184872		
20:32:35		409139		232979		176160		
20:32:37		437161		259885		177276		
20:32:39		424552		234472		190080		
20:32:41		430919		239631		191288		
20:32:43		427116		235580		191536		
20:32:45		418737		236253		182484		
20:32:47		413431		236651		176780		
20:32:49		408416		236968		171448		
20:32:51		408664		237836		170828		
20:32:53		410126		238770		171356		
20:32:55		410771		239419		171352		
20:32:57		388692		239688		149004		
20:33:00		377914		240854		137060		
20:33:02		375960		262548		113412		
20:33:04		390990		217746		173244		
20:33:06		350818		219974		130844		
20:33:08		344383		220327		124056		
20:33:10		348289		224109		124180		
20:33:12		349272		221984		127288		
20:33:14		401489		273829		127660		
20:33:16		400092		223080		177012		
20:33:18		401272		223640		177632		
20:33:20		402742		224366		178376		
20:33:22		400446		224550		175896		
20:33:24		394252		225052		169200		
20:33:26		388194		226094		162100		
20:33:28		377864		226180		151684		
20:33:30		370332		227424		142908		
20:33:32		364557		227505		137052		
20:33:34		363165		228065		135100		
20:33:36		357125		228753		128372		
20:33:38		355572		229432		126140		
20:33:40		349763		230351		119412		
20:33:42		348372		231356		117016		
20:33:44		347599		231699		115900		
20:33:46		347938		232658		115280		
20:33:48		342727		232779		109948		
20:33:50		372013		262517		109496		
20:33:52		385677		234329		151348		
20:33:54		392017		234841		157176		
20:33:56		388742		234906		153836		
20:33:58		385765		235493		150272		
20:34:00		385858		236230		149628		
20:34:02		384514		236714		147800		
20:34:04		387521		239969		147552		
20:34:06		384826		237926		146900		
20:34:08		429155		282255		146900		
20:34:11		431963		256915		175048		
20:34:13		447429		273001		174428		
20:34:15		392312		240204		152108		
20:34:17		419446		246630		172816		
20:34:19		421966		241802		180164		
20:34:21		415802		242242		173560		
20:34:23		415201		242509		172692		
20:34:25		408005		235313		172692		
20:34:27		398920		243588		155332		
20:34:29		402322		244974		157348		
20:34:31		394632		245096		149536		
20:34:33		427694		278158		149536		
20:34:35		434167		260575		173592		
20:34:37		434145		261173		172972		
20:34:39		428805		247897		180908		
20:34:41		421219		247999		173220		
20:34:43		419546		248434		171112		
20:34:45		424845		254285		170560		
20:34:47		422684		249828		172856		
20:34:49		414784		249864		164920		
20:34:51		401547		250547		151000		
20:34:53		397704		251044		146660		
20:34:55		396517		252153		144364		
20:34:57		397273		252721		144552		
20:34:59		394423		252847		141576		
20:35:01		421460		280100		141360		
20:35:03		420878		254470		166408		
20:35:05		415979		255931		160048		
20:35:07		414802		256326		158476		
20:35:09		414095		256819		157276		
20:35:11		407600		257548		150052		
20:35:13		407906		258442		149464		
20:35:15		411650		259118		152532		
20:35:18		468447		316163		152284		
20:35:20		459574		260294		199280		
20:35:22		461589		261689		199900		
20:35:24		457374		261038		196336		
20:35:26		459273		262465		196808		
20:35:28		453389		262657		190732		
20:35:30		443977		263165		180812		
20:35:32		438801		263537		175264		
20:35:34		435792		264124		171668		
20:35:36		435723		264551		171172		
20:35:38		427454		265086		162368		
20:35:40		425459		265571		159888		
20:35:42		424773		266125		158648		
20:35:44		420556		266620		153936		
20:35:46		417749		267037		150712		
20:35:48		412828		267572		145256		
20:35:50		416246		270994		145252		
20:35:52		405234		268690		136544		
20:35:54		390591		269175		121416		
20:35:56		390398		270222		120176		
20:35:58		385718		270378		115340		
20:36:00		381233		271069		110164		
20:36:02		380674		271378		109296		
20:36:04		377640		272472		105168		
20:36:06		381377		276453		104924		
20:36:08		413176		306732		106444		
20:36:10		404210		298450		105760		
20:36:12		430056		274260		155796		
20:36:14		504206		274662		229544		
20:36:16		476808		274636		202172		
20:36:18		467872		275000		192872		
20:36:20		471671		275947		195724		
20:36:22		468368		275992		192376		
20:36:24		457857		277017		180840		
20:36:26		451780		277044		174736		
20:36:29		446594		277686		168908		
20:36:31		444008		278540		165468		
20:36:33		438326		278686		159640		
20:36:35		434969		279513		155456		
20:36:37		429523		279543		149980		
20:36:39		424152		280124		144028		
20:36:41		426022		282398		143624		
20:36:43		416524		281424		135100		
20:36:45		415760		282492		133268		
20:36:47		403118		282650		120468		
20:36:49		397253		283233		114020		
20:36:51		393830		283654		110176		
20:36:53		393724		284292		109432		
20:36:55		385785		285253		100532		
20:36:57		386198		285818		100380		
20:36:59		381287		285991		95296		
20:37:01		384005		288833		95172		
20:37:03		387051		287631		99420		
20:37:05		381640		287956		93684		
20:37:07		422687		327887		94800		
20:37:09		421727		314403		107324		
20:37:11		372300		289496		82804		
20:37:13		484878		375786		109092		
20:37:15		483519		297207		186312		
20:37:17		499849		291465		208384		
20:37:19		484742		291610		193132		
20:37:21		493647		292671		200976		
20:37:23		505107		303759		201348		
20:37:25		516173		293869		222304		
20:37:27		493922		293938		199984		
20:37:29		489719		294571		195148		
20:37:31		482656		295104		187552		
20:37:34		482548		295832		186716		
20:37:36		479466		297030		182436		
20:37:38		479466		297586		181880		
20:37:40		464169		298193		165976		
20:37:42		453901		303485		150416		
20:37:44		453038		275318		177720		
20:37:46		427993		277145		150848		
20:37:48		423373		277205		146168		
20:37:50		417564		278032		139532		
20:37:52		406757		278345		128412		
20:37:54		398823		278967		119856		
20:37:56		392989		279581		113408		
20:37:58		390677		280089		110588		
20:38:00		393199		282675		110524		
20:38:02		386677		281297		105380		
20:38:04		390520		285388		105132		
20:38:06		390706		283126		107580		
20:38:08		390706		283746		106960		
20:38:10		388489		284257		104232		
20:38:12		388309		284697		103612		
20:38:14		455697		352333		103364		
20:38:16		455878		353102		102776		
20:38:18		454901		352621		102280		
20:38:20		456119		353839		102280		
20:38:22		424863		294435		130428		
20:38:24		455282		287902		167380		
20:38:26		441860		287996		153864		
20:38:28		430966		288510		142456		
20:38:30		460371		318287		142084		
20:38:32		470149		289781		180368		
20:38:34		455770		289878		165892		
20:38:36		451227		290327		160900		
20:38:38		447904		290972		156932		
20:38:40		447626		291810		155816		
20:38:42		442089		292225		149864		
20:38:44		436826		292666		144160		
20:38:47		439563		296055		143508		
20:38:49		432148		293692		138456		
20:38:51		419097		294125		124972		
20:38:53		410672		294504		116168		
20:38:55		406192		295108		111084		
20:38:57		402072		295640		106432		
20:38:59		403896		297556		106340		
20:39:01		395822		297266		98556		
20:39:03		400371		300187		100184		
20:39:05		400095		298919		101176		
20:39:07		399787		299075		100712		
20:39:09		397935		299703		98232		
20:39:11		395757		300377		95380		
20:39:13		393656		300756		92900		
20:39:15		392389		301441		90948		
20:39:17		395835		304547		91288		
20:39:19		395646		303118		92528		
20:39:21		467839		374443		93396		
20:39:23		463004		341336		121668		
20:39:25		437029		316013		121016		
20:39:27		482566		305686		176880		
20:39:29		502828		315036		187792		
20:39:31		533060		320096		212964		
20:39:33		506672		306852		199820		
20:39:35		475288		309544		165744		
20:39:37		474107		309695		164412		
20:39:39		474907		310835		164072		
20:39:41		468841		310877		157964		
20:39:43		471144		311940		159204		
20:39:45		494108		333696		160412		
20:39:47		513704		313332		200372		
20:39:49		483597		313357		170240		
20:39:51		477750		307510		170240		
20:39:53		474286		304046		170240		
20:39:56		460378		290138		170240		
20:39:58		437480		315724		121756		
20:40:00		455094		316598		138496		
20:40:02		455422		317174		138248		
20:40:04		446726		317406		129320		
20:40:06		446306		318630		127676		
20:40:08		445939		318851		127088		
20:40:10		444523		319759		124764		
20:40:12		494712		372016		122696		
20:40:14		490179		322967		167212		
20:40:16		493732		326984		166748		
20:40:18		494511		324663		169848		
20:40:20		490646		324642		166004		
20:40:22		483952		325264		158688		
20:40:24		481637		326049		155588		
20:40:26		473418		326758		146660		
20:40:28		470737		327301		143436		
20:40:30		467442		327726		139716		
20:40:32		464987		328371		136616		
20:40:34		461804		329000		132804		
20:40:36		465741		331069		134672		
20:40:38		465329		330533		134796		
20:40:40		462131		330683		131448		
20:40:42		457272		331280		125992		
20:40:44		454136		332112		122024		
20:40:46		460778		333674		127104		
20:40:48		447485		333897		113588		
20:40:50		446837		334489		112348		
20:40:52		445137		335145		109992		
20:40:54		445130		335758		109372		
20:40:56		471125		357473		113652		
20:40:58		503619		337111		166508		
20:41:00		474383		337947		136436		
20:41:02		464713		338197		126516		
20:41:04		464484		338960		125524		
20:41:07		460745		339561		121184		
20:41:09		460401		340209		120192		
20:41:11		460289		340777		119512		
20:41:13		459357		341209		118148		
20:41:15		453343		342639		110704		
20:41:17		449892		342876		107016		
20:41:19		449910		343506		106404		
20:41:21		450196		344536		105660		
20:41:23		515347		409811		105536		
20:41:25		515347		346695		168652		
20:41:27		514289		346257		168032		
20:41:29		508732		346528		162204		
20:41:31		505316		347328		157988		
20:41:33		498497		347825		150672		
20:41:35		493293		348697		144596		
20:41:37		489331		349075		140256		
20:41:39		485020		349600		135420		
20:41:41		478884		350280		128604		
20:41:43		476180		350676		125504		
20:41:45		474385		351829		122556		
20:41:47		474399		352399		122000		
20:41:49		471046		352642		118404		
20:41:51		504111		385803		118308		
20:41:53		488508		370820		117688		
20:41:55		510734		393666		117068		
20:41:57		474528		355008		119520		
20:41:59		480796		359664		121132		
20:42:01		490137		356721		133416		
20:42:03		481084		356720		124364		
20:42:05		478576		357436		121140		
20:42:07		477434		358030		119404		
20:42:09		475917		358621		117296		
20:42:11		474575		359855		114720		
20:42:13		473605		360125		113480		
20:42:15		469359		382131		87228		
20:42:17		489094		155802		333292		
20:42:20		320719		158851		161868		
20:42:22		423600		179024		244576		
20:42:24		435974		159406		276568		
20:42:26		397008		163200		233808		
20:42:28		403000		165056		237944		
20:42:30		400430		165214		235216		
20:42:32		399411		166335		233076		
20:42:34		395081		166841		228240		
20:42:36		388427		167347		221080		
20:42:38		382197		167937		214260		
20:42:40		366251		168607		197644		
20:42:42		368160		171284		196876		
20:42:44		362516		171468		191048		
20:42:46		354995		172007		182988		
20:42:48		351018		172898		178120		
20:42:50		345067		173519		171548		
20:42:52		342489		175129		167360		
20:42:54		335747		175267		160480		
20:42:56		337983		177411		160572		
20:42:58		319261		176853		142408		
20:43:00		316982		177798		139184		
20:43:02		310283		178167		132116		
20:43:04		308350		178714		129636		
20:43:06		306685		179621		127064		
20:43:08		307996		180312		127684		
20:43:10		307574		180386		127188		
20:43:12		310513		184473		126040		
20:43:14		365408		233756		131652		
20:43:16		361523		230431		131092		
20:43:18		332528		194708		137820		
20:43:20		374917		183901		191016		
20:43:22		366176		184088		182088		
20:43:24		363112		184620		178492		
20:43:26		390979		185547		205432		
20:43:28		412287		186147		226140		
20:43:30		379511		187011		192500		
20:43:32		379182		187174		192008		
20:43:35		378144		187748		190396		
20:43:37		374248		188688		185560		
20:43:39		369597		188997		180600		
20:43:41		368377		189637		178740		
20:43:43		368377		190257		178120		
20:43:45		366191		190675		175516		
20:43:47		356517		191261		165256		
20:43:49		355560		191916		163644		
20:43:51		344183		193035		151148		
20:43:53		333896		193068		140828		
20:43:55		325447		193671		131776		
20:43:57		327239		195867		131372		
20:43:59		324809		194925		129884		
20:44:01		316386		196146		120240		
20:44:03		321511		200307		121204		
20:44:05		318060		196856		121204		
20:44:07		319770		198938		120832		
20:44:09		313851		198103		115748		
20:44:11		374531		250567		123964		
20:44:13		375763		199471		176292		
20:44:15		377448		200164		177284		
20:44:17		373162		200686		172476		
20:44:19		375829		202917		172912		
20:44:21		377804		202072		175732		
20:44:23		372047		202111		169936		
20:44:25		368312		202684		165628		
20:44:27		360329		203321		157008		
20:44:29		397714		240642		157072		
20:44:31		389443		204967		184476		
20:44:33		392679		207335		185344		
20:44:35		391793		205705		186088		
20:44:37		383091		206771		176320		
20:44:39		376030		207334		168696		
20:44:41		376422		208442		167980		
20:44:43		374755		208507		166248		
20:44:45		371064		208908		162156		
20:44:48		394397		231901		162496		
20:44:50		412199		210239		201960		
20:44:52		385085		210561		174524		
20:44:54		375786		210902		164884		
20:44:56		370463		211531		158932		
20:44:58		357600		212052		145548		
20:45:00		355180		212608		142572		
20:45:02		341897		207757		134140		
20:45:04		338041		203901		134140		
20:45:06		330504		214344		116160		
20:45:08		335478		215506		119972		
20:45:10		335419		216067		119352		
20:45:12		335419		216655		118764		
20:45:14		401833		281077		120756		
20:45:16		402260		217892		184368		
20:45:18		403670		218466		185204		
20:45:20		397477		218597		178880		
20:45:22		404405		225617		178788		
20:45:24		399912		220008		179904		
20:45:26		393770		220438		173332		
20:45:28		387310		221046		166264		
20:45:30		386776		221876		164900		
20:45:32		378975		224015		154960		
20:45:34		377918		224322		153596		
20:45:36		375579		225239		150340		
20:45:38		377329		226245		151084		
20:45:40		373549		226309		147240		
20:45:42		373992		227372		146620		
20:45:44		365711		227399		138312		
20:45:46		367582		228774		138808		
20:45:48		357304		228632		128672		
20:45:50		346585		229197		117388		
20:45:52		343840		229832		114008		
20:45:54		346036		232524		113512		
20:45:56		344346		230958		113388		
20:45:58		346706		231798		114908		
20:46:01		371436		253924		117512		
20:46:03		431970		232618		199352		
20:46:05		369779		232551		137228		
20:46:07		368315		233195		135120		
20:46:09		428566		293942		134624		
20:46:11		424820		258452		166368		
20:46:13		449450		283610		165840		
20:46:15		387887		235067		152820		
20:46:17		425472		236072		189400		
20:46:19		415653		236049		179604		
20:46:21		407834		237254		170580		
20:46:23		407146		237338		169808		
20:46:25		405696		237872		167824		
20:46:27		391582		238762		152820		
20:46:29		386506		239018		147488		
20:46:31		378146		240022		138124		
20:46:33		380218		240634		139584		
20:46:35		380917		241209		139708		
20:46:37		374008		241524		132484		
20:46:39		370837		242041		128796		
20:46:41		368504		242684		125820		
20:46:43		368542		243342		125200		
20:46:45		362053		243797		118256		
20:46:47		360893		244405		116488		
20:46:49		359265		245009		114256		
20:46:51		392235		279851		112384		
20:46:53		388311		255895		132416		
20:46:55		405347		271443		133904		
20:46:57		418226		260262		157964		
20:46:59		401455		226355		175100		
20:47:01		370716		228008		142708		
20:47:03		368074		228558		139516		
20:47:05		370755		231611		139144		
20:47:07		406462		265490		140972		
20:47:09		442668		302192		140476		
20:47:11		432067		292151		139916		
20:47:14		439185		299701		139484		
20:47:16		412779		273883		138896		
20:47:18		407859		269483		138376		
20:47:20		411985		253529		158456		
20:47:22		456611		298775		157836		
20:47:24		397059		234511		162548		
20:47:26		418092		234960		183132		
20:47:28		408591		235007		173584		
20:47:30		403614		235826		167788		
20:47:32		397479		236139		161340		
20:47:34		396500		236648		159852		
20:47:36		401589		240993		160596		
20:47:38		395333		237589		157744		
20:47:40		392269		238121		154148		
20:47:42		389285		239137		150148		
20:47:44		386468		239420		147048		
20:47:46		376486		239978		136508		
20:47:48		371713		240537		131176		
20:47:50		372765		241465		131300		
20:47:52		366485		241633		124852		
20:47:54		363137		242253		120884		
20:47:56		365182		244550		120632		
20:47:58		362188		243412		118776		
20:48:00		364930		246774		118156		
20:48:02		369997		251717		118280		
20:48:04		366797		245509		121288		
20:48:06		408247		287643		120604		
20:48:08		400540		246672		153868		
20:48:10		410844		247304		163540		
20:48:12		404190		247470		156720		
20:48:14		397281		248001		149280		
20:48:16		395326		248682		146644		
20:48:18		382608		249076		133532		
20:48:20		386333		250197		136136		
20:48:22		384774		250250		134524		
20:48:25		372943		250819		122124		
20:48:27		379215		251883		127332		
20:48:29		413505		284653		128852		
20:48:31		411064		253136		157928		
20:48:33		410746		253282		157464		
20:48:35		404721		253581		151140		
20:48:37		408878		258142		150736		
20:48:39		407353		255345		152008		
20:48:41		409096		256964		152132		
20:48:43		403509		256089		147420		
20:48:45		404587		257043		147544		
20:48:47		399572		257236		142336		
20:48:49		400961		258253		142708		
20:48:51		401749		258885		142864		
20:48:53		399686		259054		140632		
20:48:55		392727		259535		133192		
20:48:57		388098		260238		127860		
20:48:59		390181		262693		127488		
20:49:01		393599		263231		130368		
20:49:03		389821		259453		130368		
20:49:05		385630		262638		122992		
20:49:07		390135		267359		122776		
20:49:09		427587		299231		128356		
20:49:11		417991		290691		127300		
20:49:13		381684		265264		116420		
20:49:15		420849		266237		154612		
20:49:17		419406		266406		153000		
20:49:19		417786		266894		150892		
20:49:21		418344		268072		150272		
20:49:23		413942		268258		145684		
20:49:25		410846		268882		141964		
20:49:27		454030		312562		141468		
20:49:29		441910		270434		171476		
20:49:31		473859		271135		202724		
20:49:33		457676		271072		186604		
20:49:36		451093		271557		179536		
20:49:38		449508		272204		177304		
20:49:40		443035		272675		170360		
20:49:42		436014		273342		162672		
20:49:44		431433		273969		157464		
20:49:46		430795		274415		156380		
20:49:48		422635		275555		147080		
20:49:50		417409		275909		141500		
20:49:52		453305		312333		140972		
20:49:54		437837		277521		160316		
20:49:56		437837		278109		159728		
20:49:58		443463		278683		164780		
20:50:00		436535		278823		157712		
20:50:02		437245		279905		157340		
20:50:04		436989		280269		156720		
20:50:06		438324		281388		156936		
20:50:08		432383		281367		151016		
20:50:10		432877		282357		150520		
20:50:12		432033		282877		149156		
20:50:14		427184		283112		144072		
20:50:16		422310		283662		138648		
20:50:18		415631		284331		131300		
20:50:20		411297		284957		126340		
20:50:22		405112		285468		119644		
20:50:24		399349		286029		113320		
20:50:26		397000		286936		110064		
20:50:28		396458		287354		109104		
20:50:30		392337		288069		104268		
20:50:32		388488		288560		99928		
20:50:34		385061		289101		95960		
20:50:36		403636		307304		96332		
20:50:38		411894		290762		121132		
20:50:40		403440		290740		112700		
20:50:42		407212		295008		112204		
20:50:44		411968		292448		119520		
20:50:46		409807		292799		117008		
20:50:49		411897		293957		117940		
20:50:51		412628		294564		118064		
20:50:53		416597		297913		118684		
20:50:55		412156		293472		118684		
20:50:57		410077		295733		114344		
20:50:59		410549		296825		113724		
20:51:01		413535		299563		113972		
20:51:03		412068		298344		113724		
20:51:05		448505		334781		113724		
20:51:07		438724		299580		139144		
20:51:09		485344		346820		138524		
20:51:11		478589		300885		177704		
20:51:13		483642		305842		177800		
20:51:15		491157		305637		185520		
20:51:17		485594		300726		184868		
20:51:19		473818		302714		171104		
20:51:21		468271		303367		164904		
20:51:23		459169		304061		155108		
20:51:25		450479		309659		140820		
20:51:27		456670		287058		169612		
20:51:29		432593		283561		149032		
20:51:31		424971		283751		141220		
20:51:33		427397		286301		141096		
20:51:35		423808		285068		138740		
20:51:37		419225		285537		133688		
20:51:39		421428		286500		134928		
20:51:41		419527		286707		132820		
20:51:43		418781		287201		131580		
20:51:45		457279		322227		135052		
20:51:47		448805		292705		156100		
20:51:49		454130		289598		164532		
20:51:51		446978		290138		156840		
20:51:53		436010		290326		145684		
20:51:55		426731		290967		135764		
20:51:57		422067		291915		130152		
20:52:00		415667		292179		123488		
20:52:02		412585		292973		119612		
20:52:04		409344		293296		116048		
20:52:06		414453		298901		115552		
20:52:08		411207		294291		116916		
20:52:10		410396		294836		115560		
20:52:12		408589		295417		113172		
20:52:14		409889		296189		113700		
20:52:16		406299		296411		109888		
20:52:18		407962		297454		110508		
20:52:20		402177		297497		104680		
20:52:22		401960		298336		103624		
20:52:24		463052		359984		103068		
20:52:26		464497		299837		164660		
20:52:28		467922		303630		164292		
20:52:30		488651		321631		167020		
20:52:32		515586		349314		166272		
20:52:34		452208		301648		150560		
20:52:36		482623		324995		157628		
20:52:38		488754		303474		185280		
20:52:40		469986		303678		166308		
20:52:42		469008		304716		164292		
20:52:44		459395		304899		154496		
20:52:46		451553		305489		146064		
20:52:48		449656		306196		143460		
20:52:50		446253		306605		139648		
20:52:52		439835		307659		132176		
20:52:54		440140		308304		131836		
20:52:56		441995		308951		133044		
20:52:58		434133		309025		125108		
20:53:00		429714		309566		120148		
20:53:02		422577		310333		112244		
20:53:04		420284		310768		109516		
20:53:06		420486		311654		108832		
20:53:08		422079		312471		109608		
20:53:10		422661		313177		109484		
20:53:13		422260		313272		108988		
20:53:15		467410		358546		108864		
20:53:17		470119		314879		155240		
20:53:19		467058		314918		152140		
20:53:21		467556		316036		151520		
20:53:23		457908		316276		141632		
20:53:25		456464		316940		139524		
20:53:27		446542		317590		128952		
20:53:29		443836		317984		125852		
20:53:31		440767		319103		121664		
20:53:33		437292		319220		118072		
20:53:35		435263		319795		115468		
20:53:37		436430		320870		115560		
20:53:39		468404		351480		116924		
20:53:41		460368		327292		133076		
20:53:43		460780		327704		133076		
20:53:45		465990		323398		142592		
20:53:47		463556		323196		140360		
20:53:49		473912		324500		149412		
20:53:51		471923		324711		147212		
20:53:53		485819		339259		146560		
20:53:55		484006		326254		157752		
20:53:57		471265		326721		144544		
20:53:59		464488		327104		137384		
20:54:01		456309		318925		137384		
20:54:03		481562		344178		137384		
20:54:05		535567		334323		201244		
20:54:07		482905		282345		200560		
20:54:09		445412		269432		175980		
20:54:11		423424		330276		93148		
20:54:13		477109		331261		145848		
20:54:16		470444		331292		139152		
20:54:18		474521		332261		142260		
20:54:20		463671		332323		131348		
20:54:22		458816		333576		125240		
20:54:24		507561		382445		125116		
20:54:26		495001		334793		160208		
20:54:28		499584		339344		160240		
20:54:30		496400		335664		160736		
20:54:32		496400		336284		160116		
20:54:34		507054		337266		169788		
20:54:36		508583		337803		170780		
20:54:38		506775		337979		168796		
20:54:40		533081		339113		193968		
20:54:42		553936		339664		214272		
20:54:44		533880		339696		194184		
20:54:46		528295		340279		188016		
20:54:48		533303		341351		191952		
20:54:50		531828		341488		190340		
20:54:52		535097		345005		190092		
20:54:54		535914		343218		192696		
20:54:56		543629		351181		192448		
20:54:58		542968		344444		198524		
20:55:00		543577		345177		198400		
20:55:02		541761		345717		196044		
20:55:04		541070		345894		195176		
20:55:06		548928		353876		195052		
20:55:08		553355		347515		205840		
20:55:10		554836		348252		206584		
20:55:12		554012		348264		205748		
20:55:13		553188		348556		204632		
