recorded by mmserver domain:[id:28 time:Wed May  1 12:43:10 2013
]
time		tg_mem		use_mem		free_mem		
12:43:12		1340573		1033029		307544		
12:43:14		1340565		1033021		307544		
12:43:16		1340560		1051868		288692		
12:43:18		1349607		1093639		255968		
12:43:20		1369953		1142369		227584		
12:43:22		1394074		1174398		219676		
12:43:24		1410498		1186118		224380		
12:43:26		1417424		1192116		225308		
12:43:28		1420569		1203981		216588		
12:43:30		1426597		1233941		192656		
12:43:32		1441552		1247432		194120		
12:43:34		1444094		1252382		191712		
12:43:36		1444588		1254736		189852		
12:43:38		1445479		1263479		182000		
12:43:40		1451107		1275579		175528		
12:43:42		1458394		1274186		184208		
12:43:44		1458630		1283134		175496		
12:43:46		1463384		1289128		174256		
12:43:48		1466832		1303380		163452		
12:43:50		1470382		1309286		161096		
12:43:52		1473732		1325160		148572		
12:43:54		1480756		1348428		132328		
12:43:56		1491964		1376516		115448		
12:43:58		1505482		1378494		126988		
12:44:00		1506432		1392060		114372		
12:44:02		1512938		1397406		115532		
12:44:04		1515437		1401533		113904		
12:44:06		1517420		1410584		106836		
12:44:08		1521750		1406482		115268		
12:44:10		1519794		1406138		113656		
12:44:12		1519424		1411844		107580		
12:44:14		1522134		1412446		109688		
12:44:16		1522688		1417712		104976		
12:44:18		1525208		1419364		105844		
12:44:20		1526021		1419805		106216		
12:44:22		1526226		1421250		104976		
12:44:24		1526914		1408066		118848		
12:44:27		1520594		1401746		118848		
12:44:29		1517278		1404754		112524		
12:44:31		1518741		1405349		113392		
12:44:33		1519202		1423914		95288		
12:44:35		1528169		1431509		96660		
12:44:37		1531863		1431855		100008		
12:44:39		1532041		1433149		98892		
12:44:41		1532669		1438545		94124		
12:44:43		1535245		1460961		74284		
12:44:45		1546001		1466409		79592		
12:44:47		1548642		1476150		72492		
12:44:49		1553308		1477764		75544		
12:44:51		1554077		1465669		88408		
12:44:53		1548259		1460055		88204		
12:44:55		1545268		1464660		80608		
12:44:57		1547492		1466152		81340		
12:44:59		1548475		1466835		81640		
12:45:01		1548786		1467474		81312		
12:45:03		1549071		1468367		80704		
12:45:05		1549504		1469596		79908		
12:45:07		1550116		1462676		87440		
12:45:09		1546764		1463132		83632		
12:45:11		1546744		1464192		82552		
12:45:13		1547265		1465865		81400		
12:45:15		1548131		1466851		81280		
12:45:17		1548708		1468504		80204		
12:45:19		1549571		1468663		80908		
12:45:21		1549706		1469482		80224		
12:45:23		1550086		1474902		75184		
12:45:25		1552703		1476623		76080		
12:45:27		1553531		1478895		74636		
12:45:29		1554617		1481613		73004		
12:45:31		1555843		1484751		71092		
12:45:33		1557378		1488838		68540		
12:45:35		1559345		1492541		66804		
12:45:37		1561106		1494798		66308		
12:45:39		1562192		1478772		83420		
12:45:41		1554496		1478020		76476		
12:45:43		1553896		1470972		82924		
12:45:45		1550530		1470954		79576		
12:45:47		1550519		1470943		79576		
12:45:49		1550528		1470952		79576		
12:45:51		1550533		1470957		79576		
12:45:53		1550536		1476044		74492		
12:45:55		1552978		1476626		76352		
12:45:57		1553521		1476549		76972		
12:45:59		1553475		1476503		76972		
12:46:01		1553447		1476475		76972		
12:46:03		1553430		1477074		76356		
12:46:05		1553716		1488272		65444		
12:46:07		1559110		1469362		89748		
12:46:09		1550041		1470529		79512		
12:46:11		1550301		1470913		79388		
12:46:13		1550517		1474997		75520		
12:46:15		1552503		1461707		90796		
12:46:17		1546347		1461131		85216		
12:46:19		1545808		1461584		84224		
12:46:21		1546021		1464525		81496		
12:46:23		1547458		1464846		82612		
12:46:25		1547784		1480548		67236		
12:46:27		1555360		1465308		90052		
12:46:29		1548106		1462270		85836		
12:46:31		1546343		1462367		83976		
12:46:33		1546386		1461914		84472		
12:46:35		1546386		1461914		84472		
12:46:37		1546178		1461946		84232		
12:46:39		1546194		1461962		84232		
12:46:41		1546218		1461986		84232		
12:46:43		1546248		1462016		84232		
12:46:45		1546266		1462034		84232		
12:46:48		1546277		1475065		71212		
12:46:50		1552533		1475121		77412		
12:46:52		1552804		1475144		77660		
12:46:54		1552818		1462634		90184		
12:46:56		1546815		1450751		96064		
12:46:58		1540822		1450710		90112		
12:47:00		1540798		1450934		89864		
12:47:02		1540917		1457749		83168		
12:47:04		1544203		1450899		93304		
12:47:06		1541175		1440179		100996		
12:47:08		1535755		1401203		134552		
12:47:10		1517022		1388262		128760		
12:47:12		1510809		1107937		402872		
12:47:14		1376266		1102974		273292		
12:47:16		1373884		1128864		245020		
12:47:18		1386308		1130996		255312		
12:47:20		1387631		1138147		249484		
12:47:22		1391074		1144194		246880		
12:47:24		1393958		1161710		232248		
12:47:26		1402370		1192938		209432		
12:47:28		1417357		1237065		180292		
12:47:30		1438551		1275247		163304		
12:47:32		1456862		1309926		146936		
12:47:34		1473503		1322599		150904		
12:47:36		1479604		1335272		144332		
12:47:38		1485660		1335624		150036		
12:47:40		1485841		1342005		143836		
12:47:42		1488911		1390955		97956		
12:47:44		1512418		1401070		111348		
12:47:46		1517267		1425759		91508		
12:47:48		1529120		1425832		103288		
12:47:50		1529148		1442848		86300		
12:47:52		1537305		1445425		91880		
12:47:54		1538538		1469342		69196		
12:47:56		1550048		1469332		80716		
12:47:58		1550025		1471053		78972		
12:48:00		1550834		1472978		77856		
12:48:02		1551780		1481116		70664		
12:48:04		1555681		1482853		72828		
12:48:06		1556521		1483197		73324		
12:48:08		1556683		1483235		73448		
12:48:10		1556691		1482127		74564		
12:48:12		1556161		1486785		69376		
12:48:14		1558332		1480152		78180		
12:48:16		1555216		1480128		75088		
12:48:18		1554920		1479372		75548		
12:48:20		1554566		1052550		502016		
12:48:22		1349679		967423		382256		
12:48:24		1308813		1136169		172644		
12:48:26		1388969		1219709		169260		
12:48:28		1430206		1230070		200136		
12:48:30		1435187		1234959		200228		
12:48:32		1437537		1242541		194996		
12:48:34		1441160		1247528		193632		
12:48:36		1443557		1254333		189224		
12:48:38		1446829		1259877		186952		
12:48:40		1449496		1265040		184456		
12:48:42		1451966		1271742		180224		
12:48:44		1455182		1277206		177976		
12:48:46		1457819		1308575		149244		
12:48:48		1472850		1314190		158660		
12:48:50		1475549		1323089		152460		
12:48:52		1479831		1325319		154512		
12:48:54		1480910		1326042		154868		
12:48:56		1481252		1326276		154976		
12:48:58		1481361		1326557		154804		
12:49:00		1481494		1329994		151500		
12:49:02		1483145		1339221		143924		
12:49:04		1487579		1350415		137164		
12:49:06		1492948		1354856		138092		
12:49:09		1495099		1366327		128772		
12:49:11		1500584		1378540		122044		
12:49:13		1506449		1389537		116912		
12:49:15		1511717		1404009		107708		
12:49:17		1518686		1409746		108940		
12:49:19		1521443		1410659		110784		
12:49:21		1521870		1416554		105316		
12:49:23		1524707		1419331		105376		
12:49:25		1526053		1421181		104872		
12:49:27		1526924		1424168		102756		
12:49:29		1528358		1422502		105856		
12:49:31		1527567		1423439		104128		
12:49:33		1527921		1423793		104128		
12:49:35		1528134		1424626		103508		
12:49:37		1528544		1424788		103756		
12:49:39		1528657		1426017		102640		
12:49:41		1529260		1426248		103012		
12:49:43		1529279		1426887		102392		
12:49:45		1529589		1428065		101524		
12:49:47		1530162		1429382		100780		
12:49:49		1530803		1430519		100284		
12:49:51		1531321		1434741		96580		
12:49:53		1533336		1447172		86164		
12:49:55		1539321		1449049		90272		
12:49:57		1540211		1451179		89032		
12:49:59		1541236		1443524		97712		
12:50:01		1537551		1444427		93124		
12:50:03		1537780		1445152		92628		
12:50:05		1538156		1446520		91636		
12:50:07		1538857		1109021		429836		
12:50:09		1376942		1108206		268736		
12:50:11		1376391		1212847		163544		
12:50:13		1426627		1232303		194324		
12:50:15		1436250		1239942		196308		
12:50:17		1439926		1246214		193712		
12:50:19		1442931		1251335		191596		
12:50:21		1445407		1256291		189116		
12:50:23		1447771		1262135		185636		
12:50:25		1450592		1268368		182224		
12:50:27		1453580		1274456		179124		
12:50:29		1456489		1280853		175636		
12:50:31		1459566		1299442		160124		
12:50:33		1468486		1313926		154560		
12:50:35		1475438		1321870		153568		
12:50:37		1479475		1328451		151024		
12:50:39		1482405		1340001		142404		
12:50:41		1488062		1353318		134744		
12:50:43		1494687		1358759		135928		
12:50:45		1496963		1369935		127028		
12:50:47		1502214		1377598		124616		
12:50:49		1506165		1393221		112944		
12:50:51		1513453		1400929		112524		
12:50:53		1517150		1408094		109056		
12:50:55		1520587		1406495		114092		
12:50:57		1519829		1410833		108996		
12:50:59		1521821		1419785		102036		
12:51:01		1526193		1425653		100540		
12:51:03		1529029		1426009		103020		
12:51:05		1529197		1425557		103640		
12:51:07		1528971		1426439		102532		
12:51:09		1529367		1424727		104640		
12:51:11		1528563		1424667		103896		
12:51:13		1528438		1424666		103772		
12:51:15		1528423		1426139		102284		
12:51:17		1529128		1426720		102408		
12:51:19		1529491		1427703		101788		
12:51:21		1529992		1428700		101292		
12:51:24		1530486		1433386		97100		
12:51:26		1532735		1434927		97808		
12:51:28		1533462		1439274		94188		
12:51:30		1535546		1441366		94180		
12:51:32		1536571		1441779		94792		
12:51:34		1536765		1444081		92684		
12:51:36		1537863		1446807		91056		
12:51:38		1539169		1452097		87072		
12:51:40		1541716		1454132		87584		
12:51:42		1542686		1457226		85460		
12:51:44		1544170		1462818		81352		
12:51:46		1546853		1466749		80104		
12:51:48		1548750		1467058		81692		
12:51:50		1548903		1471939		76964		
12:51:52		1551234		1472426		78808		
12:51:54		1551465		1478145		73320		
12:51:56		1554223		1485051		69172		
12:51:58		1557526		1487882		69644		
12:52:00		1558880		1490012		68868		
12:52:02		1559916		1490080		69836		
12:52:04		1559954		1490390		69564		
12:52:06		1560077		1490413		69664		
12:52:08		1560088		1490580		69508		
12:52:10		1560170		1493794		66376		
12:52:12		1561723		1494007		67716		
12:52:14		1561817		1494125		67692		
12:52:16		1561886		1494218		67668		
12:52:18		1561923		1494411		67512		
12:52:20		1562006		1495902		66104		
12:52:22		1562716		1496808		65908		
12:52:24		1563177		1496921		66256		
12:52:26		1563227		1497127		66100		
12:52:28		1563317		1498517		64800		
12:52:30		1563995		1499147		64848		
12:52:32		1564290		1499394		64896		
12:52:34		1564429		1499781		64648		
12:52:36		1564429		1488865		75564		
12:52:38		1559354		1483102		76252		
12:52:40		1556269		1480049		76220		
12:52:42		1554657		1479089		75568		
12:52:44		1554092		1487228		66864		
12:52:46		1557916		1487952		69964		
12:52:48		1558933		1487149		71784		
12:52:50		1558462		1486826		71636		
12:52:52		1558264		1486924		71340		
12:52:54		1558287		1479191		79096		
12:52:56		1554578		1479102		75476		
12:52:58		1554418		1479230		75188		
12:53:00		1554505		1479365		75140		
12:53:02		1554580		1479440		75140		
12:53:04		1554625		1479517		75108		
12:53:06		1554667		1479599		75068		
12:53:08		1554712		1479824		74888		
12:53:10		1554825		1480721		74104		
12:53:12		1555269		1481197		74072		
12:53:14		1555552		1481388		74164		
12:53:16		1555678		1481514		74164		
12:53:18		1555753		1481589		74164		
12:53:20		1555798		1481682		74116		
12:53:22		1555848		1481788		74060		
12:53:24		1555905		1481909		73996		
12:53:26		1555970		1482006		73964		
12:53:28		1556024		1482100		73924		
12:53:30		1556076		1074916		481160		
12:53:32		1360634		1047370		313264		
12:53:34		1347201		1074981		272220		
12:53:36		1360450		1074962		285488		
12:53:38		1360736		1074876		285860		
12:53:41		1360699		1074839		285860		
12:53:43		1360662		1074802		285860		
12:53:45		1360640		1074716		285924		
12:53:47		1360596		1074672		285924		
12:53:49		1360570		1074646		285924		
12:53:51		1360554		1074630		285924		
12:53:52		1360544		1074620		285924		
