recorded by mmserver domain:[id:23 time:Wed Jan  9 15:52:09 2013
]
time		tg_mem		use_mem		free_mem		
15:52:12		1049017		399905		649112		
15:52:14		1088791		431991		656800		
15:52:16		1081751		399903		681848		
15:52:18		1102932		399880		703052		
15:52:20		1083397		399317		684080		
15:52:22		1105565		415657		689908		
15:52:24		1091343		399947		691396		
15:52:26		1107756		409912		697844		
15:52:28		1092761		399381		693380		
15:52:30		1100353		403377		696976		
15:52:32		1090296		393320		696976		
15:52:34		1005271		399311		605960		
15:52:36		977791		399359		578432		
15:52:38		968620		399364		569256		
15:52:40		968716		399460		569256		
15:52:42		968751		399495		569256		
15:52:44		968778		399522		569256		
15:52:46		968779		399523		569256		
15:52:48		968780		399524		569256		
15:52:50		968781		399525		569256		
15:52:52		968781		399525		569256		
15:52:54		968782		399526		569256		
15:52:56		968763		399507		569256		
15:52:58		968683		399675		569008		
15:53:00		968774		399766		569008		
15:53:02		968822		399814		569008		
15:53:04		968862		399854		569008		
15:53:06		968892		399884		569008		
15:53:08		968915		399907		569008		
15:53:10		968932		399924		569008		
15:53:12		968944		399936		569008		
15:53:14		968954		399946		569008		
15:53:16		968961		399953		569008		
15:53:18		968966		399958		569008		
15:53:20		968970		399962		569008		
15:53:22		968974		399842		569132		
15:53:24		968829		399697		569132		
15:53:26		965976		399564		566412		
15:53:28		964084		399532		564552		
15:53:30		963970		399542		564428		
15:53:32		963587		399531		564056		
15:53:34		963281		399473		563808		
15:53:36		963312		399504		563808		
15:53:38		963261		399577		563684		
15:53:40		963279		399595		563684		
15:53:42		963274		399590		563684		
15:53:44		963233		399549		563684		
15:53:46		963184		399500		563684		
15:53:48		963091		399531		563560		
15:53:50		963096		399536		563560		
15:53:52		963758		399950		563808		
15:53:54		962337		399397		562940		
15:53:56		960119		399411		560708		
15:53:58		957616		399512		558104		
15:54:00		956484		399504		556980		
15:54:02		955807		399447		556360		
15:54:04		955618		399506		556112		
15:54:06		954899		399531		555368		
15:54:08		953933		399433		554500		
15:54:10		951572		399428		552144		
15:54:12		958476		399884		558592		
15:54:14		947343		399291		548052		
15:54:16		945634		399318		546316		
15:54:18		944756		399308		545448		
15:54:20		943614		399282		544332		
15:54:22		937707		399327		538380		
15:54:24		935263		399363		535900		
15:54:26		935032		399380		535652		
15:54:28		935362		399710		535652		
15:54:31		934024		399364		534660		
15:54:33		933000		399332		533668		
15:54:35		932121		399321		532800		
15:54:37		931331		399275		532056		
15:54:39		930266		399326		530940		
15:54:41		929003		399303		529700		
15:54:43		927423		399335		528088		
15:54:45		926408		399312		527096		
15:54:47		922838		399338		523500		
15:54:49		919749		399349		520400		
15:54:51		917558		399390		518168		
15:54:53		913645		399321		514324		
15:54:55		913400		399324		514076		
15:54:57		912636		399552		513084		
15:54:59		912676		399592		513084		
15:55:01		911529		399561		511968		
15:55:03		911082		399610		511472		
15:55:05		911455		399851		511604		
15:55:07		911173		399569		511604		
15:55:09		911054		399574		511480		
15:55:11		910742		399510		511232		
15:55:13		910731		399499		511232		
15:55:15		910760		399528		511232		
15:55:17		910633		399525		511108		
15:55:19		912695		399851		512844		
15:55:21		911247		399271		511976		
15:55:23		911203		399351		511852		
15:55:25		908826		399330		509496		
15:55:27		909035		399539		509496		
15:55:29		907555		399299		508256		
15:55:31		907579		399323		508256		
15:55:33		908751		399875		508876		
15:55:35		908718		399842		508876		
15:55:37		907916		399288		508628		
15:55:39		905751		399355		506396		
15:55:41		903171		399379		503792		
15:55:43		901644		399340		502304		
15:55:45		902708		399908		502800		
15:55:47		902830		399906		502924		
15:55:49		902750		399826		502924		
15:55:51		902603		399679		502924		
15:55:53		902465		399541		502924		
15:55:55		902325		399401		502924		
15:55:57		902152		399600		502552		
15:55:59		902200		399656		502544		
15:56:01		902091		399547		502544		
15:56:03		904075		399919		504156		
15:56:05		904070		399914		504156		
15:56:07		904019		399863		504156		
15:56:09		903811		399655		504156		
15:56:11		903562		399406		504156		
15:56:13		903354		399322		504032		
15:56:15		903129		399345		503784		
15:56:17		903127		399335		503792		
15:56:19		903019		399351		503668		
15:56:21		903019		399343		503676		
15:56:23		902784		399356		503428		
15:56:25		902547		399367		503180		
15:56:27		902262		399330		502932		
15:56:29		901993		399309		502684		
15:56:31		901725		399289		502436		
15:56:33		901509		399321		502188		
15:56:35		901298		399358		501940		
15:56:37		901148		399208		501940		
15:56:39		900649		399329		501320		
15:56:41		899233		399277		499956		
15:56:43		898431		399343		499088		
15:56:45		898431		399343		499088		
15:56:47		896718		399366		497352		
15:56:49		899949		399869		500080		
15:56:51		900010		399930		500080		
15:56:53		900038		399834		500204		
15:56:55		899727		399523		500204		
15:56:58		897808		399588		498220		
15:57:00		897910		399698		498212		
15:57:02		897928		399716		498212		
15:57:04		897909		399697		498212		
15:57:06		897895		399683		498212		
15:57:08		897884		399672		498212		
15:57:10		897839		399627		498212		
15:57:12		896894		399550		497344		
15:57:14		896483		399511		496972		
15:57:16		896435		399587		496848		
15:57:18		896436		399588		496848		
15:57:20		896437		399589		496848		
15:57:22		895954		399602		496352		
15:57:24		895908		399556		496352		
15:57:26		895669		399565		496104		
15:57:28		895211		399603		495608		
15:57:30		895239		399631		495608		
15:57:32		892545		399541		493004		
15:57:34		895583		399851		495732		
15:57:36		895499		399767		495732		
15:57:38		895382		399650		495732		
15:57:40		895090		399358		495732		
15:57:42		894833		399349		495484		
15:57:44		894752		399268		495484		
15:57:46		894655		399171		495484		
15:57:48		894732		399372		495360		
15:57:50		894957		399597		495360		
15:57:52		895070		399710		495360		
15:57:54		895247		399887		495360		
15:57:56		894041		399301		494740		
15:57:58		892772		399520		493252		
15:58:00		892824		399572		493252		
15:58:02		893010		399758		493252		
15:58:04		893130		399878		493252		
15:58:06		894968		399856		495112		
15:58:08		896430		399954		496476		
15:58:10		895740		399388		496352		
15:58:12		895651		399423		496228		
15:58:14		895101		399369		495732		
15:58:16		895669		399937		495732		
15:58:18		897267		399923		497344		
15:58:20		900620		399928		500692		
15:58:22		905067		399911		505156		
15:58:24		951035		440299		510736		
15:58:26		951182		399898		551284		
15:58:28		947100		399288		547812		
15:58:30		946382		399314		547068		
15:58:32		945788		399332		546456		
15:58:34		944501		399285		545216		
15:58:36		943163		399311		543852		
15:58:38		942402		399294		543108		
15:58:40		941217		399349		541868		
15:58:42		940775		399279		541496		
15:58:44		939886		399258		540628		
15:58:46		939388		399256		540132		
15:58:48		938103		399335		538768		
15:58:50		949604		406372		543232		
15:58:52		947684		399864		547820		
15:58:54		945555		399347		546208		
15:58:56		944927		399339		545588		
15:58:58		943588		399612		543976		
15:59:00		941545		399561		541984		
15:59:02		939199		399571		539628		
15:59:04		934649		399609		535040		
15:59:06		929340		399508		529832		
15:59:08		926902		399550		527352		
15:59:10		919717		399557		520160		
15:59:12		915537		399593		515944		
15:59:14		913752		399544		514208		
15:59:16		913752		399544		514208		
15:59:18		913989		399781		514208		
15:59:20		912878		399538		513340		
15:59:22		905441		399541		505900		
15:59:24		903286		399618		503668		
15:59:26		901205		399521		501684		
15:59:28		899997		399553		500444		
15:59:30		900011		399567		500444		
15:59:32		897056		399588		497468		
15:59:34		896997		399529		497468		
15:59:37		893068		399568		493500		
15:59:39		893076		399576		493500		
15:59:41		892982		399606		493376		
15:59:43		892322		399566		492756		
15:59:45		890395		399623		490772		
15:59:47		889007		399599		489408		
15:59:49		889398		399858		489540		
15:59:51		889391		399851		489540		
15:59:53		889387		399847		489540		
15:59:55		889682		399894		489788		
15:59:57		889568		399780		489788		
15:59:59		887456		399536		487920		
16:00:01		887457		399537		487920		
16:00:03		887401		399481		487920		
16:00:05		887657		399737		487920		
16:00:07		884147		399451		484696		
16:00:09		949054		462126		486928		
16:00:11		943253		413173		530080		
16:00:13		954018		399882		554136		
16:00:15		931110		399294		531816		
16:00:17		927668		399324		528344		
16:00:19		927555		399335		528220		
16:00:21		927284		399312		527972		
16:00:23		927193		399345		527848		
16:00:25		927125		399277		527848		
16:00:27		924674		399306		525368		
16:00:29		920474		399322		521152		
16:00:31		914087		399259		514828		
16:00:33		912645		399305		513340		
16:00:35		913963		399879		514084		
16:00:37		913687		399603		514084		
16:00:39		912253		399285		512968		
16:00:41		908867		399371		509496		
16:00:43		907815		399311		508504		
16:00:45		908156		399652		508504		
16:00:47		908390		399886		508504		
16:00:49		908473		399845		508628		
16:00:51		908553		399925		508628		
16:00:53		908409		399781		508628		
16:00:55		907761		399257		508504		
16:00:57		907573		399317		508256		
16:00:59		907484		399600		507884		
16:01:01		907548		399664		507884		
16:01:03		907503		399619		507884		
16:01:05		907432		399548		507884		
16:01:07		907546		399662		507884		
16:01:09		907557		399673		507884		
16:01:11		907547		399663		507884		
16:01:13		907502		399618		507884		
16:01:15		906352		399584		506768		
16:01:17		905899		399627		506272		
16:01:19		905875		399603		506272		
16:01:21		905758		399610		506148		
16:01:23		905726		399578		506148		
16:01:25		905665		399517		506148		
16:01:27		905601		399577		506024		
16:01:29		905627		399603		506024		
16:01:31		905628		399604		506024		
16:01:33		905610		399586		506024		
16:01:35		905597		399573		506024		
16:01:37		905554		399530		506024		
16:01:39		905499		399599		505900		
16:01:41		905532		399632		505900		
16:01:43		905538		399638		505900		
16:01:45		905487		399587		505900		
16:01:47		905449		399549		505900		
16:01:49		905402		399626		505776		
16:01:51		934137		423393		510744		
16:01:53		952638		399858		552780		
16:01:55		931679		399359		532320		
16:01:57		929845		399261		530584		
16:01:59		929499		399543		529956		
16:02:01		929405		399573		529832		
16:02:03		936843		403167		533676		
16:02:05		934495		399951		534544		
16:02:07		932325		399269		533056		
16:02:09		931200		399260		531940		
16:02:11		930543		399347		531196		
16:02:13		930385		399313		531072		
16:02:15		930546		399474		531072		
16:02:17		930593		399521		531072		
16:02:20		930518		399446		531072		
16:02:22		930396		399324		531072		
16:02:24		930396		399316		531080		
16:02:26		930195		399363		530832		
16:02:28		930199		399367		530832		
16:02:30		933661		399853		533808		
16:02:32		932574		399262		533312		
16:02:34		931777		399333		532444		
16:02:36		931105		399281		531824		
16:02:38		930527		399323		531204		
16:02:40		927136		399280		527856		
16:02:42		922212		399316		522896		
16:02:44		921178		399274		521904		
16:02:46		924978		399850		525128		
16:02:48		924313		399309		525004		
16:02:50		923610		399350		524260		
16:02:52		923085		399321		523764		
16:02:54		922487		399343		523144		
16:02:56		922299		399279		523020		
16:02:58		922166		399518		522648		
16:03:00		922277		399637		522640		
16:03:02		922009		399617		522392		
16:03:04		921590		399570		522020		
16:03:06		921294		399522		521772		
16:03:08		935516		408660		526856		
16:03:10		934408		399864		534544		
16:03:12		932627		399323		533304		
16:03:14		932407		399351		533056		
16:03:16		932428		399372		533056		
16:03:18		931905		399345		532560		
16:03:20		931959		399399		532560		
16:03:22		931926		399366		532560		
16:03:24		931957		399397		532560		
16:03:26		931815		399379		532436		
16:03:28		931783		399347		532436		
16:03:30		931759		399323		532436		
16:03:32		931723		399287		532436		
16:03:34		931677		399365		532312		
16:03:36		931698		399386		532312		
16:03:38		931714		399402		532312		
16:03:40		931726		399414		532312		
16:03:42		931716		399404		532312		
16:03:44		931653		399341		532312		
16:03:46		931643		399331		532312		
16:03:48		937431		400035		537396		
16:03:50		932260		399452		532808		
16:03:52		931153		399337		531816		
16:03:54		930119		399419		530700		
16:03:56		929193		399361		529832		
16:03:58		927942		399598		528344		
16:04:00		926837		399609		527228		
16:04:02		926054		399694		526360		
16:04:04		926086		399726		526360		
16:04:06		925998		399638		526360		
16:04:08		925727		399615		526112		
16:04:10		925952		399840		526112		
16:04:12		925730		399618		526112		
16:04:14		923778		399650		524128		
16:04:16		922650		398522		524128		
16:04:18		922976		399840		523136		
16:04:20		923611		399855		523756		
16:04:22		923654		399898		523756		
16:04:24		923705		399941		523764		
16:04:26		923642		399878		523764		
16:04:28		923669		399905		523764		
16:04:30		923690		399926		523764		
16:04:32		923687		399923		523764		
16:04:34		923666		399902		523764		
16:04:36		923631		399867		523764		
16:04:38		923605		399841		523764		
16:04:40		923718		399830		523888		
16:04:42		932924		403332		529592		
16:04:44		921681		399281		522400		
16:04:46		917550		399366		518184		
16:04:48		916590		399274		517316		
16:04:50		915234		399282		515952		
16:04:52		914310		399350		514960		
16:04:54		913525		399309		514216		
16:04:56		912842		399370		513472		
16:04:58		911925		399577		512348		
16:05:01		911524		399548		511976		
16:05:03		910511		399527		510984		
16:05:05		909883		399519		510364		
16:05:07		906041		399521		506520		
16:05:09		904312		399528		504784		
16:05:11		903239		399571		503668		
16:05:13		902693		399521		503172		
16:05:15		902616		399568		503048		
16:05:17		902147		399595		502552		
16:05:19		901300		399616		501684		
16:05:21		900376		399560		500816		
16:05:23		897978		399518		498460		
16:05:25		897529		399565		497964		
16:05:27		895801		399573		496228		
16:05:29		893693		399573		494120		
16:05:31		892632		399628		493004		
16:05:33		891816		399556		492260		
16:05:35		891288		399524		491764		
16:05:37		890201		399553		490648		
16:05:39		889583		399555		490028		
16:05:41		888379		399591		488788		
16:05:43		888436		399648		488788		
16:05:45		888530		399742		488788		
16:05:47		888571		399783		488788		
16:05:49		888265		399601		488664		
16:05:51		888025		399609		488416		
16:05:53		888023		399607		488416		
16:05:55		887982		399566		488416		
16:05:57		887730		399554		488176		
16:05:59		887688		399512		488176		
16:06:01		887559		399507		488052		
16:06:03		887425		399497		487928		
16:06:05		887237		399557		487680		
16:06:07		887114		399558		487556		
16:06:09		886914		399606		487308		
16:06:11		886504		399568		486936		
16:06:13		886159		399595		486564		
16:06:15		886033		399593		486440		
16:06:17		885845		399529		486316		
16:06:19		885555		399611		485944		
16:06:21		885747		399803		485944		
16:06:23		885742		399798		485944		
16:06:25		936989		448069		488920		
16:06:27		933969		399913		534056		
16:06:29		929090		399630		529460		
16:06:31		917885		399585		518300		
16:06:33		916531		399595		516936		
16:06:35		915609		399541		516068		
16:06:37		914374		399546		514828		
16:06:39		913764		399556		514208		
16:06:41		913194		399606		513588		
16:06:43		912692		399600		513092		
16:06:45		911896		399548		512348		
16:06:47		911058		399578		511480		
16:06:49		910278		399542		510736		
16:06:51		907345		399585		507760		
16:06:53		904832		399552		505280		
16:06:55		904156		399620		504536		
16:06:57		902958		399538		503420		
16:06:59		901878		399574		502304		
16:07:01		901315		399507		501808		
16:07:03		898998		399546		499452		
16:07:05		898071		399611		498460		
16:07:07		896975		399507		497468		
16:07:09		896012		399536		496476		
16:07:11		893679		399559		494120		
16:07:13		892449		399569		492880		
16:07:15		891785		399525		492260		
16:07:17		891036		399520		491516		
16:07:19		890361		399581		490780		
16:07:21		889514		399602		489912		
16:07:23		888410		399614		488796		
16:07:25		887936		399512		488424		
16:07:27		887820		399520		488300		
16:07:29		887993		399701		488292		
16:07:31		887812		399520		488292		
16:07:33		887677		399509		488168		
16:07:36		887483		399555		487928		
16:07:38		887179		399499		487680		
16:07:40		887140		399584		487556		
16:07:42		887037		399605		487432		
16:07:44		886960		399528		487432		
16:07:46		886791		399607		487184		
16:07:48		886620		399560		487060		
16:07:50		885903		399587		486316		
16:07:52		885907		399591		486316		
16:07:54		885315		399619		485696		
16:07:56		884890		399566		485324		
16:07:58		884831		399507		485324		
16:08:00		884470		399518		484952		
16:08:02		883987		399531		484456		
16:08:04		883685		399601		484084		
16:08:06		883366		399530		483836		
16:08:08		882941		399601		483340		
16:08:10		882269		399549		482720		
16:08:12		880556		399572		480984		
16:08:14		879644		399528		480116		
16:08:16		879518		399526		479992		
16:08:18		879701		399709		479992		
16:08:20		879260		399508		479752		
16:08:22		878829		399573		479256		
16:08:24		878204		399568		478636		
16:08:26		877550		399526		478024		
16:08:28		877237		399585		477652		
16:08:30		878355		399851		478504		
16:08:32		878308		399804		478504		
16:08:34		878289		399785		478504		
16:08:36		878289		399785		478504		
16:08:38		877982		399478		478504		
16:08:40		877007		399371		477636		
16:08:42		876889		399253		477636		
16:08:44		876798		399286		477512		
16:08:46		876782		399270		477512		
16:08:48		875832		399312		476520		
16:08:50		875922		399402		476520		
16:08:52		875950		399430		476520		
16:08:54		875930		399410		476520		
16:08:56		875815		399295		476520		
16:08:58		875447		399299		476148		
16:09:00		875183		399283		475900		
16:09:02		875028		399252		475776		
16:09:04		874929		399277		475652		
16:09:06		874847		399319		475528		
16:09:08		874745		399341		475404		
16:09:10		874587		399307		475280		
16:09:12		874634		399354		475280		
16:09:14		874948		399668		475280		
16:09:16		874991		399711		475280		
16:09:18		874980		399700		475280		
16:09:20		874968		399688		475280		
16:09:22		874973		399693		475280		
16:09:24		874950		399670		475280		
16:09:26		874952		399672		475280		
16:09:28		874948		399916		475032		
16:09:30		875094		399938		475156		
16:09:32		875126		399846		475280		
16:09:34		875030		399750		475280		
16:09:36		874992		399712		475280		
16:09:38		874716		399436		475280		
16:09:40		874597		399441		475156		
16:09:42		874481		399449		475032		
16:09:44		874580		399548		475032		
16:09:46		874616		399584		475032		
16:09:48		874625		399593		475032		
16:09:50		874629		399597		475032		
16:09:52		874537		399505		475032		
16:09:54		874519		399487		475032		
16:09:56		874482		399450		475032		
16:09:58		874443		399411		475032		
16:10:00		874213		399429		474784		
16:10:02		874423		399639		474784		
16:10:04		875859		399835		476024		
16:10:06		932647		454639		478008		
16:10:08		937985		409385		528600		
16:10:10		943458		399854		543604		
16:10:13		931079		399255		531824		
16:10:15		929234		399270		529964		
16:10:17		929358		399394		529964		
16:10:19		928688		399344		529344		
16:10:21		928651		399307		529344		
16:10:23		928754		399410		529344		
16:10:25		928553		399333		529220		
16:10:27		928238		399266		528972		
16:10:29		928002		399534		528468		
16:10:31		927819		399351		528468		
16:10:33		927144		398676		528468		
16:10:35		926285		399553		526732		
16:10:37		926329		399597		526732		
16:10:39		925877		399517		526360		
16:10:41		932678		406318		526360		
16:10:43		935342		408982		526360		
16:10:45		938318		411958		526360		
16:10:47		940159		413799		526360		
16:10:49		941298		399934		541364		
16:10:51		933038		391674		541364		
16:10:53		927792		399324		528468		
16:10:55		932376		403908		528468		
16:10:57		935480		399944		535536		
16:10:59		933026		397490		535536		
16:11:01		931386		395850		535536		
16:11:03		930345		394809		535536		
16:11:05		929732		399280		530452		
16:11:07		932397		401945		530452		
16:11:09		934358		403906		530452		
16:11:11		935513		405061		530452		
16:11:13		1059914		521402		538512		
16:11:15		1053562		399854		653708		
16:11:17		1056677		399869		656808		
16:11:19		1056744		399936		656808		
16:11:21		1056794		399862		656932		
16:11:23		1056776		399844		656932		
16:11:25		1056769		399837		656932		
16:11:27		1056761		399829		656932		
16:11:29		1056732		399924		656808		
16:11:31		1056812		399880		656932		
16:11:33		1056753		399821		656932		
16:11:35		1056751		399811		656940		
16:11:37		1056745		399805		656940		
16:11:39		1056740		399800		656940		
16:11:41		1056737		399797		656940		
16:11:43		1056734		399794		656940		
16:11:45		1056785		399845		656940		
16:11:47		1056823		399883		656940		
16:11:49		1056889		399825		657064		
16:11:51		1056864		399800		657064		
16:11:53		1056864		399800		657064		
16:11:55		1056751		399687		657064		
16:11:57		1056736		399672		657064		
16:11:59		1056718		399654		657064		
16:12:01		1056701		399637		657064		
16:12:03		1056708		399644		657064		
16:12:05		1056738		399674		657064		
16:12:07		1056760		399696		657064		
16:12:09		1056777		399713		657064		
16:12:11		1056789		399725		657064		
16:12:13		1056798		399734		657064		
16:12:15		1056805		399741		657064		
16:12:17		1056717		399653		657064		
16:12:19		1056651		399843		656808		
16:12:21		1056757		399949		656808		
16:12:23		1056836		400028		656808		
16:12:25		1057084		400276		656808		
16:12:27		1057265		399969		657296		
16:12:29		1056994		399698		657296		
16:12:31		1056809		399513		657296		
16:12:33		1056668		399496		657172		
16:12:35		1056656		399484		657172		
16:12:37		1056646		399474		657172		
16:12:39		1056657		399485		657172		
16:12:41		1056666		399494		657172		
16:12:43		1056674		399502		657172		
16:12:45		1056680		399508		657172		
16:12:47		1056686		399514		657172		
16:12:49		1056690		399518		657172		
16:12:51		1056693		399521		657172		
16:12:54		1056695		399523		657172		
16:12:56		1056697		399525		657172		
16:12:58		1056698		399526		657172		
16:13:00		1056691		399519		657172		
16:13:02		1056704		399532		657172		
16:13:04		1056714		399542		657172		
16:13:06		1056721		399549		657172		
16:13:08		1056726		399554		657172		
16:13:10		1056730		399558		657172		
16:13:12		1056733		399561		657172		
16:13:14		1056735		399555		657180		
16:13:16		1056732		399552		657180		
16:13:18		1056730		399550		657180		
16:13:20		1056730		399550		657180		
16:13:22		1056729		399549		657180		
16:13:24		1056731		399551		657180		
16:13:26		1056736		399556		657180		
16:13:28		1056740		399560		657180		
16:13:30		1056742		399810		656932		
16:13:32		1056892		399844		657048		
16:13:34		1056916		399868		657048		
16:13:36		1056935		399887		657048		
16:13:38		1056949		399901		657048		
16:13:40		1056938		399890		657048		
16:13:42		1056933		399885		657048		
16:13:44		1056931		399883		657048		
16:13:46		1056931		399883		657048		
16:13:48		1056932		399884		657048		
16:13:50		1056932		399884		657048		
16:13:52		1056933		399885		657048		
16:13:54		1056933		399885		657048		
16:13:56		1056933		399885		657048		
16:13:58		1056933		399885		657048		
16:14:00		1056915		399867		657048		
16:14:02		1056906		399858		657048		
16:14:04		1056899		399851		657048		
16:14:06		1056894		399846		657048		
16:14:08		1056890		399834		657056		
16:14:10		1056883		399827		657056		
16:14:12		1056878		399822		657056		
16:14:14		1056875		399819		657056		
16:14:16		1056872		399816		657056		
16:14:18		1056870		399814		657056		
16:14:20		1056870		399814		657056		
16:14:22		1056870		399814		657056		
16:14:24		1056870		399814		657056		
16:14:26		1056864		399808		657056		
16:14:28		1056859		399811		657048		
16:14:30		1056859		399811		657048		
16:14:32		1056854		399806		657048		
16:14:34		1056853		399805		657048		
16:14:36		1056852		399804		657048		
16:14:38		1056852		399804		657048		
16:14:40		1056852		399804		657048		
16:14:42		1056853		399797		657056		
16:14:44		1056849		399793		657056		
16:14:46		1056846		399790		657056		
16:14:48		1056845		399789		657056		
16:14:50		1056845		399789		657056		
16:14:52		1056845		399789		657056		
16:14:54		1056845		399789		657056		
16:14:56		1056846		399790		657056		
16:14:58		1056847		399791		657056		
16:15:00		1056841		399785		657056		
16:15:02		1056835		399779		657056		
16:15:04		1056830		399774		657056		
16:15:06		1056827		399771		657056		
16:15:08		1056824		399768		657056		
16:15:10		1056822		399766		657056		
16:15:12		1056821		399765		657056		
16:15:14		1056820		399764		657056		
16:15:16		1056819		399763		657056		
16:15:18		1056819		399763		657056		
16:15:20		1056819		399763		657056		
16:15:22		1056820		399764		657056		
16:15:24		1056822		399766		657056		
16:15:26		1056827		399771		657056		
16:15:28		1056830		399774		657056		
16:15:30		1056830		399782		657048		
16:15:32		1056835		399787		657048		
16:15:35		1056837		399789		657048		
16:15:37		1056838		399790		657048		
16:15:39		1056839		399791		657048		
16:15:41		1056839		399791		657048		
16:15:43		1056840		399792		657048		
16:15:45		1056840		399792		657048		
16:15:47		1056840		399792		657048		
16:15:49		1056840		399792		657048		
16:15:51		1056840		399792		657048		
16:15:53		1056840		399792		657048		
16:15:55		1056840		399792		657048		
16:15:57		1056840		399792		657048		
16:15:59		1056842		399794		657048		
16:16:01		1056846		399798		657048		
16:16:03		1056842		399794		657048		
16:16:05		1056845		399797		657048		
16:16:07		1056848		399800		657048		
16:16:09		1056850		399802		657048		
16:16:11		1056851		399803		657048		
16:16:13		1056852		399804		657048		
16:16:15		1056853		399805		657048		
16:16:17		1056854		399806		657048		
16:16:19		1056854		399806		657048		
16:16:21		1056854		399806		657048		
16:16:23		1056855		399807		657048		
16:16:25		1056855		399807		657048		
16:16:27		1056856		399808		657048		
16:16:29		1056850		399802		657048		
16:16:31		1056848		399800		657048		
16:16:33		1056846		399798		657048		
16:16:35		1056846		399798		657048		
16:16:37		1056846		399798		657048		
16:16:39		1056846		399798		657048		
16:16:41		1056846		399798		657048		
16:16:43		1056846		399798		657048		
16:16:45		1056846		399798		657048		
16:16:47		1056846		399798		657048		
16:16:49		1056846		399798		657048		
16:16:51		1056846		399798		657048		
16:16:53		1056846		399798		657048		
16:16:55		1056846		399798		657048		
16:16:57		1056846		399798		657048		
16:16:59		1056841		399793		657048		
16:17:01		1056837		399789		657048		
16:17:03		1056827		399779		657048		
16:17:05		1056799		399891		656908		
16:17:07		1056840		399932		656908		
16:17:09		1056893		399985		656908		
16:17:11		1056932		399900		657032		
16:17:13		1056887		399855		657032		
16:17:15		1056694		399662		657032		
16:17:17		1056605		399697		656908		
16:17:19		1056650		399742		656908		
16:17:21		1056684		399776		656908		
16:17:23		1056710		399802		656908		
16:17:25		1056692		399784		656908		
16:17:27		1056679		399771		656908		
16:17:29		1056677		399769		656908		
16:17:31		1056671		399755		656916		
16:17:33		1056661		399745		656916		
16:17:35		1056655		399739		656916		
16:17:37		1056629		399713		656916		
16:17:39		1056615		399699		656916		
16:17:41		1056624		399708		656916		
16:17:43		1056650		399734		656916		
16:17:45		1056669		399753		656916		
16:17:47		1056683		399767		656916		
16:17:49		1056694		399778		656916		
16:17:51		1056702		399786		656916		
16:17:53		1056708		399792		656916		
16:17:55		1056712		399796		656916		
16:17:57		1056715		399799		656916		
16:17:59		1056719		399803		656916		
16:18:01		1056722		399806		656916		
16:18:03		1056724		399808		656916		
16:18:05		1056726		399810		656916		
16:18:07		1056727		399811		656916		
16:18:09		1056728		399812		656916		
16:18:11		1056730		399814		656916		
16:18:14		1056731		399815		656916		
16:18:16		1056732		399816		656916		
16:18:18		1056733		399817		656916		
16:18:20		1056734		399818		656916		
16:18:22		1056734		399818		656916		
16:18:24		1056734		399818		656916		
16:18:26		1056735		399819		656916		
16:18:28		1056732		399816		656916		
16:18:30		1056691		399899		656792		
16:18:32		1056754		399962		656792		
16:18:34		1056799		399883		656916		
16:18:36		1056741		399817		656924		
16:18:38		1056711		399787		656924		
16:18:40		1056689		399765		656924		
16:18:42		1056691		399767		656924		
16:18:44		1056654		399730		656924		
16:18:46		1056647		399723		656924		
16:18:48		1056661		399737		656924		
16:18:50		1056671		399747		656924		
16:18:52		1056679		399755		656924		
16:18:54		1056685		399761		656924		
16:18:56		1056689		399765		656924		
16:18:58		1056692		399768		656924		
16:19:00		1056672		399748		656924		
16:19:02		1056676		399752		656924		
16:19:04		1056679		399755		656924		
16:19:06		1056681		399757		656924		
16:19:08		1056685		399761		656924		
16:19:10		1056690		399766		656924		
16:19:12		1056695		399771		656924		
16:19:14		1056699		399775		656924		
16:19:16		1056664		399740		656924		
16:19:18		1056657		399733		656924		
16:19:20		1056671		399747		656924		
16:19:22		1056624		399700		656924		
16:19:24		1056626		399702		656924		
16:19:26		1056623		399699		656924		
16:19:28		1056622		399698		656924		
16:19:30		1056614		399806		656808		
16:19:32		1056683		399883		656800		
16:19:34		1056719		399919		656800		
16:19:36		1056746		399946		656800		
16:19:38		1056747		399947		656800		
16:19:40		1056730		399930		656800		
16:19:42		1056717		399917		656800		
16:19:44		1056707		399907		656800		
16:19:46		1056700		399900		656800		
16:19:48		1056696		399896		656800		
16:19:50		1056693		399893		656800		
16:19:52		1056692		399884		656808		
16:19:54		1056686		399878		656808		
16:19:56		1056684		399876		656808		
16:19:58		1056685		399877		656808		
16:20:00		1056686		399878		656808		
16:20:02		1056686		399878		656808		
16:20:04		1056682		399874		656808		
16:20:06		1056679		399871		656808		
16:20:08		1056676		399868		656808		
16:20:10		1056674		399866		656808		
16:20:12		1056673		399865		656808		
16:20:14		1056672		399864		656808		
16:20:16		1056673		399865		656808		
16:20:18		1056674		399866		656808		
16:20:20		1056675		399867		656808		
16:20:22		1056676		399868		656808		
16:20:24		1056677		399869		656808		
16:20:26		1056680		399872		656808		
16:20:28		1056682		399874		656808		
16:20:30		1056676		399876		656800		
16:20:32		1056675		399875		656800		
16:20:34		1056679		399879		656800		
16:20:36		1056683		399883		656800		
16:20:38		1056685		399885		656800		
16:20:40		1056687		399887		656800		
16:20:42		1056688		399888		656800		
16:20:44		1056689		399889		656800		
16:20:46		1056690		399890		656800		
16:20:48		1056691		399891		656800		
16:20:50		1056692		399892		656800		
16:20:52		1056693		399893		656800		
16:20:54		1056694		399894		656800		
16:20:56		1056695		399895		656800		
16:20:58		1056695		399895		656800		
16:21:00		1056698		399898		656800		
16:21:02		1056700		399900		656800		
16:21:05		1056702		399902		656800		
16:21:07		1056703		399903		656800		
16:21:09		1056704		399904		656800		
16:21:11		1056706		399906		656800		
16:21:13		1056707		399907		656800		
16:21:15		1056708		399908		656800		
16:21:17		1056709		399909		656800		
16:21:19		1056710		399910		656800		
16:21:21		1056710		399910		656800		
16:21:23		1056710		399910		656800		
16:21:25		1056710		399910		656800		
16:21:27		1056710		399910		656800		
16:21:29		1056703		399903		656800		
16:21:31		1056699		399899		656800		
16:21:33		1056688		399888		656800		
16:21:35		1056683		399883		656800		
16:21:37		1056679		399879		656800		
16:21:39		1056679		399879		656800		
16:21:41		1056677		399877		656800		
16:21:43		1056676		399876		656800		
16:21:45		1056675		399875		656800		
16:21:47		1056675		399875		656800		
16:21:49		1056676		399876		656800		
16:21:51		1056677		399869		656808		
16:21:53		1056672		399864		656808		
16:21:55		1056670		399862		656808		
16:21:57		1056668		399860		656808		
16:21:59		1056668		399860		656808		
16:22:01		1056668		399860		656808		
16:22:03		1056668		399860		656808		
16:22:05		1056668		399860		656808		
16:22:07		1056668		399860		656808		
16:22:09		1056668		399860		656808		
16:22:11		1056668		399860		656808		
16:22:13		1056668		399860		656808		
16:22:15		1056668		399860		656808		
16:22:17		1056668		399860		656808		
16:22:19		1056668		399860		656808		
16:22:21		1056668		399860		656808		
16:22:23		1056668		399860		656808		
16:22:25		1056668		399860		656808		
16:22:27		1056668		399860		656808		
16:22:29		1056661		399853		656808		
16:22:31		1056657		399857		656800		
16:22:33		1056656		399856		656800		
16:22:35		1056658		399858		656800		
16:22:37		1056659		399859		656800		
16:22:39		1056685		399885		656800		
16:22:41		1056704		399904		656800		
16:22:43		1056718		399918		656800		
16:22:45		1056729		399929		656800		
16:22:47		1056737		399937		656800		
16:22:49		1056725		399925		656800		
16:22:51		1056716		399916		656800		
16:22:53		1056727		399927		656800		
16:22:55		1056736		399936		656800		
16:22:57		1056744		399944		656800		
16:22:59		1056750		399950		656800		
16:23:01		1056754		399954		656800		
16:23:03		1056738		399938		656800		
16:23:05		1056726		399926		656800		
16:23:07		1056718		399918		656
