record in kb
time		total		used		free
[15:52:23]		1048572		15540		1033032
[15:52:24]		1048572		15540		1033032
[15:52:25]		1048572		15540		1033032
[15:52:26]		1048572		15540		1033032
[15:52:27]		1048572		15540		1033032
[15:52:28]		1048572		15540		1033032
[15:52:29]		1048572		15540		1033032
[15:52:30]		1048572		15544		1033028
[15:52:31]		1048572		15556		1033016
[15:52:32]		1048572		15552		1033020
[15:52:33]		1048572		15552		1033020
[15:52:34]		1048572		15552		1033020
[15:52:35]		1048572		15552		1033020
[15:52:36]		1048572		15552		1033020
[15:52:37]		1048572		15552		1033020
[15:52:38]		1048572		15552		1033020
[15:52:39]		1048572		15552		1033020
[15:52:40]		1048572		15552		1033020
[15:52:41]		1048572		15552		1033020
[15:52:42]		1048572		15552		1033020
[15:52:43]		1048572		15552		1033020
[15:52:44]		1048572		15552		1033020
[15:52:45]		1048572		15552		1033020
[15:52:46]		1048572		15552		1033020
[15:52:47]		1048572		15552		1033020
[15:52:48]		1048572		15552		1033020
[15:52:49]		1048572		15552		1033020
[15:52:50]		1048572		15552		1033020
[15:52:51]		1048572		15552		1033020
[15:52:52]		1048572		15552		1033020
[15:52:53]		1048572		15552		1033020
[15:52:54]		1048572		15552		1033020
[15:52:55]		1048572		15552		1033020
[15:52:56]		1048572		15552		1033020
[15:52:57]		1048572		15552		1033020
[15:52:58]		1048572		15552		1033020
[15:52:59]		1048572		15552		1033020
[15:53:00]		1048572		15552		1033020
[15:53:01]		1048572		15552		1033020
[15:53:02]		1048572		15552		1033020
[15:53:03]		1048572		15552		1033020
[15:53:04]		1048572		15552		1033020
[15:53:05]		1048572		15552		1033020
[15:53:06]		1048572		15552		1033020
[15:53:07]		1048572		15552		1033020
[15:53:08]		1048572		15552		1033020
[15:53:09]		1048572		15552		1033020
[15:53:10]		1048572		15552		1033020
[15:53:11]		1048572		15552		1033020
[15:53:12]		1048572		15552		1033020
[15:53:13]		1048572		15552		1033020
[15:53:14]		1048572		15552		1033020
[15:53:15]		1048572		15552		1033020
[15:53:16]		1048572		15552		1033020
[15:53:17]		1048572		15552		1033020
[15:53:18]		1048572		15552		1033020
[15:53:19]		1048572		15552		1033020
[15:53:20]		1048572		15536		1033036
[15:53:21]		1048572		15536		1033036
[15:53:22]		1048572		15536		1033036
[15:53:23]		1048572		15536		1033036
[15:53:24]		1048572		15536		1033036
[15:53:25]		1048572		15536		1033036
[15:53:26]		1048572		15536		1033036
[15:53:27]		1048572		15536		1033036
[15:53:28]		1048572		15536		1033036
[15:53:29]		1048572		15536		1033036
[15:53:30]		1048572		15536		1033036
[15:53:31]		1048572		15536		1033036
[15:53:32]		1048572		15536		1033036
[15:53:33]		1048572		15536		1033036
[15:53:34]		1048572		15536		1033036
[15:53:35]		1048572		15536		1033036
[15:53:36]		1048572		15536		1033036
[15:53:37]		1048572		15536		1033036
[15:53:38]		1048572		15536		1033036
[15:53:39]		1048572		15536		1033036
[15:53:40]		1048572		15536		1033036
[15:53:41]		1048572		15536		1033036
[15:53:42]		1048572		15536		1033036
[15:53:43]		1048572		15536		1033036
[15:53:44]		1048572		15536		1033036
[15:53:45]		1048572		15536		1033036
[15:53:46]		1048572		15536		1033036
[15:53:47]		1048572		15536		1033036
[15:53:48]		1048572		15536		1033036
[15:53:49]		1048572		15536		1033036
[15:53:50]		1048572		15532		1033040
[15:53:51]		1048572		15532		1033040
[15:53:52]		1048572		15532		1033040
[15:53:53]		1048572		15528		1033044
[15:53:54]		1048572		15528		1033044
[15:53:55]		1048572		15528		1033044
[15:53:57]		1048572		15528		1033044
[15:53:58]		1048572		15528		1033044
[15:53:59]		1048572		15528		1033044
[15:54:00]		1048572		15528		1033044
[15:54:01]		1048572		15528		1033044
[15:54:02]		1048572		15528		1033044
[15:54:03]		1048572		15528		1033044
[15:54:04]		1048572		15528		1033044
[15:54:05]		1048572		15528		1033044
[15:54:06]		1048572		15528		1033044
[15:54:07]		1048572		15528		1033044
[15:54:08]		1048572		15528		1033044
[15:54:09]		1048572		15528		1033044
[15:54:10]		1048572		15528		1033044
[15:54:11]		1048572		15528		1033044
[15:54:12]		1048572		15528		1033044
[15:54:13]		1048572		15528		1033044
[15:54:14]		1048572		15528		1033044
[15:54:15]		1048572		15528		1033044
[15:54:16]		1048572		15528		1033044
[15:54:17]		1048572		15528		1033044
[15:54:18]		1048572		15528		1033044
[15:54:19]		1048572		15528		1033044
[15:54:20]		1048572		15528		1033044
[15:54:21]		1048572		15528		1033044
[15:54:22]		1048572		15528		1033044
[15:54:23]		1048572		15528		1033044
[15:54:24]		1048572		15528		1033044
[15:54:25]		1048572		15528		1033044
[15:54:26]		1048572		15528		1033044
[15:54:27]		1048572		15528		1033044
[15:54:28]		1048572		15528		1033044
[15:54:29]		1048572		15528		1033044
[15:54:30]		1048572		15528		1033044
[15:54:31]		1048572		15528		1033044
[15:54:32]		1048572		15528		1033044
[15:54:33]		1048572		15528		1033044
[15:54:34]		1048572		15528		1033044
[15:54:35]		1048572		15528		1033044
[15:54:36]		1048572		15528		1033044
[15:54:37]		1048572		15528		1033044
[15:54:38]		1048572		15528		1033044
[15:54:39]		1048572		15528		1033044
[15:54:40]		1048572		15528		1033044
[15:54:41]		1048572		15528		1033044
[15:54:42]		1048572		15528		1033044
[15:54:43]		1048572		15528		1033044
[15:54:44]		1048572		15528		1033044
[15:54:45]		1048572		15528		1033044
[15:54:46]		1048572		15528		1033044
[15:54:47]		1048572		15528		1033044
[15:54:48]		1048572		15528		1033044
[15:54:49]		1048572		15528		1033044
[15:54:50]		1048572		15528		1033044
[15:54:51]		1048572		15528		1033044
[15:54:52]		1048572		15528		1033044
[15:54:53]		1048572		15528		1033044
[15:54:54]		1048572		15528		1033044
[15:54:55]		1048572		15528		1033044
[15:54:56]		1048572		15528		1033044
[15:54:57]		1048572		15528		1033044
[15:54:58]		1048572		15528		1033044
[15:54:59]		1048572		15528		1033044
[15:55:00]		1048572		15528		1033044
[15:55:01]		1048572		15528		1033044
[15:55:02]		1048572		15528		1033044
[15:55:03]		1048572		15528		1033044
[15:55:04]		1048572		15528		1033044
[15:55:05]		1048572		15528		1033044
[15:55:06]		1048572		15528		1033044
[15:55:07]		1048572		15528		1033044
[15:55:08]		1048572		15528		1033044
[15:55:09]		1048572		15528		1033044
[15:55:10]		1048572		15528		1033044
[15:55:11]		1048572		15528		1033044
[15:55:12]		1048572		15528		1033044
[15:55:13]		1048572		15528		1033044
[15:55:14]		1048572		15528		1033044
[15:55:15]		1048572		15528		1033044
[15:55:16]		1048572		15528		1033044
[15:55:17]		1048572		15528		1033044
[15:55:18]		1048572		15528		1033044
[15:55:19]		1048572		15528		1033044
[15:55:20]		1048572		15528		1033044
[15:55:21]		1048572		15528		1033044
[15:55:22]		1048572		15528		1033044
[15:55:23]		1048572		15528		1033044
[15:55:24]		1048572		15528		1033044
[15:55:25]		1048572		15528		1033044
[15:55:26]		1048572		15528		1033044
[15:55:27]		1048572		15528		1033044
[15:55:28]		1048572		15528		1033044
[15:55:29]		1048572		15528		1033044
[15:55:30]		1048572		15528		1033044
[15:55:31]		1048572		15528		1033044
[15:55:32]		1048572		15528		1033044
[15:55:33]		1048572		15528		1033044
[15:55:34]		1048572		15528		1033044
[15:55:35]		1048572		15528		1033044
[15:55:36]		1048572		15528		1033044
[15:55:37]		1048572		15528		1033044
[15:55:38]		1048572		15528		1033044
[15:55:39]		1048572		15528		1033044
[15:55:40]		1048572		15528		1033044
[15:55:41]		1048572		15528		1033044
[15:55:42]		1048572		15528		1033044
[15:55:43]		1048572		15528		1033044
[15:55:44]		1048572		15528		1033044
[15:55:45]		1048572		15528		1033044
[15:55:46]		1048572		15528		1033044
[15:55:47]		1048572		15528		1033044
[15:55:48]		1048572		15528		1033044
[15:55:49]		1048572		15528		1033044
[15:55:50]		1048572		15528		1033044
[15:55:51]		1048572		15528		1033044
[15:55:52]		1048572		15528		1033044
[15:55:53]		1048572		15528		1033044
[15:55:54]		1048572		15528		1033044
[15:55:55]		1048572		15528		1033044
[15:55:56]		1048572		15528		1033044
[15:55:57]		1048572		15528		1033044
[15:55:58]		1048572		15528		1033044
[15:55:59]		1048572		15528		1033044
[15:56:00]		1048572		15528		1033044
[15:56:01]		1048572		15528		1033044
[15:56:02]		1048572		15528		1033044
[15:56:03]		1048572		15528		1033044
[15:56:04]		1048572		15528		1033044
[15:56:05]		1048572		15528		1033044
[15:56:06]		1048572		15528		1033044
[15:56:07]		1048572		15528		1033044
[15:56:08]		1048572		15528		1033044
[15:56:09]		1048572		15528		1033044
[15:56:10]		1048572		15528		1033044
[15:56:11]		1048572		15528		1033044
[15:56:12]		1048572		15528		1033044
[15:56:13]		1048572		15528		1033044
[15:56:14]		1048572		15528		1033044
[15:56:15]		1048572		15528		1033044
[15:56:16]		1048572		15528		1033044
[15:56:17]		1048572		15528		1033044
[15:56:18]		1048572		15528		1033044
[15:56:19]		1048572		15528		1033044
[15:56:20]		1048572		15528		1033044
[15:56:22]		1048572		15528		1033044
[15:56:23]		1048572		15528		1033044
[15:56:24]		1048572		15528		1033044
[15:56:25]		1048572		15528		1033044
[15:56:26]		1048572		15528		1033044
[15:56:27]		1048572		15528		1033044
[15:56:28]		1048572		15528		1033044
[15:56:29]		1048572		15528		1033044
[15:56:30]		1048572		15528		1033044
[15:56:31]		1048572		15528		1033044
[15:56:32]		1048572		15528		1033044
[15:56:33]		1048572		15528		1033044
[15:56:34]		1048572		15528		1033044
[15:56:35]		1048572		15528		1033044
[15:56:36]		1048572		15528		1033044
[15:56:37]		1048572		15528		1033044
[15:56:38]		1048572		15528		1033044
[15:56:39]		1048572		15528		1033044
[15:56:40]		1048572		15528		1033044
[15:56:41]		1048572		15528		1033044
[15:56:42]		1048572		15528		1033044
[15:56:43]		1048572		15528		1033044
[15:56:44]		1048572		15528		1033044
[15:56:45]		1048572		15528		1033044
[15:56:46]		1048572		15528		1033044
[15:56:47]		1048572		15528		1033044
[15:56:48]		1048572		15528		1033044
[15:56:49]		1048572		15528		1033044
[15:56:50]		1048572		15528		1033044
[15:56:51]		1048572		15528		1033044
[15:56:52]		1048572		15528		1033044
[15:56:53]		1048572		15528		1033044
[15:56:54]		1048572		15528		1033044
[15:56:55]		1048572		15528		1033044
[15:56:56]		1048572		15528		1033044
[15:56:57]		1048572		15528		1033044
[15:56:58]		1048572		15528		1033044
[15:56:59]		1048572		15528		1033044
[15:57:00]		1048572		15528		1033044
[15:57:01]		1048572		15528		1033044
[15:57:02]		1048572		15528		1033044
[15:57:03]		1048572		15528		1033044
[15:57:04]		1048572		15528		1033044
[15:57:05]		1048572		15528		1033044
[15:57:06]		1048572		15528		1033044
[15:57:07]		1048572		15528		1033044
[15:57:08]		1048572		15528		1033044
[15:57:09]		1048572		15528		1033044
[15:57:10]		1048572		15528		1033044
[15:57:11]		1048572		15528		1033044
[15:57:12]		1048572		15528		1033044
[15:57:13]		1048572		15528		1033044
[15:57:14]		1048572		15528		1033044
[15:57:15]		1048572		15528		1033044
[15:57:16]		1048572		15528		1033044
[15:57:17]		1048572		15528		1033044
[15:57:18]		1048572		15528		1033044
[15:57:19]		1048572		15528		1033044
[15:57:20]		1048572		15528		1033044
[15:57:21]		1048572		15528		1033044
[15:57:22]		1048572		15528		1033044
[15:57:23]		1048572		15528		1033044
[15:57:24]		1048572		15528		1033044
[15:57:25]		1048572		15528		1033044
[15:57:26]		1048572		15528		1033044
[15:57:27]		1048572		15528		1033044
[15:57:28]		1048572		15528		1033044
[15:57:29]		1048572		15528		1033044
[15:57:30]		1048572		15528		1033044
[15:57:31]		1048572		15528		1033044
[15:57:32]		1048572		15528		1033044
[15:57:33]		1048572		15528		1033044
[15:57:34]		1048572		15528		1033044
[15:57:35]		1048572		15528		1033044
[15:57:36]		1048572		15528		1033044
[15:57:37]		1048572		15528		1033044
[15:57:38]		1048572		15528		1033044
[15:57:39]		1048572		15528		1033044
[15:57:40]		1048572		15528		1033044
[15:57:41]		1048572		15528		1033044
[15:57:42]		1048572		15528		1033044
[15:57:43]		1048572		15528		1033044
[15:57:44]		1048572		15528		1033044
[15:57:45]		1048572		15528		1033044
[15:57:46]		1048572		15528		1033044
[15:57:47]		1048572		15528		1033044
[15:57:48]		1048572		15528		1033044
[15:57:49]		1048572		15528		1033044
[15:57:50]		1048572		15528		1033044
[15:57:51]		1048572		15528		1033044
[15:57:52]		1048572		15528		1033044
[15:57:53]		1048572		15528		1033044
[15:57:54]		1048572		15528		1033044
[15:57:55]		1048572		15528		1033044
[15:57:56]		1048572		15528		1033044
[15:57:57]		1048572		15528		1033044
[15:57:58]		1048572		15516		1033056
[15:57:59]		1048572		15516		1033056
[15:58:00]		1048572		15516		1033056
[15:58:01]		1048572		15516		1033056
[15:58:02]		1048572		15516		1033056
[15:58:03]		1048572		15516		1033056
[15:58:04]		1048572		15516		1033056
[15:58:05]		1048572		15516		1033056
[15:58:06]		1048572		15516		1033056
[15:58:07]		1048572		15516		1033056
[15:58:08]		1048572		15516		1033056
[15:58:09]		1048572		15516		1033056
[15:58:10]		1048572		15516		1033056
[15:58:11]		1048572		15516		1033056
[15:58:12]		1048572		15516		1033056
[15:58:13]		1048572		15516		1033056
[15:58:14]		1048572		15516		1033056
[15:58:15]		1048572		15516		1033056
[15:58:16]		1048572		15516		1033056
[15:58:17]		1048572		15516		1033056
[15:58:18]		1048572		15516		1033056
[15:58:19]		1048572		15516		1033056
[15:58:20]		1048572		15516		1033056
[15:58:21]		1048572		15516		1033056
[15:58:22]		1048572		15516		1033056
[15:58:23]		1048572		15516		1033056
[15:58:24]		1048572		15516		1033056
[15:58:25]		1048572		15516		1033056
[15:58:26]		1048572		15516		1033056
[15:58:27]		1048572		15516		1033056
[15:58:28]		1048572		15516		1033056
[15:58:29]		1048572		15516		1033056
[15:58:30]		1048572		15516		1033056
[15:58:31]		1048572		15516		1033056
[15:58:32]		1048572		15516		1033056
[15:58:33]		1048572		15516		1033056
[15:58:34]		1048572		15516		1033056
[15:58:35]		1048572		15516		1033056
[15:58:36]		1048572		15516		1033056
[15:58:37]		1048572		15516		1033056
[15:58:38]		1048572		15516		1033056
[15:58:39]		1048572		15516		1033056
[15:58:40]		1048572		15516		1033056
[15:58:41]		1048572		15516		1033056
[15:58:42]		1048572		15516		1033056
[15:58:43]		1048572		15516		1033056
[15:58:44]		1048572		15516		1033056
[15:58:45]		1048572		15516		1033056
[15:58:46]		1048572		15516		1033056
[15:58:47]		1048572		15516		1033056
[15:58:48]		1048572		15516		1033056
[15:58:49]		1048572		15516		1033056
[15:58:50]		1048572		15516		1033056
[15:58:51]		1048572		15516		1033056
[15:58:52]		1048572		15516		1033056
[15:58:53]		1048572		15516		1033056
[15:58:54]		1048572		15516		1033056
[15:58:55]		1048572		15516		1033056
[15:58:56]		1048572		15516		1033056
[15:58:57]		1048572		15516		1033056
[15:58:58]		1048572		15516		1033056
[15:58:59]		1048572		15516		1033056
[15:59:00]		1048572		15516		1033056
[15:59:01]		1048572		15516		1033056
[15:59:02]		1048572		15516		1033056
[15:59:03]		1048572		15516		1033056
[15:59:04]		1048572		15516		1033056
[15:59:05]		1048572		15516		1033056
[15:59:06]		1048572		15516		1033056
[15:59:07]		1048572		15516		1033056
[15:59:08]		1048572		15516		1033056
[15:59:09]		1048572		15516		1033056
[15:59:10]		1048572		15516		1033056
[15:59:11]		1048572		15516		1033056
[15:59:12]		1048572		15516		1033056
[15:59:13]		1048572		15516		1033056
[15:59:14]		1048572		15516		1033056
[15:59:15]		1048572		15516		1033056
[15:59:16]		1048572		15516		1033056
[15:59:17]		1048572		15516		1033056
[15:59:18]		1048572		15516		1033056
[15:59:19]		1048572		15516		1033056
[15:59:20]		1048572		15516		1033056
[15:59:21]		1048572		15516		1033056
[15:59:22]		1048572		15516		1033056
[15:59:23]		1048572		15516		1033056
[15:59:24]		1048572		15516		1033056
[15:59:25]		1048572		15516		1033056
[15:59:26]		1048572		15516		1033056
[15:59:27]		1048572		15516		1033056
[15:59:28]		1048572		15516		1033056
[15:59:29]		1048572		15516		1033056
[15:59:30]		1048572		15516		1033056
[15:59:31]		1048572		15516		1033056
[15:59:32]		1048572		15516		1033056
[15:59:33]		1048572		15516		1033056
[15:59:34]		1048572		15516		1033056
[15:59:35]		1048572		15516		1033056
[15:59:36]		1048572		15516		1033056
[15:59:37]		1048572		15516		1033056
[15:59:38]		1048572		15516		1033056
[15:59:39]		1048572		15516		1033056
[15:59:40]		1048572		15516		1033056
[15:59:41]		1048572		15516		1033056
[15:59:42]		1048572		15516		1033056
[15:59:43]		1048572		15516		1033056
[15:59:44]		1048572		15516		1033056
[15:59:45]		1048572		15516		1033056
[15:59:46]		1048572		15516		1033056
[15:59:47]		1048572		15516		1033056
[15:59:48]		1048572		15516		1033056
[15:59:49]		1048572		15516		1033056
[15:59:50]		1048572		15516		1033056
[15:59:51]		1048572		15516		1033056
[15:59:52]		1048572		15516		1033056
[15:59:53]		1048572		15516		1033056
[15:59:54]		1048572		15516		1033056
[15:59:55]		1048572		15516		1033056
[15:59:56]		1048572		15516		1033056
[15:59:57]		1048572		15516		1033056
[15:59:58]		1048572		15516		1033056
[15:59:59]		1048572		15516		1033056
[16:00:00]		1048572		15516		1033056
[16:00:01]		1048572		15516		1033056
[16:00:02]		1048572		15516		1033056
[16:00:03]		1048572		15516		1033056
[16:00:04]		1048572		15516		1033056
[16:00:05]		1048572		15516		1033056
[16:00:06]		1048572		15516		1033056
[16:00:07]		1048572		15516		1033056
[16:00:08]		1048572		15516		1033056
[16:00:09]		1048572		15516		1033056
[16:00:10]		1048572		15516		1033056
[16:00:11]		1048572		15516		1033056
[16:00:12]		1048572		15516		1033056
[16:00:13]		1048572		15516		1033056
[16:00:14]		1048572		15516		1033056
[16:00:15]		1048572		15516		1033056
[16:00:16]		1048572		15516		1033056
[16:00:17]		1048572		15516		1033056
[16:00:18]		1048572		15516		1033056
[16:00:19]		1048572		15516		1033056
[16:00:20]		1048572		15516		1033056
[16:00:21]		1048572		15516		1033056
[16:00:22]		1048572		15516		1033056
[16:00:23]		1048572		15516		1033056
[16:00:24]		1048572		15516		1033056
[16:00:25]		1048572		15516		1033056
[16:00:26]		1048572		15516		1033056
[16:00:27]		1048572		15516		1033056
[16:00:28]		1048572		15516		1033056
[16:00:29]		1048572		15516		1033056
[16:00:30]		1048572		15516		1033056
[16:00:31]		1048572		15516		1033056
[16:00:32]		1048572		15516		1033056
[16:00:33]		1048572		15516		1033056
[16:00:34]		1048572		15516		1033056
[16:00:35]		1048572		15516		1033056
[16:00:36]		1048572		15516		1033056
[16:00:37]		1048572		15516		1033056
[16:00:38]		1048572		15516		1033056
[16:00:39]		1048572		15516		1033056
[16:00:40]		1048572		15516		1033056
[16:00:41]		1048572		15516		1033056
[16:00:42]		1048572		15516		1033056
[16:00:43]		1048572		15516		1033056
[16:00:44]		1048572		15516		1033056
[16:00:45]		1048572		15516		1033056
[16:00:46]		1048572		15516		1033056
[16:00:47]		1048572		15516		1033056
[16:00:48]		1048572		15516		1033056
[16:00:49]		1048572		15516		1033056
[16:00:50]		1048572		15516		1033056
[16:00:51]		1048572		15516		1033056
[16:00:52]		1048572		15516		1033056
[16:00:53]		1048572		15516		1033056
[16:00:54]		1048572		15516		1033056
[16:00:55]		1048572		15516		1033056
[16:00:56]		1048572		15516		1033056
[16:00:57]		1048572		15516		1033056
[16:00:58]		1048572		15516		1033056
[16:00:59]		1048572		15516		1033056
[16:01:00]		1048572		15516		1033056
[16:01:01]		1048572		15516		1033056
[16:01:02]		1048572		15516		1033056
[16:01:03]		1048572		15516		1033056
[16:01:04]		1048572		15516		1033056
[16:01:05]		1048572		15516		1033056
[16:01:06]		1048572		15516		1033056
[16:01:07]		1048572		15516		1033056
[16:01:08]		1048572		15516		1033056
[16:01:09]		1048572		15516		1033056
[16:01:10]		1048572		15516		1033056
[16:01:11]		1048572		15516		1033056
[16:01:12]		1048572		15516		1033056
[16:01:13]		1048572		15516		1033056
[16:01:14]		1048572		15516		1033056
[16:01:15]		1048572		15504		1033068
[16:01:16]		1048572		15504		1033068
[16:01:17]		1048572		15504		1033068
[16:01:18]		1048572		15504		1033068
[16:01:19]		1048572		15504		1033068
[16:01:20]		1048572		15504		1033068
[16:01:21]		1048572		15504		1033068
[16:01:22]		1048572		15504		1033068
[16:01:23]		1048572		15504		1033068
[16:01:24]		1048572		15504		1033068
[16:01:25]		1048572		15504		1033068
[16:01:26]		1048572		15504		1033068
[16:01:27]		1048572		15504		1033068
[16:01:28]		1048572		15504		1033068
[16:01:29]		1048572		15504		1033068
[16:01:30]		1048572		15504		1033068
[16:01:31]		1048572		15504		1033068
[16:01:32]		1048572		15504		1033068
[16:01:33]		1048572		15504		1033068
[16:01:34]		1048572		15504		1033068
[16:01:35]		1048572		15504		1033068
[16:01:36]		1048572		15504		1033068
[16:01:37]		1048572		15504		1033068
[16:01:39]		1048572		15504		1033068
[16:01:40]		1048572		15504		1033068
[16:01:41]		1048572		15504		1033068
[16:01:42]		1048572		15504		1033068
[16:01:43]		1048572		15504		1033068
[16:01:44]		1048572		15504		1033068
[16:01:45]		1048572		15504		1033068
[16:01:46]		1048572		15504		1033068
[16:01:47]		1048572		15504		1033068
[16:01:48]		1048572		15504		1033068
[16:01:49]		1048572		15504		1033068
[16:01:50]		1048572		15504		1033068
[16:01:51]		1048572		15504		1033068
[16:01:52]		1048572		15504		1033068
[16:01:53]		1048572		15504		1033068
[16:01:54]		1048572		15504		1033068
[16:01:55]		1048572		15504		1033068
[16:01:56]		1048572		15504		1033068
[16:01:57]		1048572		15504		1033068
[16:01:58]		1048572		15504		1033068
[16:01:59]		1048572		15504		1033068
[16:02:00]		1048572		15504		1033068
[16:02:01]		1048572		15504		1033068
[16:02:02]		1048572		15504		1033068
[16:02:03]		1048572		15504		1033068
[16:02:04]		1048572		15504		1033068
[16:02:05]		1048572		15504		1033068
[16:02:06]		1048572		15504		1033068
[16:02:07]		1048572		15504		1033068
[16:02:08]		1048572		15504		1033068
[16:02:09]		1048572		15504		1033068
[16:02:10]		1048572		15504		1033068
[16:02:11]		1048572		15504		1033068
[16:02:12]		1048572		15504		1033068
[16:02:13]		1048572		15504		1033068
[16:02:14]		1048572		15504		1033068
[16:02:15]		1048572		15504		1033068
[16:02:16]		1048572		15504		1033068
[16:02:17]		1048572		15504		1033068
[16:02:18]		1048572		15504		1033068
[16:02:19]		1048572		15504		1033068
[16:02:20]		1048572		15504		1033068
[16:02:21]		1048572		15504		1033068
[16:02:22]		1048572		15504		1033068
[16:02:23]		1048572		15504		1033068
[16:02:24]		1048572		15504		1033068
[16:02:25]		1048572		15504		1033068
[16:02:26]		1048572		15504		1033068
[16:02:27]		1048572		15504		1033068
[16:02:28]		1048572		15504		1033068
[16:02:29]		1048572		15504		1033068
[16:02:30]		1048572		15504		1033068
[16:02:31]		1048572		15504		1033068
[16:02:32]		1048572		15504		1033068
[16:02:33]		1048572		15504		1033068
[16:02:34]		1048572		15504		1033068
[16:02:35]		1048572		15504		1033068
[16:02:36]		1048572		15504		1033068
[16:02:37]		1048572		15504		1033068
[16:02:38]		1048572		15504		1033068
[16:02:39]		1048572		15504		1033068
[16:02:40]		1048572		15504		1033068
[16:02:41]		1048572		15504		1033068
[16:02:42]		1048572		15504		1033068
[16:02:43]		1048572		15504		1033068
[16:02:44]		1048572		15504		1033068
[16:02:45]		1048572		15504		1033068
[16:02:46]		1048572		15504		1033068
[16:02:47]		1048572		15504		1033068
[16:02:48]		1048572		15504		1033068
[16:02:49]		1048572		15504		1033068
[16:02:50]		1048572		15504		1033068
[16:02:51]		1048572		15504		1033068
[16:02:52]		1048572		15504		1033068
[16:02:53]		1048572		15504		1033068
[16:02:54]		1048572		15504		1033068
[16:02:55]		1048572		15504		1033068
[16:02:56]		1048572		15504		1033068
[16:02:57]		1048572		15504		1033068
[16:02:58]		1048572		15504		1033068
[16:02:59]		1048572		15504		1033068
[16:03:00]		1048572		15504		1033068
[16:03:01]		1048572		15504		1033068
[16:03:02]		1048572		15504		1033068
[16:03:03]		1048572		15504		1033068
[16:03:04]		1048572		15504		1033068
[16:03:05]		1048572		15504		1033068
[16:03:06]		1048572		15504		1033068
[16:03:07]		1048572		15504		1033068
[16:03:08]		1048572		15504		1033068
[16:03:09]		1048572		15504		1033068
[16:03:10]		1048572		15504		1033068
[16:03:11]		1048572		15504		1033068
[16:03:12]		1048572		15504		1033068
[16:03:13]		1048572		15504		1033068
[16:03:14]		1048572		15504		1033068
[16:03:15]		1048572		15504		1033068
[16:03:16]		1048572		15504		1033068
[16:03:17]		1048572		15504		1033068
[16:03:18]		1048572		15504		1033068
[16:03:19]		1048572		15504		1033068
[16:03:20]		1048572		15504		1033068
[16:03:21]		1048572		15504		1033068
[16:03:22]		1048572		15504		1033068
[16:03:23]		1048572		15504		1033068
[16:03:24]		1048572		15504		1033068
[16:03:25]		1048572		15504		1033068
[16:03:26]		1048572		15504		1033068
[16:03:27]		1048572		15504		1033068
[16:03:28]		1048572		15504		1033068
[16:03:29]		1048572		15504		1033068
[16:03:30]		1048572		15504		1033068
[16:03:31]		1048572		15504		1033068
[16:03:32]		1048572		15504		1033068
[16:03:33]		1048572		15504		1033068
[16:03:34]		1048572		15504		1033068
[16:03:35]		1048572		15504		1033068
[16:03:36]		1048572		15504		1033068
[16:03:37]		1048572		15504		1033068
[16:03:38]		1048572		15504		1033068
[16:03:39]		1048572		15504		1033068
[16:03:40]		1048572		15504		1033068
[16:03:41]		1048572		15504		1033068
[16:03:42]		1048572		15504		1033068
[16:03:43]		1048572		15504		1033068
[16:03:44]		1048572		15504		1033068
[16:03:45]		1048572		15504		1033068
[16:03:46]		1048572		15504		1033068
[16:03:47]		1048572		15504		1033068
[16:03:48]		1048572		15504		1033068
[16:03:49]		1048572		15504		1033068
[16:03:50]		1048572		15504		1033068
[16:03:51]		1048572		15504		1033068
[16:03:52]		1048572		15504		1033068
[16:03:53]		1048572		15504		1033068
[16:03:54]		1048572		15504		1033068
[16:03:55]		1048572		15504		1033068
[16:03:56]		1048572		15504		1033068
[16:03:57]		1048572		15504		1033068
[16:03:58]		1048572		15504		1033068
[16:03:59]		1048572		15504		1033068
[16:04:00]		1048572		15504		1033068
[16:04:01]		1048572		15504		1033068
[16:04:02]		1048572		15504		1033068
[16:04:03]		1048572		15504		1033068
[16:04:04]		1048572		15504		1033068
[16:04:05]		1048572		15504		1033068
[16:04:06]		1048572		15504		1033068
[16:04:07]		1048572		15504		1033068
[16:04:08]		1048572		15504		1033068
[16:04:09]		1048572		15504		1033068
[16:04:10]		1048572		15504		1033068
[16:04:11]		1048572		15504		1033068
[16:04:12]		1048572		15504		1033068
[16:04:13]		1048572		15504		1033068
[16:04:14]		1048572		15504		1033068
[16:04:15]		1048572		15504		1033068
[16:04:16]		1048572		15504		1033068
[16:04:17]		1048572		15504		1033068
[16:04:18]		1048572		15504		1033068
[16:04:20]		1048572		15504		1033068
[16:04:21]		1048572		15504		1033068
[16:04:22]		1048572		15504		1033068
[16:04:23]		1048572		15504		1033068
[16:04:24]		1048572		15504		1033068
[16:04:25]		1048572		15504		1033068
[16:04:26]		1048572		15504		1033068
[16:04:27]		1048572		15504		1033068
[16:04:28]		1048572		15504		1033068
[16:04:29]		1048572		15504		1033068
[16:04:30]		1048572		15504		1033068
[16:04:31]		1048572		15504		1033068
[16:04:32]		1048572		15504		1033068
[16:04:33]		1048572		15504		1033068
[16:04:34]		1048572		15504		1033068
[16:04:35]		1048572		15504		1033068
[16:04:36]		1048572		15504		1033068
[16:04:37]		1048572		15504		1033068
[16:04:38]		1048572		15504		1033068
[16:04:39]		1048572		15504		1033068
[16:04:40]		1048572		15504		1033068
[16:04:41]		1048572		15504		1033068
[16:04:42]		1048572		15504		1033068
[16:04:43]		1048572		15504		1033068
[16:04:44]		1048572		15504		1033068
[16:04:45]		1048572		15504		1033068
[16:04:46]		1048572		15504		1033068
[16:04:47]		1048572		15504		1033068
[16:04:48]		1048572		15504		1033068
[16:04:49]		1048572		15504		1033068
[16:04:50]		1048572		15504		1033068
[16:04:51]		1048572		15504		1033068
[16:04:52]		1048572		15504		1033068
[16:04:53]		1048572		15504		1033068
[16:04:54]		1048572		15504		1033068
[16:04:55]		1048572		15504		1033068
[16:04:56]		1048572		15504		1033068
[16:04:57]		1048572		15504		1033068
[16:04:58]		1048572		15504		1033068
[16:04:59]		1048572		15504		1033068
[16:05:00]		1048572		15504		1033068
[16:05:01]		1048572		15504		1033068
[16:05:02]		1048572		15504		1033068
[16:05:03]		1048572		15504		1033068
[16:05:04]		1048572		15504		1033068
[16:05:05]		1048572		15504		1033068
[16:05:06]		1048572		15504		1033068
[16:05:07]		1048572		15504		1033068
[16:05:08]		1048572		15504		1033068
[16:05:09]		1048572		15504		1033068
[16:05:10]		1048572		15504		1033068
[16:05:11]		1048572		15504		1033068
[16:05:12]		1048572		15504		1033068
[16:05:13]		1048572		15504		1033068
[16:05:14]		1048572		15504		1033068
[16:05:15]		1048572		15504		1033068
[16:05:16]		1048572		15504		1033068
[16:05:17]		1048572		15504		1033068
[16:05:18]		1048572		15504		1033068
[16:05:19]		1048572		15504		1033068
[16:05:20]		1048572		15504		1033068
[16:05:21]		1048572		15504		1033068
[16:05:22]		1048572		15504		1033068
[16:05:23]		1048572		15504		1033068
[16:05:24]		1048572		15504		1033068
[16:05:25]		1048572		15504		1033068
[16:05:26]		1048572		15504		1033068
[16:05:27]		1048572		15504		1033068
[16:05:28]		1048572		15504		1033068
[16:05:29]		1048572		15504		1033068
[16:05:30]		1048572		15504		1033068
[16:05:31]		1048572		15504		1033068
[16:05:32]		1048572		15504		1033068
[16:05:33]		1048572		15504		1033068
[16:05:34]		1048572		15504		1033068
[16:05:35]		1048572		15504		1033068
[16:05:36]		1048572		15504		1033068
[16:05:37]		1048572		15504		1033068
[16:05:38]		1048572		15504		1033068
[16:05:39]		1048572		15504		1033068
[16:05:40]		1048572		15504		1033068
[16:05:41]		1048572		15504		1033068
[16:05:42]		1048572		15504		1033068
[16:05:43]		1048572		15504		1033068
[16:05:44]		1048572		15504		1033068
[16:05:45]		1048572		15504		1033068
[16:05:46]		1048572		15504		1033068
[16:05:47]		1048572		15504		1033068
[16:05:48]		1048572		15504		1033068
[16:05:49]		1048572		15504		1033068
[16:05:50]		1048572		15504		1033068
[16:05:51]		1048572		15504		1033068
[16:05:52]		1048572		15504		1033068
[16:05:53]		1048572		15504		1033068
[16:05:54]		1048572		15504		1033068
[16:05:55]		1048572		15504		1033068
[16:05:56]		1048572		15504		1033068
[16:05:57]		1048572		15504		1033068
[16:05:58]		1048572		15504		1033068
[16:05:59]		1048572		15504		1033068
[16:06:00]		1048572		15504		1033068
[16:06:01]		1048572		15504		1033068
[16:06:02]		1048572		15504		1033068
[16:06:03]		1048572		15504		1033068
[16:06:04]		1048572		15504		1033068
[16:06:05]		1048572		15504		1033068
[16:06:06]		1048572		15504		1033068
[16:06:07]		1048572		15504		1033068
[16:06:08]		1048572		15504		1033068
[16:06:09]		1048572		15504		1033068
[16:06:10]		1048572		15504		1033068
[16:06:11]		1048572		15504		1033068
[16:06:12]		1048572		15504		1033068
[16:06:13]		1048572		15504		1033068
[16:06:14]		1048572		15504		1033068
[16:06:15]		1048572		15504		1033068
[16:06:16]		1048572		15504		1033068
[16:06:17]		1048572		15504		1033068
[16:06:18]		1048572		15504		1033068
[16:06:19]		1048572		15504		1033068
[16:06:20]		1048572		15504		1033068
[16:06:21]		1048572		15504		1033068
[16:06:22]		1048572		15504		1033068
[16:06:23]		1048572		15504		1033068
[16:06:24]		1048572		15504		1033068
[16:06:25]		1048572		15504		1033068
[16:06:26]		1048572		15504		1033068
[16:06:27]		1048572		15504		1033068
[16:06:28]		1048572		15504		1033068
[16:06:29]		1048572		15504		1033068
[16:06:30]		1048572		15504		1033068
[16:06:31]		1048572		15504		1033068
[16:06:32]		1048572		15504		1033068
[16:06:33]		1048572		15504		1033068
[16:06:34]		1048572		15504		1033068
[16:06:35]		1048572		15504		1033068
[16:06:36]		1048572		15504		1033068
[16:06:37]		1048572		15504		1033068
[16:06:38]		1048572		15504		1033068
[16:06:39]		1048572		15504		1033068
[16:06:40]		1048572		15504		1033068
[16:06:41]		1048572		15504		1033068
[16:06:42]		1048572		15504		1033068
[16:06:43]		1048572		15504		1033068
[16:06:44]		1048572		15504		1033068
[16:06:45]		1048572		15504		1033068
[16:06:46]		1048572		15504		1033068
[16:06:47]		1048572		15504		1033068
[16:06:48]		1048572		15504		1033068
[16:06:49]		1048572		15504		1033068
[16:06:50]		1048572		15504		1033068
[16:06:51]		1048572		15504		1033068
[16:06:53]		1048572		15504		1033068
[16:06:54]		1048572		15504		1033068
[16:06:55]		1048572		15504		1033068
[16:06:56]		1048572		15504		1033068
[16:06:57]		1048572		15504		1033068
[16:06:58]		1048572		15504		1033068
[16:06:59]		1048572		15504		1033068
[16:07:00]		1048572		15504		1033068
[16:07:01]		1048572		15504		1033068
[16:07:02]		1048572		15504		1033068
[16:07:03]		1048572		15504		1033068
[16:07:04]		1048572		15504		1033068
[16:07:05]		1048572		15504		1033068
[16:07:06]		1048572		15504		1033068
[16:07:07]		1048572		15504		1033068
[16:07:08]		1048572		15504		1033068
[16:07:09]		1048572		15504		1033068
[16:07:10]		1048572		15504		1033068
[16:07:11]		1048572		15504		1033068
[16:07:12]		1048572		15504		1033068
[16:07:13]		1048572		15504		1033068
[16:07:14]		1048572		15504		1033068
[16:07:15]		1048572		15504		1033068
[16:07:16]		1048572		15504		1033068
[16:07:17]		1048572		15504		1033068
[16:07:18]		1048572		15504		1033068
[16:07:19]		1048572		15504		1033068
[16:07:20]		1048572		15504		1033068
[16:07:21]		1048572		15504		1033068
[16:07:22]		1048572		15504		1033068
[16:07:23]		1048572		15504		1033068
[16:07:24]		1048572		15504		1033068
[16:07:25]		1048572		15504		1033068
[16:07:26]		1048572		15504		1033068
[16:07:27]		1048572		15504		1033068
[16:07:28]		1048572		15504		1033068
[16:07:29]		1048572		15504		1033068
[16:07:30]		1048572		15504		1033068
[16:07:31]		1048572		15504		1033068
[16:07:32]		1048572		15504		1033068
[16:07:33]		1048572		15504		1033068
[16:07:34]		1048572		15504		1033068
[16:07:35]		1048572		15504		1033068
[16:07:36]		1048572		15504		1033068
[16:07:37]		1048572		15504		1033068
[16:07:38]		1048572		15504		1033068
[16:07:39]		1048572		15504		1033068
[16:07:40]		1048572		15504		1033068
[16:07:41]		1048572		15504		1033068
[16:07:42]		1048572		15504		1033068
[16:07:43]		1048572		15504		1033068
[16:07:44]		1048572		15504		1033068
[16:07:45]		1048572		15504		1033068
[16:07:46]		1048572		15504		1033068
[16:07:47]		1048572		15504		1033068
[16:07:48]		1048572		15504		1033068
[16:07:49]		1048572		15504		1033068
[16:07:50]		1048572		15504		1033068
[16:07:51]		1048572		15504		1033068
[16:07:52]		1048572		15504		1033068
[16:07:53]		1048572		15504		1033068
[16:07:54]		1048572		15504		1033068
[16:07:55]		1048572		15504		1033068
[16:07:56]		1048572		15504		1033068
[16:07:57]		1048572		15504		1033068
[16:07:58]		1048572		15504		1033068
[16:07:59]		1048572		15504		1033068
[16:08:00]		1048572		15504		1033068
[16:08:01]		1048572		15504		1033068
[16:08:02]		1048572		15504		1033068
[16:08:03]		1048572		15504		1033068
[16:08:04]		1048572		15504		1033068
[16:08:05]		1048572		15504		1033068
[16:08:06]		1048572		15504		1033068
[16:08:07]		1048572		15504		1033068
[16:08:08]		1048572		15504		1033068
[16:08:09]		1048572		15504		1033068
[16:08:10]		1048572		15504		1033068
[16:08:11]		1048572		15504		1033068
[16:08:12]		1048572		15504		1033068
[16:08:13]		1048572		15504		1033068
[16:08:14]		1048572		15504		1033068
[16:08:15]		1048572		15504		1033068
[16:08:16]		1048572		15504		1033068
[16:08:17]		1048572		15504		1033068
[16:08:18]		1048572		15504		1033068
[16:08:19]		1048572		15504		1033068
[16:08:20]		1048572		15504		1033068
[16:08:21]		1048572		15504		1033068
[16:08:22]		1048572		15504		1033068
[16:08:23]		1048572		15504		1033068
[16:08:24]		1048572		15504		1033068
[16:08:25]		1048572		15504		1033068
[16:08:26]		1048572		15504		1033068
[16:08:27]		1048572		15504		1033068
[16:08:28]		1048572		15504		1033068
[16:08:29]		1048572		15504		1033068
[16:08:30]		1048572		15504		1033068
[16:08:31]		1048572		15504		1033068
[16:08:32]		1048572		15504		1033068
[16:08:33]		1048572		15504		1033068
[16:08:34]		1048572		15504		1033068
[16:08:35]		1048572		15504		1033068
[16:08:36]		1048572		15504		1033068
[16:08:37]		1048572		15504		1033068
[16:08:38]		1048572		15504		1033068
[16:08:39]		1048572		15504		1033068
[16:08:40]		1048572		15504		1033068
[16:08:41]		1048572		15504		1033068
[16:08:42]		1048572		15504		1033068
[16:08:43]		1048572		15504		1033068
[16:08:44]		1048572		15504		1033068
[16:08:45]		1048572		15504		1033068
[16:08:46]		1048572		15504		1033068
[16:08:47]		1048572		15504		1033068
[16:08:48]		1048572		15504		1033068
[16:08:49]		1048572		15504		1033068
[16:08:50]		1048572		15504		1033068
[16:08:51]		1048572		15504		1033068
[16:08:52]		1048572		15504		1033068
[16:08:53]		1048572		15504		1033068
[16:08:54]		1048572		15504		1033068
[16:08:55]		1048572		15504		1033068
[16:08:56]		1048572		15504		1033068
[16:08:57]		1048572		15504		1033068
[16:08:58]		1048572		15504		1033068
[16:08:59]		1048572		15504		1033068
[16:09:00]		1048572		15504		1033068
[16:09:01]		1048572		15504		1033068
[16:09:02]		1048572		15504		1033068
[16:09:03]		1048572		15504		1033068
[16:09:04]		1048572		15504		1033068
[16:09:05]		1048572		15504		1033068
[16:09:06]		1048572		15504		1033068
[16:09:07]		1048572		15504		1033068
[16:09:08]		1048572		15504		1033068
[16:09:09]		1048572		15504		1033068
[16:09:10]		1048572		15504		1033068
[16:09:11]		1048572		15504		1033068
[16:09:12]		1048572		15504		1033068
[16:09:13]		1048572		15504		1033068
[16:09:14]		1048572		15504		1033068
[16:09:15]		1048572		15504		1033068
[16:09:16]		1048572		15504		1033068
[16:09:17]		1048572		15504		1033068
[16:09:18]		1048572		15504		1033068
[16:09:19]		1048572		15504		1033068
[16:09:20]		1048572		15504		1033068
[16:09:21]		1048572		15504		1033068
[16:09:22]		1048572		15504		1033068
[16:09:23]		1048572		15504		1033068
[16:09:24]		1048572		15504		1033068
[16:09:25]		1048572		15504		1033068
[16:09:26]		1048572		15504		1033068
[16:09:27]		1048572		15504		1033068
[16:09:29]		1048572		15504		1033068
[16:09:30]		1048572		15504		1033068
[16:09:31]		1048572		15504		1033068
[16:09:32]		1048572		15504		1033068
[16:09:33]		1048572		15504		1033068
[16:09:34]		1048572		15504		1033068
[16:09:35]		1048572		15504		1033068
[16:09:36]		1048572		15504		1033068
[16:09:37]		1048572		15504		1033068
[16:09:38]		1048572		15504		1033068
[16:09:39]		1048572		15504		1033068
[16:09:40]		1048572		15504		1033068
[16:09:41]		1048572		15504		1033068
[16:09:42]		1048572		15504		1033068
[16:09:43]		1048572		15504		1033068
[16:09:44]		1048572		15504		1033068
[16:09:45]		1048572		15504		1033068
[16:09:46]		1048572		15504		1033068
[16:09:47]		1048572		15504		1033068
[16:09:48]		1048572		15504		1033068
[16:09:49]		1048572		15504		1033068
[16:09:50]		1048572		15504		1033068
[16:09:51]		1048572		15504		1033068
[16:09:52]		1048572		15504		1033068
[16:09:53]		1048572		15504		1033068
[16:09:54]		1048572		15504		1033068
[16:09:55]		1048572		15504		1033068
[16:09:56]		1048572		15504		1033068
[16:09:57]		1048572		15504		1033068
[16:09:58]		1048572		15504		1033068
[16:09:59]		1048572		15504		1033068
[16:10:00]		1048572		15504		1033068
[16:10:01]		1048572		15504		1033068
[16:10:02]		1048572		15504		1033068
[16:10:03]		1048572		15504		1033068
[16:10:04]		1048572		15504		1033068
[16:10:05]		1048572		15504		1033068
[16:10:06]		1048572		15504		1033068
[16:10:07]		1048572		15504		1033068
[16:10:08]		1048572		15504		1033068
[16:10:09]		1048572		15504		1033068
[16:10:10]		1048572		15504		1033068
[16:10:11]		1048572		15504		1033068
[16:10:12]		1048572		15504		1033068
[16:10:13]		1048572		15504		1033068
[16:10:14]		1048572		15504		1033068
[16:10:15]		1048572		15504		1033068
[16:10:16]		1048572		15504		1033068
[16:10:17]		1048572		15504		1033068
[16:10:18]		1048572		15504		1033068
[16:10:19]		1048572		15504		1033068
[16:10:20]		1048572		15504		1033068
[16:10:21]		1048572		15504		1033068
[16:10:22]		1048572		15504		1033068
[16:10:23]		1048572		15504		1033068
[16:10:24]		1048572		15504		1033068
[16:10:25]		1048572		15504		1033068
[16:10:26]		1048572		15504		1033068
[16:10:27]		1048572		15504		1033068
[16:10:28]		1048572		15504		1033068
[16:10:29]		1048572		15504		1033068
[16:10:30]		1048572		15504		1033068
[16:10:31]		1048572		15504		1033068
[16:10:32]		1048572		15504		1033068
[16:10:33]		1048572		15504		1033068
[16:10:34]		1048572		15504		1033068
[16:10:35]		1048572		15504		1033068
[16:10:36]		1048572		15504		1033068
[16:10:37]		1048572		15504		1033068
[16:10:38]		1048572		15504		1033068
[16:10:39]		1048572		15504		1033068
[16:10:40]		1048572		15504		1033068
[16:10:41]		1048572		15504		1033068
[16:10:42]		1048572		15504		1033068
[16:10:43]		1048572		15504		1033068
[16:10:44]		1048572		15504		1033068
[16:10:45]		1048572		15504		1033068
[16:10:46]		1048572		15504		1033068
[16:10:47]		1048572		15504		1033068
[16:10:48]		1048572		15504		1033068
[16:10:49]		1048572		15504		1033068
[16:10:50]		1048572		15504		1033068
[16:10:51]		1048572		15504		1033068
[16:10:52]		1048572		15504		1033068
[16:10:53]		1048572		15504		1033068
[16:10:54]		1048572		15504		1033068
[16:10:55]		1048572		15504		1033068
[16:10:56]		1048572		15504		1033068
[16:10:57]		1048572		15504		1033068
[16:10:58]		1048572		15504		1033068
[16:10:59]		1048572		15504		1033068
[16:11:00]		1048572		15504		1033068
[16:11:01]		1048572		15504		1033068
[16:11:02]		1048572		15504		1033068
[16:11:03]		1048572		15504		1033068
[16:11:04]		1048572		15504		1033068
[16:11:05]		1048572		15504		1033068
[16:11:06]		1048572		15504		1033068
[16:11:07]		1048572		15504		1033068
[16:11:08]		1048572		15504		1033068
[16:11:09]		1048572		15504		1033068
[16:11:10]		1048572		15504		1033068
[16:11:11]		1048572		15504		1033068
[16:11:12]		1048572		15504		1033068
[16:11:13]		1048572		15504		1033068
[16:11:14]		1048572		15504		1033068
[16:11:15]		1048572		15504		1033068
[16:11:16]		1048572		15504		1033068
[16:11:17]		1048572		15504		1033068
[16:11:18]		1048572		15504		1033068
[16:11:19]		1048572		15504		1033068
