record in kb
time		total		used		free
[15:09:21]		1048572		16000		1032572
[15:09:22]		1048572		16000		1032572
[15:09:23]		1048572		16000		1032572
[15:09:24]		1048572		16000		1032572
[15:09:25]		1048572		16000		1032572
[15:09:26]		1048572		16000		1032572
[15:09:27]		1048572		16000		1032572
[15:09:28]		1048572		16000		1032572
[15:09:29]		1048572		16000		1032572
[15:09:30]		1048572		16000		1032572
[15:09:31]		1048572		16000		1032572
[15:09:32]		1048572		16000		1032572
[15:09:33]		1048572		16000		1032572
[15:09:34]		1048572		16000		1032572
[15:09:35]		1048572		16000		1032572
[15:09:36]		1048572		16000		1032572
[15:09:37]		1048572		16000		1032572
[15:09:38]		1048572		16000		1032572
[15:09:39]		1048572		16000		1032572
[15:09:40]		1048572		16000		1032572
[15:09:41]		1048572		16000		1032572
[15:09:42]		1048572		16000		1032572
[15:09:43]		1048572		16000		1032572
[15:09:44]		1048572		16000		1032572
[15:09:45]		1048572		16000		1032572
[15:09:46]		1048572		16000		1032572
[15:09:47]		1048572		16000		1032572
[15:09:48]		1048572		16000		1032572
[15:09:49]		1048572		16000		1032572
[15:09:50]		1048572		16000		1032572
[15:09:51]		1048572		16000		1032572
[15:09:52]		1048572		16000		1032572
[15:09:53]		1048572		16000		1032572
[15:09:54]		1048572		16000		1032572
[15:09:55]		1048572		16000		1032572
[15:09:56]		1048572		16000		1032572
[15:09:57]		1048572		16000		1032572
[15:09:58]		1048572		16000		1032572
[15:09:59]		1048572		16000		1032572
[15:10:00]		1048572		16000		1032572
[15:10:01]		1048572		16000		1032572
[15:10:02]		1048572		16000		1032572
[15:10:03]		1048572		16000		1032572
[15:10:04]		1048572		16000		1032572
[15:10:05]		1048572		16000		1032572
[15:10:06]		1048572		16000		1032572
[15:10:07]		1048572		16000		1032572
[15:10:08]		1048572		16000		1032572
[15:10:09]		1048572		16000		1032572
[15:10:10]		1048572		16000		1032572
[15:10:11]		1048572		15992		1032580
[15:10:12]		1048572		15980		1032592
[15:10:13]		1048572		15964		1032608
[15:10:14]		1048572		15964		1032608
[15:10:15]		1048572		15964		1032608
[15:10:16]		1048572		15964		1032608
[15:10:17]		1048572		15964		1032608
[15:10:18]		1048572		15964		1032608
[15:10:19]		1048572		15964		1032608
[15:10:20]		1048572		15968		1032604
[15:10:21]		1048572		16472		1032100
[15:10:22]		1048572		16472		1032100
[15:10:23]		1048572		16472		1032100
[15:10:24]		1048572		16472		1032100
[15:10:25]		1048572		16472		1032100
[15:10:26]		1048572		16472		1032100
[15:10:27]		1048572		16472		1032100
[15:10:28]		1048572		16472		1032100
[15:10:29]		1048572		16472		1032100
[15:10:30]		1048572		16472		1032100
[15:10:31]		1048572		16472		1032100
[15:10:32]		1048572		16472		1032100
[15:10:33]		1048572		16472		1032100
[15:10:34]		1048572		16472		1032100
[15:10:35]		1048572		16472		1032100
[15:10:36]		1048572		16472		1032100
[15:10:37]		1048572		16472		1032100
[15:10:38]		1048572		16472		1032100
[15:10:39]		1048572		16472		1032100
[15:10:40]		1048572		16472		1032100
[15:10:41]		1048572		16472		1032100
[15:10:42]		1048572		16472		1032100
[15:10:43]		1048572		16468		1032104
[15:10:44]		1048572		16468		1032104
[15:10:45]		1048572		16468		1032104
[15:10:46]		1048572		16468		1032104
[15:10:47]		1048572		16468		1032104
[15:10:48]		1048572		16468		1032104
[15:10:49]		1048572		16468		1032104
[15:10:50]		1048572		16468		1032104
[15:10:51]		1048572		16468		1032104
[15:10:52]		1048572		16472		1032100
[15:10:53]		1048572		16472		1032100
[15:10:54]		1048572		16472		1032100
[15:10:55]		1048572		16476		1032096
[15:10:56]		1048572		16476		1032096
[15:10:57]		1048572		16476		1032096
[15:10:58]		1048572		16476		1032096
[15:10:59]		1048572		16476		1032096
[15:11:00]		1048572		16476		1032096
[15:11:01]		1048572		16476		1032096
[15:11:02]		1048572		16476		1032096
[15:11:03]		1048572		16476		1032096
[15:11:04]		1048572		16476		1032096
[15:11:05]		1048572		16476		1032096
[15:11:06]		1048572		16476		1032096
[15:11:07]		1048572		17544		1031028
[15:11:08]		1048572		18384		1030188
[15:11:09]		1048572		18068		1030504
[15:11:10]		1048572		18056		1030516
[15:11:11]		1048572		19760		1028812
[15:11:12]		1048572		19760		1028812
[15:11:13]		1048572		19756		1028816
[15:11:14]		1048572		19748		1028824
[15:11:15]		1048572		19748		1028824
[15:11:16]		1048572		19748		1028824
[15:11:17]		1048572		19748		1028824
[15:11:18]		1048572		19748		1028824
[15:11:19]		1048572		19748		1028824
[15:11:20]		1048572		19748		1028824
[15:11:21]		1048572		36208		1012364
[15:11:22]		1048572		31376		1017196
[15:11:23]		1048572		24400		1024172
[15:11:24]		1048572		27648		1020924
[15:11:25]		1048572		27808		1020764
[15:11:26]		1048572		24800		1023772
[15:11:27]		1048572		27196		1021376
[15:11:28]		1048572		49408		999164
[15:11:29]		1048572		48080		1000492
[15:11:30]		1048572		42484		1006088
[15:11:31]		1048572		33988		1014584
[15:11:32]		1048572		42128		1006444
[15:11:33]		1048572		67040		981532
[15:11:34]		1048572		67320		981252
[15:11:35]		1048572		67236		981336
[15:11:36]		1048572		82324		966248
[15:11:37]		1048572		92688		955884
[15:11:38]		1048572		102816		945756
[15:11:39]		1048572		106896		941676
[15:11:40]		1048572		116392		932180
[15:11:41]		1048572		131168		917404
[15:11:42]		1048572		137252		911320
[15:11:43]		1048572		150476		898096
[15:11:44]		1048572		150936		897636
[15:11:45]		1048572		150888		897684
[15:11:46]		1048572		155888		892684
[15:11:47]		1048572		162192		886380
[15:11:48]		1048572		139868		908704
[15:11:49]		1048572		136388		912184
[15:11:50]		1048572		126228		922344
[15:11:51]		1048572		123700		924872
[15:11:52]		1048572		135488		913084
[15:11:53]		1048572		133480		915092
[15:11:54]		1048572		140092		908480
[15:11:55]		1048572		132316		916256
[15:11:56]		1048572		153980		894592
[15:11:57]		1048572		149684		898888
[15:11:58]		1048572		151508		897064
[15:11:59]		1048572		147316		901256
[15:12:00]		1048572		156264		892308
[15:12:01]		1048572		150320		898252
[15:12:02]		1048572		159140		889432
[15:12:03]		1048572		143356		905216
[15:12:04]		1048572		147672		900900
[15:12:05]		1048572		148424		900148
[15:12:06]		1048572		148296		900276
[15:12:07]		1048572		155584		892988
[15:12:08]		1048572		153712		894860
[15:12:09]		1048572		147256		901316
[15:12:10]		1048572		152512		896060
[15:12:11]		1048572		152696		895876
[15:12:12]		1048572		154432		894140
[15:12:13]		1048572		151440		897132
[15:12:14]		1048572		147588		900984
[15:12:15]		1048572		148640		899932
[15:12:16]		1048572		152280		896292
[15:12:17]		1048572		146468		902104
[15:12:18]		1048572		154248		894324
[15:12:19]		1048572		152096		896476
[15:12:20]		1048572		159124		889448
[15:12:21]		1048572		156608		891964
[15:12:22]		1048572		159720		888852
[15:12:23]		1048572		160540		888032
[15:12:24]		1048572		159064		889508
[15:12:25]		1048572		157920		890652
[15:12:26]		1048572		148164		900408
[15:12:27]		1048572		148192		900380
[15:12:28]		1048572		136028		912544
[15:12:29]		1048572		146428		902144
[15:12:30]		1048572		127976		920596
[15:12:31]		1048572		149736		898836
[15:12:32]		1048572		149560		899012
[15:12:33]		1048572		153876		894696
[15:12:34]		1048572		153812		894760
[15:12:35]		1048572		148664		899908
[15:12:36]		1048572		151024		897548
[15:12:37]		1048572		155744		892828
[15:12:38]		1048572		150552		898020
[15:12:39]		1048572		154912		893660
[15:12:40]		1048572		158896		889676
[15:12:41]		1048572		163412		885160
[15:12:42]		1048572		162852		885720
[15:12:43]		1048572		159700		888872
[15:12:44]		1048572		168344		880228
[15:12:45]		1048572		161324		887248
[15:12:46]		1048572		174724		873848
[15:12:47]		1048572		166112		882460
[15:12:48]		1048572		185984		862588
[15:12:49]		1048572		166084		882488
[15:12:50]		1048572		180456		868116
[15:12:51]		1048572		176340		872232
[15:12:52]		1048572		168952		879620
[15:12:53]		1048572		166640		881932
[15:12:54]		1048572		160852		887720
[15:12:55]		1048572		162496		886076
[15:12:56]		1048572		164668		883904
[15:12:57]		1048572		170816		877756
[15:12:58]		1048572		168300		880272
[15:12:59]		1048572		177152		871420
[15:13:00]		1048572		182868		865704
[15:13:01]		1048572		186844		861728
[15:13:02]		1048572		182124		866448
[15:13:03]		1048572		172908		875664
[15:13:04]		1048572		174092		874480
[15:13:05]		1048572		177196		871376
[15:13:06]		1048572		174944		873628
[15:13:07]		1048572		175896		872676
[15:13:08]		1048572		168096		880476
[15:13:09]		1048572		154700		893872
[15:13:10]		1048572		165092		883480
[15:13:11]		1048572		170392		878180
[15:13:12]		1048572		168288		880284
[15:13:13]		1048572		163236		885336
[15:13:14]		1048572		167204		881368
[15:13:15]		1048572		156840		891732
[15:13:16]		1048572		164880		883692
[15:13:17]		1048572		169736		878836
[15:13:18]		1048572		161612		886960
[15:13:19]		1048572		162084		886488
[15:13:20]		1048572		161504		887068
[15:13:21]		1048572		152800		895772
[15:13:22]		1048572		169860		878712
[15:13:23]		1048572		168464		880108
[15:13:24]		1048572		168120		880452
[15:13:25]		1048572		177792		870780
[15:13:26]		1048572		162004		886568
[15:13:27]		1048572		181508		867064
[15:13:28]		1048572		182244		866328
[15:13:29]		1048572		184800		863772
[15:13:30]		1048572		191532		857040
[15:13:31]		1048572		177232		871340
[15:13:32]		1048572		184076		864496
[15:13:33]		1048572		198996		849576
[15:13:34]		1048572		199944		848628
[15:13:35]		1048572		192324		856248
[15:13:36]		1048572		202620		845952
[15:13:37]		1048572		191936		856636
[15:13:38]		1048572		191992		856580
[15:13:39]		1048572		173984		874588
[15:13:40]		1048572		174804		873768
[15:13:41]		1048572		185536		863036
[15:13:42]		1048572		189100		859472
[15:13:43]		1048572		192700		855872
[15:13:44]		1048572		192316		856256
[15:13:45]		1048572		202756		845816
[15:13:46]		1048572		199332		849240
[15:13:47]		1048572		197576		850996
[15:13:48]		1048572		193212		855360
[15:13:49]		1048572		193260		855312
[15:13:50]		1048572		194956		853616
[15:13:51]		1048572		192092		856480
[15:13:52]		1048572		184688		863884
[15:13:53]		1048572		192896		855676
[15:13:54]		1048572		181340		867232
[15:13:55]		1048572		188924		859648
[15:13:56]		1048572		183564		865008
[15:13:57]		1048572		188880		859692
[15:13:58]		1048572		179324		869248
[15:13:59]		1048572		188888		859684
[15:14:00]		1048572		187424		861148
[15:14:01]		1048572		189488		859084
[15:14:02]		1048572		189408		859164
[15:14:03]		1048572		190108		858464
[15:14:04]		1048572		179388		869184
[15:14:05]		1048572		185156		863416
[15:14:06]		1048572		191084		857488
[15:14:07]		1048572		188796		859776
[15:14:08]		1048572		187292		861280
[15:14:09]		1048572		182416		866156
[15:14:10]		1048572		183884		864688
[15:14:11]		1048572		186864		861708
[15:14:12]		1048572		194248		854324
[15:14:13]		1048572		183480		865092
[15:14:14]		1048572		192164		856408
[15:14:15]		1048572		190800		857772
[15:14:16]		1048572		197712		850860
[15:14:17]		1048572		187368		861204
[15:14:18]		1048572		201536		847036
[15:14:19]		1048572		199708		848864
[15:14:20]		1048572		200788		847784
[15:14:21]		1048572		201736		846836
[15:14:22]		1048572		203440		845132
[15:14:23]		1048572		207532		841040
[15:14:24]		1048572		193320		855252
[15:14:25]		1048572		206432		842140
[15:14:26]		1048572		205128		843444
[15:14:27]		1048572		187768		860804
[15:14:28]		1048572		201872		846700
[15:14:29]		1048572		202888		845684
[15:14:30]		1048572		191916		856656
[15:14:31]		1048572		202744		845828
[15:14:32]		1048572		200060		848512
[15:14:33]		1048572		203852		844720
[15:14:34]		1048572		197668		850904
[15:14:35]		1048572		189776		858796
[15:14:36]		1048572		184920		863652
[15:14:37]		1048572		188164		860408
[15:14:38]		1048572		187316		861256
[15:14:39]		1048572		187140		861432
[15:14:40]		1048572		176784		871788
[15:14:41]		1048572		178936		869636
[15:14:42]		1048572		188228		860344
[15:14:43]		1048572		173596		874976
[15:14:44]		1048572		180064		868508
[15:14:45]		1048572		192376		856196
[15:14:46]		1048572		192356		856216
[15:14:47]		1048572		179652		868920
[15:14:48]		1048572		191452		857120
[15:14:49]		1048572		189468		859104
[15:14:50]		1048572		194792		853780
[15:14:51]		1048572		179372		869200
[15:14:52]		1048572		193608		854964
[15:14:53]		1048572		190140		858432
[15:14:54]		1048572		187896		860676
[15:14:55]		1048572		193892		854680
[15:14:56]		1048572		199068		849504
[15:14:57]		1048572		191708		856864
[15:14:58]		1048572		191096		857476
[15:14:59]		1048572		188104		860468
[15:15:00]		1048572		191032		857540
[15:15:01]		1048572		177148		871424
[15:15:02]		1048572		193760		854812
[15:15:03]		1048572		180944		867628
[15:15:04]		1048572		184356		864216
[15:15:05]		1048572		186060		862512
[15:15:06]		1048572		188344		860228
[15:15:07]		1048572		191044		857528
[15:15:08]		1048572		181004		867568
[15:15:09]		1048572		181372		867200
[15:15:10]		1048572		179420		869152
[15:15:11]		1048572		184284		864288
[15:15:12]		1048572		191328		857244
[15:15:13]		1048572		182620		865952
[15:15:14]		1048572		212464		836108
[15:15:15]		1048572		277948		770624
[15:15:16]		1048572		304232		744340
[15:15:17]		1048572		285948		762624
[15:15:18]		1048572		265992		782580
[15:15:19]		1048572		228872		819700
[15:15:20]		1048572		200116		848456
[15:15:21]		1048572		182420		866152
[15:15:22]		1048572		191064		857508
[15:15:23]		1048572		181816		866756
[15:15:24]		1048572		194860		853712
[15:15:25]		1048572		193264		855308
[15:15:26]		1048572		195776		852796
[15:15:27]		1048572		196720		851852
[15:15:28]		1048572		194704		853868
[15:15:29]		1048572		192136		856436
[15:15:30]		1048572		202188		846384
[15:15:31]		1048572		196736		851836
[15:15:32]		1048572		213560		835012
[15:15:33]		1048572		198288		850284
[15:15:34]		1048572		193184		855388
[15:15:35]		1048572		205016		843556
[15:15:36]		1048572		213920		834652
[15:15:37]		1048572		204616		843956
[15:15:38]		1048572		215312		833260
[15:15:39]		1048572		217672		830900
[15:15:40]		1048572		220276		828296
[15:15:41]		1048572		208184		840388
[15:15:42]		1048572		206044		842528
[15:15:43]		1048572		202596		845976
[15:15:44]		1048572		208848		839724
[15:15:45]		1048572		206200		842372
[15:15:46]		1048572		210636		837936
[15:15:47]		1048572		206696		841876
[15:15:48]		1048572		212552		836020
[15:15:49]		1048572		212044		836528
[15:15:50]		1048572		194704		853868
[15:15:51]		1048572		186404		862168
[15:15:52]		1048572		194492		854080
[15:15:53]		1048572		209380		839192
[15:15:54]		1048572		193324		855248
[15:15:55]		1048572		237632		810940
[15:15:56]		1048572		240480		808092
[15:15:57]		1048572		235236		813336
[15:15:58]		1048572		251804		796768
[15:15:59]		1048572		249948		798624
[15:16:00]		1048572		249300		799272
[15:16:01]		1048572		258324		790248
[15:16:02]		1048572		259420		789152
[15:16:03]		1048572		252212		796360
[15:16:04]		1048572		253108		795464
[15:16:05]		1048572		259120		789452
[15:16:06]		1048572		256212		792360
[15:16:07]		1048572		264756		783816
[15:16:08]		1048572		258056		790516
[15:16:09]		1048572		249504		799068
[15:16:10]		1048572		256848		791724
[15:16:11]		1048572		248952		799620
[15:16:12]		1048572		241096		807476
[15:16:13]		1048572		239180		809392
[15:16:14]		1048572		249504		799068
[15:16:15]		1048572		256008		792564
[15:16:16]		1048572		262140		786432
[15:16:17]		1048572		264176		784396
[15:16:18]		1048572		262808		785764
[15:16:19]		1048572		272980		775592
[15:16:20]		1048572		274164		774408
[15:16:21]		1048572		264144		784428
[15:16:22]		1048572		268004		780568
[15:16:23]		1048572		269048		779524
[15:16:24]		1048572		276268		772304
[15:16:25]		1048572		270820		777752
[15:16:26]		1048572		265312		783260
[15:16:27]		1048572		252892		795680
[15:16:28]		1048572		268652		779920
[15:16:29]		1048572		262604		785968
[15:16:30]		1048572		263656		784916
[15:16:31]		1048572		272468		776104
[15:16:32]		1048572		261260		787312
[15:16:33]		1048572		260136		788436
[15:16:34]		1048572		243796		804776
[15:16:35]		1048572		237988		810584
[15:16:36]		1048572		253572		795000
[15:16:37]		1048572		261664		786908
[15:16:38]		1048572		268144		780428
[15:16:39]		1048572		256648		791924
[15:16:40]		1048572		263176		785396
[15:16:41]		1048572		270080		778492
[15:16:42]		1048572		263116		785456
[15:16:43]		1048572		284728		763844
[15:16:44]		1048572		284464		764108
[15:16:45]		1048572		284900		763672
[15:16:46]		1048572		286812		761760
[15:16:47]		1048572		289712		758860
[15:16:48]		1048572		288900		759672
[15:16:49]		1048572		278420		770152
[15:16:50]		1048572		302964		745608
[15:16:51]		1048572		307564		741008
[15:16:52]		1048572		312360		736212
[15:16:53]		1048572		336356		712216
[15:16:54]		1048572		328992		719580
[15:16:55]		1048572		292884		755688
[15:16:56]		1048572		281508		767064
[15:16:57]		1048572		296912		751660
[15:16:58]		1048572		291984		756588
[15:16:59]		1048572		294008		754564
[15:17:00]		1048572		290640		757932
[15:17:01]		1048572		299996		748576
[15:17:02]		1048572		294920		753652
[15:17:03]		1048572		301000		747572
[15:17:04]		1048572		306308		742264
[15:17:05]		1048572		298336		750236
[15:17:06]		1048572		311264		737308
[15:17:07]		1048572		307184		741388
[15:17:08]		1048572		307096		741476
[15:17:09]		1048572		294732		753840
[15:17:10]		1048572		301784		746788
[15:17:11]		1048572		299872		748700
[15:17:12]		1048572		298688		749884
[15:17:13]		1048572		288176		760396
[15:17:14]		1048572		289712		758860
[15:17:15]		1048572		288364		760208
[15:17:16]		1048572		290272		758300
[15:17:17]		1048572		297044		751528
[15:17:18]		1048572		302360		746212
[15:17:19]		1048572		300880		747692
[15:17:20]		1048572		302724		745848
[15:17:21]		1048572		301004		747568
[15:17:22]		1048572		300808		747764
[15:17:23]		1048572		303500		745072
[15:17:24]		1048572		304080		744492
[15:17:25]		1048572		288536		760036
[15:17:26]		1048572		287104		761468
[15:17:27]		1048572		271196		777376
[15:17:28]		1048572		285668		762904
[15:17:29]		1048572		269772		778800
[15:17:30]		1048572		268364		780208
[15:17:31]		1048572		290132		758440
[15:17:32]		1048572		303772		744800
[15:17:33]		1048572		294148		754424
[15:17:34]		1048572		303096		745476
[15:17:35]		1048572		308052		740520
[15:17:36]		1048572		304616		743956
[15:17:37]		1048572		306812		741760
[15:17:38]		1048572		318040		730532
[15:17:39]		1048572		318940		729632
[15:17:40]		1048572		317452		731120
[15:17:41]		1048572		317452		731120
[15:17:42]		1048572		316728		731844
[15:17:43]		1048572		315008		733564
[15:17:44]		1048572		309456		739116
[15:17:45]		1048572		316784		731788
[15:17:46]		1048572		311772		736800
[15:17:47]		1048572		317576		730996
[15:17:48]		1048572		316772		731800
[15:17:49]		1048572		315340		733232
[15:17:50]		1048572		311832		736740
[15:17:51]		1048572		298300		750272
[15:17:52]		1048572		308288		740284
[15:17:53]		1048572		305048		743524
[15:17:54]		1048572		299240		749332
[15:17:55]		1048572		294884		753688
[15:17:56]		1048572		282752		765820
[15:17:57]		1048572		275560		773012
[15:17:58]		1048572		286568		762004
[15:17:59]		1048572		289360		759212
[15:18:00]		1048572		281576		766996
[15:18:01]		1048572		283280		765292
[15:18:02]		1048572		287344		761228
[15:18:03]		1048572		286032		762540
[15:18:04]		1048572		283248		765324
[15:18:05]		1048572		293316		755256
[15:18:06]		1048572		303776		744796
[15:18:07]		1048572		304944		743628
[15:18:08]		1048572		318748		729824
[15:18:09]		1048572		324868		723704
[15:18:10]		1048572		322680		725892
[15:18:11]		1048572		304884		743688
[15:18:12]		1048572		299044		749528
[15:18:13]		1048572		279012		769560
[15:18:14]		1048572		297112		751460
[15:18:15]		1048572		298560		750012
[15:18:16]		1048572		290876		757696
[15:18:17]		1048572		284492		764080
[15:18:18]		1048572		280696		767876
[15:18:19]		1048572		287428		761144
[15:18:20]		1048572		304764		743808
[15:18:21]		1048572		302320		746252
[15:18:22]		1048572		289652		758920
[15:18:23]		1048572		288296		760276
[15:18:24]		1048572		311168		737404
[15:18:25]		1048572		309004		739568
[15:18:26]		1048572		290192		758380
[15:18:27]		1048572		302088		746484
[15:18:28]		1048572		303268		745304
[15:18:29]		1048572		296968		751604
[15:18:30]		1048572		285280		763292
[15:18:31]		1048572		290676		757896
[15:18:32]		1048572		291996		756576
[15:18:33]		1048572		288916		759656
[15:18:34]		1048572		186772		861800
[15:18:35]		1048572		168408		880164
[15:18:36]		1048572		138460		910112
[15:18:37]		1048572		104388		944184
[15:18:38]		1048572		70512		978060
[15:18:39]		1048572		22636		1025936
[15:18:40]		1048572		20392		1028180
[15:18:41]		1048572		20392		1028180
[15:18:42]		1048572		20392		1028180
[15:18:43]		1048572		20392		1028180
[15:18:44]		1048572		20392		1028180
[15:18:45]		1048572		20392		1028180
[15:18:46]		1048572		20392		1028180
[15:18:47]		1048572		20392		1028180
[15:18:48]		1048572		20384		1028188
[15:18:49]		1048572		20384		1028188
[15:18:50]		1048572		20384		1028188
[15:18:51]		1048572		20384		1028188
[15:18:52]		1048572		20384		1028188
[15:18:53]		1048572		20384		1028188
[15:18:54]		1048572		20384		1028188
[15:18:55]		1048572		20384		1028188
[15:18:56]		1048572		96156		952416
[15:18:57]		1048572		48536		1000036
[15:18:58]		1048572		45204		1003368
[15:18:59]		1048572		31248		1017324
[15:19:00]		1048572		20488		1028084
[15:19:01]		1048572		20488		1028084
[15:19:02]		1048572		20452		1028120
[15:19:03]		1048572		20452		1028120
[15:19:04]		1048572		20452		1028120
[15:19:05]		1048572		20452		1028120
[15:19:06]		1048572		20452		1028120
[15:19:07]		1048572		20452		1028120
[15:19:08]		1048572		20452		1028120
[15:19:09]		1048572		20452		1028120
[15:19:10]		1048572		20452		1028120
[15:19:11]		1048572		20452		1028120
[15:19:12]		1048572		20452		1028120
[15:19:13]		1048572		56428		992144
[15:19:14]		1048572		61780		986792
[15:19:15]		1048572		99560		949012
[15:19:16]		1048572		112724		935848
[15:19:17]		1048572		121136		927436
[15:19:18]		1048572		160592		887980
[15:19:19]		1048572		176244		872328
[15:19:20]		1048572		193484		855088
[15:19:21]		1048572		196736		851836
[15:19:22]		1048572		206064		842508
[15:19:23]		1048572		205384		843188
[15:19:24]		1048572		202464		846108
[15:19:25]		1048572		212908		835664
[15:19:26]		1048572		219908		828664
[15:19:27]		1048572		229600		818972
[15:19:28]		1048572		232856		815716
[15:19:29]		1048572		228328		820244
[15:19:30]		1048572		259588		788984
[15:19:31]		1048572		274712		773860
[15:19:32]		1048572		275712		772860
[15:19:33]		1048572		288156		760416
[15:19:34]		1048572		285968		762604
[15:19:35]		1048572		288464		760108
[15:19:36]		1048572		291044		757528
[15:19:37]		1048572		314576		733996
[15:19:38]		1048572		319804		728768
[15:19:39]		1048572		331052		717520
[15:19:40]		1048572		329928		718644
[15:19:41]		1048572		325696		722876
[15:19:42]		1048572		331296		717276
[15:19:43]		1048572		336880		711692
[15:19:44]		1048572		356660		691912
[15:19:45]		1048572		361484		687088
[15:19:46]		1048572		359756		688816
[15:19:47]		1048572		363152		685420
[15:19:48]		1048572		363128		685444
[15:19:49]		1048572		351924		696648
[15:19:50]		1048572		350936		697636
[15:19:51]		1048572		351492		697080
[15:19:52]		1048572		347680		700892
[15:19:53]		1048572		349532		699040
[15:19:54]		1048572		357028		691544
[15:19:55]		1048572		349740		698832
[15:19:56]		1048572		373808		674764
[15:19:57]		1048572		374528		674044
[15:19:58]		1048572		381096		667476
[15:19:59]		1048572		397024		651548
[15:20:00]		1048572		393580		654992
[15:20:01]		1048572		386656		661916
[15:20:02]		1048572		389816		658756
[15:20:03]		1048572		388420		660152
[15:20:04]		1048572		373604		674968
[15:20:05]		1048572		390692		657880
[15:20:06]		1048572		388004		660568
[15:20:07]		1048572		390576		657996
[15:20:08]		1048572		400936		647636
[15:20:09]		1048572		405176		643396
[15:20:10]		1048572		412536		636036
[15:20:11]		1048572		405996		642576
[15:20:12]		1048572		413552		635020
[15:20:13]		1048572		395088		653484
[15:20:14]		1048572		396108		652464
[15:20:15]		1048572		392728		655844
[15:20:16]		1048572		384540		664032
[15:20:17]		1048572		387744		660828
[15:20:18]		1048572		384316		664256
[15:20:19]		1048572		367924		680648
[15:20:20]		1048572		389856		658716
[15:20:21]		1048572		391164		657408
[15:20:22]		1048572		389152		659420
[15:20:23]		1048572		390828		657744
[15:20:24]		1048572		388292		660280
[15:20:25]		1048572		398808		649764
[15:20:26]		1048572		392028		656544
[15:20:27]		1048572		397660		650912
[15:20:28]		1048572		395032		653540
[15:20:29]		1048572		396232		652340
[15:20:30]		1048572		401164		647408
[15:20:31]		1048572		409708		638864
[15:20:32]		1048572		409160		639412
[15:20:33]		1048572		415288		633284
[15:20:34]		1048572		412016		636556
[15:20:35]		1048572		413680		634892
[15:20:36]		1048572		401732		646840
[15:20:37]		1048572		414588		633984
[15:20:38]		1048572		419540		629032
[15:20:39]		1048572		423828		624744
[15:20:40]		1048572		418252		630320
[15:20:41]		1048572		425348		623224
[15:20:42]		1048572		431364		617208
[15:20:43]		1048572		425352		623220
[15:20:44]		1048572		417164		631408
[15:20:45]		1048572		419840		628732
[15:20:46]		1048572		428672		619900
[15:20:47]		1048572		420852		627720
[15:20:48]		1048572		421380		627192
[15:20:49]		1048572		426056		622516
[15:20:50]		1048572		416952		631620
[15:20:51]		1048572		422636		625936
[15:20:52]		1048572		427060		621512
[15:20:53]		1048572		420800		627772
[15:20:54]		1048572		419076		629496
[15:20:55]		1048572		418400		630172
[15:20:56]		1048572		421456		627116
[15:20:57]		1048572		418880		629692
[15:20:58]		1048572		419492		629080
[15:20:59]		1048572		424660		623912
[15:21:00]		1048572		418440		630132
[15:21:01]		1048572		419128		629444
[15:21:02]		1048572		419808		628764
[15:21:03]		1048572		415256		633316
[15:21:04]		1048572		416088		632484
[15:21:05]		1048572		412452		636120
[15:21:06]		1048572		422284		626288
[15:21:07]		1048572		430920		617652
[15:21:08]		1048572		439796		608776
[15:21:09]		1048572		447796		600776
[15:21:10]		1048572		453700		594872
[15:21:11]		1048572		464484		584088
[15:21:12]		1048572		479880		568692
[15:21:13]		1048572		479908		568664
[15:21:14]		1048572		485888		562684
[15:21:15]		1048572		499124		549448
[15:21:16]		1048572		491208		557364
[15:21:17]		1048572		501564		547008
[15:21:18]		1048572		499684		548888
[15:21:19]		1048572		492536		556036
[15:21:20]		1048572		491216		557356
[15:21:21]		1048572		483676		564896
[15:21:22]		1048572		489500		559072
[15:21:23]		1048572		489716		558856
[15:21:24]		1048572		491788		556784
[15:21:25]		1048572		484948		563624
[15:21:26]		1048572		493456		555116
[15:21:27]		1048572		487132		561440
[15:21:28]		1048572		492936		555636
[15:21:29]		1048572		487544		561028
[15:21:30]		1048572		484028		564544
[15:21:31]		1048572		485232		563340
[15:21:32]		1048572		483964		564608
[15:21:33]		1048572		484636		563936
[15:21:34]		1048572		480304		568268
[15:21:35]		1048572		484876		563696
[15:21:36]		1048572		490796		557776
[15:21:37]		1048572		482156		566416
[15:21:38]		1048572		487288		561284
[15:21:39]		1048572		480840		567732
[15:21:40]		1048572		470652		577920
[15:21:41]		1048572		467796		580776
[15:21:42]		1048572		459632		588940
[15:21:43]		1048572		465436		583136
[15:21:44]		1048572		465824		582748
[15:21:45]		1048572		458484		590088
[15:21:46]		1048572		467956		580616
[15:21:47]		1048572		470324		578248
[15:21:48]		1048572		468568		580004
[15:21:49]		1048572		481256		567316
[15:21:50]		1048572		484612		563960
[15:21:51]		1048572		476972		571600
[15:21:52]		1048572		482320		566252
[15:21:53]		1048572		287648		760924
[15:21:54]		1048572		264184		784388
[15:21:55]		1048572		234276		814296
[15:21:56]		1048572		193184		855388
[15:21:57]		1048572		151332		897240
[15:21:58]		1048572		106356		942216
[15:21:59]		1048572		97068		951504
[15:22:00]		1048572		101328		947244
[15:22:01]		1048572		82976		965596
[15:22:02]		1048572		60516		988056
[15:22:03]		1048572		36740		1011832
[15:22:04]		1048572		20200		1028372
[15:22:05]		1048572		20200		1028372
[15:22:06]		1048572		20200		1028372
[15:22:07]		1048572		20200		1028372
[15:22:08]		1048572		20200		1028372
[15:22:09]		1048572		20200		1028372
[15:22:10]		1048572		20200		1028372
[15:22:11]		1048572		20200		1028372
[15:22:12]		1048572		20200		1028372
[15:22:13]		1048572		20200		1028372
[15:22:14]		1048572		20200		1028372
[15:22:15]		1048572		20200		1028372
[15:22:16]		1048572		60172		988400
[15:22:17]		1048572		67292		981280
[15:22:18]		1048572		72216		976356
[15:22:19]		1048572		72484		976088
[15:22:20]		1048572		64232		984340
[15:22:21]		1048572		74036		974536
[15:22:22]		1048572		81708		966864
[15:22:23]		1048572		115384		933188
[15:22:24]		1048572		117976		930596
[15:22:25]		1048572		116896		931676
[15:22:26]		1048572		120376		928196
[15:22:27]		1048572		119816		928756
[15:22:28]		1048572		124328		924244
[15:22:29]		1048572		122056		926516
[15:22:30]		1048572		107140		941432
[15:22:31]		1048572		102156		946416
[15:22:32]		1048572		86304		962268
[15:22:33]		1048572		111440		937132
[15:22:34]		1048572		110636		937936
[15:22:35]		1048572		108452		940120
[15:22:36]		1048572		100644		947928
[15:22:37]		1048572		100504		948068
[15:22:38]		1048572		101856		946716
[15:22:39]		1048572		81564		967008
[15:22:40]		1048572		99880		948692
[15:22:41]		1048572		92152		956420
[15:22:42]		1048572		76624		971948
[15:22:43]		1048572		88888		959684
[15:22:44]		1048572		97292		951280
[15:22:45]		1048572		93872		954700
[15:22:46]		1048572		94264		954308
[15:22:47]		1048572		96832		951740
[15:22:48]		1048572		91396		957176
[15:22:49]		1048572		94428		954144
[15:22:50]		1048572		84780		963792
[15:22:51]		1048572		87892		960680
[15:22:52]		1048572		79668		968904
[15:22:53]		1048572		66952		981620
[15:22:54]		1048572		91788		956784
[15:22:55]		1048572		82904		965668
[15:22:56]		1048572		96268		952304
[15:22:57]		1048572		100092		948480
[15:22:58]		1048572		103248		945324
[15:22:59]		1048572		88064		960508
[15:23:00]		1048572		113852		934720
[15:23:01]		1048572		105176		943396
[15:23:02]		1048572		106000		942572
[15:23:03]		1048572		105460		943112
[15:23:04]		1048572		112596		935976
[15:23:05]		1048572		101748		946824
[15:23:06]		1048572		104820		943752
[15:23:07]		1048572		111660		936912
[15:23:08]		1048572		106560		942012
[15:23:09]		1048572		104280		944292
[15:23:10]		1048572		109296		939276
[15:23:11]		1048572		107788		940784
[15:23:12]		1048572		107528		941044
[15:23:13]		1048572		107264		941308
[15:23:14]		1048572		100020		948552
[15:23:15]		1048572		99660		948912
[15:23:16]		1048572		97680		950892
[15:23:17]		1048572		96224		952348
[15:23:18]		1048572		95936		952636
[15:23:19]		1048572		96568		952004
[15:23:20]		1048572		97084		951488
[15:23:21]		1048572		99740		948832
[15:23:22]		1048572		100496		948076
[15:23:23]		1048572		99580		948992
[15:23:24]		1048572		98768		949804
[15:23:25]		1048572		103420		945152
[15:23:26]		1048572		104072		944500
[15:23:27]		1048572		108284		940288
[15:23:29]		1048572		107856		940716
[15:23:30]		1048572		107732		940840
[15:23:31]		1048572		107504		941068
[15:23:32]		1048572		107112		941460
[15:23:33]		1048572		106616		941956
[15:23:34]		1048572		105524		943048
[15:23:35]		1048572		105412		943160
[15:23:36]		1048572		105260		943312
[15:23:37]		1048572		104644		943928
[15:23:38]		1048572		104684		943888
[15:23:39]		1048572		104632		943940
[15:23:40]		1048572		104640		943932
[15:23:41]		1048572		20432		1028140
[15:23:42]		1048572		20432		1028140
[15:23:43]		1048572		20432		1028140
[15:23:44]		1048572		20432		1028140
[15:23:45]		1048572		20432		1028140
[15:23:46]		1048572		20432		1028140
[15:23:47]		1048572		20432		1028140
[15:23:48]		1048572		20432		1028140
[15:23:49]		1048572		20432		1028140
[15:23:50]		1048572		20432		1028140
[15:23:51]		1048572		20432		1028140
[15:23:52]		1048572		20432		1028140
[15:23:53]		1048572		20432		1028140
[15:23:54]		1048572		20432		1028140
[15:23:55]		1048572		20432		1028140
[15:23:56]		1048572		20432		1028140
[15:23:57]		1048572		20432		1028140
[15:23:58]		1048572		20432		1028140
[15:23:59]		1048572		20432		1028140
[15:24:00]		1048572		20432		1028140
[15:24:01]		1048572		20432		1028140
[15:24:02]		1048572		20396		1028176
[15:24:03]		1048572		20396		1028176
[15:24:04]		1048572		20396		1028176
[15:24:05]		1048572		20396		1028176
[15:24:06]		1048572		20396		1028176
[15:24:07]		1048572		20396		1028176
[15:24:08]		1048572		20396		1028176
[15:24:09]		1048572		20396		1028176
[15:24:10]		1048572		20396		1028176
[15:24:11]		1048572		20396		1028176
[15:24:12]		1048572		20396		1028176
[15:24:13]		1048572		20396		1028176
[15:24:14]		1048572		20396		1028176
[15:24:15]		1048572		20396		1028176
[15:24:16]		1048572		20396		1028176
[15:24:17]		1048572		20396		1028176
[15:24:18]		1048572		20396		1028176
[15:24:19]		1048572		20396		1028176
[15:24:20]		1048572		20396		1028176
[15:24:21]		1048572		20396		1028176
[15:24:22]		1048572		20396		1028176
[15:24:23]		1048572		20396		1028176
[15:24:24]		1048572		20396		1028176
[15:24:25]		1048572		36648		1011924
[15:24:26]		1048572		76036		972536
[15:24:27]		1048572		49568		999004
[15:24:28]		1048572		52768		995804
[15:24:29]		1048572		55780		992792
[15:24:30]		1048572		65836		982736
[15:24:31]		1048572		71240		977332
[15:24:32]		1048572		62428		986144
[15:24:33]		1048572		59708		988864
[15:24:34]		1048572		67432		981140
[15:24:35]		1048572		63600		984972
[15:24:36]		1048572		70824		977748
[15:24:37]		1048572		81344		967228
[15:24:38]		1048572		76616		971956
[15:24:39]		1048572		72232		976340
[15:24:40]		1048572		60848		987724
[15:24:41]		1048572		66484		982088
[15:24:42]		1048572		73188		975384
[15:24:43]		1048572		61376		987196
[15:24:44]		1048572		70108		978464
[15:24:45]		1048572		67616		980956
[15:24:46]		1048572		73232		975340
[15:24:47]		1048572		65052		983520
[15:24:48]		1048572		66612		981960
[15:24:49]		1048572		73932		974640
[15:24:50]		1048572		77712		970860
[15:24:51]		1048572		83036		965536
[15:24:52]		1048572		78052		970520
[15:24:53]		1048572		84452		964120
[15:24:54]		1048572		90372		958200
[15:24:55]		1048572		92172		956400
[15:24:56]		1048572		92584		955988
[15:24:57]		1048572		90700		957872
[15:24:58]		1048572		35204		1013368
[15:24:59]		1048572		21112		1027460
[15:25:00]		1048572		21112		1027460
[15:25:01]		1048572		21112		1027460
[15:25:02]		1048572		21076		1027496
[15:25:03]		1048572		21076		1027496
[15:25:04]		1048572		21076		1027496
[15:25:05]		1048572		21076		1027496
[15:25:06]		1048572		21076		1027496
[15:25:07]		1048572		21076		1027496
[15:25:08]		1048572		21076		1027496
[15:25:09]		1048572		21076		1027496
[15:25:10]		1048572		21076		1027496
[15:25:11]		1048572		21076		1027496
[15:25:12]		1048572		21076		1027496
[15:25:13]		1048572		21076		1027496
[15:25:14]		1048572		21076		1027496
[15:25:15]		1048572		21076		1027496
[15:25:16]		1048572		21076		1027496
[15:25:17]		1048572		21076		1027496
[15:25:18]		1048572		21072		1027500
[15:25:19]		1048572		21072		1027500
[15:25:20]		1048572		21072		1027500
[15:25:21]		1048572		21072		1027500
[15:25:22]		1048572		21072		1027500
[15:25:23]		1048572		21072		1027500
[15:25:24]		1048572		21072		1027500
[15:25:25]		1048572		21072		1027500
[15:25:26]		1048572		21072		1027500
[15:25:27]		1048572		21072		1027500
[15:25:28]		1048572		21072		1027500
[15:25:29]		1048572		21072		1027500
[15:25:30]		1048572		21072		1027500
[15:25:31]		1048572		21072		1027500
[15:25:32]		1048572		21072		1027500
[15:25:33]		1048572		21072		1027500
[15:25:34]		1048572		21072		1027500
[15:25:35]		1048572		21072		1027500
[15:25:36]		1048572		21072		1027500
[15:25:37]		1048572		21072		1027500
[15:25:38]		1048572		21072		1027500
[15:25:39]		1048572		21072		1027500
[15:25:40]		1048572		21072		1027500
[15:25:41]		1048572		21072		1027500
[15:25:42]		1048572		21072		1027500
[15:25:43]		1048572		21072		1027500
[15:25:44]		1048572		21072		1027500
[15:25:45]		1048572		21072		1027500
[15:25:46]		1048572		21068		1027504
[15:25:47]		1048572		21068		1027504
[15:25:48]		1048572		21068		1027504
[15:25:49]		1048572		21068		1027504
[15:25:50]		1048572		21068		1027504
[15:25:51]		1048572		21068		1027504
[15:25:52]		1048572		21068		1027504
[15:25:53]		1048572		21068		1027504
[15:25:54]		1048572		21068		1027504
[15:25:55]		1048572		21068		1027504
[15:25:56]		1048572		21068		1027504
[15:25:57]		1048572		21068		1027504
[15:25:58]		1048572		21068		1027504
[15:25:59]		1048572		21068		1027504
[15:26:00]		1048572		21068		1027504
[15:26:01]		1048572		57696		990876
[15:26:02]		1048572		36604		1011968
[15:26:03]		1048572		33420		1015152
[15:26:04]		1048572		34264		1014308
[15:26:05]		1048572		32060		1016512
[15:26:06]		1048572		20456		1028116
[15:26:07]		1048572		32080		1016492
[15:26:08]		1048572		31876		1016696
[15:26:09]		1048572		31704		1016868
[15:26:10]		1048572		34628		1013944
[15:26:11]		1048572		34988		1013584
[15:26:12]		1048572		35700		1012872
[15:26:13]		1048572		35600		1012972
[15:26:14]		1048572		35384		1013188
[15:26:15]		1048572		35160		1013412
[15:26:16]		1048572		35012		1013560
[15:26:17]		1048572		34860		1013712
[15:26:18]		1048572		34812		1013760
[15:26:19]		1048572		34680		1013892
[15:26:20]		1048572		34500		1014072
[15:26:21]		1048572		34360		1014212
[15:26:22]		1048572		34156		1014416
[15:26:23]		1048572		34072		1014500
[15:26:24]		1048572		33960		1014612
[15:26:25]		1048572		33912		1014660
[15:26:26]		1048572		32944		1015628
[15:26:27]		1048572		32800		1015772
[15:26:28]		1048572		20392		1028180
[15:26:29]		1048572		20392		1028180
[15:26:30]		1048572		20392		1028180
[15:26:31]		1048572		20392		1028180
[15:26:32]		1048572		20392		1028180
[15:26:33]		1048572		20392		1028180
[15:26:34]		1048572		20392		1028180
[15:26:35]		1048572		20392		1028180
[15:26:36]		1048572		20392		1028180
[15:26:37]		1048572		20392		1028180
[15:26:38]		1048572		20392		1028180
[15:26:39]		1048572		20392		1028180
[15:26:40]		1048572		20392		1028180
[15:26:41]		1048572		20392		1028180
[15:26:42]		1048572		20392		1028180
[15:26:43]		1048572		20392		1028180
[15:26:44]		1048572		20392		1028180
[15:26:45]		1048572		20392		1028180
[15:26:46]		1048572		20392		1028180
[15:26:47]		1048572		20392		1028180
[15:26:48]		1048572		20392		1028180
[15:26:49]		1048572		20392		1028180
[15:26:50]		1048572		20392		1028180
[15:26:51]		1048572		20392		1028180
[15:26:52]		1048572		20392		1028180
[15:26:53]		1048572		20392		1028180
[15:26:54]		1048572		22512		1026060
[15:26:55]		1048572		44788		1003784
[15:26:56]		1048572		62664		985908
[15:26:57]		1048572		58980		989592
[15:26:58]		1048572		60820		987752
[15:26:59]		1048572		68812		979760
[15:27:00]		1048572		69684		978888
[15:27:01]		1048572		62292		986280
[15:27:02]		1048572		66828		981744
[15:27:03]		1048572		78800		969772
[15:27:04]		1048572		79268		969304
[15:27:05]		1048572		81576		966996
[15:27:06]		1048572		86964		961608
[15:27:07]		1048572		88328		960244
[15:27:08]		1048572		90304		958268
[15:27:09]		1048572		86612		961960
[15:27:10]		1048572		90292		958280
[15:27:11]		1048572		90740		957832
[15:27:12]		1048572		94128		954444
[15:27:13]		1048572		84952		963620
[15:27:14]		1048572		93352		955220
[15:27:15]		1048572		88964		959608
[15:27:16]		1048572		89300		959272
[15:27:17]		1048572		92156		956416
[15:27:18]		1048572		104468		944104
[15:27:19]		1048572		111136		937436
[15:27:20]		1048572		109796		938776
[15:27:21]		1048572		106420		942152
[15:27:22]		1048572		106592		941980
[15:27:23]		1048572		115024		933548
[15:27:24]		1048572		123620		924952
[15:27:25]		1048572		126600		921972
[15:27:26]		1048572		129088		919484
[15:27:27]		1048572		121856		926716
[15:27:28]		1048572		137932		910640
[15:27:29]		1048572		138544		910028
[15:27:30]		1048572		147252		901320
[15:27:31]		1048572		149804		898768
[15:27:32]		1048572		153784		894788
[15:27:33]		1048572		159296		889276
[15:27:34]		1048572		146764		901808
[15:27:35]		1048572		147804		900768
[15:27:36]		1048572		161036		887536
[15:27:37]		1048572		155916		892656
[15:27:38]		1048572		152988		895584
[15:27:39]		1048572		152240		896332
[15:27:40]		1048572		156880		891692
[15:27:41]		1048572		168592		879980
[15:27:42]		1048572		169388		879184
[15:27:43]		1048572		171100		877472
[15:27:44]		1048572		171376		877196
[15:27:45]		1048572		174316		874256
[15:27:46]		1048572		175660		872912
[15:27:47]		1048572		176220		872352
[15:27:48]		1048572		179576		868996
[15:27:49]		1048572		173880		874692
[15:27:50]		1048572		168612		879960
[15:27:51]		1048572		168500		880072
[15:27:52]		1048572		171192		877380
[15:27:53]		1048572		173336		875236
[15:27:54]		1048572		177916		870656
[15:27:55]		1048572		178680		869892
[15:27:56]		1048572		170788		877784
[15:27:57]		1048572		180116		868456
[15:27:58]		1048572		183244		865328
[15:27:59]		1048572		182436		866136
[15:28:00]		1048572		190032		858540
[15:28:01]		1048572		188708		859864
[15:28:02]		1048572		190408		858164
[15:28:03]		1048572		185516		863056
[15:28:04]		1048572		187756		860816
[15:28:05]		1048572		194048		854524
[15:28:06]		1048572		189140		859432
[15:28:07]		1048572		197440		851132
[15:28:08]		1048572		187148		861424
[15:28:09]		1048572		197884		850688
[15:28:10]		1048572		190016		858556
[15:28:11]		1048572		192364		856208
[15:28:12]		1048572		191844		856728
[15:28:13]		1048572		194752		853820
[15:28:14]		1048572		195600		852972
[15:28:15]		1048572		193792		854780
[15:28:16]		1048572		195892		852680
[15:28:17]		1048572		191468		857104
[15:28:18]		1048572		188964		859608
[15:28:19]		1048572		195392		853180
[15:28:20]		1048572		199896		848676
[15:28:21]		1048572		194816		853756
[15:28:22]		1048572		197968		850604
[15:28:23]		1048572		204324		844248
[15:28:24]		1048572		202692		845880
[15:28:25]		1048572		197924		850648
[15:28:26]		1048572		199556		849016
[15:28:27]		1048572		204692		843880
[15:28:28]		1048572		204976		843596
[15:28:29]		1048572		208012		840560
[15:28:30]		1048572		210324		838248
[15:28:31]		1048572		214024		834548
[15:28:32]		1048572		201000		847572
[15:28:33]		1048572		208524		840048
[15:28:34]		1048572		205060		843512
[15:28:35]		1048572		197608		850964
[15:28:36]		1048572		204844		843728
[15:28:37]		1048572		207936		840636
[15:28:38]		1048572		205128		843444
[15:28:39]		1048572		207676		840896
[15:28:40]		1048572		210300		838272
[15:28:41]		1048572		211912		836660
[15:28:42]		1048572		210812		837760
[15:28:43]		1048572		211540		837032
[15:28:44]		1048572		209688		838884
[15:28:45]		1048572		205328		843244
[15:28:46]		1048572		212980		835592
[15:28:47]		1048572		208304		840268
[15:28:48]		1048572		203680		844892
[15:28:49]		1048572		203988		844584
[15:28:50]		1048572		205412		843160
[15:28:51]		1048572		215948		832624
[15:28:52]		1048572		216936		831636
[15:28:53]		1048572		218920		829652
[15:28:54]		1048572		214308		834264
[15:28:55]		1048572		218096		830476
[15:28:56]		1048572		221012		827560
[15:28:57]		1048572		113980		934592
[15:28:58]		1048572		94164		954408
[15:28:59]		1048572		61420		987152
[15:29:00]		1048572		34112		1014460
[15:29:01]		1048572		20208		1028364
[15:29:02]		1048572		20208		1028364
[15:29:03]		1048572		20208		1028364
[15:29:04]		1048572		20208		1028364
[15:29:05]		1048572		20208		1028364
[15:29:06]		1048572		20208		1028364
[15:29:07]		1048572		20208		1028364
[15:29:08]		1048572		20208		1028364
[15:29:09]		1048572		20208		1028364
[15:29:10]		1048572		20208		1028364
[15:29:11]		1048572		20208		1028364
[15:29:12]		1048572		20208		1028364
[15:29:13]		1048572		20208		1028364
[15:29:14]		1048572		20208		1028364
[15:29:15]		1048572		20208		1028364
[15:29:16]		1048572		20204		1028368
[15:29:17]		1048572		20204		1028368
[15:29:18]		1048572		20204		1028368
[15:29:19]		1048572		20204		1028368
[15:29:20]		1048572		20204		1028368
[15:29:21]		1048572		20204		1028368
[15:29:22]		1048572		20204		1028368
[15:29:23]		1048572		20204		1028368
[15:29:24]		1048572		20204		1028368
[15:29:25]		1048572		20204		1028368
[15:29:26]		1048572		32204		1016368
[15:29:27]		1048572		48232		1000340
[15:29:28]		1048572		66220		982352
[15:29:29]		1048572		69376		979196
[15:29:30]		1048572		68924		979648
[15:29:31]		1048572		81948		966624
[15:29:32]		1048572		87936		960636
[15:29:33]		1048572		81336		967236
[15:29:34]		1048572		93076		955496
[15:29:35]		1048572		87220		961352
[15:29:36]		1048572		95460		953112
[15:29:37]		1048572		94788		953784
[15:29:38]		1048572		89176		959396
[15:29:39]		1048572		92436		956136
[15:29:40]		1048572		97752		950820
[15:29:41]		1048572		94632		953940
[15:29:42]		1048572		103936		944636
[15:29:43]		1048572		96328		952244
[15:29:44]		1048572		98488		950084
[15:29:45]		1048572		88804		959768
[15:29:46]		1048572		101408		947164
[15:29:47]		1048572		105584		942988
[15:29:48]		1048572		112236		936336
[15:29:49]		1048572		104148		944424
[15:29:50]		1048572		105272		943300
[15:29:51]		1048572		89280		959292
[15:29:52]		1048572		116180		932392
[15:29:53]		1048572		124844		923728
[15:29:54]		1048572		133856		914716
[15:29:55]		1048572		130568		918004
[15:29:56]		1048572		139268		909304
[15:29:57]		1048572		150924		897648
[15:29:58]		1048572		157220		891352
[15:29:59]		1048572		168816		879756
[15:30:00]		1048572		170400		878172
[15:30:01]		1048572		156868		891704
[15:30:02]		1048572		152828		895744
[15:30:03]		1048572		158292		890280
[15:30:04]		1048572		161100		887472
[15:30:05]		1048572		167028		881544
[15:30:06]		1048572		169124		879448
[15:30:07]		1048572		172096		876476
[15:30:08]		1048572		170412		878160
[15:30:09]		1048572		175288		873284
[15:30:10]		1048572		176888		871684
[15:30:11]		1048572		176788		871784
[15:30:12]		1048572		178468		870104
[15:30:13]		1048572		170924		877648
[15:30:14]		1048572		179392		869180
[15:30:15]		1048572		186992		861580
[15:30:16]		1048572		179944		868628
[15:30:17]		1048572		185688		862884
[15:30:18]		1048572		189816		858756
[15:30:19]		1048572		184836		863736
[15:30:20]		1048572		176136		872436
[15:30:21]		1048572		175740		872832
[15:30:22]		1048572		173872		874700
[15:30:23]		1048572		177220		871352
[15:30:24]		1048572		175388		873184
[15:30:25]		1048572		182712		865860
[15:30:26]		1048572		177144		871428
[15:30:27]		1048572		181460		867112
[15:30:28]		1048572		180832		867740
[15:30:29]		1048572		182532		866040
[15:30:30]		1048572		183736		864836
[15:30:31]		1048572		189628		858944
[15:30:32]		1048572		187860		860712
[15:30:33]		1048572		194324		854248
[15:30:34]		1048572		193720		854852
[15:30:35]		1048572		195752		852820
[15:30:36]		1048572		194692		853880
[15:30:37]		1048572		204724		843848
[15:30:38]		1048572		205412		843160
[15:30:39]		1048572		207092		841480
[15:30:40]		1048572		202820		845752
[15:30:41]		1048572		205772		842800
[15:30:42]		1048572		204976		843596
[15:30:43]		1048572		197956		850616
[15:30:44]		1048572		195900		852672
[15:30:45]		1048572		191408		857164
[15:30:46]		1048572		193992		854580
[15:30:47]		1048572		207788		840784
[15:30:48]		1048572		203132		845440
[15:30:49]		1048572		207276		841296
[15:30:50]		1048572		209832		838740
[15:30:51]		1048572		211404		837168
[15:30:52]		1048572		221064		827508
[15:30:53]		1048572		225800		822772
[15:30:54]		1048572		227856		820716
[15:30:55]		1048572		230128		818444
[15:30:56]		1048572		225116		823456
[15:30:57]		1048572		227084		821488
[15:30:58]		1048572		235196		813376
[15:30:59]		1048572		230408		818164
[15:31:00]		1048572		229468		819104
[15:31:01]		1048572		210760		837812
[15:31:02]		1048572		204988		843584
[15:31:03]		1048572		203452		845120
[15:31:04]		1048572		208612		839960
[15:31:05]		1048572		203356		845216
[15:31:06]		1048572		206108		842464
[15:31:07]		1048572		215748		832824
[15:31:08]		1048572		216944		831628
[15:31:09]		1048572		210820		837752
[15:31:10]		1048572		216072		832500
[15:31:11]		1048572		198424		850148
[15:31:12]		1048572		206032		842540
[15:31:13]		1048572		194080		854492
[15:31:14]		1048572		212712		835860
[15:31:15]		1048572		214008		834564
[15:31:16]		1048572		216160		832412
[15:31:17]		1048572		218092		830480
[15:31:18]		1048572		214232		834340
[15:31:19]		1048572		225588		822984
[15:31:20]		1048572		219452		829120
[15:31:21]		1048572		221384		827188
[15:31:22]		1048572		226864		821708
[15:31:23]		1048572		219396		829176
[15:31:24]		1048572		208944		839628
[15:31:25]		1048572		215220		833352
[15:31:26]		1048572		218532		830040
[15:31:27]		1048572		211548		837024
[15:31:28]		1048572		223440		825132
[15:31:29]		1048572		231860		816712
[15:31:30]		1048572		235260		813312
[15:31:31]		1048572		241548		807024
[15:31:32]		1048572		240236		808336
[15:31:33]		1048572		242508		806064
[15:31:34]		1048572		249028		799544
[15:31:35]		1048572		241472		807100
[15:31:36]		1048572		246872		801700
[15:31:37]		1048572		246584		801988
[15:31:38]		1048572		246708		801864
[15:31:39]		1048572		247372		801200
[15:31:40]		1048572		242540		806032
[15:31:41]		1048572		230492		818080
[15:31:42]		1048572		233016		815556
[15:31:43]		1048572		231496		817076
[15:31:44]		1048572		230240		818332
[15:31:45]		1048572		227688		820884
[15:31:46]		1048572		230764		817808
[15:31:47]		1048572		223508		825064
[15:31:48]		1048572		222076		826496
[15:31:49]		1048572		222700		825872
[15:31:50]		1048572		223288		825284
[15:31:51]		1048572		221332		827240
[15:31:52]		1048572		229472		819100
[15:31:53]		1048572		232856		815716
[15:31:54]		1048572		232944		815628
[15:31:55]		1048572		232880		815692
[15:31:56]		1048572		222996		825576
[15:31:57]		1048572		226240		822332
[15:31:58]		1048572		228852		819720
[15:31:59]		1048572		230428		818144
[15:32:00]		1048572		227344		821228
[15:32:01]		1048572		219016		829556
[15:32:02]		1048572		224356		824216
[15:32:03]		1048572		227096		821476
[15:32:04]		1048572		229616		818956
[15:32:05]		1048572		234428		814144
[15:32:06]		1048572		232376		816196
[15:32:07]		1048572		223636		824936
[15:32:08]		1048572		243996		804576
[15:32:09]		1048572		248224		800348
[15:32:10]		1048572		242824		805748
[15:32:11]		1048572		242976		805596
[15:32:12]		1048572		249820		798752
[15:32:13]		1048572		244616		803956
[15:32:14]		1048572		249844		798728
[15:32:15]		1048572		249000		799572
[15:32:16]		1048572		244180		804392
[15:32:17]		1048572		248360		800212
[15:32:18]		1048572		243180		805392
[15:32:19]		1048572		242916		805656
[15:32:20]		1048572		236628		811944
[15:32:21]		1048572		240484		808088
[15:32:22]		1048572		235940		812632
[15:32:23]		1048572		236416		812156
[15:32:24]		1048572		236800		811772
[15:32:25]		1048572		231928		816644
[15:32:26]		1048572		242804		805768
[15:32:27]		1048572		246448		802124
[15:32:28]		1048572		239328		809244
[15:32:29]		1048572		247124		801448
[15:32:30]		1048572		251932		796640
[15:32:31]		1048572		253212		795360
[15:32:32]		1048572		262536		786036
[15:32:33]		1048572		263520		785052
[15:32:34]		1048572		261796		786776
[15:32:35]		1048572		258380		790192
[15:32:36]		1048572		254496		794076
[15:32:37]		1048572		247840		800732
[15:32:39]		1048572		240064		808508
[15:32:40]		1048572		227004		821568
[15:32:41]		1048572		245612		802960
[15:32:42]		1048572		253940		794632
[15:32:43]		1048572		251604		796968
[15:32:44]		1048572		252896		795676
[15:32:45]		1048572		258124		790448
[15:32:46]		1048572		254292		794280
[15:32:47]		1048572		255988		792584
[15:32:48]		1048572		256472		792100
[15:32:49]		1048572		258472		790100
[15:32:50]		1048572		261776		786796
[15:32:51]		1048572		265228		783344
[15:32:52]		1048572		266524		782048
[15:32:53]		1048572		276600		771972
[15:32:54]		1048572		279656		768916
[15:32:55]		1048572		283708		764864
[15:32:56]		1048572		281440		767132
[15:32:57]		1048572		298020		750552
[15:32:58]		1048572		295624		752948
[15:32:59]		1048572		276772		771800
[15:33:00]		1048572		276124		772448
[15:33:01]		1048572		262608		785964
[15:33:02]		1048572		260824		787748
[15:33:03]		1048572		259724		788848
[15:33:04]		1048572		265280		783292
[15:33:05]		1048572		260564		788008
[15:33:06]		1048572		259512		789060
[15:33:07]		1048572		259356		789216
[15:33:08]		1048572		253256		795316
[15:33:09]		1048572		263008		785564
[15:33:10]		1048572		263440		785132
[15:33:11]		1048572		257844		790728
[15:33:12]		1048572		248140		800432
[15:33:13]		1048572		258904		789668
[15:33:14]		1048572		248840		799732
[15:33:15]		1048572		255628		792944
[15:33:16]		1048572		261844		786728
[15:33:17]		1048572		263196		785376
[15:33:18]		1048572		256232		792340
[15:33:19]		1048572		258120		790452
[15:33:20]		1048572		251612		796960
[15:33:21]		1048572		253056		795516
[15:33:22]		1048572		250244		798328
[15:33:23]		1048572		256948		791624
[15:33:24]		1048572		258120		790452
[15:33:25]		1048572		256872		791700
[15:33:26]		1048572		255692		792880
[15:33:27]		1048572		261144		787428
[15:33:28]		1048572		254740		793832
[15:33:29]		1048572		265832		782740
[15:33:30]		1048572		258340		790232
[15:33:31]		1048572		273716		774856
[15:33:32]		1048572		261544		787028
[15:33:33]		1048572		269488		779084
[15:33:34]		1048572		261740		786832
[15:33:35]		1048572		261708		786864
[15:33:36]		1048572		250448		798124
[15:33:37]		1048572		252976		795596
[15:33:38]		1048572		254388		794184
[15:33:39]		1048572		246660		801912
[15:33:40]		1048572		249748		798824
[15:33:41]		1048572		254368		794204
[15:33:42]		1048572		265344		783228
[15:33:43]		1048572		264668		783904
[15:33:44]		1048572		268024		780548
[15:33:45]		1048572		270136		778436
[15:33:46]		1048572		271816		776756
[15:33:47]		1048572		255516		793056
[15:33:48]		1048572		259796		788776
[15:33:49]		1048572		258556		790016
[15:33:50]		1048572		260328		788244
[15:33:51]		1048572		262440		786132
[15:33:52]		1048572		256768		791804
[15:33:53]		1048572		269536		779036
[15:33:54]		1048572		260956		787616
[15:33:55]		1048572		271424		777148
[15:33:56]		1048572		272188		776384
[15:33:57]		1048572		276832		771740
[15:33:58]		1048572		273172		775400
[15:33:59]		1048572		272648		775924
[15:34:00]		1048572		282024		766548
[15:34:01]		1048572		274000		774572
[15:34:02]		1048572		259056		789516
[15:34:03]		1048572		243676		804896
[15:34:04]		1048572		261492		787080
[15:34:05]		1048572		258640		789932
[15:34:06]		1048572		260208		788364
[15:34:07]		1048572		260448		788124
[15:34:08]		1048572		266940		781632
[15:34:09]		1048572		267488		781084
[15:34:10]		1048572		282312		766260
[15:34:11]		1048572		268512		780060
[15:34:12]		1048572		273972		774600
[15:34:13]		1048572		271704		776868
[15:34:14]		1048572		267412		781160
[15:34:15]		1048572		262356		786216
[15:34:16]		1048572		268316		780256
[15:34:17]		1048572		269392		779180
[15:34:18]		1048572		271376		777196
[15:34:19]		1048572		273732		774840
[15:34:20]		1048572		272052		776520
[15:34:21]		1048572		263368		785204
[15:34:22]		1048572		262484		786088
[15:34:23]		1048572		261668		786904
[15:34:24]		1048572		257868		790704
[15:34:25]		1048572		259604		788968
[15:34:26]		1048572		255636		792936
[15:34:27]		1048572		255776		792796
[15:34:28]		1048572		260728		787844
[15:34:29]		1048572		255220		793352
[15:34:30]		1048572		256156		792416
[15:34:31]		1048572		258236		790336
[15:34:32]		1048572		267452		781120
[15:34:33]		1048572		265760		782812
[15:34:34]		1048572		264052		784520
[15:34:35]		1048572		266756		781816
[15:34:36]		1048572		263824		784748
[15:34:37]		1048572		256276		792296
[15:34:38]		1048572		250260		798312
[15:34:39]		1048572		254712		793860
[15:34:40]		1048572		252208		796364
[15:34:41]		1048572		248264		800308
[15:34:42]		1048572		250932		797640
[15:34:43]		1048572		255612		792960
[15:34:44]		1048572		260036		788536
[15:34:45]		1048572		267156		781416
[15:34:46]		1048572		280904		767668
[15:34:47]		1048572		280628		767944
[15:34:48]		1048572		285788		762784
[15:34:49]		1048572		278404		770168
[15:34:50]		1048572		278396		770176
[15:34:51]		1048572		267560		781012
[15:34:52]		1048572		278172		770400
[15:34:53]		1048572		280568		768004
[15:34:54]		1048572		287216		761356
[15:34:55]		1048572		288832		759740
[15:34:56]		1048572		268180		780392
[15:34:57]		1048572		276668		771904
[15:34:58]		1048572		266972		781600
[15:34:59]		1048572		261568		787004
[15:35:00]		1048572		262736		785836
[15:35:01]		1048572		262944		785628
[15:35:02]		1048572		269400		779172
[15:35:03]		1048572		271132		777440
[15:35:04]		1048572		272396		776176
[15:35:05]		1048572		269396		779176
[15:35:06]		1048572		265984		782588
[15:35:07]		1048572		275872		772700
[15:35:08]		1048572		273984		774588
[15:35:09]		1048572		279280		769292
[15:35:10]		1048572		280536		768036
[15:35:11]		1048572		282536		766036
[15:35:12]		1048572		279048		769524
[15:35:13]		1048572		277652		770920
[15:35:14]		1048572		284116		764456
[15:35:15]		1048572		283472		765100
[15:35:16]		1048572		281788		766784
[15:35:17]		1048572		280516		768056
[15:35:18]		1048572		279132		769440
[15:35:19]		1048572		288008		760564
[15:35:20]		1048572		277364		771208
[15:35:21]		1048572		282560		766012
[15:35:22]		1048572		268228		780344
[15:35:23]		1048572		267596		780976
[15:35:24]		1048572		270396		778176
[15:35:25]		1048572		267140		781432
[15:35:26]		1048572		282084		766488
[15:35:27]		1048572		285864		762708
[15:35:28]		1048572		290720		757852
[15:35:29]		1048572		273388		775184
[15:35:30]		1048572		266192		782380
[15:35:31]		1048572		265272		783300
[15:35:32]		1048572		272248		776324
[15:35:33]		1048572		277336		771236
[15:35:34]		1048572		274048		774524
[15:35:35]		1048572		275516		773056
[15:35:36]		1048572		276568		772004
[15:35:37]		1048572		266716		781856
[15:35:38]		1048572		268644		779928
[15:35:39]		1048572		262244		786328
[15:35:40]		1048572		262076		786496
[15:35:41]		1048572		258588		789984
[15:35:42]		1048572		263088		785484
[15:35:43]		1048572		263828		784744
[15:35:44]		1048572		269124		779448
[15:35:45]		1048572		264780		783792
[15:35:46]		1048572		272272		776300
[15:35:47]		1048572		265232		783340
[15:35:48]		1048572		261912		786660
[15:35:49]		1048572		263756		784816
[15:35:50]		1048572		267572		781000
[15:35:51]		1048572		262524		786048
[15:35:52]		1048572		256852		791720
[15:35:53]		1048572		256992		791580
[15:35:54]		1048572		264636		783936
[15:35:55]		1048572		266008		782564
[15:35:56]		1048572		257636		790936
[15:35:57]		1048572		261072		787500
[15:35:58]		1048572		257056		791516
[15:35:59]		1048572		262728		785844
[15:36:00]		1048572		256152		792420
[15:36:01]		1048572		267520		781052
[15:36:02]		1048572		265156		783416
[15:36:03]		1048572		260380		788192
[15:36:04]		1048572		185316		863256
[15:36:05]		1048572		163852		884720
[15:36:06]		1048572		133864		914708
[15:36:07]		1048572		90040		958532
[15:36:08]		1048572		41888		1006684
[15:36:09]		1048572		20400		1028172
[15:36:10]		1048572		20400		1028172
[15:36:11]		1048572		20400		1028172
[15:36:12]		1048572		20400		1028172
[15:36:13]		1048572		20400		1028172
[15:36:14]		1048572		20400		1028172
[15:36:15]		1048572		20400		1028172
[15:36:16]		1048572		20400		1028172
[15:36:17]		1048572		20400		1028172
[15:36:18]		1048572		20400		1028172
[15:36:19]		1048572		20400		1028172
[15:36:20]		1048572		20400		1028172
[15:36:21]		1048572		20160		1028412
[15:36:22]		1048572		20160		1028412
[15:36:23]		1048572		20160		1028412
[15:36:24]		1048572		20160		1028412
[15:36:25]		1048572		20160		1028412
[15:36:26]		1048572		20160		1028412
[15:36:27]		1048572		20160		1028412
[15:36:28]		1048572		20160		1028412
[15:36:29]		1048572		20160		1028412
[15:36:30]		1048572		20160		1028412
[15:36:31]		1048572		20160		1028412
[15:36:32]		1048572		20160		1028412
[15:36:33]		1048572		20160		1028412
[15:36:34]		1048572		20160		1028412
[15:36:35]		1048572		20160		1028412
[15:36:36]		1048572		20160		1028412
[15:36:37]		1048572		19916		1028656
[15:36:38]		1048572		19916		1028656
[15:36:39]		1048572		19908		1028664
[15:36:40]		1048572		19908		1028664
[15:36:41]		1048572		19908		1028664
[15:36:42]		1048572		19908		1028664
[15:36:43]		1048572		19908		1028664
[15:36:44]		1048572		19908		1028664
[15:36:45]		1048572		19908		1028664
[15:36:46]		1048572		19904		1028668
[15:36:47]		1048572		19904		1028668
[15:36:48]		1048572		19904		1028668
[15:36:49]		1048572		19904		1028668
[15:36:50]		1048572		19332		1029240
[15:36:51]		1048572		19296		1029276
[15:36:52]		1048572		19080		1029492
[15:36:53]		1048572		19080		1029492
[15:36:54]		1048572		19080		1029492
[15:36:55]		1048572		19080		1029492
[15:36:56]		1048572		19080		1029492
[15:36:57]		1048572		19080		1029492
[15:36:58]		1048572		19080		1029492
[15:36:59]		1048572		19080		1029492
[15:37:00]		1048572		19080		1029492
[15:37:01]		1048572		19080		1029492
[15:37:02]		1048572		19080		1029492
[15:37:03]		1048572		19080		1029492
[15:37:04]		1048572		19080		1029492
[15:37:05]		1048572		19080		1029492
[15:37:06]		1048572		19080		1029492
[15:37:07]		1048572		19080		1029492
[15:37:08]		1048572		19080		1029492
[15:37:09]		1048572		19080		1029492
[15:37:10]		1048572		19080		1029492
[15:37:11]		1048572		19080		1029492
[15:37:12]		1048572		19080		1029492
[15:37:13]		1048572		19080		1029492
[15:37:14]		1048572		19080		1029492
[15:37:15]		1048572		19048		1029524
[15:37:16]		1048572		16804		1031768
[15:37:17]		1048572		16804		1031768
[15:37:18]		1048572		16804		1031768
[15:37:19]		1048572		16804		1031768
[15:37:20]		1048572		16804		1031768
[15:37:21]		1048572		16804		1031768
[15:37:22]		1048572		16804		1031768
[15:37:23]		1048572		16804		1031768
[15:37:24]		1048572		16804		1031768
[15:37:25]		1048572		16804		1031768
[15:37:26]		1048572		16804		1031768
[15:37:27]		1048572		16804		1031768
[15:37:28]		1048572		16804		1031768
[15:37:29]		1048572		16804		1031768
[15:37:30]		1048572		16804		1031768
[15:37:31]		1048572		16804		1031768
[15:37:32]		1048572		16804		1031768
[15:37:33]		1048572		16804		1031768
[15:37:34]		1048572		16804		1031768
[15:37:35]		1048572		16804		1031768
[15:37:36]		1048572		16804		1031768
[15:37:37]		1048572		16804		1031768
[15:37:38]		1048572		16804		1031768
[15:37:39]		1048572		16804		1031768
[15:37:40]		1048572		16804		1031768
[15:37:41]		1048572		16804		1031768
[15:37:42]		1048572		16804		1031768
[15:37:43]		1048572		16804		1031768
[15:37:44]		1048572		16804		1031768
[15:37:45]		1048572		16804		1031768
[15:37:46]		1048572		16804		1031768
[15:37:47]		1048572		16804		1031768
[15:37:48]		1048572		16804		1031768
[15:37:49]		1048572		16804		1031768
[15:37:50]		1048572		16804		1031768
[15:37:51]		1048572		16804		1031768
[15:37:52]		1048572		16804		1031768
[15:37:53]		1048572		16800		1031772
[15:37:54]		1048572		16760		1031812
[15:37:55]		1048572		16760		1031812
