record in kb
time		total		used		free
[09:34:32]		1048572		0		1048572
[09:34:35]		1048572		0		1048572
[09:34:38]		1048572		0		1048572
[09:34:41]		1048572		0		1048572
[09:34:44]		1048572		0		1048572
[09:34:47]		1048572		0		1048572
[09:34:50]		1048572		0		1048572
[09:34:53]		1048572		0		1048572
[09:34:56]		1048572		0		1048572
[09:34:59]		1048572		0		1048572
[09:35:02]		1048572		0		1048572
[09:35:05]		1048572		0		1048572
[09:35:08]		1048572		0		1048572
[09:35:11]		1048572		0		1048572
[09:35:14]		1048572		0		1048572
[09:35:17]		1048572		0		1048572
[09:35:20]		1048572		0		1048572
[09:35:23]		1048572		0		1048572
[09:35:26]		1048572		0		1048572
[09:35:29]		1048572		0		1048572
[09:35:32]		1048572		0		1048572
[09:35:35]		1048572		0		1048572
[09:35:38]		1048572		0		1048572
[09:35:41]		1048572		0		1048572
[09:35:44]		1048572		0		1048572
[09:35:47]		1048572		0		1048572
[09:35:50]		1048572		0		1048572
[09:35:53]		1048572		0		1048572
[09:35:56]		1048572		0		1048572
[09:35:59]		1048572		0		1048572
[09:36:02]		1048572		0		1048572
[09:36:05]		1048572		0		1048572
[09:36:08]		1048572		0		1048572
[09:36:11]		1048572		0		1048572
[09:36:14]		1048572		0		1048572
[09:36:17]		1048572		0		1048572
[09:36:20]		1048572		0		1048572
[09:36:23]		1048572		0		1048572
[09:36:26]		1048572		0		1048572
[09:36:29]		1048572		0		1048572
[09:36:32]		1048572		0		1048572
[09:36:35]		1048572		0		1048572
[09:36:38]		1048572		0		1048572
[09:36:41]		1048572		0		1048572
[09:36:44]		1048572		0		1048572
[09:36:47]		1048572		0		1048572
[09:36:50]		1048572		0		1048572
[09:36:53]		1048572		0		1048572
[09:36:56]		1048572		0		1048572
[09:36:59]		1048572		0		1048572
[09:37:02]		1048572		0		1048572
[09:37:05]		1048572		0		1048572
[09:37:08]		1048572		0		1048572
[09:37:11]		1048572		0		1048572
[09:37:14]		1048572		0		1048572
[09:37:17]		1048572		0		1048572
[09:37:20]		1048572		0		1048572
[09:37:23]		1048572		0		1048572
[09:37:26]		1048572		0		1048572
[09:37:29]		1048572		0		1048572
[09:37:32]		1048572		0		1048572
[09:37:35]		1048572		0		1048572
[09:37:38]		1048572		0		1048572
[09:37:41]		1048572		0		1048572
[09:37:44]		1048572		0		1048572
[09:37:47]		1048572		0		1048572
[09:37:50]		1048572		0		1048572
[09:37:53]		1048572		0		1048572
[09:37:56]		1048572		0		1048572
[09:37:59]		1048572		0		1048572
[09:38:02]		1048572		0		1048572
[09:38:05]		1048572		0		1048572
[09:38:08]		1048572		0		1048572
[09:38:11]		1048572		0		1048572
[09:38:15]		1048572		0		1048572
[09:38:18]		1048572		0		1048572
[09:38:21]		1048572		0		1048572
[09:38:24]		1048572		0		1048572
[09:38:27]		1048572		0		1048572
[09:38:30]		1048572		0		1048572
[09:38:33]		1048572		0		1048572
[09:38:36]		1048572		0		1048572
[09:38:39]		1048572		0		1048572
[09:38:42]		1048572		0		1048572
[09:38:45]		1048572		0		1048572
[09:38:48]		1048572		0		1048572
[09:38:51]		1048572		0		1048572
[09:38:54]		1048572		0		1048572
[09:38:57]		1048572		0		1048572
[09:39:00]		1048572		0		1048572
[09:39:03]		1048572		0		1048572
[09:39:06]		1048572		0		1048572
[09:39:09]		1048572		0		1048572
[09:39:12]		1048572		0		1048572
[09:39:15]		1048572		0		1048572
[09:39:18]		1048572		0		1048572
[09:39:21]		1048572		0		1048572
[09:39:24]		1048572		0		1048572
[09:39:27]		1048572		0		1048572
[09:39:30]		1048572		0		1048572
[09:39:33]		1048572		0		1048572
[09:39:36]		1048572		0		1048572
[09:39:39]		1048572		0		1048572
[09:39:42]		1048572		0		1048572
[09:39:45]		1048572		0		1048572
[09:39:48]		1048572		0		1048572
[09:39:51]		1048572		0		1048572
[09:39:54]		1048572		0		1048572
[09:39:57]		1048572		0		1048572
[09:40:00]		1048572		0		1048572
[09:40:03]		1048572		0		1048572
[09:40:06]		1048572		0		1048572
[09:40:09]		1048572		0		1048572
[09:40:12]		1048572		0		1048572
[09:40:15]		1048572		0		1048572
[09:40:18]		1048572		0		1048572
[09:40:21]		1048572		0		1048572
[09:40:24]		1048572		0		1048572
[09:40:27]		1048572		0		1048572
[09:40:30]		1048572		0		1048572
[09:40:33]		1048572		0		1048572
[09:40:36]		1048572		0		1048572
[09:40:39]		1048572		0		1048572
[09:40:42]		1048572		0		1048572
[09:40:45]		1048572		0		1048572
[09:40:48]		1048572		0		1048572
[09:40:51]		1048572		0		1048572
[09:40:54]		1048572		0		1048572
[09:40:57]		1048572		0		1048572
[09:41:00]		1048572		0		1048572
[09:41:03]		1048572		0		1048572
[09:41:06]		1048572		0		1048572
[09:41:09]		1048572		0		1048572
[09:41:12]		1048572		0		1048572
[09:41:15]		1048572		0		1048572
[09:41:18]		1048572		0		1048572
[09:41:21]		1048572		0		1048572
[09:41:24]		1048572		0		1048572
[09:41:27]		1048572		0		1048572
[09:41:30]		1048572		0		1048572
[09:41:33]		1048572		0		1048572
[09:41:36]		1048572		0		1048572
[09:41:39]		1048572		0		1048572
[09:41:42]		1048572		0		1048572
[09:41:45]		1048572		0		1048572
[09:41:48]		1048572		0		1048572
[09:41:51]		1048572		0		1048572
[09:41:54]		1048572		0		1048572
[09:41:57]		1048572		0		1048572
[09:42:00]		1048572		0		1048572
[09:42:03]		1048572		0		1048572
[09:42:06]		1048572		0		1048572
[09:42:09]		1048572		0		1048572
[09:42:12]		1048572		0		1048572
[09:42:15]		1048572		0		1048572
[09:42:18]		1048572		0		1048572
[09:42:21]		1048572		0		1048572
[09:42:24]		1048572		0		1048572
[09:42:27]		1048572		0		1048572
[09:42:30]		1048572		0		1048572
[09:42:33]		1048572		0		1048572
[09:42:36]		1048572		0		1048572
[09:42:39]		1048572		0		1048572
[09:42:42]		1048572		0		1048572
[09:42:45]		1048572		0		1048572
[09:42:48]		1048572		0		1048572
[09:42:51]		1048572		0		1048572
[09:42:54]		1048572		0		1048572
[09:42:57]		1048572		0		1048572
[09:43:00]		1048572		0		1048572
[09:43:03]		1048572		0		1048572
[09:43:06]		1048572		0		1048572
[09:43:09]		1048572		0		1048572
[09:43:12]		1048572		0		1048572
[09:43:15]		1048572		0		1048572
[09:43:18]		1048572		0		1048572
[09:43:21]		1048572		0		1048572
[09:43:24]		1048572		0		1048572
[09:43:27]		1048572		0		1048572
[09:43:30]		1048572		0		1048572
[09:43:33]		1048572		0		1048572
[09:43:36]		1048572		0		1048572
[09:43:39]		1048572		0		1048572
[09:43:42]		1048572		0		1048572
[09:43:45]		1048572		0		1048572
[09:43:48]		1048572		0		1048572
[09:43:51]		1048572		0		1048572
[09:43:54]		1048572		0		1048572
[09:43:57]		1048572		0		1048572
[09:44:00]		1048572		0		1048572
[09:44:03]		1048572		0		1048572
[09:44:06]		1048572		0		1048572
[09:44:09]		1048572		0		1048572
[09:44:12]		1048572		0		1048572
[09:44:15]		1048572		0		1048572
[09:44:18]		1048572		0		1048572
[09:44:21]		1048572		0		1048572
[09:44:24]		1048572		0		1048572
[09:44:27]		1048572		0		1048572
[09:44:30]		1048572		0		1048572
[09:44:33]		1048572		0		1048572
[09:44:36]		1048572		0		1048572
[09:44:39]		1048572		0		1048572
[09:44:42]		1048572		0		1048572
[09:44:45]		1048572		0		1048572
[09:44:48]		1048572		0		1048572
[09:44:51]		1048572		0		1048572
[09:44:54]		1048572		0		1048572
[09:44:57]		1048572		0		1048572
[09:45:00]		1048572		0		1048572
[09:45:03]		1048572		0		1048572
[09:45:06]		1048572		0		1048572
[09:45:09]		1048572		0		1048572
[09:45:12]		1048572		0		1048572
[09:45:15]		1048572		0		1048572
[09:45:18]		1048572		0		1048572
[09:45:21]		1048572		0		1048572
[09:45:24]		1048572		0		1048572
[09:45:27]		1048572		0		1048572
[09:45:30]		1048572		0		1048572
[09:45:33]		1048572		0		1048572
[09:45:36]		1048572		0		1048572
[09:45:39]		1048572		0		1048572
[09:45:42]		1048572		0		1048572
[09:45:45]		1048572		0		1048572
[09:45:48]		1048572		0		1048572
[09:45:51]		1048572		0		1048572
[09:45:54]		1048572		0		1048572
[09:45:57]		1048572		0		1048572
[09:46:00]		1048572		0		1048572
[09:46:03]		1048572		0		1048572
[09:46:06]		1048572		0		1048572
[09:46:09]		1048572		0		1048572
[09:46:12]		1048572		0		1048572
[09:46:15]		1048572		0		1048572
[09:46:18]		1048572		0		1048572
[09:46:21]		1048572		0		1048572
[09:46:24]		1048572		0		1048572
[09:46:27]		1048572		0		1048572
[09:46:30]		1048572		0		1048572
[09:46:33]		1048572		0		1048572
[09:46:36]		1048572		0		1048572
[09:46:39]		1048572		0		1048572
[09:46:42]		1048572		0		1048572
[09:46:45]		1048572		0		1048572
[09:46:48]		1048572		0		1048572
[09:46:51]		1048572		0		1048572
[09:46:54]		1048572		0		1048572
[09:46:57]		1048572		0		1048572
[09:47:00]		1048572		0		1048572
[09:47:03]		1048572		0		1048572
[09:47:06]		1048572		0		1048572
[09:47:09]		1048572		0		1048572
[09:47:12]		1048572		0		1048572
[09:47:15]		1048572		0		1048572
[09:47:18]		1048572		0		1048572
[09:47:21]		1048572		0		1048572
[09:47:24]		1048572		0		1048572
[09:47:27]		1048572		0		1048572
[09:47:30]		1048572		0		1048572
[09:47:33]		1048572		0		1048572
[09:47:36]		1048572		0		1048572
[09:47:39]		1048572		0		1048572
[09:47:42]		1048572		0		1048572
[09:47:45]		1048572		0		1048572
[09:47:48]		1048572		0		1048572
[09:47:51]		1048572		0		1048572
[09:47:54]		1048572		0		1048572
[09:47:57]		1048572		0		1048572
[09:48:00]		1048572		0		1048572
[09:48:03]		1048572		0		1048572
[09:48:06]		1048572		0		1048572
[09:48:09]		1048572		0		1048572
[09:48:12]		1048572		0		1048572
[09:48:15]		1048572		0		1048572
[09:48:18]		1048572		0		1048572
[09:48:21]		1048572		0		1048572
[09:48:24]		1048572		0		1048572
[09:48:27]		1048572		0		1048572
[09:48:30]		1048572		0		1048572
[09:48:33]		1048572		0		1048572
[09:48:36]		1048572		0		1048572
[09:48:39]		1048572		0		1048572
[09:48:42]		1048572		0		1048572
[09:48:45]		1048572		0		1048572
[09:48:48]		1048572		0		1048572
[09:48:51]		1048572		0		1048572
[09:48:54]		1048572		0		1048572
[09:48:57]		1048572		0		1048572
[09:49:00]		1048572		0		1048572
[09:49:03]		1048572		0		1048572
[09:49:06]		1048572		0		1048572
[09:49:09]		1048572		0		1048572
[09:49:12]		1048572		0		1048572
[09:49:15]		1048572		0		1048572
[09:49:18]		1048572		0		1048572
[09:49:21]		1048572		0		1048572
[09:49:24]		1048572		0		1048572
[09:49:27]		1048572		0		1048572
[09:49:30]		1048572		0		1048572
[09:49:33]		1048572		0		1048572
[09:49:36]		1048572		72		1048500
[09:49:39]		1048572		72		1048500
[09:49:42]		1048572		72		1048500
[09:49:45]		1048572		72		1048500
[09:49:48]		1048572		72		1048500
[09:49:51]		1048572		72		1048500
[09:49:54]		1048572		72		1048500
[09:49:57]		1048572		72		1048500
[09:50:00]		1048572		72		1048500
[09:50:03]		1048572		72		1048500
[09:50:06]		1048572		72		1048500
[09:50:09]		1048572		108		1048464
[09:50:12]		1048572		108		1048464
[09:50:15]		1048572		108		1048464
[09:50:18]		1048572		108		1048464
[09:50:21]		1048572		108		1048464
[09:50:24]		1048572		108		1048464
[09:50:27]		1048572		108		1048464
[09:50:30]		1048572		108		1048464
[09:50:33]		1048572		108		1048464
[09:50:36]		1048572		108		1048464
[09:50:39]		1048572		108		1048464
[09:50:42]		1048572		108		1048464
[09:50:45]		1048572		108		1048464
[09:50:48]		1048572		108		1048464
[09:50:51]		1048572		108		1048464
[09:50:54]		1048572		108		1048464
[09:50:57]		1048572		108		1048464
[09:51:00]		1048572		108		1048464
[09:51:03]		1048572		108		1048464
[09:51:06]		1048572		108		1048464
[09:51:09]		1048572		108		1048464
[09:51:12]		1048572		108		1048464
[09:51:15]		1048572		108		1048464
[09:51:18]		1048572		108		1048464
[09:51:21]		1048572		108		1048464
[09:51:24]		1048572		108		1048464
[09:51:27]		1048572		108		1048464
[09:51:30]		1048572		108		1048464
[09:51:33]		1048572		108		1048464
[09:51:36]		1048572		108		1048464
[09:51:39]		1048572		108		1048464
[09:51:42]		1048572		108		1048464
[09:51:45]		1048572		108		1048464
[09:51:48]		1048572		108		1048464
[09:51:51]		1048572		108		1048464
[09:51:54]		1048572		108		1048464
[09:51:57]		1048572		108		1048464
[09:52:00]		1048572		108		1048464
[09:52:03]		1048572		108		1048464
[09:52:06]		1048572		108		1048464
[09:52:09]		1048572		108		1048464
[09:52:12]		1048572		108		1048464
[09:52:15]		1048572		108		1048464
[09:52:18]		1048572		108		1048464
[09:52:21]		1048572		108		1048464
[09:52:24]		1048572		108		1048464
[09:52:27]		1048572		108		1048464
[09:52:30]		1048572		108		1048464
[09:52:33]		1048572		108		1048464
[09:52:36]		1048572		108		1048464
[09:52:39]		1048572		108		1048464
[09:52:42]		1048572		108		1048464
[09:52:45]		1048572		108		1048464
[09:52:48]		1048572		140		1048432
[09:52:51]		1048572		140		1048432
[09:52:54]		1048572		140		1048432
[09:52:57]		1048572		140		1048432
[09:53:00]		1048572		140		1048432
[09:53:03]		1048572		140		1048432
[09:53:06]		1048572		140		1048432
[09:53:09]		1048572		140		1048432
[09:53:12]		1048572		140		1048432
[09:53:15]		1048572		140		1048432
[09:53:18]		1048572		140		1048432
[09:53:21]		1048572		140		1048432
[09:53:24]		1048572		140		1048432
[09:53:27]		1048572		152		1048420
[09:53:30]		1048572		152		1048420
[09:53:33]		1048572		152		1048420
[09:53:36]		1048572		152		1048420
[09:53:39]		1048572		152		1048420
[09:53:42]		1048572		152		1048420
[09:53:45]		1048572		152		1048420
[09:53:48]		1048572		152		1048420
[09:53:51]		1048572		152		1048420
[09:53:54]		1048572		152		1048420
[09:53:57]		1048572		152		1048420
[09:54:00]		1048572		152		1048420
[09:54:03]		1048572		180		1048392
[09:54:06]		1048572		180		1048392
[09:54:09]		1048572		180		1048392
[09:54:12]		1048572		180		1048392
[09:54:15]		1048572		180		1048392
[09:54:18]		1048572		180		1048392
[09:54:21]		1048572		180		1048392
[09:54:24]		1048572		180		1048392
[09:54:27]		1048572		180		1048392
[09:54:30]		1048572		180		1048392
[09:54:33]		1048572		180		1048392
[09:54:36]		1048572		180		1048392
[09:54:39]		1048572		180		1048392
[09:54:42]		1048572		180		1048392
[09:54:45]		1048572		180		1048392
[09:54:48]		1048572		180		1048392
[09:54:51]		1048572		180		1048392
[09:54:54]		1048572		180		1048392
[09:54:57]		1048572		180		1048392
[09:55:00]		1048572		180		1048392
[09:55:03]		1048572		180		1048392
[09:55:06]		1048572		180		1048392
[09:55:09]		1048572		180		1048392
[09:55:12]		1048572		180		1048392
[09:55:15]		1048572		180		1048392
[09:55:18]		1048572		180		1048392
[09:55:21]		1048572		180		1048392
[09:55:24]		1048572		180		1048392
[09:55:27]		1048572		180		1048392
[09:55:30]		1048572		180		1048392
[09:55:33]		1048572		180		1048392
[09:55:36]		1048572		180		1048392
[09:55:39]		1048572		180		1048392
[09:55:42]		1048572		180		1048392
[09:55:45]		1048572		180		1048392
[09:55:48]		1048572		180		1048392
[09:55:51]		1048572		180		1048392
[09:55:54]		1048572		180		1048392
[09:55:57]		1048572		180		1048392
[09:56:00]		1048572		180		1048392
[09:56:03]		1048572		352		1048220
[09:56:07]		1048572		352		1048220
[09:56:10]		1048572		352		1048220
[09:56:13]		1048572		352		1048220
[09:56:16]		1048572		352		1048220
[09:56:19]		1048572		352		1048220
[09:56:22]		1048572		352		1048220
[09:56:25]		1048572		352		1048220
[09:56:28]		1048572		352		1048220
[09:56:31]		1048572		352		1048220
[09:56:34]		1048572		352		1048220
[09:56:37]		1048572		352		1048220
[09:56:40]		1048572		412		1048160
[09:56:43]		1048572		412		1048160
[09:56:46]		1048572		412		1048160
[09:56:49]		1048572		412		1048160
[09:56:52]		1048572		412		1048160
[09:56:55]		1048572		412		1048160
[09:56:58]		1048572		412		1048160
[09:57:01]		1048572		412		1048160
[09:57:04]		1048572		412		1048160
[09:57:07]		1048572		412		1048160
[09:57:10]		1048572		412		1048160
[09:57:13]		1048572		440		1048132
[09:57:16]		1048572		440		1048132
[09:57:19]		1048572		440		1048132
[09:57:22]		1048572		440		1048132
[09:57:25]		1048572		440		1048132
[09:57:28]		1048572		440		1048132
[09:57:31]		1048572		440		1048132
[09:57:34]		1048572		440		1048132
[09:57:37]		1048572		440		1048132
[09:57:40]		1048572		440		1048132
[09:57:43]		1048572		440		1048132
[09:57:46]		1048572		452		1048120
[09:57:49]		1048572		452		1048120
[09:57:52]		1048572		452		1048120
[09:57:55]		1048572		452		1048120
[09:57:58]		1048572		452		1048120
[09:58:01]		1048572		452		1048120
[09:58:04]		1048572		452		1048120
[09:58:07]		1048572		452		1048120
[09:58:10]		1048572		452		1048120
[09:58:13]		1048572		452		1048120
[09:58:16]		1048572		452		1048120
[09:58:19]		1048572		452		1048120
[09:58:22]		1048572		452		1048120
[09:58:25]		1048572		452		1048120
[09:58:28]		1048572		452		1048120
[09:58:31]		1048572		452		1048120
[09:58:34]		1048572		452		1048120
[09:58:37]		1048572		452		1048120
[09:58:40]		1048572		452		1048120
[09:58:43]		1048572		452		1048120
[09:58:46]		1048572		452		1048120
[09:58:49]		1048572		452		1048120
[09:58:52]		1048572		452		1048120
[09:58:55]		1048572		452		1048120
[09:58:58]		1048572		452		1048120
[09:59:01]		1048572		452		1048120
[09:59:04]		1048572		452		1048120
[09:59:07]		1048572		452		1048120
[09:59:10]		1048572		452		1048120
[09:59:13]		1048572		452		1048120
[09:59:16]		1048572		452		1048120
[09:59:19]		1048572		452		1048120
[09:59:22]		1048572		452		1048120
[09:59:25]		1048572		452		1048120
[09:59:28]		1048572		452		1048120
[09:59:31]		1048572		452		1048120
[09:59:34]		1048572		452		1048120
[09:59:37]		1048572		452		1048120
[09:59:40]		1048572		452		1048120
[09:59:43]		1048572		452		1048120
[09:59:46]		1048572		452		1048120
[09:59:49]		1048572		452		1048120
[09:59:52]		1048572		452		1048120
[09:59:55]		1048572		452		1048120
[09:59:58]		1048572		452		1048120
[10:00:01]		1048572		696		1047876
[10:00:04]		1048572		696		1047876
[10:00:07]		1048572		696		1047876
[10:00:10]		1048572		696		1047876
[10:00:13]		1048572		696		1047876
[10:00:16]		1048572		696		1047876
[10:00:19]		1048572		696		1047876
[10:00:22]		1048572		696		1047876
[10:00:25]		1048572		696		1047876
[10:00:28]		1048572		696		1047876
[10:00:31]		1048572		696		1047876
[10:00:34]		1048572		696		1047876
[10:00:37]		1048572		696		1047876
[10:00:40]		1048572		696		1047876
[10:00:43]		1048572		696		1047876
[10:00:46]		1048572		696		1047876
[10:00:49]		1048572		696		1047876
[10:00:52]		1048572		696		1047876
[10:00:55]		1048572		696		1047876
[10:00:58]		1048572		696		1047876
[10:01:01]		1048572		696		1047876
[10:01:04]		1048572		696		1047876
[10:01:07]		1048572		696		1047876
[10:01:10]		1048572		696		1047876
[10:01:13]		1048572		696		1047876
[10:01:16]		1048572		696		1047876
[10:01:19]		1048572		696		1047876
[10:01:22]		1048572		696		1047876
[10:01:25]		1048572		696		1047876
[10:01:28]		1048572		696		1047876
[10:01:31]		1048572		696		1047876
[10:01:34]		1048572		696		1047876
[10:01:37]		1048572		696		1047876
[10:01:40]		1048572		696		1047876
[10:01:43]		1048572		696		1047876
[10:01:46]		1048572		696		1047876
[10:01:49]		1048572		664		1047908
[10:01:52]		1048572		664		1047908
[10:01:55]		1048572		664		1047908
[10:01:58]		1048572		664		1047908
[10:02:01]		1048572		664		1047908
[10:02:04]		1048572		664		1047908
[10:02:07]		1048572		664		1047908
[10:02:10]		1048572		664		1047908
[10:02:13]		1048572		664		1047908
[10:02:16]		1048572		664		1047908
[10:02:19]		1048572		664		1047908
[10:02:22]		1048572		664		1047908
[10:02:25]		1048572		664		1047908
[10:02:28]		1048572		664		1047908
[10:02:31]		1048572		664		1047908
[10:02:34]		1048572		664		1047908
[10:02:37]		1048572		664		1047908
[10:02:40]		1048572		664		1047908
[10:02:43]		1048572		664		1047908
[10:02:46]		1048572		664		1047908
[10:02:49]		1048572		664		1047908
[10:02:52]		1048572		664		1047908
[10:02:55]		1048572		664		1047908
[10:02:58]		1048572		664		1047908
[10:03:01]		1048572		664		1047908
[10:03:04]		1048572		664		1047908
[10:03:07]		1048572		664		1047908
[10:03:10]		1048572		664		1047908
[10:03:13]		1048572		664		1047908
[10:03:16]		1048572		664		1047908
[10:03:19]		1048572		664		1047908
[10:03:22]		1048572		664		1047908
[10:03:25]		1048572		664		1047908
[10:03:28]		1048572		664		1047908
[10:03:31]		1048572		664		1047908
[10:03:34]		1048572		664		1047908
[10:03:37]		1048572		664		1047908
[10:03:40]		1048572		664		1047908
[10:03:43]		1048572		664		1047908
[10:03:46]		1048572		664		1047908
[10:03:49]		1048572		664		1047908
[10:03:52]		1048572		664		1047908
[10:03:55]		1048572		664		1047908
[10:03:58]		1048572		664		1047908
[10:04:01]		1048572		664		1047908
[10:04:04]		1048572		664		1047908
[10:04:07]		1048572		664		1047908
[10:04:10]		1048572		664		1047908
[10:04:13]		1048572		664		1047908
[10:04:16]		1048572		664		1047908
[10:04:19]		1048572		664		1047908
[10:04:22]		1048572		664		1047908
[10:04:25]		1048572		664		1047908
[10:04:28]		1048572		664		1047908
[10:04:31]		1048572		664		1047908
[10:04:34]		1048572		664		1047908
[10:04:37]		1048572		664		1047908
[10:04:40]		1048572		664		1047908
[10:04:43]		1048572		664		1047908
[10:04:46]		1048572		664		1047908
[10:04:49]		1048572		664		1047908
[10:04:52]		1048572		664		1047908
[10:04:55]		1048572		664		1047908
[10:04:58]		1048572		664		1047908
[10:05:01]		1048572		664		1047908
[10:05:04]		1048572		664		1047908
[10:05:07]		1048572		664		1047908
[10:05:10]		1048572		664		1047908
[10:05:13]		1048572		664		1047908
[10:05:16]		1048572		664		1047908
[10:05:19]		1048572		664		1047908
[10:05:22]		1048572		664		1047908
[10:05:25]		1048572		664		1047908
[10:05:28]		1048572		664		1047908
[10:05:31]		1048572		664		1047908
[10:05:34]		1048572		664		1047908
[10:05:37]		1048572		664		1047908
[10:05:40]		1048572		664		1047908
[10:05:43]		1048572		664		1047908
[10:05:46]		1048572		664		1047908
[10:05:49]		1048572		664		1047908
[10:05:52]		1048572		664		1047908
[10:05:55]		1048572		664		1047908
[10:05:58]		1048572		664		1047908
[10:06:01]		1048572		664		1047908
[10:06:04]		1048572		664		1047908
[10:06:07]		1048572		664		1047908
[10:06:10]		1048572		664		1047908
[10:06:13]		1048572		664		1047908
[10:06:16]		1048572		664		1047908
[10:06:19]		1048572		664		1047908
[10:06:22]		1048572		664		1047908
[10:06:25]		1048572		664		1047908
[10:06:28]		1048572		664		1047908
[10:06:31]		1048572		664		1047908
[10:06:34]		1048572		664		1047908
[10:06:37]		1048572		664		1047908
[10:06:40]		1048572		664		1047908
[10:06:43]		1048572		664		1047908
[10:06:46]		1048572		664		1047908
[10:06:49]		1048572		664		1047908
[10:06:52]		1048572		664		1047908
[10:06:55]		1048572		664		1047908
[10:06:58]		1048572		664		1047908
[10:07:01]		1048572		664		1047908
[10:07:04]		1048572		664		1047908
[10:07:07]		1048572		664		1047908
[10:07:10]		1048572		664		1047908
[10:07:13]		1048572		664		1047908
[10:07:16]		1048572		664		1047908
[10:07:19]		1048572		664		1047908
[10:07:22]		1048572		664		1047908
[10:07:25]		1048572		664		1047908
[10:07:28]		1048572		664		1047908
[10:07:31]		1048572		664		1047908
[10:07:34]		1048572		664		1047908
[10:07:37]		1048572		664		1047908
[10:07:40]		1048572		664		1047908
[10:07:43]		1048572		664		1047908
[10:07:46]		1048572		664		1047908
[10:07:49]		1048572		664		1047908
[10:07:52]		1048572		664		1047908
[10:07:55]		1048572		664		1047908
[10:07:58]		1048572		664		1047908
[10:08:01]		1048572		664		1047908
[10:08:04]		1048572		664		1047908
[10:08:07]		1048572		664		1047908
[10:08:10]		1048572		664		1047908
[10:08:13]		1048572		664		1047908
[10:08:16]		1048572		664		1047908
[10:08:19]		1048572		664		1047908
[10:08:22]		1048572		664		1047908
[10:08:25]		1048572		664		1047908
[10:08:28]		1048572		664		1047908
[10:08:31]		1048572		664		1047908
[10:08:34]		1048572		664		1047908
[10:08:37]		1048572		664		1047908
[10:08:40]		1048572		664		1047908
[10:08:43]		1048572		664		1047908
[10:08:46]		1048572		664		1047908
[10:08:49]		1048572		664		1047908
[10:08:52]		1048572		664		1047908
[10:08:55]		1048572		664		1047908
[10:08:58]		1048572		664		1047908
[10:09:01]		1048572		664		1047908
[10:09:04]		1048572		664		1047908
[10:09:07]		1048572		664		1047908
[10:09:10]		1048572		664		1047908
[10:09:13]		1048572		664		1047908
[10:09:16]		1048572		664		1047908
[10:09:19]		1048572		664		1047908
[10:09:22]		1048572		664		1047908
[10:09:25]		1048572		664		1047908
[10:09:28]		1048572		664		1047908
[10:09:31]		1048572		664		1047908
[10:09:34]		1048572		664		1047908
[10:09:37]		1048572		664		1047908
[10:09:40]		1048572		664		1047908
[10:09:43]		1048572		664		1047908
[10:09:46]		1048572		664		1047908
[10:09:49]		1048572		664		1047908
[10:09:52]		1048572		664		1047908
[10:09:55]		1048572		664		1047908
[10:09:58]		1048572		664		1047908
[10:10:01]		1048572		664		1047908
[10:10:04]		1048572		664		1047908
[10:10:07]		1048572		664		1047908
[10:10:10]		1048572		664		1047908
[10:10:13]		1048572		664		1047908
[10:10:16]		1048572		664		1047908
[10:10:19]		1048572		664		1047908
[10:10:22]		1048572		664		1047908
[10:10:25]		1048572		664		1047908
[10:10:28]		1048572		664		1047908
[10:10:31]		1048572		664		1047908
[10:10:34]		1048572		664		1047908
[10:10:37]		1048572		664		1047908
[10:10:40]		1048572		664		1047908
[10:10:43]		1048572		664		1047908
[10:10:46]		1048572		664		1047908
[10:10:49]		1048572		664		1047908
[10:10:52]		1048572		664		1047908
[10:10:55]		1048572		664		1047908
[10:10:58]		1048572		664		1047908
[10:11:01]		1048572		664		1047908
[10:11:04]		1048572		664		1047908
[10:11:07]		1048572		664		1047908
[10:11:10]		1048572		664		1047908
[10:11:13]		1048572		664		1047908
[10:11:16]		1048572		664		1047908
[10:11:19]		1048572		664		1047908
[10:11:22]		1048572		664		1047908
[10:11:25]		1048572		664		1047908
[10:11:28]		1048572		664		1047908
[10:11:31]		1048572		664		1047908
[10:11:34]		1048572		664		1047908
[10:11:37]		1048572		664		1047908
[10:11:40]		1048572		664		1047908
[10:11:43]		1048572		664		1047908
[10:11:46]		1048572		664		1047908
[10:11:49]		1048572		664		1047908
[10:11:52]		1048572		664		1047908
[10:11:55]		1048572		664		1047908
[10:11:58]		1048572		664		1047908
[10:12:01]		1048572		664		1047908
[10:12:04]		1048572		664		1047908
[10:12:07]		1048572		664		1047908
[10:12:10]		1048572		664		1047908
[10:12:13]		1048572		664		1047908
[10:12:16]		1048572		664		1047908
[10:12:19]		1048572		664		1047908
[10:12:22]		1048572		664		1047908
[10:12:25]		1048572		664		1047908
[10:12:28]		1048572		664		1047908
[10:12:31]		1048572		664		1047908
[10:12:34]		1048572		664		1047908
[10:12:37]		1048572		664		1047908
[10:12:40]		1048572		664		1047908
[10:12:43]		1048572		664		1047908
[10:12:46]		1048572		664		1047908
[10:12:49]		1048572		664		1047908
[10:12:52]		1048572		664		1047908
[10:12:55]		1048572		664		1047908
[10:12:58]		1048572		664		1047908
[10:13:01]		1048572		664		1047908
[10:13:04]		1048572		664		1047908
[10:13:07]		1048572		664		1047908
[10:13:10]		1048572		664		1047908
[10:13:13]		1048572		664		1047908
[10:13:16]		1048572		664		1047908
[10:13:19]		1048572		664		1047908
[10:13:22]		1048572		664		1047908
[10:13:25]		1048572		664		1047908
[10:13:28]		1048572		664		1047908
[10:13:31]		1048572		664		1047908
[10:13:34]		1048572		664		1047908
[10:13:37]		1048572		664		1047908
[10:13:40]		1048572		664		1047908
[10:13:43]		1048572		664		1047908
[10:13:46]		1048572		664		1047908
[10:13:49]		1048572		664		1047908
[10:13:52]		1048572		664		1047908
[10:13:55]		1048572		664		1047908
[10:13:58]		1048572		664		1047908
[10:14:01]		1048572		664		1047908
[10:14:04]		1048572		664		1047908
[10:14:07]		1048572		664		1047908
[10:14:10]		1048572		664		1047908
[10:14:13]		1048572		664		1047908
[10:14:16]		1048572		664		1047908
[10:14:19]		1048572		664		1047908
[10:14:22]		1048572		664		1047908
[10:14:25]		1048572		664		1047908
[10:14:28]		1048572		664		1047908
[10:14:31]		1048572		664		1047908
[10:14:34]		1048572		664		1047908
[10:14:37]		1048572		664		1047908
[10:14:40]		1048572		664		1047908
[10:14:43]		1048572		664		1047908
[10:14:46]		1048572		664		1047908
[10:14:49]		1048572		664		1047908
[10:14:52]		1048572		664		1047908
[10:14:55]		1048572		664		1047908
[10:14:58]		1048572		664		1047908
[10:15:01]		1048572		664		1047908
[10:15:04]		1048572		664		1047908
[10:15:07]		1048572		664		1047908
[10:15:10]		1048572		664		1047908
[10:15:13]		1048572		664		1047908
[10:15:16]		1048572		664		1047908
[10:15:19]		1048572		664		1047908
[10:15:22]		1048572		664		1047908
[10:15:25]		1048572		664		1047908
[10:15:28]		1048572		664		1047908
[10:15:31]		1048572		664		1047908
[10:15:34]		1048572		664		1047908
[10:15:37]		1048572		664		1047908
[10:15:40]		1048572		664		1047908
[10:15:43]		1048572		664		1047908
[10:15:46]		1048572		664		1047908
[10:15:49]		1048572		664		1047908
[10:15:52]		1048572		664		1047908
[10:15:55]		1048572		664		1047908
[10:15:58]		1048572		664		1047908
[10:16:01]		1048572		664		1047908
[10:16:04]		1048572		664		1047908
[10:16:07]		1048572		664		1047908
[10:16:10]		1048572		664		1047908
[10:16:13]		1048572		664		1047908
[10:16:16]		1048572		664		1047908
[10:16:19]		1048572		664		1047908
[10:16:22]		1048572		664		1047908
[10:16:25]		1048572		664		1047908
[10:16:28]		1048572		664		1047908
[10:16:31]		1048572		664		1047908
[10:16:34]		1048572		664		1047908
[10:16:37]		1048572		664		1047908
[10:16:40]		1048572		664		1047908
[10:16:43]		1048572		664		1047908
[10:16:46]		1048572		664		1047908
[10:16:49]		1048572		664		1047908
[10:16:52]		1048572		664		1047908
[10:16:55]		1048572		664		1047908
[10:16:58]		1048572		664		1047908
[10:17:01]		1048572		664		1047908
[10:17:04]		1048572		664		1047908
[10:17:07]		1048572		664		1047908
[10:17:10]		1048572		664		1047908
[10:17:13]		1048572		664		1047908
[10:17:16]		1048572		664		1047908
[10:17:19]		1048572		664		1047908
[10:17:22]		1048572		664		1047908
[10:17:25]		1048572		664		1047908
[10:17:28]		1048572		664		1047908
[10:17:31]		1048572		664		1047908
[10:17:34]		1048572		664		1047908
[10:17:37]		1048572		664		1047908
[10:17:40]		1048572		664		1047908
[10:17:43]		1048572		664		1047908
[10:17:46]		1048572		664		1047908
[10:17:49]		1048572		664		1047908
[10:17:52]		1048572		664		1047908
[10:17:55]		1048572		664		1047908
[10:17:58]		1048572		664		1047908
[10:18:01]		1048572		664		1047908
[10:18:04]		1048572		664		1047908
[10:18:07]		1048572		664		1047908
[10:18:10]		1048572		664		1047908
[10:18:13]		1048572		664		1047908
[10:18:16]		1048572		664		1047908
[10:18:19]		1048572		664		1047908
[10:18:22]		1048572		664		1047908
[10:18:25]		1048572		664		1047908
[10:18:28]		1048572		664		1047908
[10:18:31]		1048572		664		1047908
[10:18:34]		1048572		664		1047908
[10:18:37]		1048572		664		1047908
[10:18:40]		1048572		664		1047908
[10:18:43]		1048572		664		1047908
[10:18:46]		1048572		664		1047908
[10:18:49]		1048572		664		1047908
[10:18:52]		1048572		664		1047908
[10:18:55]		1048572		664		1047908
[10:18:58]		1048572		664		1047908
[10:19:01]		1048572		664		1047908
[10:19:04]		1048572		664		1047908
[10:19:07]		1048572		664		1047908
[10:19:10]		1048572		664		1047908
[10:19:13]		1048572		664		1047908
[10:19:16]		1048572		664		1047908
[10:19:19]		1048572		664		1047908
[10:19:22]		1048572		664		1047908
[10:19:25]		1048572		664		1047908
[10:19:28]		1048572		664		1047908
[10:19:31]		1048572		664		1047908
[10:19:34]		1048572		664		1047908
[10:19:37]		1048572		664		1047908
[10:19:40]		1048572		664		1047908
[10:19:43]		1048572		664		1047908
[10:19:46]		1048572		664		1047908
[10:19:49]		1048572		664		1047908
[10:19:52]		1048572		664		1047908
[10:19:55]		1048572		664		1047908
[10:19:58]		1048572		664		1047908
[10:20:01]		1048572		664		1047908
[10:20:04]		1048572		664		1047908
[10:20:07]		1048572		664		1047908
[10:20:10]		1048572		664		1047908
[10:20:13]		1048572		664		1047908
[10:20:16]		1048572		664		1047908
[10:20:19]		1048572		664		1047908
[10:20:22]		1048572		664		1047908
[10:20:25]		1048572		664		1047908
[10:20:28]		1048572		664		1047908
[10:20:31]		1048572		664		1047908
[10:20:34]		1048572		664		1047908
[10:20:37]		1048572		664		1047908
[10:20:40]		1048572		664		1047908
[10:20:43]		1048572		664		1047908
[10:20:46]		1048572		664		1047908
[10:20:49]		1048572		664		1047908
[10:20:52]		1048572		664		1047908
[10:20:55]		1048572		664		1047908
[10:20:58]		1048572		664		1047908
[10:21:01]		1048572		664		1047908
[10:21:04]		1048572		664		1047908
[10:21:07]		1048572		664		1047908
[10:21:10]		1048572		664		1047908
[10:21:13]		1048572		664		1047908
[10:21:16]		1048572		664		1047908
[10:21:19]		1048572		664		1047908
[10:21:22]		1048572		664		1047908
[10:21:25]		1048572		664		1047908
[10:21:28]		1048572		664		1047908
[10:21:31]		1048572		664		1047908
[10:21:34]		1048572		664		1047908
[10:21:37]		1048572		664		1047908
[10:21:40]		1048572		664		1047908
[10:21:43]		1048572		664		1047908
[10:21:46]		1048572		664		1047908
[10:21:49]		1048572		664		1047908
[10:21:52]		1048572		664		1047908
[10:21:55]		1048572		664		1047908
[10:21:58]		1048572		664		1047908
[10:22:01]		1048572		664		1047908
[10:22:04]		1048572		664		1047908
[10:22:07]		1048572		664		1047908
[10:22:10]		1048572		664		1047908
[10:22:13]		1048572		664		1047908
[10:22:16]		1048572		664		1047908
[10:22:19]		1048572		664		1047908
[10:22:22]		1048572		664		1047908
[10:22:25]		1048572		664		1047908
[10:22:28]		1048572		664		1047908
[10:22:31]		1048572		664		1047908
[10:22:34]		1048572		664		1047908
[10:22:37]		1048572		664		1047908
[10:22:40]		1048572		664		1047908
[10:22:43]		1048572		664		1047908
[10:22:46]		1048572		664		1047908
[10:22:49]		1048572		664		1047908
[10:22:52]		1048572		664		1047908
[10:22:55]		1048572		664		1047908
[10:22:58]		1048572		664		1047908
[10:23:01]		1048572		664		1047908
[10:23:04]		1048572		664		1047908
[10:23:07]		1048572		664		1047908
[10:23:10]		1048572		664		1047908
[10:23:13]		1048572		664		1047908
[10:23:16]		1048572		664		1047908
[10:23:19]		1048572		664		1047908
[10:23:22]		1048572		664		1047908
[10:23:25]		1048572		664		1047908
[10:23:28]		1048572		664		1047908
[10:23:31]		1048572		664		1047908
[10:23:34]		1048572		664		1047908
[10:23:37]		1048572		664		1047908
[10:23:40]		1048572		664		1047908
[10:23:43]		1048572		664		1047908
[10:23:46]		1048572		664		1047908
[10:23:49]		1048572		664		1047908
[10:23:52]		1048572		664		1047908
[10:23:55]		1048572		664		1047908
[10:23:58]		1048572		664		1047908
[10:24:01]		1048572		664		1047908
[10:24:04]		1048572		664		1047908
[10:24:07]		1048572		664		1047908
[10:24:10]		1048572		664		1047908
[10:24:13]		1048572		664		1047908
[10:24:16]		1048572		664		1047908
[10:24:19]		1048572		664		1047908
[10:24:22]		1048572		664		1047908
[10:24:25]		1048572		664		1047908
[10:24:28]		1048572		664		1047908
[10:24:31]		1048572		664		1047908
[10:24:34]		1048572		664		1047908
[10:24:37]		1048572		664		1047908
[10:24:40]		1048572		664		1047908
[10:24:43]		1048572		664		1047908
[10:24:46]		1048572		664		1047908
[10:24:49]		1048572		664		1047908
[10:24:52]		1048572		664		1047908
[10:24:55]		1048572		664		1047908
[10:24:58]		1048572		664		1047908
[10:25:01]		1048572		664		1047908
[10:25:04]		1048572		664		1047908
[10:25:07]		1048572		664		1047908
[10:25:10]		1048572		664		1047908
[10:25:13]		1048572		664		1047908
[10:25:16]		1048572		664		1047908
[10:25:19]		1048572		664		1047908
[10:25:22]		1048572		664		1047908
[10:25:25]		1048572		664		1047908
[10:25:28]		1048572		664		1047908
[10:25:31]		1048572		664		1047908
[10:25:34]		1048572		664		1047908
[10:25:37]		1048572		664		1047908
[10:25:40]		1048572		664		1047908
[10:25:43]		1048572		664		1047908
[10:25:46]		1048572		664		1047908
[10:25:49]		1048572		664		1047908
[10:25:52]		1048572		664		1047908
[10:25:55]		1048572		664		1047908
[10:25:58]		1048572		664		1047908
[10:26:01]		1048572		664		1047908
[10:26:04]		1048572		664		1047908
[10:26:07]		1048572		664		1047908
[10:26:10]		1048572		664		1047908
[10:26:13]		1048572		664		1047908
[10:26:16]		1048572		664		1047908
[10:26:19]		1048572		664		1047908
[10:26:22]		1048572		664		1047908
[10:26:25]		1048572		664		1047908
[10:26:28]		1048572		664		1047908
[10:26:31]		1048572		664		1047908
[10:26:34]		1048572		664		1047908
[10:26:37]		1048572		664		1047908
[10:26:40]		1048572		664		1047908
[10:26:43]		1048572		664		1047908
[10:26:46]		1048572		664		1047908
[10:26:49]		1048572		664		1047908
[10:26:52]		1048572		664		1047908
[10:26:55]		1048572		664		1047908
[10:26:58]		1048572		664		1047908
[10:27:01]		1048572		664		1047908
[10:27:04]		1048572		664		1047908
[10:27:07]		1048572		664		1047908
[10:27:10]		1048572		664		1047908
[10:27:13]		1048572		664		1047908
[10:27:16]		1048572		664		1047908
[10:27:19]		1048572		664		1047908
[10:27:22]		1048572		664		1047908
[10:27:25]		1048572		664		1047908
[10:27:28]		1048572		664		1047908
[10:27:31]		1048572		664		1047908
[10:27:34]		1048572		664		1047908
[10:27:37]		1048572		664		1047908
[10:27:40]		1048572		664		1047908
[10:27:43]		1048572		664		1047908
[10:27:46]		1048572		664		1047908
[10:27:49]		1048572		664		1047908
[10:27:52]		1048572		664		1047908
[10:27:55]		1048572		664		1047908
[10:27:58]		1048572		664		1047908
[10:28:01]		1048572		664		1047908
[10:28:04]		1048572		664		1047908
[10:28:07]		1048572		664		1047908
[10:28:10]		1048572		664		1047908
[10:28:13]		1048572		664		1047908
[10:28:16]		1048572		664		1047908
[10:28:19]		1048572		664		1047908
[10:28:22]		1048572		664		1047908
[10:28:25]		1048572		664		1047908
[10:28:28]		1048572		664		1047908
[10:28:31]		1048572		664		1047908
[10:28:34]		1048572		664		1047908
[10:28:37]		1048572		664		1047908
[10:28:40]		1048572		664		1047908
[10:28:43]		1048572		664		1047908
[10:28:46]		1048572		664		1047908
[10:28:49]		1048572		664		1047908
[10:28:52]		1048572		664		1047908
[10:28:55]		1048572		664		1047908
[10:28:58]		1048572		664		1047908
[10:29:01]		1048572		664		1047908
[10:29:04]		1048572		664		1047908
[10:29:07]		1048572		664		1047908
[10:29:10]		1048572		664		1047908
[10:29:13]		1048572		664		1047908
[10:29:16]		1048572		664		1047908
[10:29:19]		1048572		664		1047908
[10:29:22]		1048572		664		1047908
[10:29:25]		1048572		664		1047908
[10:29:28]		1048572		664		1047908
[10:29:31]		1048572		664		1047908
[10:29:34]		1048572		664		1047908
[10:29:37]		1048572		664		1047908
[10:29:40]		1048572		664		1047908
[10:29:43]		1048572		664		1047908
[10:29:46]		1048572		664		1047908
[10:29:49]		1048572		664		1047908
[10:29:52]		1048572		664		1047908
[10:29:55]		1048572		664		1047908
[10:29:58]		1048572		664		1047908
[10:30:01]		1048572		664		1047908
[10:30:04]		1048572		664		1047908
[10:30:07]		1048572		664		1047908
[10:30:10]		1048572		664		1047908
[10:30:13]		1048572		664		1047908
[10:30:16]		1048572		664		1047908
[10:30:19]		1048572		664		1047908
[10:30:22]		1048572		664		1047908
[10:30:25]		1048572		664		1047908
[10:30:28]		1048572		664		1047908
[10:30:31]		1048572		664		1047908
[10:30:34]		1048572		664		1047908
[10:30:37]		1048572		664		1047908
[10:30:40]		1048572		664		1047908
[10:30:43]		1048572		664		1047908
[10:30:46]		1048572		664		1047908
[10:30:49]		1048572		664		1047908
[10:30:52]		1048572		664		1047908
[10:30:55]		1048572		664		1047908
[10:30:58]		1048572		664		1047908
[10:31:01]		1048572		664		1047908
[10:31:04]		1048572		664		1047908
[10:31:07]		1048572		664		1047908
[10:31:10]		1048572		664		1047908
[10:31:13]		1048572		664		1047908
[10:31:16]		1048572		664		1047908
[10:31:19]		1048572		664		1047908
[10:31:22]		1048572		664		1047908
[10:31:25]		1048572		664		1047908
[10:31:28]		1048572		664		1047908
[10:31:31]		1048572		664		1047908
[10:31:34]		1048572		664		1047908
[10:31:37]		1048572		664		1047908
[10:31:40]		1048572		664		1047908
[10:31:43]		1048572		664		1047908
[10:31:46]		1048572		664		1047908
[10:31:49]		1048572		664		1047908
[10:31:52]		1048572		664		1047908
[10:31:55]		1048572		664		1047908
[10:31:58]		1048572		664		1047908
[10:32:01]		1048572		664		1047908
[10:32:04]		1048572		664		1047908
[10:32:07]		1048572		664		1047908
[10:32:10]		1048572		664		1047908
[10:32:13]		1048572		664		1047908
[10:32:16]		1048572		664		1047908
[10:32:19]		1048572		664		1047908
[10:32:22]		1048572		664		1047908
[10:32:25]		1048572		664		1047908
[10:32:28]		1048572		664		1047908
[10:32:31]		1048572		664		1047908
[10:32:34]		1048572		664		1047908
[10:32:37]		1048572		664		1047908
[10:32:40]		1048572		664		1047908
[10:32:43]		1048572		664		1047908
[10:32:46]		1048572		664		1047908
[10:32:49]		1048572		664		1047908
[10:32:52]		1048572		664		1047908
[10:32:55]		1048572		664		1047908
[10:32:58]		1048572		664		1047908
[10:33:01]		1048572		664		1047908
[10:33:04]		1048572		664		1047908
[10:33:07]		1048572		664		1047908
[10:33:10]		1048572		664		1047908
[10:33:13]		1048572		664		1047908
[10:33:16]		1048572		664		1047908
[10:33:19]		1048572		664		1047908
[10:33:22]		1048572		664		1047908
[10:33:25]		1048572		664		1047908
[10:33:28]		1048572		664		1047908
[10:33:31]		1048572		664		1047908
[10:33:34]		1048572		664		1047908
[10:33:37]		1048572		664		1047908
[10:33:40]		1048572		664		1047908
[10:33:43]		1048572		664		1047908
[10:33:46]		1048572		664		1047908
[10:33:49]		1048572		664		1047908
[10:33:52]		1048572		664		1047908
[10:33:55]		1048572		664		1047908
[10:33:58]		1048572		664		1047908
[10:34:01]		1048572		664		1047908
[10:34:04]		1048572		664		1047908
[10:34:07]		1048572		664		1047908
[10:34:10]		1048572		664		1047908
[10:34:13]		1048572		664		1047908
[10:34:16]		1048572		664		1047908
[10:34:19]		1048572		664		1047908
[10:34:22]		1048572		664		1047908
[10:34:25]		1048572		664		1047908
[10:34:28]		1048572		664		1047908
[10:34:31]		1048572		664		1047908
[10:34:34]		1048572		664		1047908
[10:34:37]		1048572		664		1047908
[10:34:40]		1048572		664		1047908
[10:34:43]		1048572		664		1047908
[10:34:46]		1048572		664		1047908
[10:34:49]		1048572		664		1047908
[10:34:52]		1048572		664		1047908
[10:34:55]		1048572		664		1047908
[10:34:58]		1048572		664		1047908
[10:35:01]		1048572		664		1047908
[10:35:04]		1048572		664		1047908
[10:35:07]		1048572		664		1047908
[10:35:10]		1048572		664		1047908
[10:35:13]		1048572		664		1047908
[10:35:16]		1048572		664		1047908
[10:35:19]		1048572		664		1047908
[10:35:22]		1048572		664		1047908
[10:35:25]		1048572		664		1047908
[10:35:28]		1048572		664		1047908
[10:35:31]		1048572		664		1047908
[10:35:34]		1048572		664		1047908
[10:35:37]		1048572		664		1047908
[10:35:40]		1048572		664		1047908
[10:35:43]		1048572		664		1047908
[10:35:46]		1048572		664		1047908
[10:35:49]		1048572		664		1047908
[10:35:52]		1048572		664		1047908
[10:35:55]		1048572		664		1047908
[10:35:58]		1048572		664		1047908
[10:36:01]		1048572		664		1047908
[10:36:04]		1048572		664		1047908
[10:36:07]		1048572		664		1047908
[10:36:10]		1048572		664		1047908
[10:36:13]		1048572		664		1047908
[10:36:16]		1048572		664		1047908
[10:36:19]		1048572		664		1047908
[10:36:22]		1048572		664		1047908
[10:36:25]		1048572		664		1047908
[10:36:28]		1048572		664		1047908
[10:36:31]		1048572		664		1047908
[10:36:34]		1048572		664		1047908
[10:36:37]		1048572		664		1047908
[10:36:40]		1048572		664		1047908
[10:36:43]		1048572		664		1047908
[10:36:46]		1048572		664		1047908
[10:36:49]		1048572		664		1047908
[10:36:52]		1048572		664		1047908
[10:36:55]		1048572		664		1047908
[10:36:58]		1048572		664		1047908
[10:37:01]		1048572		664		1047908
[10:37:04]		1048572		664		1047908
[10:37:07]		1048572		664		1047908
[10:37:10]		1048572		664		1047908
[10:37:13]		1048572		664		1047908
[10:37:16]		1048572		664		1047908
[10:37:19]		1048572		664		1047908
[10:37:22]		1048572		664		1047908
[10:37:25]		1048572		664		1047908
[10:37:28]		1048572		664		1047908
[10:37:31]		1048572		664		1047908
[10:37:34]		1048572		664		1047908
[10:37:37]		1048572		664		1047908
[10:37:40]		1048572		664		1047908
[10:37:43]		1048572		664		1047908
[10:37:46]		1048572		664		1047908
[10:37:49]		1048572		664		1047908
[10:37:52]		1048572		664		1047908
[10:37:55]		1048572		664		1047908
[10:37:58]		1048572		664		1047908
[10:38:01]		1048572		664		1047908
[10:38:04]		1048572		664		1047908
[10:38:07]		1048572		664		1047908
[10:38:10]		1048572		664		1047908
[10:38:13]		1048572		664		1047908
[10:38:16]		1048572		664		1047908
[10:38:19]		1048572		664		1047908
[10:38:22]		1048572		664		1047908
[10:38:26]		1048572		664		1047908
[10:38:29]		1048572		664		1047908
[10:38:32]		1048572		664		1047908
[10:38:35]		1048572		664		1047908
[10:38:38]		1048572		664		1047908
[10:38:41]		1048572		664		1047908
[10:38:44]		1048572		664		1047908
[10:38:47]		1048572		664		1047908
[10:38:50]		1048572		664		1047908
[10:38:53]		1048572		664		1047908
[10:38:56]		1048572		664		1047908
[10:38:59]		1048572		664		1047908
[10:39:02]		1048572		664		1047908
[10:39:05]		1048572		664		1047908
[10:39:08]		1048572		664		1047908
[10:39:11]		1048572		664		1047908
[10:39:14]		1048572		664		1047908
[10:39:17]		1048572		664		1047908
[10:39:20]		1048572		664		1047908
[10:39:23]		1048572		664		1047908
[10:39:26]		1048572		664		1047908
[10:39:29]		1048572		664		1047908
[10:39:32]		1048572		664		1047908
[10:39:35]		1048572		664		1047908
[10:39:38]		1048572		664		1047908
[10:39:41]		1048572		664		1047908
[10:39:44]		1048572		664		1047908
[10:39:47]		1048572		664		1047908
[10:39:50]		1048572		664		1047908
[10:39:53]		1048572		664		1047908
[10:39:56]		1048572		664		1047908
[10:39:59]		1048572		664		1047908
[10:40:02]		1048572		664		1047908
[10:40:05]		1048572		664		1047908
[10:40:08]		1048572		664		1047908
[10:40:11]		1048572		664		1047908
[10:40:14]		1048572		664		1047908
[10:40:17]		1048572		664		1047908
[10:40:20]		1048572		664		1047908
[10:40:23]		1048572		664		1047908
[10:40:26]		1048572		664		1047908
[10:40:29]		1048572		664		1047908
[10:40:32]		1048572		664		1047908
[10:40:35]		1048572		664		1047908
[10:40:38]		1048572		664		1047908
[10:40:41]		1048572		664		1047908
[10:40:44]		1048572		664		1047908
[10:40:47]		1048572		664		1047908
[10:40:50]		1048572		664		1047908
[10:40:53]		1048572		664		1047908
[10:40:56]		1048572		664		1047908
[10:40:59]		1048572		664		1047908
[10:41:02]		1048572		664		1047908
[10:41:05]		1048572		664		1047908
[10:41:08]		1048572		664		1047908
[10:41:11]		1048572		664		1047908
[10:41:14]		1048572		664		1047908
[10:41:17]		1048572		664		1047908
[10:41:20]		1048572		664		1047908
[10:41:23]		1048572		664		1047908
[10:41:26]		1048572		664		1047908
[10:41:29]		1048572		664		1047908
[10:41:32]		1048572		664		1047908
[10:41:35]		1048572		664		1047908
[10:41:38]		1048572		664		1047908
[10:41:41]		1048572		664		1047908
[10:41:44]		1048572		664		1047908
[10:41:47]		1048572		664		1047908
[10:41:50]		1048572		664		1047908
[10:41:53]		1048572		664		1047908
[10:41:56]		1048572		664		1047908
[10:41:59]		1048572		664		1047908
[10:42:02]		1048572		664		1047908
[10:42:05]		1048572		664		1047908
[10:42:08]		1048572		664		1047908
[10:42:11]		1048572		664		1047908
[10:42:14]		1048572		664		1047908
[10:42:17]		1048572		664		1047908
[10:42:20]		1048572		664		1047908
[10:42:23]		1048572		664		1047908
[10:42:26]		1048572		664		1047908
[10:42:29]		1048572		664		1047908
[10:42:32]		1048572		664		1047908
[10:42:35]		1048572		664		1047908
[10:42:38]		1048572		664		1047908
[10:42:41]		1048572		664		1047908
[10:42:44]		1048572		664		1047908
[10:42:47]		1048572		664		1047908
[10:42:50]		1048572		664		1047908
[10:42:53]		1048572		664		1047908
[10:42:56]		1048572		664		1047908
[10:42:59]		1048572		664		1047908
[10:43:02]		1048572		664		1047908
[10:43:05]		1048572		664		1047908
[10:43:08]		1048572		664		1047908
[10:43:11]		1048572		664		1047908
[10:43:14]		1048572		664		1047908
[10:43:17]		1048572		664		1047908
[10:43:20]		1048572		664		1047908
[10:43:23]		1048572		664		1047908
[10:43:26]		1048572		664		1047908
[10:43:29]		1048572		664		1047908
[10:43:32]		1048572		664		1047908
[10:43:35]		1048572		664		1047908
[10:43:38]		1048572		664		1047908
[10:43:41]		1048572		664		1047908
[10:43:44]		1048572		664		1047908
[10:43:47]		1048572		664		1047908
[10:43:50]		1048572		664		1047908
[10:43:53]		1048572		664		1047908
[10:43:56]		1048572		664		1047908
[10:43:59]		1048572		664		1047908
[10:44:02]		1048572		664		1047908
[10:44:05]		1048572		664		1047908
[10:44:08]		1048572		664		1047908
[10:44:11]		1048572		664		1047908
[10:44:14]		1048572		664		1047908
[10:44:17]		1048572		664		1047908
[10:44:20]		1048572		664		1047908
[10:44:23]		1048572		664		1047908
[10:44:26]		1048572		664		1047908
[10:44:29]		1048572		664		1047908
[10:44:32]		1048572		664		1047908
[10:44:35]		1048572		664		1047908
[10:44:38]		1048572		664		1047908
[10:44:41]		1048572		664		1047908
[10:44:44]		1048572		664		1047908
[10:44:47]		1048572		664		1047908
[10:44:50]		1048572		664		1047908
[10:44:53]		1048572		664		1047908
[10:44:56]		1048572		664		1047908
[10:44:59]		1048572		664		1047908
[10:45:02]		1048572		664		1047908
[10:45:05]		1048572		664		1047908
[10:45:08]		1048572		664		1047908
[10:45:11]		1048572		664		1047908
[10:45:14]		1048572		664		1047908
[10:45:17]		1048572		664		1047908
[10:45:20]		1048572		664		1047908
[10:45:23]		1048572		664		1047908
[10:45:26]		1048572		664		1047908
[10:45:29]		1048572		664		1047908
[10:45:32]		1048572		664		1047908
[10:45:35]		1048572		664		1047908
[10:45:38]		1048572		664		1047908
[10:45:41]		1048572		664		1047908
[10:45:44]		1048572		664		1047908
[10:45:47]		1048572		664		1047908
[10:45:50]		1048572		664		1047908
[10:45:53]		1048572		664		1047908
[10:45:56]		1048572		664		1047908
[10:45:59]		1048572		664		1047908
[10:46:02]		1048572		664		1047908
[10:46:05]		1048572		664		1047908
[10:46:08]		1048572		664		1047908
[10:46:11]		1048572		664		1047908
[10:46:14]		1048572		664		1047908
[10:46:17]		1048572		664		1047908
[10:46:20]		1048572		664		1047908
[10:46:23]		1048572		664		1047908
[10:46:26]		1048572		664		1047908
[10:46:29]		1048572		664		1047908
[10:46:32]		1048572		664		1047908
[10:46:35]		1048572		664		1047908
[10:46:38]		1048572		664		1047908
[10:46:41]		1048572		664		1047908
[10:46:44]		1048572		664		1047908
[10:46:47]		1048572		664		1047908
[10:46:50]		1048572		664		1047908
[10:46:53]		1048572		664		1047908
[10:46:56]		1048572		664		1047908
[10:46:59]		1048572		664		1047908
[10:47:02]		1048572		664		1047908
[10:47:05]		1048572		664		1047908
[10:47:08]		1048572		664		1047908
[10:47:11]		1048572		664		1047908
[10:47:14]		1048572		664		1047908
[10:47:17]		1048572		664		1047908
[10:47:20]		1048572		664		1047908
[10:47:23]		1048572		664		1047908
[10:47:26]		1048572		664		1047908
[10:47:29]		1048572		664		1047908
[10:47:32]		1048572		664		1047908
[10:47:35]		1048572		664		1047908
[10:47:38]		1048572		664		1047908
[10:47:41]		1048572		664		1047908
[10:47:44]		1048572		664		1047908
[10:47:47]		1048572		664		1047908
[10:47:50]		1048572		664		1047908
[10:47:53]		1048572		664		1047908
[10:47:56]		1048572		664		1047908
[10:47:59]		1048572		664		1047908
[10:48:02]		1048572		664		1047908
[10:48:05]		1048572		664		1047908
[10:48:08]		1048572		664		1047908
[10:48:11]		1048572		664		1047908
[10:48:14]		1048572		664		1047908
[10:48:17]		1048572		664		1047908
[10:48:20]		1048572		664		1047908
[10:48:23]		1048572		664		1047908
[10:48:26]		1048572		664		1047908
[10:48:29]		1048572		664		1047908
[10:48:32]		1048572		664		1047908
[10:48:35]		1048572		664		1047908
[10:48:38]		1048572		664		1047908
[10:48:41]		1048572		664		1047908
[10:48:44]		1048572		664		1047908
[10:48:47]		1048572		664		1047908
[10:48:50]		1048572		664		1047908
[10:48:53]		1048572		664		1047908
[10:48:56]		1048572		664		1047908
[10:48:59]		1048572		664		1047908
[10:49:02]		1048572		664		1047908
[10:49:05]		1048572		664		1047908
[10:49:08]		1048572		664		1047908
[10:49:11]		1048572		664		1047908
[10:49:14]		1048572		664		1047908
[10:49:17]		1048572		664		1047908
[10:49:20]		1048572		664		1047908
[10:49:23]		1048572		664		1047908
[10:49:26]		1048572		664		1047908
[10:49:29]		1048572		664		1047908
[10:49:32]		1048572		664		1047908
[10:49:35]		1048572		664		1047908
[10:49:38]		1048572		664		1047908
[10:49:41]		1048572		664		1047908
[10:49:44]		1048572		664		1047908
[10:49:47]		1048572		664		1047908
[10:49:50]		1048572		664		1047908
[10:49:53]		1048572		664		1047908
[10:49:56]		1048572		664		1047908
[10:49:59]		1048572		664		1047908
[10:50:02]		1048572		664		1047908
[10:50:05]		1048572		664		1047908
[10:50:08]		1048572		664		1047908
[10:50:11]		1048572		664		1047908
[10:50:14]		1048572		664		1047908
[10:50:17]		1048572		664		1047908
[10:50:20]		1048572		664		1047908
[10:50:23]		1048572		664		1047908
[10:50:26]		1048572		664		1047908
[10:50:29]		1048572		664		1047908
[10:50:32]		1048572		664		1047908
[10:50:35]		1048572		664		1047908
[10:50:38]		1048572		664		1047908
[10:50:41]		1048572		664		1047908
[10:50:44]		1048572		664		1047908
[10:50:47]		1048572		664		1047908
[10:50:50]		1048572		664		1047908
[10:50:53]		1048572		664		1047908
[10:50:56]		1048572		664		1047908
[10:50:59]		1048572		664		1047908
[10:51:02]		1048572		664		1047908
[10:51:05]		1048572		664		1047908
[10:51:08]		1048572		664		1047908
[10:51:11]		1048572		664		1047908
[10:51:14]		1048572		664		1047908
[10:51:17]		1048572		664		1047908
[10:51:20]		1048572		664		1047908
[10:51:23]		1048572		664		1047908
[10:51:26]		1048572		664		1047908
[10:51:29]		1048572		664		1047908
[10:51:32]		1048572		664		1047908
[10:51:35]		1048572		664		1047908
[10:51:38]		1048572		664		1047908
[10:51:41]		1048572		664		1047908
[10:51:44]		1048572		664		1047908
[10:51:47]		1048572		664		1047908
[10:51:50]		1048572		664		1047908
[10:51:53]		1048572		664		1047908
[10:51:56]		1048572		664		1047908
[10:51:59]		1048572		664		1047908
[10:52:02]		1048572		664		1047908
[10:52:05]		1048572		664		1047908
[10:52:08]		1048572		664		1047908
[10:52:11]		1048572		664		1047908
[10:52:14]		1048572		664		1047908
[10:52:17]		1048572		664		1047908
[10:52:20]		1048572		664		1047908
[10:52:23]		1048572		664		1047908
[10:52:26]		1048572		664		1047908
[10:52:29]		1048572		664		1047908
[10:52:32]		1048572		664		1047908
[10:52:35]		1048572		664		1047908
[10:52:38]		1048572		664		1047908
[10:52:41]		1048572		664		1047908
[10:52:44]		1048572		664		1047908
[10:52:47]		1048572		664		1047908
[10:52:50]		1048572		664		1047908
[10:52:53]		1048572		664		1047908
[10:52:56]		1048572		664		1047908
[10:52:59]		1048572		664		1047908
[10:53:02]		1048572		664		1047908
[10:53:05]		1048572		664		1047908
[10:53:08]		1048572		664		1047908
[10:53:11]		1048572		664		1047908
[10:53:14]		1048572		664		1047908
[10:53:17]		1048572		664		1047908
[10:53:20]		1048572		664		1047908
[10:53:23]		1048572		664		1047908
[10:53:26]		1048572		664		1047908
[10:53:29]		1048572		664		1047908
[10:53:32]		1048572		664		1047908
[10:53:35]		1048572		664		1047908
[10:53:38]		1048572		664		1047908
[10:53:41]		1048572		664		1047908
[10:53:44]		1048572		664		1047908
[10:53:47]		1048572		664		1047908
[10:53:50]		1048572		664		1047908
[10:53:53]		1048572		664		1047908
[10:53:56]		1048572		664		1047908
[10:53:59]		1048572		664		1047908
[10:54:02]		1048572		664		1047908
[10:54:05]		1048572		664		1047908
[10:54:08]		1048572		664		1047908
[10:54:11]		1048572		664		1047908
[10:54:14]		1048572		664		1047908
[10:54:17]		1048572		664		1047908
[10:54:20]		1048572		664		1047908
[10:54:23]		1048572		664		1047908
[10:54:26]		1048572		664		1047908
[10:54:29]		1048572		664		1047908
[10:54:32]		1048572		664		1047908
[10:54:35]		1048572		664		1047908
[10:54:38]		1048572		664		1047908
[10:54:41]		1048572		664		1047908
[10:54:44]		1048572		664		1047908
[10:54:47]		1048572		664		1047908
[10:54:50]		1048572		664		1047908
[10:54:53]		1048572		664		1047908
[10:54:56]		1048572		664		1047908
[10:54:59]		1048572		664		1047908
[10:55:02]		1048572		664		1047908
[10:55:05]		1048572		664		1047908
[10:55:08]		1048572		664		1047908
[10:55:11]		1048572		664		1047908
[10:55:14]		1048572		664		1047908
[10:55:17]		1048572		664		1047908
[10:55:20]		1048572		664		1047908
[10:55:23]		1048572		664		1047908
[10:55:26]		1048572		664		1047908
[10:55:29]		1048572		664		1047908
[10:55:32]		1048572		664		1047908
[10:55:35]		1048572		664		1047908
[10:55:38]		1048572		664		1047908
[10:55:41]		1048572		664		1047908
[10:55:44]		1048572		664		1047908
[10:55:47]		1048572		664		1047908
[10:55:50]		1048572		664		1047908
[10:55:53]		1048572		664		1047908
