recorded by mmserver domain:[id:17 time:Tue Apr 16 15:10:41 2013
]
time		tg_mem		use_mem		free_mem		
15:10:43		524288		211172		313116		
15:10:45		524288		211172		313116		
15:10:47		524288		211172		313116		
15:10:49		524288		211172		313116		
15:10:51		524288		211172		313116		
15:10:53		524288		211172		313116		
15:10:55		524288		211172		313116		
15:10:57		524288		211172		313116		
15:10:59		524288		211180		313108		
15:11:01		524288		211180		313108		
15:11:03		524288		232248		292040		
15:11:05		524288		229784		294504		
15:11:07		524288		229784		294504		
15:11:09		524288		229784		294504		
15:11:11		524288		229784		294504		
15:11:13		524288		229784		294504		
15:11:15		524288		229784		294504		
15:11:17		524288		229784		294504		
15:11:19		524288		229784		294504		
15:11:21		524288		229784		294504		
15:11:23		524288		229784		294504		
15:11:25		524288		229784		294504		
15:11:27		524288		229784		294504		
15:11:29		513580		229740		283840		
15:11:31		513580		229740		283840		
15:11:33		513580		229740		283840		
15:11:35		500925		229733		271192		
15:11:37		500925		229733		271192		
15:11:39		500925		229733		271192		
15:11:41		500925		229733		271192		
15:11:43		500925		229733		271192		
15:11:45		500925		234681		266244		
15:11:47		500925		243373		257552		
15:11:49		500925		243365		257560		
15:11:51		500925		243489		257436		
15:11:53		500925		247657		253268		
15:11:55		500925		249417		251508		
15:11:57		500925		251533		249392		
15:11:59		500925		252969		247956		
15:12:01		500925		254989		245936		
15:12:04		500925		256165		244760		
15:12:06		500925		257205		243720		
15:12:08		489996		253560		236436		
15:12:10		489996		257776		232220		
15:12:12		489996		258644		231352		
15:12:14		489996		259264		230732		
15:12:16		477308		251908		225400		
15:12:18		477308		254760		222548		
15:12:20		477308		260092		217216		
15:12:22		477308		261620		215688		
15:12:24		464764		253656		211108		
15:12:26		464764		256928		207836		
15:12:28		454172		255460		198712		
15:12:30		454172		261436		192736		
15:12:32		454172		262864		191308		
15:12:34		454172		263976		190196		
15:12:36		442720		257448		185272		
15:12:38		442720		263856		178864		
15:12:40		442720		265840		176880		
15:12:42		442720		267008		175712		
15:12:44		442720		268024		174696		
15:12:46		442720		268872		173848		
15:12:48		442720		269860		172860		
15:12:50		442720		270652		172068		
15:12:52		442720		271396		171324		
15:12:54		442720		272800		169920		
15:12:56		442720		273624		169096		
15:12:58		442720		274404		168316		
15:13:00		442720		275104		167616		
15:13:02		442720		275688		167032		
15:13:04		429891		267107		162784		
15:13:06		429891		272959		156932		
15:13:08		429891		276715		153176		
15:13:10		429891		277455		152436		
15:13:12		458786		277962		180824		
15:13:14		458786		278642		180144		
15:13:16		458786		279574		179212		
15:13:18		458786		280286		178500		
15:13:20		447364		280272		167092		
15:13:22		447364		281264		166100		
15:13:25		447364		281964		165400		
15:13:27		447364		282428		164936		
15:13:29		435171		283007		152164		
15:13:31		435171		283471		151700		
15:13:33		435171		284059		151112		
15:13:35		435171		284679		150492		
15:13:37		435171		285175		149996		
15:13:39		435171		285267		149904		
15:13:41		421614		285662		135952		
15:13:43		421614		286562		135052		
15:13:45		421614		287026		134588		
15:13:47		421614		287398		134216		
15:13:49		421614		287926		133688		
15:13:51		421614		288110		133504		
15:13:53		409376		288552		120824		
15:13:55		409376		288924		120452		
15:13:57		409376		289264		120112		
15:13:59		398092		283372		114720		
15:14:01		398092		286192		111900		
15:14:03		398092		286192		111900		
15:14:05		398092		290132		107960		
15:14:07		386150		283274		102876		
15:14:09		386150		289194		96956		
15:14:11		386150		290434		95716		
15:14:13		386150		291086		95064		
15:14:15		386150		291398		94752		
15:14:17		374701		284969		89732		
15:14:19		374701		290765		83936		
15:14:21		374701		291837		82864		
15:14:23		387686		292670		95016		
15:14:25		403097		293465		109632		
15:14:27		403097		293745		109352		
15:14:29		435066		294186		140880		
15:14:31		435066		294402		140664		
15:14:33		422812		294672		128140		
15:14:35		408976		295212		113764		
15:14:37		408976		295864		113112		
15:14:39		408976		296500		112476		
15:14:41		408976		296780		112196		
15:14:43		397975		297159		100816		
15:14:45		397975		297559		100416		
15:14:47		397975		297867		100108		
15:14:49		397975		298647		99328		
15:14:52		397975		298955		99020		
15:14:54		397975		298923		99052		
15:14:56		397975		299727		98248		
15:14:58		397975		300319		97656		
15:15:00		397975		300875		97100		
15:15:02		397975		301247		96728		
15:15:04		397975		301619		96356		
15:15:06		397975		301619		96356		
15:15:08		397975		301619		96356		
15:15:10		397975		301619		96356		
15:15:12		397975		303403		94572		
15:15:14		397975		303931		94044		
15:15:16		397975		304427		93548		
15:15:18		397975		304603		93372		
15:15:20		397975		305463		92512		
15:15:22		397975		305899		92076		
15:15:24		397975		306303		91672		
15:15:26		397975		306859		91116		
15:15:28		397975		307387		90588		
15:15:30		397975		307511		90464		
15:15:32		437814		308162		129652		
15:15:34		437814		308286		129528		
15:15:36		437814		308878		128936		
15:15:38		426299		309111		117188		
15:15:40		426299		309171		117128		
15:15:42		426299		310103		116196		
15:15:44		426299		311035		115264		
15:15:46		415415		311515		103900		
15:15:48		447695		311555		136140		
15:15:50		486647		312003		174644		
15:15:52		486647		312407		174240		
15:15:54		471457		312889		158568		
15:15:56		515394		313238		202156		
15:15:58		515394		313362		202032		
15:16:00		503415		314031		189384		
15:16:02		503415		314343		189072		
15:16:04		503415		315311		188104		
15:16:06		503415		316919		186496		
15:16:08		482153		317793		164360		
15:16:10		482153		318069		164084		
15:16:12		482153		318721		163432		
15:16:15		471258		319358		151900		
15:16:17		471258		319450		151808		
15:16:19		455535		320283		135252		
15:16:21		443439		320491		122948		
15:16:23		443439		320631		122808		
15:16:25		443439		321655		121784		
15:16:27		443439		322027		121412		
15:16:29		443439		322367		121072		
15:16:31		443439		323235		120204		
15:16:33		443439		323923		119516		
15:16:35		443439		323947		119492		
15:16:37		455568		324608		130960		
15:16:39		442223		324903		117320		
15:16:41		442223		325367		116856		
15:16:43		442223		325399		116824		
15:16:45		442223		325755		116468		
15:16:47		442223		326219		116004		
15:16:49		442223		326219		116004		
15:16:51		442223		327151		115072		
15:16:53		474369		327769		146600		
15:16:55		485280		328296		156984		
15:16:57		470627		328615		142012		
15:16:59		470627		328955		141672		
15:17:01		470627		328923		141704		
15:17:03		470627		329431		141196		
15:17:05		470627		330183		140444		
15:17:07		514994		330530		184464		
15:17:09		514994		331150		183844		
15:17:11		514994		331738		183256		
15:17:13		514994		332078		182916		
15:17:15		501710		333026		168684		
15:17:17		501710		333210		168500		
15:17:19		487618		333410		154208		
15:17:21		487618		333718		153900		
15:17:23		487618		333966		153652		
15:17:25		465976		334244		131732		
15:17:27		465976		335084		130892		
15:17:29		451113		335221		115892		
15:17:31		451113		335857		115256		
15:17:33		451113		336445		114668		
15:17:36		451113		336693		114420		
15:17:38		461979		337175		124804		
15:17:40		461979		337891		124088		
15:17:42		461979		338415		123564		
15:17:44		461979		338847		123132		
15:17:46		461979		339375		122604		
15:17:48		461979		339347		122632		
15:17:50		447437		339729		107708		
15:17:52		447437		340413		107024		
15:17:54		447437		340613		106824		
15:17:56		447437		341049		106388		
15:17:58		447437		341761		105676		
15:18:00		447437		342353		105084		
15:18:02		447437		342881		104556		
15:18:04		480714		342922		137792		
15:18:06		480714		343014		137700		
15:18:08		465838		343702		122136		
15:18:10		465838		344354		121484		
15:18:12		465838		344850		120988		
15:18:14		526256		345004		181252		
15:18:16		526256		345408		180848		
15:18:18		561359		345619		215740		
15:18:20		561359		346271		215088		
15:18:22		548196		346592		201604		
15:18:24		537776		346992		190784		
15:18:26		537776		347484		190292		
15:18:28		517027		348067		168960		
15:18:30		517027		348439		168588		
15:18:32		517027		348375		168652		
15:18:34		503800		349316		154484		
15:18:36		503800		349812		153988		
15:18:38		490056		350204		139852		
15:18:40		478228		350528		127700		
15:18:42		467543		350599		116944		
15:18:44		467543		351035		116508		
15:18:46		481297		351833		129464		
15:18:48		481297		351549		129748		
15:18:50		470415		352295		118120		
15:18:53		470415		352791		117624		
15:18:55		470415		374299		96116		
15:18:57		470415		329511		140904		
15:18:59		434388		331020		103368		
15:19:01		434388		332356		102032		
15:19:03		434388		332976		101412		
15:19:05		434388		333564		100824		
15:19:07		434388		334200		100188		
15:19:09		503431		367035		136396		
15:19:11		492331		335599		156732		
15:19:13		553170		336050		217120		
15:19:15		528700		336256		192444		
15:19:17		528700		336876		191824		
15:19:19		503103		337099		166004		
15:19:21		503103		337099		166004		
15:19:23		503103		337099		166004		
15:19:25		503103		337099		166004		
15:19:27		490199		324195		166004		
15:19:29		472736		306732		166004		
15:19:31		451908		285904		166004		
15:19:33		428535		262531		166004		
15:19:35		402268		236264		166004		
15:19:37		373249		297629		75620		
15:19:39		425881		297925		127956		
15:19:41		425881		298545		127336		
15:19:43		413968		298876		115092		
15:19:45		413968		299496		114472		
15:19:47		413968		301228		112740		
15:19:49		399687		301315		98372		
15:19:51		399687		301927		97760		
15:19:53		399687		301927		97760		
15:19:55		399687		303507		96180		
15:19:57		399687		304219		95468		
15:19:59		410037		304897		105140		
15:20:01		469770		305358		164412		
15:20:03		469770		305978		163792		
15:20:06		469770		306598		163172		
15:20:08		469770		307282		162488		
15:20:10		469770		308058		161712		
15:20:12		469770		308678		161092		
15:20:14		451268		309300		141968		
15:20:16		451268		309920		141348		
15:20:18		451268		310760		140508		
15:20:20		451268		311380		139888		
15:20:22		438756		311640		127116		
15:20:24		438756		312756		126000		
15:20:26		438756		313376		125380		
15:20:28		438756		314088		124668		
15:20:30		424513		314165		110348		
15:20:32		424513		314785		109728		
15:20:34		438023		315895		122128		
15:20:36		438023		316607		121416		
15:20:38		438023		317103		120920		
15:20:40		438023		317723		120300		
15:20:42		438023		318467		119556		
15:20:44		438023		319091		118932		
15:20:46		422794		319362		103432		
15:20:48		435824		320268		115556		
15:20:50		435824		320888		114936		
15:20:52		435824		321508		114316		
15:20:54		435824		322220		113604		
15:20:56		435824		323212		112612		
15:20:58		435824		324112		111712		
15:21:00		473644		324732		148912		
15:21:02		473644		325292		148352		
15:21:04		460138		325394		134744		
15:21:06		460138		326138		134000		
15:21:08		460138		326758		133380		
15:21:10		515727		327663		188064		
15:21:12		515727		328159		187568		
15:21:14		505073		328417		176656		
15:21:17		505073		329037		176036		
15:21:19		487063		330063		157000		
15:21:21		487063		330683		156380		
15:21:23		464669		331257		133412		
15:21:25		481275		331991		149284		
15:21:27		481275		332611		148664		
15:21:29		481275		333199		148076		
15:21:31		481275		333943		147332		
15:21:33		470196		334524		135672		
15:21:35		470196		335144		135052		
15:21:37		470196		335668		134528		
15:21:39		470196		336228		133968		
15:21:41		470196		336752		133444		
15:21:43		458064		337456		120608		
15:21:45		458064		338292		119772		
15:21:47		486019		338843		147176		
15:21:49		486019		339431		146588		
15:21:51		486019		340175		145844		
15:21:53		486019		340703		145316		
15:21:55		486019		341447		144572		
15:21:57		525954		341950		184004		
15:21:59		525954		342694		183260		
15:22:01		525954		343314		182640		
15:22:03		525954		343966		181988		
15:22:05		525954		344586		181368		
15:22:07		525954		345206		180748		
15:22:09		525954		346074		179880		
15:22:11		509320		346180		163140		
15:22:13		509320		347236		162084		
15:22:15		509320		347856		161464		
15:22:17		509320		348476		160844		
15:22:19		509320		349188		160132		
15:22:21		495419		349547		145872		
15:22:23		495419		350383		145036		
15:22:25		476034		350714		125320		
15:22:27		476034		351334		124700		
15:22:29		476034		352422		123612		
15:22:31		476034		353290		122744		
15:22:34		476034		353782		122252		
15:22:36		476034		354402		121632		
15:22:38		476034		355022		121012		
15:22:40		476034		355766		120268		
15:22:42		476034		356386		119648		
15:22:44		476034		357010		119024		
15:22:46		476034		358002		118032		
15:22:48		476034		358622		117412		
15:22:50		476034		359242		116792		
15:22:52		476034		360110		115924		
15:22:54		476034		360450		115584		
15:22:56		476034		361318		114716		
15:22:58		476034		362030		114004		
15:23:00		476034		362586		113448		
15:23:02		476034		373338		102696		
15:23:04		572327		339655		232672		
15:23:06		547611		341163		206448		
15:23:08		527997		341389		186608		
15:23:10		527997		341881		186116		
15:23:12		527997		342501		185496		
15:23:14		527997		343245		184752		
15:23:16		513582		343710		169872		
15:23:18		513582		344330		169252		
15:23:20		513582		345262		168320		
15:23:22		513582		345882		167700		
15:23:24		497673		346341		151332		
15:23:26		497673		346961		150712		
15:23:28		484959		347639		137320		
15:23:30		484959		348383		136576		
15:23:32		484959		349003		135956		
15:23:34		484959		349995		134964		
15:23:36		513809		350573		163236		
15:23:38		513809		351193		162616		
15:23:40		491769		351321		140448		
15:23:42		480058		352134		127924		
15:23:44		480058		352382		127676		
15:23:46		491721		353629		138092		
15:23:49		491721		354249		137472		
15:23:51		491721		354993		136728		
15:23:53		491721		355613		136108		
15:23:55		491721		356077		135644		
15:23:57		491721		356697		135024		
15:23:59		479219		356967		122252		
15:24:01		479219		357775		121444		
15:24:03		550460		392684		157776		
15:24:05		514756		358560		156196		
15:24:07		545407		359575		185832		
15:24:09		560467		360119		200348		
15:24:11		560467		360643		199824		
15:24:13		546100		360660		185440		
15:24:15		534336		361700		172636		
15:24:17		534336		362320		172016		
15:24:19		534336		362876		171460		
15:24:21		534336		363496		170840		
15:24:23		534336		364116		170220		
15:24:25		523286		364758		158528		
15:24:27		523286		365378		157908		
15:24:29		523286		365998		157288		
15:24:31		523286		366370		156916		
15:24:33		523286		367362		155924		
15:24:35		509669		368253		141416		
15:24:37		509669		368873		140796		
15:24:39		509669		369865		139804		
15:24:41		495885		369969		125916		
15:24:43		495885		370581		125304		
15:24:45		495885		371633		124252		
15:24:47		485513		371925		113588		
15:24:49		485513		372545		112968		
15:24:51		552573		373389		179184		
15:24:53		552573		373761		178812		
15:24:55		552573		374413		178160		
15:24:57		552573		375033		177540		
15:24:59		541027		375451		165576		
15:25:01		541027		376071		164956		
15:25:03		541027		376691		164336		
15:25:05		525366		377182		148184		
15:25:08		525366		377926		147440		
15:25:10		511459		378619		132840		
15:25:12		511459		379239		132220		
15:25:14		511459		379859		131600		
15:25:16		511459		380823		130636		
15:25:18		511459		381567		129892		
15:25:20		499077		381833		117244		
15:25:22		499077		382453		116624		
15:25:24		499077		383349		115728		
15:25:26		519253		383777		135476		
15:25:28		540141		384453		155688		
15:25:30		540141		385417		154724		
15:25:32		540141		386037		154104		
15:25:34		540141		386657		153484		
15:25:36		540141		387461		152680		
15:25:38		528019		387491		140528		
15:25:40		528019		388359		139660		
15:25:42		528019		388979		139040		
15:25:44		572357		389853		182504		
15:25:46		583032		390484		192548		
15:25:48		568234		390566		177668		
15:25:50		568234		391186		177048		
15:25:52		557840		391456		166384		
15:25:54		557840		392916		164924		
15:25:56		542513		393181		149332		
15:25:58		542513		393677		148836		
15:26:00		529540		394716		134824		
15:26:02		529540		395336		134204		
15:26:04		529540		396144		133396		
15:26:06		529540		396824		132716		
15:26:08		541912		397540		144372		
15:26:10		541912		398252		143660		
15:26:12		524704		398404		126300		
15:26:14		524704		399648		125056		
15:26:16		524704		400268		124436		
15:26:18		524704		400792		123912		
15:26:20		524704		401508		123196		
15:26:22		524704		402376		122328		
15:26:24		524704		402764		121940		
15:26:26		565289		403169		162120		
15:26:29		565289		404289		161000		
15:26:31		597880		404880		193000		
15:26:33		597880		405500		192380		
15:26:35		597880		406244		191636		
15:26:37		597880		406864		191016		
15:26:39		597880		407576		190304		
15:26:41		597880		408196		189684		
15:26:43		597880		408816		189064		
15:26:45		579138		409198		169940		
15:26:47		579138		409818		169320		
15:26:49		568153		410365		157788		
15:26:51		568153		410985		157168		
15:26:53		556773		411977		144796		
15:26:55		556773		412613		144160		
15:26:57		556773		412613		144160		
15:26:59		556773		413605		143168		
15:27:01		556773		413605		143168		
15:27:03		556773		413605		143168		
15:27:05		556773		413605		143168		
15:27:07		556773		413605		143168		
15:27:09		556773		417137		139636		
15:27:11		556773		417757		139016		
15:27:13		544162		405146		139016		
15:27:15		526802		387786		139016		
15:27:17		507773		368757		139016		
15:27:19		493509		354493		139016		
15:27:21		477336		338320		139016		
15:27:23		517998		398014		119984		
15:27:25		579350		398606		180744		
15:27:27		564343		398727		165616		
15:27:29		564343		399223		165120		
15:27:31		553325		399753		153572		
15:27:33		553325		400373		152952		
15:27:35		553325		400869		152456		
15:27:37		553325		401365		151960		
15:27:39		553325		401861		151464		
15:27:41		553325		402701		150624		
15:27:43		541395		402799		138596		
15:27:45		541395		403387		138008		
15:27:47		541395		403883		137512		
15:27:50		541395		404379		137016		
15:27:52		530095		404611		125484		
15:27:54		530095		405043		125052		
15:27:56		530095		405631		124464		
15:27:58		554523		406531		147992		
15:28:00		554523		406843		147680		
15:28:02		536397		406665		129732		
15:28:04		536397		407161		129236		
15:28:06		536397		407749		128648		
15:28:08		520549		408145		112404		
15:28:10		520549		409357		111192		
15:28:12		534012		409800		124212		
15:28:14		534012		410312		123700		
15:28:16		534012		410808		123204		
15:28:18		534012		411304		122708		
15:28:20		534012		411800		122212		
15:28:22		534012		412296		121716		
15:28:24		589165		412641		176524		
15:28:26		589165		413073		176092		
15:28:28		589165		413569		175596		
15:28:30		589165		414033		175132		
15:28:32		589165		414529		174636		
15:28:34		576107		414615		161492		
15:28:36		576107		415203		160904		
15:28:38		576107		415699		160408		
15:28:40		559004		415956		143048		
15:28:42		559004		416452		142552		
15:28:44		559004		416916		142088		
15:28:46		559004		417412		141592		
15:28:48		559004		417908		141096		
15:28:50		559004		418528		140476		
15:28:52		548057		418989		129068		
15:28:54		548057		419501		128556		
15:28:56		534152		420012		114140		
15:28:58		534152		420944		113208		
15:29:00		521310		420998		100312		
15:29:02		521310		421494		99816		
15:29:04		537753		422437		115316		
15:29:06		577925		422773		155152		
15:29:08		612298		423170		189128		
15:29:10		612298		423666		188632		
15:29:13		593217		423681		169536		
15:29:15		593217		424021		169196		
15:29:17		593217		424641		168576		
15:29:19		578576		425004		153572		
15:29:21		578576		425748		152828		
15:29:23		624654		426318		198336		
15:29:25		624654		426906		197748		
15:29:27		608860		426768		182092		
15:29:29		608860		427732		181128		
15:29:31		590210		427742		162468		
15:29:33		590210		428362		161848		
15:29:35		579264		428824		150440		
15:29:37		579264		429444		149820		
15:29:39		579264		429956		149308		
15:29:41		579264		430600		148664		
15:29:43		579264		431104		148160		
15:29:45		579264		431600		147664		
15:29:47		567277		419613		147664		
15:29:49		553648		432520		121128		
15:29:51		553648		432952		120696		
15:29:53		553648		433448		120200		
15:29:55		553648		433944		119704		
15:29:57		553648		435000		118648		
15:29:59		553648		435620		118028		
15:30:01		553648		435992		117656		
15:30:03		553648		436488		117160		
15:30:05		553648		437108		116540		
15:30:07		540221		437197		103024		
15:30:09		595260		437984		157276		
15:30:11		595260		438480		156780		
15:30:13		583981		438485		145496		
15:30:15		594879		439215		155664		
15:30:17		594879		439975		154904		
15:30:19		623210		440158		183052		
15:30:21		612082		429030		183052		
15:30:23		592082		440806		151276		
15:30:25		602635		441903		160732		
15:30:27		586895		441911		144984		
15:30:29		586895		442999		143896		
15:30:32		586895		443743		143152		
15:30:34		586895		444487		142408		
15:30:36		586895		445107		141788		
15:30:38		571547		445383		126164		
15:30:40		571547		446003		125544		
15:30:42		571547		446623		124924		
15:30:44		552969		447265		105704		
15:30:46		552969		447885		105084		
15:30:48		552969		448505		104464		
15:30:50		552969		448505		104464		
15:30:52		552969		448505		104464		
15:30:54		568044		463580		104464		
15:30:56		568044		463580		104464		
15:30:58		568044		463580		104464		
15:31:00		581879		452879		129000		
15:31:02		571333		452933		118400		
15:31:04		571333		453553		117780		
15:31:06		571333		454297		117036		
15:31:08		613249		455293		157956		
15:31:10		613249		455913		157336		
15:31:12		613249		456501		156748		
15:31:14		613249		457121		156128		
15:31:16		613249		457865		155384		
15:31:18		601168		458060		143108		
15:31:20		601168		458680		142488		
15:31:22		586234		459154		127080		
15:31:24		586234		459914		126320		
15:31:26		586234		460750		125484		
15:31:28		586234		461370		124864		
15:31:30		586234		462022		124212		
15:31:32		586234		462642		123592		
15:31:34		574803		462991		111812		
15:31:36		574803		464107		110696		
15:31:38		574803		464851		109952		
15:31:40		638445		465377		173068		
15:31:42		638445		465873		172572		
15:31:44		626374		466046		160328		
15:31:46		612956		466580		146376		
15:31:49		612956		467324		145632		
15:31:51		612956		468316		144640		
15:31:53		612956		468904		144052		
15:31:55		612956		469524		143432		
15:31:57		612956		470500		142456		
15:31:59		612956		471340		141616		
15:32:01		612956		471960		140996		
15:32:03		602599		472143		130456		
15:32:05		641041		473261		167780		
15:32:07		641041		494521		146520		
15:32:09		641041		449857		191184		
15:32:11		602453		451877		150576		
15:32:13		602453		452497		149956		
15:32:15		587442		453142		134300		
15:32:17		587442		453790		133652		
15:32:19		587442		454410		133032		
15:32:21		587442		455218		132224		
15:32:23		587442		455838		131604		
15:32:25		587442		456550		130892		
15:32:27		587442		457170		130272		
15:32:29		587442		457666		129776		
15:32:31		587442		458270		129172		
15:32:33		587442		458890		128552		
15:32:35		587442		459730		127712		
15:32:37		575052		459864		115188		
15:32:39		575052		460608		114444		
15:32:41		575052		461228		113824		
15:32:43		575052		461848		113204		
15:32:45		562508		462696		99812		
15:32:47		594703		463147		131556		
15:32:49		594703		463767		130936		
15:32:51		594703		464355		130348		
15:32:53		594703		464975		129728		
15:32:55		643059		465623		177436		
15:32:57		643059		466243		176816		
15:32:59		643059		466955		176104		
15:33:01		626005		467013		158992		
15:33:03		626005		467773		158232		
15:33:05		612772		468396		144376		
15:33:07		612772		468952		143820		
15:33:09		601787		469499		132288		
15:33:12		601787		470151		131636		
15:33:14		601787		470771		131016		
15:33:16		601787		471391		130396		
15:33:18		601787		472135		129652		
15:33:20		601787		472755		129032		
15:33:22		601787		473499		128288		
15:33:24		586893		473981		112912		
15:33:26		586893		474633		112260		
15:33:28		586893		475253		111640		
15:33:30		586893		476309		110584		
15:33:32		586893		477053		109840		
15:33:34		586893		477549		109344		
15:33:36		586893		478153		108740		
15:33:38		586893		479081		107812		
15:33:40		586893		479949		106944		
15:33:42		586893		480569		106324		
15:33:44		586893		481189		105704		
15:33:46		586893		481777		105116		
15:33:48		586893		482397		104496		
15:33:50		586893		483173		103720		
15:33:52		586893		483853		103040		
15:33:54		598855		484531		114324		
15:33:56		598855		485151		113704		
15:33:58		634560		485860		148700		
15:34:00		645259		487103		158156		
15:34:02		645259		487723		157536		
15:34:04		635015		478099		156916		
15:34:06		618140		488024		130116		
15:34:08		629386		488978		140408		
15:34:10		629386		489598		139788		
15:34:12		657180		490112		167068		
15:34:14		676310		490766		185544		
15:34:16		659176		491212		167964		
15:34:18		646048		491412		154636		
15:34:20		646048		492156		153892		
15:34:22		634972		492736		142236		
15:34:24		634972		493356		141616		
15:34:26		634972		493976		140996		
15:34:28		634972		494596		140376		
15:34:30		623027		495051		127976		
15:34:32		623027		495795		127232		
15:34:34		623027		496851		126176		
15:34:36		623027		497283		125744		
15:34:39		623027		497903		125124		
15:34:41		623027		498631		124396		
15:34:43		623027		499367		123660		
15:34:45		623027		499995		123032		
15:34:47		623027		500711		122316		
15:34:49		623027		501455		121572		
15:34:51		623027		501919		121108		
15:34:53		623027		502599		120428		
15:34:55		660405		503149		157256		
15:34:57		660405		503769		156636		
15:34:59		644997		503861		141136		
15:35:01		644997		504853		140144		
15:35:03		644997		505473		139524		
15:35:05		630314		506074		124240		
15:35:07		630314		506662		123652		
15:35:09		614982		507202		107780		
15:35:11		614982		507822		107160		
15:35:13		614982		508458		106524		
15:35:15		614982		509078		105904		
15:35:17		614982		509822		105160		
15:35:19		656118		510782		145336		
15:35:21		675933		511593		164340		
15:35:23		664016		511704		152312		
15:35:25		664016		512448		151568		
15:35:27		664016		513192		150824		
15:35:29		651546		513742		137804		
15:35:31		651546		514454		137092		
15:35:33		651546		515574		135972		
15:35:35		651546		516194		135352		
15:35:37		651546		516814		134732		
15:35:39		651546		517434		134112		
15:35:41		639772		517904		121868		
15:35:43		639772		518540		121232		
15:35:45		639772		519096		120676		
15:35:47		627303		519275		108028		
15:35:49		627303		519771		107532		
15:35:51		644662		520702		123960		
15:35:53		675398		521150		154248		
15:35:55		688411		521607		166804		
15:35:57		667901		521557		146344		
15:35:59		667901		522053		145848		
15:36:02		667901		523141		144760		
15:36:04		655680		523568		132112		
15:36:06		655680		523876		131804		
15:36:08		655680		524372		131308		
15:36:10		655680		524868		130812		
15:36:12		655680		525364		130316		
15:36:14		655680		525860		129820		
15:36:16		655680		526324		129356		
15:36:18		655680		526820		128860		
15:36:20		642009		527005		115004		
15:36:22		673616		527768		145848		
15:36:24		673616		528280		145336		
15:36:26		685212		528904		156308		
15:36:28		685212		550320		134892		
15:36:30		702099		505679		196420		
15:36:32		657631		506963		150668		
15:36:34		657631		507771		149860		
15:36:36		657631		508171		149460		
15:36:38		637348		508380		128968		
15:36:40		637348		508752		128596		
15:36:42		637348		509560		127788		
15:36:44		637348		510056		127292		
15:36:46		637348		510924		126424		
15:36:48		637348		511420		125928		
15:36:50		637348		511792		125556		
15:36:52		622345		511853		110492		
15:36:54		622345		512349		109996		
15:36:56		656796		513324		143472		
15:36:58		656796		513820		142976		
15:37:00		642438		513846		128592		
15:37:02		656784		514800		141984		
15:37:04		656784		515296		141488		
15:37:06		656784		515884		140900		
15:37:08		656784		516396		140388		
15:37:10		656784		516892		139892		
15:37:12		656784		517420		139364		
15:37:14		700971		517835		183136		
15:37:16		700971		518175		182796		
15:37:18		687037		518129		168908		
15:37:21		687037		518749		168288		
15:37:23		687037		519245		167792		
15:37:25		687037		519865		167172		
15:37:27		669382		520622		148760		
15:37:29		669382		521242		148140		
15:37:31		669382		521862		147520		
15:37:33		658965		522357		136608		
15:37:35		658965		522977		135988		
15:37:37		673693		523877		149816		
15:37:39		673693		524657		149036		
15:37:41		673693		525277		148416		
15:37:43		663143		525391		137752		
15:37:45		663143		526151		136992		
15:37:47		663143		526923		136220		
15:37:49		663143		527667		135476		
15:37:51		663143		528475		134668		
15:37:53		663143		529063		134080		
15:37:55		651536		529296		122240		
15:37:57		664182		530318		133864		
15:37:59		664182		530938		133244		
15:38:01		707776		531596		176180		
15:38:03		707776		532216		175560		
15:38:05		691041		532221		158820		
15:38:07		691041		533089		157952		
15:38:09		691041		534145		156896		
15:38:11		669090		534482		134608		
15:38:13		669090		535038		134052		
15:38:15		669090		535658		133432		
15:38:17		669090		536482		132608		
15:38:19		669090		537102		131988		
15:38:21		669090		537754		131336		
15:38:23		669090		538374		130716		
15:38:25		655430		538850		116580		
15:38:27		655430		539998		115432		
15:38:29		655430		540742		114688		
15:38:31		666035		541395		124640		
15:38:33		666035		542015		124020		
15:38:35		666035		542635		123400		
15:38:37		652501		543049		109452		
15:38:40		686176		543868		142308		
15:38:42		686176		544612		141564		
15:38:44		686176		545232		140944		
15:38:46		686176		545852		140324		
15:38:48		669381		545937		123444		
15:38:50		669381		546557		122824		
15:38:52		669381		547485		121896		
15:38:54		669381		548229		121152		
15:38:56		669381		548849		120532		
15:38:58		724549		549613		174936		
15:39:00		735243		550231		185012		
15:39:02		713740		550304		163436		
15:39:04		713740		551260		162480		
15:39:06		701212		552280		148932		
15:39:08		701212		552736		148476		
15:39:10		701212		553384		147828		
15:39:12		689774		553574		136200		
15:39:14		689774		554566		135208		
15:39:16		689774		555262		134512		
15:39:18		689774		555882		133892		
15:39:20		689774		556562		133212		
15:39:22		689774		557182		132592		
15:39:24		689774		557802		131972		
15:39:26		689774		558546		131228		
15:39:28		689774		559166		130608		
15:39:30		689774		560286		129488		
15:39:32		669196		560540		108656		
15:39:34		669196		561160		108036		
15:39:36		701590		561870		139720		
15:39:38		701590		562550		139040		
15:39:40		701590		563174		138416		
15:39:42		701590		563886		137704		
15:39:44		701590		564498		137092		
15:39:46		690208		564872		125336		
15:39:48		690208		565508		124700		
15:39:50		690208		566064		124144		
15:39:52		722448		567056		155392		
15:39:55		722448		567676		154772		
15:39:57		707934		567670		140264		
15:39:59		707934		568414		139520		
15:40:01		707934		569158		138776		
15:40:03		754970		569942		185028		
15:40:05		754970		570686		184284		
15:40:07		735581		571201		164380		
15:40:09		735581		572069		163512		
15:40:11		719928		572228		147700		
15:40:13		719928		572848		147080		
15:40:15		701652		573420		128232		
15:40:17		701652		574040		127612		
15:40:19		701652		574784		126868		
15:40:21		701652		575636		126016		
15:40:23		701652		576164		125488		
15:40:25		701652		576688		124964		
15:40:27		701652		577216		124436		
15:40:29		690398		577618		112780		
15:40:31		690398		578454		111944		
15:40:33		690398		579074		111324		
15:40:35		690398		579694		110704		
15:40:37		690398		580782		109616		
15:40:39		690398		581338		109060		
15:40:41		690398		581894		108504		
15:40:43		690398		582514		107884		
15:40:45		690398		583134		107264		
15:40:47		679430		583450		95980		
15:40:49		679430		605578		73852		
15:40:51		704925		205985		498940		
15:40:53		341400		63864		277536		
15:40:55		367725		211193		156532		
15:40:57		415679		211159		204520		
15:40:59		404303		213959		190344		
15:41:01		432445		215069		217376		
15:41:03		432445		221145		211300		
15:41:05		432445		221601		210844		
15:41:07		420479		221655		198824		
15:41:09		420479		224419		196060		
15:41:11		420479		224915		195564		
15:41:13		420479		225535		194944		
15:41:15		420479		225999		194480		
15:41:18		420479		226495		193984		
15:41:20		420479		227115		193364		
15:41:22		420479		227611		192868		
15:41:24		405487		231775		173712		
15:41:26		405487		232175		173312		
15:41:28		405487		232671		172816		
15:41:30		405487		234655		170832		
15:41:32		405487		235151		170336		
15:41:34		387367		235879		151488		
15:41:36		387367		236375		150992		
15:41:38		362527		236335		126192		
15:41:40		362527		237483		125044		
15:41:42		350394		237626		112768		
15:41:44		350394		238490		111904		
15:41:46		365290		239126		126164		
15:41:48		365290		239622		125668		
15:41:50		365290		240242		125048		
15:41:52		437311		240591		196720		
15:41:54		437311		241587		195724		
15:41:56		437311		242331		194980		
15:41:58		437311		242887		194424		
15:42:00		437311		243695		193616		
15:42:02		422750		243890		178860		
15:42:04		422750		244478		178272		
15:42:06		422750		245066		177684		
15:42:08		422750		245810		176940		
15:42:10		422750		246430		176320		
15:42:12		408725		246913		161812		
15:42:14		445176		247776		197400		
15:42:16		445176		248396		196780		
15:42:18		462379		248983		213396		
15:42:20		462379		249603		212776		
15:42:22		462379		250223		212156		
15:42:24		462379		251059		211320		
15:42:26		437994		251102		186892		
15:42:28		437994		251938		186056		
15:42:30		437994		252934		185060		
15:42:32		422041		253225		168816		
15:42:34		422041		254309		167732		
15:42:37		405706		254590		151116		
15:42:39		473331		255503		217828		
15:42:41		473331		256123		217208		
15:42:43		473331		256743		216588		
15:42:45		473331		257455		215876		
15:42:47		473331		258011		215320		
15:42:49		458576		258260		200316		
15:42:51		447492		258920		188572		
15:42:53		435914		259494		176420		
15:42:55		435914		260582		175332		
15:42:57		435914		261202		174712		
15:42:59		435914		261782		174132		
15:43:01		435914		262558		173356		
15:43:03		417034		262678		154356		
15:43:05		417034		263890		153144		
15:43:07		417034		264414		152620		
15:43:09		417034		265222		151812		
15:43:11		417034		265842		151192		
15:43:13		417034		266462		150572		
15:43:15		417034		267142		149892		
15:43:17		417034		267762		149272		
15:43:19		417034		268754		148280		
15:43:21		417034		269374		147660		
15:43:23		417034		270214		146820		
15:43:25		484339		270683		213656		
15:43:27		484339		271303		213036		
15:43:29		473925		271705		202220		
15:43:31		473925		272325		201600		
15:43:33		473925		272945		200980		
15:43:35		473925		273689		200236		
15:43:37		473925		274309		199616		
15:43:39		473925		274929		198996		
15:43:41		453463		275051		178412		
15:43:43		453463		275887		177576		
15:43:45		441499		276447		165052		
15:43:47		441499		277067		164432		
15:43:49		441499		277779		163720		
15:43:51		441499		278399		163100		
15:43:53		441499		279519		161980		
15:43:55		431035		279719		151316		
15:43:57		419310		280394		138916		
15:43:59		419310		281286		138024		
15:44:01		400617		281345		119272		
15:44:04		416022		282586		133436		
15:44:06		416022		283330		132692		
15:44:08		416022		283950		132072		
15:44:10		416022		284570		131452		
15:44:12		416022		285190		130832		
15:44:14		416022		285902		130120		
15:44:16		416022		286522		129500		
15:44:18		416022		287142		128880		
15:44:20		405338		287306		118032		
15:44:22		469210		288310		180900		
15:44:24		469210		288922		180288		
15:44:26		469210		289542		179668		
15:44:28		469210		290162		179048		
15:44:30		469210		291002		178208		
15:44:32		469210		291622		177588		
15:44:34		469210		292242		176968		
15:44:36		452970		292274		160696		
15:44:38		452970		292894		160076		
15:44:40		452970		293638		159332		
15:44:42		452970		294258		158712		
15:44:44		478690		295302		183388		
15:44:46		514661		295933		218728		
15:44:48		499662		295938		203724		
15:44:50		484333		296605		187728		
15:44:52		484333		297225		187108		
15:44:54		484333		298313		186020		
15:44:56		484333		298933		185400		
15:44:58		484333		299457		184876		
15:45:00		484333		300357		183976		
15:45:02		484333		301101		183232		
15:45:04		470869		301369		169500		
15:45:06		470869		301957		168912		
15:45:08		455127		303167		151960		
15:45:10		455127		303787		151340		
15:45:12		455127		304407		150720		
15:45:14		505555		305111		200444		
15:45:16		505555		305731		199824		
15:45:18		505555		306163		199392		
15:45:20		488356		316920		171436		
15:45:22		488356		283044		205312		
15:45:24		460466		284946		175520		
15:45:27		460466		285566		174900		
15:45:29		460466		286218		174248		
15:45:31		460466		286838		173628		
15:45:33		460466		287458		173008		
15:45:35		460466		288074		172392		
15:45:37		460466		288694		171772		
15:45:39		460466		289314		171152		
15:45:41		447904		289524		158380		
15:45:43		447904		290144		157760		
15:45:45		430771		291179		139592		
15:45:47		430771		291799		138972		
15:45:49		430771		292355		138416		
15:45:51		416481		292573		123908		
15:45:53		445288		293728		151560		
15:45:55		445288		294476		150812		
15:45:57		445288		295096		150192		
15:45:59		422349		295529		126820		
15:46:01		422349		296149		126200		
15:46:03		437379		296919		140460		
15:46:05		437379		297507		139872		
15:46:07		437379		298127		139252		
15:46:09		437379		298843		138536		
15:46:11		437379		299367		138012		
15:46:13		437379		299987		137392		
15:46:15		437379		300919		136460		
15:46:17		490762		301290		189472		
15:46:19		490762		302130		188632		
15:46:21		490762		302750		188012		
15:46:23		490762		303494		187268		
15:46:25		490762		303894		186868		
15:46:27		490762		304514		186248		
15:46:29		490762		305102		185660		
15:46:31		474793		305377		169416		
15:46:33		474793		305997		168796		
15:46:35		462965		306569		156396		
15:46:37		462965		307189		155776		
15:46:39		462965		307809		155156		
15:46:41		447535		308375		139160		
15:46:43		447535		308995		138540		
15:46:45		435249		309605		125644		
15:46:47		435249		310225		125024		
15:46:49		435249		310845		124404		
15:46:52		417544		311336		106208		
15:46:54		428674		312422		116252		
15:46:56		428674		313290		115384		
15:46:58		439091		313911		125180		
15:47:00		439091		314531		124560		
15:47:02		439091		315027		124064		
15:47:04		439091		315803		123288		
15:47:06		467217		316401		150816		
15:47:08		522667		316795		205872		
15:47:10		522667		317511		205156		
15:47:12		511534		317662		193872		
15:47:14		511534		318406		193128		
15:47:16		511534		319026		192508		
15:47:18		542991		319979		223012		
15:47:20		542991		320503		222488		
15:47:22		523213		320565		202648		
15:47:24		523213		321901		201312		
15:47:26		508700		322020		186680		
15:47:28		508700		322640		186060		
15:47:30		508700		323352		185348		
15:47:32		508700		323972		184728		
15:47:34		497001		324641		172360		
15:47:36		497001		325137		171864		
15:47:38		479880		325624		154256		
15:47:40		479880		326336		153544		
15:47:42		460941		326741		134200		
15:47:44		460941		327829		133112		
15:47:46		460941		328573		132368		
15:47:48		460941		329193		131748		
15:47:50		471881		329745		142136		
15:47:52		471881		330489		141392		
15:47:54		471881		331081		140800		
15:47:56		521305		331649		189656		
15:47:58		521305		332269		189036		
15:48:00		521305		332857		188448		
15:48:02		506429		333109		173320		
15:48:04		506429		333853		172576		
15:48:06		506429		334473		171956		
15:48:08		492574		335002		157572		
15:48:10		480441		335577		144864		
15:48:12		480441		336197		144244		
15:48:15		505911		337179		168732		
15:48:17		505911		337179		168732		
15:48:19		505911		338419		167492		
15:48:21		505911		339319		166592		
15:48:23		505911		339939		165972		
15:48:25		505911		340527		165384		
15:48:27		505911		341147		164764		
15:48:29		495350		341374		153976		
15:48:31		495350		342086		153264		
15:48:33		482366		342370		139996		
15:48:35		482366		343238		139128		
15:48:37		468436		343568		124868		
15:48:39		468436		344188		124248		
15:48:41		468436		345116		123320		
15:48:43		518506		345710		172796		
15:48:45		518506		346830		171676		
15:48:47		518506		347418		171088		
15:48:49		502869		348057		154812		
15:48:51		502869		348677		154192		
15:48:53		488352		349040		139312		
15:48:55		501144		349988		151156		
15:48:57		501144		350608		150536		
15:48:59		501144		351196		149948		
15:49:01		501144		351940		149204		
15:49:03		489878		351958		137920		
15:49:05		489878		353078		136800		
15:49:07		489878		353698		136180		
15:49:09		489878		354378		135500		
15:49:11		479337		354625		124712		
15:49:13		479337		355245		124092		
15:49:15		479337		356205		123132		
15:49:17		506264		356844		149420		
15:49:19		506264		357620		148644		
15:49:21		493727		357699		136028		
15:49:23		493727		358443		135284		
15:49:25		493727		359499		134228		
15:49:27		493727		360119		133608		
15:49:29		493727		360987		132740		
15:49:31		493727		361607		132120		
15:49:33		493727		338383		155344		
15:49:35		475127		340159		134968		
15:49:38		475127		340219		134908		
15:49:40		527881		340769		187112		
15:49:42		527881		341449		186432		
15:49:44		527881		342069		185812		
15:49:46		514137		342397		171740		
15:49:48		514137		343109		171028		
15:49:50		514137		343729		170408		
15:49:52		499184		344120		155064		
15:49:54		499184		344740		154444		
15:49:56		499184		345484		153700		
15:49:58		499184		346104		153080		
15:50:00		499184		346724		152460		
15:50:02		499184		347344		151840		
15:50:04		530603		348383		182220		
15:50:06		530603		349131		181472		
15:50:08		530603		349751		180852		
15:50:10		513138		350018		163120		
15:50:12		513138		350638		162500		
15:50:14		513138		351258		161880		
15:50:16		500527		351915		148612		
15:50:18		500527		352535		147992		
15:50:20		489067		353103		135964		
15:50:22		502858		354122		148736		
15:50:24		502858		354742		148116		
15:50:26		502858		355486		147372		
15:50:28		502858		356106		146752		
15:50:30		488294		356298		131996		
15:50:32		531271		357143		174128		
15:50:34		531271		357887		173384		
15:50:36		520547		358543		162004		
15:50:38		561325		359145		202180		
15:50:40		561325		359641		201684		
15:50:42		561325		360509		200816		
15:50:44		538518		360766		177752		
15:50:46		538518		361510		177008		
15:50:48		525497		361941		163556		
15:50:50		525497		362653		162844		
15:50:52		525497		363273		162224		
15:50:54		525497		363893		161604		
15:50:57		514270		364758		149512		
15:50:59		514270		365378		148892		
15:51:01		514270		365998		148272		
15:51:03		514270		366742		147528		
15:51:05		503816		367292		136524		
15:51:07		503816		368036		135780		
15:51:09		491383		368251		123132		
15:51:11		491383		368871		122512		
15:51:13		501985		369925		132060		
15:51:15		501985		370545		131440		
15:51:17		501985		371165		130820		
15:51:19		501985		371785		130200		
15:51:21		501985		372529		129456		
15:51:23		501985		373149		128836		
15:51:25		545270		373654		171616		
15:51:27		545270		374494		170776		
15:51:29		545270		375114		170156		
15:51:31		545270		375734		169536		
15:51:33		533031		375771		157260		
15:51:35		533031		376823		156208		
15:51:37		518741		377041		141700		
15:51:39		518741		377661		141080		
15:51:41		503229		378269		124960		
15:51:43		503229		379013		124216		
15:51:45		503229		379757		123472		
15:51:47		503229		380345		122884		
15:51:49		503229		380965		122264		
15:51:51		503229		381585		121644		
15:51:53		503229		382329		120900		
15:51:55		503229		382949		120280		
15:51:57		515671		383735		131936		
15:51:59		541522		384382		157140		
15:52:01		529482		384962		144520		
15:52:03		509355		385171		124184		
15:52:05		509355		385915		123440		
15:52:07		509355		386535		122820		
15:52:09		509355		387527		121828		
15:52:11		509355		387959		121396		
15:52:13		509355		388579		120776		
15:52:15		509355		389199		120156		
15:52:17		509355		389911		119444		
15:52:20		509355		390283		119072		
15:52:22		509355		390935		118420		
15:52:24		509355		391431		117924		
15:52:26		509355		391927		117428		
15:52:28		558668		392352		166316		
15:52:30		558668		392848		165820		
15:52:32		558668		393096		165572		
15:52:34		558668		393968		164700		
15:52:36		545649		394589		151060		
15:52:38		576151		395175		180976		
15:52:40		576151		395795		180356		
15:52:42		576151		396415		179736		
15:52:44		564535		396703		167832		
15:52:46		564535		397787		166748		
15:52:48		564535		398407		166128		
15:52:50		564535		398407		166128		
15:52:52		564535		399275		165260		
15:52:54		552327		387067		165260		
15:52:56		541208		400592		140616		
15:52:58		541208		401212		139996		
15:53:00		541208		401832		139376		
15:53:02		541208		402796		138412		
15:53:04		541208		403320		137888		
15:53:06		541208		404408		136800		
15:53:08		559580		405324		154256		
15:53:10		559580		406008		153572		
15:53:12		546896		405940		140956		
15:53:14		546896		406960		139936		
15:53:16		546896		407488		139408		
15:53:18		546896		407952		138944		
15:53:20		600634		408250		192384		
15:53:22		600634		408746		191888		
15:53:24		600634		409242		191392		
15:53:26		600634		409706		190928		
15:53:28		583653		409713		173940		
15:53:30		583653		410209		173444		
15:53:32		567500		410672		156828		
15:53:34		567500		411168		156332		
15:53:36		567500		411664		155836		
15:53:38		556791		412115		144676		
15:53:41		556791		412735		144056		
15:53:43		556791		413231		143560		
15:53:45		537346		413966		123380		
15:53:47		537346		414462		122884		
15:53:49		537346		414958		122388		
15:53:51		537346		415518		121828		
15:53:53		527092		415556		111536		
15:53:55		537777		416445		121332		
15:53:57		537777		416845		120932		
15:53:59		537777		420221		117556		
15:54:01		537777		207897		329880		
15:54:03		338392		207904		130488		
15:54:05		338392		212656		125736		
15:54:07		338392		212656		125736		
15:54:09		338392		214224		124168		
15:54:11		338392		215980		122412		
15:54:13		338392		216476		121916		
15:54:15		368829		221017		147812		
15:54:17		368829		221417		147412		
15:54:19		368829		222225		146604		
15:54:21		368829		222657		146172		
15:54:23		427722		222898		204824		
15:54:25		427722		226142		201580		
15:54:27		427722		226514		201208		
15:54:29		427722		229930		197792		
15:54:31		427722		230426		197296		
15:54:33		427722		230890		196832		
15:54:35		416930		234030		182900		
15:54:37		416930		234526		182404		
15:54:39		416930		236390		180540		
15:54:41		406673		236545		170128		
15:54:43		406673		237041		169632		
15:54:45		406673		237817		168856		
15:54:47		389979		238203		151776		
15:54:49		389979		238947		151032		
15:54:51		373559		239135		134424		
15:54:53		373559		239639		133920		
15:54:55		357263		240363		116900		
15:54:57		357263		240983		116280		
15:54:59		357263		241571		115692		
15:55:02		370894		242554		128340		
15:55:04		360296		242588		117708		
15:55:06		360296		243364		116932		
15:55:08		360296		243984		116312		
15:55:10		360296		245444		114852		
15:55:12		360296		246032		114264		
15:55:14		423419		247699		175720		
15:55:16		423419		248255		175164		
15:55:18		423419		248867		174552		
15:55:20		455820		249400		206420		
15:55:22		455820		250020		205800		
15:55:24		455820		250756		205064		
15:55:26		477454		251310		226144		
15:55:28		477454		251930		225524		
15:55:30		477454		252894		224560		
15:55:32		457538		252942		204596		
15:55:34		457538		253562		203976		
15:55:36		457538		254118		203420		
15:55:38		457538		254738		202800		
15:55:40		457538		255854		201684		
15:55:42		457538		256474		201064		
15:55:44		457538		257218		200320		
15:55:46		457538		257838		199700		
15:55:48		444294		257978		186316		
15:55:50		431942		258426		173516		
15:55:52		418824		259072		159752		
15:55:54		418824		260224		158600		
15:55:56		418824		260844		157980		
15:55:58		403052		261068		141984		
15:56:00		388255		261739		126516		
15:56:02		388255		262359		125896		
15:56:04		374489		262913		111576		
15:56:06		374489		263533		110956		
15:56:08		374489		264153		110336		
15:56:10		363845		264761		99084		
15:56:12		377003		265759		111244		
15:56:15		443471		266387		177084		
15:56:17		456773		267041		189732		
15:56:19		470408		267436		202972		
15:56:21		470408		268024		202384		
15:56:23		470408		268644		201764		
15:56:25		470408		269328		201080		
15:56:27		460040		269500		190540		
15:56:29		460040		270120		189920		
15:56:31		460040		270832		189208		
15:56:33		460040		271512		188528		
15:56:35		442439		271891		170548		
15:56:37		442439		272511		169928		
15:56:39		442439		273255		169184		
15:56:41		456870		274326		182544		
15:56:43		456870		274946		181924		
15:56:45		456870		275534		181336		
15:56:47		456870		276278		180592		
15:56:49		439225		277113		162112		
15:56:51		439225		277733		161492		
15:56:53		439225		278353		160872		
15:56:55		439225		278973		160252		
15:56:57		426378		279146		147232		
15:56:59		426378		279890		146488		
15:57:01		413895		280303		133592		
15:57:03		413895		280891		133004		
15:57:05		413895		281511		132384		
15:57:07		413895		282255		131640		
15:57:09		474059		282991		191068		
15:57:11		474059		283611		190448		
15:57:13		474059		284231		189828		
15:57:15		462262		284306		177956		
15:57:17		462262		284926		177336		
15:57:19		462262		285950		176312		
15:57:21		462262		286570		175692		
15:57:23		462262		287190		175072		
15:57:25		462262		288246		174016		
15:57:27		462262		288866		173396		
15:57:29		451450		289058		162392		
15:57:31		451450		289678		161772		
15:57:33		451450		290298		161152		
15:57:35		439238		290858		148380		
15:57:37		439238		291414		147824		
15:57:40		439238		292470		146768		
15:57:42		439238		293090		146148		
15:57:44		420343		293787		126556		
15:57:46		448486		294278		154208		
15:57:48		448486		294802		153684		
15:57:50		434448		295368		139080		
15:57:52		434448		295988		138460		
15:57:54		423687		296355		127332		
15:57:56		435442		297322		138120		
15:57:58		435442		297910		137532		
15:58:00		470740		298616		172124		
15:58:02		470740		299236		171504		
15:58:04		470740		299824		170916		
15:58:06		470740		300380		170360		
15:58:08		524416		300860		223556		
15:58:10		524416		301440		222976		
15:58:12		524416		302060		222356		
15:58:14		524416		302804		221612		
15:58:16		514141		302821		211320		
15:58:18		514141		303441		210700		
15:58:20		503034		304458		198576		
15:58:22		503034		304954		198080		
15:58:24		483755		304895		178860		
15:58:26		483755		305391		178364		
15:58:28		483755		305887		177868		
15:58:30		483755		306351		177404		
15:58:32		483755		306847		176908		
15:58:34		483755		307779		175976		
15:58:36		483755		284467		199288		
15:58:38		462151		286239		175912		
15:58:40		462151		286735		175416		
15:58:42		462151		287231		174920		
15:58:44		439733		287441		152292		
15:58:46		425642		287610		138032		
15:58:48		425642		288478		137164		
15:58:50		463734		288998		174736		
15:58:52		463734		289494		174240		
15:58:54		463734		289990		173744		
15:58:57		452685		289853		162832		
15:58:59		452685		290565		162120		
15:59:01		436354		290910		145444		
15:59:03		436354		291282		145072		
15:59:05		503400		292052		211348		
15:59:07		503400		292548		210852		
15:59:09		503400		292920		210480		
15:59:11		503400		293384		210016		
15:59:13		503400		293880		209520		
15:59:15		503400		293880		209520		
15:59:17		490897		281377		209520		
15:59:19		473488		263968		209520		
15:59:21		450802		295130		155672		
15:59:23		483021		296069		186952		
15:59:25		483021		296597		186424		
15:59:27		463454		277030		186424		
15:59:29		441445		297273		144172		
15:59:31		441445		297893		143552		
15:59:33		441445		298513		142932		
15:59:35		441445		299505		141940		
15:59:37		441445		300125		141320		
15:59:39		441445		300869		140576		
15:59:41		441445		301117		140328		
15:59:43		441445		301737		139708		
15:59:45		430164		290456		139708		
15:59:47		430164		302888		127276		
15:59:49		430164		303912		126252		
15:59:51		430164		304624		125540		
15:59:53		430164		305244		124920		
15:59:55		430164		305864		124300		
15:59:57		430164		306484		123680		
15:59:59		430164		307228		122936		
16:00:01		483668		307752		175916		
16:00:03		518327		308187		210140		
16:00:05		518327		308903		209424		
16:00:07		498677		309093		189584		
16:00:09		498677		309805		188872		
16:00:11		498677		310301		188376		
16:00:13		498677		310673		188004		
16:00:16		488104		310888		177216		
16:00:18		488104		311376		176728		
16:00:20		488104		312276		175828		
16:00:22		477112		312444		164668		
16:00:24		477112		312940		164172		
16:00:26		477112		313372		163740		
16:00:28		477112		313868		163244		
16:00:30		461627		314567		147060		
16:00:32		461627		315063		146564		
16:00:34		461627		315559		146068		
16:00:36		485733		315949		169784		
16:00:38		485733		316381		169352		
16:00:40		470962		316366		154596		
16:00:42		470962		317110		153852		
16:00:44		456732		317512		139220		
16:00:46		445032		318056		126976		
16:00:48		460864		319132		141732		
16:00:50		460864		319628		141236		
16:00:52		460864		320248		140616		
16:00:54		460864		321024		139840		
16:00:56		460864		321024		139840		
16:00:58		460864		321024		139840		
16:01:00		540837		322817		218020		
16:01:02		540837		323437		217400		
16:01:04		540837		324245		216592		
16:01:06		530037		324233		205804		
16:01:08		556761		325289		231472		
16:01:10		556761		325781		230980		
16:01:12		534455		325911		208544		
16:01:14		524160		326528		197632		
16:01:16		524160		327148		197012		
16:01:18		524160		327892		196268		
16:01:20		509459		328443		181016		
16:01:22		509459		329063		180396		
16:01:24		509459		329807		179652		
16:01:26		509459		330427		179032		
16:01:28		509459		330923		178536		
16:01:30		509459		331419		178040		
16:01:32		509459		331915		177544		
16:01:34		492578		332646		159932		
16:01:37		492578		333142		159436		
16:01:39		492578		333638		158940		
16:01:41		492578		334134		158444		
16:01:43		480973		334309		146664		
16:01:45		468970		334830		134140		
16:01:47		468970		335202		133768		
16:01:49		468970		335698		133272		
16:01:51		468970		336194		132776		
16:01:53		518610		336978		181632		
16:01:55		518610		337474		181136		
16:01:57		518610		337970		180640		
16:01:59		518610		338466		180144		
16:02:01		530462		338910		191552		
16:02:03		530462		339406		191056		
16:02:05		530462		339902		190560		
16:02:07		511689		339977		171712		
16:02:09		511689		340845		170844		
16:02:11		511689		341277		170412		
16:02:13		491310		341234		150076		
16:02:15		491310		341730		149580		
16:02:17		491310		342226		149084		
16:02:19		491310		343030		148280		
16:02:21		478400		343140		135260		
16:02:23		507055		344019		163036		
16:02:25		507055		344767		162288		
16:02:27		487492		344608		142884		
16:02:29		487492		345228		142264		
16:02:31		487492		346032		141460		
16:02:33		487492		346528		140964		
16:02:35		487492		347024		140468		
16:02:37		487492		347520		139972		
16:02:39		487492		348204		139288		
16:02:41		487492		348700		138792		
16:02:43		487492		349196		138296		
16:02:45		472038		349242		122796		
16:02:47		472038		349738		122300		
16:02:49		472038		350638		121400		
16:02:51		538855		350895		187960		
16:02:53		538855		351519		187336		
16:02:55		538855		352015		186840		
16:02:57		538855		352415		186440		
16:02:59		526396		352696		173700		
16:03:02		526396		353192		173204		
16:03:04		510855		353399		157456		
16:03:06		499776		353852		145924		
16:03:08		499776		354348		145428		
16:03:10		499776		355344		144432		
16:03:12		499776		355840		143936		
16:03:14		499776		356148		143628		
16:03:16		499776		356644		143132		
16:03:18		499776		357140		142636		
16:03:20		499776		357728		142048		
16:03:22		499776		358472		141304		
16:03:24		499776		359188		140588		
16:03:26		499776		359900		139876		
16:03:28		511768		360452		151316		
16:03:30		531263		361099		170164		
16:03:32		518371		361227		157144		
16:03:34		540895		362235		178660		
16:03:36		540895		362855		178040		
16:03:38		526747		373535		153212		
16:03:40		526747		339899		186848		
16:03:42		501398		341830		159568		
16:03:44		501398		342542		158856		
16:03:46		511646		343118		168528		
16:03:48		511646		343674		167972		
16:03:50		511646		344262		167384		
16:03:52		511646		344882		166764		
16:03:54		556151		345587		210564		
16:03:56		556151		346207		209944		
16:03:58		556151		346827		209324		
16:04:00		542530		347062		195468		
16:04:02		542530		347682		194848		
16:04:04		542530		348394		194136		
16:04:06		542530		349006		193524		
16:04:08		521041		349565		171476		
16:04:10		521041		350249		170792		
16:04:12		507602		350602		157000		
16:04:14		507602		351410		156192		
16:04:16		491828		351976		139852		
16:04:18		507849		352865		154984		
16:04:21		507849		353485		154364		
16:04:23		507849		354105		153744		
16:04:25		507849		354725		153124		
16:04:27		507849		355717		152132		
16:04:29		507849		356433		151416		
16:04:31		490613		356557		134056		
16:04:33		490613		357177		133436		
16:04:35		490613		357949		132664		
16:04:37		490613		358197		132416		
16:04:39		490613		359689		130924		
16:04:41		490613		360309		130304		
16:04:43		480082		349778		130304		
16:04:45		531020		400716		130304		
16:04:47		531020		361996		169024		
16:04:49		562423		362427		199996		
16:04:51		549075		362971		186104		
16:04:53		549075		363467		185608		
16:04:55		538350		364026		174324		
16:04:57		538350		364550		173800		
16:04:59		538350		365142		173208		
16:05:01		538350		365638		172712		
16:05:03		538350		366134		172216		
16:05:05		525201		366097		159104		
16:05:07		525201		366593		158608		
16:05:09		525201		366993		158208		
16:05:11		525201		367489		157712		
16:05:13		512843		367779		145064		
16:05:15		512843		368431		144412		
16:05:17		512843		368927		143916		
16:05:19		500019		369371		130648		
16:05:21		500019		369743		130276		
16:05:23		488824		370204		118620		
16:05:25		488824		370856		117968		
16:05:27		488824		371476		117348		
16:05:29		488824		371940		116884		
16:05:31		488824		372404		116420		
16:05:33		547281		372705		174576		
16:05:35		547281		373141		174140		
16:05:37		547281		373637		173644		
16:05:39		547281		374101		173180		
16:05:41		547281		374565		172716		
16:05:43		536040		374608		161432		
16:05:46		536040		375228		160812		
16:05:48		520698		375510		145188		
16:05:50		520698		376506		144192		
16:05:52		520698		377002		143696		
16:05:54		548939		377591		171348		
16:05:56		548939		377963		170976		
16:05:58		530101		377849		152252		
16:06:00		530101		378685		151416		
16:06:02		519571		378819		140752		
16:06:04		519571		379191		140380		
16:06:06		501848		379448		122400		
16:06:08		501848		379944		121904		
16:06:10		501848		380844		121004		
16:06:12		501848		381340		120508		
16:06:14		501848		381836		120012		
16:06:16		539840		382252		157588		
16:06:18		539840		382624		157216		
16:06:20		539840		383244		156596		
16:06:22		525278		383190		142088		
16:06:24		525278		384058		141220		
16:06:26		525278		384554		140724		
16:06:28		525278		385050		140228		
16:06:30		525278		386138		139140		
16:06:32		525278		386682		138596		
16:06:34		525278		386930		138348		
16:06:36		579673		387445		192228		
16:06:38		579673		387941		191732		
16:06:40		567764		387904		179860		
16:06:42		567764		388400		179364		
16:06:44		567764		389144		178620		
16:06:46		567764		389640		178124		
16:06:48		549547		390147		159400		
16:06:50		549547		391019		158528		
16:06:52		534784		391012		143772		
16:06:54		534784		391508		143276		
16:06:56		521708		391948		129760		
16:06:58		582380		392664		189716		
16:07:00		582380		393160		189220		
16:07:02		563969		393101		170868		
16:07:04		563969		393565		170404		
16:07:07		563969		394185		169784		
16:07:09		548729		395129		153600		
16:07:11		548729		395437		153292		
16:07:13		536316		395424		140892		
16:07:15		536316		395920		140396		
16:07:17		536316		396416		139900		
16:07:19		536316		396912		139404		
16:07:21		536316		397408		138908		
16:07:23		536316		397904		138412		
16:07:25		519314		398542		120772		
16:07:27		581016		399112		181904		
16:07:29		581016		399608		181408		
16:07:31		581016		400040		180976		
16:07:33		570539		400227		170312		
16:07:35		559095		401123		157972		
16:07:37		570623		401863		168760		
16:07:39		557407		401915		155492		
16:07:41		557407		402535		154872		
16:07:43		557407		403403		154004		
16:07:45		557407		404083		153324		
16:07:47		557407		404703		152704		
16:07:49		545195		405263		139932		
16:07:51		545195		405851		139344		
16:07:53		545195		406471		138724		
16:07:55		532675		407471		125204		
16:07:57		532675		408091		124584		
16:07:59		532675		408711		123964		
16:08:01		532675		409363		123312		
16:08:03		532675		409983		122692		
16:08:05		550481		410645		139836		
16:08:07		550481		411233		139248		
16:08:09		540218		411758		128460		
16:08:11		540218		412378		127840		
16:08:13		526275		412571		113704		
16:08:15		526275		413251		113024		
16:08:17		526275		413871		112404		
16:08:19		545100		415368		129732		
16:08:21		545100		415988		129112		
16:08:23		545100		416732		128368		
16:08:25		604712		417164		187548		
16:08:28		604712		417784		186928		
16:08:30		591099		418215		172884		
16:08:32		591099		439847		151252		
16:08:34		604807		395003		209804		
16:08:36		558062		396774		161288		
16:08:38		558062		397394		160668		
16:08:40		545865		398125		147740		
16:08:42		545865		398745		147120		
16:08:44		545865		399237		146628		
16:08:46		545865		399857		146008		
16:08:48		545865		400601		145264		
16:08:50		531205		401257		129948		
16:08:52		531205		401877		129328		
16:08:54		531205		402497		128708		
16:08:56		531205		403117		128088		
16:08:58		510918		403414		107504		
16:09:00		510918		404126		106792		
16:09:02		510918		404746		106172		
16:09:04		510918		405406		105512		
16:09:06		525967		406319		119648		
16:09:08		556196		406904		149292		
16:09:10		573161		407565		165596		
16:09:12		556613		407633		148980		
16:09:14		556613		408253		148360		
16:09:16		603068		409200		193868		
16:09:18		624247		409671		214576		
16:09:20		624247		410415		213832		
16:09:22		603818		410446		193372		
16:09:24		603818		411190		192628		
16:09:26		580510		411750		168760		
16:09:28		580510		412370		168140		
16:09:30		569438		413138		156300		
16:09:32		569438		413758		155680		
16:09:34		569438		414378		155060		
16:09:36		558326		414798		143528		
16:09:38		558326		415542		142784		
16:09:40		558326		416286		142040		
16:09:43		558326		416906		141420		
16:09:45		558326		417494		140832		
16:09:47		558326		418674		139652		
16:09:49		558326		419294		139032		
16:09:51		558326		419914		138412		
16:09:53		558326		420534		137792		
16:09:55		558326		421154		137172		
16:09:57		558326		421930		136396		
16:09:59		558326		422550		135776		
16:10:01		558326		423262		135064		
16:10:03		603002		467938		135064		
16:10:05		561042		424118		136924		
16:10:07		591239		425051		166188		
16:10:09		591239		425671		165568		
16:10:11		591239		426323		164916		
16:10:13		591239		427315		163924		
16:10:15		591239		427751		163488		
16:10:17		591239		428371		162868		
16:10:19		591239		429115		162124		
16:10:21		591239		429639		161600		
16:10:23		591239		430259		160980		
16:10:25		591239		430879		160360		
16:10:27		591239		431623		159616		
16:10:29		580203		431871		148332		
16:10:31		580203		432491		147712		
16:10:33		594095		433487		160608		
16:10:35		594095		434075		160020		
16:10:37		620469		434657		185812		
16:10:39		620469		435405		185064		
16:10:41		609245		435465		173780		
16:10:43		609245		436085		173160		
16:10:45		609245		436953		172292		
16:10:47		609245		437665		171580		
16:10:49		609245		438285		170960		
16:10:51		609245		438937		170308		
16:10:53		609245		439557		169688		
16:10:55		609245		440049		169196		
16:10:57		609245		440793		168452		
16:10:59		609245		441541		167704		
16:11:01		609245		442189		167056		
16:11:03		609245		442809		166436		
16:11:05		609245		443493		165752		
16:11:07		598238		443770		154468		
16:11:09		598238		444390		153848		
16:11:12		598238		444946		153292		
16:11:14		598238		445566		152672		
16:11:16		598238		446778		151460		
16:11:18		598238		447398		150840		
16:11:20		598238		447398		150840		
16:11:22		610522		459682		150840		
16:11:24		610522		459682		150840		
16:11:26		610522		459682		150840		
16:11:28		610522		450534		159988		
16:11:30		610522		451154		159368		
16:11:32		610522		451774		158748		
16:11:34		610522		452642		157880		
16:11:36		610522		453262		157260		
16:11:38		610522		453882		156640		
16:11:40		610522		454254		156268		
16:11:42		610522		455310		155212		
16:11:44		610522		455930		154592		
16:11:46		610522		456302		154220		
16:11:48		610522		457046		153476		
16:11:50		610522		457418		153104		
16:11:52		610522		457418		153104		
16:11:54		610522		459030		151492		
16:11:56		630835		477763		153072		
16:11:58		630835		477763		153072		
16:12:00		630835		477763		153072		
16:12:02		641476		461896		179580		
16:12:04		641476		462516		178960		
16:12:06		628981		462637		166344		
16:12:08		628981		463381		165600		
16:12:10		628981		464313		164668		
16:12:12		628981		465057		163924		
16:12:14		628981		465677		163304		
16:12:16		652384		466320		186064		
16:12:18		652384		467064		185320		
16:12:20		638072		467476		170596		
16:12:22		626178		467734		158444		
16:12:24		626178		468322		157856		
16:12:26		626178		468942		157236		
16:12:28		626178		469562		156616		
16:12:30		626178		470710		155468		
16:12:32		626178		471330		154848		
16:12:34		626178		471950		154228		
16:12:37		626178		472570		153608		
16:12:39		626178		473190		152988		
16:12:41		626178		449846		176332		
16:12:43		599259		451135		148124		
16:12:45		599259		451755		147504		
16:12:47		613340		452600		160740		
16:12:49		613340		453220		160120		
16:12:51		613340		453900		159440		
16:12:53		613340		454396		158944		
16:12:55		613340		454892		158448		
16:12:57		613340		455360		157980		
16:12:59		639279		455879		183400		
16:13:01		639279		456407		182872		
16:13:03		620225		456325		163900		
16:13:05		620225		456821		163404		
16:13:07		620225		457469		162756		
16:13:09		620225		457965		162260		
16:13:11		620225		458493		161732		
16:13:13		620225		458989		161236		
16:13:15		620225		459485		160740		
16:13:17		620225		460197		160028		
16:13:19		609195		460327		148868		
16:13:21		609195		460947		148248		
16:13:23		621264		461732		159532		
16:13:25		621264		462228		159036		
16:13:27		621264		462724		158540		
16:13:29		621264		463220		158044		
16:13:31		621264		463624		157640		
16:13:33		621264		464120		157144		
16:13:35		621264		464616		156648		
16:13:37		621264		464988		156276		
16:13:39		621264		465608		155656		
16:13:41		621264		466104		155160		
16:13:43		621264		466568		154696		
16:13:45		621264		467064		154200		
16:13:47		621264		467560		153704		
16:13:49		621264		467932		153332		
16:13:51		621264		468648		152616		
16:13:53		606451		468839		137612		
16:13:55		606451		469211		137240		
16:13:57		624024		470320		153704		
16:13:59		624024		470692		153332		
16:14:01		624024		471188		152836		
16:14:03		624024		471684		152340		
16:14:06		624024		472180		151844		
16:14:08		624024		472676		151348		
16:14:10		624024		473172		150852		
16:14:12		624024		473668		150356		
16:14:14		624024		474164		149860		
16:14:16		624024		474756		149268		
16:14:18		624024		475252		148772		
16:14:20		624024		475748		148276		
16:14:22		636159		476039		160120		
16:14:24		636159		476535		159624		
16:14:26		636159		477063		159096		
16:14:28		636159		477495		158664		
16:14:30		636159		477991		158168		
16:14:32		623130		478138		144992		
16:14:34		633387		478971		154416		
16:14:36		633387		479467		153920		
16:14:38		633387		479963		153424		
16:14:40		633387		480459		152928		
16:14:42		633387		481079		152308		
16:14:44		633387		481699		151688		
16:14:46		633387		482475		150912		
16:14:48		633387		483095		150292		
16:14:50		633387		483839		149548		
16:14:52		667888		484364		183524		
16:14:54		667888		484984		182904		
16:14:56		651605		485505		166100		
16:14:58		651605		486249		165356		
16:15:00		639131		486299		152832		
16:15:02		639131		487195		151936		
16:15:04		639131		487815		151316		
16:15:06		639131		488527		150604		
16:15:08		639131		489147		149984		
16:15:10		639131		489767		149364		
16:15:12		639131		490575		148556		
16:15:14		639131		491195		147936		
16:15:16		639131		491971		147160		
16:15:18		666218		492646		173572		
16:15:20		666218		493266		172952		
16:15:22		650492		493536		156956		
16:15:24		650492		494280		156212		
16:15:26		650492		495240		155252		
16:15:28		650492		495860		154632		
16:15:31		650492		496480		154012		
16:15:33		650492		496852		153640		
16:15:35		650492		497472		153020		
16:15:37		650492		498184		152308		
16:15:39		650492		499052		151440		
16:15:41		650492		499672		150820		
16:15:43		650492		500664		149828		
16:15:45		650492		501284		149208		
16:15:47		650492		501812		148680		
16:15:49		650492		502432		148060		
16:15:51		650492		503176		147316		
16:15:53		650492		503796		146696		
16:15:55		650492		504620		145872		
16:15:57		650492		505112		145380		
16:15:59		650492		505856		144636		
16:16:01		650492		506476		144016		
16:16:03		650492		507096		143396		
16:16:05		650492		507716		142776		
16:16:07		650492		508336		142156		
16:16:09		650492		508956		141536		
16:16:11		650492		509764		140728		
16:16:13		650492		510384		140108		
16:16:15		650492		511096		139396		
16:16:17		650492		511684		138808		
16:16:19		650492		512428		138064		
16:16:21		690998		512882		178116		
16:16:23		690998		513502		177496		
16:16:25		678579		514123		164456		
16:16:27		678579		514835		163744		
16:16:29		678579		515455		163124		
16:16:31		678579		516075		162504		
16:16:33		667665		516321		151344		
16:16:35		667665		517001		150664		
16:16:37		667665		517557		150108		
16:16:39		667665		518177		149488		
16:16:41		667665		519045		148620		
16:16:43		667665		519665		148000		
16:16:45		667665		520537		147128		
16:16:47		667665		521189		146476		
16:16:49		667665		521809		145856		
16:16:51		667665		522521		145144		
16:16:53		667665		523141		144524		
16:16:55		667665		523901		143764		
16:16:57		667665		524521		143144		
16:17:00		667665		525141		142524		
16:17:02		667665		525697		141968		
16:17:04		667665		526365		141300		
16:17:06		667665		526977		140688		
16:17:08		667665		527565		140100		
16:17:10		667665		528185		139480		
16:17:12		667665		528773		138892		
16:17:14		667665		505681		161984		
16:17:16		641486		506998		134488		
16:17:18		652236		507548		144688		
16:17:20		652236		508168		144068		
16:17:22		652236		508692		143544		
16:17:24		640551		509035		131516		
16:17:26		667211		510059		157152		
16:17:28		713831		510799		203032		
16:17:30		696263		493231		203032		
16:17:32		670794		511150		159644		
16:17:34		670794		511894		158900		
16:17:36		670794		512882		157912		
16:17:38		670794		513470		157324		
16:17:40		670794		514090		156704		
16:17:42		654303		514339		139964		
16:17:44		654303		515331		138972		
16:17:46		654303		515983		138320		
16:17:48		654303		516603		137700		
16:17:50		654303		517723		136580		
16:17:52		654303		518343		135960		
16:17:54		654303		519087		135216		
16:17:56		654303		519707		134596		
16:17:58		654303		520327		133976		
16:18:00		654303		520947		133356		
16:18:02		654303		521567		132736		
16:18:04		654303		522327		131976		
16:18:06		654303		522791		131512		
16:18:08		666001		523453		142548		
16:18:10		666001		524073		141928		
16:18:12		694513		524653		169860		
16:18:14		694513		525273		169240		
16:18:16		694513		525893		168620		
16:18:18		680979		525999		154980		
16:18:21		680979		527179		153800		
16:18:23		670347		527211		143136		
16:18:25		670347		527831		142516		
16:18:27		670347		528539		141808		
16:18:29		670347		529159		141188		
16:18:31		694753		530289		164464		
16:18:33		694753		530909		163844		
16:18:35		674582		531074		143508		
16:18:37		674582		532050		142532		
16:18:39		674582		532670		141912		
16:18:41		674582		533226		141356		
16:18:43		664169		533601		130568		
16:18:45		676869		534381		142488		
16:18:47		676869		534969		141900		
16:18:49		676869		535581		141288		
16:18:51		676869		536421		140448		
16:18:53		676869		537041		139828		
16:18:55		676869		537661		139208		
16:18:57		676869		538249		138620		
16:18:59		691869		538865		153004		
16:19:01		691869		539453		152416		
16:19:03		691869		540073		151796		
16:19:05		691869		540817		151052		
16:19:07		691869		541501		150368		
16:19:09		691869		542073		149796		
16:19:11		691869		542661		149208		
16:19:13		706879		543287		163592		
16:19:15		706879		544031		162848		
16:19:17		706879		544683		162196		
16:19:19		706879		545303		161576		
16:19:21		706879		545923		160956		
16:19:23		706879		546543		160336		
16:19:25		706879		547163		159716		
16:19:27		722019		547951		174068		
16:19:29		722019		548571		173448		
16:19:31		722019		549159		172860		
16:19:33		722019		549903		172116		
16:19:34		722019		550151		171868		
