record in kb
time		total		used		free
[15:29:02]		1048572		0		1048572
[15:29:05]		1048572		0		1048572
[15:29:08]		1048572		0		1048572
[15:29:11]		1048572		0		1048572
[15:29:14]		1048572		0		1048572
[15:29:17]		1048572		0		1048572
[15:29:20]		1048572		0		1048572
[15:29:23]		1048572		0		1048572
[15:29:26]		1048572		0		1048572
[15:29:29]		1048572		0		1048572
[15:29:32]		1048572		0		1048572
[15:29:35]		1048572		0		1048572
[15:29:38]		1048572		0		1048572
[15:29:41]		1048572		0		1048572
[15:29:44]		1048572		0		1048572
[15:29:47]		1048572		0		1048572
[15:29:50]		1048572		0		1048572
[15:29:53]		1048572		0		1048572
[15:29:56]		1048572		0		1048572
[15:29:59]		1048572		0		1048572
[15:30:02]		1048572		0		1048572
[15:30:05]		1048572		0		1048572
[15:30:08]		1048572		0		1048572
[15:30:11]		1048572		0		1048572
[15:30:14]		1048572		0		1048572
[15:30:17]		1048572		0		1048572
[15:30:20]		1048572		0		1048572
[15:30:23]		1048572		0		1048572
[15:30:26]		1048572		0		1048572
[15:30:29]		1048572		0		1048572
[15:30:32]		1048572		0		1048572
[15:30:35]		1048572		0		1048572
[15:30:38]		1048572		0		1048572
[15:30:41]		1048572		0		1048572
[15:30:44]		1048572		0		1048572
[15:30:47]		1048572		0		1048572
[15:30:50]		1048572		0		1048572
[15:30:53]		1048572		0		1048572
[15:30:56]		1048572		0		1048572
[15:30:59]		1048572		0		1048572
[15:31:02]		1048572		0		1048572
[15:31:05]		1048572		0		1048572
[15:31:08]		1048572		0		1048572
[15:31:11]		1048572		0		1048572
[15:31:14]		1048572		0		1048572
[15:31:17]		1048572		0		1048572
[15:31:20]		1048572		0		1048572
[15:31:23]		1048572		0		1048572
[15:31:26]		1048572		0		1048572
[15:31:29]		1048572		0		1048572
[15:31:32]		1048572		0		1048572
[15:31:35]		1048572		0		1048572
[15:31:38]		1048572		0		1048572
[15:31:41]		1048572		0		1048572
[15:31:44]		1048572		0		1048572
[15:31:47]		1048572		0		1048572
[15:31:50]		1048572		0		1048572
[15:31:53]		1048572		0		1048572
[15:31:56]		1048572		0		1048572
[15:31:59]		1048572		0		1048572
[15:32:02]		1048572		0		1048572
[15:32:05]		1048572		0		1048572
[15:32:08]		1048572		0		1048572
[15:32:11]		1048572		0		1048572
[15:32:14]		1048572		0		1048572
[15:32:17]		1048572		0		1048572
[15:32:20]		1048572		0		1048572
[15:32:23]		1048572		0		1048572
[15:32:26]		1048572		0		1048572
[15:32:29]		1048572		0		1048572
[15:32:32]		1048572		0		1048572
[15:32:35]		1048572		0		1048572
[15:32:38]		1048572		0		1048572
[15:32:41]		1048572		0		1048572
[15:32:44]		1048572		0		1048572
[15:32:47]		1048572		0		1048572
[15:32:50]		1048572		0		1048572
[15:32:53]		1048572		0		1048572
[15:32:56]		1048572		0		1048572
[15:32:59]		1048572		0		1048572
[15:33:02]		1048572		0		1048572
[15:33:05]		1048572		0		1048572
[15:33:08]		1048572		0		1048572
[15:33:11]		1048572		0		1048572
[15:33:14]		1048572		0		1048572
[15:33:17]		1048572		0		1048572
[15:33:20]		1048572		0		1048572
[15:33:23]		1048572		0		1048572
[15:33:26]		1048572		0		1048572
[15:33:29]		1048572		0		1048572
[15:33:32]		1048572		0		1048572
[15:33:35]		1048572		0		1048572
[15:33:38]		1048572		0		1048572
[15:33:41]		1048572		0		1048572
[15:33:44]		1048572		0		1048572
[15:33:47]		1048572		0		1048572
[15:33:50]		1048572		0		1048572
[15:33:53]		1048572		0		1048572
[15:33:56]		1048572		0		1048572
[15:33:59]		1048572		0		1048572
[15:34:02]		1048572		0		1048572
[15:34:05]		1048572		0		1048572
[15:34:08]		1048572		0		1048572
[15:34:11]		1048572		0		1048572
[15:34:14]		1048572		0		1048572
[15:34:17]		1048572		0		1048572
[15:34:20]		1048572		0		1048572
[15:34:23]		1048572		0		1048572
[15:34:26]		1048572		0		1048572
[15:34:29]		1048572		0		1048572
[15:34:32]		1048572		0		1048572
[15:34:35]		1048572		0		1048572
[15:34:38]		1048572		0		1048572
[15:34:41]		1048572		0		1048572
[15:34:44]		1048572		0		1048572
[15:34:47]		1048572		0		1048572
[15:34:50]		1048572		0		1048572
[15:34:53]		1048572		0		1048572
[15:34:56]		1048572		0		1048572
[15:34:59]		1048572		0		1048572
[15:35:02]		1048572		0		1048572
[15:35:05]		1048572		0		1048572
[15:35:08]		1048572		0		1048572
[15:35:11]		1048572		0		1048572
[15:35:14]		1048572		0		1048572
[15:35:17]		1048572		0		1048572
[15:35:20]		1048572		0		1048572
[15:35:23]		1048572		0		1048572
[15:35:26]		1048572		0		1048572
[15:35:29]		1048572		0		1048572
[15:35:32]		1048572		0		1048572
[15:35:35]		1048572		0		1048572
[15:35:38]		1048572		0		1048572
[15:35:41]		1048572		0		1048572
[15:35:44]		1048572		0		1048572
[15:35:47]		1048572		0		1048572
[15:35:50]		1048572		0		1048572
[15:35:53]		1048572		0		1048572
[15:35:56]		1048572		0		1048572
[15:35:59]		1048572		0		1048572
[15:36:02]		1048572		0		1048572
[15:36:05]		1048572		0		1048572
[15:36:08]		1048572		0		1048572
[15:36:11]		1048572		0		1048572
[15:36:14]		1048572		0		1048572
[15:36:17]		1048572		0		1048572
[15:36:20]		1048572		0		1048572
[15:36:23]		1048572		0		1048572
[15:36:26]		1048572		0		1048572
[15:36:29]		1048572		0		1048572
[15:36:32]		1048572		0		1048572
[15:36:35]		1048572		0		1048572
[15:36:38]		1048572		0		1048572
[15:36:41]		1048572		0		1048572
[15:36:44]		1048572		0		1048572
[15:36:47]		1048572		0		1048572
[15:36:50]		1048572		0		1048572
[15:36:53]		1048572		0		1048572
[15:36:56]		1048572		0		1048572
[15:36:59]		1048572		0		1048572
[15:37:02]		1048572		0		1048572
[15:37:05]		1048572		0		1048572
[15:37:08]		1048572		0		1048572
[15:37:11]		1048572		0		1048572
[15:37:14]		1048572		0		1048572
[15:37:17]		1048572		0		1048572
[15:37:20]		1048572		0		1048572
[15:37:23]		1048572		0		1048572
[15:37:26]		1048572		0		1048572
[15:37:29]		1048572		0		1048572
[15:37:32]		1048572		0		1048572
[15:37:35]		1048572		0		1048572
[15:37:38]		1048572		0		1048572
[15:37:41]		1048572		0		1048572
[15:37:44]		1048572		0		1048572
[15:37:47]		1048572		0		1048572
[15:37:50]		1048572		0		1048572
[15:37:53]		1048572		0		1048572
[15:37:56]		1048572		0		1048572
[15:37:59]		1048572		0		1048572
[15:38:02]		1048572		0		1048572
[15:38:05]		1048572		0		1048572
[15:38:08]		1048572		0		1048572
[15:38:11]		1048572		0		1048572
[15:38:14]		1048572		0		1048572
[15:38:17]		1048572		0		1048572
[15:38:20]		1048572		0		1048572
[15:38:23]		1048572		0		1048572
[15:38:26]		1048572		0		1048572
[15:38:29]		1048572		0		1048572
[15:38:32]		1048572		0		1048572
[15:38:35]		1048572		0		1048572
[15:38:38]		1048572		0		1048572
[15:38:41]		1048572		0		1048572
[15:38:44]		1048572		0		1048572
[15:38:47]		1048572		0		1048572
[15:38:50]		1048572		0		1048572
[15:38:54]		1048572		0		1048572
[15:38:57]		1048572		0		1048572
[15:39:00]		1048572		0		1048572
[15:39:03]		1048572		0		1048572
[15:39:06]		1048572		0		1048572
[15:39:09]		1048572		0		1048572
[15:39:12]		1048572		0		1048572
[15:39:15]		1048572		0		1048572
[15:39:18]		1048572		0		1048572
[15:39:21]		1048572		0		1048572
[15:39:24]		1048572		0		1048572
[15:39:27]		1048572		0		1048572
[15:39:30]		1048572		0		1048572
[15:39:33]		1048572		0		1048572
[15:39:36]		1048572		0		1048572
[15:39:39]		1048572		0		1048572
[15:39:42]		1048572		0		1048572
[15:39:45]		1048572		0		1048572
[15:39:48]		1048572		0		1048572
[15:39:51]		1048572		0		1048572
[15:39:54]		1048572		0		1048572
[15:39:57]		1048572		0		1048572
[15:40:00]		1048572		0		1048572
[15:40:03]		1048572		0		1048572
[15:40:06]		1048572		0		1048572
[15:40:09]		1048572		0		1048572
[15:40:12]		1048572		0		1048572
[15:40:15]		1048572		0		1048572
[15:40:18]		1048572		0		1048572
[15:40:21]		1048572		0		1048572
[15:40:24]		1048572		0		1048572
[15:40:27]		1048572		0		1048572
[15:40:30]		1048572		0		1048572
[15:40:33]		1048572		0		1048572
[15:40:36]		1048572		0		1048572
[15:40:39]		1048572		0		1048572
[15:40:42]		1048572		0		1048572
[15:40:45]		1048572		0		1048572
[15:40:48]		1048572		0		1048572
[15:40:51]		1048572		0		1048572
[15:40:54]		1048572		0		1048572
[15:40:57]		1048572		0		1048572
[15:41:00]		1048572		0		1048572
[15:41:03]		1048572		0		1048572
[15:41:06]		1048572		0		1048572
[15:41:09]		1048572		0		1048572
[15:41:12]		1048572		0		1048572
[15:41:15]		1048572		0		1048572
[15:41:18]		1048572		0		1048572
[15:41:21]		1048572		0		1048572
[15:41:24]		1048572		0		1048572
[15:41:27]		1048572		0		1048572
[15:41:30]		1048572		0		1048572
[15:41:33]		1048572		0		1048572
[15:41:36]		1048572		0		1048572
[15:41:39]		1048572		0		1048572
[15:41:42]		1048572		0		1048572
[15:41:45]		1048572		0		1048572
[15:41:48]		1048572		0		1048572
[15:41:51]		1048572		0		1048572
[15:41:54]		1048572		0		1048572
[15:41:57]		1048572		0		1048572
[15:42:00]		1048572		0		1048572
[15:42:03]		1048572		0		1048572
[15:42:06]		1048572		0		1048572
[15:42:09]		1048572		0		1048572
[15:42:12]		1048572		0		1048572
[15:42:15]		1048572		0		1048572
[15:42:18]		1048572		0		1048572
[15:42:21]		1048572		0		1048572
[15:42:24]		1048572		0		1048572
[15:42:27]		1048572		0		1048572
[15:42:30]		1048572		0		1048572
[15:42:33]		1048572		0		1048572
[15:42:36]		1048572		0		1048572
[15:42:39]		1048572		0		1048572
[15:42:42]		1048572		0		1048572
[15:42:45]		1048572		0		1048572
[15:42:48]		1048572		0		1048572
[15:42:51]		1048572		0		1048572
[15:42:54]		1048572		0		1048572
[15:42:57]		1048572		0		1048572
[15:43:00]		1048572		0		1048572
[15:43:03]		1048572		0		1048572
[15:43:06]		1048572		0		1048572
[15:43:09]		1048572		0		1048572
[15:43:12]		1048572		0		1048572
[15:43:15]		1048572		0		1048572
[15:43:18]		1048572		0		1048572
[15:43:21]		1048572		0		1048572
[15:43:24]		1048572		0		1048572
[15:43:27]		1048572		0		1048572
[15:43:30]		1048572		0		1048572
[15:43:33]		1048572		0		1048572
[15:43:36]		1048572		0		1048572
[15:43:39]		1048572		0		1048572
[15:43:42]		1048572		0		1048572
[15:43:45]		1048572		0		1048572
[15:43:48]		1048572		0		1048572
[15:43:51]		1048572		0		1048572
[15:43:54]		1048572		0		1048572
[15:43:57]		1048572		0		1048572
[15:44:00]		1048572		0		1048572
[15:44:03]		1048572		0		1048572
[15:44:06]		1048572		0		1048572
[15:44:09]		1048572		0		1048572
[15:44:12]		1048572		0		1048572
[15:44:15]		1048572		0		1048572
[15:44:18]		1048572		0		1048572
[15:44:21]		1048572		0		1048572
[15:44:24]		1048572		0		1048572
[15:44:27]		1048572		0		1048572
[15:44:30]		1048572		0		1048572
[15:44:33]		1048572		0		1048572
[15:44:36]		1048572		0		1048572
[15:44:39]		1048572		0		1048572
[15:44:42]		1048572		0		1048572
[15:44:45]		1048572		0		1048572
[15:44:48]		1048572		0		1048572
[15:44:51]		1048572		0		1048572
[15:44:54]		1048572		0		1048572
[15:44:57]		1048572		0		1048572
[15:45:00]		1048572		0		1048572
[15:45:03]		1048572		0		1048572
[15:45:06]		1048572		0		1048572
[15:45:09]		1048572		0		1048572
[15:45:12]		1048572		0		1048572
[15:45:15]		1048572		0		1048572
[15:45:18]		1048572		0		1048572
[15:45:21]		1048572		0		1048572
[15:45:24]		1048572		0		1048572
[15:45:27]		1048572		0		1048572
[15:45:30]		1048572		0		1048572
[15:45:33]		1048572		0		1048572
[15:45:36]		1048572		0		1048572
[15:45:39]		1048572		0		1048572
[15:45:42]		1048572		0		1048572
[15:45:45]		1048572		0		1048572
[15:45:48]		1048572		0		1048572
[15:45:51]		1048572		0		1048572
[15:45:54]		1048572		0		1048572
[15:45:57]		1048572		0		1048572
[15:46:00]		1048572		0		1048572
[15:46:03]		1048572		0		1048572
[15:46:06]		1048572		0		1048572
[15:46:09]		1048572		0		1048572
[15:46:12]		1048572		0		1048572
[15:46:15]		1048572		0		1048572
[15:46:18]		1048572		0		1048572
[15:46:21]		1048572		0		1048572
[15:46:24]		1048572		0		1048572
[15:46:27]		1048572		0		1048572
[15:46:30]		1048572		0		1048572
[15:46:33]		1048572		0		1048572
[15:46:36]		1048572		0		1048572
[15:46:39]		1048572		0		1048572
[15:46:42]		1048572		0		1048572
[15:46:45]		1048572		0		1048572
[15:46:48]		1048572		0		1048572
[15:46:51]		1048572		0		1048572
[15:46:54]		1048572		0		1048572
[15:46:57]		1048572		0		1048572
[15:47:00]		1048572		0		1048572
[15:47:03]		1048572		0		1048572
[15:47:06]		1048572		0		1048572
[15:47:09]		1048572		0		1048572
[15:47:12]		1048572		0		1048572
[15:47:15]		1048572		0		1048572
[15:47:18]		1048572		0		1048572
[15:47:21]		1048572		0		1048572
[15:47:24]		1048572		0		1048572
[15:47:27]		1048572		0		1048572
[15:47:30]		1048572		0		1048572
[15:47:33]		1048572		0		1048572
[15:47:36]		1048572		0		1048572
[15:47:39]		1048572		0		1048572
[15:47:42]		1048572		0		1048572
[15:47:45]		1048572		0		1048572
[15:47:48]		1048572		0		1048572
[15:47:51]		1048572		0		1048572
[15:47:54]		1048572		0		1048572
[15:47:57]		1048572		0		1048572
[15:48:00]		1048572		0		1048572
[15:48:03]		1048572		0		1048572
[15:48:06]		1048572		0		1048572
[15:48:09]		1048572		0		1048572
[15:48:12]		1048572		0		1048572
[15:48:15]		1048572		0		1048572
[15:48:18]		1048572		0		1048572
[15:48:21]		1048572		0		1048572
[15:48:24]		1048572		0		1048572
[15:48:27]		1048572		0		1048572
[15:48:30]		1048572		0		1048572
[15:48:33]		1048572		0		1048572
[15:48:36]		1048572		0		1048572
[15:48:39]		1048572		0		1048572
[15:48:42]		1048572		0		1048572
[15:48:45]		1048572		0		1048572
[15:48:48]		1048572		0		1048572
[15:48:51]		1048572		0		1048572
[15:48:54]		1048572		0		1048572
[15:48:57]		1048572		0		1048572
[15:49:00]		1048572		0		1048572
[15:49:03]		1048572		0		1048572
[15:49:06]		1048572		0		1048572
[15:49:09]		1048572		0		1048572
[15:49:12]		1048572		0		1048572
[15:49:15]		1048572		0		1048572
[15:49:18]		1048572		0		1048572
[15:49:21]		1048572		0		1048572
[15:49:24]		1048572		0		1048572
[15:49:27]		1048572		0		1048572
[15:49:30]		1048572		0		1048572
[15:49:33]		1048572		0		1048572
[15:49:36]		1048572		0		1048572
[15:49:39]		1048572		0		1048572
[15:49:42]		1048572		0		1048572
[15:49:45]		1048572		0		1048572
[15:49:48]		1048572		0		1048572
[15:49:51]		1048572		0		1048572
[15:49:54]		1048572		0		1048572
[15:49:57]		1048572		0		1048572
[15:50:00]		1048572		0		1048572
[15:50:03]		1048572		0		1048572
[15:50:06]		1048572		0		1048572
[15:50:09]		1048572		0		1048572
[15:50:12]		1048572		0		1048572
[15:50:15]		1048572		0		1048572
[15:50:18]		1048572		0		1048572
[15:50:21]		1048572		0		1048572
[15:50:24]		1048572		0		1048572
[15:50:27]		1048572		0		1048572
[15:50:30]		1048572		0		1048572
[15:50:33]		1048572		0		1048572
[15:50:36]		1048572		0		1048572
[15:50:39]		1048572		0		1048572
[15:50:42]		1048572		0		1048572
[15:50:45]		1048572		0		1048572
[15:50:48]		1048572		0		1048572
[15:50:51]		1048572		0		1048572
[15:50:54]		1048572		0		1048572
[15:50:57]		1048572		0		1048572
[15:51:00]		1048572		0		1048572
[15:51:03]		1048572		0		1048572
[15:51:06]		1048572		0		1048572
[15:51:09]		1048572		0		1048572
[15:51:12]		1048572		0		1048572
[15:51:15]		1048572		0		1048572
[15:51:18]		1048572		0		1048572
[15:51:21]		1048572		0		1048572
[15:51:24]		1048572		0		1048572
[15:51:27]		1048572		0		1048572
[15:51:30]		1048572		0		1048572
[15:51:33]		1048572		0		1048572
[15:51:36]		1048572		0		1048572
[15:51:39]		1048572		0		1048572
[15:51:42]		1048572		0		1048572
[15:51:45]		1048572		0		1048572
[15:51:48]		1048572		0		1048572
[15:51:51]		1048572		0		1048572
[15:51:54]		1048572		0		1048572
[15:51:57]		1048572		0		1048572
[15:52:00]		1048572		0		1048572
[15:52:03]		1048572		0		1048572
[15:52:06]		1048572		0		1048572
[15:52:09]		1048572		0		1048572
[15:52:12]		1048572		0		1048572
[15:52:15]		1048572		0		1048572
[15:52:18]		1048572		0		1048572
[15:52:21]		1048572		0		1048572
[15:52:24]		1048572		0		1048572
[15:52:27]		1048572		0		1048572
[15:52:30]		1048572		0		1048572
[15:52:33]		1048572		0		1048572
[15:52:36]		1048572		0		1048572
[15:52:39]		1048572		0		1048572
[15:52:42]		1048572		0		1048572
[15:52:45]		1048572		0		1048572
[15:52:48]		1048572		0		1048572
[15:52:51]		1048572		0		1048572
[15:52:54]		1048572		0		1048572
[15:52:57]		1048572		0		1048572
[15:53:00]		1048572		0		1048572
[15:53:03]		1048572		0		1048572
[15:53:06]		1048572		0		1048572
[15:53:09]		1048572		0		1048572
[15:53:12]		1048572		0		1048572
[15:53:15]		1048572		0		1048572
[15:53:18]		1048572		0		1048572
[15:53:21]		1048572		0		1048572
[15:53:24]		1048572		0		1048572
[15:53:27]		1048572		0		1048572
[15:53:30]		1048572		0		1048572
[15:53:33]		1048572		0		1048572
[15:53:36]		1048572		0		1048572
[15:53:39]		1048572		0		1048572
[15:53:42]		1048572		0		1048572
[15:53:45]		1048572		0		1048572
[15:53:48]		1048572		0		1048572
[15:53:51]		1048572		0		1048572
[15:53:54]		1048572		0		1048572
[15:53:57]		1048572		0		1048572
[15:54:00]		1048572		0		1048572
[15:54:03]		1048572		0		1048572
[15:54:06]		1048572		0		1048572
[15:54:09]		1048572		0		1048572
[15:54:12]		1048572		0		1048572
[15:54:15]		1048572		0		1048572
[15:54:18]		1048572		0		1048572
[15:54:21]		1048572		0		1048572
[15:54:24]		1048572		0		1048572
[15:54:27]		1048572		0		1048572
[15:54:30]		1048572		0		1048572
[15:54:33]		1048572		0		1048572
[15:54:36]		1048572		0		1048572
[15:54:39]		1048572		0		1048572
[15:54:42]		1048572		0		1048572
[15:54:45]		1048572		0		1048572
[15:54:48]		1048572		0		1048572
[15:54:51]		1048572		0		1048572
[15:54:54]		1048572		0		1048572
[15:54:57]		1048572		0		1048572
[15:55:00]		1048572		0		1048572
[15:55:03]		1048572		0		1048572
[15:55:06]		1048572		0		1048572
[15:55:09]		1048572		0		1048572
[15:55:12]		1048572		0		1048572
[15:55:15]		1048572		0		1048572
[15:55:18]		1048572		0		1048572
[15:55:21]		1048572		0		1048572
[15:55:24]		1048572		0		1048572
[15:55:27]		1048572		0		1048572
[15:55:30]		1048572		0		1048572
[15:55:33]		1048572		0		1048572
[15:55:36]		1048572		0		1048572
[15:55:39]		1048572		0		1048572
[15:55:42]		1048572		0		1048572
[15:55:45]		1048572		0		1048572
[15:55:48]		1048572		0		1048572
[15:55:51]		1048572		0		1048572
[15:55:54]		1048572		0		1048572
[15:55:57]		1048572		0		1048572
[15:56:00]		1048572		0		1048572
[15:56:03]		1048572		0		1048572
[15:56:06]		1048572		0		1048572
[15:56:09]		1048572		0		1048572
[15:56:12]		1048572		0		1048572
[15:56:15]		1048572		0		1048572
[15:56:18]		1048572		0		1048572
[15:56:21]		1048572		0		1048572
[15:56:24]		1048572		0		1048572
[15:56:27]		1048572		0		1048572
[15:56:30]		1048572		0		1048572
[15:56:33]		1048572		0		1048572
[15:56:36]		1048572		0		1048572
[15:56:39]		1048572		0		1048572
[15:56:42]		1048572		0		1048572
[15:56:45]		1048572		0		1048572
[15:56:48]		1048572		0		1048572
[15:56:51]		1048572		0		1048572
[15:56:54]		1048572		0		1048572
[15:56:57]		1048572		0		1048572
[15:57:00]		1048572		0		1048572
[15:57:03]		1048572		0		1048572
[15:57:06]		1048572		0		1048572
[15:57:09]		1048572		0		1048572
[15:57:12]		1048572		0		1048572
[15:57:15]		1048572		0		1048572
[15:57:18]		1048572		0		1048572
[15:57:21]		1048572		0		1048572
[15:57:24]		1048572		0		1048572
[15:57:27]		1048572		0		1048572
[15:57:30]		1048572		0		1048572
[15:57:33]		1048572		0		1048572
[15:57:36]		1048572		0		1048572
[15:57:39]		1048572		0		1048572
[15:57:42]		1048572		0		1048572
[15:57:45]		1048572		0		1048572
[15:57:48]		1048572		0		1048572
[15:57:51]		1048572		0		1048572
[15:57:54]		1048572		0		1048572
[15:57:57]		1048572		0		1048572
[15:58:00]		1048572		0		1048572
[15:58:03]		1048572		0		1048572
[15:58:06]		1048572		0		1048572
[15:58:09]		1048572		0		1048572
[15:58:12]		1048572		0		1048572
[15:58:15]		1048572		0		1048572
[15:58:18]		1048572		0		1048572
[15:58:21]		1048572		0		1048572
[15:58:24]		1048572		0		1048572
[15:58:27]		1048572		0		1048572
[15:58:30]		1048572		0		1048572
[15:58:33]		1048572		0		1048572
[15:58:36]		1048572		0		1048572
[15:58:39]		1048572		0		1048572
[15:58:42]		1048572		0		1048572
[15:58:45]		1048572		0		1048572
[15:58:48]		1048572		0		1048572
[15:58:51]		1048572		0		1048572
[15:58:54]		1048572		0		1048572
[15:58:57]		1048572		0		1048572
[15:59:00]		1048572		0		1048572
[15:59:03]		1048572		0		1048572
[15:59:06]		1048572		0		1048572
[15:59:09]		1048572		0		1048572
[15:59:12]		1048572		0		1048572
[15:59:15]		1048572		0		1048572
[15:59:18]		1048572		0		1048572
[15:59:21]		1048572		0		1048572
[15:59:24]		1048572		0		1048572
[15:59:27]		1048572		0		1048572
[15:59:30]		1048572		0		1048572
[15:59:33]		1048572		0		1048572
[15:59:36]		1048572		0		1048572
[15:59:39]		1048572		0		1048572
[15:59:42]		1048572		0		1048572
[15:59:45]		1048572		0		1048572
[15:59:48]		1048572		0		1048572
[15:59:51]		1048572		0		1048572
[15:59:54]		1048572		0		1048572
[15:59:57]		1048572		0		1048572
[16:00:00]		1048572		0		1048572
[16:00:03]		1048572		0		1048572
[16:00:06]		1048572		0		1048572
[16:00:09]		1048572		0		1048572
[16:00:12]		1048572		0		1048572
[16:00:15]		1048572		0		1048572
[16:00:18]		1048572		0		1048572
[16:00:21]		1048572		0		1048572
[16:00:24]		1048572		0		1048572
[16:00:27]		1048572		0		1048572
[16:00:30]		1048572		0		1048572
[16:00:33]		1048572		0		1048572
[16:00:36]		1048572		0		1048572
[16:00:39]		1048572		0		1048572
[16:00:42]		1048572		0		1048572
[16:00:45]		1048572		0		1048572
[16:00:48]		1048572		0		1048572
[16:00:51]		1048572		0		1048572
[16:00:54]		1048572		0		1048572
[16:00:57]		1048572		0		1048572
[16:01:00]		1048572		0		1048572
[16:01:03]		1048572		0		1048572
[16:01:06]		1048572		0		1048572
[16:01:09]		1048572		0		1048572
[16:01:12]		1048572		0		1048572
[16:01:15]		1048572		0		1048572
[16:01:18]		1048572		0		1048572
[16:01:21]		1048572		0		1048572
[16:01:24]		1048572		0		1048572
[16:01:27]		1048572		0		1048572
[16:01:30]		1048572		0		1048572
[16:01:33]		1048572		0		1048572
[16:01:36]		1048572		0		1048572
[16:01:39]		1048572		0		1048572
[16:01:42]		1048572		0		1048572
[16:01:45]		1048572		0		1048572
[16:01:48]		1048572		0		1048572
[16:01:51]		1048572		0		1048572
[16:01:54]		1048572		0		1048572
[16:01:57]		1048572		0		1048572
[16:02:00]		1048572		0		1048572
[16:02:03]		1048572		0		1048572
[16:02:06]		1048572		0		1048572
[16:02:09]		1048572		0		1048572
[16:02:12]		1048572		0		1048572
[16:02:15]		1048572		0		1048572
[16:02:18]		1048572		0		1048572
[16:02:21]		1048572		0		1048572
[16:02:24]		1048572		0		1048572
[16:02:27]		1048572		0		1048572
[16:02:30]		1048572		0		1048572
[16:02:33]		1048572		0		1048572
[16:02:36]		1048572		0		1048572
[16:02:39]		1048572		0		1048572
[16:02:42]		1048572		0		1048572
[16:02:45]		1048572		0		1048572
[16:02:48]		1048572		0		1048572
[16:02:51]		1048572		0		1048572
[16:02:54]		1048572		0		1048572
[16:02:57]		1048572		0		1048572
[16:03:00]		1048572		0		1048572
[16:03:03]		1048572		0		1048572
[16:03:06]		1048572		0		1048572
[16:03:09]		1048572		0		1048572
[16:03:12]		1048572		0		1048572
[16:03:15]		1048572		0		1048572
[16:03:18]		1048572		0		1048572
[16:03:21]		1048572		0		1048572
[16:03:24]		1048572		0		1048572
[16:03:27]		1048572		0		1048572
[16:03:30]		1048572		0		1048572
[16:03:33]		1048572		0		1048572
[16:03:36]		1048572		0		1048572
[16:03:39]		1048572		0		1048572
[16:03:42]		1048572		0		1048572
[16:03:45]		1048572		0		1048572
[16:03:48]		1048572		0		1048572
[16:03:51]		1048572		0		1048572
[16:03:54]		1048572		0		1048572
[16:03:57]		1048572		0		1048572
[16:04:00]		1048572		0		1048572
[16:04:03]		1048572		0		1048572
[16:04:06]		1048572		0		1048572
[16:04:09]		1048572		0		1048572
[16:04:12]		1048572		0		1048572
[16:04:15]		1048572		0		1048572
[16:04:18]		1048572		0		1048572
[16:04:21]		1048572		0		1048572
[16:04:24]		1048572		0		1048572
[16:04:27]		1048572		0		1048572
[16:04:30]		1048572		0		1048572
[16:04:33]		1048572		0		1048572
[16:04:36]		1048572		0		1048572
[16:04:39]		1048572		0		1048572
[16:04:42]		1048572		0		1048572
[16:04:45]		1048572		0		1048572
[16:04:48]		1048572		0		1048572
[16:04:51]		1048572		0		1048572
[16:04:54]		1048572		0		1048572
[16:04:57]		1048572		0		1048572
[16:05:00]		1048572		0		1048572
[16:05:03]		1048572		0		1048572
[16:05:06]		1048572		0		1048572
[16:05:09]		1048572		0		1048572
[16:05:12]		1048572		0		1048572
[16:05:15]		1048572		0		1048572
[16:05:18]		1048572		0		1048572
[16:05:21]		1048572		0		1048572
[16:05:24]		1048572		0		1048572
[16:05:27]		1048572		0		1048572
[16:05:30]		1048572		0		1048572
[16:05:33]		1048572		0		1048572
[16:05:36]		1048572		0		1048572
[16:05:39]		1048572		0		1048572
[16:05:42]		1048572		0		1048572
[16:05:45]		1048572		0		1048572
[16:05:48]		1048572		0		1048572
[16:05:51]		1048572		0		1048572
[16:05:54]		1048572		0		1048572
[16:05:57]		1048572		0		1048572
[16:06:00]		1048572		0		1048572
[16:06:03]		1048572		0		1048572
[16:06:06]		1048572		0		1048572
[16:06:09]		1048572		0		1048572
[16:06:12]		1048572		0		1048572
[16:06:15]		1048572		0		1048572
[16:06:18]		1048572		0		1048572
[16:06:21]		1048572		0		1048572
[16:06:24]		1048572		0		1048572
[16:06:27]		1048572		0		1048572
[16:06:30]		1048572		0		1048572
[16:06:33]		1048572		0		1048572
[16:06:36]		1048572		0		1048572
[16:06:39]		1048572		0		1048572
[16:06:42]		1048572		0		1048572
[16:06:45]		1048572		0		1048572
[16:06:48]		1048572		0		1048572
[16:06:51]		1048572		0		1048572
[16:06:54]		1048572		0		1048572
[16:06:57]		1048572		0		1048572
[16:07:00]		1048572		0		1048572
[16:07:03]		1048572		0		1048572
[16:07:06]		1048572		0		1048572
[16:07:09]		1048572		0		1048572
[16:07:12]		1048572		0		1048572
[16:07:15]		1048572		0		1048572
[16:07:18]		1048572		0		1048572
[16:07:21]		1048572		0		1048572
[16:07:24]		1048572		0		1048572
[16:07:27]		1048572		0		1048572
[16:07:30]		1048572		0		1048572
[16:07:33]		1048572		0		1048572
[16:07:36]		1048572		0		1048572
[16:07:39]		1048572		0		1048572
[16:07:42]		1048572		0		1048572
[16:07:45]		1048572		0		1048572
[16:07:48]		1048572		0		1048572
[16:07:51]		1048572		0		1048572
[16:07:54]		1048572		0		1048572
[16:07:57]		1048572		0		1048572
[16:08:00]		1048572		0		1048572
[16:08:03]		1048572		0		1048572
[16:08:06]		1048572		0		1048572
[16:08:09]		1048572		0		1048572
[16:08:12]		1048572		0		1048572
[16:08:15]		1048572		0		1048572
[16:08:18]		1048572		0		1048572
[16:08:21]		1048572		0		1048572
[16:08:24]		1048572		0		1048572
[16:08:27]		1048572		0		1048572
[16:08:30]		1048572		0		1048572
[16:08:33]		1048572		0		1048572
[16:08:36]		1048572		0		1048572
[16:08:39]		1048572		0		1048572
[16:08:42]		1048572		0		1048572
[16:08:45]		1048572		0		1048572
[16:08:48]		1048572		0		1048572
[16:08:51]		1048572		0		1048572
[16:08:54]		1048572		0		1048572
[16:08:57]		1048572		0		1048572
[16:09:00]		1048572		0		1048572
[16:09:03]		1048572		0		1048572
[16:09:06]		1048572		0		1048572
[16:09:09]		1048572		0		1048572
[16:09:12]		1048572		0		1048572
[16:09:15]		1048572		0		1048572
[16:09:18]		1048572		0		1048572
[16:09:21]		1048572		0		1048572
[16:09:24]		1048572		0		1048572
[16:09:27]		1048572		0		1048572
[16:09:30]		1048572		0		1048572
[16:09:33]		1048572		0		1048572
[16:09:36]		1048572		0		1048572
[16:09:39]		1048572		0		1048572
[16:09:42]		1048572		0		1048572
[16:09:45]		1048572		0		1048572
[16:09:48]		1048572		0		1048572
[16:09:51]		1048572		0		1048572
[16:09:54]		1048572		0		1048572
[16:09:57]		1048572		0		1048572
[16:10:00]		1048572		0		1048572
[16:10:03]		1048572		0		1048572
[16:10:06]		1048572		0		1048572
[16:10:09]		1048572		0		1048572
[16:10:12]		1048572		0		1048572
[16:10:15]		1048572		0		1048572
[16:10:18]		1048572		0		1048572
[16:10:21]		1048572		0		1048572
[16:10:24]		1048572		0		1048572
[16:10:27]		1048572		0		1048572
[16:10:30]		1048572		0		1048572
[16:10:33]		1048572		0		1048572
[16:10:36]		1048572		0		1048572
[16:10:39]		1048572		0		1048572
[16:10:42]		1048572		0		1048572
[16:10:45]		1048572		0		1048572
[16:10:48]		1048572		0		1048572
[16:10:51]		1048572		0		1048572
[16:10:54]		1048572		0		1048572
[16:10:57]		1048572		0		1048572
[16:11:00]		1048572		0		1048572
[16:11:03]		1048572		0		1048572
[16:11:06]		1048572		0		1048572
[16:11:09]		1048572		0		1048572
[16:11:12]		1048572		0		1048572
[16:11:15]		1048572		0		1048572
[16:11:18]		1048572		0		1048572
[16:11:21]		1048572		0		1048572
[16:11:24]		1048572		0		1048572
[16:11:27]		1048572		0		1048572
[16:11:30]		1048572		0		1048572
[16:11:33]		1048572		0		1048572
[16:11:36]		1048572		0		1048572
[16:11:39]		1048572		0		1048572
[16:11:42]		1048572		0		1048572
[16:11:45]		1048572		0		1048572
[16:11:48]		1048572		0		1048572
[16:11:51]		1048572		0		1048572
[16:11:54]		1048572		0		1048572
[16:11:57]		1048572		0		1048572
[16:12:00]		1048572		0		1048572
[16:12:03]		1048572		0		1048572
[16:12:06]		1048572		0		1048572
[16:12:09]		1048572		0		1048572
[16:12:12]		1048572		0		1048572
[16:12:15]		1048572		0		1048572
[16:12:18]		1048572		0		1048572
[16:12:21]		1048572		0		1048572
[16:12:24]		1048572		0		1048572
[16:12:27]		1048572		0		1048572
[16:12:30]		1048572		0		1048572
[16:12:33]		1048572		0		1048572
[16:12:36]		1048572		0		1048572
[16:12:39]		1048572		0		1048572
[16:12:42]		1048572		0		1048572
[16:12:45]		1048572		0		1048572
[16:12:48]		1048572		0		1048572
[16:12:51]		1048572		0		1048572
[16:12:54]		1048572		0		1048572
[16:12:57]		1048572		0		1048572
[16:13:00]		1048572		0		1048572
[16:13:03]		1048572		0		1048572
[16:13:06]		1048572		0		1048572
[16:13:09]		1048572		0		1048572
[16:13:12]		1048572		0		1048572
[16:13:15]		1048572		0		1048572
[16:13:18]		1048572		0		1048572
[16:13:21]		1048572		0		1048572
[16:13:24]		1048572		0		1048572
[16:13:27]		1048572		0		1048572
[16:13:30]		1048572		0		1048572
[16:13:33]		1048572		0		1048572
[16:13:36]		1048572		0		1048572
[16:13:39]		1048572		0		1048572
[16:13:42]		1048572		0		1048572
[16:13:45]		1048572		0		1048572
[16:13:48]		1048572		0		1048572
[16:13:51]		1048572		0		1048572
[16:13:54]		1048572		0		1048572
[16:13:57]		1048572		0		1048572
[16:14:00]		1048572		0		1048572
[16:14:03]		1048572		0		1048572
[16:14:06]		1048572		0		1048572
[16:14:09]		1048572		0		1048572
[16:14:12]		1048572		0		1048572
[16:14:15]		1048572		0		1048572
[16:14:18]		1048572		0		1048572
[16:14:21]		1048572		0		1048572
[16:14:24]		1048572		0		1048572
[16:14:27]		1048572		0		1048572
[16:14:30]		1048572		0		1048572
[16:14:33]		1048572		0		1048572
[16:14:36]		1048572		0		1048572
[16:14:39]		1048572		0		1048572
[16:14:42]		1048572		0		1048572
[16:14:45]		1048572		0		1048572
[16:14:48]		1048572		0		1048572
[16:14:51]		1048572		0		1048572
[16:14:54]		1048572		0		1048572
[16:14:57]		1048572		0		1048572
[16:15:00]		1048572		0		1048572
[16:15:03]		1048572		0		1048572
[16:15:06]		1048572		0		1048572
[16:15:09]		1048572		0		1048572
[16:15:12]		1048572		0		1048572
[16:15:15]		1048572		0		1048572
[16:15:18]		1048572		0		1048572
[16:15:21]		1048572		0		1048572
[16:15:24]		1048572		0		1048572
[16:15:27]		1048572		0		1048572
[16:15:30]		1048572		0		1048572
[16:15:33]		1048572		0		1048572
[16:15:36]		1048572		0		1048572
[16:15:39]		1048572		0		1048572
[16:15:42]		1048572		0		1048572
[16:15:45]		1048572		0		1048572
[16:15:48]		1048572		0		1048572
[16:15:51]		1048572		0		1048572
[16:15:54]		1048572		0		1048572
[16:15:57]		1048572		0		1048572
[16:16:00]		1048572		0		1048572
[16:16:03]		1048572		0		1048572
[16:16:06]		1048572		0		1048572
[16:16:09]		1048572		0		1048572
[16:16:12]		1048572		0		1048572
[16:16:15]		1048572		0		1048572
[16:16:18]		1048572		0		1048572
[16:16:21]		1048572		0		1048572
[16:16:24]		1048572		0		1048572
[16:16:27]		1048572		0		1048572
[16:16:30]		1048572		0		1048572
[16:16:33]		1048572		0		1048572
[16:16:36]		1048572		0		1048572
[16:16:39]		1048572		0		1048572
[16:16:42]		1048572		0		1048572
[16:16:45]		1048572		0		1048572
[16:16:48]		1048572		0		1048572
[16:16:51]		1048572		0		1048572
[16:16:54]		1048572		0		1048572
[16:16:57]		1048572		0		1048572
[16:17:00]		1048572		0		1048572
[16:17:03]		1048572		0		1048572
[16:17:06]		1048572		0		1048572
[16:17:09]		1048572		0		1048572
[16:17:12]		1048572		0		1048572
[16:17:15]		1048572		0		1048572
[16:17:18]		1048572		0		1048572
[16:17:21]		1048572		0		1048572
[16:17:24]		1048572		0		1048572
[16:17:27]		1048572		0		1048572
[16:17:30]		1048572		0		1048572
[16:17:33]		1048572		0		1048572
[16:17:36]		1048572		0		1048572
[16:17:39]		1048572		0		1048572
[16:17:42]		1048572		0		1048572
[16:17:45]		1048572		0		1048572
[16:17:48]		1048572		0		1048572
[16:17:51]		1048572		0		1048572
[16:17:54]		1048572		0		1048572
[16:17:57]		1048572		0		1048572
[16:18:00]		1048572		0		1048572
[16:18:03]		1048572		0		1048572
[16:18:06]		1048572		0		1048572
[16:18:09]		1048572		0		1048572
[16:18:12]		1048572		0		1048572
[16:18:15]		1048572		0		1048572
[16:18:18]		1048572		0		1048572
[16:18:21]		1048572		0		1048572
[16:18:24]		1048572		0		1048572
[16:18:27]		1048572		0		1048572
[16:18:30]		1048572		0		1048572
[16:18:33]		1048572		0		1048572
[16:18:36]		1048572		0		1048572
[16:18:39]		1048572		0		1048572
[16:18:42]		1048572		0		1048572
[16:18:45]		1048572		0		1048572
[16:18:48]		1048572		0		1048572
[16:18:51]		1048572		0		1048572
[16:18:54]		1048572		0		1048572
[16:18:57]		1048572		0		1048572
[16:19:00]		1048572		0		1048572
[16:19:03]		1048572		0		1048572
[16:19:06]		1048572		0		1048572
[16:19:09]		1048572		0		1048572
[16:19:12]		1048572		0		1048572
[16:19:15]		1048572		0		1048572
[16:19:18]		1048572		0		1048572
[16:19:21]		1048572		0		1048572
[16:19:24]		1048572		0		1048572
[16:19:27]		1048572		0		1048572
[16:19:30]		1048572		0		1048572
[16:19:33]		1048572		0		1048572
[16:19:36]		1048572		0		1048572
[16:19:39]		1048572		0		1048572
[16:19:42]		1048572		0		1048572
[16:19:45]		1048572		0		1048572
[16:19:48]		1048572		0		1048572
[16:19:51]		1048572		0		1048572
[16:19:54]		1048572		0		1048572
[16:19:57]		1048572		0		1048572
[16:20:00]		1048572		0		1048572
[16:20:03]		1048572		0		1048572
[16:20:06]		1048572		0		1048572
[16:20:09]		1048572		0		1048572
[16:20:12]		1048572		0		1048572
[16:20:15]		1048572		0		1048572
[16:20:18]		1048572		0		1048572
[16:20:21]		1048572		0		1048572
[16:20:24]		1048572		0		1048572
[16:20:27]		1048572		0		1048572
[16:20:30]		1048572		0		1048572
[16:20:33]		1048572		0		1048572
[16:20:36]		1048572		0		1048572
[16:20:39]		1048572		0		1048572
[16:20:42]		1048572		0		1048572
[16:20:45]		1048572		0		1048572
[16:20:48]		1048572		0		1048572
[16:20:51]		1048572		0		1048572
[16:20:54]		1048572		0		1048572
[16:20:57]		1048572		0		1048572
[16:21:00]		1048572		0		1048572
[16:21:03]		1048572		0		1048572
[16:21:06]		1048572		0		1048572
[16:21:09]		1048572		0		1048572
[16:21:12]		1048572		0		1048572
[16:21:15]		1048572		0		1048572
[16:21:18]		1048572		0		1048572
[16:21:21]		1048572		0		1048572
[16:21:24]		1048572		0		1048572
[16:21:27]		1048572		0		1048572
[16:21:30]		1048572		0		1048572
[16:21:33]		1048572		0		1048572
[16:21:36]		1048572		0		1048572
[16:21:39]		1048572		0		1048572
[16:21:42]		1048572		0		1048572
[16:21:45]		1048572		0		1048572
[16:21:48]		1048572		0		1048572
[16:21:51]		1048572		0		1048572
[16:21:54]		1048572		0		1048572
[16:21:57]		1048572		0		1048572
[16:22:00]		1048572		0		1048572
[16:22:03]		1048572		0		1048572
[16:22:06]		1048572		0		1048572
[16:22:09]		1048572		0		1048572
[16:22:12]		1048572		0		1048572
[16:22:15]		1048572		0		1048572
[16:22:18]		1048572		0		1048572
[16:22:21]		1048572		0		1048572
[16:22:24]		1048572		0		1048572
[16:22:27]		1048572		0		1048572
[16:22:30]		1048572		0		1048572
[16:22:33]		1048572		0		1048572
[16:22:36]		1048572		0		1048572
[16:22:39]		1048572		0		1048572
[16:22:42]		1048572		0		1048572
[16:22:45]		1048572		0		1048572
[16:22:48]		1048572		0		1048572
[16:22:51]		1048572		0		1048572
[16:22:54]		1048572		0		1048572
[16:22:57]		1048572		0		1048572
[16:23:00]		1048572		0		1048572
[16:23:03]		1048572		0		1048572
[16:23:06]		1048572		0		1048572
[16:23:09]		1048572		0		1048572
[16:23:12]		1048572		0		1048572
[16:23:15]		1048572		0		1048572
[16:23:18]		1048572		0		1048572
[16:23:21]		1048572		0		1048572
[16:23:24]		1048572		0		1048572
[16:23:27]		1048572		0		1048572
[16:23:30]		1048572		0		1048572
[16:23:33]		1048572		0		1048572
[16:23:36]		1048572		0		1048572
[16:23:39]		1048572		0		1048572
[16:23:42]		1048572		0		1048572
[16:23:45]		1048572		0		1048572
[16:23:48]		1048572		0		1048572
[16:23:51]		1048572		0		1048572
[16:23:54]		1048572		0		1048572
[16:23:57]		1048572		0		1048572
[16:24:00]		1048572		0		1048572
[16:24:03]		1048572		0		1048572
[16:24:06]		1048572		0		1048572
[16:24:09]		1048572		0		1048572
[16:24:12]		1048572		0		1048572
[16:24:15]		1048572		0		1048572
[16:24:18]		1048572		0		1048572
[16:24:21]		1048572		0		1048572
[16:24:24]		1048572		0		1048572
[16:24:27]		1048572		0		1048572
[16:24:30]		1048572		0		1048572
[16:24:33]		1048572		0		1048572
[16:24:36]		1048572		0		1048572
[16:24:39]		1048572		0		1048572
[16:24:42]		1048572		0		1048572
[16:24:45]		1048572		0		1048572
[16:24:48]		1048572		0		1048572
[16:24:51]		1048572		0		1048572
[16:24:54]		1048572		0		1048572
[16:24:57]		1048572		0		1048572
[16:25:00]		1048572		0		1048572
[16:25:03]		1048572		0		1048572
[16:25:06]		1048572		0		1048572
[16:25:09]		1048572		0		1048572
[16:25:12]		1048572		0		1048572
[16:25:15]		1048572		0		1048572
[16:25:18]		1048572		0		1048572
[16:25:21]		1048572		0		1048572
[16:25:24]		1048572		0		1048572
[16:25:27]		1048572		0		1048572
[16:25:30]		1048572		0		1048572
[16:25:33]		1048572		0		1048572
[16:25:36]		1048572		0		1048572
[16:25:39]		1048572		0		1048572
[16:25:42]		1048572		0		1048572
[16:25:45]		1048572		0		1048572
[16:25:48]		1048572		0		1048572
[16:25:51]		1048572		0		1048572
[16:25:54]		1048572		0		1048572
[16:25:57]		1048572		0		1048572
[16:26:00]		1048572		0		1048572
[16:26:03]		1048572		0		1048572
[16:26:06]		1048572		0		1048572
[16:26:09]		1048572		0		1048572
[16:26:12]		1048572		0		1048572
[16:26:15]		1048572		0		1048572
[16:26:18]		1048572		0		1048572
[16:26:21]		1048572		0		1048572
[16:26:24]		1048572		0		1048572
[16:26:27]		1048572		0		1048572
[16:26:30]		1048572		0		1048572
[16:26:33]		1048572		0		1048572
[16:26:36]		1048572		0		1048572
[16:26:39]		1048572		0		1048572
[16:26:42]		1048572		0		1048572
[16:26:45]		1048572		0		1048572
[16:26:48]		1048572		0		1048572
[16:26:51]		1048572		0		1048572
[16:26:54]		1048572		0		1048572
[16:26:57]		1048572		0		1048572
[16:27:00]		1048572		0		1048572
[16:27:03]		1048572		0		1048572
[16:27:06]		1048572		0		1048572
[16:27:09]		1048572		0		1048572
[16:27:12]		1048572		0		1048572
[16:27:15]		1048572		0		1048572
[16:27:18]		1048572		0		1048572
[16:27:21]		1048572		0		1048572
[16:27:24]		1048572		0		1048572
[16:27:27]		1048572		0		1048572
[16:27:30]		1048572		0		1048572
[16:27:33]		1048572		0		1048572
[16:27:36]		1048572		0		1048572
[16:27:39]		1048572		0		1048572
[16:27:42]		1048572		0		1048572
[16:27:45]		1048572		0		1048572
[16:27:48]		1048572		0		1048572
[16:27:51]		1048572		0		1048572
[16:27:54]		1048572		0		1048572
[16:27:57]		1048572		0		1048572
[16:28:00]		1048572		0		1048572
[16:28:03]		1048572		0		1048572
[16:28:06]		1048572		0		1048572
[16:28:09]		1048572		0		1048572
[16:28:12]		1048572		0		1048572
[16:28:15]		1048572		0		1048572
[16:28:18]		1048572		0		1048572
[16:28:21]		1048572		0		1048572
[16:28:24]		1048572		0		1048572
[16:28:27]		1048572		0		1048572
[16:28:30]		1048572		0		1048572
[16:28:33]		1048572		0		1048572
[16:28:36]		1048572		0		1048572
[16:28:39]		1048572		0		1048572
[16:28:42]		1048572		0		1048572
[16:28:45]		1048572		0		1048572
[16:28:48]		1048572		0		1048572
[16:28:51]		1048572		0		1048572
[16:28:54]		1048572		0		1048572
[16:28:57]		1048572		0		1048572
[16:29:00]		1048572		0		1048572
[16:29:03]		1048572		0		1048572
[16:29:06]		1048572		0		1048572
[16:29:09]		1048572		0		1048572
[16:29:12]		1048572		0		1048572
[16:29:15]		1048572		0		1048572
[16:29:18]		1048572		0		1048572
[16:29:21]		1048572		0		1048572
[16:29:24]		1048572		0		1048572
[16:29:27]		1048572		0		1048572
[16:29:30]		1048572		0		1048572
[16:29:33]		1048572		0		1048572
[16:29:36]		1048572		0		1048572
[16:29:39]		1048572		0		1048572
[16:29:42]		1048572		0		1048572
[16:29:45]		1048572		0		1048572
[16:29:48]		1048572		0		1048572
[16:29:51]		1048572		0		1048572
[16:29:54]		1048572		0		1048572
[16:29:57]		1048572		0		1048572
[16:30:00]		1048572		0		1048572
[16:30:03]		1048572		0		1048572
[16:30:06]		1048572		0		1048572
[16:30:09]		1048572		0		1048572
[16:30:12]		1048572		0		1048572
[16:30:15]		1048572		0		1048572
[16:30:18]		1048572		0		1048572
[16:30:21]		1048572		0		1048572
[16:30:24]		1048572		0		1048572
[16:30:27]		1048572		0		1048572
[16:30:30]		1048572		0		1048572
[16:30:33]		1048572		0		1048572
[16:30:36]		1048572		0		1048572
[16:30:39]		1048572		0		1048572
[16:30:42]		1048572		0		1048572
[16:30:45]		1048572		0		1048572
[16:30:48]		1048572		0		1048572
[16:30:51]		1048572		0		1048572
[16:30:54]		1048572		0		1048572
[16:30:57]		1048572		0		1048572
[16:31:00]		1048572		0		1048572
[16:31:03]		1048572		0		1048572
[16:31:06]		1048572		0		1048572
[16:31:09]		1048572		0		1048572
[16:31:12]		1048572		0		1048572
[16:31:15]		1048572		0		1048572
[16:31:18]		1048572		0		1048572
[16:31:21]		1048572		0		1048572
[16:31:24]		1048572		0		1048572
[16:31:27]		1048572		0		1048572
[16:31:30]		1048572		0		1048572
[16:31:33]		1048572		0		1048572
[16:31:36]		1048572		0		1048572
[16:31:39]		1048572		0		1048572
[16:31:42]		1048572		0		1048572
[16:31:45]		1048572		0		1048572
[16:31:48]		1048572		0		1048572
[16:31:51]		1048572		0		1048572
[16:31:54]		1048572		0		1048572
[16:31:57]		1048572		0		1048572
[16:32:00]		1048572		0		1048572
[16:32:03]		1048572		0		1048572
[16:32:06]		1048572		0		1048572
[16:32:09]		1048572		0		1048572
[16:32:12]		1048572		0		1048572
[16:32:15]		1048572		0		1048572
[16:32:18]		1048572		0		1048572
[16:32:21]		1048572		0		1048572
[16:32:24]		1048572		0		1048572
[16:32:27]		1048572		0		1048572
[16:32:30]		1048572		0		1048572
[16:32:33]		1048572		0		1048572
[16:32:36]		1048572		0		1048572
[16:32:39]		1048572		0		1048572
[16:32:42]		1048572		0		1048572
[16:32:45]		1048572		0		1048572
[16:32:48]		1048572		0		1048572
[16:32:51]		1048572		0		1048572
[16:32:54]		1048572		0		1048572
[16:32:57]		1048572		0		1048572
[16:33:00]		1048572		0		1048572
[16:33:03]		1048572		0		1048572
[16:33:06]		1048572		0		1048572
[16:33:09]		1048572		0		1048572
[16:33:12]		1048572		0		1048572
[16:33:15]		1048572		0		1048572
[16:33:18]		1048572		0		1048572
[16:33:21]		1048572		0		1048572
[16:33:24]		1048572		0		1048572
[16:33:27]		1048572		0		1048572
[16:33:30]		1048572		0		1048572
[16:33:33]		1048572		0		1048572
[16:33:36]		1048572		0		1048572
[16:33:39]		1048572		0		1048572
[16:33:42]		1048572		0		1048572
[16:33:45]		1048572		0		1048572
[16:33:48]		1048572		0		1048572
[16:33:51]		1048572		0		1048572
[16:33:54]		1048572		0		1048572
[16:33:57]		1048572		0		1048572
[16:34:00]		1048572		0		1048572
[16:34:03]		1048572		0		1048572
[16:34:06]		1048572		0		1048572
[16:34:09]		1048572		0		1048572
[16:34:12]		1048572		0		1048572
[16:34:15]		1048572		0		1048572
[16:34:18]		1048572		0		1048572
[16:34:21]		1048572		0		1048572
[16:34:24]		1048572		0		1048572
[16:34:27]		1048572		0		1048572
[16:34:30]		1048572		0		1048572
[16:34:33]		1048572		0		1048572
[16:34:36]		1048572		0		1048572
[16:34:39]		1048572		0		1048572
