recorded by mmserver domain:[id:22 time:Tue Apr 16 15:10:41 2013
]
time		tg_mem		use_mem		free_mem		
15:10:43		524288		206520		317768		
15:10:45		524288		206520		317768		
15:10:47		524288		206520		317768		
15:10:49		524288		206520		317768		
15:10:51		524288		206520		317768		
15:10:53		524288		206520		317768		
15:10:55		524288		206520		317768		
15:10:57		524288		206520		317768		
15:10:59		524288		206520		317768		
15:11:01		524288		206520		317768		
15:11:03		524288		206520		317768		
15:11:05		524288		206520		317768		
15:11:07		524288		206520		317768		
15:11:09		524288		206520		317768		
15:11:11		524288		206520		317768		
15:11:13		524288		206520		317768		
15:11:15		524288		206520		317768		
15:11:17		524288		206520		317768		
15:11:19		524288		212296		311992		
15:11:21		524288		223596		300692		
15:11:23		524288		225164		299124		
15:11:25		524288		225164		299124		
15:11:27		524288		225164		299124		
15:11:29		512349		225129		287220		
15:11:31		512349		229441		282908		
15:11:33		512349		236145		276204		
15:11:35		512349		237329		275020		
15:11:37		501858		238730		263128		
15:11:39		501858		240910		260948		
15:11:41		501858		240926		260932		
15:11:43		501858		240926		260932		
15:11:45		501858		240926		260932		
15:11:47		501858		240926		260932		
15:11:49		501858		240926		260932		
15:11:51		501858		240926		260932		
15:11:53		501858		240926		260932		
15:11:55		501858		240926		260932		
15:11:57		490945		240925		250020		
15:11:59		490945		240925		250020		
15:12:01		490945		240925		250020		
15:12:04		490945		244453		246492		
15:12:06		490945		246797		244148		
15:12:08		490945		247837		243108		
15:12:10		480174		250850		229324		
15:12:12		480174		253566		226608		
15:12:14		480174		256902		223272		
15:12:16		480174		261326		218848		
15:12:18		480174		266058		214116		
15:12:20		480174		270410		209764		
15:12:22		480174		274878		205296		
15:12:24		480174		279130		201044		
15:12:26		480174		283282		196892		
15:12:28		480174		287578		192596		
15:12:30		480174		289638		190536		
15:12:32		480174		295446		184728		
15:12:34		480174		299414		180760		
15:12:36		480174		304390		175784		
15:12:38		480174		308482		171692		
15:12:40		480174		302562		177612		
15:12:42		469626		306786		162840		
15:12:44		469626		309142		160484		
15:12:46		469626		311762		157864		
15:12:48		480160		314236		165924		
15:12:50		480160		316468		163692		
15:12:52		480160		307292		172868		
15:12:54		480160		310888		169272		
15:12:56		480160		313864		166296		
15:12:58		480160		315228		164932		
15:13:00		480160		317832		162328		
15:13:02		480160		319460		160700		
15:13:04		480160		320576		159584		
15:13:06		480160		321196		158964		
15:13:08		469853		322917		146936		
15:13:10		469853		324157		145696		
15:13:12		501525		325821		175704		
15:13:14		501525		326953		174572		
15:13:16		501525		327201		174324		
15:13:18		501525		327945		173580		
15:13:20		488510		328198		160312		
15:13:22		488510		328942		159568		
15:13:24		488510		329438		159072		
15:13:27		488510		329438		159072		
15:13:29		478005		330961		147044		
15:13:31		478005		331457		146548		
15:13:33		478005		332077		145928		
15:13:35		478005		332945		145060		
15:13:37		478005		317197		160808		
15:13:39		457366		317638		139728		
15:13:41		457366		318382		138984		
15:13:43		457366		318754		138612		
15:13:45		457366		319126		138240		
15:13:47		457366		319622		137744		
15:13:49		457366		319994		137372		
15:13:51		444063		320455		123608		
15:13:53		444063		320703		123360		
15:13:55		444063		321075		122988		
15:13:57		444063		321199		122864		
15:13:59		430027		321175		108852		
15:14:01		430027		321671		108356		
15:14:03		430027		321919		108108		
15:14:05		430027		322043		107984		
15:14:07		418061		321981		96080		
15:14:09		418061		322105		95956		
15:14:11		418061		322229		95832		
15:14:13		418061		322353		95708		
15:14:15		407799		322507		85292		
15:14:17		407799		322879		84920		
15:14:19		407799		323003		84796		
15:14:21		407799		323127		84672		
15:14:23		418976		324012		94964		
15:14:25		434439		324223		110216		
15:14:27		434439		324347		110092		
15:14:29		465510		324542		140968		
15:14:31		465510		324790		140720		
15:14:33		452935		324367		128568		
15:14:35		438671		324611		114060		
15:14:37		438671		324859		113812		
15:14:39		438671		324983		113688		
15:14:41		427855		325203		102652		
15:14:43		427855		325451		102404		
15:14:45		427855		325699		102156		
15:14:47		427855		325947		101908		
15:14:49		427855		326071		101784		
15:14:52		416806		326306		90500		
15:14:54		416806		326554		90252		
15:14:56		416806		326678		90128		
15:14:58		416806		326802		90004		
15:15:00		416806		327050		89756		
15:15:02		416806		327298		89508		
15:15:04		416806		327546		89260		
15:15:06		416806		327670		89136		
15:15:08		416806		327918		88888		
15:15:10		416806		328042		88764		
15:15:12		416806		328290		88516		
15:15:14		416806		328414		88392		
15:15:16		416806		328538		88268		
15:15:18		431965		329189		102776		
15:15:20		431965		329313		102652		
15:15:22		431965		329561		102404		
15:15:24		431965		329685		102280		
15:15:26		431965		329933		102032		
15:15:28		431965		330181		101784		
15:15:30		431965		330305		101660		
15:15:32		460542		330362		130180		
15:15:34		460542		330486		130056		
15:15:36		460542		330610		129932		
15:15:38		448031		330251		117780		
15:15:40		448031		330375		117656		
15:15:42		448031		330499		117532		
15:15:44		448031		330623		117408		
15:15:46		435003		330863		104140		
15:15:48		466952		331440		135512		
15:15:50		505997		331549		174448		
15:15:52		505997		331549		174448		
15:15:54		489515		331063		158452		
15:15:56		532053		331689		200364		
15:15:58		532053		331813		200240		
15:16:00		519586		331498		188088		
15:16:02		519586		331622		187964		
15:16:04		519586		331870		187716		
15:16:06		507563		331875		175688		
15:16:08		495021		332105		162916		
15:16:10		495021		332105		162916		
15:16:12		495021		332229		162792		
15:16:14		483416		332280		151136		
15:16:17		472277		332565		139712		
15:16:19		472277		332813		139464		
15:16:21		455958		332986		122972		
15:16:23		455958		333234		122724		
15:16:25		455958		333358		122600		
15:16:27		455958		333482		122476		
15:16:29		455958		333730		122228		
15:16:31		455958		333854		122104		
15:16:33		455958		333978		121980		
15:16:35		455958		334226		121732		
15:16:37		455958		334226		121732		
15:16:39		455958		334350		121608		
15:16:41		455958		334350		121608		
15:16:43		443903		334323		109580		
15:16:45		443903		334323		109580		
15:16:47		443903		334447		109456		
15:16:49		443903		334571		109332		
15:16:51		443903		318823		125080		
15:16:53		466106		318954		147152		
15:16:55		476619		319175		157444		
15:16:57		461703		318643		143060		
15:16:59		461703		318643		143060		
15:17:01		461703		318891		142812		
15:17:03		461703		319511		142192		
15:17:05		461703		319511		142192		
15:17:07		504758		319662		185096		
15:17:09		504758		319662		185096		
15:17:11		504758		319786		184972		
15:17:13		504758		319786		184972		
15:17:15		490346		321742		168604		
15:17:17		490346		323726		166620		
15:17:19		478883		325283		153600		
15:17:21		478883		326771		152112		
15:17:23		478883		328135		150748		
15:17:25		460283		329375		130908		
15:17:27		460283		330987		129296		
15:17:29		447016		332476		114540		
15:17:31		447016		265460		181556		
15:17:33		378721		264845		113876		
15:17:35		378721		268125		110596		
15:17:38		393461		268481		124980		
15:17:40		393461		268481		124980		
15:17:42		393461		268481		124980		
15:17:44		393461		268481		124980		
15:17:46		382733		268045		114688		
15:17:48		382733		268045		114688		
15:17:50		382733		268045		114688		
15:17:52		368561		268009		100552		
15:17:54		368561		268009		100552		
15:17:56		368561		268009		100552		
15:17:58		368561		268009		100552		
15:18:00		368561		268009		100552		
15:18:02		368561		268009		100552		
15:18:04		406162		268534		137628		
15:18:06		406162		270774		135388		
15:18:08		393598		272470		121128		
15:18:10		393598		275942		117656		
15:18:12		393598		308554		85044		
15:18:14		490508		309848		180660		
15:18:16		490508		296208		194300		
15:18:18		514970		300458		214512		
15:18:20		514970		303434		211536		
15:18:22		514970		305294		209676		
15:18:24		501508		309316		192192		
15:18:26		501508		313408		188100		
15:18:28		487810		316202		171608		
15:18:30		487810		319054		168756		
15:18:32		487810		322294		165516		
15:18:34		487810		325146		162664		
15:18:36		473091		311295		161796		
15:18:38		454367		313527		140840		
15:18:40		442297		315717		126580		
15:18:42		442297		317701		124596		
15:18:44		430874		318678		112196		
15:18:46		449050		319618		129432		
15:18:48		449050		319742		129308		
15:18:50		438608		319344		119264		
15:18:53		438608		319716		118892		
15:18:55		438608		320460		118148		
15:18:57		426101		321345		104756		
15:18:59		426101		321953		104148		
15:19:01		426101		322573		103528		
15:19:03		415264		323144		92120		
15:19:05		426662		324250		102412		
15:19:07		426662		324746		101916		
15:19:09		494129		325129		169000		
15:19:11		528354		359726		168628		
15:19:13		499777		325321		174456		
15:19:15		518874		326190		192684		
15:19:17		507008		326104		180904		
15:19:19		493397		326877		166520		
15:19:21		493397		327373		166024		
15:19:23		493397		327745		165652		
15:19:25		493397		328241		165156		
15:19:27		482154		328530		153624		
15:19:29		482154		328794		153360		
15:19:31		482154		329166		152988		
15:19:33		469645		329425		140220		
15:19:35		469645		329673		139972		
15:19:37		469645		329921		139724		
15:19:39		457740		330044		127696		
15:19:41		457740		330044		127696		
15:19:43		445467		330047		115420		
15:19:45		445467		330171		115296		
15:19:47		445467		330419		115048		
15:19:49		428878		330570		98308		
15:19:51		428878		315070		113808		
15:19:53		403673		314913		88760		
15:19:55		418392		315248		103144		
15:19:57		418392		315496		102896		
15:19:59		418392		315744		102648		
15:20:01		480491		315843		164648		
15:20:03		480491		316091		164400		
15:20:05		480491		316215		164276		
15:20:08		480491		316463		164028		
15:20:10		480491		316587		163904		
15:20:12		468661		316413		152248		
15:20:14		468661		316661		152000		
15:20:16		468661		316909		151752		
15:20:18		455061		316949		138112		
15:20:20		455061		317197		137864		
15:20:22		444509		317433		127076		
15:20:24		444509		317557		126952		
15:20:26		444509		317929		126580		
15:20:28		433670		318126		115544		
15:20:30		433670		318126		115544		
15:20:32		433670		318250		115420		
15:20:34		433670		318374		115296		
15:20:36		433670		318374		115296		
15:20:38		445306		319098		126208		
15:20:40		445306		318974		126332		
15:20:42		432646		318466		114180		
15:20:44		432646		318590		114056		
15:20:46		422293		318529		103764		
15:20:48		434991		319075		115916		
15:20:50		434991		319199		115792		
15:20:52		434991		319199		115792		
15:20:54		434991		319199		115792		
15:20:56		434991		319323		115668		
15:20:58		434991		319447		115544		
15:21:00		469016		319496		149520		
15:21:02		469016		319744		149272		
15:21:04		454675		319415		135260		
15:21:06		454675		319415		135260		
15:21:08		454675		319539		135136		
15:21:10		508821		319993		188828		
15:21:12		508821		320241		188580		
15:21:14		497764		319848		177916		
15:21:17		497764		319972		177792		
15:21:19		478800		320228		158572		
15:21:21		478800		320352		158448		
15:21:23		454708		320564		134144		
15:21:25		471028		321136		149892		
15:21:27		471028		321384		149644		
15:21:29		471028		321508		149520		
15:21:31		471028		321756		149272		
15:21:33		458530		321410		137120		
15:21:35		458530		321658		136872		
15:21:37		458530		321782		136748		
15:21:39		446542		321946		124596		
15:21:41		446542		322194		124348		
15:21:43		446542		322318		124224		
15:21:45		446542		322566		123976		
15:21:47		470442		323030		147412		
15:21:49		470442		323154		147288		
15:21:51		470442		323154		147288		
15:21:53		470442		323278		147164		
15:21:55		470442		323402		147040		
15:21:57		508837		323481		185356		
15:21:59		508837		323605		185232		
15:22:01		508837		323729		185108		
15:22:03		508837		323853		184984		
15:22:05		508837		323977		184860		
15:22:07		508837		324101		184736		
15:22:09		508837		324101		184736		
15:22:11		490007		323747		166260		
15:22:13		490007		323747		166260		
15:22:15		479511		323915		155596		
15:22:17		479511		324039		155472		
15:22:19		479511		324163		155348		
15:22:21		479511		324287		155224		
15:22:23		462932		324448		138484		
15:22:25		450314		324478		125836		
15:22:27		450314		324602		125712		
15:22:29		450314		324726		125588		
15:22:31		450314		324850		125464		
15:22:34		450314		324850		125464		
15:22:36		450314		324974		125340		
15:22:38		450314		324974		125340		
15:22:40		437646		325202		112444		
15:22:42		437646		325202		112444		
15:22:44		437646		325326		112320		
15:22:46		437646		325450		112196		
15:22:48		437646		325574		112072		
15:22:50		437646		325698		111948		
15:22:52		437646		325698		111948		
15:22:54		437646		325822		111824		
15:22:56		437646		325946		111700		
15:22:58		437646		326070		111576		
15:23:00		437646		326194		111452		
15:23:02		437646		326318		111328		
15:23:04		526251		326759		199492		
15:23:06		526251		326883		199368		
15:23:08		514477		326393		188084		
15:23:10		514477		327013		187464		
15:23:12		514477		329493		184984		
15:23:14		514477		329493		184984		
15:23:16		501014		316650		184364		
15:23:18		484062		249494		234568		
15:23:20		422656		248940		173716		
15:23:22		422656		252220		170436		
15:23:24		411427		252275		159152		
15:23:26		411427		252275		159152		
15:23:28		394207		252291		141916		
15:23:30		394207		252291		141916		
15:23:32		394207		252291		141916		
15:23:34		394207		252291		141916		
15:23:36		419671		252583		167088		
15:23:38		419671		252583		167088		
15:23:40		397785		252149		145636		
15:23:42		382282		252146		130136		
15:23:44		382282		252146		130136		
15:23:46		393089		262953		130136		
15:23:49		393089		262953		130136		
15:23:51		393089		262953		130136		
15:23:53		393089		262953		130136		
15:23:55		393089		258869		134220		
15:23:57		393089		292225		100864		
15:23:59		414747		300771		113976		
15:24:01		414747		304491		110256		
15:24:03		498334		307354		190980		
15:24:05		511196		312156		199040		
15:24:07		511196		317504		193692		
15:24:09		522352		319112		203240		
15:24:11		522352		322088		200264		
15:24:13		522352		325700		196652		
15:24:15		504996		312560		192436		
15:24:17		489230		314526		174704		
15:24:19		489230		317130		172100		
15:24:21		489230		319238		169992		
15:24:23		489230		321594		167636		
15:24:25		489230		323454		165776		
15:24:27		489230		324446		164784		
15:24:29		489230		325438		163792		
15:24:31		489230		326306		162924		
15:24:33		470503		326923		143580		
15:24:35		470503		327295		143208		
15:24:37		470503		327419		143084		
15:24:39		470503		327667		142836		
15:24:41		454145		328297		125848		
15:24:43		454145		328793		125352		
15:24:45		454145		329553		124592		
15:24:47		443433		330125		113308		
15:24:49		443433		330489		112944		
15:24:51		511317		331049		180268		
15:24:53		511317		331049		180268		
15:24:55		511317		331049		180268		
15:24:57		511317		331049		180268		
15:24:59		500068		319800		180268		
15:25:01		486907		306639		180268		
15:25:03		470398		290130		180268		
15:25:05		445802		317366		128436		
15:25:07		460884		318064		142820		
15:25:10		460884		318312		142572		
15:25:12		460884		318560		142324		
15:25:14		460884		318932		141952		
15:25:16		460884		319180		141704		
15:25:18		440087		319215		120872		
15:25:20		440087		319587		120500		
15:25:22		440087		319711		120376		
15:25:24		426957		319601		107356		
15:25:26		455769		320265		135504		
15:25:28		477503		320299		157204		
15:25:30		477503		320299		157204		
15:25:32		477503		320423		157080		
15:25:34		477503		320547		156956		
15:25:36		477503		320671		156832		
15:25:38		463634		320318		143316		
15:25:40		463634		320442		143192		
15:25:42		463634		320690		142944		
15:25:44		507623		321155		186468		
15:25:46		518898		321270		197628		
15:25:48		504270		321026		183244		
15:25:50		504270		321274		182996		
15:25:52		504270		322050		182220		
15:25:54		489199		321983		167216		
15:25:56		477594		321910		155684		
15:25:58		465690		322158		143532		
15:26:00		465690		322282		143408		
15:26:02		449096		322428		126668		
15:26:04		463427		323119		140308		
15:26:06		463427		323367		140060		
15:26:08		463427		323491		139936		
15:26:10		463427		323863		139564		
15:26:12		451163		323503		127660		
15:26:14		451163		323751		127412		
15:26:16		451163		323875		127288		
15:26:18		439377		323993		115384		
15:26:20		439377		324117		115260		
15:26:22		451731		336471		115260		
15:26:24		451731		336471		115260		
15:26:26		451731		325187		126544		
15:26:28		494220		325144		169076		
15:26:31		523068		325224		197844		
15:26:33		523068		325224		197844		
15:26:35		523068		325472		197596		
15:26:37		523068		325596		197472		
15:26:39		537663		325807		211856		
15:26:41		537663		326055		211608		
15:26:43		537663		326055		211608		
15:26:45		517996		325732		192264		
15:26:47		517996		325980		192016		
15:26:49		507464		326112		181352		
15:26:51		496554		326238		170316		
15:26:53		496554		326486		170068		
15:26:55		480052		326600		153452		
15:26:57		480052		326724		153328		
15:26:59		480052		326848		153204		
15:27:01		480052		326972		153080		
15:27:03		480052		326972		153080		
15:27:05		480052		327096		152956		
15:27:07		467729		327173		140556		
15:27:09		467729		327297		140432		
15:27:11		467729		327421		140308		
15:27:13		454863		327575		127288		
15:27:15		454863		327699		127164		
15:27:17		454863		327947		126916		
15:27:19		454863		328071		126792		
15:27:21		454863		328195		126668		
15:27:23		508075		328707		179368		
15:27:25		508075		328831		179244		
15:27:27		508075		328955		179120		
15:27:29		493864		328632		165232		
15:27:31		493864		328756		165108		
15:27:33		480942		328854		152088		
15:27:35		480942		329102		151840		
15:27:37		480942		329226		151716		
15:27:39		480942		329350		151592		
15:27:41		480942		329598		151344		
15:27:43		480942		329722		151220		
15:27:45		480942		329846		151096		
15:27:47		468669		330097		138572		
15:27:50		468669		330221		138448		
15:27:52		456717		330421		126296		
15:27:54		456717		330545		126172		
15:27:56		456717		330545		126172		
15:27:58		480072		331084		148988		
15:28:00		480072		331084		148988		
15:28:02		461724		330592		131132		
15:28:04		461724		330716		131008		
15:28:06		461724		330716		131008		
15:28:08		443516		312508		131008		
15:28:10		426468		330800		95668		
15:28:12		455496		331308		124188		
15:28:14		455496		331432		124064		
15:28:16		455496		331556		123940		
15:28:18		455496		331680		123816		
15:28:20		455496		331928		123568		
15:28:22		455496		331928		123568		
15:28:24		510051		332171		177880		
15:28:26		510051		332171		177880		
15:28:28		510051		332171		177880		
15:28:30		510051		332419		177632		
15:28:32		510051		332419		177632		
15:28:34		499415		332199		167216		
15:28:36		499415		332323		167092		
15:28:38		499415		332447		166968		
15:28:40		481681		332569		149112		
15:28:42		481681		332569		149112		
15:28:44		468650		319538		149112		
15:28:46		456898		269702		187196		
15:28:48		411019		268051		142968		
15:28:50		411019		268051		142968		
15:28:52		411019		268051		142968		
15:28:54		387783		268127		119656		
15:28:56		387783		268127		119656		
15:28:58		387783		268127		119656		
15:29:00		368493		268057		100436		
15:29:02		368493		268057		100436		
15:29:04		384316		268504		115812		
15:29:06		425816		268588		157228		
15:29:08		463094		268542		194552		
15:29:10		463094		268542		194552		
15:29:13		447687		268015		179672		
15:29:15		447687		268015		179672		
15:29:17		447687		268015		179672		
15:29:19		435583		270799		164784		
15:29:21		435583		271791		163792		
15:29:23		490659		273175		217484		
15:29:25		490659		274539		216120		
15:29:27		490659		277515		213144		
15:29:29		490659		324387		166272		
15:29:31		509569		302377		207192		
15:29:33		488780		306884		181896		
15:29:35		488780		310232		178548		
15:29:37		474345		314397		159948		
15:29:39		474345		318117		156228		
15:29:41		474345		321217		153128		
15:29:43		474345		324581		149764		
15:29:45		474345		327681		146664		
15:29:47		474345		330053		144292		
15:29:49		474345		332533		141812		
15:29:51		474345		318645		155700		
15:29:53		444031		320819		123212		
15:29:55		444031		322803		121228		
15:29:57		444031		323547		120484		
15:29:59		444031		323919		120112		
15:30:01		444031		323919		120112		
15:30:03		444031		326151		117880		
15:30:05		444031		326895		117136		
15:30:07		430008		327504		102504		
15:30:09		486931		328255		158676		
15:30:11		486931		328627		158304		
15:30:13		486931		329247		157684		
15:30:15		486931		329867		157064		
15:30:17		486931		330115		156816		
15:30:19		520117		330689		189428		
15:30:21		520117		330937		189180		
15:30:23		501745		330669		171076		
15:30:25		501745		331165		170580		
15:30:27		485624		331660		153964		
15:30:29		475133		332081		143052		
15:30:32		475133		332453		142680		
15:30:34		475133		332701		142432		
15:30:36		475133		333073		142060		
15:30:38		461088		333288		127800		
15:30:40		461088		333660		127428		
15:30:42		449143		333867		115276		
15:30:44		449143		333867		115276		
15:30:46		434539		334019		100520		
15:30:48		445907		334599		111308		
15:30:50		445907		334599		111308		
15:30:52		445907		334599		111308		
15:30:54		445907		334599		111308		
15:30:56		445907		334599		111308		
15:30:58		445907		334599		111308		
15:31:00		445907		334599		111308		
15:31:02		445907		334599		111308		
15:31:04		445907		334599		111308		
15:31:06		445907		334599		111308		
15:31:08		494817		336513		158304		
15:31:10		494817		336761		158056		
15:31:12		494817		320517		174300		
15:31:14		476832		320512		156320		
15:31:16		476832		320636		156196		
15:31:18		476832		320760		156072		
15:31:20		460069		320985		139084		
15:31:22		460069		321233		138836		
15:31:24		445838		321386		124452		
15:31:26		445838		321386		124452		
15:31:28		445838		321386		124452		
15:31:30		445838		321386		124452		
15:31:32		445838		321386		124452		
15:31:34		433547		322487		111060		
15:31:36		433547		322611		110936		
15:31:38		433547		322735		110812		
15:31:40		501668		323276		178392		
15:31:42		515068		323408		191660		
15:31:44		497133		322833		174300		
15:31:46		483581		322921		160660		
15:31:48		483581		323045		160536		
15:31:51		483581		323293		160288		
15:31:53		483581		323541		160040		
15:31:55		483581		323665		159916		
15:31:57		483581		323913		159668		
15:31:59		483581		324037		159544		
15:32:01		468565		324149		144416		
15:32:03		468565		324149		144416		
15:32:05		503556		324916		178640		
15:32:07		503556		325040		178516		
15:32:09		492915		324691		168224		
15:32:11		492915		324939		167976		
15:32:13		482461		325025		157436		
15:32:15		470682		325150		145532		
15:32:17		470682		325274		145408		
15:32:19		470682		325398		145284		
15:32:21		470682		325646		145036		
15:32:23		470682		325770		144912		
15:32:25		470682		326018		144664		
15:32:27		458664		326152		132512		
15:32:29		458664		326276		132388		
15:32:31		458664		326524		132140		
15:32:33		458664		326648		132016		
15:32:35		458664		326772		131892		
15:32:37		442094		327066		115028		
15:32:39		442094		327190		114904		
15:32:41		442094		327314		114780		
15:32:43		442094		327438		114656		
15:32:45		428098		327578		100520		
15:32:47		460068		328300		131768		
15:32:49		460068		328300		131768		
15:32:51		460068		328300		131768		
15:32:53		460068		328424		131644		
15:32:55		510797		328561		182236		
15:32:57		510797		328685		182112		
15:32:59		510797		328809		181988		
15:33:01		496872		328524		168348		
15:33:03		496872		328648		168224		
15:33:05		483688		328732		154956		
15:33:07		483688		328980		154708		
15:33:09		467982		329146		138836		
15:33:12		467982		329270		138712		
15:33:14		467982		329518		138464		
15:33:16		467982		329642		138340		
15:33:18		467982		329766		138216		
15:33:20		455233		329913		125320		
15:33:22		455233		330037		125196		
15:33:24		443431		330263		113168		
15:33:26		443431		330387		113044		
15:33:28		443431		330511		112920		
15:33:30		443431		330511		112920		
15:33:32		443431		330511		112920		
15:33:34		443431		330511		112920		
15:33:36		443431		330635		112796		
15:33:38		443431		330759		112672		
15:33:40		443431		330883		112548		
15:33:42		443431		331007		112424		
15:33:44		443431		331131		112300		
15:33:46		443431		331255		112176		
15:33:48		443431		331379		112052		
15:33:50		443431		331503		111928		
15:33:52		443431		331627		111804		
15:33:54		443431		331875		111556		
15:33:56		443431		331875		111556		
15:33:58		482536		332416		150120		
15:34:00		494654		264126		230528		
15:34:02		425087		263603		161484		
15:34:04		425087		266767		158320		
15:34:06		414321		266781		147540		
15:34:08		414321		266781		147540		
15:34:10		414321		266781		147540		
15:34:12		446696		267288		179408		
15:34:14		475114		267310		207804		
15:34:16		464703		266695		198008		
15:34:18		464703		266695		198008		
15:34:20		464703		266695		198008		
15:34:22		452680		266700		185980		
15:34:24		452680		266700		185980		
15:34:26		452680		266700		185980		
15:34:28		452680		266700		185980		
15:34:30		452680		266700		185980		
15:34:32		431946		266674		165272		
15:34:34		420935		270551		150384		
15:34:36		400857		273909		126948		
15:34:39		400857		306645		94212		
15:34:41		425451		316111		109340		
15:34:43		447084		307628		139456		
15:34:45		447084		312340		134744		
15:34:47		447084		315440		131644		
15:34:49		447084		318540		128544		
15:34:51		447084		321764		125320		
15:34:53		447084		324740		122344		
15:34:55		485366		327310		158056		
15:34:57		485366		329914		155452		
15:34:59		485366		331542		153824		
15:35:01		485366		333650		151716		
15:35:03		474799		335235		139564		
15:35:05		462616		336692		125924		
15:35:07		462616		337684		124932		
15:35:09		446004		322436		123568		
15:35:11		425044		322928		102116		
15:35:13		425044		323300		101744		
15:35:15		436527		324211		112316		
15:35:17		436527		324831		111696		
15:35:19		472849		325193		147656		
15:35:21		494862		325754		169108		
15:35:23		484532		325964		158568		
15:35:25		484532		326708		157824		
15:35:27		484532		327328		157204		
15:35:29		484532		327948		156584		
15:35:31		471796		328728		143068		
15:35:33		471796		329348		142448		
15:35:35		471796		329720		142076		
15:35:37		471796		330216		141580		
15:35:39		471796		330588		141208		
15:35:41		452926		330814		122112		
15:35:43		452926		331310		121616		
15:35:45		452926		331682		121244		
15:35:47		439889		332161		107728		
15:35:49		439889		332409		107480		
15:35:51		457436		333092		124344		
15:35:53		489869		333285		156584		
15:35:55		505129		333541		171588		
15:35:57		485617		333249		152368		
15:35:59		485617		333621		151996		
15:36:02		485617		333869		151748		
15:36:04		473961		334117		139844		
15:36:06		473961		334489		139472		
15:36:08		473961		334737		139224		
15:36:10		473961		334985		138976		
15:36:12		473961		335233		138728		
15:36:14		460578		335366		125212		
15:36:16		460578		335614		124964		
15:36:18		460578		335862		124716		
15:36:20		460578		335986		124592		
15:36:22		484036		336752		147284		
15:36:24		484036		336876		147160		
15:36:26		498198		336902		161296		
15:36:28		498198		337026		161172		
15:36:30		498198		337274		160924		
15:36:32		498198		337398		160800		
15:36:34		498198		337398		160800		
15:36:36		498198		337522		160676		
15:36:38		472227		337095		135132		
15:36:40		460349		336997		123352		
15:36:42		460349		337121		123228		
15:36:44		460349		337121		123228		
15:36:46		460349		337261		123088		
15:36:48		460349		337385		122964		
15:36:50		460349		337385		122964		
15:36:52		447938		337622		110316		
15:36:54		447938		337746		110192		
15:36:56		483486		338326		145160		
15:36:58		483486		338326		145160		
15:37:00		469244		337972		131272		
15:37:02		484287		338507		145780		
15:37:04		484287		338631		145656		
15:37:06		484287		338755		145532		
15:37:08		484287		338879		145408		
15:37:10		484287		339127		145160		
15:37:12		484287		339251		145036		
15:37:14		533168		339276		193892		
15:37:16		533168		322908		210260		
15:37:18		511085		322897		188188		
15:37:21		511085		322897		188188		
15:37:23		511085		323021		188064		
15:37:25		511085		323145		187940		
15:37:27		500650		323374		177276		
15:37:29		500650		323498		177152		
15:37:31		500650		323746		176904		
15:37:33		490093		323977		166116		
15:37:35		476109		324005		152104		
15:37:37		497017		324577		172440		
15:37:39		497017		324577		172440		
15:37:41		497017		324825		172192		
15:37:43		497017		324949		172068		
15:37:45		480973		324529		156444		
15:37:47		480973		324777		156196		
15:37:49		465521		324949		140572		
15:37:51		465521		325073		140448		
15:37:53		465521		325321		140200		
15:37:55		447794		325450		122344		
15:37:57		461484		326120		135364		
15:37:59		461484		326244		135240		
15:38:01		509407		326427		182980		
15:38:03		509407		326675		182732		
15:38:05		497798		326226		171572		
15:38:07		497798		326350		171448		
15:38:09		497798		326598		171200		
15:38:11		478034		326674		151360		
15:38:13		478034		326798		151236		
15:38:15		478034		326922		151112		
15:38:17		478034		327046		150988		
15:38:19		458916		327396		131520		
15:38:21		458916		327520		131396		
15:38:23		458916		327644		131272		
15:38:25		444700		327812		116888		
15:38:27		444700		327936		116764		
15:38:29		444700		328060		116640		
15:38:31		444700		328308		116392		
15:38:33		444700		328432		116268		
15:38:35		444700		328432		116268		
15:38:37		444700		328556		116144		
15:38:40		473229		329061		144168		
15:38:42		484326		329246		155080		
15:38:44		469276		328704		140572		
15:38:46		469276		328828		140448		
15:38:48		453402		328826		124576		
15:38:50		453402		328950		124452		
15:38:52		453402		329074		124328		
15:38:54		453402		329198		124204		
15:38:56		453402		329446		123956		
15:38:58		511547		329931		181616		
15:39:00		525826		329950		195876		
15:39:02		506131		329599		176532		
15:39:04		506131		330399		175732		
15:39:06		506131		330375		175756		
15:39:08		495550		330210		165340		
15:39:10		495550		330334		165216		
15:39:12		484965		330413		154552		
15:39:14		484965		330537		154428		
15:39:16		484965		330661		154304		
15:39:18		464953		262745		202208		
15:39:20		398337		263221		135116		
15:39:22		398337		265973		132364		
15:39:24		398337		265973		132364		
15:39:26		398337		265973		132364		
15:39:28		398337		265973		132364		
15:39:30		398337		265973		132364		
15:39:32		374883		265955		108928		
15:39:34		374883		265955		108928		
15:39:36		408880		266472		142408		
15:39:38		408880		266472		142408		
15:39:40		408880		266472		142408		
15:39:42		408880		266472		142408		
15:39:44		408880		266472		142408		
15:39:46		397392		265896		131496		
15:39:48		397392		265896		131496		
15:39:50		397392		268012		129380		
15:39:52		429824		271056		158768		
15:39:54		429824		271924		157900		
15:39:57		429824		272916		156908		
15:39:59		429824		301596		128228		
15:40:01		444908		312460		132448		
15:40:03		515075		315171		199904		
15:40:05		515075		318387		196688		
15:40:07		515075		322611		192464		
15:40:09		515075		327571		187504		
15:40:11		515075		314179		200896		
15:40:13		490485		318109		172376		
15:40:15		490485		321953		168532		
15:40:17		490485		324929		165556		
15:40:19		479349		327309		152040		
15:40:21		479349		329541		149808		
15:40:23		464762		331942		132820		
15:40:25		464762		334298		130464		
15:40:27		464762		336158		128604		
15:40:29		449340		337368		111972		
15:40:31		449340		338484		110856		
15:40:33		449340		339104		110236		
15:40:35		449340		339660		109680		
15:40:37		449340		339816		109524		
15:40:39		449340		339940		109400		
15:40:41		449340		340064		109276		
15:40:43		449340		324688		124652		
15:40:45		424885		324661		100224		
15:40:47		424885		325157		99728		
15:40:49		424885		326149		98736		
15:40:51		424885		326521		98364		
15:40:53		461466		327390		134076		
15:40:55		527625		327705		199920		
15:40:57		527625		327829		199796		
15:40:59		513804		327648		186156		
15:41:01		537060		328336		208724		
15:41:03		537060		328584		208476		
15:41:05		522286		328566		193720		
15:41:07		522286		328938		193348		
15:41:09		522286		329310		192976		
15:41:11		522286		329558		192728		
15:41:13		522286		329930		192356		
15:41:15		522286		330426		191860		
15:41:18		507051		330567		176484		
15:41:20		507051		330939		176112		
15:41:22		507051		331311		175740		
15:41:24		496658		331582		165076		
15:41:26		496658		331954		164704		
15:41:28		496658		332202		164456		
15:41:30		496658		332202		164456		
15:41:32		496658		332326		164332		
15:41:34		478209		332477		145732		
15:41:36		478209		332601		145608		
15:41:38		458105		332833		125272		
15:41:40		458105		333081		125024		
15:41:42		445992		333368		112624		
15:41:44		445992		333616		112376		
15:41:46		460320		334304		126016		
15:41:48		460320		334552		125768		
15:41:50		460320		334552		125768		
15:41:52		529618		334658		194960		
15:41:54		529618		334782		194836		
15:41:56		529618		335030		194588		
15:41:58		529618		335278		194340		
15:42:00		514883		335051		179832		
15:42:02		514883		335175		179708		
15:42:04		514883		335423		179460		
15:42:06		498860		335644		163216		
15:42:08		498860		335892		162968		
15:42:10		498860		336016		162844		
15:42:12		498860		336264		162596		
15:42:14		525399		337135		188264		
15:42:16		525399		337135		188264		
15:42:18		538365		337453		200912		
15:42:20		538365		337577		200788		
15:42:22		527095		326307		200788		
15:42:24		514451		317383		197068		
15:42:26		494313		337173		157140		
15:42:28		506591		337919		168672		
15:42:30		506591		338043		168548		
15:42:32		506591		338167		168424		
15:42:34		493526		337874		155652		
15:42:36		493526		337874		155652		
15:42:39		548197		338605		209592		
15:42:41		548197		338605		209592		
15:42:43		548197		338853		209344		
15:42:45		535915		338475		197440		
15:42:47		535915		338599		197316		
15:42:49		524180		338892		185288		
15:42:51		513080		338952		174128		
15:42:53		513080		339076		174004		
15:42:55		513080		339200		173880		
15:42:57		513080		339448		173632		
15:42:59		502764		339672		163092		
15:43:01		502764		339796		162968		
15:43:03		487612		340020		147592		
15:43:05		487612		340144		147468		
15:43:07		487612		340268		147344		
15:43:09		487612		340516		147096		
15:43:11		487612		340640		146972		
15:43:13		487612		340764		146848		
15:43:15		487612		341012		146600		
15:43:17		487612		341136		146476		
15:43:19		487612		341384		146228		
15:43:21		487612		341508		146104		
15:43:23		487612		341632		145980		
15:43:25		550657		342057		208600		
15:43:27		550657		342305		208352		
15:43:29		537542		341838		195704		
15:43:31		537542		326090		211452		
15:43:33		524028		326216		197812		
15:43:35		524028		326216		197812		
15:43:37		524028		326216		197812		
15:43:39		508679		326367		182312		
15:43:41		498010		326486		171524		
15:43:43		498010		326734		171276		
15:43:45		487149		326785		160364		
15:43:47		487149		327033		160116		
15:43:49		487149		327157		159992		
15:43:51		487149		327281		159868		
15:43:53		487149		327405		159744		
15:43:55		475673		327709		147964		
15:43:57		465387		327715		137672		
15:43:59		465387		327715		137672		
15:44:01		447046		327726		119320		
15:44:04		462232		328156		134076		
15:44:06		462232		328280		133952		
15:44:08		462232		328528		133704		
15:44:10		462232		328652		133580		
15:44:12		462232		328776		133456		
15:44:14		462232		329024		133208		
15:44:16		462232		329148		133084		
15:44:18		451246		328950		122296		
15:44:20		451246		328950		122296		
15:44:22		510179		329479		180700		
15:44:24		510179		329603		180576		
15:44:26		510179		329727		180452		
15:44:28		510179		329975		180204		
15:44:30		510179		330099		180080		
15:44:32		510179		261991		248188		
15:44:34		438994		264734		174260		
15:44:36		427680		264828		162852		
15:44:38		427680		264828		162852		
15:44:40		427680		264828		162852		
15:44:42		427680		264828		162852		
15:44:44		451946		265162		186784		
15:44:46		488585		265221		223364		
15:44:48		473956		264728		209228		
15:44:50		458647		264671		193976		
15:44:52		458647		264671		193976		
15:44:54		458647		264671		193976		
15:44:56		458647		264671		193976		
15:44:58		458647		264671		193976		
15:45:00		446557		264733		181824		
15:45:02		446557		266973		179584		
15:45:04		446557		269453		177104		
15:45:06		433612		273496		160116		
15:45:08		433612		320804		112808		
15:45:10		473228		316212		157016		
15:45:12		473228		317576		155652		
15:45:14		517550		321350		196200		
15:45:16		517550		326682		190868		
15:45:18		517550		330774		186776		
15:45:20		517550		334494		183056		
15:45:22		507159		321127		186032		
15:45:24		493224		324180		169044		
15:45:26		493224		327156		166068		
15:45:29		493224		329884		163340		
15:45:31		493224		331868		161356		
15:45:33		493224		334224		159000		
15:45:35		493224		335712		157512		
15:45:37		493224		336952		156272		
15:45:39		493224		337960		155264		
15:45:41		493224		338952		154272		
15:45:43		493224		339572		153652		
15:45:45		477696		340164		137532		
15:45:47		477696		340536		137160		
15:45:49		477696		340660		137036		
15:45:51		464620		340728		123892		
15:45:53		492839		341295		151544		
15:45:55		492839		341419		151420		
15:45:57		492839		341543		151296		
15:45:59		468342		341226		127116		
15:46:01		468342		341350		126992		
15:46:03		482358		342098		140260		
15:46:05		482358		342222		140136		
15:46:07		482358		342470		139888		
15:46:09		482358		342718		139640		
15:46:11		482358		343338		139020		
15:46:13		482358		327342		155016		
15:46:15		458329		327245		131084		
15:46:17		516224		327728		188496		
15:46:19		516224		327976		188248		
15:46:21		516224		328100		188124		
15:46:23		516224		328472		187752		
15:46:25		516224		328844		187380		
15:46:27		516224		329216		187008		
15:46:29		504245		329141		175104		
15:46:31		504245		329513		174732		
15:46:33		486894		329770		157124		
15:46:35		486894		330142		156752		
15:46:37		486894		330390		156504		
15:46:39		486894		330762		156132		
15:46:41		469519		331119		138400		
15:46:43		469519		331367		138152		
15:46:45		457435		331559		125876		
15:46:47		457435		331931		125504		
15:46:49		457435		332055		125380		
15:46:51		438754		332222		106532		
15:46:54		449560		332736		116824		
15:46:56		449560		332860		116700		
15:46:58		449560		333108		116452		
15:47:00		449560		333356		116204		
15:47:02		449560		333604		115956		
15:47:04		449560		333852		115708		
15:47:06		485115		333943		151172		
15:47:08		539704		333972		205732		
15:47:10		539704		334096		205608		
15:47:12		527124		333544		193580		
15:47:14		527124		333792		193332		
15:47:16		527124		333916		193208		
15:47:18		555694		335950		219744		
15:47:20		555694		336074		219620		
15:47:22		535263		315767		219496		
15:47:24		515321		334513		180808		
15:47:26		515321		334761		180560		
15:47:28		515321		334877		180444		
15:47:30		515321		335133		180188		
15:47:32		515321		335257		180064		
15:47:34		515321		335381		179940		
15:47:36		497401		335689		161712		
15:47:38		497401		335813		161588		
15:47:40		484138		335942		148196		
15:47:42		470137		336077		134060		
15:47:44		470137		336201		133936		
15:47:46		470137		336449		133688		
15:47:48		470137		336573		133564		
15:47:50		470137		336697		133440		
15:47:52		470137		336945		133192		
15:47:54		470137		337069		133068		
15:47:56		526998		337634		189364		
15:47:58		526998		337758		189240		
15:48:00		526998		338006		188992		
15:48:02		511085		337593		173492		
15:48:04		511085		337841		173244		
15:48:06		511085		337965		173120		
15:48:08		495661		338165		157496		
15:48:10		483359		338387		144972		
15:48:12		483359		338511		144848		
15:48:15		508037		339009		169028		
15:48:17		508037		339133		168904		
15:48:19		508037		339257		168780		
15:48:21		508037		339505		168532		
15:48:23		508037		339629		168408		
15:48:25		508037		339877		168160		
15:48:27		496630		339630		157000		
15:48:29		496630		339754		156876		
15:48:31		484235		339759		144476		
15:48:33		484235		340007		144228		
15:48:35		484235		340131		144104		
15:48:37		465352		340344		125008		
15:48:39		465352		340468		124884		
15:48:41		465352		340592		124760		
15:48:43		514108		341112		172996		
15:48:45		514108		341360		172748		
15:48:47		503322		340990		162332		
15:48:49		503322		341114		162208		
15:48:51		503322		341362		161960		
15:48:53		481392		341504		139888		
15:48:55		494004		342212		151792		
15:48:57		494004		342212		151792		
15:48:59		494004		342460		151544		
15:49:01		494004		342584		151420		
15:49:03		480933		342285		138648		
15:49:05		480933		342533		138400		
15:49:07		480933		342657		138276		
15:49:09		469901		342785		127116		
15:49:11		469901		343033		126868		
15:49:13		469901		343157		126744		
15:49:15		469901		343281		126620		
15:49:17		493447		343639		149808		
15:49:19		493447		343639		149808		
15:49:21		479973		343185		136788		
15:49:23		479973		343309		136664		
15:49:25		479973		343433		136540		
15:49:27		479973		343557		136416		
15:49:29		479973		343557		136416		
15:49:31		479973		343681		136292		
15:49:33		479973		343805		136168		
15:49:35		479973		343945		136028		
15:49:38		479973		343945		136028		
15:49:40		531455		344587		186868		
15:49:42		531455		344711		186744		
15:49:44		531455		344835		186620		
15:49:46		516707		344471		172236		
15:49:48		516707		344595		172112		
15:49:50		516707		344719		171988		
15:49:52		500090		261126		238964		
15:49:54		430568		260500		170068		
15:49:56		418446		263810		154636		
15:49:58		418446		263810		154636		
15:50:00		418446		263810		154636		
15:50:02		418446		263810		154636		
15:50:04		454041		264189		189852		
15:50:06		454041		264189		189852		
15:50:08		454041		264189		189852		
15:50:10		438167		263691		174476		
15:50:12		438167		263691		174476		
15:50:14		438167		263691		174476		
15:50:16		422073		263717		158356		
15:50:18		422073		263717		158356		
15:50:20		404848		263604		141244		
15:50:22		418473		264209		154264		
15:50:24		418473		264209		154264		
15:50:26		418473		267937		150536		
15:50:28		418473		271285		147188		
15:50:30		406436		272144		134292		
15:50:32		451488		303680		147808		
15:50:34		483160		311172		171988		
15:50:36		483160		317620		165540		
15:50:38		524446		323318		201128		
15:50:40		524446		326790		197656		
15:50:42		524446		328650		195796		
15:50:44		511077		332145		178932		
15:50:46		511077		336237		174840		
15:50:48		511077		338965		172112		
15:50:50		511077		325449		185628		
15:50:52		487624		328408		159216		
15:50:54		487624		330640		156984		
15:50:56		487624		332996		154628		
15:50:59		487624		334608		153016		
15:51:01		487624		335724		151900		
15:51:03		487624		336716		150908		
15:51:05		475316		337428		137888		
15:51:07		475316		337800		137516		
15:51:09		461197		338065		123132		
15:51:11		461197		338685		122512		
15:51:13		471977		339545		132432		
15:51:15		471977		340289		131688		
15:51:17		471977		340785		131192		
15:51:19		471977		341405		130572		
15:51:21		471977		342025		129952		
15:51:23		471977		342521		129456		
15:51:25		515200		342716		172484		
15:51:27		515200		342964		172236		
15:51:29		515200		343336		171864		
15:51:31		515200		343832		171368		
15:51:33		502885		343545		159340		
15:51:35		502885		344041		158844		
15:51:37		487850		344506		143344		
15:51:39		487850		344770		143080		
15:51:41		470611		345139		125472		
15:51:43		470611		345387		125224		
15:51:45		470611		345635		124976		
15:51:47		470611		329887		140724		
15:51:49		470611		330011		140600		
15:51:51		470611		330383		140228		
15:51:53		470611		330631		139980		
15:51:55		457690		330854		126836		
15:51:57		457690		331226		126464		
15:51:59		490174		331718		158456		
15:52:01		478216		331292		146924		
15:52:03		455930		331326		124604		
15:52:05		455930		331450		124480		
15:52:07		455930		331574		124356		
15:52:09		455930		331698		124232		
15:52:11		455930		331946		123984		
15:52:13		455930		332070		123860		
15:52:15		455930		332194		123736		
15:52:17		455930		332442		123488		
15:52:19		455930		332690		123240		
15:52:22		442054		332826		109228		
15:52:24		442054		332950		109104		
15:52:26		442054		333198		108856		
15:52:28		500662		391806		108856		
15:52:30		464048		355192		108856		
15:52:32		521820		333852		187968		
15:52:34		492324		333496		158828		
15:52:36		492324		333620		158704		
15:52:38		519345		334353		184992		
15:52:40		519345		334477		184868		
15:52:42		519345		334601		184744		
15:52:44		519345		334725		184620		
15:52:46		519345		334849		184496		
15:52:48		508607		334527		174080		
15:52:50		508607		334775		173832		
15:52:52		508607		334899		173708		
15:52:54		496893		335089		161804		
15:52:56		496893		335337		161556		
15:52:58		486287		335395		150892		
15:53:00		486287		335643		150644		
15:53:02		486287		335643		150644		
15:53:04		486287		335767		150520		
15:53:06		476026		335922		140104		
15:53:08		495460		336508		158952		
15:53:10		495460		336508		158952		
15:53:12		482211		336155		146056		
15:53:14		482211		336899		145312		
15:53:16		470693		336789		133904		
15:53:18		488358		336970		151388		
15:53:20		534766		337002		197764		
15:53:22		534766		337126		197640		
15:53:24		534766		337374		197392		
15:53:26		534766		337374		197392		
15:53:28		521922		337054		184868		
15:53:30		521922		337302		184620		
15:53:32		505859		337483		168376		
15:53:34		492220		337608		154612		
15:53:36		492220		337732		154488		
15:53:38		492220		337856		154364		
15:53:41		479457		337989		141468		
15:53:43		479457		338113		141344		
15:53:45		462660		338304		124356		
15:53:47		462660		338428		124232		
15:53:49		462660		338676		123984		
15:53:51		462660		338800		123860		
15:53:53		450374		338914		111460		
15:53:55		461135		339383		121752		
15:53:57		461135		339383		121752		
15:53:59		461135		339507		121628		
15:54:01		461135		339507		121628		
15:54:03		461135		339507		121628		
15:54:05		461135		339631		121504		
15:54:07		461135		339755		121380		
15:54:09		461135		339879		121256		
15:54:11		461135		340003		121132		
15:54:13		461135		340127		121008		
15:54:15		491539		340275		151264		
15:54:17		491539		340399		151140		
15:54:19		491539		340523		151016		
15:54:21		480093		340113		139980		
15:54:23		540522		340774		199748		
15:54:25		540522		340774		199748		
15:54:27		540522		340898		199624		
15:54:29		540522		341146		199376		
15:54:31		540522		341270		199252		
15:54:33		527999		341023		186976		
15:54:35		514877		341169		173708		
15:54:37		514877		341293		173584		
15:54:39		514877		341417		173460		
15:54:41		500769		341693		159076		
15:54:43		500769		341817		158952		
15:54:45		500769		342065		158704		
15:54:47		487511		342199		145312		
15:54:49		487511		342323		145188		
15:54:51		474261		342589		131672		
15:54:53		474261		342713		131548		
15:54:55		460337		342677		117660		
15:54:57		460337		342677		117660		
15:54:59		460337		342801		117536		
15:55:02		471923		343475		128448		
15:55:04		461217		343061		118156		
15:55:06		461217		343185		118032		
15:55:08		461217		343309		117908		
15:55:10		461217		343557		117660		
15:55:12		461217		343557		117660		
15:55:14		519454		344134		175320		
15:55:16		519454		276266		243188		
15:55:18		456194		275726		180468		
15:55:20		481099		278987		202112		
15:55:22		481099		278987		202112		
15:55:24		481099		278987		202112		
15:55:26		502141		279321		222820		
15:55:28		491704		278804		212900		
15:55:30		491704		278804		212900		
15:55:32		477766		278878		198888		
15:55:34		477766		278878		198888		
15:55:36		477766		278878		198888		
15:55:38		477766		278878		198888		
15:55:40		477766		278878		198888		
15:55:42		477766		278878		198888		
15:55:44		477766		278878		198888		
15:55:46		477766		278878		198888		
15:55:48		461383		278863		182520		
15:55:50		449842		281094		168748		
15:55:52		439322		281734		157588		
15:55:54		439322		282602		156720		
15:55:56		439322		283222		156100		
15:55:58		424537		283689		140848		
15:56:00		410678		284586		126092		
15:56:02		410678		287934		122744		
15:56:04		400064		330364		69700		
15:56:06		434354		312994		121360		
15:56:08		414271		302583		111688		
15:56:10		402275		308319		93956		
15:56:12		420561		312717		107844		
15:56:15		489528		314228		175300		
15:56:17		502677		315969		186708		
15:56:19		516377		317021		199356		
15:56:21		516377		320617		195760		
15:56:23		516377		324089		192288		
15:56:25		516377		327065		189312		
15:56:27		516377		330661		185716		
15:56:29		516377		316029		200348		
15:56:31		493591		317795		175796		
15:56:33		493591		318911		174680		
15:56:35		493591		320027		173564		
15:56:37		493591		320771		172820		
15:56:39		482907		321743		161164		
15:56:41		499444		322284		177160		
15:56:43		499444		322780		176664		
15:56:45		499444		323512		175932		
15:56:47		499444		324000		175444		
15:56:49		482188		323732		158456		
15:56:51		482188		323980		158208		
15:56:53		482188		324352		157836		
15:56:55		482188		324972		157216		
15:56:57		470010		325442		144568		
15:56:59		470010		325938		144072		
15:57:01		458933		326269		132664		
15:57:03		458933		326765		132168		
15:57:05		458933		327137		131796		
15:57:07		458933		327509		131424		
15:57:09		518109		328281		189828		
15:57:11		518109		328653		189456		
15:57:13		507402		328362		179040		
15:57:15		507402		328734		178668		
15:57:17		507402		329106		178296		
15:57:19		495483		329339		166144		
15:57:21		495483		329711		165772		
15:57:23		495483		330083		165400		
15:57:25		495483		330455		165028		
15:57:27		495483		330827		164656		
15:57:29		495483		331075		164408		
15:57:31		495483		331323		164160		
15:57:33		482122		331478		150644		
15:57:35		482122		331726		150396		
15:57:37		482122		332098		150024		
15:57:40		482122		332346		149776		
15:57:42		471416		332552		138864		
15:57:44		459388		332676		126712		
15:57:46		486654		333158		153496		
15:57:48		486654		333282		153372		
15:57:50		471850		332738		139112		
15:57:52		471850		332986		138864		
15:57:54		460289		333081		127208		
15:57:56		471676		333804		137872		
15:57:58		471676		334052		137624		
15:58:00		505992		334144		171848		
15:58:02		505992		317900		188092		
15:58:04		493903		317839		176064		
15:58:06		493903		317839		176064		
15:58:08		540274		318206		222068		
15:58:10		540274		318330		221944		
15:58:12		540274		318330		221944		
15:58:14		540274		318578		221696		
15:58:16		526880		318328		208552		
15:58:18		526880		318452		208428		
15:58:20		514892		318864		196028		
15:58:22		514892		318988		195904		
15:58:24		495227		318915		176312		
15:58:26		495227		319039		176188		
15:58:28		495227		319163		176064		
15:58:30		495227		319535		175692		
15:58:32		495227		319659		175568		
15:58:34		495227		319783		175444		
15:58:36		495227		320031		175196		
15:58:38		495227		320155		175072		
15:58:40		495227		320403		174824		
15:58:42		482854		320430		162424		
15:58:44		470164		320636		149528		
15:58:46		457406		320526		136880		
15:58:48		457406		320650		136756		
15:58:50		494107		321267		172840		
15:58:52		494107		321267		172840		
15:58:54		494107		321267		172840		
15:58:57		481838		320902		160936		
15:58:59		481838		321026		160812		
15:59:01		465222		321150		144072		
15:59:03		465222		321274		143948		
15:59:05		531841		321801		210040		
15:59:07		531841		321801		210040		
15:59:09		531841		321925		209916		
15:59:11		531841		322173		209668		
15:59:13		531841		322297		209544		
15:59:15		531841		322297		209544		
15:59:17		515307		305763		209544		
15:59:19		494331		322235		172096		
15:59:21		494331		322359		171972		
15:59:23		506178		334206		171972		
15:59:25		506178		323046		183132		
15:59:27		486915		322879		164036		
15:59:29		486915		323003		163912		
15:59:31		465463		323127		142336		
15:59:33		465463		323251		142212		
15:59:35		465463		323499		141964		
15:59:37		465463		323623		141840		
15:59:39		465463		323623		141840		
15:59:41		465463		323747		141716		
15:59:43		465463		323747		141716		
15:59:45		451874		323798		128076		
15:59:47		451874		324046		127828		
15:59:49		451874		324170		127704		
15:59:51		451874		324294		127580		
15:59:53		441237		324445		116792		
15:59:55		451534		325070		126464		
15:59:57		451534		325318		126216		
15:59:59		451534		325442		126092		
16:00:01		501610		325422		176188		
16:00:03		535361		325569		209792		
16:00:05		535361		325693		209668		
16:00:07		514350		325266		189084		
16:00:09		514350		325390		188960		
16:00:11		502758		325702		177056		
16:00:13		502758		325826		176932		
16:00:15		502758		325950		176808		
16:00:18		502758		326198		176560		
16:00:20		502758		326322		176436		
16:00:22		489663		326371		163292		
16:00:24		489663		326619		163044		
16:00:26		489663		326743		162920		
16:00:28		489663		326867		162796		
16:00:30		473806		327130		146676		
16:00:32		473806		327254		146552		
16:00:34		463293		327281		136012		
16:00:36		496923		327803		169120		
16:00:38		496923		327927		168996		
16:00:40		481902		327538		154364		
16:00:42		481902		327538		154364		
16:00:44		466830		327594		139236		
16:00:46		455028		327572		127456		
16:00:48		470269		328181		142088		
16:00:50		470269		328181		142088		
16:00:52		470269		328305		141964		
16:00:54		470269		260737		209532		
16:00:56		410785		253749		157036		
16:00:58		410785		253749		157036		
16:01:00		477145		253769		223376		
16:01:02		477145		253769		223376		
16:01:04		477145		253769		223376		
16:01:06		477145		253769		223376		
16:01:08		498545		253717		244828		
16:01:10		498545		253717		244828		
16:01:12		480185		253213		226972		
16:01:14		480185		253213		226972		
16:01:16		467273		253197		214076		
16:01:18		467273		253197		214076		
16:01:20		455798		253254		202544		
16:01:22		455798		253254		202544		
16:01:24		455798		253254		202544		
16:01:26		455798		253254		202544		
16:01:28		442799		253275		189524		
16:01:30		442799		260359		182440		
16:01:32		442799		260359		182440		
16:01:34		430733		263825		166908		
16:01:37		430733		266337		164396		
16:01:39		430733		266329		164404		
16:01:41		430733		266329		164404		
16:01:43		417389		266377		151012		
16:01:45		403105		266353		136752		
16:01:47		403105		266353		136752		
16:01:49		403105		266353		136752		
16:01:51		389440		266328		123112		
16:01:53		450352		266728		183624		
16:01:55		450352		266728		183624		
16:01:57		460710		266794		193916		
16:01:59		460710		266794		193916		
16:02:01		460710		266794		193916		
16:02:03		460710		266794		193916		
16:02:05		460710		271142		189568		
16:02:07		460710		275110		185600		
16:02:09		460710		320774		139936		
16:02:11		484156		319824		164332		
16:02:13		471823		309723		162100		
16:02:15		471823		314063		157760		
16:02:17		471823		318279		153544		
16:02:19		471823		321875		149948		
16:02:21		458106		325146		132960		
16:02:23		489970		327994		161976		
16:02:25		489970		328242		161728		
16:02:27		471951		328203		143748		
16:02:29		471951		328699		143252		
16:02:31		471951		330063		141888		
16:02:33		471951		331551		140400		
16:02:35		471951		333907		138044		
16:02:37		471951		336139		135812		
16:02:39		471951		337007		134944		
16:02:41		471951		337875		134076		
16:02:43		471951		322623		149328		
16:02:45		445465		323289		122176		
16:02:47		445465		323661		121804		
16:02:49		445465		323785		121680		
16:02:51		512560		324664		187896		
16:02:53		512560		325160		187400		
16:02:55		512560		325904		186656		
16:02:57		512560		326276		186284		
16:02:59		502271		326403		175868		
16:03:01		502271		327023		175248		
16:03:04		486930		327554		159376		
16:03:06		475832		328236		147596		
16:03:08		475832		328608		147224		
16:03:10		475832		329104		146728		
16:03:12		475832		329600		146232		
16:03:14		475832		330096		145736		
16:03:16		475832		330220		145612		
16:03:18		475832		330592		145240		
16:03:20		475832		330964		144868		
16:03:22		475832		331212		144620		
16:03:24		475832		331584		144248		
16:03:26		462628		331524		131104		
16:03:28		484308		332248		152060		
16:03:30		504339		332191		172148		
16:03:32		490974		331846		159128		
16:03:34		513428		332352		181076		
16:03:36		513428		332476		180952		
16:03:38		498835		332019		166816		
16:03:40		498835		332019		166816		
16:03:42		498835		332267		166568		
16:03:44		486582		332538		154044		
16:03:46		502567		333147		169420		
16:03:48		502567		333395		169172		
16:03:50		502567		333519		169048		
16:03:52		491767		333135		158632		
16:03:54		545878		333678		212200		
16:03:56		545878		333802		212076		
16:03:58		545878		334050		211828		
16:04:00		532329		333769		198560		
16:04:02		532329		333893		198436		
16:04:04		532329		334141		198188		
16:04:06		532329		334265		198064		
16:04:08		509907		334535		175372		
16:04:10		509907		334659		175248		
16:04:12		494532		334908		159624		
16:04:14		494532		335032		159500		
16:04:16		476647		335251		141396		
16:04:18		492450		335926		156524		
16:04:20		492450		336174		156276		
16:04:23		492450		336422		156028		
16:04:25		492450		336670		155780		
16:04:27		492450		336670		155780		
16:04:29		480528		336280		144248		
16:04:31		480528		336280		144248		
16:04:33		460338		336550		123788		
16:04:35		460338		336674		123664		
16:04:37		460338		336798		123540		
16:04:39		460338		337046		123292		
16:04:41		460338		337294		123044		
16:04:43		460338		337294		123044		
16:04:45		518775		337947		180828		
16:04:47		554280		337988		216292		
16:04:49		539963		337559		202404		
16:04:51		526162		337646		188516		
16:04:53		526162		337770		188392		
16:04:55		515171		338063		177108		
16:04:57		515171		338187		176984		
16:04:59		515171		338311		176860		
16:05:01		515171		338559		176612		
16:05:03		515171		338559		176612		
16:05:05		500775		338671		162104		
16:05:07		500775		338919		161856		
16:05:09		500775		339167		161608		
16:05:11		500775		339291		161484		
16:05:13		486627		339403		147224		
16:05:15		486627		339651		146976		
16:05:17		486627		323779		162848		
16:05:19		456002		323782		132220		
16:05:21		456002		323782		132220		
16:05:23		442863		323787		119076		
16:05:25		442863		323911		118952		
16:05:27		442863		324035		118828		
16:05:29		442863		324159		118704		
16:05:31		442863		324283		118580		
16:05:33		499872		324996		174876		
16:05:35		499872		325120		174752		
16:05:37		499872		325244		174628		
16:05:39		499872		325368		174504		
16:05:41		499872		325492		174380		
16:05:43		499872		325740		174132		
16:05:46		483729		325593		158136		
16:05:48		483729		325717		158012		
16:05:50		469564		325936		143628		
16:05:52		469564		326060		143504		
16:05:54		500868		326612		174256		
16:05:56		500868		326736		174132		
16:05:58		482229		326449		155780		
16:06:00		482229		326573		155656		
16:06:02		470319		326807		143512		
16:06:04		470319		326931		143388		
16:06:06		449588		326916		122672		
16:06:08		449588		326916		122672		
16:06:10		449588		326916		122672		
16:06:12		449588		327040		122548		
16:06:14		449588		327164		122424		
16:06:16		485983		327723		158260		
16:06:18		485983		327723		158260		
16:06:20		485983		327723		158260		
16:06:22		471504		327380		144124		
16:06:24		471504		327628		143876		
16:06:26		471504		327752		143752		
16:06:28		471504		327876		143628		
16:06:30		471504		328124		143380		
16:06:32		471504		328248		143256		
16:06:34		471504		328372		143132		
16:06:36		524386		328926		195460		
16:06:38		524386		329050		195336		
16:06:40		524386		329174		195212		
16:06:42		524386		329298		195088		
16:06:44		524386		329546		194840		
16:06:46		507511		329163		178348		
16:06:48		496730		329294		167436		
16:06:50		485859		329459		156400		
16:06:52		485859		329583		156276		
16:06:54		485859		329831		156028		
16:06:56		461885		262261		199624		
16:06:58		461885		261741		200144		
16:07:00		461885		265021		196864		
16:07:02		446644		265032		181612		
16:07:04		446644		265032		181612		
16:07:06		446644		265032		181612		
16:07:09		433232		265012		168220		
16:07:11		422808		265004		157804		
16:07:13		422808		265004		157804		
16:07:15		406714		265030		141684		
16:07:17		406714		265030		141684		
16:07:19		406714		265030		141684		
16:07:21		406714		265030		141684		
16:07:23		406714		265030		141684		
16:07:25		386440		264968		121472		
16:07:27		450139		265427		184712		
16:07:29		450139		268411		181728		
16:07:31		450139		271387		178752		
16:07:33		450139		273619		176520		
16:07:35		450139		312463		137676		
16:07:37		489243		320567		168676		
16:07:39		489243		324783		164460		
16:07:41		489243		329743		159500		
16:07:43		489243		317715		171528		
16:07:45		468153		321053		147100		
16:07:47		468153		324153		144000		
16:07:49		468153		327005		141148		
16:07:51		468153		329609		138544		
16:07:53		468153		331841		136312		
16:07:55		468153		334073		134080		
16:07:57		468153		335809		132344		
16:07:59		468153		336181		131972		
16:08:01		455376		336300		119076		
16:08:03		455376		336300		119076		
16:08:05		477226		337070		140156		
16:08:07		477226		337318		139908		
16:08:09		477226		337442		139784		
16:08:11		457349		337297		120052		
16:08:13		457349		338041		119308		
16:08:15		457349		338537		118812		
16:08:17		457349		339157		118192		
16:08:19		470588		340244		130344		
16:08:21		470588		340988		129600		
16:08:23		470588		324868		145720		
16:08:25		470588		324868		145720		
16:08:28		511917		325897		186020		
16:08:30		511917		326393		185524		
16:08:32		511917		326889		185028		
16:08:34		499853		326853		173000		
16:08:36		499853		327349		172504		
16:08:38		486235		327867		158368		
16:08:40		486235		328115		158120		
16:08:42		472108		328372		143736		
16:08:44		472108		328868		143240		
16:08:46		472108		329240		142868		
16:08:48		472108		329612		142496		
16:08:50		472108		329984		142124		
16:08:52		460551		330331		130220		
16:08:54		460551		330703		129848		
16:08:56		449993		331057		118936		
16:08:58		438858		331082		107776		
16:09:00		438858		331206		107652		
16:09:02		438858		331330		107528		
16:09:04		438858		332074		106784		
16:09:06		452635		332335		120300		
16:09:08		482922		332490		150432		
16:09:10		500486		332570		167916		
16:09:12		483914		332242		151672		
16:09:14		483914		332366		151548		
16:09:16		531545		333001		198544		
16:09:18		556356		335120		221236		
16:09:20		556356		335244		221112		
16:09:22		544002		322890		221112		
16:09:24		544002		333058		210944		
16:09:26		526050		333334		192716		
16:09:28		526050		333458		192592		
16:09:30		526050		333706		192344		
16:09:32		526050		333954		192096		
16:09:34		506806		334178		172628		
16:09:36		506806		334426		172380		
16:09:38		494636		334532		160104		
16:09:40		494636		334780		159856		
16:09:43		494636		334904		159732		
16:09:45		494636		335028		159608		
16:09:47		474916		335148		139768		
16:09:49		474916		335272		139644		
16:09:51		474916		335396		139520		
16:09:53		474916		335520		139396		
16:09:55		474916		335768		139148		
16:09:57		474916		335892		139024		
16:09:59		474916		336016		138900		
16:10:01		474916		336140		138776		
16:10:03		520496		336832		183664		
16:10:05		520496		336956		183540		
16:10:07		520496		337204		183292		
16:10:09		520496		337328		183168		
16:10:11		520496		337576		182920		
16:10:13		520496		337700		182796		
16:10:15		520496		337948		182548		
16:10:17		520496		338072		182424		
16:10:19		506966		337810		169156		
16:10:21		506966		337934		169032		
16:10:23		506966		338182		168784		
16:10:25		506966		338306		168660		
16:10:27		506966		338430		168536		
16:10:29		506966		338554		168412		
16:10:31		506966		338926		168040		
16:10:33		506966		339050		167916		
16:10:35		506966		339298		167668		
16:10:37		539669		339885		199784		
16:10:39		539669		340009		199660		
16:10:41		539669		340133		199536		
16:10:43		539669		340257		199412		
16:10:45		539669		340381		199288		
16:10:47		525430		340154		185276		
16:10:49		525430		340402		185028		
16:10:51		525430		340402		185028		
16:10:53		525430		340526		184904		
16:10:55		525430		340774		184656		
16:10:57		525430		340898		184532		
16:10:59		525430		341146		184284		
16:11:01		525430		341270		184160		
16:11:03		525430		341394		184036		
16:11:05		525430		341518		183912		
16:11:07		511184		341780		169404		
16:11:09		511184		341904		169280		
16:11:12		511184		342152		169032		
16:11:14		511184		342276		168908		
16:11:16		511184		342400		168784		
16:11:18		511184		326652		184532		
16:11:20		499338		326586		172752		
16:11:22		499338		326586		172752		
16:11:24		499338		326710		172628		
16:11:26		499338		326834		172504		
16:11:28		499338		327082		172256		
16:11:30		499338		327206		172132		
16:11:32		499338		327454		171884		
16:11:34		499338		327578		171760		
16:11:36		499338		327702		171636		
16:11:38		499338		327826		171512		
16:11:40		499338		328074		171264		
16:11:42		499338		328198		171140		
16:11:44		487743		328383		159360		
16:11:46		487743		328631		159112		
16:11:48		487743		261259		226484		
16:11:50		428571		260715		167856		
16:11:52		428571		263995		164576		
16:11:54		428571		263995		164576		
16:11:56		457549		264453		193096		
16:11:58		457549		264453		193096		
16:12:00		444324		263876		180448		
16:12:02		444324		263876		180448		
16:12:04		461018		264450		196568		
16:12:06		461018		264450		196568		
16:12:08		461018		264450		196568		
16:12:10		461018		264450		196568		
16:12:12		461018		264450		196568		
16:12:14		461018		264450		196568		
16:12:16		487864		264388		223476		
16:12:18		487864		264388		223476		
16:12:20		487864		264388		223476		
16:12:22		469522		268994		200528		
16:12:24		469522		273210		196312		
16:12:26		469522		311278		158244		
16:12:28		512754		319418		193336		
16:12:30		512754		328098		184656		
16:12:32		512754		332438		180316		
16:12:34		512754		336158		176596		
16:12:36		512754		322642		190112		
16:12:39		496970		325458		171512		
16:12:41		496970		327690		169280		
16:12:43		496970		329674		167296		
16:12:45		496970		331658		165312		
16:12:47		511967		334007		177960		
16:12:49		511967		335371		176596		
16:12:51		511967		336363		175604		
16:12:53		511967		337355		174612		
16:12:55		511967		338223		173744		
16:12:57		511967		338983		172984		
16:12:59		543468		339856		203612		
16:13:01		543468		339856		203612		
16:13:03		526119		339991		186128		
16:13:05		526119		340611		185508		
16:13:07		526119		341107		185012		
16:13:09		526119		341727		184392		
16:13:11		526119		342099		184020		
16:13:13		526119		342595		183524		
16:13:15		526119		343091		183028		
16:13:17		512837		327701		185136		
16:13:19		497565		327929		169636		
16:13:21		497565		328301		169264		
16:13:23		508783		329103		179680		
16:13:25		508783		329475		179308		
16:13:27		508783		329847		178936		
16:13:29		508783		330219		178564		
16:13:31		508783		330591		178192		
16:13:33		508783		330715		178068		
16:13:35		508783		331087		177696		
16:13:37		508783		331211		177572		
16:13:39		497547		331011		166536		
16:13:41		497547		331383		166164		
16:13:43		497547		331631		165916		
16:13:45		497547		331755		165792		
16:13:47		497547		332127		165420		
16:13:49		497547		332375		165172		
16:13:51		497547		332623		164924		
16:13:53		479981		315057		164924		
16:13:55		464535		299611		164924		
16:13:57		464535		299611		164924		
16:13:59		464535		333463		131072		
16:14:01		499115		368043		131072		
16:14:03		462948		333860		129088		
16:14:05		498010		334450		163560		
16:14:08		498010		334698		163312		
16:14:10		498010		334822		163188		
16:14:12		498010		335070		162940		
16:14:14		498010		335194		162816		
16:14:16		487502		334978		152524		
16:14:18		487502		335102		152400		
16:14:20		487502		335226		152276		
16:14:22		508627		336015		172612		
16:14:24		508627		336139		172488		
16:14:26		508627		336387		172240		
16:14:28		508627		336511		172116		
16:14:30		508627		336635		171992		
16:14:32		496195		336479		159716		
16:14:34		506610		336974		169636		
16:14:36		506610		337098		169512		
16:14:38		506610		337346		169264		
16:14:40		506610		337470		169140		
16:14:42		506610		337594		169016		
16:14:44		506610		337718		168892		
16:14:46		506610		337966		168644		
16:14:48		506610		338090		168520		
16:14:50		491982		337722		154260		
16:14:52		536990		338462		198528		
16:14:54		536990		338586		198404		
16:14:56		524263		338259		186004		
16:14:58		524263		338383		185880		
16:15:00		512202		338474		173728		
16:15:02		512202		338722		173480		
16:15:04		512202		338846		173356		
16:15:06		512202		339094		173108		
16:15:08		512202		339218		172984		
16:15:10		512202		339342		172860		
16:15:12		512202		339590		172612		
16:15:14		512202		339714		172488		
16:15:16		512202		339838		172364		
16:15:18		541534		340402		201132		
16:15:20		541534		340526		201008		
16:15:22		529668		340192		189476		
16:15:24		529668		340316		189352		
16:15:26		529668		340440		189228		
16:15:28		529668		340564		189104		
16:15:30		529668		340812		188856		
16:15:33		517412		340956		176456		
16:15:35		517412		341080		176332		
16:15:37		517412		341328		176084		
16:15:39		517412		341452		175960		
16:15:41		517412		341576		175836		
16:15:43		517412		341824		175588		
16:15:45		517412		341948		175464		
16:15:47		517412		342692		174720		
16:15:49		517412		342692		174720		
16:15:51		517412		342692		174720		
16:15:53		517412		342816		174596		
16:15:55		517412		343064		174348		
16:15:57		517412		343188		174224		
16:15:59		502702		343234		159468		
16:16:01		502702		343358		159344		
16:16:03		502702		343606		159096		
16:16:05		502702		343854		158848		
16:16:07		502702		276234		226468		
16:16:09		437664		275776		161888		
16:16:11		437664		279040		158624		
16:16:13		437664		279040		158624		
16:16:15		437664		279040		158624		
16:16:17		437664		279040		158624		
16:16:19		437664		279040		158624		
16:16:21		478327		279403		198924		
16:16:23		478327		279403		198924		
16:16:25		478327		279403		198924		
16:16:27		478327		279403		198924		
16:16:29		468049		278921		189128		
16:16:31		468049		278921		189128		
16:16:33		468049		278921		189128		
16:16:35		468049		278921		189128		
16:16:37		468049		278921		189128		
16:16:39		468049		278921		189128		
16:16:41		456036		283656		172380		
16:16:43		456036		287748		168288		
16:16:45		456036		335116		120920		
16:16:47		497269		315497		181772		
16:16:49		478765		321297		157468		
16:16:51		478765		326629		152136		
16:16:53		478765		331217		147548		
16:16:55		496659		334851		161808		
16:16:57		496659		338339		158320		
16:17:00		496659		341439		155220		
16:17:02		507682		327042		180640		
16:17:04		487593		328529		159064		
16:17:06		487593		330637		156956		
16:17:08		487593		332745		154848		
16:17:10		487593		333737		153856		
16:17:12		487593		334605		152988		
16:17:14		487593		335597		151996		
16:17:16		487593		336217		151376		
16:17:18		487593		336961		150632		
16:17:20		487593		337705		149888		
16:17:22		487593		338449		149144		
16:17:24		487593		339061		148532		
16:17:26		506605		340101		166504		
16:17:28		560510		340314		220196		
16:17:30		548444		340152		208292		
16:17:32		548444		340276		208168		
16:17:34		537026		340886		196140		
16:17:36		537026		341382		195644		
16:17:38		537026		341878		195148		
16:17:40		537026		342374		194652		
16:17:42		537026		342870		194156		
16:17:44		524286		343274		181012		
16:17:46		524286		343522		180764		
16:17:48		524286		343770		180516		
16:17:50		524286		344142		180144		
16:17:52		524286		344390		179896		
16:17:54		524286		344886		179400		
16:17:56		524286		345026		179260		
16:17:58		507831		345063		162768		
16:18:00		507831		345187		162644		
16:18:02		507831		345435		162396		
16:18:04		496740		345752		150988		
16:18:06		496740		345876		150864		
16:18:08		507349		330321		177028		
16:18:10		492901		330257		162644		
16:18:12		524166		330646		193520		
16:18:14		524166		330770		193396		
16:18:16		524166		330894		193272		
16:18:18		524166		331142		193024		
16:18:20		511702		330830		180872		
16:18:23		511702		330830		180872		
16:18:25		498804		331076		167728		
16:18:27		498804		331076		167728		
16:18:29		498804		331200		167604		
16:18:31		523913		331757		192156		
16:18:33		523913		331625		192288		
16:18:35		504715		331151		173564		
16:18:37		504715		331151		173564		
16:18:39		493547		331267		162280		
16:18:41		493547		331391		162156		
16:18:43		476550		331506		145044		
16:18:45		489744		332176		157568		
16:18:47		489744		332300		157444		
16:18:49		489744		332300		157444		
16:18:51		489744		332548		157196		
16:18:53		489744		332548		157196		
16:18:55		478736		332328		146408		
16:18:57		478736		332452		146284		
16:18:59		494570		333158		161412		
16:19:01		494570		333406		161164		
16:19:03		494570		333530		161040		
16:19:05		494570		333654		160916		
16:19:07		494570		333778		160792		
16:19:09		494570		333902		160668		
16:19:11		494570		334150		160420		
16:19:13		512946		334298		178648		
16:19:15		512946		334422		178524		
16:19:17		512946		334670		178276		
16:19:19		512946		334794		178152		
16:19:21		512946		334918		178028		
16:19:23		512946		335166		177780		
16:19:25		512946		335166		177780		
16:19:27		530011		335243		194768		
16:19:29		530011		335367		194644		
16:19:31		530011		335615		194396		
16:19:33		530011		335739		194272		
16:19:34		530011		335863		194148		
