record in kb
time		total		used		free
[15:11:15]		1048572		0		1048572
[15:11:18]		1048572		0		1048572
[15:11:21]		1048572		0		1048572
[15:11:24]		1048572		0		1048572
[15:11:27]		1048572		0		1048572
[15:11:30]		1048572		0		1048572
[15:11:33]		1048572		0		1048572
[15:11:36]		1048572		0		1048572
[15:11:39]		1048572		0		1048572
[15:11:42]		1048572		0		1048572
[15:11:45]		1048572		0		1048572
[15:11:48]		1048572		0		1048572
[15:11:51]		1048572		0		1048572
[15:11:54]		1048572		0		1048572
[15:11:57]		1048572		0		1048572
[15:12:00]		1048572		0		1048572
[15:12:03]		1048572		0		1048572
[15:12:06]		1048572		0		1048572
[15:12:09]		1048572		0		1048572
[15:12:12]		1048572		0		1048572
[15:12:15]		1048572		0		1048572
[15:12:18]		1048572		0		1048572
[15:12:21]		1048572		0		1048572
[15:12:24]		1048572		0		1048572
[15:12:27]		1048572		0		1048572
[15:12:30]		1048572		0		1048572
[15:12:33]		1048572		0		1048572
[15:12:36]		1048572		0		1048572
[15:12:39]		1048572		0		1048572
[15:12:43]		1048572		0		1048572
[15:12:46]		1048572		0		1048572
[15:12:49]		1048572		0		1048572
[15:12:52]		1048572		0		1048572
[15:12:55]		1048572		0		1048572
[15:12:58]		1048572		0		1048572
[15:13:01]		1048572		0		1048572
[15:13:04]		1048572		0		1048572
[15:13:07]		1048572		0		1048572
[15:13:10]		1048572		0		1048572
[15:13:13]		1048572		0		1048572
[15:13:16]		1048572		0		1048572
[15:13:19]		1048572		0		1048572
[15:13:22]		1048572		0		1048572
[15:13:25]		1048572		0		1048572
[15:13:28]		1048572		0		1048572
[15:13:31]		1048572		0		1048572
[15:13:34]		1048572		0		1048572
[15:13:37]		1048572		0		1048572
[15:13:40]		1048572		0		1048572
[15:13:43]		1048572		0		1048572
[15:13:46]		1048572		0		1048572
[15:13:49]		1048572		0		1048572
[15:13:52]		1048572		0		1048572
[15:13:55]		1048572		0		1048572
[15:13:58]		1048572		0		1048572
[15:14:01]		1048572		0		1048572
[15:14:04]		1048572		0		1048572
[15:14:07]		1048572		0		1048572
[15:14:10]		1048572		0		1048572
[15:14:13]		1048572		0		1048572
[15:14:16]		1048572		0		1048572
[15:14:19]		1048572		0		1048572
[15:14:22]		1048572		0		1048572
[15:14:25]		1048572		0		1048572
[15:14:28]		1048572		0		1048572
[15:14:31]		1048572		0		1048572
[15:14:34]		1048572		0		1048572
[15:14:37]		1048572		0		1048572
[15:14:40]		1048572		0		1048572
[15:14:43]		1048572		0		1048572
[15:14:46]		1048572		0		1048572
[15:14:49]		1048572		0		1048572
[15:14:52]		1048572		0		1048572
[15:14:55]		1048572		0		1048572
[15:14:58]		1048572		0		1048572
[15:15:01]		1048572		0		1048572
[15:15:04]		1048572		0		1048572
[15:15:07]		1048572		0		1048572
[15:15:10]		1048572		0		1048572
[15:15:13]		1048572		0		1048572
[15:15:16]		1048572		0		1048572
[15:15:19]		1048572		0		1048572
[15:15:22]		1048572		0		1048572
[15:15:25]		1048572		0		1048572
[15:15:28]		1048572		0		1048572
[15:15:31]		1048572		0		1048572
[15:15:34]		1048572		0		1048572
[15:15:37]		1048572		0		1048572
[15:15:40]		1048572		0		1048572
[15:15:43]		1048572		0		1048572
[15:15:46]		1048572		0		1048572
[15:15:49]		1048572		0		1048572
[15:15:52]		1048572		0		1048572
[15:15:55]		1048572		0		1048572
[15:15:58]		1048572		0		1048572
[15:16:01]		1048572		0		1048572
[15:16:04]		1048572		0		1048572
[15:16:07]		1048572		0		1048572
[15:16:10]		1048572		0		1048572
[15:16:13]		1048572		0		1048572
[15:16:16]		1048572		0		1048572
[15:16:19]		1048572		0		1048572
[15:16:22]		1048572		0		1048572
[15:16:25]		1048572		0		1048572
[15:16:28]		1048572		0		1048572
[15:16:31]		1048572		0		1048572
[15:16:34]		1048572		0		1048572
[15:16:37]		1048572		0		1048572
[15:16:40]		1048572		0		1048572
[15:16:43]		1048572		0		1048572
[15:16:46]		1048572		0		1048572
[15:16:49]		1048572		0		1048572
[15:16:52]		1048572		0		1048572
[15:16:55]		1048572		0		1048572
[15:16:58]		1048572		0		1048572
[15:17:01]		1048572		0		1048572
[15:17:04]		1048572		0		1048572
[15:17:07]		1048572		0		1048572
[15:17:10]		1048572		0		1048572
[15:17:13]		1048572		0		1048572
[15:17:16]		1048572		0		1048572
[15:17:19]		1048572		0		1048572
[15:17:22]		1048572		0		1048572
[15:17:25]		1048572		0		1048572
[15:17:28]		1048572		0		1048572
[15:17:31]		1048572		0		1048572
[15:17:34]		1048572		0		1048572
[15:17:37]		1048572		0		1048572
[15:17:40]		1048572		0		1048572
[15:17:43]		1048572		0		1048572
[15:17:46]		1048572		0		1048572
[15:17:49]		1048572		0		1048572
[15:17:52]		1048572		0		1048572
[15:17:55]		1048572		0		1048572
[15:17:58]		1048572		0		1048572
[15:18:01]		1048572		0		1048572
[15:18:04]		1048572		0		1048572
[15:18:07]		1048572		0		1048572
[15:18:10]		1048572		0		1048572
[15:18:13]		1048572		4		1048568
[15:18:16]		1048572		4		1048568
[15:18:19]		1048572		4		1048568
[15:18:22]		1048572		4		1048568
[15:18:25]		1048572		4		1048568
[15:18:28]		1048572		4		1048568
[15:18:31]		1048572		4		1048568
[15:18:34]		1048572		4		1048568
[15:18:37]		1048572		4		1048568
[15:18:40]		1048572		4		1048568
[15:18:43]		1048572		4		1048568
[15:18:46]		1048572		4		1048568
[15:18:49]		1048572		4		1048568
[15:18:52]		1048572		4		1048568
[15:18:55]		1048572		4		1048568
[15:18:58]		1048572		4		1048568
[15:19:01]		1048572		4		1048568
[15:19:04]		1048572		4		1048568
[15:19:07]		1048572		4		1048568
[15:19:10]		1048572		4		1048568
[15:19:13]		1048572		4		1048568
[15:19:16]		1048572		4		1048568
[15:19:19]		1048572		4		1048568
[15:19:22]		1048572		4		1048568
[15:19:25]		1048572		4		1048568
[15:19:28]		1048572		4		1048568
[15:19:31]		1048572		4		1048568
[15:19:34]		1048572		4		1048568
[15:19:37]		1048572		4		1048568
[15:19:40]		1048572		4		1048568
[15:19:43]		1048572		4		1048568
[15:19:46]		1048572		4		1048568
[15:19:49]		1048572		4		1048568
[15:19:52]		1048572		4		1048568
[15:19:55]		1048572		4		1048568
[15:19:58]		1048572		4		1048568
[15:20:01]		1048572		4		1048568
[15:20:04]		1048572		4		1048568
[15:20:07]		1048572		4		1048568
[15:20:10]		1048572		4		1048568
[15:20:13]		1048572		4		1048568
[15:20:16]		1048572		4		1048568
[15:20:19]		1048572		4		1048568
[15:20:22]		1048572		4		1048568
[15:20:25]		1048572		4		1048568
[15:20:28]		1048572		4		1048568
[15:20:31]		1048572		4		1048568
[15:20:34]		1048572		4		1048568
[15:20:37]		1048572		4		1048568
[15:20:40]		1048572		4		1048568
[15:20:43]		1048572		4		1048568
[15:20:46]		1048572		4		1048568
[15:20:49]		1048572		4		1048568
[15:20:52]		1048572		4		1048568
[15:20:55]		1048572		4		1048568
[15:20:58]		1048572		4		1048568
[15:21:01]		1048572		4		1048568
[15:21:04]		1048572		4		1048568
[15:21:07]		1048572		4		1048568
[15:21:10]		1048572		4		1048568
[15:21:13]		1048572		4		1048568
[15:21:16]		1048572		4		1048568
[15:21:19]		1048572		4		1048568
[15:21:22]		1048572		4		1048568
[15:21:25]		1048572		4		1048568
[15:21:28]		1048572		4		1048568
[15:21:31]		1048572		4		1048568
[15:21:34]		1048572		4		1048568
[15:21:37]		1048572		4		1048568
[15:21:40]		1048572		4		1048568
[15:21:43]		1048572		4		1048568
[15:21:46]		1048572		4		1048568
[15:21:49]		1048572		4		1048568
[15:21:52]		1048572		4		1048568
[15:21:55]		1048572		4		1048568
[15:21:58]		1048572		4		1048568
[15:22:01]		1048572		4		1048568
[15:22:04]		1048572		4		1048568
[15:22:07]		1048572		4		1048568
[15:22:10]		1048572		4		1048568
[15:22:13]		1048572		4		1048568
[15:22:16]		1048572		4		1048568
[15:22:19]		1048572		4		1048568
[15:22:22]		1048572		4		1048568
[15:22:25]		1048572		4		1048568
[15:22:28]		1048572		4		1048568
[15:22:31]		1048572		4		1048568
[15:22:34]		1048572		4		1048568
[15:22:37]		1048572		4		1048568
[15:22:40]		1048572		4		1048568
[15:22:43]		1048572		4		1048568
[15:22:46]		1048572		4		1048568
[15:22:49]		1048572		4		1048568
[15:22:52]		1048572		4		1048568
[15:22:55]		1048572		4		1048568
[15:22:58]		1048572		4		1048568
[15:23:01]		1048572		4		1048568
[15:23:04]		1048572		4		1048568
[15:23:07]		1048572		4		1048568
[15:23:10]		1048572		4		1048568
[15:23:13]		1048572		4		1048568
[15:23:16]		1048572		4		1048568
[15:23:19]		1048572		4		1048568
[15:23:22]		1048572		4		1048568
[15:23:25]		1048572		4		1048568
[15:23:28]		1048572		4		1048568
[15:23:31]		1048572		4		1048568
[15:23:34]		1048572		4		1048568
[15:23:37]		1048572		4		1048568
[15:23:40]		1048572		4		1048568
[15:23:43]		1048572		4		1048568
[15:23:46]		1048572		4		1048568
[15:23:49]		1048572		4		1048568
[15:23:52]		1048572		4		1048568
[15:23:55]		1048572		4		1048568
[15:23:58]		1048572		4		1048568
[15:24:01]		1048572		4		1048568
[15:24:04]		1048572		4		1048568
[15:24:07]		1048572		4		1048568
[15:24:10]		1048572		4		1048568
[15:24:13]		1048572		4		1048568
[15:24:16]		1048572		4		1048568
[15:24:19]		1048572		4		1048568
[15:24:22]		1048572		4		1048568
[15:24:25]		1048572		4		1048568
[15:24:28]		1048572		4		1048568
[15:24:31]		1048572		4		1048568
[15:24:34]		1048572		4		1048568
[15:24:37]		1048572		4		1048568
[15:24:40]		1048572		4		1048568
[15:24:43]		1048572		4		1048568
[15:24:46]		1048572		4		1048568
[15:24:49]		1048572		4		1048568
[15:24:52]		1048572		4		1048568
[15:24:55]		1048572		4		1048568
[15:24:58]		1048572		4		1048568
[15:25:01]		1048572		4		1048568
[15:25:04]		1048572		4		1048568
[15:25:07]		1048572		4		1048568
[15:25:10]		1048572		4		1048568
[15:25:13]		1048572		4		1048568
[15:25:16]		1048572		4		1048568
[15:25:19]		1048572		4		1048568
[15:25:22]		1048572		4		1048568
[15:25:25]		1048572		4		1048568
[15:25:28]		1048572		4		1048568
[15:25:31]		1048572		4		1048568
[15:25:34]		1048572		4		1048568
[15:25:37]		1048572		4		1048568
[15:25:40]		1048572		4		1048568
[15:25:43]		1048572		4		1048568
[15:25:46]		1048572		4		1048568
[15:25:49]		1048572		4		1048568
[15:25:52]		1048572		4		1048568
[15:25:55]		1048572		4		1048568
[15:25:58]		1048572		4		1048568
[15:26:01]		1048572		4		1048568
[15:26:04]		1048572		4		1048568
[15:26:07]		1048572		4		1048568
[15:26:10]		1048572		4		1048568
[15:26:13]		1048572		4		1048568
[15:26:16]		1048572		4		1048568
[15:26:19]		1048572		4		1048568
[15:26:22]		1048572		4		1048568
[15:26:25]		1048572		4		1048568
[15:26:28]		1048572		4		1048568
[15:26:31]		1048572		4		1048568
[15:26:34]		1048572		4		1048568
[15:26:37]		1048572		4		1048568
[15:26:40]		1048572		4		1048568
[15:26:43]		1048572		4		1048568
[15:26:46]		1048572		4		1048568
[15:26:49]		1048572		4		1048568
[15:26:52]		1048572		4		1048568
[15:26:55]		1048572		4		1048568
[15:26:58]		1048572		4		1048568
[15:27:01]		1048572		4		1048568
[15:27:04]		1048572		4		1048568
[15:27:07]		1048572		4		1048568
[15:27:10]		1048572		4		1048568
[15:27:13]		1048572		4		1048568
[15:27:16]		1048572		4		1048568
[15:27:19]		1048572		4		1048568
[15:27:22]		1048572		4		1048568
[15:27:25]		1048572		4		1048568
[15:27:28]		1048572		4		1048568
[15:27:31]		1048572		4		1048568
[15:27:34]		1048572		4		1048568
[15:27:37]		1048572		4		1048568
[15:27:40]		1048572		4		1048568
[15:27:43]		1048572		4		1048568
[15:27:46]		1048572		4		1048568
[15:27:49]		1048572		4		1048568
[15:27:52]		1048572		4		1048568
[15:27:55]		1048572		4		1048568
[15:27:58]		1048572		4		1048568
[15:28:01]		1048572		4		1048568
[15:28:04]		1048572		4		1048568
[15:28:07]		1048572		4		1048568
[15:28:10]		1048572		4		1048568
[15:28:13]		1048572		4		1048568
[15:28:16]		1048572		4		1048568
[15:28:19]		1048572		4		1048568
[15:28:22]		1048572		4		1048568
[15:28:25]		1048572		4		1048568
[15:28:28]		1048572		4		1048568
[15:28:31]		1048572		4		1048568
[15:28:34]		1048572		4		1048568
[15:28:37]		1048572		4		1048568
[15:28:40]		1048572		4		1048568
[15:28:43]		1048572		4		1048568
[15:28:46]		1048572		4		1048568
[15:28:49]		1048572		4		1048568
[15:28:52]		1048572		4		1048568
[15:28:55]		1048572		4		1048568
[15:28:58]		1048572		4		1048568
[15:29:01]		1048572		4		1048568
[15:29:04]		1048572		4		1048568
[15:29:07]		1048572		4		1048568
[15:29:10]		1048572		4		1048568
[15:29:13]		1048572		4		1048568
[15:29:16]		1048572		4		1048568
[15:29:19]		1048572		4		1048568
[15:29:22]		1048572		4		1048568
[15:29:25]		1048572		4		1048568
[15:29:28]		1048572		4		1048568
[15:29:31]		1048572		4		1048568
[15:29:34]		1048572		4		1048568
[15:29:37]		1048572		4		1048568
[15:29:40]		1048572		4		1048568
[15:29:43]		1048572		4		1048568
[15:29:46]		1048572		4		1048568
[15:29:49]		1048572		4		1048568
[15:29:52]		1048572		4		1048568
[15:29:55]		1048572		4		1048568
[15:29:58]		1048572		4		1048568
[15:30:01]		1048572		4		1048568
[15:30:04]		1048572		4		1048568
[15:30:07]		1048572		4		1048568
[15:30:10]		1048572		4		1048568
[15:30:13]		1048572		4		1048568
[15:30:16]		1048572		4		1048568
[15:30:19]		1048572		4		1048568
[15:30:22]		1048572		4		1048568
[15:30:25]		1048572		4		1048568
[15:30:28]		1048572		4		1048568
[15:30:31]		1048572		4		1048568
[15:30:34]		1048572		4		1048568
[15:30:37]		1048572		4		1048568
[15:30:40]		1048572		4		1048568
[15:30:43]		1048572		4		1048568
[15:30:46]		1048572		4		1048568
[15:30:49]		1048572		4		1048568
[15:30:52]		1048572		4		1048568
[15:30:55]		1048572		4		1048568
[15:30:58]		1048572		4		1048568
[15:31:01]		1048572		4		1048568
[15:31:04]		1048572		4		1048568
[15:31:07]		1048572		4		1048568
[15:31:10]		1048572		4		1048568
[15:31:13]		1048572		4		1048568
[15:31:16]		1048572		4		1048568
[15:31:19]		1048572		4		1048568
[15:31:22]		1048572		4		1048568
[15:31:25]		1048572		4		1048568
[15:31:28]		1048572		4		1048568
[15:31:31]		1048572		4		1048568
[15:31:34]		1048572		4		1048568
[15:31:37]		1048572		4		1048568
[15:31:40]		1048572		4		1048568
[15:31:43]		1048572		4		1048568
[15:31:46]		1048572		4		1048568
[15:31:49]		1048572		4		1048568
[15:31:52]		1048572		4		1048568
[15:31:55]		1048572		4		1048568
[15:31:58]		1048572		4		1048568
[15:32:01]		1048572		4		1048568
[15:32:04]		1048572		4		1048568
[15:32:07]		1048572		4		1048568
[15:32:10]		1048572		4		1048568
[15:32:13]		1048572		4		1048568
[15:32:16]		1048572		4		1048568
[15:32:19]		1048572		4		1048568
[15:32:22]		1048572		4		1048568
[15:32:25]		1048572		4		1048568
[15:32:29]		1048572		4		1048568
[15:32:32]		1048572		4		1048568
[15:32:35]		1048572		4		1048568
[15:32:38]		1048572		4		1048568
[15:32:41]		1048572		4		1048568
[15:32:44]		1048572		4		1048568
[15:32:47]		1048572		4		1048568
[15:32:50]		1048572		4		1048568
[15:32:53]		1048572		4		1048568
[15:32:56]		1048572		4		1048568
[15:32:59]		1048572		4		1048568
[15:33:02]		1048572		4		1048568
[15:33:05]		1048572		4		1048568
[15:33:08]		1048572		4		1048568
[15:33:11]		1048572		4		1048568
[15:33:14]		1048572		4		1048568
[15:33:17]		1048572		4		1048568
[15:33:20]		1048572		4		1048568
[15:33:23]		1048572		4		1048568
[15:33:26]		1048572		4		1048568
[15:33:29]		1048572		4		1048568
[15:33:32]		1048572		4		1048568
[15:33:35]		1048572		4		1048568
[15:33:38]		1048572		4		1048568
[15:33:41]		1048572		4		1048568
[15:33:44]		1048572		4		1048568
[15:33:47]		1048572		4		1048568
[15:33:50]		1048572		4		1048568
[15:33:53]		1048572		4		1048568
[15:33:56]		1048572		4		1048568
[15:33:59]		1048572		4		1048568
[15:34:02]		1048572		4		1048568
[15:34:05]		1048572		4		1048568
[15:34:08]		1048572		4		1048568
[15:34:11]		1048572		4		1048568
[15:34:14]		1048572		4		1048568
[15:34:17]		1048572		4		1048568
[15:34:20]		1048572		4		1048568
[15:34:23]		1048572		4		1048568
[15:34:26]		1048572		4		1048568
[15:34:29]		1048572		4		1048568
[15:34:32]		1048572		4		1048568
[15:34:35]		1048572		4		1048568
[15:34:38]		1048572		4		1048568
[15:34:41]		1048572		4		1048568
[15:34:44]		1048572		4		1048568
[15:34:47]		1048572		4		1048568
[15:34:50]		1048572		4		1048568
[15:34:53]		1048572		4		1048568
[15:34:56]		1048572		4		1048568
[15:34:59]		1048572		4		1048568
[15:35:02]		1048572		4		1048568
[15:35:05]		1048572		4		1048568
[15:35:08]		1048572		4		1048568
[15:35:11]		1048572		4		1048568
[15:35:14]		1048572		4		1048568
[15:35:17]		1048572		4		1048568
[15:35:20]		1048572		4		1048568
[15:35:23]		1048572		4		1048568
[15:35:26]		1048572		4		1048568
[15:35:29]		1048572		4		1048568
[15:35:32]		1048572		4		1048568
[15:35:35]		1048572		4		1048568
[15:35:38]		1048572		4		1048568
[15:35:41]		1048572		4		1048568
[15:35:44]		1048572		4		1048568
[15:35:47]		1048572		4		1048568
[15:35:50]		1048572		4		1048568
[15:35:53]		1048572		4		1048568
[15:35:56]		1048572		4		1048568
[15:35:59]		1048572		4		1048568
[15:36:02]		1048572		4		1048568
[15:36:05]		1048572		4		1048568
[15:36:08]		1048572		4		1048568
[15:36:11]		1048572		4		1048568
[15:36:14]		1048572		4		1048568
[15:36:17]		1048572		4		1048568
[15:36:20]		1048572		4		1048568
[15:36:23]		1048572		4		1048568
[15:36:26]		1048572		4		1048568
[15:36:29]		1048572		4		1048568
[15:36:32]		1048572		4		1048568
[15:36:35]		1048572		4		1048568
[15:36:38]		1048572		4		1048568
[15:36:41]		1048572		4		1048568
[15:36:44]		1048572		4		1048568
[15:36:47]		1048572		4		1048568
[15:36:50]		1048572		4		1048568
[15:36:53]		1048572		4		1048568
[15:36:56]		1048572		4		1048568
[15:36:59]		1048572		4		1048568
[15:37:02]		1048572		4		1048568
[15:37:05]		1048572		4		1048568
[15:37:08]		1048572		4		1048568
[15:37:11]		1048572		4		1048568
[15:37:14]		1048572		4		1048568
[15:37:17]		1048572		4		1048568
[15:37:20]		1048572		4		1048568
[15:37:23]		1048572		4		1048568
[15:37:26]		1048572		4		1048568
[15:37:29]		1048572		4		1048568
[15:37:32]		1048572		4		1048568
[15:37:35]		1048572		4		1048568
[15:37:38]		1048572		4		1048568
[15:37:41]		1048572		4		1048568
[15:37:44]		1048572		4		1048568
[15:37:47]		1048572		4		1048568
[15:37:50]		1048572		4		1048568
[15:37:53]		1048572		4		1048568
[15:37:56]		1048572		4		1048568
[15:37:59]		1048572		4		1048568
[15:38:02]		1048572		4		1048568
[15:38:05]		1048572		4		1048568
[15:38:08]		1048572		4		1048568
[15:38:11]		1048572		4		1048568
[15:38:14]		1048572		4		1048568
[15:38:17]		1048572		4		1048568
[15:38:20]		1048572		4		1048568
[15:38:23]		1048572		4		1048568
[15:38:26]		1048572		4		1048568
[15:38:29]		1048572		4		1048568
[15:38:32]		1048572		4		1048568
[15:38:35]		1048572		4		1048568
[15:38:38]		1048572		4		1048568
[15:38:41]		1048572		4		1048568
[15:38:44]		1048572		4		1048568
[15:38:47]		1048572		4		1048568
[15:38:50]		1048572		4		1048568
[15:38:53]		1048572		4		1048568
[15:38:56]		1048572		4		1048568
[15:38:59]		1048572		4		1048568
[15:39:02]		1048572		4		1048568
[15:39:05]		1048572		4		1048568
[15:39:08]		1048572		4		1048568
[15:39:11]		1048572		4		1048568
[15:39:14]		1048572		4		1048568
[15:39:17]		1048572		4		1048568
[15:39:20]		1048572		4		1048568
[15:39:23]		1048572		4		1048568
[15:39:26]		1048572		4		1048568
[15:39:29]		1048572		4		1048568
[15:39:32]		1048572		4		1048568
[15:39:35]		1048572		4		1048568
[15:39:38]		1048572		4		1048568
[15:39:41]		1048572		4		1048568
[15:39:44]		1048572		4		1048568
[15:39:47]		1048572		4		1048568
[15:39:50]		1048572		4		1048568
[15:39:53]		1048572		4		1048568
[15:39:56]		1048572		4		1048568
[15:39:59]		1048572		4		1048568
[15:40:02]		1048572		4		1048568
[15:40:05]		1048572		4		1048568
[15:40:08]		1048572		4		1048568
[15:40:11]		1048572		4		1048568
[15:40:14]		1048572		4		1048568
[15:40:17]		1048572		4		1048568
[15:40:20]		1048572		4		1048568
[15:40:23]		1048572		4		1048568
[15:40:26]		1048572		4		1048568
[15:40:29]		1048572		4		1048568
[15:40:32]		1048572		4		1048568
[15:40:35]		1048572		4		1048568
[15:40:38]		1048572		4		1048568
[15:40:41]		1048572		4		1048568
[15:40:44]		1048572		4		1048568
[15:40:47]		1048572		4		1048568
[15:40:50]		1048572		4		1048568
[15:40:53]		1048572		4		1048568
[15:40:56]		1048572		4		1048568
[15:40:59]		1048572		4		1048568
[15:41:02]		1048572		4		1048568
[15:41:05]		1048572		4		1048568
[15:41:08]		1048572		4		1048568
[15:41:11]		1048572		4		1048568
[15:41:14]		1048572		4		1048568
[15:41:17]		1048572		4		1048568
[15:41:20]		1048572		4		1048568
[15:41:23]		1048572		4		1048568
[15:41:26]		1048572		4		1048568
[15:41:29]		1048572		4		1048568
[15:41:32]		1048572		4		1048568
[15:41:35]		1048572		4		1048568
[15:41:38]		1048572		4		1048568
[15:41:41]		1048572		4		1048568
[15:41:44]		1048572		4		1048568
[15:41:47]		1048572		4		1048568
[15:41:50]		1048572		4		1048568
[15:41:53]		1048572		4		1048568
[15:41:56]		1048572		4		1048568
[15:41:59]		1048572		4		1048568
[15:42:02]		1048572		4		1048568
[15:42:05]		1048572		4		1048568
[15:42:08]		1048572		4		1048568
[15:42:11]		1048572		4		1048568
[15:42:14]		1048572		4		1048568
[15:42:17]		1048572		4		1048568
[15:42:20]		1048572		4		1048568
[15:42:23]		1048572		4		1048568
[15:42:26]		1048572		4		1048568
[15:42:29]		1048572		4		1048568
[15:42:32]		1048572		4		1048568
[15:42:35]		1048572		4		1048568
[15:42:38]		1048572		4		1048568
[15:42:41]		1048572		4		1048568
[15:42:44]		1048572		4		1048568
[15:42:47]		1048572		4		1048568
[15:42:50]		1048572		4		1048568
[15:42:53]		1048572		4		1048568
[15:42:56]		1048572		4		1048568
[15:42:59]		1048572		4		1048568
[15:43:02]		1048572		4		1048568
[15:43:05]		1048572		4		1048568
[15:43:08]		1048572		4		1048568
[15:43:11]		1048572		4		1048568
[15:43:14]		1048572		4		1048568
[15:43:17]		1048572		4		1048568
[15:43:20]		1048572		4		1048568
[15:43:23]		1048572		4		1048568
[15:43:26]		1048572		4		1048568
[15:43:29]		1048572		4		1048568
[15:43:32]		1048572		4		1048568
[15:43:35]		1048572		4		1048568
[15:43:38]		1048572		4		1048568
[15:43:41]		1048572		4		1048568
[15:43:44]		1048572		4		1048568
[15:43:47]		1048572		4		1048568
[15:43:50]		1048572		4		1048568
[15:43:53]		1048572		4		1048568
[15:43:56]		1048572		4		1048568
[15:43:59]		1048572		4		1048568
[15:44:02]		1048572		4		1048568
[15:44:05]		1048572		4		1048568
[15:44:08]		1048572		4		1048568
[15:44:11]		1048572		4		1048568
[15:44:14]		1048572		4		1048568
[15:44:17]		1048572		4		1048568
[15:44:20]		1048572		4		1048568
[15:44:23]		1048572		4		1048568
[15:44:26]		1048572		4		1048568
[15:44:29]		1048572		4		1048568
[15:44:32]		1048572		4		1048568
[15:44:35]		1048572		4		1048568
[15:44:38]		1048572		4		1048568
[15:44:41]		1048572		4		1048568
[15:44:44]		1048572		4		1048568
[15:44:47]		1048572		4		1048568
[15:44:50]		1048572		4		1048568
[15:44:53]		1048572		4		1048568
[15:44:56]		1048572		4		1048568
[15:44:59]		1048572		4		1048568
[15:45:02]		1048572		4		1048568
[15:45:05]		1048572		4		1048568
[15:45:08]		1048572		4		1048568
[15:45:11]		1048572		4		1048568
[15:45:14]		1048572		4		1048568
[15:45:17]		1048572		4		1048568
[15:45:20]		1048572		4		1048568
[15:45:23]		1048572		4		1048568
[15:45:26]		1048572		4		1048568
[15:45:29]		1048572		4		1048568
[15:45:32]		1048572		4		1048568
[15:45:35]		1048572		4		1048568
[15:45:38]		1048572		4		1048568
[15:45:41]		1048572		4		1048568
[15:45:44]		1048572		4		1048568
[15:45:47]		1048572		4		1048568
[15:45:50]		1048572		4		1048568
[15:45:53]		1048572		4		1048568
[15:45:56]		1048572		4		1048568
[15:45:59]		1048572		4		1048568
[15:46:02]		1048572		4		1048568
[15:46:05]		1048572		4		1048568
[15:46:08]		1048572		4		1048568
[15:46:11]		1048572		4		1048568
[15:46:14]		1048572		4		1048568
[15:46:17]		1048572		4		1048568
[15:46:20]		1048572		4		1048568
[15:46:23]		1048572		4		1048568
[15:46:26]		1048572		4		1048568
[15:46:29]		1048572		4		1048568
[15:46:32]		1048572		4		1048568
[15:46:35]		1048572		4		1048568
[15:46:38]		1048572		4		1048568
[15:46:41]		1048572		4		1048568
[15:46:44]		1048572		4		1048568
[15:46:47]		1048572		4		1048568
[15:46:50]		1048572		4		1048568
[15:46:53]		1048572		4		1048568
[15:46:56]		1048572		4		1048568
[15:46:59]		1048572		4		1048568
[15:47:02]		1048572		4		1048568
[15:47:05]		1048572		4		1048568
[15:47:08]		1048572		4		1048568
[15:47:11]		1048572		4		1048568
[15:47:14]		1048572		4		1048568
[15:47:17]		1048572		4		1048568
[15:47:20]		1048572		4		1048568
[15:47:23]		1048572		4		1048568
[15:47:26]		1048572		4		1048568
[15:47:29]		1048572		4		1048568
[15:47:32]		1048572		4		1048568
[15:47:35]		1048572		4		1048568
[15:47:38]		1048572		4		1048568
[15:47:41]		1048572		4		1048568
[15:47:44]		1048572		4		1048568
[15:47:47]		1048572		4		1048568
[15:47:50]		1048572		4		1048568
[15:47:53]		1048572		4		1048568
[15:47:56]		1048572		4		1048568
[15:47:59]		1048572		4		1048568
[15:48:02]		1048572		4		1048568
[15:48:05]		1048572		4		1048568
[15:48:08]		1048572		4		1048568
[15:48:11]		1048572		4		1048568
[15:48:14]		1048572		4		1048568
[15:48:17]		1048572		4		1048568
[15:48:20]		1048572		4		1048568
[15:48:23]		1048572		4		1048568
[15:48:26]		1048572		4		1048568
[15:48:29]		1048572		4		1048568
[15:48:32]		1048572		4		1048568
[15:48:35]		1048572		4		1048568
[15:48:38]		1048572		4		1048568
[15:48:41]		1048572		4		1048568
[15:48:44]		1048572		4		1048568
[15:48:47]		1048572		4		1048568
[15:48:50]		1048572		4		1048568
[15:48:53]		1048572		4		1048568
[15:48:56]		1048572		4		1048568
[15:48:59]		1048572		4		1048568
[15:49:02]		1048572		4		1048568
[15:49:05]		1048572		4		1048568
[15:49:08]		1048572		4		1048568
[15:49:11]		1048572		4		1048568
[15:49:14]		1048572		4		1048568
[15:49:17]		1048572		4		1048568
[15:49:20]		1048572		4		1048568
[15:49:23]		1048572		4		1048568
[15:49:26]		1048572		4		1048568
[15:49:29]		1048572		4		1048568
[15:49:32]		1048572		4		1048568
[15:49:35]		1048572		4		1048568
[15:49:38]		1048572		4		1048568
[15:49:41]		1048572		4		1048568
[15:49:44]		1048572		4		1048568
[15:49:47]		1048572		4		1048568
[15:49:50]		1048572		4		1048568
[15:49:53]		1048572		4		1048568
[15:49:56]		1048572		4		1048568
[15:49:59]		1048572		4		1048568
[15:50:02]		1048572		4		1048568
[15:50:05]		1048572		4		1048568
[15:50:08]		1048572		4		1048568
[15:50:11]		1048572		4		1048568
[15:50:14]		1048572		4		1048568
[15:50:17]		1048572		4		1048568
[15:50:20]		1048572		4		1048568
[15:50:23]		1048572		4		1048568
[15:50:26]		1048572		4		1048568
[15:50:29]		1048572		4		1048568
[15:50:32]		1048572		4		1048568
[15:50:35]		1048572		4		1048568
[15:50:38]		1048572		4		1048568
[15:50:41]		1048572		4		1048568
[15:50:44]		1048572		4		1048568
[15:50:47]		1048572		4		1048568
[15:50:50]		1048572		4		1048568
[15:50:53]		1048572		4		1048568
[15:50:56]		1048572		4		1048568
[15:50:59]		1048572		4		1048568
[15:51:02]		1048572		4		1048568
[15:51:05]		1048572		4		1048568
[15:51:08]		1048572		4		1048568
[15:51:11]		1048572		4		1048568
[15:51:14]		1048572		4		1048568
[15:51:17]		1048572		4		1048568
[15:51:20]		1048572		4		1048568
[15:51:23]		1048572		4		1048568
[15:51:26]		1048572		4		1048568
[15:51:29]		1048572		4		1048568
[15:51:32]		1048572		4		1048568
[15:51:35]		1048572		4		1048568
[15:51:38]		1048572		4		1048568
[15:51:41]		1048572		4		1048568
[15:51:44]		1048572		4		1048568
[15:51:47]		1048572		4		1048568
[15:51:50]		1048572		4		1048568
[15:51:53]		1048572		4		1048568
[15:51:56]		1048572		4		1048568
[15:51:59]		1048572		4		1048568
[15:52:02]		1048572		4		1048568
[15:52:05]		1048572		4		1048568
[15:52:08]		1048572		4		1048568
[15:52:11]		1048572		4		1048568
[15:52:14]		1048572		4		1048568
[15:52:17]		1048572		4		1048568
[15:52:20]		1048572		4		1048568
[15:52:23]		1048572		4		1048568
[15:52:26]		1048572		4		1048568
[15:52:29]		1048572		4		1048568
[15:52:32]		1048572		4		1048568
[15:52:35]		1048572		4		1048568
[15:52:38]		1048572		4		1048568
[15:52:41]		1048572		4		1048568
[15:52:44]		1048572		4		1048568
[15:52:47]		1048572		4		1048568
[15:52:50]		1048572		4		1048568
[15:52:53]		1048572		4		1048568
[15:52:56]		1048572		4		1048568
[15:52:59]		1048572		4		1048568
[15:53:02]		1048572		4		1048568
[15:53:05]		1048572		4		1048568
[15:53:08]		1048572		4		1048568
[15:53:11]		1048572		4		1048568
[15:53:14]		1048572		4		1048568
[15:53:17]		1048572		4		1048568
[15:53:20]		1048572		4		1048568
[15:53:23]		1048572		4		1048568
[15:53:26]		1048572		4		1048568
[15:53:29]		1048572		4		1048568
[15:53:32]		1048572		4		1048568
[15:53:35]		1048572		4		1048568
[15:53:38]		1048572		4		1048568
[15:53:41]		1048572		4		1048568
[15:53:44]		1048572		4		1048568
[15:53:47]		1048572		4		1048568
[15:53:50]		1048572		4		1048568
[15:53:53]		1048572		4		1048568
[15:53:56]		1048572		4		1048568
[15:53:59]		1048572		4		1048568
[15:54:02]		1048572		4		1048568
[15:54:05]		1048572		4		1048568
[15:54:08]		1048572		4		1048568
[15:54:11]		1048572		4		1048568
[15:54:14]		1048572		4		1048568
[15:54:17]		1048572		4		1048568
[15:54:20]		1048572		4		1048568
[15:54:23]		1048572		4		1048568
[15:54:26]		1048572		4		1048568
[15:54:29]		1048572		4		1048568
[15:54:32]		1048572		4		1048568
[15:54:35]		1048572		4		1048568
[15:54:38]		1048572		4		1048568
[15:54:41]		1048572		4		1048568
[15:54:44]		1048572		4		1048568
[15:54:47]		1048572		4		1048568
[15:54:50]		1048572		4		1048568
[15:54:53]		1048572		4		1048568
[15:54:56]		1048572		4		1048568
[15:54:59]		1048572		4		1048568
[15:55:02]		1048572		4		1048568
[15:55:05]		1048572		4		1048568
[15:55:08]		1048572		4		1048568
[15:55:11]		1048572		4		1048568
[15:55:14]		1048572		4		1048568
[15:55:17]		1048572		4		1048568
[15:55:20]		1048572		4		1048568
[15:55:23]		1048572		4		1048568
[15:55:26]		1048572		4		1048568
[15:55:29]		1048572		4		1048568
[15:55:32]		1048572		4		1048568
[15:55:35]		1048572		4		1048568
[15:55:38]		1048572		4		1048568
[15:55:41]		1048572		4		1048568
[15:55:44]		1048572		4		1048568
[15:55:47]		1048572		4		1048568
[15:55:50]		1048572		4		1048568
[15:55:53]		1048572		4		1048568
[15:55:56]		1048572		4		1048568
[15:55:59]		1048572		4		1048568
[15:56:02]		1048572		4		1048568
[15:56:05]		1048572		132		1048440
[15:56:08]		1048572		132		1048440
[15:56:11]		1048572		132		1048440
[15:56:14]		1048572		132		1048440
[15:56:17]		1048572		132		1048440
[15:56:21]		1048572		132		1048440
[15:56:24]		1048572		132		1048440
[15:56:27]		1048572		132		1048440
[15:56:30]		1048572		132		1048440
[15:56:33]		1048572		132		1048440
[15:56:36]		1048572		132		1048440
[15:56:39]		1048572		132		1048440
[15:56:42]		1048572		132		1048440
[15:56:45]		1048572		132		1048440
[15:56:48]		1048572		132		1048440
[15:56:51]		1048572		132		1048440
[15:56:54]		1048572		132		1048440
[15:56:57]		1048572		132		1048440
[15:57:00]		1048572		132		1048440
[15:57:03]		1048572		132		1048440
[15:57:06]		1048572		132		1048440
[15:57:09]		1048572		132		1048440
[15:57:12]		1048572		132		1048440
[15:57:15]		1048572		132		1048440
[15:57:18]		1048572		132		1048440
[15:57:21]		1048572		132		1048440
[15:57:24]		1048572		132		1048440
[15:57:27]		1048572		132		1048440
[15:57:30]		1048572		132		1048440
[15:57:33]		1048572		132		1048440
[15:57:36]		1048572		132		1048440
[15:57:39]		1048572		132		1048440
[15:57:42]		1048572		132		1048440
[15:57:45]		1048572		132		1048440
[15:57:48]		1048572		132		1048440
[15:57:51]		1048572		132		1048440
[15:57:54]		1048572		132		1048440
[15:57:57]		1048572		132		1048440
[15:58:00]		1048572		132		1048440
[15:58:03]		1048572		132		1048440
[15:58:06]		1048572		132		1048440
[15:58:09]		1048572		132		1048440
[15:58:12]		1048572		132		1048440
[15:58:15]		1048572		132		1048440
[15:58:18]		1048572		132		1048440
[15:58:21]		1048572		132		1048440
[15:58:24]		1048572		132		1048440
[15:58:27]		1048572		132		1048440
[15:58:30]		1048572		132		1048440
[15:58:33]		1048572		132		1048440
[15:58:36]		1048572		132		1048440
[15:58:39]		1048572		132		1048440
[15:58:42]		1048572		132		1048440
[15:58:45]		1048572		132		1048440
[15:58:48]		1048572		132		1048440
[15:58:51]		1048572		132		1048440
[15:58:54]		1048572		132		1048440
[15:58:57]		1048572		132		1048440
[15:59:00]		1048572		132		1048440
[15:59:03]		1048572		132		1048440
[15:59:06]		1048572		132		1048440
[15:59:09]		1048572		132		1048440
[15:59:12]		1048572		132		1048440
[15:59:15]		1048572		132		1048440
[15:59:18]		1048572		132		1048440
[15:59:21]		1048572		132		1048440
[15:59:24]		1048572		132		1048440
[15:59:27]		1048572		132		1048440
[15:59:30]		1048572		132		1048440
[15:59:33]		1048572		132		1048440
[15:59:36]		1048572		132		1048440
[15:59:39]		1048572		132		1048440
[15:59:42]		1048572		132		1048440
[15:59:45]		1048572		132		1048440
[15:59:48]		1048572		132		1048440
[15:59:51]		1048572		132		1048440
[15:59:54]		1048572		132		1048440
[15:59:57]		1048572		132		1048440
[16:00:00]		1048572		132		1048440
[16:00:03]		1048572		132		1048440
[16:00:06]		1048572		132		1048440
[16:00:09]		1048572		132		1048440
[16:00:12]		1048572		132		1048440
[16:00:15]		1048572		132		1048440
[16:00:18]		1048572		132		1048440
[16:00:21]		1048572		132		1048440
[16:00:24]		1048572		132		1048440
[16:00:27]		1048572		132		1048440
[16:00:30]		1048572		132		1048440
[16:00:33]		1048572		132		1048440
[16:00:36]		1048572		132		1048440
[16:00:39]		1048572		132		1048440
[16:00:42]		1048572		132		1048440
[16:00:45]		1048572		132		1048440
[16:00:48]		1048572		132		1048440
[16:00:51]		1048572		132		1048440
[16:00:54]		1048572		132		1048440
[16:00:57]		1048572		132		1048440
[16:01:00]		1048572		132		1048440
[16:01:03]		1048572		132		1048440
[16:01:06]		1048572		132		1048440
[16:01:09]		1048572		132		1048440
[16:01:12]		1048572		132		1048440
[16:01:15]		1048572		132		1048440
[16:01:18]		1048572		132		1048440
[16:01:21]		1048572		132		1048440
[16:01:24]		1048572		132		1048440
[16:01:27]		1048572		132		1048440
[16:01:30]		1048572		132		1048440
[16:01:33]		1048572		132		1048440
[16:01:36]		1048572		132		1048440
[16:01:39]		1048572		132		1048440
[16:01:42]		1048572		132		1048440
[16:01:45]		1048572		132		1048440
[16:01:48]		1048572		132		1048440
[16:01:51]		1048572		132		1048440
[16:01:54]		1048572		132		1048440
[16:01:57]		1048572		132		1048440
[16:02:00]		1048572		132		1048440
[16:02:03]		1048572		132		1048440
[16:02:06]		1048572		132		1048440
[16:02:09]		1048572		132		1048440
[16:02:12]		1048572		132		1048440
[16:02:15]		1048572		132		1048440
[16:02:18]		1048572		132		1048440
[16:02:21]		1048572		132		1048440
[16:02:24]		1048572		132		1048440
[16:02:27]		1048572		132		1048440
[16:02:30]		1048572		132		1048440
[16:02:33]		1048572		132		1048440
[16:02:36]		1048572		132		1048440
[16:02:39]		1048572		132		1048440
[16:02:42]		1048572		132		1048440
[16:02:45]		1048572		132		1048440
[16:02:48]		1048572		132		1048440
[16:02:51]		1048572		132		1048440
[16:02:54]		1048572		132		1048440
[16:02:57]		1048572		132		1048440
[16:03:00]		1048572		132		1048440
[16:03:03]		1048572		132		1048440
[16:03:06]		1048572		132		1048440
[16:03:09]		1048572		132		1048440
[16:03:12]		1048572		132		1048440
[16:03:15]		1048572		132		1048440
[16:03:18]		1048572		132		1048440
[16:03:21]		1048572		132		1048440
[16:03:24]		1048572		132		1048440
[16:03:27]		1048572		132		1048440
[16:03:30]		1048572		132		1048440
[16:03:33]		1048572		132		1048440
[16:03:36]		1048572		132		1048440
[16:03:39]		1048572		132		1048440
[16:03:42]		1048572		132		1048440
[16:03:45]		1048572		132		1048440
[16:03:48]		1048572		132		1048440
[16:03:51]		1048572		132		1048440
[16:03:54]		1048572		132		1048440
[16:03:57]		1048572		132		1048440
[16:04:00]		1048572		132		1048440
[16:04:03]		1048572		132		1048440
[16:04:06]		1048572		132		1048440
[16:04:09]		1048572		132		1048440
[16:04:12]		1048572		132		1048440
[16:04:15]		1048572		132		1048440
[16:04:18]		1048572		132		1048440
[16:04:21]		1048572		132		1048440
[16:04:24]		1048572		132		1048440
[16:04:27]		1048572		132		1048440
[16:04:30]		1048572		132		1048440
[16:04:33]		1048572		132		1048440
[16:04:36]		1048572		132		1048440
[16:04:39]		1048572		132		1048440
[16:04:42]		1048572		132		1048440
[16:04:45]		1048572		132		1048440
[16:04:48]		1048572		132		1048440
[16:04:51]		1048572		132		1048440
[16:04:54]		1048572		132		1048440
[16:04:57]		1048572		132		1048440
[16:05:00]		1048572		132		1048440
[16:05:03]		1048572		132		1048440
[16:05:06]		1048572		132		1048440
[16:05:09]		1048572		132		1048440
[16:05:12]		1048572		132		1048440
[16:05:15]		1048572		132		1048440
[16:05:18]		1048572		132		1048440
[16:05:21]		1048572		132		1048440
[16:05:24]		1048572		132		1048440
[16:05:27]		1048572		132		1048440
[16:05:30]		1048572		132		1048440
[16:05:33]		1048572		132		1048440
[16:05:36]		1048572		132		1048440
[16:05:39]		1048572		132		1048440
[16:05:42]		1048572		132		1048440
[16:05:45]		1048572		132		1048440
[16:05:48]		1048572		132		1048440
[16:05:51]		1048572		132		1048440
[16:05:54]		1048572		132		1048440
[16:05:57]		1048572		132		1048440
[16:06:00]		1048572		132		1048440
[16:06:03]		1048572		132		1048440
[16:06:06]		1048572		132		1048440
[16:06:09]		1048572		132		1048440
[16:06:12]		1048572		132		1048440
[16:06:15]		1048572		132		1048440
[16:06:18]		1048572		132		1048440
[16:06:21]		1048572		132		1048440
[16:06:24]		1048572		132		1048440
[16:06:27]		1048572		132		1048440
[16:06:30]		1048572		132		1048440
[16:06:33]		1048572		132		1048440
[16:06:36]		1048572		132		1048440
[16:06:39]		1048572		132		1048440
[16:06:42]		1048572		132		1048440
[16:06:45]		1048572		132		1048440
[16:06:48]		1048572		132		1048440
[16:06:51]		1048572		132		1048440
[16:06:54]		1048572		132		1048440
[16:06:57]		1048572		132		1048440
[16:07:00]		1048572		132		1048440
[16:07:03]		1048572		132		1048440
[16:07:06]		1048572		132		1048440
[16:07:09]		1048572		132		1048440
[16:07:12]		1048572		132		1048440
[16:07:15]		1048572		132		1048440
[16:07:18]		1048572		132		1048440
[16:07:21]		1048572		132		1048440
[16:07:24]		1048572		132		1048440
[16:07:27]		1048572		132		1048440
[16:07:30]		1048572		132		1048440
[16:07:33]		1048572		132		1048440
[16:07:36]		1048572		132		1048440
[16:07:39]		1048572		132		1048440
[16:07:42]		1048572		132		1048440
[16:07:45]		1048572		132		1048440
[16:07:48]		1048572		132		1048440
[16:07:51]		1048572		132		1048440
[16:07:54]		1048572		132		1048440
[16:07:57]		1048572		132		1048440
[16:08:00]		1048572		132		1048440
[16:08:03]		1048572		132		1048440
[16:08:06]		1048572		132		1048440
[16:08:09]		1048572		132		1048440
[16:08:12]		1048572		132		1048440
[16:08:15]		1048572		132		1048440
[16:08:18]		1048572		132		1048440
[16:08:21]		1048572		132		1048440
[16:08:24]		1048572		132		1048440
[16:08:27]		1048572		132		1048440
[16:08:30]		1048572		132		1048440
[16:08:33]		1048572		132		1048440
[16:08:36]		1048572		132		1048440
[16:08:39]		1048572		132		1048440
[16:08:42]		1048572		132		1048440
[16:08:45]		1048572		132		1048440
[16:08:48]		1048572		132		1048440
[16:08:51]		1048572		132		1048440
[16:08:54]		1048572		132		1048440
[16:08:57]		1048572		132		1048440
[16:09:00]		1048572		132		1048440
[16:09:03]		1048572		132		1048440
[16:09:06]		1048572		132		1048440
[16:09:09]		1048572		132		1048440
[16:09:12]		1048572		132		1048440
[16:09:15]		1048572		132		1048440
[16:09:18]		1048572		132		1048440
[16:09:21]		1048572		132		1048440
[16:09:24]		1048572		132		1048440
[16:09:27]		1048572		132		1048440
[16:09:30]		1048572		132		1048440
[16:09:33]		1048572		132		1048440
[16:09:36]		1048572		132		1048440
[16:09:39]		1048572		132		1048440
[16:09:42]		1048572		132		1048440
[16:09:45]		1048572		132		1048440
[16:09:48]		1048572		132		1048440
[16:09:51]		1048572		132		1048440
[16:09:54]		1048572		132		1048440
[16:09:57]		1048572		132		1048440
[16:10:00]		1048572		132		1048440
[16:10:03]		1048572		132		1048440
[16:10:06]		1048572		132		1048440
[16:10:09]		1048572		132		1048440
[16:10:12]		1048572		132		1048440
[16:10:15]		1048572		132		1048440
[16:10:18]		1048572		132		1048440
[16:10:21]		1048572		132		1048440
[16:10:24]		1048572		132		1048440
[16:10:27]		1048572		132		1048440
[16:10:30]		1048572		132		1048440
[16:10:33]		1048572		132		1048440
[16:10:36]		1048572		132		1048440
[16:10:39]		1048572		132		1048440
[16:10:42]		1048572		132		1048440
[16:10:45]		1048572		132		1048440
[16:10:48]		1048572		132		1048440
[16:10:51]		1048572		132		1048440
[16:10:54]		1048572		132		1048440
[16:10:57]		1048572		132		1048440
[16:11:00]		1048572		132		1048440
[16:11:03]		1048572		132		1048440
[16:11:06]		1048572		132		1048440
[16:11:09]		1048572		132		1048440
[16:11:12]		1048572		132		1048440
[16:11:15]		1048572		132		1048440
[16:11:18]		1048572		132		1048440
[16:11:21]		1048572		132		1048440
[16:11:24]		1048572		132		1048440
[16:11:27]		1048572		132		1048440
[16:11:30]		1048572		132		1048440
[16:11:33]		1048572		132		1048440
[16:11:36]		1048572		132		1048440
[16:11:39]		1048572		132		1048440
[16:11:42]		1048572		132		1048440
[16:11:45]		1048572		132		1048440
[16:11:48]		1048572		132		1048440
[16:11:51]		1048572		132		1048440
[16:11:54]		1048572		132		1048440
[16:11:57]		1048572		132		1048440
[16:12:00]		1048572		132		1048440
[16:12:03]		1048572		132		1048440
[16:12:06]		1048572		132		1048440
[16:12:09]		1048572		132		1048440
[16:12:12]		1048572		132		1048440
[16:12:15]		1048572		132		1048440
[16:12:18]		1048572		132		1048440
[16:12:21]		1048572		132		1048440
[16:12:24]		1048572		132		1048440
[16:12:27]		1048572		132		1048440
[16:12:30]		1048572		132		1048440
[16:12:33]		1048572		132		1048440
[16:12:36]		1048572		132		1048440
[16:12:39]		1048572		132		1048440
[16:12:42]		1048572		132		1048440
[16:12:45]		1048572		132		1048440
[16:12:48]		1048572		132		1048440
[16:12:51]		1048572		132		1048440
[16:12:54]		1048572		132		1048440
[16:12:57]		1048572		132		1048440
[16:13:00]		1048572		132		1048440
[16:13:03]		1048572		132		1048440
[16:13:06]		1048572		132		1048440
[16:13:09]		1048572		132		1048440
[16:13:12]		1048572		132		1048440
[16:13:15]		1048572		132		1048440
[16:13:18]		1048572		132		1048440
[16:13:21]		1048572		132		1048440
[16:13:24]		1048572		132		1048440
[16:13:27]		1048572		132		1048440
[16:13:30]		1048572		132		1048440
[16:13:33]		1048572		132		1048440
[16:13:36]		1048572		132		1048440
[16:13:39]		1048572		132		1048440
[16:13:42]		1048572		132		1048440
[16:13:45]		1048572		132		1048440
[16:13:48]		1048572		132		1048440
[16:13:51]		1048572		132		1048440
[16:13:54]		1048572		132		1048440
[16:13:57]		1048572		132		1048440
[16:14:00]		1048572		132		1048440
[16:14:03]		1048572		132		1048440
[16:14:06]		1048572		132		1048440
[16:14:09]		1048572		132		1048440
[16:14:12]		1048572		132		1048440
[16:14:15]		1048572		132		1048440
[16:14:18]		1048572		132		1048440
[16:14:21]		1048572		132		1048440
[16:14:24]		1048572		132		1048440
[16:14:27]		1048572		132		1048440
[16:14:30]		1048572		132		1048440
[16:14:33]		1048572		132		1048440
[16:14:36]		1048572		132		1048440
[16:14:39]		1048572		132		1048440
[16:14:42]		1048572		132		1048440
[16:14:45]		1048572		132		1048440
[16:14:48]		1048572		132		1048440
[16:14:51]		1048572		132		1048440
[16:14:54]		1048572		132		1048440
[16:14:57]		1048572		132		1048440
[16:15:00]		1048572		132		1048440
[16:15:03]		1048572		132		1048440
[16:15:06]		1048572		132		1048440
[16:15:09]		1048572		132		1048440
[16:15:12]		1048572		132		1048440
[16:15:15]		1048572		132		1048440
[16:15:18]		1048572		132		1048440
[16:15:21]		1048572		132		1048440
[16:15:24]		1048572		132		1048440
[16:15:27]		1048572		132		1048440
[16:15:30]		1048572		132		1048440
[16:15:33]		1048572		132		1048440
[16:15:36]		1048572		132		1048440
[16:15:39]		1048572		132		1048440
[16:15:42]		1048572		132		1048440
[16:15:45]		1048572		132		1048440
[16:15:48]		1048572		132		1048440
[16:15:51]		1048572		132		1048440
[16:15:54]		1048572		132		1048440
[16:15:57]		1048572		132		1048440
[16:16:00]		1048572		132		1048440
[16:16:03]		1048572		132		1048440
[16:16:06]		1048572		132		1048440
[16:16:09]		1048572		132		1048440
[16:16:12]		1048572		132		1048440
[16:16:15]		1048572		132		1048440
[16:16:18]		1048572		132		1048440
[16:16:21]		1048572		132		1048440
[16:16:24]		1048572		132		1048440
[16:16:27]		1048572		132		1048440
[16:16:30]		1048572		132		1048440
[16:16:33]		1048572		132		1048440
[16:16:36]		1048572		132		1048440
[16:16:39]		1048572		132		1048440
[16:16:42]		1048572		132		1048440
[16:16:45]		1048572		132		1048440
[16:16:48]		1048572		132		1048440
[16:16:51]		1048572		132		1048440
[16:16:54]		1048572		132		1048440
[16:16:57]		1048572		132		1048440
[16:17:00]		1048572		132		1048440
[16:17:03]		1048572		132		1048440
[16:17:06]		1048572		132		1048440
[16:17:09]		1048572		132		1048440
[16:17:12]		1048572		132		1048440
[16:17:15]		1048572		132		1048440
[16:17:18]		1048572		132		1048440
[16:17:21]		1048572		132		1048440
[16:17:24]		1048572		132		1048440
[16:17:27]		1048572		132		1048440
[16:17:30]		1048572		132		1048440
[16:17:33]		1048572		132		1048440
[16:17:36]		1048572		132		1048440
[16:17:39]		1048572		132		1048440
[16:17:42]		1048572		132		1048440
[16:17:45]		1048572		132		1048440
[16:17:48]		1048572		132		1048440
[16:17:51]		1048572		132		1048440
[16:17:54]		1048572		132		1048440
[16:17:57]		1048572		132		1048440
[16:18:00]		1048572		132		1048440
[16:18:03]		1048572		132		1048440
[16:18:06]		1048572		132		1048440
[16:18:09]		1048572		132		1048440
[16:18:12]		1048572		132		1048440
[16:18:15]		1048572		132		1048440
[16:18:18]		1048572		132		1048440
[16:18:21]		1048572		132		1048440
[16:18:24]		1048572		132		1048440
[16:18:27]		1048572		132		1048440
