recorded by mmserver domain:[id:5 time:Wed Mar 27 18:25:11 2013
]
time		tg_mem		use_mem		free_mem		
18:25:13		524288		319004		205284		
18:25:15		524288		319004		205284		
18:25:17		524288		319004		205284		
18:25:19		524288		319004		205284		
18:25:21		524288		319004		205284		
18:25:23		524288		319004		205284		
18:25:25		524288		319004		205284		
18:25:27		524288		319004		205284		
18:25:29		524288		319004		205284		
18:25:31		524288		319004		205284		
18:25:33		524288		319004		205284		
18:25:35		524288		319004		205284		
18:25:37		524288		319004		205284		
18:25:39		524288		319004		205284		
18:25:41		524288		319004		205284		
18:25:43		524288		319004		205284		
18:25:45		524288		319004		205284		
18:25:47		524288		319004		205284		
18:25:49		524288		319004		205284		
18:25:51		531211		319983		211228		
18:25:53		531252		328032		203220		
18:25:55		532419		338803		193616		
18:25:57		536442		341070		195372		
18:25:59		536572		346300		190272		
18:26:01		538123		348379		189744		
18:26:03		537988		349128		188860		
18:26:05		535420		350064		185356		
18:26:07		530434		353794		176640		
18:26:09		528510		358070		170440		
18:26:11		530185		363113		167072		
18:26:13		529214		367102		162112		
18:26:15		530213		372769		157444		
18:26:17		531317		377253		154064		
18:26:19		533048		382720		150328		
18:26:22		525882		386886		138996		
18:26:24		528154		392522		135632		
18:26:26		530541		397901		132640		
18:26:28		516095		400435		115660		
18:26:30		522876		405560		117316		
18:26:32		526491		409915		116576		
18:26:34		528512		414204		114308		
18:26:36		529838		419314		110524		
18:26:38		531259		422563		108696		
18:26:40		531360		427688		103672		
18:26:42		532870		431282		101588		
18:26:44		533176		436348		96828		
18:26:46		533568		441716		91852		
18:26:48		534144		446152		87992		
18:26:50		534904		449020		85884		
18:26:52		535370		453842		81528		
18:26:54		536100		460912		75188		
18:26:56		540560		465760		74800		
18:26:58		542437		470537		71900		
18:27:00		545060		469028		76032		
18:27:02		541902		472162		69740		
18:27:04		545459		480315		65144		
18:27:06		552321		474197		78124		
18:27:08		547348		469224		78124		
18:27:10		546056		480236		65820		
18:27:12		554904		477624		77280		
18:27:14		552147		476599		75548		
18:27:16		550890		478770		72120		
18:27:18		552667		477487		75180		
18:27:20		553306		487226		66080		
18:27:22		560656		494392		66264		
18:27:24		569000		500360		68640		
18:27:26		574464		501316		73148		
18:27:28		571971		506451		65520		
18:27:30		578712		507600		71112		
18:27:32		580780		513848		66932		
18:27:34		585572		514364		71208		
18:27:36		586247		515671		70576		
18:27:38		585013		519521		65492		
18:27:40		589384		521332		68052		
18:27:42		590716		517080		73636		
18:27:44		587307		512499		74808		
18:27:46		583063		511231		71832		
18:27:48		581415		512807		68608		
18:27:50		581415		513047		68368		
18:27:52		582410		509578		72832		
18:27:54		579391		510527		68864		
18:27:56		579788		512660		67128		
18:27:58		581404		514896		66508		
18:28:00		583329		526957		56372		
18:28:02		592864		523844		69020		
18:28:04		673066		524066		149000		
18:28:06		670589		525061		145528		
18:28:08		662883		526011		136872		
18:28:10		661618		255378		406240		
18:28:12		661618		331058		330560		
18:28:14		661618		405954		255664		
18:28:16		558608		433972		124636		
18:28:18		579218		454582		124636		
18:28:20		586228		456896		129332		
18:28:22		589540		464680		124860		
18:28:24		594436		469832		124604		
18:28:26		596653		479429		117224		
18:28:28		605214		491354		113860		
18:28:30		615520		513228		102292		
18:28:32		624098		533562		90536		
18:28:34		634206		542130		92076		
18:28:36		634206		558626		75580		
18:28:38		634206		561242		72964		
18:28:40		651781		573169		78612		
18:28:42		662004		594072		67932		
18:28:44		677781		604637		73144		
18:28:46		685147		616171		68976		
18:28:48		696462		625642		70820		
18:28:50		699927		617923		82004		
18:28:53		692185		617993		74192		
18:28:55		698555		620395		78160		
18:28:57		696511		620955		75556		
18:28:59		696504		619824		76680		
18:29:01		697038		621598		75440		
18:29:03		692455		618751		73704		
18:29:05		692455		620611		71844		
18:29:07		696444		622616		73828		
18:29:09		698213		625005		73208		
18:29:11		698955		631395		67560		
18:29:13		705203		637891		67312		
18:29:15		711843		637711		74132		
18:29:17		710684		631716		78968		
18:29:19		702737		289185		413552		
18:29:21		437657		300937		136720		
18:29:23		447108		377988		69120		
18:29:25		505037		425437		79600		
18:29:27		540119		437075		103044		
18:29:29		544563		448015		96548		
18:29:31		554555		454775		99780		
18:29:33		566892		461540		105352		
18:29:35		568529		469133		99396		
18:29:37		572550		481974		90576		
18:29:39		578424		504872		73552		
18:29:41		598729		520193		78536		
18:29:43		610616		532772		77844		
18:29:45		625135		550031		75104		
18:29:47		641222		558742		82480		
18:29:49		648595		572907		75688		
18:29:51		661158		588626		72532		
18:29:53		669599		605291		64308		
18:29:55		689238		599650		89588		
18:29:57		679700		606172		73528		
18:29:59		685125		611717		73408		
18:30:01		689580		612080		77500		
18:30:03		686790		613754		73036		
18:30:05		692466		616454		76012		
18:30:07		692360		618696		73664		
18:30:09		694825		620045		74780		
18:30:11		695864		620836		75028		
18:30:13		693617		622061		71556		
18:30:15		690142		623546		66596		
18:30:17		774684		625504		149180		
18:30:19		768484		631828		136656		
18:30:21		770823		633671		137152		
18:30:23		756551		634899		121652		
18:30:25		760580		636200		124380		
18:30:27		758415		620979		137436		
18:30:29		758415		346803		411612		
18:30:31		541217		339453		201764		
18:30:33		527571		430203		97368		
18:30:35		590436		441608		148828		
18:30:37		593714		451614		142100		
18:30:39		600618		457774		142844		
18:30:41		602424		466960		135464		
18:30:43		602409		475145		127264		
18:30:45		606808		500032		106776		
18:30:47		628580		520052		108528		
18:30:49		643824		527292		116532		
18:30:51		650276		544412		105864		
18:30:53		663304		558960		104344		
18:30:55		670548		570672		99876		
18:30:57		692583		587307		105276		
18:30:59		704410		600254		104156		
18:31:01		713259		604399		108860		
18:31:03		714252		627936		86316		
18:31:05		730905		638505		92400		
18:31:07		726154		638962		87192		
18:31:09		726899		636359		90540		
18:31:11		722984		637032		85952		
18:31:13		726311		637623		88688		
18:31:15		723478		638510		84968		
18:31:17		723135		639655		83480		
18:31:19		724940		641832		83108		
18:31:21		721533		642889		78644		
18:31:24		723117		648813		74304		
18:31:26		725916		653844		72072		
18:31:28		725916		656892		69024		
18:31:30		726048		658596		67452		
18:31:32		724086		656014		68072		
18:31:34		728972		325548		403424		
18:31:36		463320		265120		198200		
18:31:38		484436		415872		68564		
18:31:40		537380		417144		120236		
18:31:42		536513		428337		108176		
18:31:44		544262		435706		108556		
18:31:46		550631		444811		105820		
18:31:48		556642		455234		101408		
18:31:50		556642		464418		92224		
18:31:52		558968		485576		73392		
18:31:54		570463		490623		79840		
18:31:56		573418		500958		72460		
18:31:58		580659		508291		72368		
18:32:00		589171		509427		79744		
18:32:02		593202		516962		76240		
18:32:04		594266		525834		68432		
18:32:06		599086		530910		68176		
18:32:08		612902		535834		77068		
18:32:10		617470		540046		77424		
18:32:12		621054		556354		64700		
18:32:14		633636		560628		73008		
18:32:16		635632		562632		73000		
18:32:18		637197		562957		74240		
18:32:20		636998		564370		72628		
18:32:22		637224		564944		72280		
18:32:24		637224		566184		71040		
18:32:26		636504		567572		68932		
18:32:28		712130		569418		142712		
18:32:30		720068		571156		148912		
18:32:32		695044		571924		123120		
18:32:34		694803		579247		115556		
18:32:36		700536		581756		118780		
18:32:38		701911		584619		117292		
18:32:40		702525		579281		123244		
18:32:42		691715		579739		111976		
18:32:44		687617		370913		316704		
18:32:46		521103		418191		102912		
18:32:48		555744		424684		131060		
18:32:50		557770		442242		115528		
18:32:52		568079		448811		119268		
18:32:54		571029		459621		111408		
18:32:56		570895		466579		104316		
18:32:58		570895		476011		94884		
18:33:00		575252		508400		66852		
18:33:02		608600		517644		90956		
18:33:04		610729		519565		91164		
18:33:06		609384		519360		90024		
18:33:08		608089		519741		88348		
18:33:10		605778		519926		85852		
18:33:12		612637		520601		92036		
18:33:14		608586		520442		88144		
18:33:16		604664		532512		72152		
18:33:18		614770		540962		73808		
18:33:20		614160		539648		74512		
18:33:22		608545		536289		72256		
18:33:24		604789		531117		73672		
18:33:26		610834		533738		77096		
18:33:28		617045		541801		75244		
18:33:30		620332		546128		74204		
18:33:32		627984		559752		68232		
18:33:34		633386		566422		66964		
18:33:36		634610		561950		72660		
18:33:38		634944		559556		75388		
18:33:40		631937		559525		72412		
18:33:42		630794		559738		71056		
18:33:44		630569		561001		69568		
18:33:46		650026		561858		88168		
18:33:48		646124		562916		83208		
18:33:50		651973		565293		86680		
18:33:52		659239		566979		92260		
18:33:54		657289		568253		89036		
18:33:56		655982		571146		84836		
18:33:58		657639		573671		83968		
18:34:01		660552		574724		85828		
18:34:03		655955		574839		81116		
18:34:05		650834		319034		331800		
18:34:07		451524		376052		75472		
18:34:09		488704		385156		103548		
18:34:11		496570		396882		99688		
18:34:13		502362		400078		102284		
18:34:15		513709		414897		98812		
18:34:17		526469		419357		107112		
18:34:19		522894		434818		88076		
18:34:21		527494		442286		85208		
18:34:23		529023		460831		68192		
18:34:25		539499		473551		65948		
18:34:27		546146		471922		74224		
18:34:29		543265		476917		66348		
18:34:31		547319		486507		60812		
18:34:33		547319		489547		57772		
18:34:35		567662		496998		70664		
18:34:37		576274		517662		58612		
18:34:39		590220		523960		66260		
18:34:41		594583		528947		65636		
18:34:43		595320		525236		70084		
18:34:45		676274		529786		146488		
18:34:47		680223		523499		156724		
18:34:49		657044		522888		134156		
18:34:51		651613		527253		124360		
18:34:53		650133		527385		122748		
18:34:55		650265		534081		116184		
18:34:57		656961		533585		123376		
18:34:59		656465		533833		122632		
18:35:01		650438		534378		116060		
18:35:03		641245		536097		105148		
18:35:05		637890		536958		100932		
18:35:07		639512		553708		85804		
18:35:09		662758		555130		107628		
18:35:11		660648		551284		109364		
18:35:13		654480		552556		101924		
18:35:15		659593		554181		105412		
18:35:17		672111		291719		380392		
18:35:19		460739		299723		161016		
18:35:21		466119		387731		78388		
18:35:23		534740		402660		132080		
18:35:25		544305		405901		138404		
18:35:27		539319		422515		116804		
18:35:29		545361		430673		114688		
18:35:31		558275		441263		117012		
18:35:33		559554		449626		109928		
18:35:35		566639		467911		98728		
18:35:37		573050		494258		78792		
18:35:39		588573		509781		78792		
18:35:41		595290		522410		72880		
18:35:43		616883		529223		87660		
18:35:45		621290		541198		80092		
18:35:47		627852		556992		70860		
18:35:49		642957		570869		72088		
18:35:51		642957		580913		62044		
18:35:53		663260		586132		77128		
18:35:55		666183		589923		76260		
18:35:57		670558		590206		80352		
18:35:59		666242		592090		74152		
18:36:01		674718		599326		75392		
18:36:03		679786		597194		82592		
18:36:05		685599		597923		87676		
18:36:07		750637		599101		151536		
18:36:09		759556		600828		158728		
18:36:11		744858		602126		142732		
18:36:13		742069		616325		125744		
18:36:15		744592		619964		124628		
18:36:17		745774		623750		122024		
18:36:19		752727		630703		122024		
18:36:21		754836		622024		132812		
18:36:23		746237		270881		475356		
18:36:26		486627		202639		283988		
18:36:28		515385		416309		99076		
18:36:30		589723		427407		162316		
18:36:32		598367		439307		159060		
18:36:34		602038		445086		156952		
18:36:36		602917		455089		147828		
18:36:38		606465		463217		143248		
18:36:40		621285		475589		145696		
18:36:42		621863		506047		115816		
18:36:44		641245		517533		123712		
18:36:46		655860		517656		138204		
18:36:48		649846		517486		132360		
18:36:50		648890		517562		131328		
18:36:52		642243		518007		124236		
18:36:54		635944		518204		117740		
18:36:56		663136		519752		143384		
18:36:58		672466		535442		137024		
18:37:00		675204		549288		125916		
18:37:02		686259		557507		128752		
18:37:04		683133		566545		116588		
18:37:06		698166		587330		110836		
18:37:08		720897		598129		122768		
18:37:10		724458		605686		118772		
18:37:12		729806		619514		110292		
18:37:14		740096		623736		116360		
18:37:16		745319		620899		124420		
18:37:18		788694		623230		165464		
18:37:20		797799		626879		170920		
18:37:22		756074		624826		131248		
18:37:24		759645		625669		133976		
18:37:26		748548		626600		121948		
18:37:28		747157		628185		118972		
18:37:30		750890		630306		120584		
18:37:32		739834		640454		99380		
18:37:34		748114		644270		103844		
18:37:36		742653		641661		100992		
18:37:38		736395		643463		92932		
18:37:40		731619		644623		86996		
18:37:42		728387		301995		426392		
18:37:44		448784		212040		236744		
18:37:46		446879		387451		59428		
18:37:48		533932		389720		144212		
18:37:50		531657		400713		130944		
18:37:52		588512		412216		176296		
18:37:54		589849		422101		167748		
18:37:56		591420		427292		164128		
18:37:58		592536		439368		153168		
18:38:00		599847		457615		142232		
18:38:02		611321		486693		124628		
18:38:04		631299		500263		131036		
18:38:06		640966		513310		127656		
18:38:08		651238		527926		123312		
18:38:10		662356		541100		121256		
18:38:12		673058		547898		125160		
18:38:14		677992		557516		120476		
18:38:16		685350		575834		109516		
18:38:18		701234		583506		117728		
18:38:20		712498		592586		119912		
18:38:22		717598		598946		118652		
18:38:24		717598		601682		115916		
18:38:26		717598		603914		113684		
18:38:28		721536		605248		116288		
18:38:30		719255		605315		113940		
18:38:32		722109		606433		115676		
18:38:34		732096		608112		123984		
18:38:36		719099		595115		123984		
18:38:38		699795		610283		89512		
18:38:40		729014		612098		116916		
18:38:42		729379		625731		103648		
18:38:44		748574		630170		118404		
18:38:46		751389		633109		118280		
18:38:48		744844		633880		110964		
18:38:50		736952		630576		106376		
18:38:52		746520		308208		438312		
18:38:55		746520		410968		335552		
18:38:57		564525		228973		335552		
18:38:59		527041		427089		99952		
18:39:01		576095		435223		140872		
18:39:03		579569		439937		139632		
18:39:05		581300		454080		127220		
18:39:07		586868		462004		124864		
18:39:09		597350		485674		111676		
18:39:11		616237		504917		111320		
18:39:13		630932		515568		115364		
18:39:15		640111		531787		108324		
18:39:17		656814		545578		111236		
18:39:19		665069		554573		110496		
18:39:21		669962		573014		96948		
18:39:23		689987		586895		103092		
18:39:25		695293		599637		95656		
18:39:27		695293		611073		84220		
18:39:29		714684		614600		100084		
18:39:31		718888		620300		98588		
18:39:33		799060		613424		185636		
18:39:35		786883		614887		171996		
18:39:37		759480		617980		141500		
18:39:39		758575		618563		140012		
18:39:41		759965		619829		140136		
18:39:43		756320		620896		135424		
18:39:45		749931		622567		127364		
18:39:47		750303		624303		126000		
18:39:49		747183		632467		114716		
18:39:51		755347		640755		114592		
18:39:53		763635		640859		122776		
18:39:55		763739		637863		125876		
18:39:57		762547		639011		123536		
18:39:59		762345		309137		453208		
18:40:01		489652		91056		398596		
18:40:03		507678		416958		90720		
18:40:05		578021		428773		149248		
18:40:07		577750		439694		138056		
18:40:09		600253		447317		152936		
18:40:11		619121		456213		162908		
18:40:13		622244		463180		159064		
18:40:15		622312		487868		134444		
18:40:17		622312		506824		115488		
18:40:19		660015		514435		145580		
18:40:21		662150		514602		147548		
18:40:23		659374		514446		144928		
18:40:25		654847		514679		140168		
18:40:27		656935		515419		141516		
18:40:29		655870		515146		140724		
18:40:31		659921		515865		144056		
18:40:33		659662		522630		137032		
18:40:35		663219		537607		125612		
18:40:37		675391		551547		123844		
18:40:39		682757		560785		121972		
18:40:41		689965		578433		111532		
18:40:43		704113		592645		111468		
18:40:45		717522		601918		115604		
18:40:47		724564		613732		110832		
18:40:49		732330		618034		114296		
18:40:51		732072		616056		116016		
18:40:53		736984		616876		120108		
18:40:55		733448		618796		114652		
18:40:57		733136		619352		113784		
18:40:59		730488		621284		109204		
18:41:01		736265		627061		109204		
18:41:03		740484		631280		109204		
18:41:05		742908		624900		118008		
18:41:07		738308		622408		115900		
18:41:09		731899		636087		95812		
18:41:11		749163		637727		111436		
18:41:13		742500		634288		108212		
18:41:15		736664		641100		95564		
18:41:17		751849		625577		126272		
18:41:19		735247		343511		391736		
18:41:21		735247		419235		316012		
18:41:23		735247		439107		296140		
18:41:26		584855		288715		296140		
18:41:28		544771		442807		101964		
18:41:30		581390		449798		131592		
18:41:32		587819		459895		127924		
18:41:34		585256		465748		119508		
18:41:36		596397		491945		104452		
18:41:38		614986		509526		105460		
18:41:40		627914		519790		108124		
18:41:42		634476		526352		108124		
18:41:44		654668		549340		105328		
18:41:46		674586		559062		115524		
18:41:48		750291		635807		114484		
18:41:50		710037		545721		164316		
18:41:52		709878		599274		110604		
18:41:54		746666		610698		135968		
18:41:56		745049		616657		128392		
18:41:58		747949		621929		126020		
18:42:00		752463		622351		130112		
18:42:02		747269		624101		123168		
18:42:04		746981		625177		121804		
18:42:06		748057		626865		121192		
18:42:08		749745		628553		121192		
18:42:10		752968		628676		124292		
18:42:12		751556		629992		121564		
18:42:14		751556		631604		119952		
18:42:16		745497		625545		119952		
18:42:18		738936		644032		94904		
18:42:20		748676		641124		107552		
18:42:22		741657		643157		98500		
18:42:24		742978		644850		98128		
18:42:26		743034		306430		436604		
18:42:28		473489		211685		261804		
18:42:30		486514		416606		69908		
18:42:32		557753		419917		137836		
18:42:34		561508		433004		128504		
18:42:36		567736		438576		129160		
18:42:38		575016		449384		125632		
18:42:40		576803		457867		118936		
18:42:42		585270		470582		114688		
18:42:44		592188		502668		89520		
18:42:46		618734		514010		104724		
18:42:48		624294		530726		93568		
18:42:50		642065		544477		97588		
18:42:52		650606		554494		96112		
18:42:54		657448		568228		89220		
18:42:56		668553		580349		88204		
18:42:58		677388		592288		85100		
18:43:00		686504		602336		84168		
18:43:02		692667		611007		81660		
18:43:04		700487		614503		85984		
18:43:06		700588		615100		85488		
18:43:08		699664		616136		83528		
18:43:10		703048		617660		85388		
18:43:12		717138		617854		99284		
18:43:14		713771		618579		95192		
18:43:16		713203		619995		93208		
18:43:18		715780		621828		93952		
18:43:20		716308		623596		92712		
18:43:22		717232		629108		88124		
18:43:24		721374		631018		90356		
18:43:26		721400		634020		87380		
18:43:28		727120		632920		94200		
18:43:30		723284		633796		89488		
18:43:32		723658		303794		419864		
18:43:34		454501		213269		241232		
18:43:36		471836		398600		73236		
18:43:38		533821		402601		131220		
18:43:40		536035		416255		119780		
18:43:42		540820		426116		114704		
18:43:44		541125		434009		107116		
18:43:46		553811		444635		109176		
18:43:49		558200		458444		99756		
18:43:51		560009		490613		69396		
18:43:53		600940		500896		100044		
18:43:55		606165		503437		102728		
18:43:57		602713		503101		99612		
18:43:59		672810		501698		171112		
18:44:01		664434		501522		162912		
18:44:03		644495		501811		142684		
18:44:05		641137		501973		139164		
18:44:07		633947		497891		136056		
18:44:09		648439		522687		125752		
18:44:11		664062		537630		126432		
18:44:13		670635		542235		128400		
18:44:15		667943		559279		108664		
18:44:17		699169		578641		120528		
18:44:19		707304		585788		121516		
18:44:21		712971		597627		115344		
18:44:23		720633		605289		115344		
18:44:25		728168		602996		125172		
18:44:27		731215		604183		127032		
18:44:29		727063		603999		123064		
18:44:31		737929		616725		121204		
18:44:33		739605		609201		130404		
18:44:35		734337		609265		125072		
18:44:37		740266		611226		129040		
18:44:39		735929		612717		123212		
18:44:41		735597		614617		120980		
18:44:43		737497		617013		120484		
18:44:45		739994		633274		106720		
18:44:47		749701		635169		114532		
18:44:49		744211		634143		110068		
18:44:51		739383		622539		116844		
18:44:53		726463		345523		380940		
18:44:55		503061		320817		182244		
18:44:57		500751		423287		77464		
18:44:59		586436		433604		152832		
18:45:01		584883		441343		143540		
18:45:03		589975		448551		141424		
18:45:05		591723		459291		132432		
18:45:07		586894		467002		119892		
18:45:09		597029		495629		101400		
18:45:11		619480		511132		108348		
18:45:13		632286		523034		109252		
18:45:15		638368		533164		105204		
18:45:17		643592		548048		95544		
18:45:19		654753		558065		96688		
18:45:21		655792		580116		75676		
18:45:23		655792		589004		66788		
18:45:25		680117		592017		88100		
18:45:27		673898		601334		72564		
18:45:29		678598		611638		66960		
18:45:31		682992		611816		71176		
18:45:33		678551		612603		65948		
18:45:35		696249		614057		82192		
18:45:37		696383		614431		81952		
18:45:39		693498		609314		84184		
18:45:41		692905		610457		82448		
18:45:43		694096		612516		81580		
18:45:45		691792		613808		77984		
18:45:47		698059		616355		81704		
18:45:49		695555		619183		76372		
18:45:51		698075		622323		75752		
18:45:53		722050		623606		98444		
18:45:55		717998		624514		93484		
18:45:57		717943		305619		412324		
18:45:59		459643		230003		229640		
18:46:01		497722		414518		83204		
18:46:03		540121		424181		115940		
18:46:05		542001		435137		106864		
18:46:07		564741		440765		123976		
18:46:09		563579		449283		114296		
18:46:11		566848		465016		101832		
18:46:14		575819		474127		101692		
18:46:16		590324		503804		86520		
18:46:18		608432		514472		93960		
18:46:20		618988		531936		87052		
18:46:22		628725		550605		78120		
18:46:24		645320		558916		86404		
18:46:26		720421		566997		153424		
18:46:28		737997		576137		161860		
18:46:30		729413		586161		143252		
18:46:32		735256		598760		136496		
18:46:34		742805		610553		132252		
18:46:36		748488		613944		134544		
18:46:38		747298		620078		127220		
18:46:40		746520		613348		133172		
18:46:42		736228		615456		120772		
18:46:44		738336		616688		121648		
18:46:46		745827		616987		128840		
18:46:48		739867		617971		121896		
18:46:50		739867		619211		120656		
18:46:52		742091		621435		120656		
18:46:54		744315		623163		121152		
18:46:56		746043		640019		106024		
18:46:58		758208		643876		114332		
18:47:00		757888		643060		114828		
18:47:02		747988		644644		103344		
18:47:04		746892		646028		100864		
18:47:06		753040		309772		443268		
18:47:08		479140		214836		264304		
18:47:10		495596		414680		80916		
18:47:12		555438		425666		129772		
18:47:14		561296		438004		123292		
18:47:16		569234		444322		124912		
18:47:18		558459		453335		105124		
18:47:20		596434		460434		136000		
18:47:22		604820		473548		131272		
18:47:24		613587		506995		106592		
18:47:26		632800		515212		117588		
18:47:28		631671		528827		102844		
18:47:30		653552		546428		107124		
18:47:32		664921		550909		114012		
18:47:34		667059		558095		108964		
18:47:36		668545		581717		86828		
18:47:38		680591		594015		86576		
18:47:40		691185		605305		85880		
18:47:42		696292		609792		86500		
18:47:44		701479		614631		86848		
18:47:46		707583		615155		92428		
18:47:48		701598		615866		85732		
18:47:50		696022		617226		78796		
18:47:52		692902		617578		75324		
18:47:54		697186		618390		78796		
18:47:56		695203		619631		75572		
18:47:58		691997		621013		70984		
18:48:00		690263		622863		67400		
18:48:02		693764		635456		58308		
18:48:04		703033		635169		67864		
18:48:06		718669		635801		82868		
18:48:08		711462		633182		78280		
18:48:10		710888		634328		76560		
18:48:12		709330		299046		410284		
18:48:14		467639		234075		233564		
18:48:16		424297		348821		75476		
18:48:18		507177		358077		149100		
18:48:20		517398		369662		147736		
18:48:22		522114		382214		139900		
18:48:24		532891		394991		137900		
18:48:26		545460		402972		142488		
18:48:28		546743		412247		134496		
18:48:30		555918		424266		131652		
18:48:32		563682		432030		131652		
18:48:34		570461		465041		105420		
18:48:36		595743		472491		123252		
18:48:38		630790		487282		143508		
18:48:40		643847		497071		146776		
18:48:42		645449		511881		133568		
18:48:44		653147		519575		133572		
18:48:46		722125		526609		195516		
18:48:48		730029		550557		179472		
18:48:51		732764		556736		176028		
18:48:53		717657		563625		154032		
18:48:55		713776		574156		139620		
18:48:57		714256		576496		137760		
18:48:59		710190		580762		129428		
18:49:01		708711		583499		125212		
18:49:03		706379		586127		120252		
18:49:05		706379		588979		117400		
18:49:07		711859		590235		121624		
18:49:09		721786		590862		130924		
18:49:11		720081		592009		128072		
18:49:13		725804		594136		131668		
18:49:15		720111		595511		124600		
18:49:17		718391		612515		105876		
18:49:19		735394		603106		132288		
18:49:21		733889		605693		128196		
18:49:23		731042		605946		125096		
18:49:25		740370		608562		131808		
18:49:27		740370		322002		418368		
18:49:29		522169		302937		219232		
18:49:31		504925		415893		89032		
18:49:33		583135		427143		155992		
18:49:35		594563		437855		156708		
18:49:37		602068		444120		157948		
18:49:39		602068		453236		148832		
18:49:41		612455		463763		148692		
18:49:43		619613		469805		149808		
18:49:45		621399		508175		113224		
18:49:47		648320		512080		136240		
18:49:49		654099		512907		141192		
18:49:51		651270		512566		138704		
18:49:53		655089		513209		141880		
18:49:55		653045		513165		139880		
18:49:57		651299		513459		137840		
18:49:59		651883		513927		137956		
18:50:01		643599		521843		121756		
18:50:03		651182		540962		110220		
18:50:05		651182		546326		104856		
18:50:07		671557		560397		111160		
18:50:09		681066		582106		98960		
18:50:11		705954		592614		113340		
18:50:13		709049		598825		110224		
18:50:15		710293		607421		102872		
18:50:17		719689		614949		104740		
18:50:19		723717		619489		104228		
18:50:21		725291		621435		103856		
18:50:23		727698		621486		106212		
18:50:25		724699		621703		102996		
18:50:27		723940		617844		106096		
18:50:29		716569		618409		98160		
18:50:31		715912		619736		96176		
18:50:33		722849		621961		100888		
18:50:35		729298		626302		102996		
18:50:37		729298		640066		89232		
18:50:39		736453		645361		91092		
18:50:41		738248		648520		89728		
18:50:43		741655		650439		91216		
18:50:45		749247		631639		117608		
18:50:47		733522		615914		117608		
18:50:49		718500		416432		302068		
18:50:51		554372		379528		174844		
18:50:53		527699		433727		93972		
18:50:55		567965		441381		126584		
18:50:57		581815		446931		134884		
18:50:59		588082		457322		130760		
18:51:01		598585		464493		134092		
18:51:03		668590		489638		178952		
18:51:05		675900		507844		168056		
18:51:07		673481		516797		156684		
18:51:09		674790		531378		143412		
18:51:11		678454		545118		133336		
18:51:13		681368		555288		126080		
18:51:16		683846		570038		113808		
18:51:18		693397		584441		108956		
18:51:20		707321		596633		110688		
18:51:22		719513		601969		117544		
18:51:24		724849		617545		107304		
18:51:26		740425		622969		117456		
18:51:28		745849		616489		129360		
18:51:30		739369		618317		121052		
18:51:32		739369		619185		120184		
18:51:34		741015		620823		120192		
18:51:36		734196		621072		113124		
18:51:38		734666		622906		111760		
18:51:40		727565		624237		103328		
18:51:42		733937		626393		107544		
18:51:44		736719		628803		107916		
18:51:46		738926		631010		107916		
18:51:48		740318		633022		107296		
18:51:50		736589		633633		102956		
18:51:52		739221		292661		446560		
18:51:54		467335		185831		281504		
18:51:56		460124		397444		62680		
18:51:58		543473		390801		152672		
18:52:00		525582		400430		125152		
18:52:02		540179		420011		120168		
18:52:04		550025		420929		129096		
18:52:06		551107		429591		121516		
18:52:08		554583		443539		111044		
18:52:10		578176		451656		126520		
18:52:12		583612		484524		99088		
18:52:14		612061		495165		116896		
18:52:16		617976		513584		104392		
18:52:18		663724		527048		136676		
18:52:20		672091		534859		137232		
18:52:22		681755		545231		136524		
18:52:24		683475		565607		117868		
18:52:26		702242		579438		122804		
18:52:28		708181		584601		123580		
18:52:30		713288		595936		117352		
18:52:32		717223		601367		115856		
18:52:34		718270		603786		114484		
18:52:36		721325		605217		116108		
18:52:38		721961		605853		116108		
18:52:40		723230		607610		115620		
18:52:42		720913		608021		112892		
18:52:44		723093		609829		113264		
18:52:46		722074		610794		111280		
18:52:48		723680		613020		110660		
18:52:50		723680		617112		106568		
18:52:52		727475		628223		99252		
18:52:54		737113		628065		109048		
18:52:56		736918		627870		109048		
18:52:58		734828		631484		103344		
18:53:00		737499		284931		452568		
18:53:02		460414		163110		297304		
18:53:04		455516		387520		67996		
18:53:06		537590		388438		149152		
18:53:08		540140		400908		139232		
18:53:10		545977		411233		134744		
18:53:12		556938		419714		137224		
18:53:14		564929		428217		136712		
18:53:16		632607		436679		195928		
18:53:18		627365		445837		181528		
18:53:20		617922		478094		139828		
18:53:22		633031		489359		143672		
18:53:24		634690		501406		133284		
18:53:26		638663		512691		125972		
18:53:28		642083		528327		113756		
18:53:30		651207		536367		114840		
18:53:32		659247		551959		107288		
18:53:34		674838		568310		106528		
18:53:36		691190		571546		119644		
18:53:38		694426		581742		112684		
18:53:40		707900		594416		113484		
18:53:42		717296		597356		119940		
18:53:44		722093		597813		124280		
18:53:46		724017		599613		124404		
18:53:48		723819		600779		123040		
18:53:51		723659		600619		123040		
18:53:53		725074		602646		122428		
18:53:55		725526		604090		121436		
18:53:57		725526		604710		120816		
18:53:59		725526		614630		110896		
18:54:01		747922		621154		126768		
18:54:03		744947		617311		127636		
18:54:05		745727		620199		125528		
18:54:07		746605		621325		125280		
18:54:09		745187		287915		457272		
18:54:11		486125		301177		184948		
18:54:13		499574		337210		162364		
18:54:15		521335		421383		99952		
18:54:17		587231		431751		155480		
18:54:19		594507		439523		154984		
18:54:21		591931		445139		146792		
18:54:23		594321		457141		137180		
18:54:25		598512		462200		136312		
18:54:27		602346		498542		103804		
18:54:29		627063		509991		117072		
18:54:31		636817		521229		115588		
18:54:33		632458		540874		91584		
18:54:35		650663		545503		105160		
18:54:37		641422		558554		82868		
18:54:39		641422		579642		61780		
18:54:41		701461		580785		120676		
18:54:43		698363		594695		103668		
18:54:45		711632		605528		106104		
18:54:47		716335		606883		109452		
18:54:49		718147		610935		107212		
18:54:51		718193		610485		107708		
18:54:53		721775		613075		108700		
18:54:55		716104		615828		100276		
18:54:57		718325		617429		100896		
18:54:59		716876		618212		98664		
18:55:01		712764		617696		95068		
18:55:03		711288		619320		91968		
18:55:05		729531		621195		108336		
18:55:07		722330		634082		88248		
18:55:09		732982		641502		91480		
18:55:11		727597		637229		90368		
18:55:13		722456		639404		83052		
18:55:15		719286		640434		78852		
18:55:17		720295		292359		427936		
18:55:19		438521		222717		215804		
18:55:21		383397		314173		69224		
18:55:23		454919		361631		93288		
18:55:25		506135		373539		132596		
18:55:27		512578		384586		127992		
18:55:29		519802		396158		123644		
18:55:31		528946		402962		125984		
18:55:33		532132		412812		119320		
18:55:35		536694		426234		110460		
18:55:37		557244		437888		119356		
18:55:39		571256		470660		100596		
18:55:41		591819		477839		113980		
18:55:43		594004		476196		117808		
18:55:45		669205		476417		192788		
18:55:47		653114		476214		176900		
18:55:49		632141		477205		154936		
18:55:51		626150		480958		145192		
18:55:53		628299		495759		132540		
18:55:55		629230		512758		116472		
18:55:57		637350		518166		119184		
18:55:59		641046		528686		112360		
18:56:01		651566		551870		99696		
18:56:03		674759		563411		111348		
18:56:05		686433		573613		112820		
18:56:07		696493		577177		119316		
18:56:09		704226		581934		122292		
18:56:11		700256		584784		115472		
18:56:13		694385		586601		107784		
18:56:15		697946		590162		107784		
18:56:17		697072		590892		106180		
18:56:20		701949		591553		110396		
18:56:22		690098		592474		97624		
18:56:24		688123		594343		93780		
18:56:26		707683		595899		111784		
18:56:28		733289		599433		133856		
18:56:30		738251		611215		127036		
18:56:32		743834		612210		131624		
18:56:34		737718		613038		124680		
18:56:36		743047		614895		128152		
18:56:38		740651		300539		440112		
18:56:40		492061		234745		257316		
18:56:42		506533		415597		90936		
18:56:44		579946		426266		153680		
18:56:46		585675		439715		145960		
18:56:48		590710		444990		145720		
18:56:50		590710		454330		136380		
18:56:52		596965		464429		132536		
18:56:54		607347		480031		127316		
18:56:56		618737		506689		112048		
18:56:58		649938		515486		134452		
18:57:00		653948		515668		138280		
18:57:02		655354		515974		139380		
18:57:04		652695		515719		136976		
18:57:06		652695		516975		135720		
18:57:08		649783		516839		132944		
18:57:10		654077		517057		137020		
18:57:12		653809		517605		136204		
18:57:14		651014		531662		119352		
18:57:16		666614		550558		116056		
18:57:18		680865		559481		121384		
18:57:20		689074		576270		112804		
18:57:22		703522		588658		114864		
18:57:24		713883		600471		113412		
18:57:26		723634		611034		112600		
18:57:28		727564		614848		112716		
18:57:30		728567		618603		109964		
18:57:32		737194		619790		117404		
18:57:34		732048		621216		110832		
18:57:36		728720		625816		102904		
18:57:38		730973		627201		103772		
18:57:40		732124		627360		104764		
18:57:42		723563		628347		95216		
18:57:44		716424		629888		86536		
18:57:46		714360		630924		83436		
18:57:48		748168		633980		114188		
18:57:50		759048		645232		113816		
18:57:52		752706		649678		103028		
18:57:54		764820		649268		115552		
18:57:56		826621		649937		176684		
18:57:58		821233		294909		526324		
18:58:00		539181		176893		362288		
18:58:02		518479		368223		150256		
18:58:04		574802		421930		152872		
18:58:06		597018		434738		162280		
18:58:08		598637		443069		155568		
18:58:10		592954		437386		155568		
18:58:12		589293		457853		131440		
18:58:14		590534		466262		124272		
18:58:16		595732		490120		105612		
18:58:18		614982		511958		103024		
18:58:20		634838		521362		113476		
18:58:22		644242		534986		109256		
18:58:24		660188		550508		109680		
18:58:26		671886		562930		108956		
18:58:28		695534		577094		118440		
18:58:30		703359		593363		109996		
18:58:32		711248		602880		108368		
18:58:34		710891		611223		99668		
18:58:36		762094		614578		147516		
18:58:38		749981		616493		133488		
18:58:40		741190		618490		122700		
18:58:42		742952		619632		123320		
18:58:44		739853		622973		116880		
18:58:46		761742		622418		139324		
18:58:48		762144		623316		138828		
18:58:50		754776		624380		130396		
18:58:52		755124		626588		128536		
18:58:54		757937		628657		129280		
18:58:56		758414		636326		122088		
18:58:59		762433		644065		118368		
18:59:01		770251		633655		136596		
18:59:03		759506		634566		124940		
18:59:05		760016		618984		141032		
18:59:07		741942		344962		396980		
18:59:09		521042		326406		194636		
18:59:11		505231		425047		80184		
18:59:13		585730		435882		149848		
18:59:15		592042		441706		150336		
18:59:17		596245		450249		145996		
18:59:19		596231		459359		136872		
18:59:21		598534		467134		131400		
18:59:23		601156		492336		108820		
18:59:25		622208		509652		112556		
18:59:27		648458		519854		128604		
18:59:29		641099		534323		106776		
18:59:31		670110		549850		120260		
18:59:33		681575		559343		122232		
18:59:35		687682		577658		110024		
18:59:37		695113		591053		104060		
18:59:39		701815		604219		97596		
18:59:41		711551		613955		97596		
18:59:43		717260		624212		93048		
18:59:45		726558		633510		93048		
18:59:47		727434		624598		102836		
18:59:49		719772		626484		93288		
18:59:51		721968		627812		94156		
18:59:53		721834		628910		92924		
18:59:55		722511		629959		92552		
18:59:57		723193		631633		91560		
18:59:59		723217		633517		89700		
19:00:01		723217		635377		87840		
19:00:03		724227		647547		76680		
19:00:05		733588		650956		82632		
19:00:07		735701		648481		87220		
19:00:09		730346		649202		81144		
19:00:11		732031		292711		439320		
19:00:13		446563		171303		275260		
19:00:15		440805		387485		53320		
19:00:17		521472		383912		137560		
19:00:19		526308		396924		129384		
19:00:21		527674		408366		119308		
19:00:23		537832		415912		121920		
19:00:25		613148		423788		189360		
19:00:27		609187		435507		173680		
19:00:29		609187		445931		163256		
19:00:31		603422		477602		125820		
19:00:33		608632		486780		121852		
19:00:35		614820		491404		123416		
19:00:37		635814		491706		144108		
19:00:39		633668		491468		142200		
19:00:41		629613		491645		137968		
19:00:43		625735		491875		133860		
19:00:45		625735		494907		130828		
19:00:47		627816		512424		115392		
19:00:49		641393		525661		115732		
19:00:51		652151		531887		120264		
19:00:53		664038		539810		124228		
19:00:55		670346		555450		114896		
19:00:57		683490		574850		108640		
19:00:59		700721		584025		116696		
19:01:01		708921		595537		113384		
19:01:03		718809		599917		118892		
19:01:05		726176		607284		118892		
19:01:07		732822		604382		128440		
19:01:09		730289		605941		124348		
19:01:11		730986		608002		122984		
19:01:13		730285		606673		123612		
19:01:15		731640		608152		123488		
19:01:17		727486		608958		118528		
19:01:19		724442		610502		113940		
19:01:21		728301		612873		115428		
19:01:23		730331		626559		103772		
19:01:25		736886		630758		106128		
19:01:28		742344		632248		110096		
19:01:30		739518		630290		109228		
19:01:32		738271		631399		106872		
19:01:34		736529		290981		445548		
19:01:36		462685		187933		274752		
19:01:38		465489		403909		61580		
19:01:40		555077		395413		159664		
19:01:42		540625		405753		134872		
19:01:44		552665		417569		135096		
19:01:46		557295		424671		132624		
19:01:48		563424		295876		267548		
19:01:50		463454		344446		119008		
19:01:52		501047		392159		108888		
19:01:54		535378		403302		132076		
19:01:56		538886		415886		123000		
19:01:58		549560		421972		127588		
19:02:00		558983		430427		128556		
19:02:02		567653		441361		126292		
19:02:04		574441		450017		124424		
19:02:06		577700		479168		98532		
19:02:08		600034		495254		104780		
19:02:10		616957		504081		112876		
19:02:12		628640		516264		112376		
19:02:14		640883		533407		107476		
19:02:16		653713		540433		113280		
19:02:18		656633		550417		106216		
19:02:20		662335		572511		89824		
19:02:22		681511		583051		98460		
19:02:24		686084		593860		92224		
19:02:26		696833		596729		100104		
19:02:28		697647		597287		100360		
19:02:30		698643		598655		99988		
19:02:32		694948		598804		96144		
19:02:34		704924		599720		105204		
19:02:36		775901		600017		175884		
19:02:38		771621		600573		171048		
19:02:40		749930		601326		148604		
19:02:42		738415		603079		135336		
19:02:44		742104		605528		136576		
19:02:46		738542		609158		129384		
19:02:48		735305		625389		109916		
19:02:50		748268		627812		120456		
19:02:52		750692		630236		120456		
19:02:54		753309		627753		125556		
19:02:56		750633		308897		441736		
19:02:58		498043		111259		386784		
19:03:00		505522		413918		91604		
19:03:02		573303		425279		148024		
19:03:04		579967		436811		143156		
19:03:06		575008		442516		132492		
19:03:08		595782		451574		144208		
19:03:10		595857		459965		135892		
19:03:12		597522		478274		119248		
19:03:14		610768		497672		113096		
19:03:16		619420		514192		105228		
19:03:18		642145		530317		111828		
19:03:20		652427		543663		108764		
19:03:22		663152		554384		108768		
19:03:24		667047		574299		92748		
19:03:26		698409		587073		111336		
19:03:28		709431		602607		106824		
19:03:30		717006		613986		103020		
19:03:32		725349		618485		106864		
19:03:34		727351		620371		106980		
19:03:36		725452		621448		104004		
19:03:38		726920		621180		105740		
19:03:40		723477		622937		100540		
19:03:42		726845		623701		103144		
19:03:44		726512		623988		102524		
19:03:46		722427		622631		99796		
19:03:48		719042		627058		91984		
19:03:50		724281		629537		94744		
19:03:52		723735		633703		90032		
19:03:54		724864		643264		81600		
19:03:56		729917		646581		83336		
19:03:58		729000		644920		84080		
19:04:00		725013		629685		95328		
19:04:03		718024		297880		420144		
19:04:05		447760		275576		172184		
19:04:07		500403		384631		115772		
19:04:09		521318		397114		124204		
19:04:11		530754		409062		121692		
19:04:13		536987		419007		117980		
19:04:15		542510		427150		115360		
19:04:17		546192		438080		108112		
19:04:19		547984		447336		100648		
19:04:21		554455		466143		88312		
19:04:23		567546		492222		75324		
19:04:25		587703		505251		82452		
19:04:27		599265		520869		78396		
19:04:29		609316		530920		78396		
19:04:31		609316		530920		78396		
19:04:33		648747		556471		92276		
19:04:35		665956		571468		94488		
19:04:37		681098		576690		104408		
19:04:39		682015		588795		93220		
19:04:41		692528		598720		93808		
19:04:43		692528		607160		85368		
19:04:45		692528		609764		82764		
19:04:47		788142		608038		180104		
19:04:49		797728		608812		188916		
19:04:51		764421		609481		154940		
19:04:53		753652		608136		145516		
19:04:55		744048		609444		134604		
19:04:57		743126		611002		132124		
19:04:59		742406		612638		129768		
19:05:01		739831		621223		118608		
19:05:03		744103		624627		119476		
19:05:05		747507		627907		119600		
19:05:07		750787		629699		121088		
19:05:09		752625		628421		124204		
19:05:11		753099		308395		444704		
19:05:13		508928		321620		187308		
19:05:15		518701		411301		107400		
19:05:17		578830		421086		157744		
19:05:19		585877		435605		150272		
19:05:21		592381		440489		151892		
19:05:23		592164		447588		144576		
19:05:25		593923		456355		137568		
19:05:27		608570		467306		141264		
19:05:29		611484		498092		113392		
19:05:31		632624		508112		124512		
19:05:33		641773		509333		132440		
19:05:35		640395		509087		131308		
19:05:37		636819		509279		127540		
19:05:39		634858		509566		125292		
19:05:41		633588		510172		123416		
19:05:43		634147		511027		123120		
19:05:45		636030		511182		124848		
19:05:47		633560		529464		104096		
19:05:49		638453		544489		93964		
19:05:51		655869		552297		103572		
19:05:53		657121		571501		85620		
19:05:55		667503		588831		78672		
19:05:57		678730		592378		86352		
19:05:59		679711		605331		74380		
19:06:01		685863		612243		73620		
19:06:03		686837		609869		76968		
19:06:05		688922		613938		74984		
19:06:07		720629		614769		105860		
19:06:09		720894		620730		100164		
19:06:11		723781		618781		105000		
19:06:13		725791		619923		105868		
19:06:15		724466		621078		103388		
19:06:17		722986		622698		100288		
19:06:19		720209		624261		95948		
19:06:21		718853		627121		91732		
19:06:23		730808		628536		102272		
19:06:25		733766		630874		102892		
19:06:27		728004		631560		96444		
19:06:29		728271		295283		432988		
19:06:31		452618		238926		213692		
19:06:33		417733		357901		59832		
19:06:36		495089		372509		122580		
19:06:38		515034		384022		131012		
19:06:40		517564		396532		121032		
19:06:42		538226		406282		131944		
19:06:44		539537		418141		121396		
19:06:46		546911		429539		117372		
19:06:48		543613		440525		103088		
19:06:50		547366		470638		76728		
19:06:52		568613		481481		87132		
19:06:54		573529		483561		89968		
19:06:56		572567		482027		90540		
19:06:58		568831		482019		86812		
19:07:00		566505		482065		84440		
19:07:02		582101		482713		99388		
19:07:04		583747		483011		100736		
19:07:06		583001		488313		94688		
19:07:08		587024		505720		81304		
19:07:10		597062		521122		75940		
19:07:12		606021		529649		76372		
19:07:14		619536		540564		78972		
19:07:16		629995		561207		68788		
19:07:18		726450		565658		160792		
19:07:20		724933		572225		152708		
19:07:22		708071		579439		128632		
19:07:24		712487		587459		125028		
19:07:26		711990		591722		120268		
19:07:28		717602		590514		127088		
19:07:30		713393		592133		121260		
19:07:32		715013		595109		119904		
19:07:34		724509		595421		129088		
19:07:36		718301		596281		122020		
19:07:38		715332		597404		117928		
19:07:40		715332		599264		116068		
19:07:42		719503		601451		118052		
19:07:44		722509		613757		108752		
19:07:46		722797		616649		106148		
19:07:48		718900		616224		102676		
19:07:50		715463		616631		98832		
19:07:52		718502		611242		107260		
19:07:54		711502		342298		369204		
19:07:56		491061		197157		293904		
19:07:58		529171		419503		109668		
19:08:00		608890		429798		179092		
19:08:02		608694		436554		172140		
19:08:04		606672		444088		162584		
19:08:06		604754		461554		143200		
19:08:08		621105		394493		226612		
19:08:10		572296		394292		178004		
19:08:12		576608		394760		181848		
19:08:14		570565		291733		278832		
19:08:16		524325		291613		232712		
19:08:18		522334		291606		230728		
19:08:20		524183		291843		232340		
19:08:22		522227		291375		230852		
19:08:24		522609		291757		230852		
19:08:26		523579		291851		231728		
19:08:28		522543		291303		231240		
19:08:30		521949		291329		230620		
19:08:32		522928		291812		231116		
19:08:34		526672		291836		234836		
19:08:36		527232		291900		235332		
19:08:38		527232		291900		235332		
19:08:40		526799		291467		235332		
19:08:42		526132		291292		234840		
19:08:44		525674		291330		234344		
19:08:46		526073		291721		234352		
19:08:48		525933		291573		234360		
19:08:50		525194		291330		233864		
19:08:52		525610		291746		233864		
19:08:54		525586		291722		233864		
19:08:56		525425		291561		233864		
19:08:58		525321		291457		233864		
19:09:00		525127		291263		233864		
19:09:03		524910		291294		233616		
19:09:05		524725		293505		231220		
19:09:07		524962		293494		231468		
19:09:09		524622		293278		231344		
19:09:11		524304		293208		231096		
19:09:13		524418		293322		231096		
19:09:15		524378		293282		231096		
19:09:17		524264		293292		230972		
19:09:19		516508		293224		223284		
19:09:21		529726		293422		236304		
19:09:23		530336		293412		236924		
19:09:25		528378		292942		235436		
19:09:27		528094		292906		235188		
19:09:29		525706		292874		232832		
19:09:31		527680		293484		234196		
19:09:33		528172		293480		234692		
19:09:35		527089		292893		234196		
19:09:37		526205		292877		233328		
19:09:39		525320		292984		232336		
19:09:41		525255		292919		232336		
19:09:43		524416		292948		231468		
19:09:45		524521		293053		231468		
19:09:46		522044		292932		229112		
