record in kb
time		total		used		free
[16:42:59]		1048572		0		1048572
[16:43:02]		1048572		0		1048572
[16:43:05]		1048572		0		1048572
[16:43:08]		1048572		0		1048572
[16:43:11]		1048572		0		1048572
[16:43:14]		1048572		0		1048572
[16:43:17]		1048572		0		1048572
[16:43:20]		1048572		0		1048572
[16:43:23]		1048572		0		1048572
[16:43:26]		1048572		0		1048572
[16:43:29]		1048572		0		1048572
[16:43:32]		1048572		0		1048572
[16:43:35]		1048572		0		1048572
[16:43:38]		1048572		0		1048572
[16:43:41]		1048572		0		1048572
[16:43:44]		1048572		0		1048572
[16:43:47]		1048572		0		1048572
[16:43:50]		1048572		0		1048572
[16:43:53]		1048572		0		1048572
[16:43:56]		1048572		0		1048572
[16:43:59]		1048572		0		1048572
[16:44:02]		1048572		0		1048572
[16:44:05]		1048572		0		1048572
[16:44:08]		1048572		0		1048572
[16:44:11]		1048572		0		1048572
[16:44:14]		1048572		0		1048572
[16:44:17]		1048572		0		1048572
[16:44:20]		1048572		0		1048572
[16:44:23]		1048572		0		1048572
[16:44:26]		1048572		0		1048572
[16:44:29]		1048572		0		1048572
[16:44:32]		1048572		0		1048572
[16:44:35]		1048572		0		1048572
[16:44:38]		1048572		0		1048572
[16:44:41]		1048572		0		1048572
[16:44:44]		1048572		0		1048572
[16:44:47]		1048572		0		1048572
[16:44:50]		1048572		0		1048572
[16:44:53]		1048572		0		1048572
[16:44:56]		1048572		0		1048572
[16:44:59]		1048572		0		1048572
[16:45:02]		1048572		0		1048572
[16:45:05]		1048572		0		1048572
[16:45:08]		1048572		0		1048572
[16:45:11]		1048572		0		1048572
[16:45:14]		1048572		0		1048572
[16:45:17]		1048572		0		1048572
[16:45:20]		1048572		0		1048572
[16:45:23]		1048572		0		1048572
[16:45:26]		1048572		0		1048572
[16:45:29]		1048572		0		1048572
[16:45:32]		1048572		0		1048572
[16:45:35]		1048572		0		1048572
[16:45:38]		1048572		0		1048572
[16:45:41]		1048572		0		1048572
[16:45:44]		1048572		0		1048572
[16:45:47]		1048572		0		1048572
[16:45:50]		1048572		0		1048572
[16:45:53]		1048572		0		1048572
[16:45:56]		1048572		0		1048572
[16:45:59]		1048572		0		1048572
[16:46:02]		1048572		0		1048572
[16:46:05]		1048572		0		1048572
[16:46:08]		1048572		0		1048572
[16:46:11]		1048572		0		1048572
[16:46:14]		1048572		0		1048572
[16:46:17]		1048572		0		1048572
[16:46:20]		1048572		0		1048572
[16:46:23]		1048572		0		1048572
[16:46:26]		1048572		0		1048572
[16:46:29]		1048572		0		1048572
[16:46:32]		1048572		0		1048572
[16:46:35]		1048572		0		1048572
[16:46:38]		1048572		0		1048572
[16:46:41]		1048572		0		1048572
[16:46:44]		1048572		0		1048572
[16:46:47]		1048572		0		1048572
[16:46:50]		1048572		0		1048572
[16:46:53]		1048572		0		1048572
[16:46:56]		1048572		0		1048572
[16:46:59]		1048572		0		1048572
[16:47:02]		1048572		0		1048572
[16:47:05]		1048572		0		1048572
[16:47:08]		1048572		0		1048572
[16:47:11]		1048572		0		1048572
[16:47:14]		1048572		0		1048572
[16:47:17]		1048572		0		1048572
[16:47:20]		1048572		0		1048572
[16:47:23]		1048572		0		1048572
[16:47:26]		1048572		0		1048572
[16:47:29]		1048572		0		1048572
[16:47:32]		1048572		0		1048572
[16:47:35]		1048572		0		1048572
[16:47:38]		1048572		0		1048572
[16:47:41]		1048572		0		1048572
[16:47:44]		1048572		0		1048572
[16:47:47]		1048572		0		1048572
[16:47:50]		1048572		0		1048572
[16:47:53]		1048572		0		1048572
[16:47:56]		1048572		0		1048572
[16:47:59]		1048572		0		1048572
[16:48:02]		1048572		0		1048572
[16:48:05]		1048572		0		1048572
[16:48:08]		1048572		0		1048572
[16:48:11]		1048572		0		1048572
[16:48:14]		1048572		0		1048572
[16:48:17]		1048572		0		1048572
[16:48:20]		1048572		0		1048572
[16:48:23]		1048572		0		1048572
[16:48:26]		1048572		0		1048572
[16:48:29]		1048572		0		1048572
[16:48:32]		1048572		0		1048572
[16:48:35]		1048572		0		1048572
[16:48:38]		1048572		0		1048572
[16:48:41]		1048572		0		1048572
[16:48:44]		1048572		0		1048572
[16:48:47]		1048572		0		1048572
[16:48:50]		1048572		0		1048572
[16:48:53]		1048572		0		1048572
[16:48:56]		1048572		0		1048572
[16:48:59]		1048572		0		1048572
[16:49:02]		1048572		0		1048572
[16:49:05]		1048572		0		1048572
[16:49:08]		1048572		0		1048572
[16:49:11]		1048572		0		1048572
[16:49:14]		1048572		0		1048572
[16:49:17]		1048572		0		1048572
[16:49:20]		1048572		0		1048572
[16:49:23]		1048572		0		1048572
[16:49:26]		1048572		0		1048572
[16:49:29]		1048572		0		1048572
[16:49:32]		1048572		0		1048572
[16:49:35]		1048572		0		1048572
[16:49:38]		1048572		0		1048572
[16:49:41]		1048572		0		1048572
[16:49:44]		1048572		0		1048572
[16:49:47]		1048572		0		1048572
[16:49:50]		1048572		0		1048572
[16:49:53]		1048572		0		1048572
[16:49:56]		1048572		0		1048572
[16:49:59]		1048572		0		1048572
[16:50:02]		1048572		0		1048572
[16:50:05]		1048572		0		1048572
[16:50:08]		1048572		0		1048572
[16:50:11]		1048572		0		1048572
[16:50:14]		1048572		0		1048572
[16:50:17]		1048572		0		1048572
[16:50:20]		1048572		0		1048572
[16:50:23]		1048572		0		1048572
[16:50:26]		1048572		0		1048572
[16:50:29]		1048572		0		1048572
[16:50:32]		1048572		0		1048572
[16:50:35]		1048572		0		1048572
[16:50:38]		1048572		0		1048572
[16:50:41]		1048572		0		1048572
[16:50:44]		1048572		0		1048572
[16:50:47]		1048572		0		1048572
[16:50:50]		1048572		0		1048572
[16:50:53]		1048572		0		1048572
[16:50:56]		1048572		0		1048572
[16:50:59]		1048572		0		1048572
[16:51:02]		1048572		0		1048572
[16:51:05]		1048572		0		1048572
[16:51:08]		1048572		0		1048572
[16:51:11]		1048572		0		1048572
[16:51:14]		1048572		0		1048572
[16:51:17]		1048572		0		1048572
[16:51:20]		1048572		0		1048572
[16:51:23]		1048572		0		1048572
[16:51:26]		1048572		0		1048572
[16:51:29]		1048572		0		1048572
[16:51:32]		1048572		0		1048572
[16:51:35]		1048572		0		1048572
[16:51:38]		1048572		0		1048572
[16:51:41]		1048572		0		1048572
[16:51:44]		1048572		0		1048572
[16:51:47]		1048572		0		1048572
[16:51:50]		1048572		0		1048572
[16:51:53]		1048572		0		1048572
[16:51:56]		1048572		0		1048572
[16:51:59]		1048572		0		1048572
[16:52:02]		1048572		0		1048572
[16:52:05]		1048572		0		1048572
[16:52:08]		1048572		0		1048572
[16:52:11]		1048572		0		1048572
[16:52:14]		1048572		0		1048572
[16:52:17]		1048572		0		1048572
[16:52:20]		1048572		0		1048572
[16:52:23]		1048572		0		1048572
[16:52:26]		1048572		0		1048572
[16:52:29]		1048572		0		1048572
[16:52:32]		1048572		0		1048572
[16:52:35]		1048572		0		1048572
[16:52:38]		1048572		0		1048572
[16:52:41]		1048572		0		1048572
[16:52:44]		1048572		0		1048572
[16:52:47]		1048572		0		1048572
[16:52:50]		1048572		0		1048572
[16:52:53]		1048572		0		1048572
[16:52:56]		1048572		0		1048572
[16:52:59]		1048572		0		1048572
[16:53:02]		1048572		0		1048572
[16:53:05]		1048572		0		1048572
[16:53:08]		1048572		0		1048572
[16:53:11]		1048572		0		1048572
[16:53:14]		1048572		0		1048572
[16:53:17]		1048572		0		1048572
[16:53:20]		1048572		0		1048572
[16:53:23]		1048572		0		1048572
[16:53:26]		1048572		0		1048572
[16:53:29]		1048572		0		1048572
[16:53:32]		1048572		0		1048572
[16:53:35]		1048572		0		1048572
[16:53:38]		1048572		0		1048572
[16:53:41]		1048572		0		1048572
[16:53:44]		1048572		0		1048572
[16:53:47]		1048572		0		1048572
[16:53:50]		1048572		0		1048572
[16:53:53]		1048572		0		1048572
[16:53:56]		1048572		0		1048572
[16:53:59]		1048572		0		1048572
[16:54:02]		1048572		0		1048572
[16:54:05]		1048572		0		1048572
[16:54:08]		1048572		0		1048572
[16:54:11]		1048572		0		1048572
[16:54:14]		1048572		0		1048572
[16:54:17]		1048572		0		1048572
[16:54:20]		1048572		0		1048572
[16:54:23]		1048572		0		1048572
[16:54:26]		1048572		0		1048572
[16:54:29]		1048572		0		1048572
[16:54:32]		1048572		0		1048572
[16:54:35]		1048572		0		1048572
[16:54:38]		1048572		0		1048572
[16:54:41]		1048572		0		1048572
[16:54:44]		1048572		0		1048572
[16:54:47]		1048572		0		1048572
[16:54:50]		1048572		0		1048572
[16:54:53]		1048572		0		1048572
[16:54:56]		1048572		0		1048572
[16:54:59]		1048572		0		1048572
[16:55:02]		1048572		0		1048572
[16:55:05]		1048572		0		1048572
[16:55:08]		1048572		0		1048572
[16:55:11]		1048572		0		1048572
[16:55:14]		1048572		0		1048572
[16:55:17]		1048572		0		1048572
[16:55:20]		1048572		0		1048572
[16:55:23]		1048572		0		1048572
[16:55:26]		1048572		0		1048572
[16:55:29]		1048572		0		1048572
[16:55:32]		1048572		0		1048572
[16:55:35]		1048572		0		1048572
[16:55:38]		1048572		0		1048572
[16:55:42]		1048572		0		1048572
[16:55:44]		1048572		0		1048572
[16:55:47]		1048572		0		1048572
[16:55:50]		1048572		0		1048572
[16:55:53]		1048572		0		1048572
[16:55:57]		1048572		0		1048572
[16:56:00]		1048572		0		1048572
[16:56:03]		1048572		0		1048572
[16:56:06]		1048572		0		1048572
[16:56:09]		1048572		0		1048572
[16:56:12]		1048572		0		1048572
[16:56:15]		1048572		0		1048572
[16:56:18]		1048572		0		1048572
[16:56:21]		1048572		0		1048572
[16:56:24]		1048572		0		1048572
[16:56:27]		1048572		0		1048572
[16:56:30]		1048572		0		1048572
[16:56:33]		1048572		0		1048572
[16:56:36]		1048572		0		1048572
[16:56:39]		1048572		0		1048572
[16:56:42]		1048572		0		1048572
[16:56:45]		1048572		0		1048572
[16:56:48]		1048572		0		1048572
[16:56:51]		1048572		0		1048572
[16:56:54]		1048572		0		1048572
[16:56:57]		1048572		0		1048572
[16:57:00]		1048572		0		1048572
[16:57:03]		1048572		0		1048572
[16:57:06]		1048572		0		1048572
[16:57:09]		1048572		0		1048572
[16:57:12]		1048572		0		1048572
[16:57:15]		1048572		0		1048572
[16:57:18]		1048572		0		1048572
[16:57:21]		1048572		0		1048572
[16:57:24]		1048572		0		1048572
[16:57:27]		1048572		0		1048572
[16:57:30]		1048572		0		1048572
[16:57:33]		1048572		0		1048572
[16:57:36]		1048572		0		1048572
[16:57:39]		1048572		0		1048572
[16:57:42]		1048572		0		1048572
[16:57:45]		1048572		0		1048572
[16:57:48]		1048572		0		1048572
[16:57:51]		1048572		0		1048572
[16:57:54]		1048572		0		1048572
[16:57:57]		1048572		0		1048572
[16:58:00]		1048572		0		1048572
[16:58:03]		1048572		0		1048572
[16:58:06]		1048572		0		1048572
[16:58:09]		1048572		0		1048572
[16:58:12]		1048572		0		1048572
[16:58:15]		1048572		0		1048572
[16:58:18]		1048572		0		1048572
[16:58:21]		1048572		0		1048572
[16:58:24]		1048572		0		1048572
[16:58:27]		1048572		0		1048572
[16:58:30]		1048572		0		1048572
[16:58:33]		1048572		0		1048572
[16:58:36]		1048572		0		1048572
[16:58:39]		1048572		0		1048572
[16:58:42]		1048572		0		1048572
[16:58:45]		1048572		0		1048572
[16:58:48]		1048572		0		1048572
[16:58:51]		1048572		0		1048572
[16:58:54]		1048572		0		1048572
[16:58:57]		1048572		0		1048572
[16:59:00]		1048572		0		1048572
[16:59:03]		1048572		0		1048572
[16:59:06]		1048572		0		1048572
[16:59:09]		1048572		0		1048572
[16:59:12]		1048572		0		1048572
[16:59:15]		1048572		0		1048572
[16:59:18]		1048572		0		1048572
[16:59:21]		1048572		0		1048572
[16:59:24]		1048572		0		1048572
[16:59:27]		1048572		0		1048572
[16:59:30]		1048572		0		1048572
[16:59:33]		1048572		0		1048572
[16:59:36]		1048572		0		1048572
[16:59:39]		1048572		0		1048572
[16:59:42]		1048572		0		1048572
[16:59:45]		1048572		0		1048572
[16:59:48]		1048572		0		1048572
[16:59:51]		1048572		0		1048572
[16:59:54]		1048572		0		1048572
[16:59:57]		1048572		0		1048572
[17:00:00]		1048572		0		1048572
[17:00:03]		1048572		0		1048572
[17:00:06]		1048572		0		1048572
[17:00:09]		1048572		0		1048572
[17:00:12]		1048572		0		1048572
[17:00:15]		1048572		0		1048572
[17:00:18]		1048572		0		1048572
[17:00:21]		1048572		0		1048572
[17:00:24]		1048572		0		1048572
[17:00:27]		1048572		0		1048572
[17:00:30]		1048572		0		1048572
[17:00:33]		1048572		0		1048572
[17:00:36]		1048572		0		1048572
[17:00:39]		1048572		0		1048572
[17:00:42]		1048572		0		1048572
[17:00:45]		1048572		0		1048572
[17:00:48]		1048572		0		1048572
[17:00:51]		1048572		0		1048572
[17:00:54]		1048572		0		1048572
[17:00:57]		1048572		0		1048572
[17:01:00]		1048572		0		1048572
[17:01:03]		1048572		0		1048572
[17:01:06]		1048572		0		1048572
[17:01:09]		1048572		0		1048572
[17:01:12]		1048572		0		1048572
[17:01:15]		1048572		0		1048572
[17:01:18]		1048572		0		1048572
[17:01:21]		1048572		0		1048572
[17:01:24]		1048572		0		1048572
[17:01:27]		1048572		0		1048572
[17:01:30]		1048572		0		1048572
[17:01:33]		1048572		0		1048572
[17:01:36]		1048572		0		1048572
[17:01:39]		1048572		0		1048572
[17:01:42]		1048572		0		1048572
[17:01:45]		1048572		0		1048572
[17:01:48]		1048572		0		1048572
[17:01:51]		1048572		0		1048572
[17:01:54]		1048572		0		1048572
[17:01:57]		1048572		0		1048572
[17:02:00]		1048572		0		1048572
[17:02:03]		1048572		0		1048572
[17:02:06]		1048572		0		1048572
[17:02:09]		1048572		0		1048572
[17:02:12]		1048572		0		1048572
[17:02:15]		1048572		0		1048572
[17:02:18]		1048572		0		1048572
[17:02:21]		1048572		0		1048572
[17:02:24]		1048572		0		1048572
[17:02:27]		1048572		0		1048572
[17:02:30]		1048572		0		1048572
[17:02:33]		1048572		0		1048572
[17:02:36]		1048572		0		1048572
[17:02:39]		1048572		0		1048572
[17:02:42]		1048572		0		1048572
[17:02:45]		1048572		0		1048572
[17:02:48]		1048572		0		1048572
[17:02:51]		1048572		0		1048572
[17:02:54]		1048572		0		1048572
[17:02:57]		1048572		0		1048572
[17:03:00]		1048572		0		1048572
[17:03:03]		1048572		0		1048572
[17:03:06]		1048572		0		1048572
[17:03:09]		1048572		0		1048572
[17:03:12]		1048572		0		1048572
[17:03:15]		1048572		0		1048572
[17:03:18]		1048572		0		1048572
[17:03:21]		1048572		0		1048572
[17:03:24]		1048572		0		1048572
[17:03:27]		1048572		0		1048572
[17:03:30]		1048572		0		1048572
[17:03:33]		1048572		0		1048572
[17:03:36]		1048572		0		1048572
[17:03:39]		1048572		0		1048572
[17:03:42]		1048572		0		1048572
[17:03:45]		1048572		0		1048572
[17:03:48]		1048572		0		1048572
[17:03:51]		1048572		0		1048572
[17:03:54]		1048572		0		1048572
[17:03:57]		1048572		0		1048572
[17:04:00]		1048572		0		1048572
[17:04:03]		1048572		0		1048572
[17:04:06]		1048572		0		1048572
[17:04:09]		1048572		0		1048572
[17:04:12]		1048572		0		1048572
[17:04:15]		1048572		0		1048572
[17:04:18]		1048572		0		1048572
[17:04:21]		1048572		0		1048572
[17:04:24]		1048572		0		1048572
[17:04:27]		1048572		0		1048572
[17:04:30]		1048572		0		1048572
[17:04:33]		1048572		0		1048572
[17:04:36]		1048572		0		1048572
[17:04:39]		1048572		0		1048572
[17:04:42]		1048572		0		1048572
[17:04:45]		1048572		0		1048572
[17:04:48]		1048572		0		1048572
[17:04:51]		1048572		0		1048572
[17:04:54]		1048572		0		1048572
[17:04:57]		1048572		0		1048572
[17:05:00]		1048572		0		1048572
[17:05:03]		1048572		0		1048572
[17:05:06]		1048572		0		1048572
[17:05:09]		1048572		0		1048572
[17:05:12]		1048572		0		1048572
[17:05:15]		1048572		0		1048572
[17:05:18]		1048572		0		1048572
[17:05:21]		1048572		0		1048572
[17:05:24]		1048572		0		1048572
[17:05:27]		1048572		0		1048572
[17:05:30]		1048572		0		1048572
[17:05:33]		1048572		0		1048572
[17:05:36]		1048572		0		1048572
[17:05:39]		1048572		0		1048572
[17:05:42]		1048572		0		1048572
[17:05:45]		1048572		0		1048572
[17:05:48]		1048572		0		1048572
[17:05:51]		1048572		0		1048572
[17:05:54]		1048572		0		1048572
[17:05:57]		1048572		0		1048572
[17:06:00]		1048572		0		1048572
[17:06:03]		1048572		0		1048572
[17:06:06]		1048572		0		1048572
[17:06:09]		1048572		0		1048572
[17:06:12]		1048572		0		1048572
[17:06:15]		1048572		0		1048572
[17:06:18]		1048572		0		1048572
[17:06:21]		1048572		0		1048572
[17:06:24]		1048572		0		1048572
[17:06:27]		1048572		0		1048572
[17:06:30]		1048572		0		1048572
[17:06:33]		1048572		0		1048572
[17:06:36]		1048572		0		1048572
[17:06:39]		1048572		0		1048572
[17:06:42]		1048572		0		1048572
[17:06:45]		1048572		0		1048572
[17:06:48]		1048572		0		1048572
[17:06:51]		1048572		0		1048572
[17:06:54]		1048572		0		1048572
[17:06:57]		1048572		0		1048572
[17:07:00]		1048572		0		1048572
[17:07:03]		1048572		0		1048572
[17:07:06]		1048572		0		1048572
[17:07:09]		1048572		0		1048572
[17:07:12]		1048572		0		1048572
[17:07:15]		1048572		0		1048572
[17:07:18]		1048572		0		1048572
[17:07:21]		1048572		0		1048572
[17:07:24]		1048572		0		1048572
[17:07:27]		1048572		0		1048572
[17:07:30]		1048572		0		1048572
[17:07:33]		1048572		0		1048572
[17:07:36]		1048572		0		1048572
[17:07:39]		1048572		0		1048572
[17:07:42]		1048572		0		1048572
[17:07:45]		1048572		0		1048572
[17:07:48]		1048572		0		1048572
[17:07:51]		1048572		0		1048572
[17:07:54]		1048572		0		1048572
[17:07:57]		1048572		0		1048572
[17:08:00]		1048572		0		1048572
[17:08:03]		1048572		0		1048572
[17:08:06]		1048572		0		1048572
[17:08:09]		1048572		0		1048572
[17:08:12]		1048572		0		1048572
[17:08:15]		1048572		0		1048572
[17:08:18]		1048572		0		1048572
[17:08:21]		1048572		0		1048572
[17:08:24]		1048572		0		1048572
[17:08:27]		1048572		0		1048572
[17:08:30]		1048572		0		1048572
[17:08:33]		1048572		0		1048572
[17:08:36]		1048572		0		1048572
[17:08:39]		1048572		0		1048572
[17:08:42]		1048572		0		1048572
[17:08:45]		1048572		0		1048572
[17:08:48]		1048572		0		1048572
[17:08:51]		1048572		0		1048572
[17:08:54]		1048572		0		1048572
[17:08:57]		1048572		0		1048572
[17:09:00]		1048572		0		1048572
[17:09:03]		1048572		0		1048572
[17:09:06]		1048572		0		1048572
[17:09:09]		1048572		0		1048572
[17:09:12]		1048572		0		1048572
[17:09:15]		1048572		0		1048572
[17:09:18]		1048572		0		1048572
[17:09:21]		1048572		0		1048572
[17:09:24]		1048572		0		1048572
[17:09:27]		1048572		0		1048572
[17:09:30]		1048572		0		1048572
[17:09:33]		1048572		0		1048572
[17:09:36]		1048572		0		1048572
[17:09:39]		1048572		0		1048572
[17:09:42]		1048572		0		1048572
[17:09:45]		1048572		0		1048572
[17:09:48]		1048572		0		1048572
[17:09:51]		1048572		0		1048572
[17:09:54]		1048572		0		1048572
[17:09:57]		1048572		0		1048572
[17:10:00]		1048572		0		1048572
[17:10:03]		1048572		0		1048572
[17:10:06]		1048572		0		1048572
[17:10:09]		1048572		0		1048572
[17:10:12]		1048572		0		1048572
[17:10:15]		1048572		0		1048572
[17:10:18]		1048572		0		1048572
[17:10:21]		1048572		0		1048572
[17:10:24]		1048572		0		1048572
[17:10:27]		1048572		0		1048572
[17:10:30]		1048572		0		1048572
[17:10:33]		1048572		0		1048572
[17:10:36]		1048572		0		1048572
[17:10:39]		1048572		0		1048572
[17:10:42]		1048572		0		1048572
[17:10:45]		1048572		0		1048572
[17:10:48]		1048572		0		1048572
[17:10:51]		1048572		0		1048572
[17:10:54]		1048572		0		1048572
[17:10:57]		1048572		0		1048572
[17:11:00]		1048572		0		1048572
[17:11:03]		1048572		0		1048572
[17:11:06]		1048572		0		1048572
[17:11:09]		1048572		0		1048572
[17:11:12]		1048572		0		1048572
[17:11:15]		1048572		0		1048572
[17:11:18]		1048572		0		1048572
[17:11:21]		1048572		0		1048572
[17:11:24]		1048572		0		1048572
[17:11:27]		1048572		0		1048572
[17:11:30]		1048572		0		1048572
[17:11:33]		1048572		0		1048572
[17:11:36]		1048572		0		1048572
[17:11:39]		1048572		0		1048572
[17:11:42]		1048572		0		1048572
[17:11:45]		1048572		0		1048572
[17:11:48]		1048572		0		1048572
[17:11:51]		1048572		0		1048572
[17:11:54]		1048572		0		1048572
[17:11:57]		1048572		0		1048572
[17:12:00]		1048572		0		1048572
[17:12:03]		1048572		0		1048572
[17:12:06]		1048572		0		1048572
[17:12:09]		1048572		0		1048572
[17:12:12]		1048572		0		1048572
[17:12:15]		1048572		0		1048572
[17:12:18]		1048572		0		1048572
[17:12:21]		1048572		0		1048572
[17:12:24]		1048572		0		1048572
[17:12:27]		1048572		0		1048572
[17:12:30]		1048572		0		1048572
[17:12:33]		1048572		0		1048572
[17:12:36]		1048572		0		1048572
[17:12:39]		1048572		0		1048572
[17:12:42]		1048572		0		1048572
[17:12:45]		1048572		0		1048572
[17:12:48]		1048572		0		1048572
[17:12:51]		1048572		0		1048572
[17:12:54]		1048572		0		1048572
[17:12:57]		1048572		0		1048572
[17:13:00]		1048572		0		1048572
[17:13:03]		1048572		0		1048572
[17:13:06]		1048572		0		1048572
[17:13:09]		1048572		0		1048572
[17:13:12]		1048572		0		1048572
[17:13:15]		1048572		0		1048572
[17:13:18]		1048572		0		1048572
[17:13:21]		1048572		0		1048572
[17:13:24]		1048572		0		1048572
[17:13:27]		1048572		0		1048572
[17:13:30]		1048572		0		1048572
[17:13:33]		1048572		0		1048572
[17:13:36]		1048572		0		1048572
[17:13:39]		1048572		0		1048572
[17:13:42]		1048572		0		1048572
[17:13:45]		1048572		0		1048572
[17:13:48]		1048572		0		1048572
[17:13:51]		1048572		0		1048572
[17:13:54]		1048572		0		1048572
[17:13:57]		1048572		0		1048572
[17:14:00]		1048572		0		1048572
[17:14:03]		1048572		0		1048572
[17:14:06]		1048572		0		1048572
[17:14:09]		1048572		0		1048572
[17:14:12]		1048572		0		1048572
[17:14:15]		1048572		0		1048572
[17:14:18]		1048572		0		1048572
[17:14:21]		1048572		0		1048572
[17:14:24]		1048572		0		1048572
[17:14:27]		1048572		0		1048572
[17:14:30]		1048572		0		1048572
[17:14:33]		1048572		0		1048572
[17:14:36]		1048572		0		1048572
[17:14:39]		1048572		0		1048572
[17:14:42]		1048572		0		1048572
[17:14:45]		1048572		0		1048572
[17:14:48]		1048572		0		1048572
[17:14:51]		1048572		0		1048572
[17:14:54]		1048572		0		1048572
[17:14:57]		1048572		0		1048572
[17:15:00]		1048572		0		1048572
[17:15:03]		1048572		0		1048572
[17:15:06]		1048572		0		1048572
[17:15:09]		1048572		0		1048572
[17:15:12]		1048572		0		1048572
[17:15:15]		1048572		0		1048572
[17:15:18]		1048572		0		1048572
[17:15:21]		1048572		0		1048572
[17:15:24]		1048572		0		1048572
[17:15:27]		1048572		0		1048572
[17:15:30]		1048572		0		1048572
[17:15:33]		1048572		0		1048572
[17:15:36]		1048572		0		1048572
[17:15:39]		1048572		0		1048572
[17:15:42]		1048572		0		1048572
[17:15:45]		1048572		0		1048572
[17:15:48]		1048572		0		1048572
[17:15:51]		1048572		0		1048572
[17:15:54]		1048572		0		1048572
[17:15:57]		1048572		0		1048572
[17:16:00]		1048572		0		1048572
[17:16:03]		1048572		0		1048572
[17:16:06]		1048572		0		1048572
[17:16:09]		1048572		0		1048572
[17:16:12]		1048572		0		1048572
[17:16:15]		1048572		0		1048572
[17:16:18]		1048572		0		1048572
[17:16:21]		1048572		0		1048572
[17:16:24]		1048572		0		1048572
[17:16:27]		1048572		0		1048572
[17:16:30]		1048572		0		1048572
[17:16:33]		1048572		0		1048572
[17:16:36]		1048572		0		1048572
[17:16:39]		1048572		0		1048572
[17:16:42]		1048572		0		1048572
[17:16:45]		1048572		0		1048572
[17:16:48]		1048572		0		1048572
[17:16:51]		1048572		0		1048572
[17:16:54]		1048572		0		1048572
[17:16:57]		1048572		0		1048572
[17:17:00]		1048572		0		1048572
[17:17:03]		1048572		0		1048572
[17:17:06]		1048572		0		1048572
[17:17:09]		1048572		0		1048572
[17:17:12]		1048572		0		1048572
[17:17:15]		1048572		0		1048572
[17:17:18]		1048572		0		1048572
[17:17:21]		1048572		0		1048572
[17:17:24]		1048572		0		1048572
[17:17:27]		1048572		0		1048572
[17:17:30]		1048572		0		1048572
[17:17:33]		1048572		0		1048572
[17:17:36]		1048572		0		1048572
[17:17:39]		1048572		0		1048572
[17:17:42]		1048572		0		1048572
[17:17:45]		1048572		0		1048572
[17:17:48]		1048572		0		1048572
[17:17:51]		1048572		0		1048572
[17:17:54]		1048572		0		1048572
[17:17:57]		1048572		0		1048572
[17:18:00]		1048572		0		1048572
[17:18:03]		1048572		0		1048572
[17:18:06]		1048572		0		1048572
[17:18:09]		1048572		0		1048572
[17:18:12]		1048572		0		1048572
[17:18:15]		1048572		0		1048572
[17:18:18]		1048572		0		1048572
[17:18:21]		1048572		0		1048572
[17:18:24]		1048572		0		1048572
[17:18:27]		1048572		0		1048572
[17:18:30]		1048572		0		1048572
[17:18:33]		1048572		0		1048572
[17:18:36]		1048572		0		1048572
[17:18:39]		1048572		0		1048572
[17:18:42]		1048572		0		1048572
[17:18:45]		1048572		0		1048572
[17:18:48]		1048572		0		1048572
[17:18:51]		1048572		0		1048572
[17:18:54]		1048572		0		1048572
[17:18:57]		1048572		0		1048572
[17:19:00]		1048572		0		1048572
[17:19:03]		1048572		0		1048572
[17:19:06]		1048572		0		1048572
[17:19:09]		1048572		0		1048572
[17:19:12]		1048572		0		1048572
[17:19:15]		1048572		0		1048572
[17:19:18]		1048572		0		1048572
[17:19:21]		1048572		0		1048572
[17:19:24]		1048572		0		1048572
[17:19:27]		1048572		0		1048572
[17:19:30]		1048572		0		1048572
[17:19:33]		1048572		0		1048572
[17:19:36]		1048572		0		1048572
[17:19:39]		1048572		0		1048572
[17:19:42]		1048572		0		1048572
[17:19:45]		1048572		0		1048572
[17:19:48]		1048572		0		1048572
[17:19:51]		1048572		0		1048572
[17:19:54]		1048572		0		1048572
[17:19:57]		1048572		0		1048572
[17:20:00]		1048572		0		1048572
[17:20:03]		1048572		0		1048572
[17:20:06]		1048572		0		1048572
[17:20:09]		1048572		0		1048572
[17:20:12]		1048572		0		1048572
[17:20:15]		1048572		0		1048572
[17:20:18]		1048572		0		1048572
[17:20:21]		1048572		0		1048572
[17:20:24]		1048572		0		1048572
[17:20:27]		1048572		0		1048572
[17:20:30]		1048572		0		1048572
[17:20:33]		1048572		0		1048572
[17:20:36]		1048572		0		1048572
[17:20:39]		1048572		0		1048572
[17:20:42]		1048572		0		1048572
[17:20:45]		1048572		0		1048572
[17:20:48]		1048572		0		1048572
[17:20:51]		1048572		0		1048572
[17:20:54]		1048572		0		1048572
[17:20:57]		1048572		0		1048572
[17:21:00]		1048572		0		1048572
[17:21:03]		1048572		0		1048572
[17:21:06]		1048572		0		1048572
[17:21:09]		1048572		0		1048572
[17:21:12]		1048572		0		1048572
[17:21:15]		1048572		0		1048572
[17:21:18]		1048572		0		1048572
[17:21:21]		1048572		0		1048572
[17:21:24]		1048572		0		1048572
[17:21:27]		1048572		0		1048572
[17:21:30]		1048572		0		1048572
[17:21:33]		1048572		0		1048572
[17:21:36]		1048572		0		1048572
[17:21:39]		1048572		0		1048572
[17:21:42]		1048572		0		1048572
[17:21:45]		1048572		0		1048572
[17:21:48]		1048572		0		1048572
[17:21:51]		1048572		0		1048572
[17:21:54]		1048572		0		1048572
[17:21:57]		1048572		0		1048572
[17:22:00]		1048572		0		1048572
[17:22:03]		1048572		0		1048572
[17:22:06]		1048572		0		1048572
[17:22:09]		1048572		0		1048572
[17:22:12]		1048572		0		1048572
[17:22:15]		1048572		0		1048572
[17:22:18]		1048572		0		1048572
[17:22:21]		1048572		0		1048572
[17:22:24]		1048572		0		1048572
[17:22:27]		1048572		0		1048572
[17:22:30]		1048572		0		1048572
[17:22:33]		1048572		0		1048572
[17:22:36]		1048572		0		1048572
[17:22:39]		1048572		0		1048572
[17:22:42]		1048572		0		1048572
[17:22:45]		1048572		0		1048572
[17:22:48]		1048572		0		1048572
[17:22:51]		1048572		0		1048572
[17:22:54]		1048572		0		1048572
[17:22:57]		1048572		0		1048572
[17:23:00]		1048572		0		1048572
[17:23:03]		1048572		0		1048572
[17:23:06]		1048572		0		1048572
[17:23:09]		1048572		0		1048572
[17:23:12]		1048572		0		1048572
[17:23:15]		1048572		0		1048572
[17:23:18]		1048572		0		1048572
[17:23:21]		1048572		0		1048572
[17:23:24]		1048572		0		1048572
[17:23:27]		1048572		0		1048572
[17:23:30]		1048572		0		1048572
[17:23:33]		1048572		0		1048572
[17:23:36]		1048572		0		1048572
[17:23:39]		1048572		0		1048572
[17:23:42]		1048572		0		1048572
[17:23:45]		1048572		0		1048572
[17:23:48]		1048572		0		1048572
[17:23:51]		1048572		0		1048572
[17:23:54]		1048572		0		1048572
[17:23:57]		1048572		0		1048572
[17:24:00]		1048572		0		1048572
[17:24:03]		1048572		0		1048572
[17:24:06]		1048572		0		1048572
[17:24:09]		1048572		0		1048572
[17:24:12]		1048572		0		1048572
[17:24:15]		1048572		0		1048572
[17:24:18]		1048572		0		1048572
[17:24:21]		1048572		0		1048572
[17:24:24]		1048572		0		1048572
[17:24:27]		1048572		0		1048572
[17:24:30]		1048572		0		1048572
[17:24:33]		1048572		0		1048572
[17:24:36]		1048572		0		1048572
[17:24:39]		1048572		0		1048572
[17:24:42]		1048572		0		1048572
[17:24:45]		1048572		0		1048572
[17:24:48]		1048572		0		1048572
[17:24:51]		1048572		0		1048572
[17:24:54]		1048572		0		1048572
[17:24:57]		1048572		0		1048572
[17:25:00]		1048572		0		1048572
[17:25:03]		1048572		0		1048572
[17:25:06]		1048572		0		1048572
[17:25:09]		1048572		0		1048572
[17:25:12]		1048572		0		1048572
[17:25:15]		1048572		0		1048572
[17:25:18]		1048572		0		1048572
[17:25:21]		1048572		0		1048572
[17:25:24]		1048572		0		1048572
[17:25:27]		1048572		0		1048572
[17:25:30]		1048572		0		1048572
[17:25:33]		1048572		0		1048572
[17:25:36]		1048572		0		1048572
[17:25:39]		1048572		0		1048572
[17:25:42]		1048572		0		1048572
[17:25:45]		1048572		0		1048572
[17:25:48]		1048572		0		1048572
[17:25:51]		1048572		0		1048572
[17:25:54]		1048572		0		1048572
[17:25:57]		1048572		0		1048572
[17:26:00]		1048572		0		1048572
[17:26:03]		1048572		0		1048572
[17:26:06]		1048572		0		1048572
[17:26:09]		1048572		0		1048572
[17:26:12]		1048572		0		1048572
[17:26:15]		1048572		0		1048572
[17:26:18]		1048572		0		1048572
[17:26:21]		1048572		0		1048572
[17:26:24]		1048572		0		1048572
[17:26:27]		1048572		0		1048572
[17:26:30]		1048572		0		1048572
[17:26:33]		1048572		0		1048572
[17:26:36]		1048572		0		1048572
[17:26:39]		1048572		0		1048572
[17:26:42]		1048572		0		1048572
[17:26:45]		1048572		0		1048572
[17:26:48]		1048572		0		1048572
[17:26:51]		1048572		0		1048572
[17:26:54]		1048572		0		1048572
[17:26:57]		1048572		0		1048572
[17:27:00]		1048572		0		1048572
[17:27:03]		1048572		0		1048572
[17:27:06]		1048572		0		1048572
[17:27:09]		1048572		0		1048572
[17:27:12]		1048572		0		1048572
[17:27:15]		1048572		0		1048572
[17:27:18]		1048572		0		1048572
[17:27:21]		1048572		0		1048572
[17:27:24]		1048572		0		1048572
[17:27:27]		1048572		0		1048572
[17:27:30]		1048572		0		1048572
[17:27:33]		1048572		0		1048572
[17:27:36]		1048572		0		1048572
[17:27:39]		1048572		0		1048572
[17:27:42]		1048572		0		1048572
[17:27:45]		1048572		0		1048572
[17:27:48]		1048572		0		1048572
[17:27:51]		1048572		0		1048572
[17:27:54]		1048572		0		1048572
[17:27:57]		1048572		0		1048572
[17:28:00]		1048572		0		1048572
[17:28:03]		1048572		0		1048572
[17:28:06]		1048572		0		1048572
[17:28:09]		1048572		0		1048572
[17:28:12]		1048572		0		1048572
[17:28:15]		1048572		0		1048572
[17:28:18]		1048572		0		1048572
[17:28:21]		1048572		0		1048572
[17:28:24]		1048572		0		1048572
[17:28:27]		1048572		0		1048572
[17:28:30]		1048572		0		1048572
[17:28:33]		1048572		0		1048572
[17:28:36]		1048572		0		1048572
[17:28:39]		1048572		0		1048572
[17:28:42]		1048572		0		1048572
[17:28:45]		1048572		0		1048572
[17:28:48]		1048572		0		1048572
[17:28:51]		1048572		0		1048572
[17:28:54]		1048572		0		1048572
[17:28:57]		1048572		0		1048572
[17:29:00]		1048572		0		1048572
[17:29:03]		1048572		0		1048572
[17:29:06]		1048572		0		1048572
[17:29:09]		1048572		0		1048572
[17:29:12]		1048572		0		1048572
[17:29:15]		1048572		0		1048572
[17:29:18]		1048572		0		1048572
[17:29:21]		1048572		0		1048572
[17:29:24]		1048572		0		1048572
[17:29:27]		1048572		0		1048572
[17:29:30]		1048572		0		1048572
[17:29:33]		1048572		0		1048572
[17:29:36]		1048572		0		1048572
[17:29:39]		1048572		0		1048572
[17:29:42]		1048572		0		1048572
[17:29:45]		1048572		0		1048572
[17:29:48]		1048572		0		1048572
[17:29:51]		1048572		0		1048572
[17:29:54]		1048572		0		1048572
[17:29:57]		1048572		0		1048572
[17:30:00]		1048572		0		1048572
[17:30:03]		1048572		0		1048572
[17:30:06]		1048572		0		1048572
[17:30:09]		1048572		0		1048572
[17:30:12]		1048572		0		1048572
[17:30:15]		1048572		0		1048572
[17:30:18]		1048572		0		1048572
[17:30:21]		1048572		0		1048572
[17:30:24]		1048572		0		1048572
[17:30:27]		1048572		0		1048572
[17:30:30]		1048572		0		1048572
[17:30:33]		1048572		0		1048572
[17:30:36]		1048572		0		1048572
[17:30:39]		1048572		0		1048572
[17:30:42]		1048572		0		1048572
[17:30:45]		1048572		0		1048572
[17:30:48]		1048572		0		1048572
[17:30:51]		1048572		0		1048572
[17:30:54]		1048572		0		1048572
[17:30:57]		1048572		0		1048572
[17:31:00]		1048572		0		1048572
[17:31:03]		1048572		0		1048572
[17:31:06]		1048572		0		1048572
[17:31:09]		1048572		0		1048572
[17:31:12]		1048572		0		1048572
[17:31:15]		1048572		0		1048572
[17:31:18]		1048572		0		1048572
[17:31:21]		1048572		0		1048572
[17:31:24]		1048572		0		1048572
[17:31:27]		1048572		0		1048572
[17:31:30]		1048572		0		1048572
[17:31:33]		1048572		0		1048572
[17:31:36]		1048572		0		1048572
[17:31:39]		1048572		0		1048572
[17:31:42]		1048572		0		1048572
[17:31:45]		1048572		0		1048572
[17:31:48]		1048572		0		1048572
[17:31:51]		1048572		0		1048572
[17:31:54]		1048572		0		1048572
[17:31:57]		1048572		0		1048572
[17:32:00]		1048572		0		1048572
[17:32:03]		1048572		0		1048572
[17:32:06]		1048572		0		1048572
[17:32:09]		1048572		0		1048572
[17:32:12]		1048572		0		1048572
[17:32:15]		1048572		0		1048572
[17:32:18]		1048572		0		1048572
[17:32:21]		1048572		0		1048572
[17:32:24]		1048572		0		1048572
[17:32:27]		1048572		0		1048572
[17:32:30]		1048572		0		1048572
[17:32:33]		1048572		0		1048572
[17:32:36]		1048572		0		1048572
[17:32:39]		1048572		0		1048572
[17:32:42]		1048572		0		1048572
[17:32:45]		1048572		0		1048572
[17:32:48]		1048572		0		1048572
[17:32:51]		1048572		0		1048572
[17:32:54]		1048572		0		1048572
[17:32:57]		1048572		0		1048572
[17:33:00]		1048572		0		1048572
[17:33:03]		1048572		0		1048572
[17:33:06]		1048572		0		1048572
[17:33:09]		1048572		0		1048572
[17:33:12]		1048572		0		1048572
[17:33:15]		1048572		0		1048572
[17:33:18]		1048572		0		1048572
[17:33:21]		1048572		0		1048572
[17:33:24]		1048572		0		1048572
[17:33:27]		1048572		0		1048572
[17:33:30]		1048572		0		1048572
[17:33:33]		1048572		0		1048572
[17:33:36]		1048572		0		1048572
[17:33:39]		1048572		0		1048572
[17:33:42]		1048572		0		1048572
[17:33:45]		1048572		0		1048572
[17:33:48]		1048572		0		1048572
[17:33:51]		1048572		0		1048572
[17:33:54]		1048572		0		1048572
[17:33:57]		1048572		0		1048572
[17:34:00]		1048572		0		1048572
[17:34:03]		1048572		0		1048572
[17:34:06]		1048572		0		1048572
[17:34:09]		1048572		0		1048572
[17:34:12]		1048572		0		1048572
[17:34:15]		1048572		0		1048572
[17:34:18]		1048572		0		1048572
[17:34:21]		1048572		0		1048572
[17:34:24]		1048572		0		1048572
[17:34:27]		1048572		0		1048572
[17:34:30]		1048572		0		1048572
[17:34:33]		1048572		0		1048572
[17:34:36]		1048572		0		1048572
[17:34:39]		1048572		0		1048572
[17:34:42]		1048572		0		1048572
[17:34:45]		1048572		0		1048572
[17:34:48]		1048572		0		1048572
[17:34:51]		1048572		0		1048572
[17:34:54]		1048572		0		1048572
[17:34:57]		1048572		0		1048572
[17:35:00]		1048572		0		1048572
[17:35:03]		1048572		0		1048572
[17:35:06]		1048572		0		1048572
[17:35:09]		1048572		0		1048572
[17:35:12]		1048572		0		1048572
[17:35:15]		1048572		0		1048572
[17:35:18]		1048572		0		1048572
[17:35:21]		1048572		0		1048572
[17:35:24]		1048572		0		1048572
[17:35:27]		1048572		0		1048572
[17:35:30]		1048572		0		1048572
[17:35:33]		1048572		0		1048572
[17:35:36]		1048572		0		1048572
[17:35:39]		1048572		0		1048572
[17:35:42]		1048572		0		1048572
[17:35:45]		1048572		0		1048572
[17:35:48]		1048572		0		1048572
[17:35:51]		1048572		0		1048572
[17:35:54]		1048572		0		1048572
[17:35:57]		1048572		0		1048572
[17:36:00]		1048572		0		1048572
[17:36:03]		1048572		0		1048572
[17:36:06]		1048572		0		1048572
[17:36:09]		1048572		0		1048572
[17:36:12]		1048572		0		1048572
[17:36:15]		1048572		0		1048572
[17:36:18]		1048572		0		1048572
[17:36:21]		1048572		0		1048572
[17:36:24]		1048572		0		1048572
[17:36:27]		1048572		0		1048572
[17:36:30]		1048572		0		1048572
[17:36:33]		1048572		0		1048572
[17:36:36]		1048572		0		1048572
[17:36:39]		1048572		0		1048572
[17:36:42]		1048572		0		1048572
[17:36:45]		1048572		0		1048572
[17:36:48]		1048572		0		1048572
[17:36:51]		1048572		0		1048572
[17:36:54]		1048572		0		1048572
[17:36:57]		1048572		0		1048572
[17:37:00]		1048572		0		1048572
[17:37:03]		1048572		0		1048572
[17:37:06]		1048572		0		1048572
[17:37:09]		1048572		0		1048572
[17:37:12]		1048572		0		1048572
[17:37:15]		1048572		0		1048572
[17:37:18]		1048572		0		1048572
[17:37:21]		1048572		0		1048572
[17:37:24]		1048572		0		1048572
[17:37:27]		1048572		0		1048572
[17:37:30]		1048572		0		1048572
[17:37:33]		1048572		0		1048572
[17:37:36]		1048572		0		1048572
[17:37:39]		1048572		0		1048572
[17:37:42]		1048572		0		1048572
[17:37:45]		1048572		0		1048572
[17:37:48]		1048572		0		1048572
[17:37:51]		1048572		0		1048572
[17:37:54]		1048572		0		1048572
[17:37:57]		1048572		0		1048572
[17:38:00]		1048572		0		1048572
[17:38:03]		1048572		0		1048572
[17:38:06]		1048572		0		1048572
[17:38:09]		1048572		0		1048572
[17:38:12]		1048572		0		1048572
[17:38:15]		1048572		0		1048572
[17:38:18]		1048572		0		1048572
[17:38:21]		1048572		0		1048572
[17:38:24]		1048572		0		1048572
[17:38:27]		1048572		0		1048572
[17:38:30]		1048572		0		1048572
[17:38:33]		1048572		0		1048572
[17:38:36]		1048572		0		1048572
[17:38:39]		1048572		0		1048572
[17:38:42]		1048572		0		1048572
[17:38:45]		1048572		0		1048572
[17:38:48]		1048572		0		1048572
[17:38:51]		1048572		0		1048572
[17:38:54]		1048572		0		1048572
[17:38:57]		1048572		0		1048572
[17:39:00]		1048572		0		1048572
[17:39:03]		1048572		0		1048572
[17:39:06]		1048572		0		1048572
[17:39:09]		1048572		0		1048572
[17:39:12]		1048572		0		1048572
[17:39:15]		1048572		0		1048572
[17:39:18]		1048572		0		1048572
[17:39:21]		1048572		0		1048572
[17:39:24]		1048572		0		1048572
[17:39:27]		1048572		0		1048572
[17:39:30]		1048572		0		1048572
[17:39:33]		1048572		0		1048572
[17:39:36]		1048572		0		1048572
[17:39:39]		1048572		0		1048572
[17:39:42]		1048572		0		1048572
[17:39:45]		1048572		0		1048572
[17:39:48]		1048572		0		1048572
[17:39:51]		1048572		0		1048572
[17:39:54]		1048572		0		1048572
[17:39:57]		1048572		0		1048572
[17:40:00]		1048572		0		1048572
