recorded by mmserver domain:[id:11 time:Mon Apr  1 19:52:03 2013
]
time		tg_mem		use_mem		free_mem		
19:52:05		524288		257316		266972		
19:52:07		524288		257316		266972		
19:52:09		524288		257316		266972		
19:52:11		524288		257316		266972		
19:52:13		524288		257316		266972		
19:52:15		524288		257316		266972		
19:52:17		524288		257316		266972		
19:52:19		524288		257316		266972		
19:52:21		524288		257316		266972		
19:52:23		524288		257316		266972		
19:52:25		524288		257316		266972		
19:52:27		524288		257316		266972		
19:52:29		524288		257316		266972		
19:52:32		524288		257316		266972		
19:52:34		524288		257316		266972		
19:52:36		524288		257316		266972		
19:52:38		524288		257316		266972		
19:52:40		524288		257316		266972		
19:52:42		524288		257316		266972		
19:52:44		524288		257316		266972		
19:52:46		518578		251606		266972		
19:52:48		512650		257334		255316		
19:52:50		508640		257292		251348		
19:52:52		509342		257250		252092		
19:52:54		506137		256897		249240		
19:52:56		482560		256880		225680		
19:52:58		474636		256892		217744		
19:53:00		450115		256799		193316		
19:53:02		458617		265301		193316		
19:53:04		448440		255124		193316		
19:53:06		428038		256546		171492		
19:53:08		413703		254239		159464		
19:53:10		400254		246990		153264		
19:53:12		387405		255585		131820		
19:53:14		389078		257390		131688		
19:53:16		380438		259050		121388		
19:53:18		380319		258931		121388		
19:53:20		376809		263365		113444		
19:53:22		380370		270050		110320		
19:53:24		383643		267123		116520		
19:53:26		376054		266602		109452		
19:53:28		371427		266563		104864		
19:53:30		367074		266550		100524		
19:53:32		368843		267079		101764		
19:53:34		366136		266604		99532		
19:53:36		365025		266609		98416		
19:53:38		362439		266627		95812		
19:53:40		362384		266572		95812		
19:53:42		362662		266330		96332		
19:53:44		359738		266778		92960		
19:53:47		362182		268106		94076		
19:53:49		359452		266740		92712		
19:53:51		363558		267126		96432		
19:53:53		358050		266578		91472		
19:53:55		358398		267050		91348		
19:53:57		357726		266626		91100		
19:53:59		389582		297614		91968		
19:54:01		378880		267196		111684		
19:54:03		383516		271832		111684		
19:54:05		388648		269500		119148		
19:54:07		388847		267119		121728		
19:54:09		381815		266783		115032		
19:54:11		376223		266771		109452		
19:54:13		378291		267723		110568		
19:54:15		374498		266782		107716		
19:54:17		373776		266804		106972		
19:54:19		370277		266901		103376		
19:54:21		365748		266836		98912		
19:54:23		361796		266852		94944		
19:54:25		363811		267999		95812		
19:54:27		362100		266908		95192		
19:54:29		363109		267297		95812		
19:54:31		360782		266706		94076		
19:54:33		362226		267282		94944		
19:54:35		359338		266750		92588		
19:54:37		360087		267251		92836		
19:54:39		357450		266722		90728		
19:54:41		356862		266754		90108		
19:54:43		355311		266691		88620		
19:54:45		361058		271694		89364		
19:54:47		361366		266522		94844		
19:54:49		361426		267102		94324		
19:54:51		362418		267350		95068		
19:54:53		360675		266723		93952		
19:54:55		360427		266723		93704		
19:54:57		359951		266743		93208		
19:55:00		360393		267185		93208		
19:55:02		364306		268370		95936		
19:55:04		361203		267003		94200		
19:55:06		360638		266934		93704		
19:55:08		364758		269194		95564		
19:55:10		365673		266489		99184		
19:55:12		396925		296277		100648		
19:55:14		410277		267345		142932		
19:55:16		432078		286666		145412		
19:55:18		454023		271783		182240		
19:55:20		430499		266859		163640		
19:55:22		435375		267395		167980		
19:55:24		426122		266822		159300		
19:55:26		433043		272875		160168		
19:55:28		435763		267535		168228		
19:55:30		432308		264080		168228		
19:55:32		422502		267046		155456		
19:55:34		420243		264787		155456		
19:55:36		416398		267018		149380		
19:55:38		413433		264053		149380		
19:55:40		402197		266953		135244		
19:55:42		400548		267040		133508		
19:55:44		396047		267003		129044		
19:55:46		389263		267039		122224		
19:55:48		389335		267111		122224		
19:55:50		390524		266664		123860		
19:55:52		389477		266881		122596		
19:55:54		385334		266954		118380		
19:55:56		383701		267057		116644		
19:55:58		382991		266967		116024		
19:56:00		383513		267365		116148		
19:56:02		378674		266990		111684		
19:56:04		378051		266987		111064		
19:56:06		377814		266874		110940		
19:56:08		376751		266927		109824		
19:56:10		410118		299798		110320		
19:56:13		404282		266658		137624		
19:56:15		408708		270612		138096		
19:56:17		403258		267022		136236		
19:56:19		401360		267108		134252		
19:56:21		387686		267074		120612		
19:56:23		385213		267081		118132		
19:56:25		379182		267126		112056		
19:56:27		373942		267094		106848		
19:56:29		374220		267372		106848		
19:56:31		370776		267028		103748		
19:56:33		370132		267004		103128		
19:56:35		372946		268206		104740		
19:56:37		368896		267008		101888		
19:56:39		367889		266993		100896		
19:56:41		401900		300136		101764		
19:56:43		401419		267415		134004		
19:56:45		398922		266902		132020		
19:56:47		405816		267472		138344		
19:56:49		396300		266884		129416		
19:56:51		397648		267488		130160		
19:56:53		396328		266912		129416		
19:56:55		396192		266752		129440		
19:56:57		393984		266924		127060		
19:56:59		388428		266948		121480		
19:57:01		392515		269547		122968		
19:57:03		388208		267100		121108		
19:57:05		387455		267091		120364		
19:57:07		388560		267452		121108		
19:57:09		384375		266987		117388		
19:57:11		380880		266964		113916		
19:57:13		382340		268176		114164		
19:57:15		377455		267135		110320		
19:57:17		383688		272972		110716		
19:57:19		380273		267101		113172		
19:57:21		376606		267030		109576		
19:57:24		375596		267136		108460		
19:57:26		377069		267493		109576		
19:57:28		374269		267049		107220		
19:57:30		383377		267477		115900		
19:57:32		419340		286204		133136		
19:57:34		470048		267596		202452		
19:57:36		434883		267027		167856		
19:57:38		415258		266994		148264		
19:57:40		413911		267135		146776		
19:57:42		413128		267096		146032		
19:57:44		413890		267858		146032		
19:57:46		406172		267084		139088		
19:57:48		407551		267595		139956		
19:57:50		399520		267004		132516		
19:57:52		400188		267548		132640		
19:57:54		401603		267599		134004		
19:57:56		434227		298611		135616		
19:57:58		428555		267519		161036		
19:58:00		426061		266737		159324		
19:58:02		429166		268998		160168		
19:58:04		428248		267212		161036		
19:58:06		456501		293729		162772		
19:58:08		440579		267639		172940		
19:58:10		454008		279084		174924		
19:58:12		448561		267561		181000		
19:58:14		440678		267118		173560		
19:58:16		432611		267111		165500		
19:58:18		415204		267064		148140		
19:58:20		400177		267041		133136		
19:58:22		392812		266720		126092		
19:58:24		390918		267082		123836		
19:58:26		384543		267155		117388		
19:58:28		381639		267103		114536		
19:58:30		377875		267059		110816		
19:58:33		379538		267606		111932		
19:58:35		380423		267623		112800		
19:58:37		376523		267071		109452		
19:58:39		382458		271518		110940		
19:58:41		386484		271700		114784		
19:58:43		386383		271475		114908		
19:58:45		383765		267609		116156		
19:58:47		381138		267098		114040		
19:58:49		379110		267054		112056		
19:58:51		379336		267280		112056		
19:58:53		381156		267612		113544		
19:58:55		377334		267138		110196		
19:58:57		377121		267173		109948		
19:58:59		383318		271758		111560		
19:59:01		379530		267350		112180		
19:59:03		384839		268047		116792		
19:59:05		383268		267244		116024		
19:59:07		382276		267120		115156		
19:59:09		383178		267650		115528		
19:59:11		407140		289876		117264		
19:59:13		417070		271906		145164		
19:59:15		411327		266163		145164		
19:59:17		408952		267136		141816		
19:59:19		396110		267190		128920		
19:59:21		406998		267662		139336		
19:59:23		401046		267166		133880		
19:59:25		407052		272900		134152		
19:59:27		410245		267561		142684		
19:59:29		403542		267306		136236		
19:59:31		394307		267247		127060		
19:59:33		398014		267730		130284		
19:59:35		398872		267720		131152		
19:59:37		404323		267715		136608		
19:59:39		405734		267762		137972		
19:59:42		402114		267242		134872		
19:59:44		398420		267144		131276		
19:59:46		394027		267215		126812		
19:59:48		391637		267305		124332		
19:59:50		394209		267769		126440		
19:59:52		398315		271875		126440		
19:59:54		393093		267397		125696		
19:59:56		389861		267389		122472		
19:59:58		386497		267373		119124		
20:00:00		388377		267765		120612		
20:00:02		381166		267250		113916		
20:00:04		381166		267250		113916		
20:00:06		417061		301037		116024		
20:00:08		445073		282773		162300		
20:00:10		479113		267485		211628		
20:00:12		446177		267161		179016		
20:00:14		438623		267295		171328		
20:00:16		433472		267352		166120		
20:00:18		428194		267282		160912		
20:00:20		418364		267372		150992		
20:00:22		417350		267350		150000		
20:00:24		418549		267805		150744		
20:00:26		416575		267195		149380		
20:00:28		417928		267804		150124		
20:00:30		402286		267018		135268		
20:00:32		408591		272479		136112		
20:00:34		399847		267455		132392		
20:00:36		403777		269649		134128		
20:00:38		429852		287416		142436		
20:00:40		460484		267828		192656		
20:00:42		427970		267306		160664		
20:00:44		421060		268452		152608		
20:00:46		421286		267894		153392		
20:00:48		419431		267651		151780		
20:00:50		418563		267651		150912		
20:00:52		417035		267363		149672		
20:00:55		418738		267950		150788		
20:00:57		416995		267323		149672		
20:00:59		412156		267320		144836		
20:01:01		413899		267947		145952		
20:01:03		411917		267329		144588		
20:01:05		407021		267393		139628		
20:01:07		406394		267386		139008		
20:01:09		400935		267383		133552		
20:01:11		389976		267336		122640		
20:01:13		384987		267159		117828		
20:01:15		382875		267427		115448		
20:01:17		380722		267382		113340		
20:01:19		379271		267419		111852		
20:01:21		377212		267344		109868		
20:01:23		379633		268029		111604		
20:01:25		372420		267636		104784		
20:01:27		377816		270180		107636		
20:01:29		379452		267972		111480		
20:01:31		380604		268008		112596		
20:01:33		378011		267399		110612		
20:01:35		377512		267124		110388		
20:01:37		374908		267396		107512		
20:01:39		376504		268000		108504		
20:01:41		372831		267427		105404		
20:01:43		372944		267540		105404		
20:01:45		373027		267623		105404		
20:01:47		370282		267482		102800		
20:01:49		371594		267926		103668		
20:01:51		437110		331458		105652		
20:01:53		436341		267945		168396		
20:01:55		441009		269513		171496		
20:01:57		445268		267944		177324		
20:01:59		427003		267411		159592		
20:02:01		423898		267406		156492		
20:02:03		415363		267427		147936		
20:02:05		414459		267515		146944		
20:02:08		400778		267474		133304		
20:02:10		410149		273373		136776		
20:02:12		408217		271441		136776		
20:02:14		404431		267531		136900		
20:02:16		398286		267462		130824		
20:02:18		398286		267322		130964		
20:02:20		392268		267520		124748		
20:02:22		392370		267622		124748		
20:02:24		390053		267537		122516		
20:02:26		386951		267535		119416		
20:02:28		384618		267558		117060		
20:02:30		387879		268711		119168		
20:02:32		425944		304048		121896		
20:02:34		432243		283687		148556		
20:02:36		438793		290237		148556		
20:02:38		442903		268059		174844		
20:02:40		419269		266845		152424		
20:02:42		416371		267567		148804		
20:02:44		420060		269768		150292		
20:02:46		406418		267658		138760		
20:02:48		390870		267734		123136		
20:02:50		381813		267729		114084		
20:02:52		379999		267651		112348		
20:02:54		377785		267669		110116		
20:02:56		375062		267674		107388		
20:02:58		374275		267631		106644		
20:03:00		373885		267737		106148		
20:03:02		405755		298987		106768		
20:03:04		402160		268112		134048		
20:03:06		411531		275499		136032		
20:03:08		392546		267674		124872		
20:03:10		397246		270762		126484		
20:03:12		389340		267692		121648		
20:03:15		388503		267723		120780		
20:03:17		382951		267751		115200		
20:03:19		382407		267703		114704		
20:03:21		382610		267262		115348		
20:03:23		379117		267637		111480		
20:03:25		377637		267645		109992		
20:03:27		374297		267529		106768		
20:03:29		372261		267601		104660		
20:03:31		369349		267541		101808		
20:03:33		370249		268069		102180		
20:03:35		428400		325104		103296		
20:03:37		428982		268150		160832		
20:03:39		440170		269046		171124		
20:03:41		427585		267621		159964		
20:03:43		427129		267389		159740		
20:03:45		417110		267562		149548		
20:03:47		406899		267643		139256		
20:03:49		403331		267547		135784		
20:03:51		389540		267644		121896		
20:03:53		392927		269419		123508		
20:03:55		384799		267739		117060		
20:03:57		384684		267748		116936		
20:03:59		382631		267803		114828		
20:04:01		378393		267781		110612		
20:04:03		374447		267803		106644		
20:04:05		376307		268051		108256		
20:04:07		370907		267735		103172		
20:04:09		370847		267675		103172		
20:04:11		365795		267707		98088		
20:04:13		403331		304499		98832		
20:04:15		382297		268213		114084		
20:04:17		398917		282229		116688		
20:04:19		401531		268227		133304		
20:04:21		384667		267607		117060		
20:04:23		383997		267681		116316		
20:04:25		378931		267427		111504		
20:04:28		388652		275932		112720		
20:04:30		384660		267848		116812		
20:04:32		385862		268182		117680		
20:04:34		381689		267605		114084		
20:04:36		381965		268005		113960		
20:04:38		378908		267676		111232		
20:04:40		425536		313436		112100		
20:04:42		419791		268259		151532		
20:04:44		418956		267672		151284		
20:04:46		414544		267724		146820		
20:04:48		413904		267432		146472		
20:04:50		409396		267784		141612		
20:04:52		397669		267713		129956		
20:04:54		400817		269745		131072		
20:04:56		385579		267899		117680		
20:04:58		387248		268204		119044		
20:05:00		381856		267772		114084		
20:05:02		419831		304631		115200		
20:05:04		410891		268287		142604		
20:05:06		411230		268254		142976		
20:05:08		415279		268211		147068		
20:05:10		430076		280280		149796		
20:05:12		441056		268196		172860		
20:05:14		426951		267731		159220		
20:05:16		429215		268507		160708		
20:05:18		422337		267705		154632		
20:05:20		426987		271115		155872		
20:05:22		422952		267948		155004		
20:05:24		426429		270185		156244		
20:05:26		455996		293676		162320		
20:05:28		437579		275259		162320		
20:05:30		464708		267520		197188		
20:05:32		446266		267826		178440		
20:05:34		444720		267892		176828		
20:05:36		439935		267819		172116		
20:05:39		436161		267889		168272		
20:05:41		432759		267835		164924		
20:05:43		430386		267818		162568		
20:05:45		429673		267849		161824		
20:05:47		461098		295678		165420		
20:05:49		447151		268339		178812		
20:05:51		463278		281242		182036		
20:05:53		468500		267468		201032		
20:05:55		460011		267807		192204		
20:05:57		452862		267850		185012		
20:05:59		446939		267879		179060		
20:06:01		437396		267884		169512		
20:06:03		437733		268221		169512		
20:06:05		435464		267812		167652		
20:06:07		424459		267843		156616		
20:06:09		425838		268354		157484		
20:06:11		418570		267782		150788		
20:06:13		415811		267751		148060		
20:06:15		411938		267846		144092		
20:06:17		407239		267859		139380		
20:06:19		404277		267873		136404		
20:06:21		402026		267854		134172		
20:06:23		400039		267851		132188		
20:06:25		400096		267908		132188		
20:06:27		397450		267866		129584		
20:06:29		398545		268341		130204		
20:06:31		399607		268411		131196		
20:06:33		398818		267598		131220		
20:06:35		398914		267966		130948		
20:06:37		384329		267889		116440		
20:06:39		381502		267914		113588		
20:06:41		378517		267905		110612		
20:06:43		374429		267909		106520		
20:06:45		375673		268409		107264		
20:06:47		375369		268105		107264		
20:06:49		402009		293009		109000		
20:06:52		379639		268407		111232		
20:06:54		379639		268407		111232		
20:06:56		395841		269457		126384		
20:06:58		393479		267987		125492		
20:07:00		393216		267848		125368		
20:07:02		389198		267922		121276		
20:07:04		390145		268373		121772		
20:07:06		386666		267870		118796		
20:07:08		387312		268392		118920		
20:07:10		383510		267814		115696		
20:07:12		382269		267813		114456		
20:07:14		382173		267841		114332		
20:07:16		381561		267849		113712		
20:07:18		380616		268020		112596		
20:07:20		376944		267944		109000		
20:07:22		376945		267945		109000		
20:07:24		371831		268039		103792		
20:07:26		461570		349842		111728		
20:07:28		447978		268422		179556		
20:07:30		457399		273379		184020		
20:07:32		448847		267927		180920		
20:07:34		449483		268439		181044		
20:07:36		449692		268400		181292		
20:07:38		446901		267693		179208		
20:07:40		436933		267917		169016		
20:07:42		431022		267958		163064		
20:07:44		432000		268440		163560		
20:07:46		421789		267901		153888		
20:07:48		423029		268521		154508		
20:07:50		414059		267983		146076		
20:07:52		416883		269195		147688		
20:07:54		417405		268477		148928		
20:07:56		409495		267883		141612		
20:07:58		408173		267925		140248		
20:08:00		431154		289394		141760		
20:08:03		448446		268518		179928		
20:08:05		414918		268098		146820		
20:08:07		419146		268482		150664		
20:08:09		411205		267981		143224		
20:08:11		398207		268003		130204		
20:08:13		392656		267908		124748		
20:08:15		392469		267969		124500		
20:08:17		388950		267922		121028		
20:08:19		391207		268567		122640		
20:08:21		388897		267993		120904		
20:08:23		444514		321998		122516		
20:08:25		442329		272569		169760		
20:08:27		443864		274104		169760		
20:08:29		447462		273610		173852		
20:08:31		442987		268515		174472		
20:08:33		438205		267949		170256		
20:08:35		429919		267971		161948		
20:08:37		423724		267976		155748		
20:08:39		421025		268005		153020		
20:08:41		417848		267928		149920		
20:08:43		404850		267802		137048		
20:08:45		400871		267939		132932		
20:08:47		394158		267922		126236		
20:08:49		391467		267959		123508		
20:08:51		385320		268012		117308		
20:08:53		383187		267987		115200		
20:08:55		383641		268441		115200		
20:08:57		375265		268125		107140		
20:08:59		370855		268055		102800		
20:09:01		368115		268043		100072		
20:09:03		367511		268059		99452		
20:09:05		365317		267809		97508		
20:09:07		361196		268052		93144		
20:09:09		360142		267990		92152		
20:09:11		359360		268076		91284		
20:09:13		356115		268055		88060		
20:09:16		354349		268025		86324		
20:09:18		356893		269081		87812		
20:09:20		363740		268612		95128		
20:09:22		363825		268573		95252		
20:09:24		399954		303338		96616		
20:09:26		392010		268610		123400		
20:09:28		394150		268642		125508		
20:09:30		391769		267997		123772		
20:09:32		452406		325658		126748		
20:09:34		453755		268603		185152		
20:09:36		456706		268578		188128		
20:09:38		457401		268529		188872		
20:09:40		456282		268030		188252		
20:09:42		455761		268005		187756		
20:09:44		455761		268005		187756		
20:09:46		438377		267833		170544		
20:09:48		429667		268075		161592		
20:09:50		420890		268102		152788		
20:09:52		420664		268124		152540		
20:09:54		416100		268024		148076		
20:09:56		406927		268027		138900		
20:09:58		403706		268030		135676		
20:10:00		399399		268063		131336		
20:10:02		399399		268063		131336		
20:10:04		465291		268607		196684		
20:10:06		421372		268088		153284		
20:10:08		407870		267830		140040		
20:10:10		407615		268095		139520		
20:10:12		407125		268101		139024		
20:10:14		406504		268100		138404		
20:10:16		404409		268113		136296		
20:10:18		399304		268092		131212		
20:10:20		400754		268674		132080		
20:10:22		446731		308451		138280		
20:10:25		445318		268722		176596		
20:10:27		448430		268734		179696		
20:10:29		446079		268111		177968		
20:10:31		444340		268232		176108		
20:10:33		438571		268291		170280		
20:10:35		433963		268271		165692		
20:10:37		433829		268261		165568		
20:10:39		457114		289934		167180		
20:10:41		453343		268679		184664		
20:10:43		434081		268141		165940		
20:10:45		432154		268198		163956		
20:10:47		431026		268186		162840		
20:10:49		428749		268141		160608		
20:10:51		428976		267840		161136		
20:10:53		426600		268216		158384		
20:10:55		424600		268200		156400		
20:10:57		415294		268194		147100		
20:10:59		419014		269434		149580		
20:11:01		398470		268358		130112		
20:11:03		396548		268296		128252		
20:11:05		397549		268677		128872		
20:11:07		393713		268189		125524		
20:11:09		390439		268139		122300		
20:11:11		438059		314635		123424		
20:11:13		426219		267927		158292		
20:11:15		432587		273451		159136		
20:11:17		428710		268334		160376		
20:11:19		428285		268405		159880		
20:11:21		423337		268293		155044		
20:11:23		420189		268369		151820		
20:11:25		405660		268348		137312		
20:11:27		406710		268778		137932		
20:11:29		395277		268257		127020		
20:11:31		394898		268250		126648		
20:11:33		389645		268205		121440		
20:11:35		387661		268329		119332		
20:11:37		387096		268260		118836		
20:11:40		389281		268709		120572		
20:11:42		388559		268235		120324		
20:11:44		387101		268265		118836		
20:11:46		389810		268866		120944		
20:11:48		418460		295532		122928		
20:11:50		401384		268784		132600		
20:11:52		416214		269602		146612		
20:11:54		417469		268749		148720		
20:11:56		407208		268012		139196		
20:11:58		398494		268250		130244		
20:12:00		395897		268257		127640		
20:12:02		391723		268299		123424		
20:12:04		392643		268847		123796		
20:12:06		399205		268837		130368		
20:12:08		390740		268308		122432		
20:12:10		391811		268759		123052		
20:12:12		386146		268302		117844		
20:12:14		385671		268199		117472		
20:12:16		425783		307195		118588		
20:12:18		466696		267980		198716		
20:12:20		480427		268839		211588		
20:12:22		460336		268216		192120		
20:12:24		463687		268839		194848		
20:12:26		456069		268289		187780		
20:12:28		456705		268801		187904		
20:12:30		449722		268266		181456		
20:12:32		442723		268335		174388		
20:12:34		436421		268233		168188		
20:12:36		426263		268243		158020		
20:12:38		423814		268274		155540		
20:12:40		428852		271328		157524		
20:12:42		428221		268837		159384		
20:12:44		422055		268251		153804		
20:12:47		419555		268355		151200		
20:12:49		411490		268350		143140		
20:12:51		410633		268361		142272		
20:12:53		405536		268348		137188		
20:12:55		406128		268816		137312		
20:12:57		437312		295908		141404		
20:12:59		431779		268031		163748		
20:13:01		420396		268452		151944		
20:13:03		423288		268864		154424		
20:13:05		417536		268320		149216		
20:13:07		417739		268523		149216		
20:13:09		415124		268388		146736		
20:13:11		415183		268447		146736		
20:13:13		407865		268321		139544		
20:13:15		400061		268329		131732		
20:13:17		388902		268330		120572		
20:13:19		387200		268364		118836		
20:13:21		384592		268088		116504		
20:13:23		380862		268350		112512		
20:13:25		430067		316315		113752		
20:13:27		417366		268894		148472		
20:13:29		422844		272388		150456		
20:13:31		417400		268556		148844		
20:13:33		415946		268590		147356		
20:13:35		419342		270002		149340		
20:13:37		430223		268855		161368		
20:13:39		432854		268882		163972		
20:13:41		425866		268342		157524		
20:13:43		425436		268532		156904		
20:13:45		422703		268527		154176		
20:13:47		412997		268493		144504		
20:13:49		411739		268475		143264		
20:13:51		402986		268526		134460		
20:13:53		406675		271099		135576		
20:13:55		401562		268466		133096		
20:13:57		398988		268496		130492		
20:14:00		393935		263443		130492		
20:14:02		385392		254900		130492		
20:14:04		375553		268225		107328		
20:14:06		385926		268826		117100		
20:14:08		419722		301134		118588		
20:14:10		413377		268997		144380		
20:14:12		418937		272573		146364		
20:14:14		412543		268659		143884		
20:14:16		417588		272092		145496		
20:14:18		409240		268580		140660		
20:14:20		412064		269792		142272		
20:14:22		415437		269073		146364		
20:14:24		407580		268532		139048		
20:14:26		405027		268187		136840		
20:14:28		405027		268459		136568		
20:14:30		402670		268458		134212		
20:14:32		396248		268484		127764		
20:14:34		399916		269052		130864		
20:14:36		443995		309039		134956		
20:14:38		473469		287797		185672		
20:14:40		503383		268979		234404		
20:14:42		469700		235296		234404		
20:14:44		434425		200021		234404		
20:14:46		412642		178238		234404		
20:14:48		388609		268533		120076		
20:14:50		454858		269062		185796		
20:14:52		461519		273615		187904		
20:14:54		457180		268656		188524		
20:14:56		456601		268697		187904		
20:14:58		453268		268712		184556		
20:15:00		457748		271456		186292		
20:15:02		457756		269108		188648		
20:15:04		457009		268485		188524		
20:15:06		453495		268567		184928		
20:15:08		454825		268261		186564		
20:15:10		452482		268670		183812		
20:15:12		436554		268614		167940		
20:15:15		437101		269161		167940		
20:15:17		436588		268648		167940		
20:15:19		457568		286404		171164		
20:15:21		468975		297811		171164		
20:15:23		421692		268508		153184		
20:15:25		450118		269158		180960		
20:15:27		454267		271199		183068		
20:15:29		449039		268575		180464		
20:15:31		444552		268280		176272		
20:15:33		446719		269975		176744		
20:15:35		446219		268855		177364		
20:15:37		435694		268746		166948		
20:15:39		439870		271434		168436		
20:15:41		425105		268697		156408		
20:15:43		424779		268743		156036		
20:15:45		421006		268814		152192		
20:15:47		417874		268782		149092		
20:15:49		417274		268802		148472		
20:15:51		415630		268770		146860		
20:15:53		404669		268721		135948		
20:15:55		394194		268662		125532		
20:15:57		392242		268694		123548		
20:15:59		386871		268655		118216		
20:16:01		381364		268728		112636		
20:16:03		385072		270824		114248		
20:16:05		383911		268795		115116		
20:16:07		379044		268764		110280		
20:16:09		378336		268800		109536		
20:16:11		377292		268376		108916		
20:16:13		374373		268681		105692		
20:16:15		376755		269451		107304		
20:16:17		374339		268771		105568		
20:16:19		374031		268835		105196		
20:16:21		377874		271562		106312		
20:16:23		373824		268752		105072		
20:16:26		370014		268786		101228		
20:16:28		401853		299013		102840		
20:16:30		400073		269209		130864		
20:16:32		393802		268642		125160		
20:16:34		390810		268378		122432		
20:16:36		392138		269210		122928		
20:16:38		392138		269210		122928		
20:16:40		487446		269162		218284		
20:16:42		451045		268597		182448		
20:16:44		449781		268697		181084		
20:16:46		444409		268657		175752		
20:16:48		440369		268585		171784		
20:16:50		437158		268598		168560		
20:16:52		427976		268592		159384		
20:16:54		425540		268636		156904		
20:16:56		424104		268688		155416		
20:16:58		412626		268742		143884		
20:17:00		410611		268835		141776		
20:17:02		409418		268758		140660		
20:17:04		401212		268736		132476		
20:17:06		398789		269105		129684		
20:17:08		400752		269332		131420		
20:17:10		432936		299160		133776		
20:17:12		429645		273301		156344		
20:17:14		426275		269931		156344		
20:17:16		421143		264799		156344		
20:17:18		411591		268887		142704		
20:17:20		417427		273607		143820		
20:17:22		413164		268972		144192		
20:17:24		407973		268989		138984		
20:17:26		408578		269338		139240		
20:17:28		405619		268735		136884		
20:17:30		455357		317729		137628		
20:17:32		455357		269369		185988		
20:17:35		457844		269376		188468		
20:17:37		474962		283146		191816		
20:17:39		500279		268535		231744		
20:17:41		470579		268967		201612		
20:17:43		460439		268871		191568		
20:17:45		454102		268858		185244		
20:17:47		456076		269468		186608		
20:17:49		446212		268780		177432		
20:17:51		440071		268839		171232		
20:17:53		432088		268792		163296		
20:17:55		430485		268801		161684		
20:17:57		420444		268804		151640		
20:17:59		418527		268863		149664		
20:18:01		414372		268924		145448		
20:18:03		411179		268955		142224		
20:18:05		406532		268896		137636		
20:18:07		399984		268920		131064		
20:18:09		395967		268871		127096		
20:18:11		389163		268887		120276		
20:18:13		383805		268861		114944		
20:18:15		378238		268874		109364		
20:18:17		385134		274902		110232		
20:18:19		387844		269428		118416		
20:18:21		389321		268649		120672		
20:18:23		441497		315145		126352		
20:18:25		441148		269412		171736		
20:18:27		443694		269354		174340		
20:18:29		439823		268831		170992		
20:18:31		435663		268887		166776		
20:18:33		428682		268850		159832		
20:18:35		426669		268821		157848		
20:18:37		420821		268925		151896		
20:18:39		419296		268888		150408		
20:18:41		412070		268854		143216		
20:18:43		407491		268591		138900		
20:18:46		408638		269390		139248		
20:18:48		437843		296859		140984		
20:18:50		435604		269448		166156		
20:18:52		432001		268945		163056		
20:18:54		422066		267194		154872		
20:18:56		420130		265258		154872		
20:18:58		405499		268855		136644		
20:19:00		400100		268912		131188		
20:19:02		391620		262416		129204		
20:19:04		377069		268945		108124		
20:19:06		376985		268985		108000		
20:19:08		374784		269016		105768		
20:19:10		374723		268955		105768		
20:19:12		368951		269011		99940		
20:19:14		368951		269011		99940		
20:19:16		369196		269256		99940		
20:19:18		369910		269474		100436		
20:19:20		376556		274136		102420		
20:19:22		376357		269473		106884		
20:19:24		373905		268733		105172		
20:19:26		371879		268963		102916		
20:19:28		368169		268973		99196		
20:19:30		437678		337118		100560		
20:19:32		433415		269491		163924		
20:19:34		431917		268985		162932		
20:19:36		431129		268941		162188		
20:19:38		463591		296691		166900		
20:19:40		454902		269526		185376		
20:19:42		453255		268995		184260		
20:19:44		436911		269019		167892		
20:19:46		440213		269941		170272		
20:19:48		437119		269095		168024		
20:19:50		431458		269022		162436		
20:19:53		432047		269487		162560		
20:19:55		424145		269025		155120		
20:19:57		414951		269007		145944		
20:19:59		411633		269037		142596		
20:20:01		409227		268987		140240		
20:20:03		408753		269009		139744		
20:20:05		402595		269051		133544		
20:20:07		392405		269029		123376		
20:20:09		428661		303549		125112		
20:20:11		418091		269543		148548		
20:20:13		415798		268986		146812		
20:20:15		420673		269521		151152		
20:20:17		412899		269063		143836		
20:20:19		411443		269095		142348		
20:20:21		409381		269017		140364		
20:20:23		404473		269069		135404		
20:20:25		456416		317416		139000		
20:20:27		453429		269541		183888		
20:20:29		457729		271113		186616		
20:20:31		448238		269186		179052		
20:20:33		445132		269180		175952		
20:20:35		442768		269172		173596		
20:20:37		436613		269093		167520		
20:20:39		424656		269164		155492		
20:20:41		418424		269132		149292		
20:20:43		413104		269144		143960		
20:20:45		410725		269121		141604		
20:20:47		399946		269130		130816		
20:20:49		401909		269605		132304		
20:20:51		397000		268912		128088		
20:20:53		391838		269206		122632		
20:20:55		392723		269595		123128		
20:20:57		388414		269130		119284		
20:20:59		387587		269047		118540		
20:21:01		386159		269107		117052		
20:21:03		392642		274102		118540		
20:21:06		389833		269433		120400		
20:21:08		382882		269302		113580		
20:21:10		380242		269266		110976		
20:21:12		382042		269578		112464		
20:21:14		380272		269296		110976		
20:21:16		377323		269199		108124		
20:21:18		415601		305865		109736		
20:21:20		415039		269715		145324		
20:21:22		403032		269116		133916		
20:21:24		403307		269391		133916		
20:21:26		453698		318170		135528		
20:21:28		449814		269646		180168		
20:21:30		449820		269652		180168		
20:21:32		446428		269112		177316		
20:21:34		446035		269091		176944		
20:21:36		434276		269236		165040		
20:21:38		431475		269163		162312		
20:21:40		419099		269187		149912		
20:21:42		420399		269743		150656		
20:21:44		412326		269110		143216		
20:21:46		412824		269608		143216		
20:21:48		410617		269137		141480		
20:21:50		407406		269150		138256		
20:21:52		406205		269189		137016		
20:21:54		404751		269099		135652		
20:21:56		402710		268894		133816		
20:21:58		398805		269229		129576		
20:22:00		399356		269656		129700		
20:22:02		393514		269270		124244		
20:22:04		390283		269263		121020		
20:22:06		387670		269254		118416		
20:22:08		386072		269268		116804		
20:22:10		387421		269749		117672		
20:22:12		422269		300133		122136		
20:22:14		421352		299216		122136		
20:22:16		379060		269200		109860		
20:22:19		414382		269554		144828		
20:22:21		410229		269245		140984		
20:22:23		405723		269327		136396		
20:22:25		399707		269263		130444		
20:22:27		401549		269741		131808		
20:22:29		395283		269179		126104		
20:22:31		396839		269743		127096		
20:22:33		389714		269190		120524		
20:22:35		383054		269226		113828		
20:22:37		380038		269186		110852		
20:22:39		379161		269029		110132		
20:22:41		374747		269351		105396		
20:22:43		411725		305833		105892		
20:22:45		397348		269756		127592		
20:22:47		402819		273863		128956		
20:22:49		403276		269732		133544		
20:22:51		390476		269208		121268		
20:22:53		388014		269226		118788		
20:22:55		387339		269295		118044		
20:22:57		383044		269216		113828		
20:22:59		382350		269266		113084		
20:23:01		381728		268992		112736		
20:23:03		379793		269313		110480		
20:23:05		441281		324229		117052		
20:23:07		440817		269825		170992		
20:23:09		444327		271227		173100		
20:23:11		438820		265720		173100		
20:23:13		435469		262369		173100		
20:23:15		430135		269311		160824		
20:23:17		423839		269215		154624		
20:23:19		427948		269852		158096		
20:23:21		417167		269239		147928		
20:23:23		415447		269379		146068		
20:23:25		412620		269404		143216		
20:23:28		412251		269407		142844		
20:23:30		402183		269383		132800		
20:23:32		396450		269354		127096		
20:23:34		390661		269393		121268		
20:23:36		389531		269379		120152		
20:23:38		386041		269361		116680		
20:23:40		386918		269866		117052		
20:23:42		383640		269316		114324		
20:23:44		382290		268934		113356		
20:23:46		378564		269324		109240		
20:23:48		376627		269371		107256		
20:23:50		375924		269412		106512		
20:23:52		377155		269899		107256		
20:23:54		374846		269326		105520		
20:23:56		403917		296909		107008		
20:23:58		389552		269896		119656		
20:24:00		400830		279066		121764		
20:24:02		404557		269897		134660		
20:24:04		398539		269063		129476		
20:24:06		398508		269428		129080		
20:24:08		399657		269833		129824		
20:24:10		444238		312430		131808		
20:24:12		440328		304428		135900		
20:24:14		435484		269824		165660		
20:24:16		464659		269859		194800		
20:24:18		439312		269312		170000		
20:24:20		442242		269886		172356		
20:24:22		426683		269331		157352		
20:24:24		422038		269398		152640		
20:24:26		419625		269589		150036		
20:24:28		407324		269440		137884		
20:24:30		405726		269454		136272		
20:24:32		401557		269501		132056		
20:24:34		395751		269863		125888		
20:24:37		394208		269808		124400		
20:24:39		391397		269725		121672		
20:24:41		387791		269839		117952		
20:24:43		394152		274588		119564		
20:24:45		430458		307298		123160		
20:24:47		414950		269074		145876		
20:24:49		418188		269732		148456		
20:24:51		428345		269969		158376		
20:24:53		416692		269352		147340		
20:24:55		410764		269376		141388		
20:24:57		409963		269443		140520		
20:24:59		415021		272889		142132		
20:25:01		418863		270655		148208		
20:25:03		412924		264716		148208		
20:25:05		433742		285534		148208		
20:25:07		468474		320266		148208		
20:25:09		396856		247880		148976		
20:25:11		410707		266095		144612		
20:25:13		423872		273060		150812		
20:25:15		422703		271891		150812		
20:25:17		421527		269971		151556		
20:25:19		419988		269424		150564		
20:25:21		406766		269470		137296		
20:25:23		408687		270523		138164		
20:25:25		406113		269561		136552		
20:25:27		403979		269659		134320		
20:25:29		399816		269588		130228		
20:25:31		390756		269572		121184		
20:25:33		397010		275082		121928		
20:25:35		390744		269560		121184		
20:25:37		390668		269608		121060		
20:25:39		437225		314305		122920		
20:25:41		423063		270011		153052		
20:25:43		431855		276819		155036		
20:25:45		431563		269955		161608		
20:25:48		428264		269508		158756		
20:25:50		425239		269459		155780		
20:25:52		424092		269156		154936		
20:25:54		409604		269448		140156		
20:25:56		398658		269538		129120		
20:25:58		392979		269439		123540		
20:26:00		388559		269483		119076		
20:26:02		390547		269983		120564		
20:26:04		385192		269464		115728		
20:26:06		385467		269739		115728		
20:26:08		384580		269472		115108		
20:26:10		389237		272641		116596		
20:26:12		386519		269675		116844		
20:26:14		382486		269214		113272		
20:26:16		380650		269634		111016		
20:26:18		381389		270001		111388		
20:26:20		376060		269508		106552		
20:26:22		378514		270474		108040		
20:26:24		376018		269714		106304		
20:26:26		409867		301819		108048		
20:26:28		401883		270027		131856		
20:26:30		400441		269453		130988		
20:26:32		399506		269510		129996		
20:26:34		401570		270086		131484		
20:26:36		402435		270083		132352		
20:26:38		395724		269572		126152		
20:26:40		387118		269522		117596		
20:26:42		380735		269587		111148		
20:26:44		373251		269543		103708		
20:26:46		365252		269480		95772		
20:26:48		362551		269507		93044		
20:26:50		385247		290715		94532		
20:26:52		408044		270112		137932		
20:26:54		389640		269316		120324		
20:26:56		386022		269542		116480		
20:26:58		384231		269611		114620		
20:27:00		383461		269585		113876		
20:27:03		379878		269598		110280		
20:27:05		375931		269619		106312		
20:27:07		376571		270135		106436		
20:27:09		373120		269536		103584		
20:27:11		373251		269667		103584		
20:27:13		372405		269689		102716		
20:27:15		373909		270077		103832		
20:27:17		370928		269328		101600		
20:27:19		372153		269933		102220		
20:27:21		368237		269613		98624		
20:27:23		370064		270076		99988		
20:27:25		404624		301412		103212		
20:27:27		421407		270083		151324		
20:27:29		409743		269579		140164		
20:27:31		405287		269587		135700		
20:27:33		408968		271780		137188		
20:27:35		438307		294795		143512		
20:27:37		417322		270090		147232		
20:27:39		417322		269842		147480		
20:27:41		485259		270199		215060		
20:27:43		470978		269558		201420		
20:27:45		460387		269631		190756		
20:27:47		466482		273246		193236		
20:27:49		461481		269733		191748		
20:27:51		453443		269755		183688		
20:27:53		449932		269840		180092		
20:27:55		426895		269743		157152		
20:27:57		429048		270284		158764		
20:27:59		405298		269474		135824		
20:28:01		402041		269689		132352		
20:28:03		394653		269741		124912		
20:28:05		389769		269817		119952		
20:28:07		390639		270191		120448		
20:28:09		384314		269694		114620		
20:28:12		392222		275990		116232		
20:28:14		382404		269768		112636		
20:28:16		418189		303445		114744		
20:28:18		406606		270162		136444		
20:28:20		425573		287393		138180		
20:28:22		436719		269375		167344		
20:28:24		423338		269782		153556		
20:28:26		420934		269734		151200		
20:28:28		414803		269679		145124		
20:28:30		408158		269730		138428		
20:28:32		405831		269759		136072		
20:28:34		401917		269689		132228		
20:28:36		400447		269707		130740		
20:28:38		401012		270272		130740		
20:28:40		405281		272309		132972		
20:28:42		402279		269803		132476		
20:28:44		440419		300875		139544		
20:28:46		427633		270233		157400		
20:28:48		432381		270269		162112		
20:28:50		435212		270248		164964		
20:28:52		428125		269733		158392		
20:28:54		428235		269843		158392		
20:28:56		426537		269757		156780		
20:28:58		425644		269732		155912		
20:29:00		426606		270322		156284		
20:29:02		468142		310494		157648		
20:29:04		464004		269504		194500		
20:29:06		463275		269791		193484		
20:29:08		464980		270256		194724		
20:29:10		458978		269710		189268		
20:29:12		453052		269736		183316		
20:29:14		444590		269706		174884		
20:29:16		434525		269685		164840		
20:29:18		433834		269738		164096		
20:29:20		431381		269765		161616		
20:29:22		425680		269768		155912		
20:29:24		420968		269768		151200		
20:29:27		421241		269521		151720		
20:29:29		419205		269865		149340		
20:29:31		416469		269857		146612		
20:29:33		425450		270282		155168		
20:29:35		420666		269838		150828		
20:29:37		421403		270327		151076		
20:29:39		420651		269823		150828		
20:29:41		420508		269804		150704		
20:29:43		420538		269834		150704		
20:29:45		457990		306418		151572		
20:29:47		445795		270291		175504		
20:29:49		438869		269937		168932		
20:29:51		426610		269954		156656		
20:29:53		455213		298185		157028		
20:29:55		433750		270274		163476		
20:29:57		436698		270370		166328		
20:29:59		444729		270341		174388		
20:30:01		431778		269790		161988		
20:30:03		430470		269846		160624		
20:30:05		430271		269771		160500		
20:30:07		420181		269601		150580		
20:30:09		418335		269863		148472		
20:30:11		406323		269879		136444		
20:30:13		403276		269808		133468		
20:30:15		399433		269809		129624		
20:30:17		398320		269812		128508		
20:30:19		400571		270327		130244		
20:30:21		463967		332111		131856		
20:30:23		463572		270336		193236		
20:30:25		471282		273954		197328		
20:30:27		460994		269866		191128		
20:30:29		462649		269661		192988		
20:30:31		462649		270157		192492		
20:30:33		455992		269824		186168		
20:30:35		447393		269905		177488		
20:30:38		442393		269865		172528		
20:30:40		439708		269908		169800		
20:30:42		439147		269843		169304		
20:30:44		422252		269936		152316		
20:30:46		425993		271445		154548		
20:30:48		420188		270104		150084		
20:30:50		418325		270101		148224		
20:30:52		425720		270304		155416		
20:30:54		415617		269997		145620		
20:30:56		416829		270465		146364		
20:30:58		402038		269934		132104		
20:31:00		401069		269833		131236		
20:31:02		391471		269907		121564		
20:31:04		383724		269848		113876		
20:31:06		385845		270977		114868		
20:31:08		378552		270132		108420		
20:31:10		380873		270717		110156		
20:31:12		382760		270348		112412		
20:31:14		413163		301271		111892		
20:31:16		408284		296392		111892		
20:31:18		378729		270061		108668		
20:31:20		402318		285218		117100		
20:31:22		476116		354924		121192		
20:31:24		463341		270477		192864		
20:31:26		475322		270430		204892		
20:31:28		461134		270006		191128		
20:31:30		463307		270815		192492		
20:31:32		449087		269987		179100		
20:31:34		445220		269716		175504		
20:31:36		437657		269965		167692		
20:31:38		433592		269992		163600		
20:31:40		433789		270189		163600		
20:31:42		431268		270024		161244		
20:31:44		422737		269925		152812		
20:31:46		423684		270500		153184		
20:31:48		416860		270000		146860		
20:31:50		417479		270495		146984		
20:31:53		412288		270016		142272		
20:31:55		414187		270551		143636		
20:31:57		399938		270190		129748		
20:31:59		391265		270073		121192		
20:32:01		389840		270136		119704		
20:32:03		380236		270080		110156		
20:32:05		381126		270474		110652		
20:32:07		418654		306018		112636		
20:32:09		414786		271894		142892		
20:32:11		410029		267137		142892		
20:32:13		409112		270064		139048		
20:32:15		401394		270034		131360		
20:32:17		396456		269784		126672		
20:32:19		397465		270445		127020		
20:32:21		401922		273910		128012		
20:32:23		464414		328838		135576		
20:32:25		458748		287708		171040		
20:32:27		497247		270531		226716		
20:32:29		456834		270046		186788		
20:32:31		454538		269982		184556		
20:32:33		450999		270039		180960		
20:32:35		442244		270088		172156		
20:32:37		469157		296009		173148		
20:32:39		455140		269816		185324		
20:32:41		455140		270336		184804		
20:32:43		452514		270066		182448		
20:32:45		447650		270038		177612		
20:32:47		442334		270054		172280		
20:32:49		437539		270095		167444		
20:32:51		437544		270100		167444		
20:32:53		438247		270555		167692		
20:32:55		438471		270531		167940		
20:32:57		417665		270061		147604		
20:33:00		407195		270007		137188		
20:33:02		404280		270192		134088		
20:33:04		398530		270146		128384		
20:33:06		402435		270579		131856		
20:33:08		394819		270031		124788		
20:33:10		397766		271614		126152		
20:33:12		396557		270281		126276		
20:33:14		448706		270598		178108		
20:33:16		490348		270576		219772		
20:33:18		445778		270150		175628		
20:33:20		445905		270277		175628		
20:33:22		442738		269814		172924		
20:33:24		435773		270189		165584		
20:33:26		429555		270171		159384		
20:33:28		419139		270171		148968		
20:33:30		419139		270171		148968		
20:33:32		405964		270264		135700		
20:33:34		404721		270261		134460		
20:33:36		398746		270238		128508		
20:33:38		398746		270238		128508		
20:33:40		390569		270245		120324		
20:33:42		388266		269926		118340		
20:33:44		386169		270185		115984		
20:33:46		386424		270440		115984		
20:33:48		380509		270229		110280		
20:33:50		409273		297505		111768		
20:33:52		421514		270686		150828		
20:33:54		427209		270677		156532		
20:33:56		423254		270194		153060		
20:33:58		419631		270167		149464		
20:34:00		419040		270196		148844		
20:34:02		416959		270099		146860		
20:34:04		419336		270368		148968		
20:34:06		413790		270154		143636		
20:34:08		459449		314325		145124		
20:34:11		461078		272926		188152		
20:34:13		461954		273802		188152		
20:34:15		465121		276969		188152		
20:34:17		452396		264244		188152		
20:34:19		437723		249571		188152		
20:34:21		422745		234593		188152		
20:34:23		408369		270189		138180		
20:34:25		433097		269969		163128		
20:34:27		430526		270274		160252		
20:34:29		426903		270247		156656		
20:34:31		418414		270190		148224		
20:34:33		450961		301497		149464		
20:34:35		456223		270799		185424		
20:34:37		443260		270236		173024		
20:34:39		436864		270164		166700		
20:34:41		440940		274240		166700		
20:34:43		442730		270698		172032		
20:34:45		444434		270790		173644		
20:34:47		437198		269978		167220		
20:34:49		432673		270313		162360		
20:34:51		420435		270227		150208		
20:34:53		416136		270268		145868		
20:34:55		414700		270196		144504		
20:34:57		414327		270195		144132		
20:34:59		411116		270208		140908		
20:35:01		437904		295880		142024		
20:35:03		436518		270810		165708		
20:35:05		431086		270214		160872		
20:35:07		427994		270222		157772		
20:35:09		426927		270395		156532		
20:35:11		420335		270375		149960		
20:35:13		419951		270363		149588		
20:35:15		422834		270766		152068		
20:35:18		479108		325428		153680		
20:35:20		469361		270793		198568		
20:35:22		470761		270829		199932		
20:35:24		465269		270297		194972		
20:35:26		465269		270297		194972		
20:35:28		460034		270270		189764		
20:35:30		450423		270059		180364		
20:35:32		444670		270282		174388		
20:35:34		441600		270312		171288		
20:35:36		441061		270269		170792		
20:35:38		432529		270293		162236		
20:35:40		430122		270242		159880		
20:35:42		428978		270338		158640		
20:35:44		424406		270354		154052		
20:35:46		421196		270244		150952		
20:35:48		415838		270342		145496		
20:35:50		418843		270991		147852		
20:35:52		405231		270127		135104		
20:35:54		392028		270464		121564		
20:35:56		391687		270371		121316		
20:35:58		385867		270379		115488		
20:36:00		381234		270334		110900		
20:36:02		379939		270403		109536		
20:36:04		376665		270353		106312		
20:36:06		379258		272698		106560		
20:36:08		409434		298038		111396		
20:36:10		401805		270817		130988		
20:36:12		472495		326627		145868		
20:36:14		456837		270917		185920		
20:36:16		473359		270947		202412		
20:36:18		464514		270410		194104		
20:36:20		467540		270956		196584		
20:36:22		463916		270432		193484		
20:36:24		452921		270349		182572		
20:36:26		445873		270369		175504		
20:36:29		440679		270383		170296		
20:36:31		437472		270400		167072		
20:36:33		430914		270414		160500		
20:36:35		427368		270068		157300		
20:36:37		420700		270492		150208		
20:36:39		415578		270454		145124		
20:36:41		416866		270998		145868		
20:36:43		405439		270483		134956		
20:36:45		405122		270414		134708		
20:36:47		391040		270468		120572		
20:36:49		385071		270451		114620		
20:36:51		381048		270396		110652		
20:36:53		380466		270434		110032		
20:36:55		371927		270451		101476		
20:36:57		371396		270144		101252		
20:36:59		365613		270461		95152		
20:37:01		368475		271835		96640		
20:37:03		370053		270933		99120		
20:37:05		364942		270410		94532		
20:37:07		405187		309415		95772		
20:37:09		404157		279865		124292		
20:37:11		409480		285188		124292		
20:37:13		480720		356428		124292		
20:37:15		465492		271016		194476		
20:37:17		476042		270902		205140		
20:37:19		466343		270627		195716		
20:37:21		475195		271047		204148		
20:37:23		487103		281219		205884		
20:37:25		498281		271069		227212		
20:37:27		476234		270474		205760		
20:37:29		471803		270507		201296		
20:37:31		464403		270547		193856		
20:37:34		463976		270492		193484		
20:37:36		460117		270477		189640		
20:37:38		453493		270277		183216		
20:37:40		441140		270596		170544		
20:37:42		429427		270539		158888		
20:37:44		423048		270484		152564		
20:37:46		423586		271022		152564		
20:37:48		417674		270566		147108		
20:37:50		411262		270478		140784		
20:37:52		399321		270565		128756		
20:37:54		391043		270471		120572		
20:37:56		384493		270493		114000		
20:37:58		381589		270565		111024		
20:38:00		383675		270395		113280		
20:38:02		374397		270689		103708		
20:38:04		379912		274840		105072		
20:38:06		380158		271118		109040		
20:38:08		376695		270507		106188		
20:38:10		375250		270550		104700		
20:38:12		374602		270522		104080		
20:38:14		441748		336180		105568		
20:38:16		442239		336671		105568		
20:38:18		441075		335507		105568		
20:38:20		442167		275219		166948		
20:38:22		457283		290211		167072		
20:38:24		451480		271140		180340		
20:38:26		426462		270550		155912		
20:38:28		414423		270539		143884		
20:38:30		443487		298115		145372		
20:38:32		453381		271181		182200		
20:38:34		438804		270616		168188		
20:38:36		433680		270576		163104		
20:38:38		429879		270619		159260		
20:38:40		429007		270615		158392		
20:38:42		422356		270388		151968		
20:38:44		416181		270685		145496		
20:38:47		418798		273302		145496		
20:38:49		410154		270610		139544		
20:38:51		396162		270630		125532		
20:38:53		387177		270565		116612		
20:38:55		382253		270609		111644		
20:38:57		377573		270641		106932		
20:38:59		378897		271097		107800		
20:39:01		369363		270615		98748		
20:39:03		373720		271128		102592		
20:39:05		371036		270468		100568		
20:39:07		371336		270916		100420		
20:39:09		369776		270844		98932		
20:39:11		366898		270818		96080		
20:39:13		364097		270745		93352		
20:39:15		362378		270762		91616		
20:39:17		365156		271928		93228		
20:39:19		363027		270915		92112		
20:39:21		436018		342294		93724		
20:39:23		431647		297747		133900		
20:39:25		405298		271390		133908		
20:39:27		405298		271266		134032		
20:39:29		470972		332228		138744		
20:39:31		451142		278670		172472		
20:39:33		469917		271281		198636		
20:39:35		443860		270768		173092		
20:39:37		439928		270680		169248		
20:39:39		440592		271220		169372		
20:39:41		433618		270694		162924		
20:39:43		435455		271291		164164		
20:39:45		459032		290280		168752		
20:39:47		477771		270555		207216		
20:39:49		448519		270839		177680		
20:39:51		442889		270789		172100		
20:39:53		444210		271242		172968		
20:39:56		431443		270751		160692		
20:39:58		419419		270755		148664		
20:40:00		412254		270782		141472		
20:40:02		411796		270820		140976		
20:40:04		401367		270807		130560		
20:40:06		400582		270766		129816		
20:40:08		398748		270544		128204		
20:40:10		396645		270797		125848		
20:40:12		447064		319976		127088		
20:40:14		441940		271328		170612		
20:40:16		445431		272587		172844		
20:40:18		444143		270927		173216		
20:40:20		441305		270941		170364		
20:40:22		434881		270965		163916		
20:40:24		432173		270985		161188		
20:40:26		422724		270960		151764		
20:40:28		418689		271017		147672		
20:40:30		414231		270899		143332		
20:40:32		410730		270870		139860		
20:40:34		406197		270925		135272		
20:40:36		409647		271399		138248		
20:40:38		407699		270815		136884		
20:40:40		403954		270790		133164		
20:40:42		398037		270825		127212		
20:40:44		393681		270809		122872		
20:40:46		399598		275610		123988		
20:40:48		389421		271013		118408		
20:40:50		383953		270629		113324		
20:40:52		381277		270805		110472		
20:40:54		380790		270814		109976		
20:40:56		406421		292973		113448		
20:40:58		439857		271353		168504		
20:41:00		409599		270855		138744		
20:41:02		398313		270853		127460		
20:41:04		397735		270895		126840		
20:41:07		392680		270800		121880		
20:41:09		391640		270876		120764		
20:41:11		390956		270812		120144		
20:41:13		389392		270612		118780		
20:41:15		382746		270910		111836		
20:41:17		378163		270915		107248		
20:41:19		377949		270949		107000		
20:41:21		377639		270887		106752		
20:41:23		442707		334591		108116		
20:41:25		438892		271380		167512		
20:41:27		442524		275012		167512		
20:41:29		441321		271081		170240		
20:41:31		434303		271007		163296		
20:41:33		426831		271099		155732		
20:41:35		421268		270992		150276		
20:41:37		415514		270942		144572		
20:41:39		409767		271023		138744		
20:41:41		401726		271034		130692		
20:41:43		397611		271011		126600		
20:41:45		394907		271035		123872		
20:41:47		393605		270973		122632		
20:41:49		389620		270956		118664		
20:41:51		423377		303597		119780		
20:41:53		409179		289399		119780		
20:41:55		432513		312089		120424		
20:41:57		394556		271056		123500		
20:41:59		397573		271841		125732		
20:42:01		403254		271446		131808		
20:42:03		396177		270941		125236		
20:42:05		392797		271033		121764		
20:42:07		391031		271003		120028		
20:42:09		388890		271094		117796		
20:42:11		387048		271112		115936		
20:42:13		384862		271034		113828		
20:42:15		380268		271028		109240		
20:42:17		377991		270711		107280		
20:42:20		434404		327396		107008		
20:42:22		483394		347742		135652		
20:42:24		475590		271490		204100		
20:42:26		491469		277325		214144		
20:42:28		495869		271557		224312		
20:42:30		484868		270972		213896		
20:42:32		481706		270910		210796		
20:42:34		475518		270922		204596		
20:42:36		468128		270972		197156		
20:42:38		462541		270965		191576		
20:42:40		450668		271120		179548		
20:42:42		452131		271591		180540		
20:42:44		446818		270990		175828		
20:42:46		440566		271062		169504		
20:42:48		437386		270982		166404		
20:42:50		432097		271025		161072		
20:42:52		429743		271027		158716		
20:42:54		423375		270983		152392		
20:42:56		425370		271986		153384		
20:42:58		409764		271136		138628		
20:43:00		407703		270787		136916		
20:43:02		401404		271208		130196		
20:43:04		399941		271233		128708		
20:43:06		398199		271227		126972		
20:43:08		398593		271621		126972		
20:43:10		398033		271185		126848		
20:43:12		400373		271913		128460		
20:43:14		450475		315567		134908		
20:43:16		445935		271595		174340		
20:43:18		459220		271612		187608		
20:43:20		446010		271050		174960		
20:43:22		446125		271165		174960		
20:43:24		442576		271088		171488		
20:43:26		468900		297412		171488		
20:43:28		446567		271235		175332		
20:43:30		454670		275246		179424		
20:43:32		456794		271542		185252		
20:43:35		452117		271081		181036		
20:43:37		447227		271027		176200		
20:43:39		442132		271016		171116		
20:43:41		440962		271086		169876		
20:43:43		438504		270844		167660		
20:43:45		438070		271170		166900		
20:43:47		429988		271148		158840		
20:43:49		428723		271123		157600		
20:43:51		418663		271231		147432		
20:43:53		409234		271226		138008		
20:43:55		402097		271149		130948		
20:43:57		403197		271637		131560		
20:43:59		399659		271075		128584		
20:44:01		392536		271144		121392		
20:44:03		396450		273570		122880		
20:44:05		391323		270527		120796		
20:44:07		393440		272172		121268		
20:44:09		387085		271149		115936		
20:44:11		446495		329195		117300		
20:44:13		445642		271674		173968		
20:44:15		446200		271612		174588		
20:44:17		440662		271158		169504		
20:44:19		441912		271664		170248		
20:44:21		441860		271612		170248		
20:44:23		436579		271167		165412		
20:44:25		432245		271173		161072		
20:44:27		424028		271140		152888		
20:44:29		459727		306095		153632		
20:44:31		449105		271665		177440		
20:44:33		451314		271890		179424		
20:44:35		448251		271307		176944		
20:44:37		440444		271312		169132		
20:44:39		433566		271378		162188		
20:44:41		433513		271325		162188		
20:44:43		431208		271376		159832		
20:44:45		427851		271367		156484		
20:44:48		450086		291742		158344		
20:44:50		464851		271663		193188		
20:44:52		439065		271173		167892		
20:44:54		430539		271203		159336		
20:44:56		425981		271233		154748		
20:44:58		414545		271205		143340		
20:45:00		412037		271177		140860		
20:45:02		399805		271221		128584		
20:45:04		400772		271692		129080		
20:45:06		397855		271255		126600		
20:45:08		392389		270997		121392		
20:45:10		390910		271254		119656		
20:45:12		389118		271198		117920		
20:45:14		455194		334422		120772		
20:45:16		453450		271794		181656		
20:45:18		453700		271796		181904		
20:45:20		446437		271229		175208		
20:45:22		452153		275457		176696		
20:45:24		444860		271388		173472		
20:45:26		439904		271392		168512		
20:45:28		433021		271453		161568		
20:45:30		431986		271014		160972		
20:45:32		424069		271305		152764		
20:45:34		421697		271289		150408		
20:45:36		419378		271202		148176		
20:45:38		420184		271760		148424		
20:45:40		416454		271254		145200		
20:45:42		416353		271277		145076		
20:45:44		408044		271276		136768		
20:45:46		409864		271856		138008		
20:45:48		399833		271249		128584		
20:45:50		389202		271282		117920		
20:45:52		385925		271477		114448		
20:45:54		387681		272241		115440		
20:45:56		384063		271475		112588		
20:45:58		387223		273147		114076		
20:46:01		412578		296394		116184		
20:46:03		403301		271865		131436		
20:46:05		408138		273478		134660		
20:46:07		408292		271896		136396		
20:46:09		465701		327197		138504		
20:46:11		460319		271843		188476		
20:46:13		461827		271095		190732		
20:46:15		464004		271684		192320		
20:46:17		458615		271379		187236		
20:46:19		447463		271387		176076		
20:46:21		439625		271361		168264		
20:46:23		437807		271403		166404		
20:46:25		436317		271401		164916		
20:46:27		422800		271400		151400		
20:46:29		417326		271382		145944		
20:46:31		409331		271323		138008		
20:46:33		410368		272360		138008		
20:46:35		411466		271078		140388		
20:46:37		403211		271527		131684		
20:46:39		400406		271450		128956		
20:46:41		397676		271448		126228		
20:46:43		397113		271505		125608		
20:46:45		390216		271428		118788		
20:46:47		388524		271472		117052		
20:46:49		386332		271388		114944		
20:46:51		418385		301457		116928		
20:46:53		411717		271849		139868		
20:46:55		420762		273702		147060		
20:46:57		420398		271850		148548		
20:46:59		412577		271345		141232		
20:47:01		413804		271828		141976		
20:47:03		410039		271411		138628		
20:47:05		411757		271889		139868		
20:47:07		444500		302648		141852		
20:47:09		479971		312575		167396		
20:47:11		466658		299262		167396		
20:47:14		471942		271934		200008		
20:47:16		481659		271855		209804		
20:47:18		475385		270765		204620		
20:47:20		477530		271942		205588		
20:47:22		470723		271583		199140		
20:47:24		463132		271556		191576		
20:47:26		448604		271536		177068		
20:47:28		440130		271494		168636		
20:47:30		435670		271498		164172		
20:47:32		429426		271578		157848		
20:47:34		428369		271513		156856		
20:47:36		432880		274784		158096		
20:47:38		426313		271193		155120		
20:47:40		423072		271160		151912		
20:47:42		419844		271420		148424		
20:47:44		416673		271473		145200		
20:47:46		407365		271465		135900		
20:47:48		402490		271426		131064		
20:47:50		402951		271887		131064		
20:47:52		396742		271506		125236		
20:47:54		393010		271494		121516		
20:47:56		394422		272038		122384		
20:47:58		389676		271508		118168		
20:48:00		393026		272378		120648		
20:48:02		395598		273710		121888		
20:48:04		388790		271490		117300		
20:48:06		433908		315988		117920		
20:48:08		425412		272028		153384		
20:48:10		435092		277988		157104		
20:48:12		433389		272069		161320		
20:48:14		420642		271474		149168		
20:48:16		417598		271530		146068		
20:48:18		404875		271455		133420		
20:48:20		408119		273211		134908		
20:48:23		407178		270634		136544		
20:48:25		393327		271563		121764		
20:48:27		399922		276546		123376		
20:48:29		437848		311620		126228		
20:48:31		429838		271990		157848		
20:48:33		428814		272858		155956		
20:48:35		423420		272012		151408		
20:48:37		426412		273392		153020		
20:48:39		421837		271545		150292		
20:48:41		424438		273402		151036		
20:48:43		419074		271230		147844		
20:48:45		418913		271465		147448		
20:48:47		413347		271479		141868		
20:48:49		414560		272072		142488		
20:48:51		414939		272079		142860		
20:48:53		412338		271462		140876		
20:48:55		404827		271515		133312		
20:48:57		399922		271570		128352		
20:48:59		401361		272017		129344		
20:49:01		402791		272083		130708		
20:49:03		398597		271485		127112		
20:49:05		397571		271699		125872		
20:49:07		399124		272384		126740		
20:49:09		432488		301276		131212		
20:49:11		425357		272073		153284		
20:49:13		431884		272028		159856		
20:49:15		427100		271584		155516		
20:49:17		424336		271548		152788		
20:49:19		422522		271594		150928		
20:49:21		422670		271742		150928		
20:49:23		417368		271524		145844		
20:49:25		413923		271279		142644		
20:49:27		456251		312887		143364		
20:49:29		444248		300884		143364		
20:49:31		433429		290065		143364		
20:49:33		474180		272164		202016		
20:49:36		452039		271599		180440		
20:49:38		449544		271584		177960		
20:49:40		442499		271607		170892		
20:49:42		435068		271616		163452		
20:49:44		429876		271632		158244		
20:49:46		428683		271555		157128		
20:49:48		419979		271383		148596		
20:49:50		413460		271708		141752		
20:49:52		449408		306540		142868		
20:49:54		433462		272118		161344		
20:49:56		435307		272351		162956		
20:49:58		438302		272122		166180		
20:50:00		430656		271544		159112		
20:50:02		430723		271603		159120		
20:50:04		429500		271620		157880		
20:50:06		430526		272150		158376		
20:50:08		423890		271590		152300		
20:50:10		423890		271714		152176		
20:50:12		422213		271773		150440		
20:50:14		416766		271658		145108		
20:50:16		411392		271740		139652		
20:50:18		404017		271681		132336		
20:50:20		398794		271666		127128		
20:50:22		391821		271761		120060		
20:50:24		385642		271774		113868		
20:50:26		382745		271729		111016		
20:50:28		381251		271351		109900		
20:50:30		376334		271642		104692		
20:50:32		372061		271709		100352		
20:50:34		368210		271694		96516		
20:50:36		386229		289217		97012		
20:50:38		393807		272119		121688		
20:50:40		384797		271665		113132		
20:50:42		388137		273889		114248		
20:50:44		390849		272137		118712		
20:50:46		389496		271652		117844		
20:50:49		390750		272162		118588		
20:50:51		390833		271353		119480		
20:50:53		393386		272566		120820		
20:50:55		386809		271817		114992		
20:50:57		388422		272190		116232		
20:50:59		387006		271642		115364		
20:51:01		388352		272244		116108		
20:51:03		384749		271617		113132		
20:51:05		421998		308246		113752		
20:51:07		412603		272191		140412		
20:51:09		459092		318680		140412		
20:51:11		452418		272202		180216		
20:51:13		457113		271937		185176		
20:51:15		460105		272201		187904		
20:51:17		455195		271755		183440		
20:51:19		447594		271842		175752		
20:51:21		440370		271810		168560		
20:51:23		430223		271831		158392		
20:51:25		420156		271808		148348		
20:51:27		421069		272225		148844		
20:51:29		418571		271711		146860		
20:51:31		413646		271746		141900		
20:51:33		415932		272172		143760		
20:51:35		410176		271872		138304		
20:51:37		406385		271801		134584		
20:51:39		408070		272246		135824		
20:51:41		405620		271780		133840		
20:51:43		404183		271707		132476		
20:51:45		442464		308004		134460		
20:51:47		434021		272281		161740		
20:51:49		435518		272290		163228		
20:51:51		431270		271762		159508		
20:51:53		418878		271770		147108		
20:51:55		408854		271518		137336		
20:51:57		403030		271794		131236		
20:52:00		395587		271791		123796		
20:52:02		392197		268401		123796		
20:52:04		384772		271764		113008		
20:52:06		392921		278425		114496		
20:52:08		390731		272267		118464		
20:52:10		388372		271768		116604		
20:52:12		385521		271769		113752		
20:52:14		386241		272241		114000		
20:52:16		382351		271699		110652		
20:52:18		383250		272102		111148		
20:52:20		376825		271877		104948		
20:52:22		376340		271392		104948		
20:52:24		436511		330447		106064		
20:52:26		438840		272388		166452		
20:52:28		442026		273466		168560		
20:52:30		460722		284846		175876		
20:52:32		482348		272372		209976		
20:52:34		468176		271840		196336		
20:52:36		456490		271810		184680		
20:52:38		442304		271612		170692		
20:52:40		442236		271940		170296		
20:52:42		441407		271979		169428		
20:52:44		430049		272029		158020		
20:52:46		421221		272005		149216		
20:52:48		418482		271994		146488		
20:52:50		413953		271929		142024		
20:52:52		406318		271982		134336		
20:52:54		405569		271977		133592		
20:52:56		406813		272353		134460		
20:52:58		397805		271901		125904		
20:53:00		392590		271646		120944		
20:53:02		384657		271897		112760		
20:53:04		381848		271816		110032		
20:53:06		381534		271874		109660		
20:53:08		382299		272391		109908		
20:53:11		382581		272425		110156		
20:53:13		381508		271848		109660		
20:53:15		426390		315862		110528		
20:53:17		429636		272360		157276		
20:53:19		426185		271885		154300		
20:53:21		426395		272095		154300		
20:53:23		415916		272032		143884		
20:53:25		414192		272044		142148		
20:53:27		402452		272084		130368		
20:53:29		398739		271967		126772		
20:53:31		394750		272070		122680		
20:53:33		390259		272043		118216		
20:53:35		388086		271978		116108		
20:53:37		388613		272381		116232		
20:53:39		388613		272381		116232		
20:53:41		458472		292020		166452		
20:53:43		426386		271194		155192		
20:53:45		411001		271953		139048		
20:53:47		413616		273576		140040		
20:53:49		426003		272447		153556		
20:53:51		421857		271897		149960		
20:53:53		435403		283955		151448		
20:53:55		431302		272414		158888		
20:53:57		420037		271937		148100		
20:53:59		411920		271880		140040		
20:54:01		402034		271914		130120		
20:54:03		435960		304352		131608		
20:54:05		422948		271724		151224		
20:54:07		423841		272517		151324		
20:54:09		436205		276697		159508		
20:54:11		430210		271942		158268		
20:54:13		422698		271994		150704		
20:54:16		414329		271933		142396		
20:54:18		418411		272543		145868		
20:54:20		405616		272024		133592		
20:54:22		399229		271961		127268		
20:54:24		447958		318830		129128		
20:54:26		437392		272552		164840		
20:54:28		442131		277291		164840		
20:54:30		439508		274668		164840		
20:54:32		457416		287740		169676		
20:54:34		463548		272544		191004		
20:54:36		450902		271926		178976		
20:54:38		448251		272003		176248		
20:54:40		475254		297394		177860		
20:54:42		456014		272574		183440		
20:54:44		476750		289962		186788		
20:54:46		486264		272568		213696		
20:54:48		476512		271348		205164		
20:54:50		473372		268208		205164		
20:54:52		474352		269188		205164		
20:54:54		473429		268265		205164		
20:54:56		482364		277200		205164		
20:54:58		482684		272584		210100		
20:55:00		485396		272684		212712		
20:55:02		483271		272047		211224		
20:55:04		481700		271964		209736		
20:55:06		489532		278928		210604		
20:55:08		493352		271564		221788		
20:55:10		494353		263513		230840		
20:55:12		486670		263478		223192		
20:55:13		485852		262660		223192		
