record in kb
time		total		used		free
[19:53:09]		1048572		0		1048572
[19:53:12]		1048572		0		1048572
[19:53:15]		1048572		0		1048572
[19:53:18]		1048572		0		1048572
[19:53:21]		1048572		0		1048572
[19:53:24]		1048572		0		1048572
[19:53:27]		1048572		0		1048572
[19:53:30]		1048572		0		1048572
[19:53:33]		1048572		0		1048572
[19:53:36]		1048572		0		1048572
[19:53:39]		1048572		0		1048572
[19:53:43]		1048572		0		1048572
[19:53:46]		1048572		0		1048572
[19:53:49]		1048572		0		1048572
[19:53:52]		1048572		0		1048572
[19:53:55]		1048572		0		1048572
[19:53:58]		1048572		0		1048572
[19:54:01]		1048572		0		1048572
[19:54:04]		1048572		0		1048572
[19:54:07]		1048572		0		1048572
[19:54:10]		1048572		0		1048572
[19:54:13]		1048572		0		1048572
[19:54:16]		1048572		0		1048572
[19:54:19]		1048572		0		1048572
[19:54:22]		1048572		0		1048572
[19:54:25]		1048572		0		1048572
[19:54:28]		1048572		0		1048572
[19:54:31]		1048572		0		1048572
[19:54:34]		1048572		0		1048572
[19:54:37]		1048572		0		1048572
[19:54:40]		1048572		0		1048572
[19:54:43]		1048572		0		1048572
[19:54:46]		1048572		0		1048572
[19:54:49]		1048572		0		1048572
[19:54:52]		1048572		0		1048572
[19:54:55]		1048572		0		1048572
[19:54:58]		1048572		0		1048572
[19:55:01]		1048572		0		1048572
[19:55:04]		1048572		0		1048572
[19:55:07]		1048572		0		1048572
[19:55:10]		1048572		0		1048572
[19:55:13]		1048572		0		1048572
[19:55:16]		1048572		0		1048572
[19:55:19]		1048572		0		1048572
[19:55:22]		1048572		0		1048572
[19:55:25]		1048572		0		1048572
[19:55:28]		1048572		0		1048572
[19:55:31]		1048572		0		1048572
[19:55:34]		1048572		0		1048572
[19:55:37]		1048572		0		1048572
[19:55:40]		1048572		0		1048572
[19:55:43]		1048572		0		1048572
[19:55:46]		1048572		0		1048572
[19:55:49]		1048572		0		1048572
[19:55:52]		1048572		0		1048572
[19:55:55]		1048572		0		1048572
[19:55:58]		1048572		0		1048572
[19:56:01]		1048572		0		1048572
[19:56:04]		1048572		0		1048572
[19:56:07]		1048572		0		1048572
[19:56:10]		1048572		0		1048572
[19:56:13]		1048572		0		1048572
[19:56:16]		1048572		0		1048572
[19:56:19]		1048572		0		1048572
[19:56:22]		1048572		0		1048572
[19:56:25]		1048572		0		1048572
[19:56:28]		1048572		0		1048572
[19:56:31]		1048572		0		1048572
[19:56:34]		1048572		0		1048572
[19:56:37]		1048572		0		1048572
[19:56:40]		1048572		0		1048572
[19:56:43]		1048572		0		1048572
[19:56:46]		1048572		0		1048572
[19:56:49]		1048572		0		1048572
[19:56:52]		1048572		0		1048572
[19:56:55]		1048572		0		1048572
[19:56:58]		1048572		0		1048572
[19:57:01]		1048572		0		1048572
[19:57:04]		1048572		0		1048572
[19:57:07]		1048572		0		1048572
[19:57:10]		1048572		0		1048572
[19:57:13]		1048572		0		1048572
[19:57:16]		1048572		0		1048572
[19:57:19]		1048572		0		1048572
[19:57:22]		1048572		0		1048572
[19:57:25]		1048572		0		1048572
[19:57:28]		1048572		0		1048572
[19:57:31]		1048572		0		1048572
[19:57:34]		1048572		0		1048572
[19:57:37]		1048572		0		1048572
[19:57:40]		1048572		0		1048572
[19:57:43]		1048572		0		1048572
[19:57:46]		1048572		0		1048572
[19:57:49]		1048572		0		1048572
[19:57:52]		1048572		0		1048572
[19:57:55]		1048572		0		1048572
[19:57:58]		1048572		0		1048572
[19:58:01]		1048572		0		1048572
[19:58:04]		1048572		0		1048572
[19:58:07]		1048572		0		1048572
[19:58:10]		1048572		0		1048572
[19:58:13]		1048572		0		1048572
[19:58:16]		1048572		0		1048572
[19:58:19]		1048572		0		1048572
[19:58:22]		1048572		0		1048572
[19:58:25]		1048572		0		1048572
[19:58:28]		1048572		0		1048572
[19:58:31]		1048572		0		1048572
[19:58:34]		1048572		0		1048572
[19:58:37]		1048572		0		1048572
[19:58:40]		1048572		0		1048572
[19:58:43]		1048572		0		1048572
[19:58:46]		1048572		0		1048572
[19:58:49]		1048572		0		1048572
[19:58:52]		1048572		0		1048572
[19:58:55]		1048572		0		1048572
[19:58:58]		1048572		0		1048572
[19:59:01]		1048572		0		1048572
[19:59:04]		1048572		0		1048572
[19:59:07]		1048572		0		1048572
[19:59:10]		1048572		0		1048572
[19:59:13]		1048572		0		1048572
[19:59:16]		1048572		0		1048572
[19:59:19]		1048572		0		1048572
[19:59:22]		1048572		0		1048572
[19:59:25]		1048572		0		1048572
[19:59:28]		1048572		0		1048572
[19:59:31]		1048572		0		1048572
[19:59:34]		1048572		0		1048572
[19:59:37]		1048572		0		1048572
[19:59:40]		1048572		0		1048572
[19:59:43]		1048572		0		1048572
[19:59:46]		1048572		0		1048572
[19:59:49]		1048572		0		1048572
[19:59:52]		1048572		0		1048572
[19:59:55]		1048572		0		1048572
[19:59:58]		1048572		0		1048572
[20:00:01]		1048572		0		1048572
[20:00:04]		1048572		0		1048572
[20:00:07]		1048572		0		1048572
[20:00:10]		1048572		0		1048572
[20:00:13]		1048572		0		1048572
[20:00:16]		1048572		0		1048572
[20:00:19]		1048572		0		1048572
[20:00:22]		1048572		0		1048572
[20:00:25]		1048572		0		1048572
[20:00:28]		1048572		0		1048572
[20:00:31]		1048572		0		1048572
[20:00:34]		1048572		0		1048572
[20:00:37]		1048572		0		1048572
[20:00:40]		1048572		0		1048572
[20:00:43]		1048572		0		1048572
[20:00:46]		1048572		0		1048572
[20:00:49]		1048572		0		1048572
[20:00:52]		1048572		0		1048572
[20:00:55]		1048572		0		1048572
[20:00:58]		1048572		0		1048572
[20:01:01]		1048572		0		1048572
[20:01:04]		1048572		0		1048572
[20:01:07]		1048572		0		1048572
[20:01:10]		1048572		0		1048572
[20:01:13]		1048572		0		1048572
[20:01:16]		1048572		0		1048572
[20:01:19]		1048572		0		1048572
[20:01:22]		1048572		0		1048572
[20:01:25]		1048572		0		1048572
[20:01:28]		1048572		0		1048572
[20:01:31]		1048572		0		1048572
[20:01:34]		1048572		0		1048572
[20:01:37]		1048572		0		1048572
[20:01:40]		1048572		0		1048572
[20:01:43]		1048572		0		1048572
[20:01:46]		1048572		0		1048572
[20:01:49]		1048572		0		1048572
[20:01:52]		1048572		0		1048572
[20:01:55]		1048572		0		1048572
[20:01:58]		1048572		0		1048572
[20:02:01]		1048572		0		1048572
[20:02:04]		1048572		0		1048572
[20:02:07]		1048572		0		1048572
[20:02:10]		1048572		0		1048572
[20:02:13]		1048572		0		1048572
[20:02:16]		1048572		0		1048572
[20:02:19]		1048572		0		1048572
[20:02:22]		1048572		0		1048572
[20:02:25]		1048572		0		1048572
[20:02:28]		1048572		0		1048572
[20:02:31]		1048572		0		1048572
[20:02:34]		1048572		0		1048572
[20:02:37]		1048572		0		1048572
[20:02:40]		1048572		0		1048572
[20:02:43]		1048572		0		1048572
[20:02:46]		1048572		0		1048572
[20:02:49]		1048572		0		1048572
[20:02:52]		1048572		0		1048572
[20:02:55]		1048572		0		1048572
[20:02:58]		1048572		0		1048572
[20:03:01]		1048572		0		1048572
[20:03:04]		1048572		0		1048572
[20:03:07]		1048572		0		1048572
[20:03:10]		1048572		0		1048572
[20:03:13]		1048572		0		1048572
[20:03:16]		1048572		0		1048572
[20:03:19]		1048572		0		1048572
[20:03:22]		1048572		0		1048572
[20:03:25]		1048572		0		1048572
[20:03:28]		1048572		0		1048572
[20:03:31]		1048572		0		1048572
[20:03:34]		1048572		0		1048572
[20:03:37]		1048572		0		1048572
[20:03:40]		1048572		0		1048572
[20:03:43]		1048572		0		1048572
[20:03:46]		1048572		0		1048572
[20:03:49]		1048572		0		1048572
[20:03:52]		1048572		0		1048572
[20:03:55]		1048572		0		1048572
[20:03:58]		1048572		0		1048572
[20:04:01]		1048572		0		1048572
[20:04:04]		1048572		0		1048572
[20:04:07]		1048572		0		1048572
[20:04:10]		1048572		0		1048572
[20:04:13]		1048572		0		1048572
[20:04:16]		1048572		0		1048572
[20:04:19]		1048572		0		1048572
[20:04:22]		1048572		0		1048572
[20:04:25]		1048572		0		1048572
[20:04:28]		1048572		0		1048572
[20:04:31]		1048572		0		1048572
[20:04:34]		1048572		0		1048572
[20:04:37]		1048572		0		1048572
[20:04:41]		1048572		0		1048572
[20:04:44]		1048572		0		1048572
[20:04:47]		1048572		0		1048572
[20:04:50]		1048572		0		1048572
[20:04:53]		1048572		0		1048572
[20:04:56]		1048572		0		1048572
[20:04:59]		1048572		0		1048572
[20:05:02]		1048572		0		1048572
[20:05:05]		1048572		0		1048572
[20:05:08]		1048572		0		1048572
[20:05:11]		1048572		0		1048572
[20:05:14]		1048572		0		1048572
[20:05:17]		1048572		0		1048572
[20:05:20]		1048572		0		1048572
[20:05:23]		1048572		0		1048572
[20:05:26]		1048572		0		1048572
[20:05:29]		1048572		0		1048572
[20:05:32]		1048572		0		1048572
[20:05:35]		1048572		0		1048572
[20:05:38]		1048572		0		1048572
[20:05:41]		1048572		0		1048572
[20:05:44]		1048572		0		1048572
[20:05:47]		1048572		0		1048572
[20:05:50]		1048572		0		1048572
[20:05:53]		1048572		0		1048572
[20:05:56]		1048572		0		1048572
[20:05:59]		1048572		0		1048572
[20:06:02]		1048572		0		1048572
[20:06:05]		1048572		0		1048572
[20:06:08]		1048572		0		1048572
[20:06:11]		1048572		0		1048572
[20:06:14]		1048572		0		1048572
[20:06:17]		1048572		0		1048572
[20:06:20]		1048572		0		1048572
[20:06:23]		1048572		0		1048572
[20:06:26]		1048572		0		1048572
[20:06:29]		1048572		0		1048572
[20:06:32]		1048572		0		1048572
[20:06:35]		1048572		0		1048572
[20:06:38]		1048572		0		1048572
[20:06:41]		1048572		0		1048572
[20:06:44]		1048572		0		1048572
[20:06:47]		1048572		0		1048572
[20:06:50]		1048572		0		1048572
[20:06:53]		1048572		0		1048572
[20:06:56]		1048572		0		1048572
[20:06:59]		1048572		0		1048572
[20:07:02]		1048572		0		1048572
[20:07:05]		1048572		0		1048572
[20:07:08]		1048572		0		1048572
[20:07:11]		1048572		0		1048572
[20:07:14]		1048572		0		1048572
[20:07:17]		1048572		0		1048572
[20:07:20]		1048572		0		1048572
[20:07:23]		1048572		0		1048572
[20:07:26]		1048572		0		1048572
[20:07:29]		1048572		0		1048572
[20:07:32]		1048572		0		1048572
[20:07:35]		1048572		0		1048572
[20:07:38]		1048572		0		1048572
[20:07:41]		1048572		0		1048572
[20:07:44]		1048572		0		1048572
[20:07:47]		1048572		0		1048572
[20:07:50]		1048572		0		1048572
[20:07:53]		1048572		0		1048572
[20:07:56]		1048572		0		1048572
[20:07:59]		1048572		0		1048572
[20:08:02]		1048572		0		1048572
[20:08:05]		1048572		0		1048572
[20:08:08]		1048572		0		1048572
[20:08:11]		1048572		0		1048572
[20:08:14]		1048572		0		1048572
[20:08:17]		1048572		0		1048572
[20:08:20]		1048572		0		1048572
[20:08:23]		1048572		0		1048572
[20:08:26]		1048572		0		1048572
[20:08:29]		1048572		0		1048572
[20:08:32]		1048572		0		1048572
[20:08:35]		1048572		0		1048572
[20:08:38]		1048572		0		1048572
[20:08:41]		1048572		0		1048572
[20:08:44]		1048572		0		1048572
[20:08:47]		1048572		0		1048572
[20:08:50]		1048572		0		1048572
[20:08:53]		1048572		0		1048572
[20:08:56]		1048572		0		1048572
[20:08:59]		1048572		0		1048572
[20:09:02]		1048572		0		1048572
[20:09:05]		1048572		0		1048572
[20:09:08]		1048572		0		1048572
[20:09:11]		1048572		0		1048572
[20:09:14]		1048572		0		1048572
[20:09:17]		1048572		0		1048572
[20:09:20]		1048572		0		1048572
[20:09:23]		1048572		0		1048572
[20:09:26]		1048572		0		1048572
[20:09:29]		1048572		0		1048572
[20:09:32]		1048572		0		1048572
[20:09:35]		1048572		0		1048572
[20:09:38]		1048572		0		1048572
[20:09:41]		1048572		0		1048572
[20:09:44]		1048572		0		1048572
[20:09:47]		1048572		0		1048572
[20:09:50]		1048572		0		1048572
[20:09:53]		1048572		0		1048572
[20:09:56]		1048572		0		1048572
[20:09:59]		1048572		0		1048572
[20:10:02]		1048572		0		1048572
[20:10:05]		1048572		0		1048572
[20:10:08]		1048572		0		1048572
[20:10:11]		1048572		0		1048572
[20:10:14]		1048572		0		1048572
[20:10:17]		1048572		0		1048572
[20:10:20]		1048572		0		1048572
[20:10:23]		1048572		0		1048572
[20:10:26]		1048572		0		1048572
[20:10:29]		1048572		0		1048572
[20:10:32]		1048572		0		1048572
[20:10:35]		1048572		0		1048572
[20:10:38]		1048572		0		1048572
[20:10:41]		1048572		0		1048572
[20:10:44]		1048572		0		1048572
[20:10:47]		1048572		0		1048572
[20:10:50]		1048572		0		1048572
[20:10:53]		1048572		0		1048572
[20:10:56]		1048572		0		1048572
[20:10:59]		1048572		0		1048572
[20:11:02]		1048572		0		1048572
[20:11:05]		1048572		0		1048572
[20:11:08]		1048572		0		1048572
[20:11:11]		1048572		0		1048572
[20:11:14]		1048572		0		1048572
[20:11:17]		1048572		0		1048572
[20:11:20]		1048572		0		1048572
[20:11:23]		1048572		0		1048572
[20:11:26]		1048572		0		1048572
[20:11:29]		1048572		0		1048572
[20:11:32]		1048572		0		1048572
[20:11:35]		1048572		0		1048572
[20:11:38]		1048572		0		1048572
[20:11:41]		1048572		0		1048572
[20:11:44]		1048572		0		1048572
[20:11:47]		1048572		0		1048572
[20:11:50]		1048572		0		1048572
[20:11:53]		1048572		0		1048572
[20:11:56]		1048572		0		1048572
[20:11:59]		1048572		0		1048572
[20:12:02]		1048572		0		1048572
[20:12:05]		1048572		0		1048572
[20:12:08]		1048572		0		1048572
[20:12:11]		1048572		0		1048572
[20:12:14]		1048572		0		1048572
[20:12:17]		1048572		0		1048572
[20:12:20]		1048572		0		1048572
[20:12:23]		1048572		0		1048572
[20:12:26]		1048572		0		1048572
[20:12:29]		1048572		0		1048572
[20:12:32]		1048572		0		1048572
[20:12:35]		1048572		0		1048572
[20:12:38]		1048572		0		1048572
[20:12:41]		1048572		0		1048572
[20:12:44]		1048572		0		1048572
[20:12:47]		1048572		0		1048572
[20:12:50]		1048572		0		1048572
[20:12:53]		1048572		0		1048572
[20:12:56]		1048572		0		1048572
[20:12:59]		1048572		0		1048572
[20:13:02]		1048572		0		1048572
[20:13:05]		1048572		0		1048572
[20:13:08]		1048572		0		1048572
[20:13:11]		1048572		0		1048572
[20:13:14]		1048572		0		1048572
[20:13:17]		1048572		0		1048572
[20:13:20]		1048572		0		1048572
[20:13:23]		1048572		0		1048572
[20:13:26]		1048572		0		1048572
[20:13:29]		1048572		0		1048572
[20:13:32]		1048572		0		1048572
[20:13:35]		1048572		0		1048572
[20:13:38]		1048572		0		1048572
[20:13:41]		1048572		0		1048572
[20:13:44]		1048572		0		1048572
[20:13:47]		1048572		0		1048572
[20:13:50]		1048572		0		1048572
[20:13:53]		1048572		0		1048572
[20:13:56]		1048572		0		1048572
[20:13:59]		1048572		0		1048572
[20:14:02]		1048572		0		1048572
[20:14:05]		1048572		0		1048572
[20:14:08]		1048572		0		1048572
[20:14:11]		1048572		0		1048572
[20:14:14]		1048572		0		1048572
[20:14:17]		1048572		0		1048572
[20:14:20]		1048572		0		1048572
[20:14:23]		1048572		0		1048572
[20:14:26]		1048572		0		1048572
[20:14:29]		1048572		0		1048572
[20:14:32]		1048572		0		1048572
[20:14:35]		1048572		0		1048572
[20:14:38]		1048572		0		1048572
[20:14:41]		1048572		0		1048572
[20:14:44]		1048572		0		1048572
[20:14:47]		1048572		0		1048572
[20:14:50]		1048572		0		1048572
[20:14:53]		1048572		0		1048572
[20:14:56]		1048572		0		1048572
[20:14:59]		1048572		0		1048572
[20:15:02]		1048572		0		1048572
[20:15:05]		1048572		0		1048572
[20:15:08]		1048572		0		1048572
[20:15:11]		1048572		0		1048572
[20:15:14]		1048572		0		1048572
[20:15:17]		1048572		0		1048572
[20:15:20]		1048572		0		1048572
[20:15:23]		1048572		0		1048572
[20:15:26]		1048572		0		1048572
[20:15:29]		1048572		0		1048572
[20:15:32]		1048572		0		1048572
[20:15:35]		1048572		0		1048572
[20:15:38]		1048572		0		1048572
[20:15:41]		1048572		0		1048572
[20:15:44]		1048572		0		1048572
[20:15:47]		1048572		0		1048572
[20:15:50]		1048572		0		1048572
[20:15:53]		1048572		0		1048572
[20:15:56]		1048572		0		1048572
[20:15:59]		1048572		0		1048572
[20:16:02]		1048572		0		1048572
[20:16:05]		1048572		0		1048572
[20:16:08]		1048572		0		1048572
[20:16:11]		1048572		0		1048572
[20:16:14]		1048572		0		1048572
[20:16:17]		1048572		0		1048572
[20:16:20]		1048572		0		1048572
[20:16:23]		1048572		0		1048572
[20:16:26]		1048572		0		1048572
[20:16:29]		1048572		0		1048572
[20:16:32]		1048572		0		1048572
[20:16:35]		1048572		0		1048572
[20:16:38]		1048572		0		1048572
[20:16:41]		1048572		0		1048572
[20:16:44]		1048572		0		1048572
[20:16:47]		1048572		0		1048572
[20:16:50]		1048572		0		1048572
[20:16:53]		1048572		0		1048572
[20:16:56]		1048572		0		1048572
[20:16:59]		1048572		0		1048572
[20:17:02]		1048572		0		1048572
[20:17:05]		1048572		0		1048572
[20:17:08]		1048572		0		1048572
[20:17:11]		1048572		0		1048572
[20:17:14]		1048572		0		1048572
[20:17:17]		1048572		0		1048572
[20:17:20]		1048572		0		1048572
[20:17:23]		1048572		0		1048572
[20:17:26]		1048572		0		1048572
[20:17:29]		1048572		0		1048572
[20:17:32]		1048572		0		1048572
[20:17:35]		1048572		0		1048572
[20:17:38]		1048572		0		1048572
[20:17:41]		1048572		0		1048572
[20:17:44]		1048572		0		1048572
[20:17:47]		1048572		0		1048572
[20:17:50]		1048572		0		1048572
[20:17:53]		1048572		0		1048572
[20:17:56]		1048572		0		1048572
[20:17:59]		1048572		0		1048572
[20:18:02]		1048572		0		1048572
[20:18:05]		1048572		0		1048572
[20:18:08]		1048572		0		1048572
[20:18:11]		1048572		0		1048572
[20:18:14]		1048572		0		1048572
[20:18:17]		1048572		0		1048572
[20:18:20]		1048572		0		1048572
[20:18:23]		1048572		0		1048572
[20:18:26]		1048572		0		1048572
[20:18:29]		1048572		0		1048572
[20:18:32]		1048572		0		1048572
[20:18:35]		1048572		0		1048572
[20:18:38]		1048572		0		1048572
[20:18:41]		1048572		0		1048572
[20:18:44]		1048572		0		1048572
[20:18:47]		1048572		0		1048572
[20:18:50]		1048572		0		1048572
[20:18:53]		1048572		0		1048572
[20:18:56]		1048572		0		1048572
[20:18:59]		1048572		0		1048572
[20:19:02]		1048572		0		1048572
[20:19:05]		1048572		0		1048572
[20:19:08]		1048572		0		1048572
[20:19:11]		1048572		0		1048572
[20:19:14]		1048572		0		1048572
[20:19:17]		1048572		0		1048572
[20:19:20]		1048572		0		1048572
[20:19:23]		1048572		0		1048572
[20:19:26]		1048572		0		1048572
[20:19:29]		1048572		0		1048572
[20:19:32]		1048572		0		1048572
[20:19:35]		1048572		0		1048572
[20:19:38]		1048572		0		1048572
[20:19:41]		1048572		0		1048572
[20:19:44]		1048572		0		1048572
[20:19:47]		1048572		0		1048572
[20:19:50]		1048572		0		1048572
[20:19:53]		1048572		0		1048572
[20:19:56]		1048572		0		1048572
[20:19:59]		1048572		0		1048572
[20:20:02]		1048572		0		1048572
[20:20:05]		1048572		0		1048572
[20:20:08]		1048572		0		1048572
[20:20:11]		1048572		0		1048572
[20:20:14]		1048572		0		1048572
[20:20:17]		1048572		0		1048572
[20:20:20]		1048572		0		1048572
[20:20:23]		1048572		0		1048572
[20:20:26]		1048572		0		1048572
[20:20:29]		1048572		0		1048572
[20:20:33]		1048572		0		1048572
[20:20:36]		1048572		0		1048572
[20:20:39]		1048572		0		1048572
[20:20:42]		1048572		0		1048572
[20:20:45]		1048572		0		1048572
[20:20:48]		1048572		0		1048572
[20:20:51]		1048572		0		1048572
[20:20:54]		1048572		0		1048572
[20:20:57]		1048572		0		1048572
[20:21:00]		1048572		0		1048572
[20:21:03]		1048572		0		1048572
[20:21:06]		1048572		0		1048572
[20:21:09]		1048572		0		1048572
[20:21:12]		1048572		0		1048572
[20:21:15]		1048572		0		1048572
[20:21:18]		1048572		0		1048572
[20:21:21]		1048572		0		1048572
[20:21:24]		1048572		0		1048572
[20:21:27]		1048572		0		1048572
[20:21:30]		1048572		0		1048572
[20:21:33]		1048572		0		1048572
[20:21:36]		1048572		0		1048572
[20:21:39]		1048572		0		1048572
[20:21:42]		1048572		0		1048572
[20:21:45]		1048572		0		1048572
[20:21:48]		1048572		0		1048572
[20:21:51]		1048572		0		1048572
[20:21:54]		1048572		0		1048572
[20:21:57]		1048572		0		1048572
[20:22:00]		1048572		0		1048572
[20:22:03]		1048572		0		1048572
[20:22:06]		1048572		0		1048572
[20:22:09]		1048572		0		1048572
[20:22:12]		1048572		0		1048572
[20:22:15]		1048572		0		1048572
[20:22:18]		1048572		0		1048572
[20:22:21]		1048572		0		1048572
[20:22:24]		1048572		0		1048572
[20:22:27]		1048572		0		1048572
[20:22:30]		1048572		0		1048572
[20:22:33]		1048572		0		1048572
[20:22:36]		1048572		0		1048572
[20:22:39]		1048572		0		1048572
[20:22:42]		1048572		0		1048572
[20:22:45]		1048572		0		1048572
[20:22:48]		1048572		0		1048572
[20:22:51]		1048572		0		1048572
[20:22:54]		1048572		0		1048572
[20:22:57]		1048572		0		1048572
[20:23:00]		1048572		0		1048572
[20:23:03]		1048572		0		1048572
[20:23:06]		1048572		0		1048572
[20:23:09]		1048572		0		1048572
[20:23:12]		1048572		0		1048572
[20:23:15]		1048572		0		1048572
[20:23:18]		1048572		0		1048572
[20:23:21]		1048572		0		1048572
[20:23:24]		1048572		0		1048572
[20:23:27]		1048572		0		1048572
[20:23:30]		1048572		0		1048572
[20:23:33]		1048572		0		1048572
[20:23:36]		1048572		0		1048572
[20:23:39]		1048572		0		1048572
[20:23:42]		1048572		0		1048572
[20:23:45]		1048572		0		1048572
[20:23:48]		1048572		0		1048572
[20:23:51]		1048572		0		1048572
[20:23:54]		1048572		0		1048572
[20:23:57]		1048572		0		1048572
[20:24:00]		1048572		0		1048572
[20:24:03]		1048572		0		1048572
[20:24:06]		1048572		0		1048572
[20:24:09]		1048572		0		1048572
[20:24:12]		1048572		0		1048572
[20:24:15]		1048572		0		1048572
[20:24:18]		1048572		0		1048572
[20:24:21]		1048572		0		1048572
[20:24:24]		1048572		0		1048572
[20:24:27]		1048572		0		1048572
[20:24:30]		1048572		0		1048572
[20:24:33]		1048572		0		1048572
[20:24:36]		1048572		0		1048572
[20:24:39]		1048572		0		1048572
[20:24:42]		1048572		0		1048572
[20:24:45]		1048572		0		1048572
[20:24:48]		1048572		0		1048572
[20:24:51]		1048572		0		1048572
[20:24:54]		1048572		0		1048572
[20:24:57]		1048572		0		1048572
[20:25:00]		1048572		0		1048572
[20:25:03]		1048572		0		1048572
[20:25:06]		1048572		0		1048572
[20:25:09]		1048572		0		1048572
[20:25:12]		1048572		0		1048572
[20:25:15]		1048572		0		1048572
[20:25:18]		1048572		0		1048572
[20:25:21]		1048572		0		1048572
[20:25:24]		1048572		0		1048572
[20:25:27]		1048572		0		1048572
[20:25:30]		1048572		0		1048572
[20:25:33]		1048572		0		1048572
[20:25:36]		1048572		0		1048572
[20:25:39]		1048572		0		1048572
[20:25:42]		1048572		0		1048572
[20:25:45]		1048572		0		1048572
[20:25:48]		1048572		0		1048572
[20:25:51]		1048572		0		1048572
[20:25:54]		1048572		0		1048572
[20:25:57]		1048572		0		1048572
[20:26:00]		1048572		0		1048572
[20:26:03]		1048572		0		1048572
[20:26:06]		1048572		0		1048572
[20:26:09]		1048572		0		1048572
[20:26:12]		1048572		0		1048572
[20:26:15]		1048572		0		1048572
[20:26:18]		1048572		0		1048572
[20:26:21]		1048572		0		1048572
[20:26:24]		1048572		0		1048572
[20:26:27]		1048572		0		1048572
[20:26:30]		1048572		0		1048572
[20:26:33]		1048572		0		1048572
[20:26:36]		1048572		0		1048572
[20:26:39]		1048572		0		1048572
[20:26:42]		1048572		0		1048572
[20:26:45]		1048572		0		1048572
[20:26:48]		1048572		0		1048572
[20:26:51]		1048572		0		1048572
[20:26:54]		1048572		0		1048572
[20:26:57]		1048572		0		1048572
[20:27:00]		1048572		0		1048572
[20:27:03]		1048572		0		1048572
[20:27:06]		1048572		0		1048572
[20:27:09]		1048572		0		1048572
[20:27:12]		1048572		0		1048572
[20:27:15]		1048572		0		1048572
[20:27:18]		1048572		0		1048572
[20:27:21]		1048572		0		1048572
[20:27:24]		1048572		0		1048572
[20:27:27]		1048572		0		1048572
[20:27:30]		1048572		0		1048572
[20:27:33]		1048572		0		1048572
[20:27:36]		1048572		0		1048572
[20:27:39]		1048572		0		1048572
[20:27:42]		1048572		0		1048572
[20:27:45]		1048572		0		1048572
[20:27:48]		1048572		0		1048572
[20:27:51]		1048572		0		1048572
[20:27:54]		1048572		0		1048572
[20:27:57]		1048572		0		1048572
[20:28:00]		1048572		0		1048572
[20:28:03]		1048572		0		1048572
[20:28:06]		1048572		0		1048572
[20:28:09]		1048572		0		1048572
[20:28:12]		1048572		0		1048572
[20:28:15]		1048572		0		1048572
[20:28:18]		1048572		0		1048572
[20:28:21]		1048572		0		1048572
[20:28:24]		1048572		0		1048572
[20:28:27]		1048572		0		1048572
[20:28:30]		1048572		0		1048572
[20:28:33]		1048572		0		1048572
[20:28:36]		1048572		0		1048572
[20:28:39]		1048572		0		1048572
[20:28:42]		1048572		0		1048572
[20:28:45]		1048572		0		1048572
[20:28:48]		1048572		0		1048572
[20:28:51]		1048572		0		1048572
[20:28:54]		1048572		0		1048572
[20:28:57]		1048572		0		1048572
[20:29:00]		1048572		0		1048572
[20:29:03]		1048572		0		1048572
[20:29:06]		1048572		0		1048572
[20:29:09]		1048572		0		1048572
[20:29:12]		1048572		0		1048572
[20:29:15]		1048572		0		1048572
[20:29:18]		1048572		0		1048572
[20:29:21]		1048572		0		1048572
[20:29:24]		1048572		0		1048572
[20:29:27]		1048572		0		1048572
[20:29:30]		1048572		0		1048572
[20:29:33]		1048572		0		1048572
[20:29:36]		1048572		0		1048572
[20:29:39]		1048572		0		1048572
[20:29:42]		1048572		0		1048572
[20:29:45]		1048572		0		1048572
[20:29:48]		1048572		0		1048572
[20:29:51]		1048572		0		1048572
[20:29:54]		1048572		0		1048572
[20:29:57]		1048572		0		1048572
[20:30:00]		1048572		0		1048572
[20:30:03]		1048572		0		1048572
[20:30:06]		1048572		0		1048572
[20:30:09]		1048572		0		1048572
[20:30:12]		1048572		0		1048572
[20:30:15]		1048572		0		1048572
[20:30:18]		1048572		0		1048572
[20:30:21]		1048572		0		1048572
[20:30:24]		1048572		0		1048572
[20:30:27]		1048572		0		1048572
[20:30:30]		1048572		0		1048572
[20:30:33]		1048572		0		1048572
[20:30:36]		1048572		0		1048572
[20:30:39]		1048572		0		1048572
[20:30:42]		1048572		0		1048572
[20:30:45]		1048572		0		1048572
[20:30:48]		1048572		0		1048572
[20:30:51]		1048572		0		1048572
[20:30:54]		1048572		0		1048572
[20:30:57]		1048572		0		1048572
[20:31:00]		1048572		0		1048572
[20:31:03]		1048572		0		1048572
[20:31:06]		1048572		0		1048572
[20:31:09]		1048572		0		1048572
[20:31:12]		1048572		0		1048572
[20:31:15]		1048572		0		1048572
[20:31:18]		1048572		0		1048572
[20:31:21]		1048572		0		1048572
[20:31:24]		1048572		0		1048572
[20:31:27]		1048572		0		1048572
[20:31:30]		1048572		0		1048572
[20:31:33]		1048572		0		1048572
[20:31:36]		1048572		0		1048572
[20:31:39]		1048572		0		1048572
[20:31:42]		1048572		0		1048572
[20:31:45]		1048572		0		1048572
[20:31:48]		1048572		0		1048572
[20:31:51]		1048572		0		1048572
[20:31:54]		1048572		0		1048572
[20:31:57]		1048572		0		1048572
[20:32:00]		1048572		0		1048572
[20:32:03]		1048572		0		1048572
[20:32:06]		1048572		0		1048572
[20:32:09]		1048572		0		1048572
[20:32:12]		1048572		0		1048572
[20:32:15]		1048572		0		1048572
[20:32:18]		1048572		0		1048572
[20:32:21]		1048572		0		1048572
[20:32:24]		1048572		0		1048572
[20:32:27]		1048572		0		1048572
[20:32:30]		1048572		0		1048572
[20:32:33]		1048572		0		1048572
[20:32:36]		1048572		0		1048572
[20:32:39]		1048572		0		1048572
[20:32:42]		1048572		0		1048572
[20:32:45]		1048572		0		1048572
[20:32:48]		1048572		0		1048572
[20:32:51]		1048572		0		1048572
[20:32:54]		1048572		0		1048572
[20:32:57]		1048572		0		1048572
[20:33:00]		1048572		0		1048572
[20:33:03]		1048572		0		1048572
[20:33:06]		1048572		0		1048572
[20:33:09]		1048572		0		1048572
[20:33:13]		1048572		0		1048572
[20:33:16]		1048572		0		1048572
[20:33:19]		1048572		0		1048572
[20:33:22]		1048572		0		1048572
[20:33:25]		1048572		0		1048572
[20:33:28]		1048572		0		1048572
[20:33:31]		1048572		0		1048572
[20:33:34]		1048572		0		1048572
[20:33:37]		1048572		0		1048572
[20:33:40]		1048572		0		1048572
[20:33:43]		1048572		0		1048572
[20:33:46]		1048572		0		1048572
[20:33:49]		1048572		0		1048572
[20:33:52]		1048572		0		1048572
[20:33:55]		1048572		0		1048572
[20:33:58]		1048572		0		1048572
[20:34:01]		1048572		0		1048572
[20:34:04]		1048572		0		1048572
[20:34:07]		1048572		0		1048572
[20:34:10]		1048572		0		1048572
[20:34:13]		1048572		0		1048572
[20:34:16]		1048572		0		1048572
[20:34:19]		1048572		0		1048572
[20:34:22]		1048572		0		1048572
[20:34:25]		1048572		0		1048572
[20:34:28]		1048572		0		1048572
[20:34:31]		1048572		0		1048572
[20:34:34]		1048572		0		1048572
[20:34:37]		1048572		0		1048572
[20:34:40]		1048572		0		1048572
[20:34:43]		1048572		0		1048572
[20:34:46]		1048572		0		1048572
[20:34:49]		1048572		0		1048572
[20:34:52]		1048572		0		1048572
[20:34:55]		1048572		0		1048572
[20:34:58]		1048572		0		1048572
[20:35:01]		1048572		0		1048572
[20:35:04]		1048572		0		1048572
[20:35:07]		1048572		0		1048572
[20:35:10]		1048572		0		1048572
[20:35:13]		1048572		0		1048572
[20:35:16]		1048572		0		1048572
[20:35:19]		1048572		0		1048572
[20:35:22]		1048572		0		1048572
[20:35:25]		1048572		0		1048572
[20:35:28]		1048572		0		1048572
[20:35:31]		1048572		0		1048572
[20:35:34]		1048572		0		1048572
[20:35:37]		1048572		0		1048572
[20:35:40]		1048572		0		1048572
[20:35:43]		1048572		0		1048572
[20:35:46]		1048572		0		1048572
[20:35:49]		1048572		0		1048572
[20:35:52]		1048572		0		1048572
[20:35:55]		1048572		0		1048572
[20:35:58]		1048572		0		1048572
[20:36:01]		1048572		0		1048572
[20:36:04]		1048572		0		1048572
[20:36:07]		1048572		0		1048572
[20:36:10]		1048572		0		1048572
[20:36:13]		1048572		0		1048572
[20:36:16]		1048572		0		1048572
[20:36:19]		1048572		0		1048572
[20:36:22]		1048572		0		1048572
[20:36:25]		1048572		0		1048572
[20:36:28]		1048572		0		1048572
[20:36:31]		1048572		0		1048572
[20:36:34]		1048572		0		1048572
[20:36:37]		1048572		0		1048572
[20:36:40]		1048572		0		1048572
[20:36:43]		1048572		0		1048572
[20:36:46]		1048572		0		1048572
[20:36:49]		1048572		0		1048572
[20:36:52]		1048572		0		1048572
[20:36:55]		1048572		0		1048572
[20:36:58]		1048572		0		1048572
[20:37:01]		1048572		0		1048572
[20:37:04]		1048572		0		1048572
[20:37:07]		1048572		0		1048572
[20:37:10]		1048572		0		1048572
[20:37:13]		1048572		0		1048572
[20:37:16]		1048572		0		1048572
[20:37:19]		1048572		0		1048572
[20:37:22]		1048572		0		1048572
[20:37:25]		1048572		0		1048572
[20:37:28]		1048572		0		1048572
[20:37:31]		1048572		0		1048572
[20:37:34]		1048572		0		1048572
[20:37:37]		1048572		0		1048572
[20:37:40]		1048572		0		1048572
[20:37:43]		1048572		0		1048572
[20:37:46]		1048572		0		1048572
[20:37:49]		1048572		0		1048572
[20:37:52]		1048572		0		1048572
[20:37:55]		1048572		0		1048572
[20:37:58]		1048572		0		1048572
[20:38:01]		1048572		0		1048572
[20:38:04]		1048572		0		1048572
[20:38:07]		1048572		0		1048572
[20:38:10]		1048572		0		1048572
[20:38:13]		1048572		0		1048572
[20:38:16]		1048572		0		1048572
[20:38:19]		1048572		0		1048572
[20:38:22]		1048572		0		1048572
[20:38:25]		1048572		0		1048572
[20:38:28]		1048572		0		1048572
[20:38:31]		1048572		0		1048572
[20:38:34]		1048572		0		1048572
[20:38:37]		1048572		0		1048572
[20:38:40]		1048572		0		1048572
[20:38:43]		1048572		0		1048572
[20:38:46]		1048572		0		1048572
[20:38:49]		1048572		0		1048572
[20:38:52]		1048572		0		1048572
[20:38:55]		1048572		0		1048572
[20:38:58]		1048572		0		1048572
[20:39:01]		1048572		0		1048572
[20:39:04]		1048572		0		1048572
[20:39:07]		1048572		0		1048572
[20:39:10]		1048572		0		1048572
[20:39:13]		1048572		0		1048572
[20:39:16]		1048572		0		1048572
[20:39:19]		1048572		0		1048572
[20:39:22]		1048572		0		1048572
[20:39:25]		1048572		0		1048572
[20:39:28]		1048572		0		1048572
[20:39:31]		1048572		0		1048572
[20:39:34]		1048572		0		1048572
[20:39:37]		1048572		0		1048572
[20:39:40]		1048572		0		1048572
[20:39:43]		1048572		0		1048572
[20:39:46]		1048572		0		1048572
[20:39:49]		1048572		0		1048572
[20:39:52]		1048572		0		1048572
[20:39:55]		1048572		0		1048572
[20:39:58]		1048572		0		1048572
[20:40:01]		1048572		0		1048572
[20:40:04]		1048572		0		1048572
[20:40:07]		1048572		0		1048572
[20:40:10]		1048572		0		1048572
[20:40:13]		1048572		0		1048572
[20:40:16]		1048572		0		1048572
[20:40:19]		1048572		0		1048572
[20:40:22]		1048572		0		1048572
[20:40:25]		1048572		0		1048572
[20:40:28]		1048572		0		1048572
[20:40:31]		1048572		0		1048572
[20:40:34]		1048572		0		1048572
[20:40:37]		1048572		0		1048572
[20:40:40]		1048572		0		1048572
[20:40:43]		1048572		0		1048572
[20:40:46]		1048572		0		1048572
[20:40:49]		1048572		0		1048572
[20:40:52]		1048572		0		1048572
[20:40:55]		1048572		0		1048572
[20:40:58]		1048572		0		1048572
[20:41:01]		1048572		0		1048572
[20:41:04]		1048572		0		1048572
[20:41:07]		1048572		0		1048572
[20:41:10]		1048572		0		1048572
[20:41:13]		1048572		0		1048572
[20:41:16]		1048572		0		1048572
[20:41:19]		1048572		0		1048572
[20:41:22]		1048572		0		1048572
[20:41:25]		1048572		0		1048572
[20:41:28]		1048572		0		1048572
[20:41:31]		1048572		0		1048572
[20:41:34]		1048572		0		1048572
[20:41:37]		1048572		0		1048572
[20:41:40]		1048572		0		1048572
[20:41:43]		1048572		0		1048572
[20:41:46]		1048572		0		1048572
[20:41:49]		1048572		0		1048572
[20:41:52]		1048572		0		1048572
[20:41:55]		1048572		0		1048572
[20:41:58]		1048572		0		1048572
[20:42:01]		1048572		0		1048572
[20:42:04]		1048572		0		1048572
[20:42:07]		1048572		0		1048572
[20:42:10]		1048572		0		1048572
[20:42:13]		1048572		0		1048572
[20:42:16]		1048572		0		1048572
[20:42:19]		1048572		0		1048572
[20:42:22]		1048572		0		1048572
[20:42:25]		1048572		0		1048572
[20:42:28]		1048572		0		1048572
[20:42:31]		1048572		0		1048572
[20:42:34]		1048572		0		1048572
[20:42:37]		1048572		0		1048572
[20:42:40]		1048572		0		1048572
[20:42:43]		1048572		0		1048572
[20:42:46]		1048572		0		1048572
[20:42:49]		1048572		0		1048572
[20:42:52]		1048572		0		1048572
[20:42:55]		1048572		0		1048572
[20:42:58]		1048572		0		1048572
[20:43:01]		1048572		0		1048572
[20:43:04]		1048572		0		1048572
[20:43:07]		1048572		0		1048572
[20:43:10]		1048572		0		1048572
[20:43:13]		1048572		0		1048572
[20:43:16]		1048572		0		1048572
[20:43:19]		1048572		0		1048572
[20:43:22]		1048572		0		1048572
[20:43:25]		1048572		0		1048572
[20:43:28]		1048572		0		1048572
[20:43:31]		1048572		0		1048572
[20:43:34]		1048572		0		1048572
[20:43:37]		1048572		0		1048572
[20:43:40]		1048572		0		1048572
[20:43:43]		1048572		0		1048572
[20:43:46]		1048572		0		1048572
[20:43:49]		1048572		0		1048572
[20:43:52]		1048572		0		1048572
[20:43:55]		1048572		0		1048572
[20:43:58]		1048572		0		1048572
[20:44:01]		1048572		0		1048572
[20:44:04]		1048572		0		1048572
[20:44:07]		1048572		0		1048572
[20:44:10]		1048572		0		1048572
[20:44:13]		1048572		0		1048572
[20:44:16]		1048572		0		1048572
[20:44:19]		1048572		0		1048572
[20:44:22]		1048572		0		1048572
[20:44:25]		1048572		0		1048572
[20:44:28]		1048572		0		1048572
[20:44:31]		1048572		0		1048572
[20:44:34]		1048572		0		1048572
[20:44:37]		1048572		0		1048572
[20:44:40]		1048572		0		1048572
[20:44:43]		1048572		0		1048572
[20:44:46]		1048572		0		1048572
[20:44:49]		1048572		0		1048572
[20:44:52]		1048572		0		1048572
[20:44:55]		1048572		0		1048572
[20:44:58]		1048572		0		1048572
[20:45:01]		1048572		0		1048572
[20:45:04]		1048572		0		1048572
[20:45:07]		1048572		0		1048572
[20:45:10]		1048572		0		1048572
[20:45:13]		1048572		0		1048572
[20:45:16]		1048572		0		1048572
[20:45:19]		1048572		0		1048572
[20:45:22]		1048572		0		1048572
[20:45:25]		1048572		0		1048572
[20:45:28]		1048572		0		1048572
[20:45:31]		1048572		0		1048572
[20:45:34]		1048572		0		1048572
[20:45:37]		1048572		0		1048572
[20:45:40]		1048572		0		1048572
[20:45:43]		1048572		0		1048572
[20:45:46]		1048572		0		1048572
[20:45:49]		1048572		0		1048572
[20:45:52]		1048572		0		1048572
[20:45:55]		1048572		0		1048572
[20:45:58]		1048572		0		1048572
[20:46:01]		1048572		0		1048572
[20:46:04]		1048572		0		1048572
[20:46:07]		1048572		0		1048572
[20:46:10]		1048572		0		1048572
[20:46:13]		1048572		0		1048572
[20:46:16]		1048572		0		1048572
[20:46:19]		1048572		0		1048572
[20:46:22]		1048572		0		1048572
[20:46:25]		1048572		0		1048572
[20:46:29]		1048572		0		1048572
[20:46:32]		1048572		0		1048572
[20:46:35]		1048572		0		1048572
[20:46:38]		1048572		0		1048572
[20:46:41]		1048572		0		1048572
[20:46:44]		1048572		0		1048572
[20:46:47]		1048572		0		1048572
[20:46:50]		1048572		0		1048572
[20:46:53]		1048572		0		1048572
[20:46:56]		1048572		0		1048572
[20:46:59]		1048572		0		1048572
[20:47:02]		1048572		0		1048572
[20:47:05]		1048572		0		1048572
[20:47:08]		1048572		0		1048572
[20:47:11]		1048572		0		1048572
[20:47:14]		1048572		0		1048572
[20:47:17]		1048572		0		1048572
[20:47:20]		1048572		0		1048572
[20:47:23]		1048572		0		1048572
[20:47:26]		1048572		0		1048572
[20:47:29]		1048572		0		1048572
[20:47:32]		1048572		0		1048572
[20:47:35]		1048572		0		1048572
[20:47:38]		1048572		0		1048572
[20:47:41]		1048572		0		1048572
[20:47:44]		1048572		0		1048572
[20:47:47]		1048572		0		1048572
[20:47:50]		1048572		0		1048572
[20:47:53]		1048572		0		1048572
[20:47:56]		1048572		0		1048572
[20:47:59]		1048572		0		1048572
[20:48:02]		1048572		0		1048572
[20:48:05]		1048572		0		1048572
[20:48:08]		1048572		0		1048572
[20:48:11]		1048572		0		1048572
[20:48:14]		1048572		0		1048572
[20:48:17]		1048572		0		1048572
[20:48:20]		1048572		0		1048572
[20:48:23]		1048572		0		1048572
[20:48:26]		1048572		0		1048572
[20:48:29]		1048572		0		1048572
[20:48:32]		1048572		0		1048572
[20:48:35]		1048572		0		1048572
[20:48:38]		1048572		0		1048572
[20:48:41]		1048572		0		1048572
[20:48:44]		1048572		0		1048572
[20:48:47]		1048572		0		1048572
[20:48:50]		1048572		0		1048572
[20:48:53]		1048572		0		1048572
[20:48:56]		1048572		0		1048572
[20:48:59]		1048572		0		1048572
[20:49:02]		1048572		0		1048572
[20:49:05]		1048572		0		1048572
[20:49:08]		1048572		0		1048572
[20:49:11]		1048572		0		1048572
[20:49:14]		1048572		0		1048572
[20:49:17]		1048572		0		1048572
[20:49:20]		1048572		0		1048572
[20:49:23]		1048572		0		1048572
[20:49:26]		1048572		0		1048572
[20:49:29]		1048572		0		1048572
[20:49:32]		1048572		0		1048572
[20:49:35]		1048572		0		1048572
[20:49:38]		1048572		0		1048572
[20:49:41]		1048572		0		1048572
[20:49:44]		1048572		0		1048572
[20:49:47]		1048572		0		1048572
[20:49:50]		1048572		0		1048572
[20:49:53]		1048572		0		1048572
[20:49:56]		1048572		0		1048572
[20:49:59]		1048572		0		1048572
[20:50:02]		1048572		0		1048572
[20:50:05]		1048572		0		1048572
[20:50:08]		1048572		0		1048572
[20:50:11]		1048572		0		1048572
[20:50:14]		1048572		0		1048572
[20:50:17]		1048572		0		1048572
[20:50:20]		1048572		0		1048572
[20:50:23]		1048572		0		1048572
[20:50:26]		1048572		0		1048572
[20:50:29]		1048572		0		1048572
[20:50:32]		1048572		0		1048572
[20:50:35]		1048572		0		1048572
[20:50:38]		1048572		0		1048572
[20:50:41]		1048572		0		1048572
[20:50:44]		1048572		0		1048572
[20:50:47]		1048572		0		1048572
[20:50:50]		1048572		0		1048572
[20:50:53]		1048572		0		1048572
[20:50:56]		1048572		0		1048572
[20:50:59]		1048572		0		1048572
[20:51:02]		1048572		0		1048572
[20:51:05]		1048572		0		1048572
[20:51:08]		1048572		0		1048572
[20:51:11]		1048572		0		1048572
[20:51:14]		1048572		0		1048572
[20:51:17]		1048572		0		1048572
[20:51:20]		1048572		0		1048572
[20:51:23]		1048572		0		1048572
[20:51:26]		1048572		0		1048572
[20:51:29]		1048572		0		1048572
[20:51:32]		1048572		0		1048572
[20:51:35]		1048572		0		1048572
[20:51:38]		1048572		0		1048572
[20:51:41]		1048572		0		1048572
[20:51:44]		1048572		0		1048572
[20:51:47]		1048572		0		1048572
[20:51:50]		1048572		0		1048572
[20:51:53]		1048572		0		1048572
[20:51:56]		1048572		0		1048572
[20:51:59]		1048572		0		1048572
[20:52:02]		1048572		0		1048572
[20:52:05]		1048572		0		1048572
[20:52:08]		1048572		0		1048572
[20:52:11]		1048572		0		1048572
[20:52:14]		1048572		0		1048572
[20:52:17]		1048572		0		1048572
[20:52:20]		1048572		0		1048572
[20:52:23]		1048572		0		1048572
[20:52:26]		1048572		0		1048572
[20:52:29]		1048572		0		1048572
[20:52:32]		1048572		0		1048572
[20:52:35]		1048572		0		1048572
[20:52:38]		1048572		0		1048572
[20:52:41]		1048572		0		1048572
[20:52:44]		1048572		0		1048572
[20:52:47]		1048572		0		1048572
[20:52:50]		1048572		0		1048572
[20:52:53]		1048572		0		1048572
[20:52:56]		1048572		0		1048572
[20:52:59]		1048572		0		1048572
[20:53:02]		1048572		0		1048572
[20:53:05]		1048572		0		1048572
[20:53:08]		1048572		0		1048572
[20:53:11]		1048572		0		1048572
[20:53:14]		1048572		0		1048572
[20:53:17]		1048572		0		1048572
[20:53:20]		1048572		0		1048572
[20:53:23]		1048572		0		1048572
[20:53:26]		1048572		0		1048572
[20:53:29]		1048572		0		1048572
[20:53:32]		1048572		0		1048572
[20:53:35]		1048572		0		1048572
[20:53:38]		1048572		0		1048572
[20:53:41]		1048572		0		1048572
[20:53:44]		1048572		0		1048572
[20:53:47]		1048572		0		1048572
[20:53:50]		1048572		0		1048572
[20:53:53]		1048572		0		1048572
[20:53:56]		1048572		0		1048572
[20:53:59]		1048572		0		1048572
[20:54:02]		1048572		0		1048572
[20:54:05]		1048572		0		1048572
[20:54:08]		1048572		0		1048572
[20:54:11]		1048572		0		1048572
[20:54:14]		1048572		0		1048572
[20:54:17]		1048572		0		1048572
[20:54:20]		1048572		0		1048572
[20:54:23]		1048572		0		1048572
[20:54:26]		1048572		0		1048572
[20:54:29]		1048572		0		1048572
[20:54:32]		1048572		0		1048572
[20:54:35]		1048572		0		1048572
[20:54:38]		1048572		0		1048572
[20:54:41]		1048572		0		1048572
[20:54:44]		1048572		0		1048572
[20:54:47]		1048572		0		1048572
[20:54:50]		1048572		0		1048572
[20:54:53]		1048572		0		1048572
