record in kb
time		total		used		free
[09:35:38]		1048572		1356		1047216
[09:35:41]		1048572		1356		1047216
[09:35:44]		1048572		1356		1047216
[09:35:47]		1048572		1356		1047216
[09:35:50]		1048572		1356		1047216
[09:35:53]		1048572		1356		1047216
[09:35:56]		1048572		1356		1047216
[09:35:59]		1048572		1356		1047216
[09:36:02]		1048572		1356		1047216
[09:36:05]		1048572		1356		1047216
[09:36:08]		1048572		1356		1047216
[09:36:11]		1048572		1356		1047216
[09:36:14]		1048572		1356		1047216
[09:36:17]		1048572		1356		1047216
[09:36:20]		1048572		1356		1047216
[09:36:23]		1048572		1356		1047216
[09:36:26]		1048572		1356		1047216
[09:36:29]		1048572		1356		1047216
[09:36:32]		1048572		1356		1047216
[09:36:35]		1048572		1356		1047216
[09:36:38]		1048572		1356		1047216
[09:36:41]		1048572		1356		1047216
[09:36:44]		1048572		1356		1047216
[09:36:47]		1048572		1356		1047216
[09:36:50]		1048572		1356		1047216
[09:36:53]		1048572		1356		1047216
[09:36:56]		1048572		1356		1047216
[09:36:59]		1048572		1356		1047216
[09:37:02]		1048572		1356		1047216
[09:37:05]		1048572		1356		1047216
[09:37:08]		1048572		1356		1047216
[09:37:11]		1048572		1356		1047216
[09:37:14]		1048572		1356		1047216
[09:37:17]		1048572		1356		1047216
[09:37:20]		1048572		1356		1047216
[09:37:23]		1048572		1356		1047216
[09:37:26]		1048572		1356		1047216
[09:37:29]		1048572		1356		1047216
[09:37:32]		1048572		1356		1047216
[09:37:35]		1048572		1356		1047216
[09:37:38]		1048572		1356		1047216
[09:37:41]		1048572		1356		1047216
[09:37:44]		1048572		1356		1047216
[09:37:47]		1048572		1356		1047216
[09:37:50]		1048572		1356		1047216
[09:37:53]		1048572		1356		1047216
[09:37:56]		1048572		1356		1047216
[09:37:59]		1048572		1356		1047216
[09:38:02]		1048572		1356		1047216
[09:38:05]		1048572		1356		1047216
[09:38:08]		1048572		1356		1047216
[09:38:11]		1048572		1356		1047216
[09:38:14]		1048572		1356		1047216
[09:38:17]		1048572		1356		1047216
[09:38:20]		1048572		1356		1047216
[09:38:23]		1048572		1356		1047216
[09:38:26]		1048572		1356		1047216
[09:38:29]		1048572		1356		1047216
[09:38:32]		1048572		1356		1047216
[09:38:35]		1048572		1356		1047216
[09:38:38]		1048572		1356		1047216
[09:38:41]		1048572		1356		1047216
[09:38:44]		1048572		1356		1047216
[09:38:47]		1048572		1356		1047216
[09:38:50]		1048572		1356		1047216
[09:38:53]		1048572		1356		1047216
[09:38:56]		1048572		1356		1047216
[09:38:59]		1048572		1356		1047216
[09:39:02]		1048572		1356		1047216
[09:39:05]		1048572		1356		1047216
[09:39:08]		1048572		1356		1047216
[09:39:11]		1048572		1356		1047216
[09:39:14]		1048572		1356		1047216
[09:39:17]		1048572		1356		1047216
[09:39:20]		1048572		1356		1047216
[09:39:23]		1048572		1356		1047216
[09:39:26]		1048572		1356		1047216
[09:39:29]		1048572		1356		1047216
[09:39:32]		1048572		1356		1047216
[09:39:35]		1048572		1356		1047216
[09:39:38]		1048572		1356		1047216
[09:39:41]		1048572		1356		1047216
[09:39:44]		1048572		1356		1047216
[09:39:47]		1048572		1356		1047216
[09:39:50]		1048572		1356		1047216
[09:39:53]		1048572		1356		1047216
[09:39:56]		1048572		1356		1047216
[09:39:59]		1048572		1356		1047216
[09:40:02]		1048572		1356		1047216
[09:40:05]		1048572		1356		1047216
[09:40:08]		1048572		1356		1047216
[09:40:11]		1048572		1356		1047216
[09:40:14]		1048572		1356		1047216
[09:40:17]		1048572		1356		1047216
[09:40:20]		1048572		1356		1047216
[09:40:23]		1048572		1356		1047216
[09:40:26]		1048572		1356		1047216
[09:40:29]		1048572		1356		1047216
[09:40:32]		1048572		1356		1047216
[09:40:35]		1048572		1356		1047216
[09:40:38]		1048572		1356		1047216
[09:40:41]		1048572		1356		1047216
[09:40:44]		1048572		1356		1047216
[09:40:47]		1048572		1356		1047216
[09:40:50]		1048572		1356		1047216
[09:40:53]		1048572		1356		1047216
[09:40:56]		1048572		1356		1047216
[09:40:59]		1048572		1356		1047216
[09:41:02]		1048572		1356		1047216
[09:41:05]		1048572		1356		1047216
[09:41:08]		1048572		1356		1047216
[09:41:11]		1048572		1356		1047216
[09:41:14]		1048572		1356		1047216
[09:41:17]		1048572		1356		1047216
[09:41:20]		1048572		1356		1047216
[09:41:23]		1048572		1356		1047216
[09:41:26]		1048572		1356		1047216
[09:41:29]		1048572		1356		1047216
[09:41:32]		1048572		1356		1047216
[09:41:35]		1048572		1356		1047216
[09:41:38]		1048572		1356		1047216
[09:41:41]		1048572		1356		1047216
[09:41:44]		1048572		1356		1047216
[09:41:47]		1048572		1356		1047216
[09:41:50]		1048572		1356		1047216
[09:41:53]		1048572		1356		1047216
[09:41:56]		1048572		1356		1047216
[09:41:59]		1048572		1356		1047216
[09:42:02]		1048572		1356		1047216
[09:42:05]		1048572		1356		1047216
[09:42:08]		1048572		1356		1047216
[09:42:11]		1048572		1356		1047216
[09:42:14]		1048572		1356		1047216
[09:42:17]		1048572		1356		1047216
[09:42:20]		1048572		1356		1047216
[09:42:23]		1048572		1356		1047216
[09:42:26]		1048572		1356		1047216
[09:42:29]		1048572		1356		1047216
[09:42:32]		1048572		1356		1047216
[09:42:35]		1048572		1356		1047216
[09:42:38]		1048572		1356		1047216
[09:42:41]		1048572		1356		1047216
[09:42:44]		1048572		1356		1047216
[09:42:47]		1048572		1356		1047216
[09:42:50]		1048572		1356		1047216
[09:42:53]		1048572		1356		1047216
[09:42:56]		1048572		1356		1047216
[09:42:59]		1048572		1356		1047216
[09:43:02]		1048572		1356		1047216
[09:43:05]		1048572		1356		1047216
[09:43:08]		1048572		1356		1047216
[09:43:11]		1048572		1356		1047216
[09:43:14]		1048572		1356		1047216
[09:43:17]		1048572		1356		1047216
[09:43:20]		1048572		1356		1047216
[09:43:23]		1048572		1356		1047216
[09:43:26]		1048572		1356		1047216
[09:43:29]		1048572		1356		1047216
[09:43:32]		1048572		1356		1047216
[09:43:35]		1048572		1356		1047216
[09:43:38]		1048572		1356		1047216
[09:43:41]		1048572		1356		1047216
[09:43:44]		1048572		1356		1047216
[09:43:47]		1048572		1356		1047216
[09:43:50]		1048572		1356		1047216
[09:43:53]		1048572		1356		1047216
[09:43:56]		1048572		1356		1047216
[09:43:59]		1048572		1356		1047216
[09:44:02]		1048572		1356		1047216
[09:44:05]		1048572		1356		1047216
[09:44:08]		1048572		1356		1047216
[09:44:11]		1048572		1356		1047216
[09:44:14]		1048572		1356		1047216
[09:44:17]		1048572		1356		1047216
[09:44:20]		1048572		1356		1047216
[09:44:23]		1048572		1356		1047216
[09:44:26]		1048572		1356		1047216
[09:44:29]		1048572		1356		1047216
[09:44:32]		1048572		1356		1047216
[09:44:35]		1048572		1356		1047216
[09:44:38]		1048572		1356		1047216
[09:44:41]		1048572		1356		1047216
[09:44:44]		1048572		1356		1047216
[09:44:47]		1048572		1356		1047216
[09:44:50]		1048572		1356		1047216
[09:44:53]		1048572		1356		1047216
[09:44:56]		1048572		1356		1047216
[09:44:59]		1048572		1356		1047216
[09:45:02]		1048572		1356		1047216
[09:45:05]		1048572		1356		1047216
[09:45:08]		1048572		1356		1047216
[09:45:11]		1048572		1356		1047216
[09:45:14]		1048572		1356		1047216
[09:45:17]		1048572		1356		1047216
[09:45:20]		1048572		1356		1047216
[09:45:23]		1048572		1356		1047216
[09:45:26]		1048572		1356		1047216
[09:45:29]		1048572		1356		1047216
[09:45:32]		1048572		1356		1047216
[09:45:35]		1048572		1356		1047216
[09:45:38]		1048572		1356		1047216
[09:45:41]		1048572		1356		1047216
[09:45:44]		1048572		1356		1047216
[09:45:47]		1048572		1356		1047216
[09:45:50]		1048572		1356		1047216
[09:45:53]		1048572		1356		1047216
[09:45:56]		1048572		1356		1047216
[09:45:59]		1048572		1356		1047216
[09:46:02]		1048572		1356		1047216
[09:46:05]		1048572		1356		1047216
[09:46:08]		1048572		1356		1047216
[09:46:11]		1048572		1356		1047216
[09:46:14]		1048572		1356		1047216
[09:46:17]		1048572		1356		1047216
[09:46:20]		1048572		1356		1047216
[09:46:23]		1048572		1356		1047216
[09:46:26]		1048572		1356		1047216
[09:46:29]		1048572		1356		1047216
[09:46:32]		1048572		1356		1047216
[09:46:35]		1048572		1356		1047216
[09:46:38]		1048572		1356		1047216
[09:46:41]		1048572		1356		1047216
[09:46:44]		1048572		1356		1047216
[09:46:47]		1048572		1356		1047216
[09:46:50]		1048572		1356		1047216
[09:46:53]		1048572		1356		1047216
[09:46:56]		1048572		1356		1047216
[09:46:59]		1048572		1356		1047216
[09:47:02]		1048572		1356		1047216
[09:47:05]		1048572		1356		1047216
[09:47:08]		1048572		1356		1047216
[09:47:11]		1048572		1356		1047216
[09:47:14]		1048572		1356		1047216
[09:47:17]		1048572		1356		1047216
[09:47:20]		1048572		1356		1047216
[09:47:23]		1048572		1356		1047216
[09:47:26]		1048572		1356		1047216
[09:47:29]		1048572		1356		1047216
[09:47:32]		1048572		1356		1047216
[09:47:35]		1048572		1356		1047216
[09:47:38]		1048572		1356		1047216
[09:47:41]		1048572		1356		1047216
[09:47:44]		1048572		1356		1047216
[09:47:47]		1048572		1356		1047216
[09:47:50]		1048572		1356		1047216
[09:47:53]		1048572		1356		1047216
[09:47:56]		1048572		1356		1047216
[09:47:59]		1048572		1356		1047216
[09:48:02]		1048572		1356		1047216
[09:48:05]		1048572		1356		1047216
[09:48:08]		1048572		1356		1047216
[09:48:11]		1048572		1356		1047216
[09:48:14]		1048572		1356		1047216
[09:48:17]		1048572		1356		1047216
[09:48:20]		1048572		1356		1047216
[09:48:23]		1048572		1356		1047216
[09:48:26]		1048572		1356		1047216
[09:48:29]		1048572		1356		1047216
[09:48:32]		1048572		1356		1047216
[09:48:35]		1048572		1356		1047216
[09:48:38]		1048572		1356		1047216
[09:48:41]		1048572		1356		1047216
[09:48:44]		1048572		1356		1047216
[09:48:47]		1048572		1356		1047216
[09:48:50]		1048572		1356		1047216
[09:48:53]		1048572		1356		1047216
[09:48:56]		1048572		1356		1047216
[09:48:59]		1048572		1356		1047216
[09:49:02]		1048572		1356		1047216
[09:49:05]		1048572		1356		1047216
[09:49:08]		1048572		1356		1047216
[09:49:11]		1048572		1356		1047216
[09:49:14]		1048572		1356		1047216
[09:49:17]		1048572		1356		1047216
[09:49:20]		1048572		1356		1047216
[09:49:23]		1048572		1356		1047216
[09:49:26]		1048572		1356		1047216
[09:49:29]		1048572		1356		1047216
[09:49:32]		1048572		1356		1047216
[09:49:35]		1048572		1356		1047216
[09:49:38]		1048572		1356		1047216
[09:49:41]		1048572		1356		1047216
[09:49:44]		1048572		1356		1047216
[09:49:47]		1048572		1356		1047216
[09:49:50]		1048572		1356		1047216
[09:49:53]		1048572		1356		1047216
[09:49:56]		1048572		1356		1047216
[09:49:59]		1048572		1356		1047216
[09:50:02]		1048572		1356		1047216
[09:50:05]		1048572		1356		1047216
[09:50:08]		1048572		1356		1047216
[09:50:11]		1048572		1356		1047216
[09:50:14]		1048572		1356		1047216
[09:50:17]		1048572		1356		1047216
[09:50:20]		1048572		1356		1047216
[09:50:23]		1048572		1356		1047216
[09:50:26]		1048572		1356		1047216
[09:50:29]		1048572		1356		1047216
[09:50:32]		1048572		1356		1047216
[09:50:35]		1048572		1356		1047216
[09:50:38]		1048572		1356		1047216
[09:50:41]		1048572		1356		1047216
[09:50:44]		1048572		1356		1047216
[09:50:47]		1048572		1356		1047216
[09:50:50]		1048572		1356		1047216
[09:50:53]		1048572		1356		1047216
[09:50:56]		1048572		1356		1047216
[09:50:59]		1048572		1356		1047216
[09:51:02]		1048572		1356		1047216
[09:51:05]		1048572		1356		1047216
[09:51:08]		1048572		1356		1047216
[09:51:11]		1048572		1356		1047216
[09:51:14]		1048572		1356		1047216
[09:51:17]		1048572		1356		1047216
[09:51:20]		1048572		1356		1047216
[09:51:23]		1048572		1356		1047216
[09:51:26]		1048572		1356		1047216
[09:51:29]		1048572		1356		1047216
[09:51:32]		1048572		1360		1047212
[09:51:35]		1048572		1360		1047212
[09:51:38]		1048572		1360		1047212
[09:51:41]		1048572		1360		1047212
[09:51:44]		1048572		1360		1047212
[09:51:47]		1048572		1360		1047212
[09:51:50]		1048572		1360		1047212
[09:51:53]		1048572		1360		1047212
[09:51:56]		1048572		1360		1047212
[09:51:59]		1048572		1360		1047212
[09:52:02]		1048572		1360		1047212
[09:52:05]		1048572		1360		1047212
[09:52:08]		1048572		1360		1047212
[09:52:11]		1048572		1360		1047212
[09:52:14]		1048572		1360		1047212
[09:52:17]		1048572		1360		1047212
[09:52:20]		1048572		1360		1047212
[09:52:23]		1048572		1360		1047212
[09:52:26]		1048572		1360		1047212
[09:52:29]		1048572		1360		1047212
[09:52:32]		1048572		1360		1047212
[09:52:35]		1048572		1360		1047212
[09:52:38]		1048572		1360		1047212
[09:52:41]		1048572		1360		1047212
[09:52:44]		1048572		1360		1047212
[09:52:47]		1048572		1360		1047212
[09:52:50]		1048572		1360		1047212
[09:52:53]		1048572		1360		1047212
[09:52:56]		1048572		1360		1047212
[09:52:59]		1048572		1360		1047212
[09:53:02]		1048572		1360		1047212
[09:53:05]		1048572		1360		1047212
[09:53:08]		1048572		1360		1047212
[09:53:11]		1048572		1360		1047212
[09:53:14]		1048572		1360		1047212
[09:53:17]		1048572		1360		1047212
[09:53:20]		1048572		1360		1047212
[09:53:23]		1048572		1360		1047212
[09:53:26]		1048572		1360		1047212
[09:53:29]		1048572		1360		1047212
[09:53:32]		1048572		1360		1047212
[09:53:35]		1048572		1360		1047212
[09:53:38]		1048572		1360		1047212
[09:53:41]		1048572		1360		1047212
[09:53:44]		1048572		1360		1047212
[09:53:47]		1048572		1360		1047212
[09:53:50]		1048572		1360		1047212
[09:53:53]		1048572		1360		1047212
[09:53:56]		1048572		1360		1047212
[09:53:59]		1048572		1360		1047212
[09:54:02]		1048572		1360		1047212
[09:54:05]		1048572		1360		1047212
[09:54:08]		1048572		1360		1047212
[09:54:11]		1048572		1360		1047212
[09:54:14]		1048572		1360		1047212
[09:54:17]		1048572		1360		1047212
[09:54:20]		1048572		1360		1047212
[09:54:23]		1048572		1360		1047212
[09:54:26]		1048572		1360		1047212
[09:54:29]		1048572		1360		1047212
[09:54:32]		1048572		1360		1047212
[09:54:35]		1048572		1360		1047212
[09:54:38]		1048572		1360		1047212
[09:54:41]		1048572		1360		1047212
[09:54:44]		1048572		1360		1047212
[09:54:47]		1048572		1360		1047212
[09:54:50]		1048572		1360		1047212
[09:54:53]		1048572		1360		1047212
[09:54:56]		1048572		1360		1047212
[09:54:59]		1048572		1360		1047212
[09:55:02]		1048572		1360		1047212
[09:55:05]		1048572		1360		1047212
[09:55:08]		1048572		1360		1047212
[09:55:11]		1048572		1360		1047212
[09:55:14]		1048572		1360		1047212
[09:55:17]		1048572		1360		1047212
[09:55:20]		1048572		1360		1047212
[09:55:23]		1048572		1360		1047212
[09:55:26]		1048572		1360		1047212
[09:55:29]		1048572		1360		1047212
[09:55:32]		1048572		1360		1047212
[09:55:35]		1048572		1360		1047212
[09:55:38]		1048572		1360		1047212
[09:55:41]		1048572		1360		1047212
[09:55:44]		1048572		1360		1047212
[09:55:47]		1048572		1360		1047212
[09:55:50]		1048572		1360		1047212
[09:55:53]		1048572		1360		1047212
[09:55:56]		1048572		1360		1047212
[09:55:59]		1048572		1360		1047212
[09:56:02]		1048572		1360		1047212
[09:56:05]		1048572		1360		1047212
[09:56:08]		1048572		1360		1047212
[09:56:11]		1048572		1360		1047212
[09:56:14]		1048572		1360		1047212
[09:56:17]		1048572		1360		1047212
[09:56:20]		1048572		1360		1047212
[09:56:23]		1048572		1360		1047212
[09:56:26]		1048572		1360		1047212
[09:56:29]		1048572		1360		1047212
[09:56:32]		1048572		1360		1047212
[09:56:35]		1048572		1360		1047212
[09:56:38]		1048572		1360		1047212
[09:56:41]		1048572		1360		1047212
[09:56:44]		1048572		1360		1047212
[09:56:47]		1048572		1360		1047212
[09:56:50]		1048572		1360		1047212
[09:56:53]		1048572		1360		1047212
[09:56:56]		1048572		1360		1047212
[09:56:59]		1048572		1360		1047212
[09:57:02]		1048572		1360		1047212
[09:57:05]		1048572		1360		1047212
[09:57:08]		1048572		1360		1047212
[09:57:11]		1048572		1360		1047212
[09:57:14]		1048572		1360		1047212
[09:57:17]		1048572		1360		1047212
[09:57:20]		1048572		1360		1047212
[09:57:23]		1048572		1360		1047212
[09:57:26]		1048572		1360		1047212
[09:57:29]		1048572		1360		1047212
[09:57:32]		1048572		1360		1047212
[09:57:35]		1048572		1360		1047212
[09:57:38]		1048572		1360		1047212
[09:57:41]		1048572		1360		1047212
[09:57:44]		1048572		1360		1047212
[09:57:47]		1048572		1360		1047212
[09:57:50]		1048572		1360		1047212
[09:57:53]		1048572		1360		1047212
[09:57:56]		1048572		1360		1047212
[09:57:59]		1048572		1360		1047212
[09:58:02]		1048572		1360		1047212
[09:58:05]		1048572		1360		1047212
[09:58:08]		1048572		1360		1047212
[09:58:11]		1048572		1360		1047212
[09:58:14]		1048572		1360		1047212
[09:58:17]		1048572		1360		1047212
[09:58:20]		1048572		1360		1047212
[09:58:23]		1048572		1360		1047212
[09:58:26]		1048572		1360		1047212
[09:58:29]		1048572		1360		1047212
[09:58:32]		1048572		1360		1047212
[09:58:35]		1048572		1360		1047212
[09:58:38]		1048572		1360		1047212
[09:58:41]		1048572		1360		1047212
[09:58:44]		1048572		1360		1047212
[09:58:47]		1048572		1360		1047212
[09:58:50]		1048572		1360		1047212
[09:58:53]		1048572		1360		1047212
[09:58:56]		1048572		1360		1047212
[09:58:59]		1048572		1360		1047212
[09:59:02]		1048572		1360		1047212
[09:59:05]		1048572		1360		1047212
[09:59:08]		1048572		1360		1047212
[09:59:11]		1048572		1360		1047212
[09:59:14]		1048572		1360		1047212
[09:59:17]		1048572		1360		1047212
[09:59:20]		1048572		1360		1047212
[09:59:23]		1048572		1360		1047212
[09:59:26]		1048572		1360		1047212
[09:59:29]		1048572		1360		1047212
[09:59:32]		1048572		1360		1047212
[09:59:35]		1048572		1360		1047212
[09:59:38]		1048572		1360		1047212
[09:59:41]		1048572		1360		1047212
[09:59:44]		1048572		1360		1047212
[09:59:47]		1048572		1360		1047212
[09:59:50]		1048572		1360		1047212
[09:59:53]		1048572		1360		1047212
[09:59:56]		1048572		1360		1047212
[09:59:59]		1048572		1360		1047212
[10:00:02]		1048572		1360		1047212
[10:00:05]		1048572		1360		1047212
[10:00:08]		1048572		1360		1047212
[10:00:11]		1048572		1360		1047212
[10:00:14]		1048572		1360		1047212
[10:00:17]		1048572		1360		1047212
[10:00:20]		1048572		1360		1047212
[10:00:23]		1048572		1360		1047212
[10:00:26]		1048572		1360		1047212
[10:00:29]		1048572		1360		1047212
[10:00:32]		1048572		1360		1047212
[10:00:35]		1048572		1360		1047212
[10:00:38]		1048572		1360		1047212
[10:00:41]		1048572		1360		1047212
[10:00:44]		1048572		1360		1047212
[10:00:47]		1048572		1360		1047212
[10:00:50]		1048572		1360		1047212
[10:00:53]		1048572		1360		1047212
[10:00:56]		1048572		1360		1047212
[10:00:59]		1048572		1360		1047212
[10:01:02]		1048572		1360		1047212
[10:01:05]		1048572		1360		1047212
[10:01:08]		1048572		1360		1047212
[10:01:12]		1048572		1360		1047212
[10:01:15]		1048572		1360		1047212
[10:01:18]		1048572		1360		1047212
[10:01:21]		1048572		1360		1047212
[10:01:24]		1048572		1360		1047212
[10:01:27]		1048572		1360		1047212
[10:01:30]		1048572		1360		1047212
[10:01:33]		1048572		1360		1047212
[10:01:36]		1048572		1360		1047212
[10:01:39]		1048572		1360		1047212
[10:01:42]		1048572		1360		1047212
[10:01:45]		1048572		1360		1047212
[10:01:48]		1048572		1360		1047212
[10:01:51]		1048572		1360		1047212
[10:01:54]		1048572		1360		1047212
[10:01:57]		1048572		1360		1047212
[10:02:00]		1048572		1360		1047212
[10:02:03]		1048572		1360		1047212
[10:02:06]		1048572		1360		1047212
[10:02:09]		1048572		1360		1047212
[10:02:12]		1048572		1360		1047212
[10:02:15]		1048572		1360		1047212
[10:02:18]		1048572		1360		1047212
[10:02:21]		1048572		1360		1047212
[10:02:24]		1048572		1360		1047212
[10:02:27]		1048572		1360		1047212
[10:02:30]		1048572		1360		1047212
[10:02:33]		1048572		1360		1047212
[10:02:36]		1048572		1360		1047212
[10:02:39]		1048572		1360		1047212
[10:02:42]		1048572		1360		1047212
[10:02:45]		1048572		1360		1047212
[10:02:48]		1048572		1360		1047212
[10:02:51]		1048572		1360		1047212
[10:02:54]		1048572		1360		1047212
[10:02:57]		1048572		1360		1047212
[10:03:00]		1048572		1360		1047212
[10:03:03]		1048572		1360		1047212
[10:03:06]		1048572		1360		1047212
[10:03:09]		1048572		1360		1047212
[10:03:12]		1048572		1360		1047212
[10:03:15]		1048572		1360		1047212
[10:03:18]		1048572		1360		1047212
[10:03:21]		1048572		1360		1047212
[10:03:24]		1048572		1360		1047212
[10:03:27]		1048572		1360		1047212
[10:03:30]		1048572		1360		1047212
[10:03:33]		1048572		1360		1047212
[10:03:36]		1048572		1360		1047212
[10:03:39]		1048572		1360		1047212
[10:03:42]		1048572		1360		1047212
[10:03:45]		1048572		1360		1047212
[10:03:48]		1048572		1360		1047212
[10:03:51]		1048572		1360		1047212
[10:03:54]		1048572		1360		1047212
[10:03:57]		1048572		1360		1047212
[10:04:00]		1048572		1360		1047212
[10:04:03]		1048572		1360		1047212
[10:04:06]		1048572		1360		1047212
[10:04:09]		1048572		1360		1047212
[10:04:12]		1048572		1360		1047212
[10:04:15]		1048572		1360		1047212
[10:04:18]		1048572		1360		1047212
[10:04:21]		1048572		1360		1047212
[10:04:24]		1048572		1360		1047212
[10:04:27]		1048572		1360		1047212
[10:04:30]		1048572		1360		1047212
[10:04:33]		1048572		1360		1047212
[10:04:36]		1048572		1360		1047212
[10:04:39]		1048572		1360		1047212
[10:04:42]		1048572		1360		1047212
[10:04:45]		1048572		1360		1047212
[10:04:48]		1048572		1360		1047212
[10:04:51]		1048572		1360		1047212
[10:04:54]		1048572		1360		1047212
[10:04:57]		1048572		1360		1047212
[10:05:00]		1048572		1360		1047212
[10:05:03]		1048572		1360		1047212
[10:05:06]		1048572		1360		1047212
[10:05:09]		1048572		1360		1047212
[10:05:12]		1048572		1360		1047212
[10:05:15]		1048572		1360		1047212
[10:05:18]		1048572		1360		1047212
[10:05:21]		1048572		1360		1047212
[10:05:24]		1048572		1360		1047212
[10:05:27]		1048572		1360		1047212
[10:05:30]		1048572		1360		1047212
[10:05:33]		1048572		1360		1047212
[10:05:36]		1048572		1360		1047212
[10:05:39]		1048572		1360		1047212
[10:05:42]		1048572		1360		1047212
[10:05:45]		1048572		1360		1047212
[10:05:48]		1048572		1360		1047212
[10:05:51]		1048572		1360		1047212
[10:05:54]		1048572		1360		1047212
[10:05:57]		1048572		1360		1047212
[10:06:00]		1048572		1360		1047212
[10:06:03]		1048572		1360		1047212
[10:06:06]		1048572		1360		1047212
[10:06:09]		1048572		1360		1047212
[10:06:12]		1048572		1360		1047212
[10:06:15]		1048572		1360		1047212
[10:06:18]		1048572		1360		1047212
[10:06:21]		1048572		1360		1047212
[10:06:24]		1048572		1360		1047212
[10:06:27]		1048572		1360		1047212
[10:06:30]		1048572		1360		1047212
[10:06:33]		1048572		1360		1047212
[10:06:36]		1048572		1360		1047212
[10:06:39]		1048572		1360		1047212
[10:06:42]		1048572		1360		1047212
[10:06:45]		1048572		1360		1047212
[10:06:48]		1048572		1360		1047212
[10:06:51]		1048572		1360		1047212
[10:06:54]		1048572		1360		1047212
[10:06:57]		1048572		1360		1047212
[10:07:00]		1048572		1360		1047212
[10:07:03]		1048572		1360		1047212
[10:07:06]		1048572		1360		1047212
[10:07:09]		1048572		1360		1047212
[10:07:12]		1048572		1360		1047212
[10:07:15]		1048572		1360		1047212
[10:07:18]		1048572		1360		1047212
[10:07:21]		1048572		1360		1047212
[10:07:24]		1048572		1360		1047212
[10:07:27]		1048572		1360		1047212
[10:07:30]		1048572		1360		1047212
[10:07:33]		1048572		1360		1047212
[10:07:36]		1048572		1360		1047212
[10:07:39]		1048572		1360		1047212
[10:07:42]		1048572		1360		1047212
[10:07:45]		1048572		1360		1047212
[10:07:48]		1048572		1360		1047212
[10:07:51]		1048572		1360		1047212
[10:07:54]		1048572		1360		1047212
[10:07:57]		1048572		1360		1047212
[10:08:00]		1048572		1360		1047212
[10:08:03]		1048572		1360		1047212
[10:08:06]		1048572		1360		1047212
[10:08:09]		1048572		1360		1047212
[10:08:12]		1048572		1360		1047212
[10:08:15]		1048572		1360		1047212
[10:08:18]		1048572		1360		1047212
[10:08:21]		1048572		1360		1047212
[10:08:24]		1048572		1360		1047212
[10:08:27]		1048572		1360		1047212
[10:08:30]		1048572		1360		1047212
[10:08:33]		1048572		1360		1047212
[10:08:36]		1048572		1360		1047212
[10:08:39]		1048572		1360		1047212
[10:08:42]		1048572		1360		1047212
[10:08:45]		1048572		1360		1047212
[10:08:48]		1048572		1360		1047212
[10:08:51]		1048572		1360		1047212
[10:08:54]		1048572		1360		1047212
[10:08:57]		1048572		1360		1047212
[10:09:00]		1048572		1360		1047212
[10:09:03]		1048572		1360		1047212
[10:09:06]		1048572		1360		1047212
[10:09:09]		1048572		1360		1047212
[10:09:12]		1048572		1360		1047212
[10:09:15]		1048572		1360		1047212
[10:09:18]		1048572		1360		1047212
[10:09:21]		1048572		1360		1047212
[10:09:24]		1048572		1360		1047212
[10:09:27]		1048572		1360		1047212
[10:09:30]		1048572		1360		1047212
[10:09:33]		1048572		1360		1047212
[10:09:36]		1048572		1360		1047212
[10:09:39]		1048572		1360		1047212
[10:09:42]		1048572		1360		1047212
[10:09:45]		1048572		1360		1047212
[10:09:48]		1048572		1360		1047212
[10:09:51]		1048572		1360		1047212
[10:09:54]		1048572		1360		1047212
[10:09:57]		1048572		1360		1047212
[10:10:00]		1048572		1360		1047212
[10:10:03]		1048572		1360		1047212
[10:10:06]		1048572		1360		1047212
[10:10:09]		1048572		1360		1047212
[10:10:12]		1048572		1360		1047212
[10:10:15]		1048572		1360		1047212
[10:10:18]		1048572		1360		1047212
[10:10:21]		1048572		1360		1047212
[10:10:24]		1048572		1360		1047212
[10:10:27]		1048572		1360		1047212
[10:10:30]		1048572		1360		1047212
[10:10:33]		1048572		1360		1047212
[10:10:36]		1048572		1360		1047212
[10:10:39]		1048572		1360		1047212
[10:10:42]		1048572		1360		1047212
[10:10:45]		1048572		1360		1047212
[10:10:48]		1048572		1360		1047212
[10:10:51]		1048572		1360		1047212
[10:10:54]		1048572		1360		1047212
[10:10:57]		1048572		1360		1047212
[10:11:00]		1048572		1360		1047212
[10:11:03]		1048572		1360		1047212
[10:11:06]		1048572		1360		1047212
[10:11:09]		1048572		1360		1047212
[10:11:12]		1048572		1360		1047212
[10:11:15]		1048572		1360		1047212
[10:11:18]		1048572		1360		1047212
[10:11:21]		1048572		1360		1047212
[10:11:24]		1048572		1360		1047212
[10:11:27]		1048572		1360		1047212
[10:11:30]		1048572		1360		1047212
[10:11:33]		1048572		1360		1047212
[10:11:36]		1048572		1360		1047212
[10:11:39]		1048572		1360		1047212
[10:11:42]		1048572		1360		1047212
[10:11:45]		1048572		1360		1047212
[10:11:48]		1048572		1360		1047212
[10:11:51]		1048572		1360		1047212
[10:11:54]		1048572		1360		1047212
[10:11:57]		1048572		1360		1047212
[10:12:00]		1048572		1360		1047212
[10:12:03]		1048572		1360		1047212
[10:12:06]		1048572		1360		1047212
[10:12:09]		1048572		1360		1047212
[10:12:12]		1048572		1360		1047212
[10:12:15]		1048572		1360		1047212
[10:12:18]		1048572		1360		1047212
[10:12:21]		1048572		1360		1047212
[10:12:24]		1048572		1360		1047212
[10:12:27]		1048572		1360		1047212
[10:12:30]		1048572		1360		1047212
[10:12:33]		1048572		1360		1047212
[10:12:36]		1048572		1360		1047212
[10:12:39]		1048572		1360		1047212
[10:12:42]		1048572		1360		1047212
[10:12:45]		1048572		1360		1047212
[10:12:48]		1048572		1360		1047212
[10:12:51]		1048572		1360		1047212
[10:12:54]		1048572		1360		1047212
[10:12:57]		1048572		1360		1047212
[10:13:00]		1048572		1360		1047212
[10:13:03]		1048572		1360		1047212
[10:13:06]		1048572		1360		1047212
[10:13:09]		1048572		1360		1047212
[10:13:12]		1048572		1360		1047212
[10:13:15]		1048572		1360		1047212
[10:13:18]		1048572		1360		1047212
[10:13:21]		1048572		1360		1047212
[10:13:24]		1048572		1360		1047212
[10:13:27]		1048572		1360		1047212
[10:13:30]		1048572		1360		1047212
[10:13:33]		1048572		1360		1047212
[10:13:36]		1048572		1360		1047212
[10:13:39]		1048572		1360		1047212
[10:13:42]		1048572		1360		1047212
[10:13:45]		1048572		1360		1047212
[10:13:48]		1048572		1360		1047212
[10:13:51]		1048572		1360		1047212
[10:13:54]		1048572		1360		1047212
[10:13:57]		1048572		1360		1047212
[10:14:00]		1048572		1360		1047212
[10:14:03]		1048572		1360		1047212
[10:14:06]		1048572		1360		1047212
[10:14:09]		1048572		1360		1047212
[10:14:12]		1048572		1360		1047212
[10:14:15]		1048572		1360		1047212
[10:14:18]		1048572		1360		1047212
[10:14:21]		1048572		1360		1047212
[10:14:24]		1048572		1360		1047212
[10:14:27]		1048572		1360		1047212
[10:14:30]		1048572		1360		1047212
[10:14:33]		1048572		1360		1047212
[10:14:36]		1048572		1360		1047212
[10:14:39]		1048572		1360		1047212
[10:14:42]		1048572		1360		1047212
[10:14:45]		1048572		1360		1047212
[10:14:48]		1048572		1360		1047212
[10:14:51]		1048572		1360		1047212
[10:14:54]		1048572		1360		1047212
[10:14:57]		1048572		1360		1047212
[10:15:00]		1048572		1360		1047212
[10:15:03]		1048572		1360		1047212
[10:15:06]		1048572		1360		1047212
[10:15:09]		1048572		1360		1047212
[10:15:12]		1048572		1360		1047212
[10:15:15]		1048572		1360		1047212
[10:15:18]		1048572		1360		1047212
[10:15:21]		1048572		1360		1047212
[10:15:24]		1048572		1360		1047212
[10:15:27]		1048572		1360		1047212
[10:15:30]		1048572		1360		1047212
[10:15:33]		1048572		1360		1047212
[10:15:36]		1048572		1360		1047212
[10:15:39]		1048572		1360		1047212
[10:15:42]		1048572		1360		1047212
[10:15:45]		1048572		1360		1047212
[10:15:48]		1048572		1360		1047212
[10:15:51]		1048572		1360		1047212
[10:15:54]		1048572		1360		1047212
[10:15:57]		1048572		1360		1047212
[10:16:00]		1048572		1360		1047212
[10:16:03]		1048572		1360		1047212
[10:16:06]		1048572		1360		1047212
[10:16:09]		1048572		1360		1047212
[10:16:12]		1048572		1360		1047212
[10:16:15]		1048572		1360		1047212
[10:16:18]		1048572		1360		1047212
[10:16:21]		1048572		1360		1047212
[10:16:24]		1048572		1360		1047212
[10:16:27]		1048572		1360		1047212
[10:16:30]		1048572		1360		1047212
[10:16:33]		1048572		1360		1047212
[10:16:36]		1048572		1360		1047212
[10:16:39]		1048572		1360		1047212
[10:16:42]		1048572		1360		1047212
[10:16:45]		1048572		1360		1047212
[10:16:48]		1048572		1360		1047212
[10:16:51]		1048572		1360		1047212
[10:16:54]		1048572		1360		1047212
[10:16:57]		1048572		1360		1047212
[10:17:00]		1048572		1360		1047212
[10:17:03]		1048572		1360		1047212
[10:17:06]		1048572		1360		1047212
[10:17:09]		1048572		1360		1047212
[10:17:12]		1048572		1360		1047212
[10:17:15]		1048572		1360		1047212
[10:17:18]		1048572		1360		1047212
[10:17:21]		1048572		1360		1047212
[10:17:24]		1048572		1360		1047212
[10:17:27]		1048572		1360		1047212
[10:17:30]		1048572		1360		1047212
[10:17:33]		1048572		1360		1047212
[10:17:36]		1048572		1360		1047212
[10:17:39]		1048572		1360		1047212
[10:17:42]		1048572		1360		1047212
[10:17:45]		1048572		1360		1047212
[10:17:48]		1048572		1360		1047212
[10:17:51]		1048572		1360		1047212
[10:17:54]		1048572		1360		1047212
[10:17:57]		1048572		1360		1047212
[10:18:00]		1048572		1360		1047212
[10:18:03]		1048572		1360		1047212
[10:18:06]		1048572		1360		1047212
[10:18:09]		1048572		1360		1047212
[10:18:12]		1048572		1360		1047212
[10:18:15]		1048572		1360		1047212
[10:18:18]		1048572		1360		1047212
[10:18:21]		1048572		1360		1047212
[10:18:24]		1048572		1360		1047212
[10:18:27]		1048572		1360		1047212
[10:18:30]		1048572		1360		1047212
[10:18:33]		1048572		1360		1047212
[10:18:36]		1048572		1360		1047212
[10:18:39]		1048572		1360		1047212
[10:18:42]		1048572		1360		1047212
[10:18:45]		1048572		1360		1047212
[10:18:48]		1048572		1360		1047212
[10:18:51]		1048572		1360		1047212
[10:18:54]		1048572		1360		1047212
[10:18:57]		1048572		1360		1047212
[10:19:00]		1048572		1360		1047212
[10:19:03]		1048572		1360		1047212
[10:19:06]		1048572		1360		1047212
[10:19:09]		1048572		1360		1047212
[10:19:12]		1048572		1360		1047212
[10:19:15]		1048572		1360		1047212
[10:19:18]		1048572		1360		1047212
[10:19:21]		1048572		1360		1047212
[10:19:24]		1048572		1360		1047212
[10:19:27]		1048572		1360		1047212
[10:19:30]		1048572		1360		1047212
[10:19:33]		1048572		1360		1047212
[10:19:36]		1048572		1360		1047212
[10:19:39]		1048572		1360		1047212
[10:19:42]		1048572		1360		1047212
[10:19:45]		1048572		1360		1047212
[10:19:48]		1048572		1360		1047212
[10:19:51]		1048572		1360		1047212
[10:19:54]		1048572		1360		1047212
[10:19:57]		1048572		1360		1047212
[10:20:00]		1048572		1360		1047212
[10:20:03]		1048572		1360		1047212
[10:20:06]		1048572		1360		1047212
[10:20:09]		1048572		1360		1047212
[10:20:12]		1048572		1360		1047212
[10:20:15]		1048572		1360		1047212
[10:20:18]		1048572		1360		1047212
[10:20:21]		1048572		1360		1047212
[10:20:24]		1048572		1360		1047212
[10:20:27]		1048572		1360		1047212
[10:20:30]		1048572		1360		1047212
[10:20:33]		1048572		1360		1047212
[10:20:36]		1048572		1360		1047212
[10:20:39]		1048572		1360		1047212
[10:20:42]		1048572		1360		1047212
[10:20:45]		1048572		1360		1047212
[10:20:48]		1048572		1360		1047212
[10:20:51]		1048572		1360		1047212
[10:20:54]		1048572		1360		1047212
[10:20:57]		1048572		1360		1047212
[10:21:00]		1048572		1360		1047212
[10:21:03]		1048572		1360		1047212
[10:21:06]		1048572		1360		1047212
[10:21:09]		1048572		1360		1047212
[10:21:12]		1048572		1360		1047212
[10:21:15]		1048572		1360		1047212
[10:21:18]		1048572		1360		1047212
[10:21:21]		1048572		1360		1047212
[10:21:24]		1048572		1360		1047212
[10:21:27]		1048572		1360		1047212
[10:21:30]		1048572		1360		1047212
[10:21:33]		1048572		1360		1047212
[10:21:36]		1048572		1360		1047212
[10:21:39]		1048572		1360		1047212
[10:21:42]		1048572		1360		1047212
[10:21:45]		1048572		1360		1047212
[10:21:48]		1048572		1360		1047212
[10:21:51]		1048572		1360		1047212
[10:21:54]		1048572		1360		1047212
[10:21:57]		1048572		1360		1047212
[10:22:00]		1048572		1360		1047212
[10:22:03]		1048572		1360		1047212
[10:22:06]		1048572		1360		1047212
[10:22:09]		1048572		1360		1047212
[10:22:12]		1048572		1360		1047212
[10:22:15]		1048572		1360		1047212
[10:22:18]		1048572		1360		1047212
[10:22:21]		1048572		1360		1047212
[10:22:24]		1048572		1360		1047212
[10:22:27]		1048572		1360		1047212
[10:22:30]		1048572		1360		1047212
[10:22:33]		1048572		1360		1047212
[10:22:36]		1048572		1360		1047212
[10:22:39]		1048572		1360		1047212
[10:22:42]		1048572		1360		1047212
[10:22:45]		1048572		1360		1047212
[10:22:48]		1048572		1360		1047212
[10:22:51]		1048572		1360		1047212
[10:22:54]		1048572		1360		1047212
[10:22:57]		1048572		1360		1047212
[10:23:00]		1048572		1360		1047212
[10:23:03]		1048572		1360		1047212
[10:23:06]		1048572		1360		1047212
[10:23:09]		1048572		1360		1047212
[10:23:12]		1048572		1360		1047212
[10:23:15]		1048572		1360		1047212
[10:23:18]		1048572		1360		1047212
[10:23:21]		1048572		1360		1047212
[10:23:24]		1048572		1360		1047212
[10:23:27]		1048572		1360		1047212
[10:23:30]		1048572		1360		1047212
[10:23:33]		1048572		1360		1047212
[10:23:36]		1048572		1360		1047212
[10:23:39]		1048572		1360		1047212
[10:23:42]		1048572		1360		1047212
[10:23:45]		1048572		1360		1047212
[10:23:48]		1048572		1360		1047212
[10:23:51]		1048572		1360		1047212
[10:23:54]		1048572		1360		1047212
[10:23:57]		1048572		1360		1047212
[10:24:00]		1048572		1360		1047212
[10:24:03]		1048572		1360		1047212
[10:24:06]		1048572		1360		1047212
[10:24:09]		1048572		1360		1047212
[10:24:12]		1048572		1360		1047212
[10:24:15]		1048572		1360		1047212
[10:24:18]		1048572		1360		1047212
[10:24:21]		1048572		1360		1047212
[10:24:24]		1048572		1360		1047212
[10:24:27]		1048572		1360		1047212
[10:24:30]		1048572		1360		1047212
[10:24:33]		1048572		1360		1047212
[10:24:36]		1048572		1360		1047212
[10:24:39]		1048572		1360		1047212
[10:24:42]		1048572		1360		1047212
[10:24:45]		1048572		1360		1047212
[10:24:48]		1048572		1360		1047212
[10:24:51]		1048572		1360		1047212
[10:24:54]		1048572		1360		1047212
[10:24:57]		1048572		1360		1047212
[10:25:00]		1048572		1360		1047212
[10:25:03]		1048572		1360		1047212
[10:25:06]		1048572		1360		1047212
[10:25:09]		1048572		1360		1047212
[10:25:12]		1048572		1360		1047212
[10:25:15]		1048572		1360		1047212
[10:25:18]		1048572		1360		1047212
[10:25:21]		1048572		1360		1047212
[10:25:24]		1048572		1360		1047212
[10:25:27]		1048572		1360		1047212
[10:25:30]		1048572		1360		1047212
[10:25:33]		1048572		1360		1047212
[10:25:36]		1048572		1360		1047212
[10:25:39]		1048572		1360		1047212
[10:25:42]		1048572		1360		1047212
[10:25:45]		1048572		1360		1047212
[10:25:48]		1048572		1360		1047212
[10:25:51]		1048572		1360		1047212
[10:25:54]		1048572		1360		1047212
[10:25:57]		1048572		1360		1047212
[10:26:00]		1048572		1360		1047212
[10:26:03]		1048572		1360		1047212
[10:26:06]		1048572		1360		1047212
[10:26:09]		1048572		1360		1047212
[10:26:12]		1048572		1360		1047212
[10:26:15]		1048572		1360		1047212
[10:26:18]		1048572		1360		1047212
[10:26:21]		1048572		1360		1047212
[10:26:24]		1048572		1360		1047212
[10:26:27]		1048572		1360		1047212
[10:26:30]		1048572		1360		1047212
[10:26:33]		1048572		1360		1047212
[10:26:36]		1048572		1360		1047212
[10:26:39]		1048572		1360		1047212
[10:26:42]		1048572		1360		1047212
[10:26:45]		1048572		1360		1047212
[10:26:48]		1048572		1360		1047212
[10:26:51]		1048572		1360		1047212
[10:26:54]		1048572		1360		1047212
[10:26:57]		1048572		1360		1047212
[10:27:00]		1048572		1360		1047212
[10:27:03]		1048572		1360		1047212
[10:27:06]		1048572		1360		1047212
[10:27:09]		1048572		1360		1047212
[10:27:12]		1048572		1360		1047212
[10:27:15]		1048572		1360		1047212
[10:27:18]		1048572		1360		1047212
[10:27:21]		1048572		1360		1047212
[10:27:24]		1048572		1360		1047212
[10:27:27]		1048572		1360		1047212
[10:27:30]		1048572		1360		1047212
[10:27:33]		1048572		1360		1047212
[10:27:36]		1048572		1360		1047212
[10:27:39]		1048572		1360		1047212
[10:27:42]		1048572		1360		1047212
[10:27:45]		1048572		1360		1047212
[10:27:48]		1048572		1360		1047212
[10:27:51]		1048572		1360		1047212
[10:27:54]		1048572		1360		1047212
[10:27:57]		1048572		1360		1047212
[10:28:00]		1048572		1360		1047212
[10:28:03]		1048572		1360		1047212
[10:28:06]		1048572		1360		1047212
[10:28:09]		1048572		1360		1047212
[10:28:12]		1048572		1360		1047212
[10:28:15]		1048572		1360		1047212
[10:28:18]		1048572		1360		1047212
[10:28:21]		1048572		1360		1047212
[10:28:24]		1048572		1360		1047212
[10:28:27]		1048572		1360		1047212
[10:28:30]		1048572		1360		1047212
[10:28:33]		1048572		1360		1047212
[10:28:36]		1048572		1360		1047212
[10:28:39]		1048572		1360		1047212
[10:28:42]		1048572		1360		1047212
[10:28:45]		1048572		1360		1047212
[10:28:48]		1048572		1360		1047212
[10:28:51]		1048572		1360		1047212
[10:28:54]		1048572		1360		1047212
[10:28:57]		1048572		1360		1047212
[10:29:00]		1048572		1360		1047212
[10:29:03]		1048572		1360		1047212
[10:29:06]		1048572		1360		1047212
[10:29:09]		1048572		1360		1047212
[10:29:12]		1048572		1360		1047212
[10:29:15]		1048572		1360		1047212
[10:29:18]		1048572		1360		1047212
[10:29:21]		1048572		1360		1047212
[10:29:24]		1048572		1360		1047212
[10:29:27]		1048572		1360		1047212
[10:29:30]		1048572		1360		1047212
[10:29:33]		1048572		1360		1047212
[10:29:36]		1048572		1360		1047212
[10:29:39]		1048572		1360		1047212
[10:29:42]		1048572		1360		1047212
[10:29:45]		1048572		1360		1047212
[10:29:48]		1048572		1360		1047212
[10:29:51]		1048572		1360		1047212
[10:29:54]		1048572		1360		1047212
[10:29:57]		1048572		1360		1047212
[10:30:00]		1048572		1360		1047212
[10:30:03]		1048572		1360		1047212
[10:30:06]		1048572		1360		1047212
[10:30:09]		1048572		1360		1047212
[10:30:12]		1048572		1360		1047212
[10:30:15]		1048572		1360		1047212
[10:30:18]		1048572		1360		1047212
[10:30:21]		1048572		1360		1047212
[10:30:24]		1048572		1360		1047212
[10:30:27]		1048572		1360		1047212
[10:30:30]		1048572		1360		1047212
[10:30:33]		1048572		1360		1047212
[10:30:36]		1048572		1360		1047212
[10:30:39]		1048572		1360		1047212
[10:30:42]		1048572		1360		1047212
[10:30:45]		1048572		1360		1047212
[10:30:48]		1048572		1360		1047212
[10:30:51]		1048572		1360		1047212
[10:30:54]		1048572		1360		1047212
[10:30:57]		1048572		1360		1047212
[10:31:00]		1048572		1360		1047212
[10:31:03]		1048572		1360		1047212
[10:31:06]		1048572		1360		1047212
[10:31:09]		1048572		1360		1047212
[10:31:12]		1048572		1360		1047212
[10:31:15]		1048572		1360		1047212
[10:31:18]		1048572		1360		1047212
[10:31:21]		1048572		1360		1047212
[10:31:24]		1048572		1360		1047212
[10:31:27]		1048572		1360		1047212
[10:31:30]		1048572		1360		1047212
[10:31:33]		1048572		1360		1047212
[10:31:36]		1048572		1360		1047212
[10:31:39]		1048572		1360		1047212
[10:31:42]		1048572		1360		1047212
[10:31:45]		1048572		1360		1047212
[10:31:48]		1048572		1360		1047212
[10:31:51]		1048572		1360		1047212
[10:31:54]		1048572		1360		1047212
[10:31:57]		1048572		1360		1047212
[10:32:00]		1048572		1360		1047212
[10:32:03]		1048572		1360		1047212
[10:32:06]		1048572		1360		1047212
[10:32:09]		1048572		1360		1047212
[10:32:12]		1048572		1360		1047212
[10:32:15]		1048572		1360		1047212
[10:32:18]		1048572		1360		1047212
[10:32:21]		1048572		1360		1047212
[10:32:24]		1048572		1360		1047212
[10:32:27]		1048572		1360		1047212
[10:32:30]		1048572		1360		1047212
[10:32:33]		1048572		1360		1047212
[10:32:36]		1048572		1360		1047212
[10:32:39]		1048572		1360		1047212
[10:32:42]		1048572		1360		1047212
[10:32:45]		1048572		1360		1047212
[10:32:48]		1048572		1360		1047212
[10:32:51]		1048572		1360		1047212
[10:32:54]		1048572		1360		1047212
[10:32:57]		1048572		1360		1047212
[10:33:00]		1048572		1360		1047212
[10:33:03]		1048572		1360		1047212
[10:33:06]		1048572		1360		1047212
[10:33:09]		1048572		1360		1047212
[10:33:12]		1048572		1360		1047212
[10:33:15]		1048572		1360		1047212
[10:33:18]		1048572		1360		1047212
[10:33:21]		1048572		1360		1047212
[10:33:24]		1048572		1360		1047212
[10:33:27]		1048572		1360		1047212
[10:33:30]		1048572		1360		1047212
[10:33:33]		1048572		1360		1047212
[10:33:36]		1048572		1360		1047212
[10:33:39]		1048572		1360		1047212
[10:33:42]		1048572		1360		1047212
[10:33:45]		1048572		1360		1047212
[10:33:48]		1048572		1360		1047212
[10:33:51]		1048572		1360		1047212
[10:33:54]		1048572		1360		1047212
[10:33:57]		1048572		1360		1047212
[10:34:00]		1048572		1360		1047212
[10:34:03]		1048572		1360		1047212
[10:34:06]		1048572		1360		1047212
[10:34:09]		1048572		1360		1047212
[10:34:12]		1048572		1360		1047212
[10:34:15]		1048572		1360		1047212
[10:34:18]		1048572		1360		1047212
[10:34:21]		1048572		1360		1047212
[10:34:24]		1048572		1360		1047212
[10:34:27]		1048572		1360		1047212
[10:34:30]		1048572		1360		1047212
[10:34:33]		1048572		1360		1047212
[10:34:36]		1048572		1360		1047212
[10:34:39]		1048572		1360		1047212
[10:34:42]		1048572		1360		1047212
[10:34:45]		1048572		1360		1047212
[10:34:48]		1048572		1360		1047212
[10:34:51]		1048572		1360		1047212
[10:34:54]		1048572		1360		1047212
[10:34:57]		1048572		1360		1047212
[10:35:00]		1048572		1360		1047212
[10:35:03]		1048572		1360		1047212
[10:35:06]		1048572		1360		1047212
[10:35:09]		1048572		1360		1047212
[10:35:12]		1048572		1360		1047212
[10:35:15]		1048572		1360		1047212
[10:35:18]		1048572		1360		1047212
[10:35:21]		1048572		1360		1047212
[10:35:24]		1048572		1360		1047212
[10:35:27]		1048572		1360		1047212
[10:35:30]		1048572		1360		1047212
[10:35:33]		1048572		1360		1047212
[10:35:36]		1048572		1360		1047212
[10:35:39]		1048572		1360		1047212
[10:35:42]		1048572		1360		1047212
[10:35:45]		1048572		1360		1047212
[10:35:48]		1048572		1360		1047212
[10:35:51]		1048572		1360		1047212
[10:35:54]		1048572		1360		1047212
[10:35:57]		1048572		1360		1047212
[10:36:00]		1048572		1360		1047212
[10:36:03]		1048572		1360		1047212
[10:36:06]		1048572		1360		1047212
[10:36:09]		1048572		1360		1047212
[10:36:12]		1048572		1360		1047212
[10:36:15]		1048572		1360		1047212
[10:36:18]		1048572		1360		1047212
[10:36:21]		1048572		1360		1047212
[10:36:24]		1048572		1360		1047212
[10:36:27]		1048572		1360		1047212
[10:36:30]		1048572		1360		1047212
[10:36:33]		1048572		1360		1047212
[10:36:36]		1048572		1360		1047212
[10:36:39]		1048572		1360		1047212
[10:36:42]		1048572		1360		1047212
[10:36:45]		1048572		1360		1047212
[10:36:48]		1048572		1360		1047212
[10:36:51]		1048572		1360		1047212
[10:36:54]		1048572		1360		1047212
[10:36:57]		1048572		1360		1047212
[10:37:00]		1048572		1360		1047212
[10:37:03]		1048572		1360		1047212
[10:37:06]		1048572		1360		1047212
[10:37:09]		1048572		1360		1047212
[10:37:12]		1048572		1360		1047212
[10:37:15]		1048572		1360		1047212
[10:37:18]		1048572		1360		1047212
[10:37:21]		1048572		1360		1047212
[10:37:24]		1048572		1360		1047212
[10:37:27]		1048572		1360		1047212
[10:37:30]		1048572		1360		1047212
[10:37:33]		1048572		1360		1047212
[10:37:36]		1048572		1360		1047212
[10:37:39]		1048572		1360		1047212
[10:37:42]		1048572		1360		1047212
[10:37:45]		1048572		1360		1047212
[10:37:48]		1048572		1360		1047212
[10:37:51]		1048572		1360		1047212
[10:37:54]		1048572		1360		1047212
[10:37:57]		1048572		1360		1047212
[10:38:00]		1048572		1360		1047212
[10:38:03]		1048572		1360		1047212
[10:38:06]		1048572		1360		1047212
[10:38:09]		1048572		1360		1047212
[10:38:12]		1048572		1360		1047212
[10:38:15]		1048572		1360		1047212
[10:38:18]		1048572		1360		1047212
[10:38:21]		1048572		1360		1047212
[10:38:24]		1048572		1360		1047212
[10:38:27]		1048572		1360		1047212
[10:38:30]		1048572		1360		1047212
[10:38:33]		1048572		1360		1047212
[10:38:36]		1048572		1360		1047212
[10:38:39]		1048572		1360		1047212
[10:38:42]		1048572		1360		1047212
[10:38:45]		1048572		1360		1047212
[10:38:48]		1048572		1360		1047212
[10:38:51]		1048572		1360		1047212
[10:38:54]		1048572		1360		1047212
[10:38:57]		1048572		1360		1047212
[10:39:00]		1048572		1360		1047212
[10:39:03]		1048572		1360		1047212
[10:39:06]		1048572		1360		1047212
[10:39:09]		1048572		1360		1047212
[10:39:12]		1048572		1360		1047212
[10:39:15]		1048572		1360		1047212
[10:39:18]		1048572		1360		1047212
[10:39:21]		1048572		1360		1047212
[10:39:24]		1048572		1360		1047212
[10:39:27]		1048572		1360		1047212
[10:39:30]		1048572		1360		1047212
[10:39:33]		1048572		1360		1047212
[10:39:36]		1048572		1360		1047212
[10:39:39]		1048572		1360		1047212
[10:39:42]		1048572		1360		1047212
[10:39:45]		1048572		1360		1047212
[10:39:48]		1048572		1360		1047212
[10:39:51]		1048572		1360		1047212
[10:39:54]		1048572		1360		1047212
[10:39:57]		1048572		1360		1047212
[10:40:00]		1048572		1360		1047212
[10:40:03]		1048572		1360		1047212
[10:40:06]		1048572		1360		1047212
[10:40:09]		1048572		1360		1047212
[10:40:12]		1048572		1360		1047212
[10:40:15]		1048572		1360		1047212
[10:40:18]		1048572		1360		1047212
[10:40:21]		1048572		1360		1047212
[10:40:24]		1048572		1360		1047212
[10:40:27]		1048572		1360		1047212
[10:40:30]		1048572		1360		1047212
[10:40:33]		1048572		1360		1047212
[10:40:36]		1048572		1360		1047212
[10:40:39]		1048572		1360		1047212
[10:40:42]		1048572		1360		1047212
[10:40:45]		1048572		1360		1047212
[10:40:48]		1048572		1360		1047212
[10:40:51]		1048572		1360		1047212
[10:40:54]		1048572		1360		1047212
[10:40:57]		1048572		1360		1047212
[10:41:00]		1048572		1360		1047212
[10:41:03]		1048572		1360		1047212
[10:41:06]		1048572		1360		1047212
[10:41:09]		1048572		1360		1047212
[10:41:12]		1048572		1360		1047212
[10:41:15]		1048572		1360		1047212
[10:41:18]		1048572		1360		1047212
[10:41:21]		1048572		1360		1047212
[10:41:24]		1048572		1360		1047212
[10:41:27]		1048572		1360		1047212
[10:41:30]		1048572		1360		1047212
[10:41:33]		1048572		1360		1047212
[10:41:36]		1048572		1360		1047212
[10:41:39]		1048572		1360		1047212
[10:41:42]		1048572		1360		1047212
[10:41:45]		1048572		1360		1047212
[10:41:48]		1048572		1360		1047212
[10:41:51]		1048572		1360		1047212
[10:41:54]		1048572		1360		1047212
[10:41:57]		1048572		1360		1047212
[10:42:00]		1048572		1360		1047212
[10:42:03]		1048572		1360		1047212
[10:42:06]		1048572		1360		1047212
[10:42:09]		1048572		1360		1047212
[10:42:12]		1048572		1360		1047212
[10:42:15]		1048572		1360		1047212
[10:42:18]		1048572		1360		1047212
[10:42:21]		1048572		1360		1047212
[10:42:24]		1048572		1360		1047212
[10:42:27]		1048572		1360		1047212
[10:42:30]		1048572		1360		1047212
[10:42:33]		1048572		1360		1047212
[10:42:36]		1048572		1360		1047212
[10:42:39]		1048572		1360		1047212
[10:42:42]		1048572		1360		1047212
[10:42:45]		1048572		1360		1047212
[10:42:48]		1048572		1360		1047212
[10:42:51]		1048572		1360		1047212
[10:42:54]		1048572		1360		1047212
[10:42:57]		1048572		1360		1047212
[10:43:00]		1048572		1360		1047212
[10:43:03]		1048572		1360		1047212
[10:43:06]		1048572		1360		1047212
[10:43:09]		1048572		1360		1047212
[10:43:12]		1048572		1360		1047212
[10:43:15]		1048572		1360		1047212
[10:43:18]		1048572		1360		1047212
[10:43:21]		1048572		1360		1047212
[10:43:24]		1048572		1360		1047212
[10:43:27]		1048572		1360		1047212
[10:43:30]		1048572		1360		1047212
[10:43:33]		1048572		1360		1047212
[10:43:36]		1048572		1360		1047212
[10:43:39]		1048572		1360		1047212
[10:43:42]		1048572		1360		1047212
[10:43:45]		1048572		1360		1047212
[10:43:48]		1048572		1360		1047212
[10:43:51]		1048572		1360		1047212
[10:43:54]		1048572		1360		1047212
[10:43:57]		1048572		1360		1047212
[10:44:00]		1048572		1360		1047212
[10:44:03]		1048572		1360		1047212
[10:44:06]		1048572		1360		1047212
[10:44:09]		1048572		1360		1047212
[10:44:12]		1048572		1360		1047212
[10:44:15]		1048572		1360		1047212
[10:44:18]		1048572		1360		1047212
[10:44:21]		1048572		1360		1047212
[10:44:24]		1048572		1360		1047212
[10:44:27]		1048572		1360		1047212
[10:44:30]		1048572		1360		1047212
[10:44:33]		1048572		1360		1047212
[10:44:36]		1048572		1360		1047212
[10:44:39]		1048572		1360		1047212
[10:44:42]		1048572		1360		1047212
[10:44:45]		1048572		1360		1047212
[10:44:48]		1048572		1360		1047212
[10:44:51]		1048572		1360		1047212
[10:44:54]		1048572		1360		1047212
[10:44:57]		1048572		1360		1047212
[10:45:00]		1048572		1360		1047212
[10:45:03]		1048572		1360		1047212
[10:45:06]		1048572		1360		1047212
[10:45:09]		1048572		1360		1047212
[10:45:12]		1048572		1360		1047212
[10:45:15]		1048572		1360		1047212
[10:45:18]		1048572		1360		1047212
[10:45:21]		1048572		1360		1047212
[10:45:24]		1048572		1360		1047212
[10:45:27]		1048572		1360		1047212
[10:45:30]		1048572		1360		1047212
[10:45:33]		1048572		1360		1047212
[10:45:36]		1048572		1360		1047212
[10:45:39]		1048572		1360		1047212
[10:45:42]		1048572		1360		1047212
[10:45:45]		1048572		1360		1047212
[10:45:48]		1048572		1360		1047212
[10:45:51]		1048572		1360		1047212
[10:45:54]		1048572		1360		1047212
[10:45:57]		1048572		1360		1047212
[10:46:00]		1048572		1360		1047212
[10:46:03]		1048572		1360		1047212
[10:46:06]		1048572		1360		1047212
[10:46:09]		1048572		1360		1047212
[10:46:12]		1048572		1360		1047212
[10:46:15]		1048572		1360		1047212
[10:46:18]		1048572		1360		1047212
[10:46:21]		1048572		1360		1047212
[10:46:24]		1048572		1360		1047212
[10:46:27]		1048572		1360		1047212
[10:46:30]		1048572		1360		1047212
[10:46:33]		1048572		1360		1047212
[10:46:36]		1048572		1360		1047212
[10:46:39]		1048572		1360		1047212
[10:46:42]		1048572		1360		1047212
[10:46:45]		1048572		1360		1047212
[10:46:48]		1048572		1360		1047212
[10:46:51]		1048572		1360		1047212
[10:46:54]		1048572		1360		1047212
[10:46:57]		1048572		1360		1047212
[10:47:00]		1048572		1360		1047212
[10:47:03]		1048572		1360		1047212
[10:47:06]		1048572		1360		1047212
[10:47:09]		1048572		1360		1047212
[10:47:12]		1048572		1360		1047212
[10:47:15]		1048572		1360		1047212
[10:47:18]		1048572		1360		1047212
[10:47:21]		1048572		1360		1047212
[10:47:24]		1048572		1360		1047212
[10:47:27]		1048572		1360		1047212
[10:47:30]		1048572		1360		1047212
[10:47:33]		1048572		1360		1047212
[10:47:36]		1048572		1360		1047212
[10:47:39]		1048572		1360		1047212
[10:47:42]		1048572		1360		1047212
[10:47:45]		1048572		1360		1047212
[10:47:48]		1048572		1360		1047212
[10:47:51]		1048572		1360		1047212
[10:47:54]		1048572		1360		1047212
[10:47:57]		1048572		1360		1047212
[10:48:00]		1048572		1360		1047212
[10:48:03]		1048572		1360		1047212
[10:48:06]		1048572		1360		1047212
[10:48:09]		1048572		1360		1047212
[10:48:12]		1048572		1360		1047212
[10:48:15]		1048572		1360		1047212
[10:48:18]		1048572		1360		1047212
[10:48:21]		1048572		1360		1047212
[10:48:24]		1048572		1360		1047212
[10:48:27]		1048572		1360		1047212
[10:48:30]		1048572		1360		1047212
[10:48:33]		1048572		1360		1047212
[10:48:36]		1048572		1360		1047212
[10:48:39]		1048572		1360		1047212
[10:48:42]		1048572		1360		1047212
[10:48:45]		1048572		1360		1047212
[10:48:48]		1048572		1360		1047212
[10:48:51]		1048572		1360		1047212
[10:48:54]		1048572		1360		1047212
[10:48:57]		1048572		1360		1047212
[10:49:00]		1048572		1360		1047212
[10:49:03]		1048572		1360		1047212
[10:49:06]		1048572		1360		1047212
[10:49:09]		1048572		1360		1047212
[10:49:12]		1048572		1360		1047212
[10:49:15]		1048572		1360		1047212
[10:49:18]		1048572		1360		1047212
[10:49:21]		1048572		1360		1047212
[10:49:24]		1048572		1360		1047212
[10:49:27]		1048572		1360		1047212
[10:49:30]		1048572		1360		1047212
[10:49:33]		1048572		1360		1047212
[10:49:36]		1048572		1360		1047212
[10:49:39]		1048572		1360		1047212
[10:49:42]		1048572		1360		1047212
[10:49:45]		1048572		1360		1047212
[10:49:48]		1048572		1360		1047212
[10:49:51]		1048572		1360		1047212
[10:49:54]		1048572		1360		1047212
[10:49:57]		1048572		1360		1047212
[10:50:00]		1048572		1360		1047212
[10:50:03]		1048572		1360		1047212
[10:50:06]		1048572		1360		1047212
[10:50:09]		1048572		1360		1047212
[10:50:12]		1048572		1360		1047212
[10:50:15]		1048572		1360		1047212
[10:50:18]		1048572		1360		1047212
[10:50:21]		1048572		1360		1047212
[10:50:24]		1048572		1360		1047212
[10:50:27]		1048572		1360		1047212
[10:50:30]		1048572		1360		1047212
[10:50:33]		1048572		1360		1047212
[10:50:36]		1048572		1360		1047212
[10:50:39]		1048572		1360		1047212
[10:50:42]		1048572		1360		1047212
[10:50:45]		1048572		1360		1047212
[10:50:48]		1048572		1360		1047212
[10:50:51]		1048572		1360		1047212
[10:50:54]		1048572		1360		1047212
[10:50:57]		1048572		1360		1047212
[10:51:00]		1048572		1360		1047212
[10:51:03]		1048572		1360		1047212
[10:51:06]		1048572		1360		1047212
[10:51:09]		1048572		1360		1047212
[10:51:12]		1048572		1360		1047212
[10:51:15]		1048572		1360		1047212
[10:51:18]		1048572		1360		1047212
[10:51:21]		1048572		1360		1047212
[10:51:24]		1048572		1360		1047212
[10:51:27]		1048572		1360		1047212
[10:51:30]		1048572		1360		1047212
[10:51:33]		1048572		1360		1047212
[10:51:36]		1048572		1360		1047212
[10:51:39]		1048572		1360		1047212
[10:51:42]		1048572		1360		1047212
[10:51:45]		1048572		1360		1047212
[10:51:48]		1048572		1360		1047212
[10:51:51]		1048572		1360		1047212
[10:51:54]		1048572		1360		1047212
[10:51:57]		1048572		1360		1047212
[10:52:00]		1048572		1360		1047212
[10:52:03]		1048572		1360		1047212
[10:52:06]		1048572		1360		1047212
[10:52:09]		1048572		1360		1047212
[10:52:12]		1048572		1360		1047212
[10:52:15]		1048572		1360		1047212
[10:52:18]		1048572		1360		1047212
[10:52:21]		1048572		1360		1047212
[10:52:24]		1048572		1360		1047212
[10:52:27]		1048572		1360		1047212
[10:52:30]		1048572		1360		1047212
[10:52:33]		1048572		1360		1047212
[10:52:36]		1048572		1360		1047212
[10:52:39]		1048572		1360		1047212
[10:52:42]		1048572		1360		1047212
[10:52:45]		1048572		1360		1047212
[10:52:48]		1048572		1360		1047212
[10:52:51]		1048572		1360		1047212
[10:52:54]		1048572		1360		1047212
[10:52:57]		1048572		1360		1047212
[10:53:00]		1048572		1360		1047212
[10:53:03]		1048572		1360		1047212
[10:53:06]		1048572		1360		1047212
[10:53:09]		1048572		1360		1047212
[10:53:12]		1048572		1360		1047212
[10:53:15]		1048572		1360		1047212
[10:53:18]		1048572		1360		1047212
[10:53:21]		1048572		1360		1047212
[10:53:24]		1048572		1360		1047212
[10:53:27]		1048572		1360		1047212
[10:53:30]		1048572		1360		1047212
[10:53:33]		1048572		1360		1047212
[10:53:36]		1048572		1360		1047212
[10:53:39]		1048572		1360		1047212
[10:53:42]		1048572		1360		1047212
[10:53:45]		1048572		1360		1047212
[10:53:48]		1048572		1360		1047212
[10:53:51]		1048572		1360		1047212
[10:53:54]		1048572		1360		1047212
[10:53:57]		1048572		1360		1047212
[10:54:00]		1048572		1360		1047212
[10:54:03]		1048572		1360		1047212
[10:54:06]		1048572		1360		1047212
[10:54:09]		1048572		1360		1047212
[10:54:12]		1048572		1360		1047212
[10:54:15]		1048572		1360		1047212
[10:54:18]		1048572		1360		1047212
[10:54:21]		1048572		1360		1047212
[10:54:24]		1048572		1360		1047212
[10:54:27]		1048572		1360		1047212
[10:54:30]		1048572		1360		1047212
[10:54:33]		1048572		1360		1047212
[10:54:36]		1048572		1360		1047212
[10:54:39]		1048572		1360		1047212
[10:54:42]		1048572		1360		1047212
[10:54:45]		1048572		1360		1047212
[10:54:48]		1048572		1360		1047212
[10:54:51]		1048572		1360		1047212
[10:54:54]		1048572		1360		1047212
[10:54:57]		1048572		1360		1047212
[10:55:00]		1048572		1360		1047212
[10:55:03]		1048572		1360		1047212
[10:55:06]		1048572		1360		1047212
[10:55:09]		1048572		1360		1047212
[10:55:12]		1048572		1360		1047212
[10:55:15]		1048572		1360		1047212
[10:55:18]		1048572		1360		1047212
[10:55:21]		1048572		1360		1047212
[10:55:24]		1048572		1360		1047212
[10:55:27]		1048572		1360		1047212
[10:55:30]		1048572		1360		1047212
[10:55:33]		1048572		1360		1047212
[10:55:36]		1048572		1360		1047212
[10:55:39]		1048572		1360		1047212
[10:55:42]		1048572		1360		1047212
[10:55:45]		1048572		1360		1047212
[10:55:48]		1048572		1360		1047212
[10:55:51]		1048572		1360		1047212
[10:55:54]		1048572		1360		1047212
[10:55:57]		1048572		1360		1047212
[10:56:00]		1048572		1360		1047212
[10:56:03]		1048572		1360		1047212
[10:56:06]		1048572		1360		1047212
[10:56:09]		1048572		1360		1047212
[10:56:12]		1048572		1360		1047212
[10:56:15]		1048572		1360		1047212
[10:56:18]		1048572		1360		1047212
[10:56:21]		1048572		1360		1047212
[10:56:24]		1048572		1360		1047212
[10:56:27]		1048572		1360		1047212
[10:56:30]		1048572		1360		1047212
[10:56:33]		1048572		1360		1047212
[10:56:36]		1048572		1360		1047212
[10:56:39]		1048572		1360		1047212
[10:56:42]		1048572		1360		1047212
[10:56:45]		1048572		1360		1047212
[10:56:48]		1048572		1360		1047212
[10:56:51]		1048572		1360		1047212
[10:56:54]		1048572		1360		1047212
[10:56:57]		1048572		1360		1047212
[10:57:00]		1048572		1360		1047212
