recorded by mmserver domain:[id:26 time:Tue Apr 16 15:10:41 2013
]
time		tg_mem		use_mem		free_mem		
15:10:43		524288		210920		313368		
15:10:45		524288		210920		313368		
15:10:47		524288		210920		313368		
15:10:49		524288		210920		313368		
15:10:51		524288		210920		313368		
15:10:53		524288		210920		313368		
15:10:55		524288		210920		313368		
15:10:57		524288		210920		313368		
15:10:59		524288		210920		313368		
15:11:01		524288		210920		313368		
15:11:03		524288		210920		313368		
15:11:05		524288		210920		313368		
15:11:07		524288		210920		313368		
15:11:09		524288		210920		313368		
15:11:11		524288		210920		313368		
15:11:13		524288		210920		313368		
15:11:15		524288		210920		313368		
15:11:17		524288		210920		313368		
15:11:19		524288		210920		313368		
15:11:21		524288		210920		313368		
15:11:23		524288		210920		313368		
15:11:25		524288		210920		313368		
15:11:27		524288		210920		313368		
15:11:29		508554		210686		297868		
15:11:31		508554		210686		297868		
15:11:33		496934		210722		286212		
15:11:35		496934		210722		286212		
15:11:37		496934		210722		286212		
15:11:39		496934		210854		286080		
15:11:41		486231		229363		256868		
15:11:43		486231		229363		256868		
15:11:45		486231		229363		256868		
15:11:47		486231		234575		251656		
15:11:49		486231		236443		249788		
15:11:51		486231		236171		250060		
15:11:53		486231		236171		250060		
15:11:55		486231		236163		250068		
15:11:57		486231		236163		250068		
15:11:59		486231		236163		250068		
15:12:01		486231		238543		247688		
15:12:04		486231		238543		247688		
15:12:06		486231		238271		247960		
15:12:08		486231		238419		247812		
15:12:10		474531		234283		240248		
15:12:12		474531		238499		236032		
15:12:14		474531		238227		236304		
15:12:16		463198		238450		224748		
15:12:18		463198		238450		224748		
15:12:20		463198		238450		224748		
15:12:22		463198		238450		224748		
15:12:24		447110		229802		217308		
15:12:26		447110		237862		209248		
15:12:28		447110		238334		208776		
15:12:30		434612		238368		196244		
15:12:32		434612		238508		196104		
15:12:34		434612		238236		196376		
15:12:36		420275		236943		183332		
15:12:38		420275		238555		181720		
15:12:40		420275		238555		181720		
15:12:42		420275		238283		181992		
15:12:44		409374		238170		171204		
15:12:46		409374		238170		171204		
15:12:48		409374		241558		167816		
15:12:50		409374		241558		167816		
15:12:52		409374		241410		167964		
15:12:54		409374		241558		167816		
15:12:56		409374		241558		167816		
15:12:58		409374		241558		167816		
15:13:00		409374		241410		167964		
15:13:02		409374		241558		167816		
15:13:04		398039		241507		156532		
15:13:06		398039		241507		156532		
15:13:08		398039		241359		156680		
15:13:10		398039		241359		156680		
15:13:12		425752		241420		184332		
15:13:14		425752		241420		184332		
15:13:16		425752		241428		184324		
15:13:18		425752		241420		184332		
15:13:20		413810		241382		172428		
15:13:22		413810		241382		172428		
15:13:24		413810		241382		172428		
15:13:27		401569		229141		172428		
15:13:29		386617		241221		145396		
15:13:31		386617		241221		145396		
15:13:33		386617		241469		145148		
15:13:35		386617		241469		145148		
15:13:37		386617		241469		145148		
15:13:39		386617		241741		144876		
15:13:41		386617		241469		145148		
15:13:43		386617		241469		145148		
15:13:45		376257		241277		134980		
15:13:47		376257		241277		134980		
15:13:49		376257		241649		134608		
15:13:51		365991		241551		124440		
15:13:53		365991		241551		124440		
15:13:55		365991		241551		124440		
15:13:57		354718		230278		124440		
15:13:59		339106		214666		124440		
15:14:01		323428		198988		124440		
15:14:03		303415		178975		124440		
15:14:05		283529		230429		53100		
15:14:07		326447		252451		73996		
15:14:09		347057		273729		73328		
15:14:11		363120		273640		89480		
15:14:13		363120		273640		89480		
15:14:15		363120		273640		89480		
15:14:17		363120		273640		89480		
15:14:19		363120		273640		89480		
15:14:21		363120		273640		89480		
15:14:23		363120		273640		89480		
15:14:25		384067		294587		89480		
15:14:27		401397		311917		89480		
15:14:29		368082		278602		89480		
15:14:31		414286		324806		89480		
15:14:33		355415		273127		82288		
15:14:35		387431		273647		113784		
15:14:37		387431		273647		113784		
15:14:39		387431		273647		113784		
15:14:41		376519		273151		103368		
15:14:43		376519		273151		103368		
15:14:45		376519		273151		103368		
15:14:47		376519		273151		103368		
15:14:49		376519		273151		103368		
15:14:51		363886		273042		90844		
15:14:54		363886		273042		90844		
15:14:56		363886		273042		90844		
15:14:58		363886		273042		90844		
15:15:00		363886		273042		90844		
15:15:02		363886		273166		90720		
15:15:04		363886		273166		90720		
15:15:06		363886		273166		90720		
15:15:08		363886		273166		90720		
15:15:10		363886		273166		90720		
15:15:12		363886		273166		90720		
15:15:14		363886		273166		90720		
15:15:16		363886		273166		90720		
15:15:18		376593		273721		102872		
15:15:20		376593		273721		102872		
15:15:22		376593		273721		102872		
15:15:24		376593		273721		102872		
15:15:26		376593		273721		102872		
15:15:28		376593		273721		102872		
15:15:30		376593		273721		102872		
15:15:32		404121		273721		130400		
15:15:34		404121		273721		130400		
15:15:36		404121		273721		130400		
15:15:38		391142		273142		118000		
15:15:40		391142		273142		118000		
15:15:42		391142		273142		118000		
15:15:44		391142		273142		118000		
15:15:46		377522		273162		104360		
15:15:48		409521		273665		135856		
15:15:50		449776		273744		176032		
15:15:52		449776		273744		176032		
15:15:54		434982		273210		161772		
15:15:56		479021		273725		205296		
15:15:58		479021		273725		205296		
15:16:00		468675		273175		195500		
15:16:02		468675		273299		195376		
15:16:04		468675		273299		195376		
15:16:06		458292		273332		184960		
15:16:08		444653		273333		171320		
15:16:10		444653		273333		171320		
15:16:12		444653		273333		171320		
15:16:14		430404		273344		157060		
15:16:17		416801		273381		143420		
15:16:19		416801		273381		143420		
15:16:21		396578		273370		123208		
15:16:23		396578		273370		123208		
15:16:25		396578		273370		123208		
15:16:27		396578		273370		123208		
15:16:29		396578		273370		123208		
15:16:31		396578		273370		123208		
15:16:33		396578		273370		123208		
15:16:35		396578		273370		123208		
15:16:37		396578		273370		123208		
15:16:39		396578		273370		123208		
15:16:41		396578		273370		123208		
15:16:43		382923		273355		109568		
15:16:45		382923		273355		109568		
15:16:47		382923		273355		109568		
15:16:49		382923		273355		109568		
15:16:51		382923		273355		109568		
15:16:53		420991		273851		147140		
15:16:55		432307		273759		158548		
15:16:57		417270		273230		144040		
15:16:59		417270		273230		144040		
15:17:01		417270		273230		144040		
15:17:03		417270		273714		143556		
15:17:05		417270		273706		143564		
15:17:07		460825		274233		186592		
15:17:09		460825		274233		186592		
15:17:11		460825		274233		186592		
15:17:13		460825		274233		186592		
15:17:15		448234		273670		174564		
15:17:17		448234		273670		174564		
15:17:19		432778		273714		159064		
15:17:21		432778		273714		159064		
15:17:23		421634		273730		147904		
15:17:25		421634		273730		147904		
15:17:27		398814		273726		125088		
15:17:29		398814		273726		125088		
15:17:31		386623		273687		112936		
15:17:33		386623		273687		112936		
15:17:35		386623		273687		112936		
15:17:38		399019		274303		124716		
15:17:40		399019		274303		124716		
15:17:42		399019		274303		124716		
15:17:44		399019		274303		124716		
15:17:46		388555		273759		114796		
15:17:48		388555		273759		114796		
15:17:50		388555		273759		114796		
15:17:52		374275		273739		100536		
15:17:54		374275		273739		100536		
15:17:56		374275		273739		100536		
15:17:58		374275		273739		100536		
15:18:00		374275		273739		100536		
15:18:02		374275		273863		100412		
15:18:04		411991		274255		137736		
15:18:06		411991		274255		137736		
15:18:08		397079		273727		123352		
15:18:10		397079		273727		123352		
15:18:12		385982		273790		112192		
15:18:14		456268		274264		182004		
15:18:16		456268		274264		182004		
15:18:18		494280		274332		219948		
15:18:20		494280		274332		219948		
15:18:22		483885		273733		210152		
15:18:24		483885		273733		210152		
15:18:26		467587		273803		193784		
15:18:28		453852		273708		180144		
15:18:30		453852		273708		180144		
15:18:32		453852		273708		180144		
15:18:34		438708		273816		164892		
15:18:36		426391		273775		152616		
15:18:38		426391		273775		152616		
15:18:40		403353		273801		129552		
15:18:42		390816		273788		117028		
15:18:44		390816		273788		117028		
15:18:46		404313		274389		129924		
15:18:48		404313		274389		129924		
15:18:50		393255		273871		119384		
15:18:53		393255		273871		119384		
15:18:55		393255		273783		119472		
15:18:57		379424		273716		105708		
15:18:59		379424		273716		105708		
15:19:01		379424		273716		105708		
15:19:03		366407		273719		92688		
15:19:05		377237		274257		102980		
15:19:07		377237		274257		102980		
15:19:09		444448		274260		170188		
15:19:11		479490		309302		170188		
15:19:13		452053		274301		177752		
15:19:15		472148		274308		197840		
15:19:17		460021		273713		186308		
15:19:19		446192		273772		172420		
15:19:21		446192		273772		172420		
15:19:23		446192		273772		172420		
15:19:25		446192		273772		172420		
15:19:27		432682		273778		158904		
15:19:29		432682		273778		158904		
15:19:31		420955		273707		147248		
15:19:33		420955		273707		147248		
15:19:35		420955		273707		147248		
15:19:37		409525		273809		135716		
15:19:39		409525		273809		135716		
15:19:41		409525		273809		135716		
15:19:43		389232		273728		115504		
15:19:45		389232		273728		115504		
15:19:47		389232		273728		115504		
15:19:49		372187		273919		98268		
15:19:51		372187		273919		98268		
15:19:53		372187		273919		98268		
15:19:55		372187		273919		98268		
15:19:57		372187		273919		98268		
15:19:59		372187		273919		98268		
15:20:01		439154		274298		164856		
15:20:03		439154		274298		164856		
15:20:05		439154		273654		165500		
15:20:08		439154		274174		164980		
15:20:10		439154		274174		164980		
15:20:12		428348		273908		154440		
15:20:14		428348		273908		154440		
15:20:16		428348		273908		154440		
15:20:18		413694		273886		139808		
15:20:20		413694		273886		139808		
15:20:22		401676		273896		127780		
15:20:24		401676		273896		127780		
15:20:26		401676		273896		127780		
15:20:28		389637		273885		115752		
15:20:30		389637		273885		115752		
15:20:32		389637		273885		115752		
15:20:34		389637		274009		115628		
15:20:36		389637		274009		115628		
15:20:38		400995		274455		126540		
15:20:40		400995		274455		126540		
15:20:42		388127		261587		126540		
15:20:44		373407		246867		126540		
15:20:46		350570		273870		76700		
15:20:48		390332		274448		115884		
15:20:50		390332		274448		115884		
15:20:52		390332		274448		115884		
15:20:54		390332		274448		115884		
15:20:56		390332		274448		115884		
15:20:58		390332		274448		115884		
15:21:00		424373		274389		149984		
15:21:02		424373		274389		149984		
15:21:04		410019		273923		136096		
15:21:06		410019		273923		136096		
15:21:08		410019		273923		136096		
15:21:10		410019		274419		135600		
15:21:12		462634		275826		186808		
15:21:14		462634		275826		186808		
15:21:16		448160		275612		172548		
15:21:19		448160		275612		172548		
15:21:21		431526		275594		155932		
15:21:23		411553		275585		135968		
15:21:25		427924		275836		152088		
15:21:27		427924		275836		152088		
15:21:29		427924		275836		152088		
15:21:31		427924		275836		152088		
15:21:33		414571		275379		139192		
15:21:35		414571		275379		139192		
15:21:37		403097		275313		127784		
15:21:39		403097		275313		127784		
15:21:41		403097		275313		127784		
15:21:43		403097		275313		127784		
15:21:45		391774		275398		116376		
15:21:47		423722		275850		147872		
15:21:49		423722		275850		147872		
15:21:51		423722		275850		147872		
15:21:53		423722		275850		147872		
15:21:55		423722		275850		147872		
15:21:57		463731		275931		187800		
15:21:59		463731		275931		187800		
15:22:01		463731		275931		187800		
15:22:03		463731		275931		187800		
15:22:05		463731		275931		187800		
15:22:07		463731		275931		187800		
15:22:09		463731		275931		187800		
15:22:11		447669		275369		172300		
15:22:13		447669		275369		172300		
15:22:15		435717		263417		172300		
15:22:17		435717		263417		172300		
15:22:19		435717		263417		172300		
15:22:21		415735		275427		140308		
15:22:23		415735		275427		140308		
15:22:25		401698		261390		140308		
15:22:27		385455		275403		110052		
15:22:29		385455		275403		110052		
15:22:31		401174		275994		125180		
15:22:34		401174		275994		125180		
15:22:36		401174		275994		125180		
15:22:38		401174		275994		125180		
15:22:40		388666		275390		113276		
15:22:42		388666		275390		113276		
15:22:44		388666		275390		113276		
15:22:46		388666		275390		113276		
15:22:48		388666		275390		113276		
15:22:50		388666		275390		113276		
15:22:52		388666		275390		113276		
15:22:54		388666		275390		113276		
15:22:56		388666		275390		113276		
15:22:58		388666		275390		113276		
15:23:00		388666		275390		113276		
15:23:02		388666		275390		113276		
15:23:04		476345		363069		113276		
15:23:06		440567		327291		113276		
15:23:08		421004		307728		113276		
15:23:10		421004		307728		113276		
15:23:12		421004		307728		113276		
15:23:14		421004		275480		145524		
15:23:16		451648		275868		175780		
15:23:18		451648		275472		176176		
15:23:20		451648		275472		176176		
15:23:22		451648		275472		176176		
15:23:24		432838		275262		157576		
15:23:26		432838		275634		157204		
15:23:28		416595		275635		140960		
15:23:30		416595		275635		140960		
15:23:32		416595		275635		140960		
15:23:34		416595		275635		140960		
15:23:36		442163		275907		166256		
15:23:38		442163		275907		166256		
15:23:40		420015		276227		143788		
15:23:42		406021		275725		130296		
15:23:44		406021		275725		130296		
15:23:46		416291		275951		140340		
15:23:48		416291		276199		140092		
15:23:51		416291		276323		139968		
15:23:53		416291		276199		140092		
15:23:55		416291		276199		140092		
15:23:57		416291		276199		140092		
15:23:59		398721		276881		121840		
15:24:01		398721		276609		122112		
15:24:03		471058		348946		122112		
15:24:05		436618		276686		159932		
15:24:07		468503		276703		191800		
15:24:09		485388		276600		208788		
15:24:11		485388		276996		208392		
15:24:13		474682		276434		198248		
15:24:15		463649		276437		187212		
15:24:17		463649		276437		187212		
15:24:19		463649		277057		186592		
15:24:21		463649		277057		186592		
15:24:23		463649		277057		186592		
15:24:25		451008		276940		174068		
15:24:27		451008		276940		174068		
15:24:29		451008		277832		173176		
15:24:31		437142		277582		159560		
15:24:33		425257		277601		147656		
15:24:35		425257		277601		147656		
15:24:37		425257		277625		147632		
15:24:39		413493		277625		135868		
15:24:41		413493		277493		136000		
15:24:43		399305		277565		121740		
15:24:45		399305		277565		121740		
15:24:47		399305		277565		121740		
15:24:49		384352		278384		105968		
15:24:51		460202		278074		182128		
15:24:53		460202		278074		182128		
15:24:55		460202		278346		181856		
15:24:57		460202		278074		182128		
15:24:59		460202		278074		182128		
15:25:01		448335		277863		170472		
15:25:03		448335		278607		169728		
15:25:05		435210		278626		156584		
15:25:07		424381		278857		145524		
15:25:10		424381		278709		145672		
15:25:12		424381		278709		145672		
15:25:14		424381		278709		145672		
15:25:16		424381		278709		145672		
15:25:18		399616		279636		119980		
15:25:20		399616		279240		120376		
15:25:22		399616		279240		120376		
15:25:24		386486		279526		106960		
15:25:26		415861		279241		136620		
15:25:28		437043		279343		157700		
15:25:30		437043		279863		157180		
15:25:32		437043		279343		157700		
15:25:34		437043		279343		157700		
15:25:36		437043		279343		157700		
15:25:38		423793		279113		144680		
15:25:40		423793		279749		144044		
15:25:42		423793		279981		143812		
15:25:44		469033		325221		143812		
15:25:46		436368		280304		156064		
15:25:48		466412		279944		186468		
15:25:50		466412		279944		186468		
15:25:52		466412		280216		186196		
15:25:54		451219		279879		171340		
15:25:56		439059		279995		159064		
15:25:58		426135		279843		146292		
15:26:00		426135		279843		146292		
15:26:02		407087		281031		126056		
15:26:04		422625		280821		141804		
15:26:06		422625		281069		141556		
15:26:08		422625		280797		141828		
15:26:10		422625		280797		141828		
15:26:12		408588		280920		127668		
15:26:14		408588		280772		127816		
15:26:16		408588		280772		127816		
15:26:18		396274		280610		115664		
15:26:20		396274		280610		115664		
15:26:22		408288		282108		126180		
15:26:24		408288		281464		126824		
15:26:26		445752		281480		164272		
15:26:28		445752		282000		163752		
15:26:31		482287		281559		200728		
15:26:33		482287		281559		200728		
15:26:35		482287		281831		200456		
15:26:37		482287		281559		200728		
15:26:39		500993		281541		219452		
15:26:41		500993		281541		219452		
15:26:43		500993		281541		219452		
15:26:45		485110		282670		202440		
15:26:47		485110		282398		202712		
15:26:49		485110		282398		202712		
15:26:51		463038		282546		180492		
15:26:53		451465		282233		169232		
15:26:55		451465		282357		169108		
15:26:57		431867		282623		149244		
15:26:59		444712		282424		162288		
15:27:01		444712		282424		162288		
15:27:03		434248		282128		152120		
15:27:05		434248		282128		152120		
15:27:07		434248		283516		150732		
15:27:09		434248		283244		151004		
15:27:11		434248		283392		150856		
15:27:13		411339		283151		128188		
15:27:15		411339		283275		128064		
15:27:17		411339		283275		128064		
15:27:19		411339		283275		128064		
15:27:21		411339		283547		127792		
15:27:23		464313		284169		180144		
15:27:25		464313		284689		179624		
15:27:27		464313		284169		180144		
15:27:29		451806		284186		167620		
15:27:31		451806		284334		167472		
15:27:33		439639		284171		155468		
15:27:35		439639		284195		155444		
15:27:37		439639		284179		155460		
15:27:39		439639		284171		155468		
15:27:41		439639		284171		155468		
15:27:43		439639		284171		155468		
15:27:45		439639		285163		154476		
15:27:47		426085		285521		140564		
15:27:50		426085		285125		140960		
15:27:52		412096		285148		126948		
15:27:54		412096		285420		126676		
15:27:56		412096		285148		126948		
15:27:58		435059		285815		149244		
15:28:00		435059		285171		149888		
15:28:02		416469		285577		130892		
15:28:04		416469		285181		131288		
15:28:06		416469		285205		131264		
15:28:08		398005		285069		112936		
15:28:10		398005		285193		112812		
15:28:12		409913		285197		124716		
15:28:14		409913		285197		124716		
15:28:16		409913		285841		124072		
15:28:18		409913		285841		124072		
15:28:20		409913		285197		124716		
15:28:22		409913		285593		124320		
15:28:24		464438		285930		178508		
15:28:26		464438		285286		179152		
15:28:28		464438		285806		178632		
15:28:30		464438		285806		178632		
15:28:32		464438		285286		179152		
15:28:34		464438		285558		178880		
15:28:36		450906		285542		165364		
15:28:38		450906		285270		165636		
15:28:40		437863		285519		152344		
15:28:42		426990		285558		141432		
15:28:44		426990		285286		141704		
15:28:46		426990		285286		141704		
15:28:48		426990		285286		141704		
15:28:50		426990		285558		141432		
15:28:52		426990		285558		141432		
15:28:54		405290		285558		119732		
15:28:56		405290		285286		120004		
15:28:58		394859		285543		109316		
15:29:00		394859		285543		109316		
15:29:02		394859		285543		109316		
15:29:04		394859		285271		109588		
15:29:06		442385		286073		156312		
15:29:08		480014		286006		194008		
15:29:10		480014		286006		194008		
15:29:13		464071		284919		179152		
15:29:15		464071		284919		179152		
15:29:17		464071		284919		179152		
15:29:19		451016		285256		165760		
15:29:21		451016		285316		165700		
15:29:23		502430		285394		217036		
15:29:25		502430		285394		217036		
15:29:27		502430		285394		217036		
15:29:29		487155		284999		202156		
15:29:31		487155		285371		201784		
15:29:33		475583		285331		190252		
15:29:35		475583		285331		190252		
15:29:37		453350		285418		167932		
15:29:39		453350		285418		167932		
15:29:41		453350		285418		167932		
15:29:43		453350		285690		167660		
15:29:45		437105		285417		151688		
15:29:47		437105		285417		151688		
15:29:49		426327		285427		140900		
15:29:51		426327		285427		140900		
15:29:53		411072		285424		125648		
15:29:55		411072		285424		125648		
15:29:57		411072		285424		125648		
15:29:59		397389		285257		112132		
15:30:01		397389		285653		111736		
15:30:03		397389		285653		111736		
15:30:05		397389		285653		111736		
15:30:07		397389		285653		111736		
15:30:09		445600		286124		159476		
15:30:11		445600		286124		159476		
15:30:13		445600		286124		159476		
15:30:15		445600		286124		159476		
15:30:17		445600		286124		159476		
15:30:19		478835		286127		192708		
15:30:21		478835		286127		192708		
15:30:23		460479		285627		174852		
15:30:25		460479		285627		174852		
15:30:27		443980		285620		158360		
15:30:29		431699		285615		146084		
15:30:31		431699		285615		146084		
15:30:34		431699		285615		146084		
15:30:36		431699		285615		146084		
15:30:38		414297		285697		128600		
15:30:40		414297		285697		128600		
15:30:42		401180		285600		115580		
15:30:44		401180		285600		115580		
15:30:46		386272		285572		100700		
15:30:48		397460		286220		111240		
15:30:50		397460		286220		111240		
15:30:52		397460		286220		111240		
15:30:54		397460		286220		111240		
15:30:56		397460		286212		111248		
15:30:58		397460		286212		111248		
15:31:00		397460		286212		111248		
15:31:02		397460		286212		111248		
15:31:04		397460		286212		111248		
15:31:06		397460		286212		111248		
15:31:08		446941		286217		160724		
15:31:10		446941		286217		160724		
15:31:12		446941		286217		160724		
15:31:14		446941		286217		160724		
15:31:16		446941		286217		160724		
15:31:18		446941		286217		160724		
15:31:20		426968		285712		141256		
15:31:22		416427		285703		130724		
15:31:24		416427		285695		130732		
15:31:26		416427		285695		130732		
15:31:28		416427		285695		130732		
15:31:30		405967		285651		120316		
15:31:32		405967		285651		120316		
15:31:34		405967		285651		120316		
15:31:36		394913		285633		109280		
15:31:38		394913		285757		109156		
15:31:40		466079		286243		179836		
15:31:42		480797		286205		194592		
15:31:44		463383		285779		177604		
15:31:46		450107		285771		164336		
15:31:48		450107		285771		164336		
15:31:51		450107		285771		164336		
15:31:53		450107		285771		164336		
15:31:55		439227		285679		153548		
15:31:57		439227		285679		153548		
15:31:59		439227		285679		153548		
15:32:01		439227		285679		153548		
15:32:03		424821		285781		139040		
15:32:05		467913		286341		181572		
15:32:07		467913		286341		181572		
15:32:09		467913		286341		181572		
15:32:11		457192		285788		171404		
15:32:13		457192		285788		171404		
15:32:15		434742		285782		148960		
15:32:17		434742		285782		148960		
15:32:19		434742		285782		148960		
15:32:21		434742		285782		148960		
15:32:23		424241		285697		138544		
15:32:25		424241		285697		138544		
15:32:27		424241		285697		138544		
15:32:29		413240		285732		127508		
15:32:31		413240		285732		127508		
15:32:33		413240		285732		127508		
15:32:35		413240		285732		127508		
15:32:37		401054		285698		115356		
15:32:39		401054		285822		115232		
15:32:41		401054		285822		115232		
15:32:43		401054		285822		115232		
15:32:45		386482		285882		100600		
15:32:47		386482		285882		100600		
15:32:49		424954		286286		138668		
15:32:51		424954		286286		138668		
15:32:53		424954		286286		138668		
15:32:55		469982		286302		183680		
15:32:57		469982		286302		183680		
15:32:59		469982		286302		183680		
15:33:01		457139		285587		171552		
15:33:03		457139		285859		171280		
15:33:05		443987		285851		158136		
15:33:07		443987		285851		158136		
15:33:09		426753		285853		140900		
15:33:12		426753		285853		140900		
15:33:14		426753		285853		140900		
15:33:16		426753		285853		140900		
15:33:18		426753		285853		140900		
15:33:20		411627		285855		125772		
15:33:22		411627		285855		125772		
15:33:24		399249		285877		113372		
15:33:26		399249		285877		113372		
15:33:28		399249		285877		113372		
15:33:30		399249		285877		113372		
15:33:32		399249		285877		113372		
15:33:34		399249		285877		113372		
15:33:36		399249		285877		113372		
15:33:38		399249		285877		113372		
15:33:40		399249		285877		113372		
15:33:42		399249		285877		113372		
15:33:44		399249		285877		113372		
15:33:46		399249		285877		113372		
15:33:48		399249		285877		113372		
15:33:50		399249		285877		113372		
15:33:52		399249		286001		113248		
15:33:54		399249		286001		113248		
15:33:56		399249		286001		113248		
15:33:58		437037		286465		150572		
15:34:00		449553		286457		163096		
15:34:02		449553		286457		163096		
15:34:04		449553		286457		163096		
15:34:06		433311		285963		147348		
15:34:08		433311		285963		147348		
15:34:10		433311		285963		147348		
15:34:12		464816		286468		178348		
15:34:14		492433		286433		206000		
15:34:16		481346		285886		195460		
15:34:18		481346		285886		195460		
15:34:20		481346		285886		195460		
15:34:22		468196		285880		182316		
15:34:24		468196		285880		182316		
15:34:26		468196		285880		182316		
15:34:28		468196		285880		182316		
15:34:30		468196		285880		182316		
15:34:32		447893		285913		161980		
15:34:34		447893		285913		161980		
15:34:36		415849		285985		129864		
15:34:38		415849		285985		129864		
15:34:41		404791		285963		118828		
15:34:43		417063		286455		130608		
15:34:45		417063		286455		130608		
15:34:47		417063		286455		130608		
15:34:49		417063		286455		130608		
15:34:51		417063		286455		130608		
15:34:53		417063		286455		130608		
15:34:55		447687		286575		161112		
15:34:57		447687		286575		161112		
15:34:59		435966		286014		149952		
15:35:01		435966		286014		149952		
15:35:03		435966		286014		149952		
15:35:05		414129		286001		128128		
15:35:07		402040		285940		116100		
15:35:09		402040		285940		116100		
15:35:11		388548		285964		102584		
15:35:13		388548		285964		102584		
15:35:15		399191		286563		112628		
15:35:17		399191		286563		112628		
15:35:19		434937		286597		148340		
15:35:21		457205		286545		170660		
15:35:23		446663		286047		160616		
15:35:25		446663		286047		160616		
15:35:27		446663		286047		160616		
15:35:29		446663		286047		160616		
15:35:31		432257		286025		146232		
15:35:33		432257		286025		146232		
15:35:35		432257		286025		146232		
15:35:37		432257		286025		146232		
15:35:39		419681		285973		133708		
15:35:41		408311		286011		122300		
15:35:43		408311		286011		122300		
15:35:45		397582		286062		111520		
15:35:47		397582		286070		111512		
15:35:49		397582		286070		111512		
15:35:51		411131		286599		124532		
15:35:53		443891		286623		157268		
15:35:55		459605		302337		157268		
15:35:57		459605		286589		173016		
15:35:59		437484		286044		151440		
15:36:02		437484		286044		151440		
15:36:04		437484		285896		151588		
15:36:06		425281		286117		139164		
15:36:08		425281		286117		139164		
15:36:10		425281		286117		139164		
15:36:12		425281		286117		139164		
15:36:14		411794		286022		125772		
15:36:16		411794		286022		125772		
15:36:18		411794		286022		125772		
15:36:20		401211		286103		115108		
15:36:22		434528		286684		147844		
15:36:24		434528		286684		147844		
15:36:26		449157		286681		162476		
15:36:28		449157		286681		162476		
15:36:30		449157		286681		162476		
15:36:32		449157		286681		162476		
15:36:34		449157		286681		162476		
15:36:36		449157		286681		162476		
15:36:38		423033		286101		136932		
15:36:40		409407		286115		123292		
15:36:42		409407		286115		123292		
15:36:44		409407		286115		123292		
15:36:46		409407		286115		123292		
15:36:48		409407		286115		123292		
15:36:50		409407		286115		123292		
15:36:52		396668		286272		110396		
15:36:54		396668		286272		110396		
15:36:56		432393		286657		145736		
15:36:58		432393		286657		145736		
15:37:00		418252		286156		132096		
15:37:02		433466		286738		146728		
15:37:04		433466		286738		146728		
15:37:06		433466		286738		146728		
15:37:08		433466		286738		146728		
15:37:10		433466		286738		146728		
15:37:12		433466		286738		146728		
15:37:14		483711		286763		196948		
15:37:16		483711		286763		196948		
15:37:18		483711		286763		196948		
15:37:20		472788		286132		186656		
15:37:23		472788		286132		186656		
15:37:25		472788		286132		186656		
15:37:27		472788		286132		186656		
15:37:29		461429		286181		175248		
15:37:31		461429		286181		175248		
15:37:33		461429		286181		175248		
15:37:35		442176		286148		156028		
15:37:37		463402		286790		176612		
15:37:39		463402		286790		176612		
15:37:41		463402		286790		176612		
15:37:43		463402		286790		176612		
15:37:45		447223		286235		160988		
15:37:47		447223		286235		160988		
15:37:49		429376		286244		143132		
15:37:51		429376		286244		143132		
15:37:53		417747		286271		131476		
15:37:55		417747		286271		131476		
15:37:57		417747		286271		131476		
15:37:59		417747		286271		131476		
15:38:01		470669		286741		183928		
15:38:03		470669		286741		183928		
15:38:05		460253		286245		174008		
15:38:07		460253		286245		174008		
15:38:09		460253		286245		174008		
15:38:11		440888		286224		154664		
15:38:13		440888		286224		154664		
15:38:15		440888		286224		154664		
15:38:17		440888		286224		154664		
15:38:19		419221		286257		132964		
15:38:21		419221		286257		132964		
15:38:23		419221		286257		132964		
15:38:25		403313		286221		117092		
15:38:27		403313		286221		117092		
15:38:29		403313		286221		117092		
15:38:31		403313		286221		117092		
15:38:33		403313		286345		116968		
15:38:35		403313		286345		116968		
15:38:37		403313		286345		116968		
15:38:40		431322		286826		144496		
15:38:42		442791		286887		155904		
15:38:44		427778		286258		141520		
15:38:46		427778		286258		141520		
15:38:48		411037		286257		124780		
15:38:50		411037		286257		124780		
15:38:52		411037		286257		124780		
15:38:54		411037		286257		124780		
15:38:56		411037		286257		124780		
15:38:58		469619		286807		182812		
15:39:00		484717		286901		197816		
15:39:02		465559		286071		179488		
15:39:04		465559		286407		179152		
15:39:06		465559		286407		179152		
15:39:08		454961		286497		168464		
15:39:10		454961		286497		168464		
15:39:12		444713		286665		158048		
15:39:14		444713		286393		158320		
15:39:16		444713		286393		158320		
15:39:18		422101		286225		135876		
15:39:20		422101		286473		135628		
15:39:22		422101		286473		135628		
15:39:24		422101		286409		135692		
15:39:26		422101		286409		135692		
15:39:28		422101		286409		135692		
15:39:30		408914		286490		122424		
15:39:32		395400		286492		108908		
15:39:34		395400		286492		108908		
15:39:36		429243		286483		142760		
15:39:38		429243		286483		142760		
15:39:40		429243		286515		142728		
15:39:42		429243		286483		142760		
15:39:44		429243		286483		142760		
15:39:46		417053		286717		130336		
15:39:48		417053		286445		130608		
15:39:50		417053		286445		130608		
15:39:52		447922		286438		161484		
15:39:54		447922		286438		161484		
15:39:57		435021		286185		148836		
15:39:59		435021		286557		148464		
15:40:01		435021		286705		148316		
15:40:03		491006		286494		204512		
15:40:05		491006		286494		204512		
15:40:07		491006		286494		204512		
15:40:09		480117		286269		193848		
15:40:11		480117		286517		193600		
15:40:13		466884		286824		180060		
15:40:15		466884		286552		180332		
15:40:17		455511		286463		169048		
15:40:19		445195		286315		158880		
15:40:21		432388		286404		145984		
15:40:23		432388		286528		145860		
15:40:25		414221		286613		127608		
15:40:27		414221		286589		127632		
15:40:29		399771		286523		113248		
15:40:31		399771		286523		113248		
15:40:33		399771		286523		113248		
15:40:35		399771		286523		113248		
15:40:37		399771		286795		112976		
15:40:39		399771		286523		113248		
15:40:41		399771		286795		112976		
15:40:43		386569		286341		100228		
15:40:45		386569		286341		100228		
15:40:47		386569		286861		99708		
15:40:49		386569		286589		99980		
15:40:51		386569		286589		99980		
15:40:53		421690		286618		135072		
15:40:55		487949		287057		200892		
15:40:57		487949		286537		201412		
15:40:59		475049		286525		188524		
15:41:01		499219		286639		212580		
15:41:03		499219		286639		212580		
15:41:05		484845		286153		198692		
15:41:07		484845		286913		197932		
15:41:09		484845		286641		198204		
15:41:11		484845		286665		198180		
15:41:13		484845		286913		197932		
15:41:15		484845		286641		198204		
15:41:18		469497		286421		183076		
15:41:20		469497		286421		183076		
15:41:22		469497		286661		182836		
15:41:24		457403		286619		170784		
15:41:26		457403		286991		170412		
15:41:28		457403		286595		170808		
15:41:30		457403		286595		170808		
15:41:32		457403		286595		170808		
15:41:34		435458		286598		148860		
15:41:36		435458		286994		148464		
15:41:38		412805		286637		126168		
15:41:40		412805		286637		126168		
15:41:42		399548		286672		112876		
15:41:44		399548		286648		112900		
15:41:46		413399		286735		126664		
15:41:48		413399		286611		126788		
15:41:50		413399		286735		126664		
15:41:52		482816		286712		196104		
15:41:54		482816		287232		195584		
15:41:56		482816		286712		196104		
15:41:58		482816		286712		196104		
15:42:00		470005		286945		183060		
15:42:02		470005		286673		183332		
15:42:04		470005		286673		183332		
15:42:06		454588		286508		168080		
15:42:08		454588		286756		167832		
15:42:10		454588		286904		167684		
15:42:12		454588		286756		167832		
15:42:14		480949		286705		194244		
15:42:16		480949		287225		193724		
15:42:18		495628		286752		208876		
15:42:20		495628		286752		208876		
15:42:22		485343		287031		198312		
15:42:24		485343		286759		198584		
15:42:26		468308		286588		181720		
15:42:28		468308		286588		181720		
15:42:30		468308		286736		181572		
15:42:32		452042		287086		164956		
15:42:34		452042		286814		165228		
15:42:36		435988		287028		148960		
15:42:39		502490		286794		215696		
15:42:41		502490		287314		215176		
15:42:43		502490		286794		215696		
15:42:45		502490		287066		215424		
15:42:47		492093		286689		205404		
15:42:49		492093		287085		205008		
15:42:51		470939		286615		184324		
15:42:53		459411		286619		172792		
15:42:55		459411		286619		172792		
15:42:57		459411		286867		172544		
15:42:59		459411		287015		172396		
15:43:01		459411		287015		172396		
15:43:03		439382		286802		152580		
15:43:05		439382		286802		152580		
15:43:07		439382		287074		152308		
15:43:09		439382		286802		152580		
15:43:11		439382		286834		152548		
15:43:13		439382		286802		152580		
15:43:15		439382		286802		152580		
15:43:17		439382		287198		152184		
15:43:19		428012		286840		141172		
15:43:21		428012		287112		140900		
15:43:23		428012		286840		141172		
15:43:25		499778		286810		212968		
15:43:27		499778		287330		212448		
15:43:29		488285		286849		201436		
15:43:31		488285		287121		201164		
15:43:33		488285		286849		201436		
15:43:35		488285		287245		201040		
15:43:37		488285		286849		201436		
15:43:39		474823		286903		187920		
15:43:41		463833		287097		176736		
15:43:43		463833		286949		176884		
15:43:45		451431		287095		164336		
15:43:47		451431		286947		164484		
15:43:49		451431		286947		164484		
15:43:51		451431		287095		164336		
15:43:53		451431		286947		164484		
15:43:55		437959		286743		151216		
15:43:57		426054		286742		139312		
15:43:59		426054		287262		138792		
15:44:01		406593		287269		119324		
15:44:04		421924		286952		134972		
15:44:06		421924		287472		134452		
15:44:08		421924		287472		134452		
15:44:10		421924		286952		134972		
15:44:12		421924		287348		134576		
15:44:14		421924		287348		134576		
15:44:16		421924		286952		134972		
15:44:18		409050		286726		122324		
15:44:20		409050		286726		122324		
15:44:22		468640		287688		180952		
15:44:24		468640		287688		180952		
15:44:26		468640		287688		180952		
15:44:28		468640		287044		181596		
15:44:30		468640		287564		181076		
15:44:32		468640		287564		181076		
15:44:34		468640		287068		181572		
15:44:36		448213		287225		160988		
15:44:38		448213		287225		160988		
15:44:40		448213		287225		160988		
15:44:42		448213		286953		161260		
15:44:44		472051		286983		185068		
15:44:46		507464		287056		220408		
15:44:48		492232		287076		205156		
15:44:50		477040		287012		190028		
15:44:52		477040		287012		190028		
15:44:54		477040		287012		190028		
15:44:56		477040		287012		190028		
15:44:58		477040		287012		190028		
15:45:00		465826		286834		178992		
15:45:02		465826		286834		178992		
15:45:04		465826		287082		178744		
15:45:06		449547		287047		162500		
15:45:08		449547		287047		162500		
15:45:10		449547		287047		162500		
15:45:12		437236		287012		150224		
15:45:14		489711		287035		202676		
15:45:16		489711		287035		202676		
15:45:18		489711		287035		202676		
15:45:20		471740		287044		184696		
15:45:22		471740		287044		184696		
15:45:24		471740		287060		184680		
15:45:26		454071		286983		167088		
15:45:29		454071		286983		167088		
15:45:31		454071		286983		167088		
15:45:33		454071		287379		166692		
15:45:35		454071		287379		166692		
15:45:37		454071		287379		166692		
15:45:39		454071		287379		166692		
15:45:41		454071		287379		166692		
15:45:43		437789		287341		150448		
15:45:45		437789		287341		150448		
15:45:47		437789		287341		150448		
15:45:49		437789		287341		150448		
15:45:51		411484		287324		124160		
15:45:53		440105		287921		152184		
15:45:55		440105		287921		152184		
15:45:57		440105		287921		152184		
15:45:59		415244		287364		127880		
15:46:01		415244		287364		127880		
15:46:03		428637		287861		140776		
15:46:05		428637		287861		140776		
15:46:07		428637		287861		140776		
15:46:09		428637		287861		140776		
15:46:11		428637		287861		140776		
15:46:13		428637		287861		140776		
15:46:15		428637		287861		140776		
15:46:17		478133		287881		190252		
15:46:19		478133		287881		190252		
15:46:21		478133		287881		190252		
15:46:23		478133		287881		190252		
15:46:25		478133		287881		190252		
15:46:27		478133		287881		190252		
15:46:29		466944		287356		179588		
15:46:31		466944		287356		179588		
15:46:33		448601		287365		161236		
15:46:35		448601		287365		161236		
15:46:37		448601		287365		161236		
15:46:39		448601		287365		161236		
15:46:41		427954		287426		140528		
15:46:43		427954		287426		140528		
15:46:45		413859		287343		126516		
15:46:47		413859		287343		126516		
15:46:49		403007		287527		115480		
15:46:51		403007		287527		115480		
15:46:54		403007		287527		115480		
15:46:56		403007		287527		115480		
15:46:58		413354		287954		125400		
15:47:00		413354		287954		125400		
15:47:02		413354		288082		125272		
15:47:04		413354		288066		125288		
15:47:06		439711		288135		151576		
15:47:08		495214		288078		207136		
15:47:10		495214		288078		207136		
15:47:12		483866		287518		196348		
15:47:14		483866		287518		196348		
15:47:16		483866		287518		196348		
15:47:18		516110		289506		226604		
15:47:20		516110		289506		226604		
15:47:22		499224		272620		226604		
15:47:24		483219		287615		195604		
15:47:26		483219		287615		195604		
15:47:28		483219		287615		195604		
15:47:30		483219		287615		195604		
15:47:32		483219		287615		195604		
15:47:34		469672		287584		182088		
15:47:36		458955		287531		171424		
15:47:38		447496		287604		159892		
15:47:40		447496		287604		159892		
15:47:42		423861		287529		136332		
15:47:44		412597		287549		125048		
15:47:46		424984		288156		136828		
15:47:48		424984		288156		136828		
15:47:50		424984		288156		136828		
15:47:52		424984		288156		136828		
15:47:54		424984		288156		136828		
15:47:56		480498		288118		192380		
15:47:58		480498		288118		192380		
15:48:00		480498		288118		192380		
15:48:02		465980		287612		178368		
15:48:04		465980		287612		178368		
15:48:06		465980		287612		178368		
15:48:08		451150		287662		163488		
15:48:10		436764		287660		149104		
15:48:12		436764		287660		149104		
15:48:15		461327		288167		173160		
15:48:17		461327		288167		173160		
15:48:19		461327		288167		173160		
15:48:21		461327		288167		173160		
15:48:23		461327		288167		173160		
15:48:25		461327		288167		173160		
15:48:27		450443		277283		173160		
15:48:29		438239		287647		150592		
15:48:31		438239		287647		150592		
15:48:33		438239		287647		150592		
15:48:35		425060		287340		137720		
15:48:37		412957		287661		125296		
15:48:39		412957		287661		125296		
15:48:41		412957		287661		125296		
15:48:43		462647		288247		174400		
15:48:45		462647		288247		174400		
15:48:47		462647		288247		174400		
15:48:49		446901		287629		159272		
15:48:51		446901		287629		159272		
15:48:53		430271		287739		142532		
15:48:55		443066		288258		154808		
15:48:57		443066		288258		154808		
15:48:59		443066		288258		154808		
15:49:01		443066		288258		154808		
15:49:03		428997		287705		141292		
15:49:05		428997		287705		141292		
15:49:07		428997		287705		141292		
15:49:09		415626		287726		127900		
15:49:11		415626		287726		127900		
15:49:13		415626		287726		127900		
15:49:15		405138		287654		117484		
15:49:17		405138		287654		117484		
15:49:19		430950		288294		142656		
15:49:21		430950		288294		142656		
15:49:23		430950		288294		142656		
15:49:25		417964		287708		130256		
15:49:27		417964		287708		130256		
15:49:29		429548		288256		141292		
15:49:31		429548		288256		141292		
15:49:33		429548		288256		141292		
15:49:35		429548		288256		141292		
15:49:38		429548		288256		141292		
15:49:40		478036		288260		189776		
15:49:42		478036		288260		189776		
15:49:44		478036		288260		189776		
15:49:46		464143		287759		176384		
15:49:48		464143		287759		176384		
15:49:50		464143		287759		176384		
15:49:52		447965		287701		160264		
15:49:54		447965		287701		160264		
15:49:56		447965		287701		160264		
15:49:58		435645		287781		147864		
15:50:00		435645		287781		147864		
15:50:02		435645		287781		147864		
15:50:04		476012		288344		187668		
15:50:06		476012		288344		187668		
15:50:08		476012		288344		187668		
15:50:10		459332		287784		171548		
15:50:12		459332		287784		171548		
15:50:14		459332		287784		171548		
15:50:16		443659		287735		155924		
15:50:18		443659		287735		155924		
15:50:20		427622		287818		139804		
15:50:22		441304		288356		152948		
15:50:24		441304		288356		152948		
15:50:26		441304		288356		152948		
15:50:28		430209		287801		142408		
15:50:30		430209		287801		142408		
15:50:32		466332		288336		177996		
15:50:34		466332		288336		177996		
15:50:36		466332		288336		177996		
15:50:38		498056		288316		209740		
15:50:40		498056		288316		209740		
15:50:42		498056		288316		209740		
15:50:44		476337		287801		188536		
15:50:46		476337		287801		188536		
15:50:48		462353		287829		174524		
15:50:50		462353		287829		174524		
15:50:52		462353		287829		174524		
15:50:54		450291		287795		162496		
15:50:56		450291		287795		162496		
15:50:59		450291		287795		162496		
15:51:01		450291		287795		162496		
15:51:03		437084		287856		149228		
15:51:05		437084		287856		149228		
15:51:07		416920		287780		129140		
15:51:09		416920		287780		129140		
15:51:11		416920		287780		129140		
15:51:13		416920		287904		129016		
15:51:15		416920		287904		129016		
15:51:17		416920		287904		129016		
15:51:19		416920		287904		129016		
15:51:21		416920		287904		129016		
15:51:23		416920		287904		129016		
15:51:25		461578		288418		173160		
15:51:27		461578		288418		173160		
15:51:29		461578		288418		173160		
15:51:31		461578		287674		173904		
15:51:33		449817		287941		161876		
15:51:35		449817		287941		161876		
15:51:37		434986		287990		146996		
15:51:39		434986		287990		146996		
15:51:41		414304		287892		126412		
15:51:43		414304		287892		126412		
15:51:45		414304		287892		126412		
15:51:47		414304		287892		126412		
15:51:49		414304		287892		126412		
15:51:51		414304		287892		126412		
15:51:53		414304		287892		126412		
15:51:55		414304		288016		126288		
15:51:57		414304		288016		126288		
15:51:59		447920		288524		159396		
15:52:01		436169		287933		148236		
15:52:03		412768		287968		124800		
15:52:05		412768		287968		124800		
15:52:07		412768		287968		124800		
15:52:09		412768		287968		124800		
15:52:11		412768		287968		124800		
15:52:13		412768		287968		124800		
15:52:15		412768		287968		124800		
15:52:17		412768		287968		124800		
15:52:19		412768		287968		124800		
15:52:22		397332		287908		109424		
15:52:24		397332		287908		109424		
15:52:26		397332		287908		109424		
15:52:28		455929		288473		167456		
15:52:30		466489		288493		177996		
15:52:32		466489		288493		177996		
15:52:34		448847		287963		160884		
15:52:36		448847		287963		160884		
15:52:38		476806		288518		188288		
15:52:40		476806		288518		188288		
15:52:42		476806		288518		188288		
15:52:44		476806		288518		188288		
15:52:46		476806		288518		188288		
15:52:48		476806		288518		188288		
15:52:50		459622		271334		188288		
15:52:52		444900		256612		188288		
15:52:54		429481		241193		188288		
15:52:56		415716		227428		188288		
15:52:58		389815		201527		188288		
15:53:00		365113		176825		188288		
15:53:02		345428		157140		188288		
15:53:04		388579		200291		188288		
15:53:06		348251		279855		68396		
15:53:08		442968		279604		163364		
15:53:10		442968		279604		163364		
15:53:12		429249		279029		150220		
15:53:14		429249		279029		150220		
15:53:16		414866		279030		135836		
15:53:18		433010		279566		153444		
15:53:20		481497		328053		153444		
15:53:22		449908		296464		153444		
15:53:24		495917		342473		153444		
15:53:26		439729		279093		160636		
15:53:28		472183		279555		192628		
15:53:30		472183		279555		192628		
15:53:32		457036		279040		177996		
15:53:34		457036		279040		177996		
15:53:36		439815		279055		160760		
15:53:38		439815		279055		160760		
15:53:41		424460		279076		145384		
15:53:43		424460		279076		145384		
15:53:45		403963		279039		124924		
15:53:47		403963		279039		124924		
15:53:49		403963		279039		124924		
15:53:51		403963		279039		124924		
15:53:53		390613		279081		111532		
15:53:55		401302		279602		121700		
15:53:57		401302		279602		121700		
15:53:59		401302		279602		121700		
15:54:01		401302		279602		121700		
15:54:03		401302		279602		121700		
15:54:05		401302		279602		121700		
15:54:07		401302		279602		121700		
15:54:09		401302		279602		121700		
15:54:11		401302		279602		121700		
15:54:13		401302		279602		121700		
15:54:15		431475		309775		121700		
15:54:17		380995		259295		121700		
15:54:19		404705		283005		121700		
15:54:21		423723		302023		121700		
15:54:23		503942		382242		121700		
15:54:25		440410		318710		121700		
15:54:27		440410		318710		121700		
15:54:29		440410		318710		121700		
15:54:31		440410		318710		121700		
15:54:33		440410		279006		161404		
15:54:35		459722		298318		161404		
15:54:37		470669		309265		161404		
15:54:39		415087		253683		161404		
15:54:41		415087		253683		161404		
15:54:43		415087		278979		136108		
15:54:45		437759		278959		158800		
15:54:47		437759		278959		158800		
15:54:49		437759		278991		158768		
15:54:51		412567		278815		133752		
15:54:53		412567		278815		133752		
15:54:55		396439		262687		133752		
15:54:57		370829		237077		133752		
15:54:59		346540		212788		133752		
15:55:02		346540		279004		67536		
15:55:04		396746		329210		67536		
15:55:06		355074		278982		76092		
15:55:08		401979		279015		122964		
15:55:10		401979		279015		122964		
15:55:12		401979		279015		122964		
15:55:14		455898		279018		176880		
15:55:16		455898		279266		176632		
15:55:18		455898		278994		176904		
15:55:20		484174		278998		205176		
15:55:22		484174		278998		205176		
15:55:24		484174		278998		205176		
15:55:26		502151		278995		223156		
15:55:28		491429		279061		212368		
15:55:30		491429		279085		212344		
15:55:32		477986		279158		198828		
15:55:34		477986		279010		198976		
15:55:36		477986		279010		198976		
15:55:38		477986		279010		198976		
15:55:40		477986		279010		198976		
15:55:42		477986		279010		198976		
15:55:44		477986		279134		198852		
15:55:46		477986		279158		198828		
15:55:48		461610		279274		182336		
15:55:50		450194		278870		171324		
15:55:52		437311		278883		158428		
15:55:54		437311		278883		158428		
15:55:56		437311		279131		158180		
15:55:58		420609		279169		141440		
15:56:00		406197		279165		127032		
15:56:02		406197		279289		126908		
15:56:04		391419		279119		112300		
15:56:06		391419		279119		112300		
15:56:08		380396		279280		101116		
15:56:10		380396		279132		101264		
15:56:12		391374		279198		112176		
15:56:14		456652		279128		177524		
15:56:17		468998		279198		189800		
15:56:19		481830		279134		202696		
15:56:21		481830		279406		202424		
15:56:23		481830		279134		202696		
15:56:25		481830		279134		202696		
15:56:27		468666		278990		189676		
15:56:29		468666		279114		189552		
15:56:31		468666		279262		189404		
15:56:33		468666		279386		189280		
15:56:35		449312		279228		170084		
15:56:37		449312		279252		170060		
15:56:39		449312		279376		169936		
15:56:41		462245		279141		183104		
15:56:43		462245		279165		183080		
15:56:45		462245		279265		182980		
15:56:47		462245		279141		183104		
15:56:49		462245		279537		182708		
15:56:51		443766		279138		164628		
15:56:53		443766		279262		164504		
15:56:55		443766		279138		164628		
15:56:57		426535		279019		147516		
15:56:59		426535		279019		147516		
15:57:01		413043		279563		133480		
15:57:03		413043		279315		133728		
15:57:05		413043		279563		133480		
15:57:07		413043		279291		133752		
15:57:09		471174		279266		191908		
15:57:11		471174		279786		191388		
15:57:13		471174		279786		191388		
15:57:15		458100		266712		191388		
15:57:17		444262		252874		191388		
15:57:19		425064		279284		145780		
15:57:21		457128		279232		177896		
15:57:23		457128		279232		177896		
15:57:25		457128		279256		177872		
15:57:27		457128		279628		177500		
15:57:29		443061		279177		163884		
15:57:31		443061		279301		163760		
15:57:33		443061		279301		163760		
15:57:35		428931		279183		149748		
15:57:37		428931		279579		149352		
15:57:40		428931		279307		149624		
15:57:42		428931		279307		149624		
15:57:44		406706		279278		127428		
15:57:46		434247		279291		154956		
15:57:48		434247		279291		154956		
15:57:50		419371		279567		139804		
15:57:52		419371		279295		140076		
15:57:54		407173		272205		134968		
15:57:56		407173		279521		127652		
15:57:58		407173		279373		127800		
15:58:00		452660		279352		173308		
15:58:02		452660		279872		172788		
15:58:04		452660		279352		173308		
15:58:06		452660		279352		173308		
15:58:08		505316		279308		226008		
15:58:10		505316		279308		226008		
15:58:12		505316		279308		226008		
15:58:14		505316		279308		226008		
15:58:16		505316		279308		226008		
15:58:18		489833		263825		226008		
15:58:20		471740		245732		226008		
15:58:22		456682		279158		177524		
15:58:24		456682		279678		177004		
15:58:26		456682		279430		177252		
15:58:28		456682		279430		177252		
15:58:30		467749		290497		177252		
15:58:32		467749		290497		177252		
15:58:34		467749		290497		177252		
15:58:36		467749		279437		188312		
15:58:38		467749		279437		188312		
15:58:40		451004		279456		171548		
15:58:42		451004		279432		171572		
15:58:44		432585		279365		153220		
15:58:46		432585		279637		152948		
15:58:48		432585		279637		152948		
15:58:50		455387		302439		152948		
15:58:52		468893		315945		152948		
15:58:54		401977		249029		152948		
15:58:57		414506		261558		152948		
15:58:59		414506		261558		152948		
15:59:01		414506		279514		134992		
15:59:03		414506		279662		134844		
15:59:05		492381		279393		212988		
15:59:07		492381		279541		212840		
15:59:09		492381		279789		212592		
15:59:11		492381		279789		212592		
15:59:13		492381		279517		212864		
15:59:15		492381		279541		212840		
15:59:17		478580		279752		198828		
15:59:19		478580		279480		199100		
15:59:21		464038		279718		184320		
15:59:23		464038		279446		184592		
15:59:25		464038		279446		184592		
15:59:27		448240		279396		168844		
15:59:29		448240		279792		168448		
15:59:31		424558		279794		144764		
15:59:33		424558		279522		145036		
15:59:35		424558		279670		144888		
15:59:37		424558		279546		145012		
15:59:39		424558		279670		144888		
15:59:41		413386		279658		133728		
15:59:43		413386		279534		133852		
15:59:45		413386		279906		133480		
15:59:47		413386		279906		133480		
15:59:49		413386		279510		133876		
15:59:51		399675		279835		119840		
15:59:53		399675		279835		119840		
15:59:55		399675		279563		120112		
15:59:57		399675		279711		119964		
15:59:59		399675		279711		119964		
16:00:01		456563		279535		177028		
16:00:03		491126		279626		211500		
16:00:05		491126		279626		211500		
16:00:07		471348		279836		191512		
16:00:09		471348		279836		191512		
16:00:11		461001		279781		181220		
16:00:13		461001		279633		181368		
16:00:15		461001		279905		181096		
16:00:18		461001		279905		181096		
16:00:20		461001		279657		181344		
16:00:22		447967		279767		168200		
16:00:24		447967		279767		168200		
16:00:26		447967		279767		168200		
16:00:28		447967		279619		168348		
16:00:30		429536		279416		150120		
16:00:32		429536		279416		150120		
16:00:34		417100		279628		137472		
16:00:36		451434		279590		171844		
16:00:38		440990		279530		161460		
16:00:40		440990		279514		161476		
16:00:42		425751		279403		146348		
16:00:44		425751		279551		146200		
16:00:46		407394		279670		127724		
16:00:48		422927		280075		142852		
16:00:50		422927		279555		143372		
16:00:52		422927		279555		143372		
16:00:54		422927		279555		143372		
16:00:56		422927		279555		143372		
16:00:58		422927		279555		143372		
16:01:00		501577		279589		221988		
16:01:02		501577		279589		221988		
16:01:04		501577		279589		221988		
16:01:06		490564		279612		210952		
16:01:08		519896		279680		240216		
16:01:10		519896		279680		240216		
16:01:12		499737		279633		220104		
16:01:14		499737		279609		220128		
16:01:16		486312		279452		206860		
16:01:18		486312		279848		206464		
16:01:20		474944		279888		195056		
16:01:22		474944		279888		195056		
16:01:24		474944		279888		195056		
16:01:26		474944		279888		195056		
16:01:28		464028		280008		184020		
16:01:30		464028		280008		184020		
16:01:32		464028		280008		184020		
16:01:34		447716		280064		167652		
16:01:36		447716		280064		167652		
16:01:39		447716		280064		167652		
16:01:41		435924		280052		155872		
16:01:43		435924		280052		155872		
16:01:45		416364		279960		136404		
16:01:47		416364		279960		136404		
16:01:49		416364		279960		136404		
16:01:51		403041		280029		123012		
16:01:53		463738		280462		183276		
16:01:55		463738		280462		183276		
16:01:57		463738		280454		183284		
16:01:59		463738		280454		183284		
16:02:01		478058		280390		197668		
16:02:03		478058		280390		197668		
16:02:05		478058		280390		197668		
16:02:07		459619		279931		179688		
16:02:09		459619		279931		179688		
16:02:11		448537		279885		168652		
16:02:13		435545		279913		155632		
16:02:15		435545		279913		155632		
16:02:17		435545		279913		155632		
16:02:19		435545		279913		155632		
16:02:21		417853		279953		137900		
16:02:23		447061		280517		166544		
16:02:25		447061		280517		166544		
16:02:27		427066		279990		147076		
16:02:29		415847		279923		135924		
16:02:31		430439		280511		149928		
16:02:33		430439		280511		149928		
16:02:35		430439		280511		149928		
16:02:37		430439		280511		149928		
16:02:39		413451		280015		133436		
16:02:41		413451		280015		133436		
16:02:43		413451		280015		133436		
16:02:45		402857		279961		122896		
16:02:47		402857		279961		122896		
16:02:49		402857		279961		122896		
16:02:51		469646		280534		189112		
16:02:53		469646		280534		189112		
16:02:55		469646		280534		189112		
16:02:57		469646		280534		189112		
16:02:59		469646		280534		189112		
16:03:01		452994		280002		172992		
16:03:04		452994		280002		172992		
16:03:06		431778		279990		151788		
16:03:08		431778		279990		151788		
16:03:10		431778		279990		151788		
16:03:12		431778		279990		151788		
16:03:14		431778		279990		151788		
16:03:16		431778		279990		151788		
16:03:18		431778		279990		151788		
16:03:20		431778		279990		151788		
16:03:22		431778		279990		151788		
16:03:24		431778		280114		151664		
16:03:26		412431		280111		132320		
16:03:28		434554		280534		154020		
16:03:30		454972		280616		174356		
16:03:32		442096		280016		162080		
16:03:34		464975		280575		184400		
16:03:36		464975		280575		184400		
16:03:38		451148		280016		171132		
16:03:40		451148		280016		171132		
16:03:42		451148		280016		171132		
16:03:44		451148		280016		171132		
16:03:46		451148		280016		171132		
16:03:48		451148		280016		171132		
16:03:50		451148		280016		171132		
16:03:52		451148		280016		171132		
16:03:54		499424		280552		218872		
16:03:56		499424		280552		218872		
16:03:58		499424		280552		218872		
16:04:00		499424		280552		218872		
16:04:02		486357		280009		206348		
16:04:04		486357		280009		206348		
16:04:06		486357		280009		206348		
16:04:08		468928		280064		188864		
16:04:10		468928		280064		188864		
16:04:12		448762		280110		168652		
16:04:14		448762		279862		168900		
16:04:16		425509		280169		145340		
16:04:18		441734		280646		161088		
16:04:20		441734		280646		161088		
16:04:23		441734		280646		161088		
16:04:25		441734		280646		161088		
16:04:27		441734		280646		161088		
16:04:29		428509		280069		148440		
16:04:31		416863		280079		136784		
16:04:33		404314		280054		124260		
16:04:35		404314		280054		124260		
16:04:37		404314		280054		124260		
16:04:39		404314		280054		124260		
16:04:41		404314		280054		124260		
16:04:43		404314		280054		124260		
16:04:45		462630		280710		181920		
16:04:47		499606		280610		218996		
16:04:49		486283		280183		206100		
16:04:51		473295		280091		193204		
16:04:53		473295		280091		193204		
16:04:55		473295		280091		193204		
16:04:57		454800		280196		174604		
16:04:59		454800		280196		174604		
16:05:01		454800		280196		174604		
16:05:03		454800		280196		174604		
16:05:05		454800		280196		174604		
16:05:07		439858		265254		174604		
16:05:09		429471		254867		174604		
16:05:11		429471		254867		174604		
16:05:13		408139		233535		174604		
16:05:15		384051		280127		103924		
16:05:17		423255		280767		142488		
16:05:19		423255		280767		142488		
16:05:21		408174		280194		127980		
16:05:23		408174		280194		127980		
16:05:25		396306		280230		116076		
16:05:27		396306		280230		116076		
16:05:29		396306		280230		116076		
16:05:31		396306		280230		116076		
16:05:33		456471		280751		175720		
16:05:35		456471		280751		175720		
16:05:37		456471		280751		175720		
16:05:39		456471		280751		175720		
16:05:41		456471		280751		175720		
16:05:43		456471		280751		175720		
16:05:45		441727		280143		161584		
16:05:48		441727		280143		161584		
16:05:50		426513		280181		146332		
16:05:52		426513		280181		146332		
16:05:54		457575		280739		176836		
16:05:56		457575		280739		176836		
16:05:58		439245		280265		158980		
16:06:00		439245		280265		158980		
16:06:02		426553		280221		146332		
16:06:04		426553		280221		146332		
16:06:06		402878		280230		122648		
16:06:08		402878		280230		122648		
16:06:10		402878		280230		122648		
16:06:12		402878		280230		122648		
16:06:14		402878		280230		122648		
16:06:16		439748		280768		158980		
16:06:18		439748		280768		158980		
16:06:20		439748		280768		158980		
16:06:22		426027		280191		145836		
16:06:24		426027		280191		145836		
16:06:26		426027		280191		145836		
16:06:28		426027		280315		145712		
16:06:30		426027		280315		145712		
16:06:32		426027		280315		145712		
16:06:34		426027		280315		145712		
16:06:36		479014		280850		198164		
16:06:38		479014		280850		198164		
16:06:40		479014		280850		198164		
16:06:42		479014		280850		198164		
16:06:44		479014		280850		198164		
16:06:46		464834		280310		184524		
16:06:48		454064		280328		173736		
16:06:50		442284		280328		161956		
16:06:52		442284		280328		161956		
16:06:54		431690		280274		151416		
16:06:56		413817		280257		133560		
16:06:58		476586		280902		195684		
16:07:00		476586		280902		195684		
16:07:02		461184		280256		180928		
16:07:04		461184		280380		180804		
16:07:06		461184		280380		180804		
16:07:09		446957		280289		166668		
16:07:11		446957		280289		166668		
16:07:13		427807		280359		147448		
16:07:15		427807		280359		147448		
16:07:17		427807		280087		147720		
16:07:19		427807		280087		147720		
16:07:21		416751		269031		147720		
16:07:23		401460		280300		121160		
16:07:25		401460		280300		121160		
16:07:27		465161		344001		121160		
16:07:29		426053		304893		121160		
16:07:31		426053		304893		121160		
16:07:33		414632		280328		134304		
16:07:35		447928		313624		134304		
16:07:37		416396		282092		134304		
16:07:39		447920		313616		134304		
16:07:41		402111		267807		134304		
16:07:43		427930		293626		134304		
16:07:45		445901		280845		165056		
16:07:47		433760		280360		153400		
16:07:49		433760		280360		153400		
16:07:51		419176		280408		138768		
16:07:53		419176		280408		138768		
16:07:55		408105		280373		127732		
16:07:57		408105		280373		127732		
16:07:59		408105		280373		127732		
16:08:01		408105		280373		127732		
16:08:03		393853		280381		113472		
16:08:05		421632		280880		140752		
16:08:07		421632		280880		140752		
16:08:09		421632		280880		140752		
16:08:11		400787		280371		120416		
16:08:13		400787		280371		120416		
16:08:15		400787		280371		120416		
16:08:17		400787		280371		120416		
16:08:19		411960		281004		130956		
16:08:21		411960		281004		130956		
16:08:23		411960		281004		130956		
16:08:25		472259		280915		191344		
16:08:28		472259		280915		191344		
16:08:30		461272		280468		180804		
16:08:32		461272		280468		180804		
16:08:34		461272		280468		180804		
16:08:36		461272		280468		180804		
16:08:38		443062		280362		162700		
16:08:40		443062		280486		162576		
16:08:42		427233		280405		146828		
16:08:44		427233		280405		146828		
16:08:46		427233		280405		146828		
16:08:48		427233		280405		146828		
16:08:50		414179		280371		133808		
16:08:52		414179		280371		133808		
16:08:54		414179		280371		133808		
16:08:56		399661		280485		119176		
16:08:58		388286		280518		107768		
16:09:00		388286		280518		107768		
16:09:02		388286		280518		107768		
16:09:04		388286		281110		107176		
16:09:06		401671		281103		120568		
16:09:08		432181		281109		151072		
16:09:10		450306		281130		169176		
16:09:12		434048		280496		153552		
16:09:14		434048		280496		153552		
16:09:16		482657		281117		201540		
16:09:18		510128		281060		229068		
16:09:20		510128		281060		229068		
16:09:22		510128		281060		229068		
16:09:24		510128		281060		229068		
16:09:26		489806		280578		209228		
16:09:28		489806		280578		209228		
16:09:30		489806		280578		209228		
16:09:32		489806		280578		209228		
16:09:34		470910		280530		190380		
16:09:36		470910		280530		190380		
16:09:38		452736		280584		172152		
16:09:40		452736		280488		172248		
16:09:43		452736		280488		172248		
16:09:45		437948		280456		157492		
16:09:47		424665		280441		144224		
16:09:49		424665		280441		144224		
16:09:51		424665		280441		144224		
16:09:53		424665		280565		144100		
16:09:55		424665		280565		144100		
16:09:57		424665		280565		144100		
16:09:59		424665		280565		144100		
16:10:01		424665		280565		144100		
16:10:03		467866		281110		186756		
16:10:05		467866		281110		186756		
16:10:07		467866		281110		186756		
16:10:09		467866		281110		186756		
16:10:11		467866		281110		186756		
16:10:13		467866		281110		186756		
16:10:15		467866		281110		186756		
16:10:17		467866		280342		187524		
16:10:19		457007		279891		177116		
16:10:21		457007		279891		177116		
16:10:23		457007		280387		176620		
16:10:25		457007		280387		176620		
16:10:27		457007		280387		176620		
16:10:29		457007		280387		176620		
16:10:31		446497		280169		166328		
16:10:33		461482		280398		181084		
16:10:35		461482		280398		181084		
16:10:37		489455		280991		208464		
16:10:39		489455		280347		209108		
16:10:41		489455		280347		209108		
16:10:43		489455		280347		209108		
16:10:45		489455		280347		209108		
16:10:47		476256		280292		195964		
16:10:49		476256		280416		195840		
16:10:51		476256		280416		195840		
16:10:53		476256		280416		195840		
16:10:55		476256		280416		195840		
16:10:57		476256		280416		195840		
16:10:59		476256		280416		195840		
16:11:01		476256		280416		195840		
16:11:03		476256		280416		195840		
16:11:05		465501		280449		185052		
16:11:07		465501		280597		184904		
16:11:09		465501		280441		185060		
16:11:12		452115		280447		171668		
16:11:14		452115		280447		171668		
16:11:16		452115		280447		171668		
16:11:18		452115		280595		171520		
16:11:20		452115		280447		171668		
16:11:22		465896		280464		185432		
16:11:24		465896		280464		185432		
16:11:26		465896		280464		185432		
16:11:28		465896		280464		185432		
16:11:30		465896		280736		185160		
16:11:32		465896		280464		185432		
16:11:34		455202		280310		174892		
16:11:36		455202		280310		174892		
16:11:38		455202		280434		174768		
16:11:40		455202		280434		174768		
16:11:42		455202		280706		174496		
16:11:44		455202		280434		174768		
16:11:46		455202		280434		174768		
16:11:48		442561		280317		162244		
16:11:50		442561		280441		162120		
16:11:52		442561		280713		161848		
16:11:54		442561		280441		162120		
16:11:56		472161		280529		191632		
16:11:58		472161		281049		191112		
16:12:00		458935		280323		178612		
16:12:02		458935		280447		178488		
16:12:04		475406		281194		194212		
16:12:06		475406		280550		194856		
16:12:08		475406		280550		194856		
16:12:10		475406		280550		194856		
16:12:12		475406		280654		194752		
16:12:14		475406		280654		194752		
16:12:16		501112		281336		219776		
16:12:18		501112		280692		220420		
16:12:20		501112		280692		220420		
16:12:22		482098		280402		201696		
16:12:24		482098		280650		201448		
16:12:26		482098		280922		201176		
16:12:28		482098		280650		201448		
16:12:30		482098		280650		201448		
16:12:32		467812		281020		186792		
16:12:34		467812		280896		186916		
16:12:36		467812		280624		187188		
16:12:39		467812		280624		187188		
16:12:41		455384		280472		174912		
16:12:43		455384		280720		174664		
16:12:45		455384		280868		174516		
16:12:47		469095		280667		188428		
16:12:49		469095		280667		188428		
16:12:51		469095		280939		188156		
16:12:53		469095		280667		188428		
16:12:55		469095		280667		188428		
16:12:57		469095		280791		188304		
16:12:59		495560		280720		214840		
16:13:01		495560		280720		214840		
16:13:03		478372		281040		197332		
16:13:05		478372		280768		197604		
16:13:07		478372		280768		197604		
16:13:09		478372		281164		197208		
16:13:11		478372		280768		197604		
16:13:13		478372		280768		197604		
16:13:15		468080		280644		187436		
16:13:17		468080		280760		187320		
16:13:19		468080		281032		187048		
16:13:21		455827		280783		175044		
16:13:23		468488		293444		175044		
16:13:25		479628		280776		198852		
16:13:27		467162		281106		186056		
16:13:29		467162		280834		186328		
16:13:31		467162		280834		186328		
16:13:33		467162		280834		186328		
16:13:35		467162		280834		186328		
16:13:37		467162		281106		186056		
16:13:39		453906		280846		173060		
16:13:41		453906		280870		173036		
16:13:43		453906		281118		172788		
16:13:45		453906		280870		173036		
16:13:47		453906		281118		172788		
16:13:49		453906		280994		172912		
16:13:51		443314		280794		162520		
16:13:53		431793		280805		150988		
16:13:55		431793		280805		150988		
16:13:57		449895		298907		150988		
16:13:59		465859		314871		150988		
16:14:01		407665		280857		126808		
16:14:03		458057		281549		176508		
16:14:05		458057		280905		177152		
16:14:08		458057		281177		176880		
16:14:10		458057		280905		177152		
16:14:12		444913		281177		163736		
16:14:14		444913		280905		164008		
16:14:16		444913		280905		164008		
16:14:18		444913		281177		163736		
16:14:20		444913		280905		164008		
16:14:22		459328		280936		178392		
16:14:24		459328		280936		178392		
16:14:26		459328		281456		177872		
16:14:28		459328		280936		178392		
16:14:30		459328		280936		178392		
16:14:32		459328		280812		178516		
16:14:34		459328		280936		178392		
16:14:36		459328		280936		178392		
16:14:38		459328		281208		178120		
16:14:40		459328		280936		178392		
16:14:42		459328		281084		178244		
16:14:44		459328		280936		178392		
16:14:46		459328		281208		178120		
16:14:48		445965		280965		165000		
16:14:50		445965		281237		164728		
16:14:52		486389		280965		205424		
16:14:54		486389		280965		205424		
16:14:56		474143		280747		193396		
16:14:58		474143		280747		193396		
16:15:00		462727		281383		181344		
16:15:02		462727		281383		181344		
16:15:04		462727		280987		181740		
16:15:06		462727		280987		181740		
16:15:08		462727		281259		181468		
16:15:10		462727		280987		181740		
16:15:12		462727		281259		181468		
16:15:14		462727		281259		181468		
16:15:16		462727		281259		181468		
16:15:18		462727		280987		181740		
16:15:20		493542		311802		181740		
16:15:22		445209		263469		181740		
16:15:24		465914		284174		181740		
16:15:26		480241		298501		181740		
16:15:28		480241		281017		199224		
16:15:30		480241		281537		198704		
16:15:33		469896		281236		188660		
16:15:35		469896		281236		188660		
16:15:37		469896		280964		188932		
16:15:39		457799		281167		176632		
16:15:41		457799		281167		176632		
16:15:43		468156		280976		187180		
16:15:45		468156		280960		187196		
16:15:47		468156		280960		187196		
16:15:49		456598		281330		175268		
16:15:51		456598		280986		175612		
16:15:53		456598		280986		175612		
16:15:55		456598		280986		175612		
16:15:57		456598		280986		175612		
16:15:59		456598		280986		175612		
16:16:01		456598		280986		175612		
16:16:03		456598		280986		175612		
16:16:05		456598		280986		175612		
16:16:07		439694		280822		158872		
16:16:09		439694		280822		158872		
16:16:11		439694		280946		158748		
16:16:13		439694		281070		158624		
16:16:15		439694		281070		158624		
16:16:17		439694		281070		158624		
16:16:19		439694		281070		158624		
16:16:21		480177		281773		198404		
16:16:23		480177		281773		198404		
16:16:25		480177		281773		198404		
16:16:27		480177		281773		198404		
16:16:29		480177		281773		198404		
16:16:31		465459		281191		184268		
16:16:33		465459		281191		184268		
16:16:35		465459		281191		184268		
16:16:37		465459		281191		184268		
16:16:39		465459		281191		184268		
16:16:41		465459		281315		184144		
16:16:43		453141		268997		184144		
16:16:45		437360		253216		184144		
16:16:47		424165		240021		184144		
16:16:49		411322		227178		184144		
16:16:51		395341		211197		184144		
16:16:53		383337		199193		184144		
16:16:55		383337		199193		184144		
16:16:57		383337		199193		184144		
16:17:00		383337		199193		184144		
16:17:02		383337		281281		102056		
16:17:04		446513		344457		102056		
16:17:06		402217		300161		102056		
16:17:08		452054		349998		102056		
16:17:10		394918		292862		102056		
16:17:12		449644		347588		102056		
16:17:14		400028		297972		102056		
16:17:16		447780		345724		102056		
16:17:18		398518		296462		102056		
16:17:20		444270		342214		102056		
16:17:22		387629		285573		102056		
16:17:24		427917		281849		146068		
16:17:26		452546		281802		170744		
16:17:28		507917		281869		226048		
16:17:30		507917		281869		226048		
16:17:32		494013		281357		212656		
16:17:34		494013		281357		212656		
16:17:36		494013		281357		212656		
16:17:38		494013		281357		212656		
16:17:40		494013		281357		212656		
16:17:42		481515		281259		200256		
16:17:44		481515		281259		200256		
16:17:46		481515		281259		200256		
16:17:48		481515		281383		200132		
16:17:50		481515		281383		200132		
16:17:52		481515		281383		200132		
16:17:54		481515		281383		200132		
16:17:56		481515		281383		200132		
16:17:58		454428		281328		173100		
16:18:00		454428		281444		172984		
16:18:02		454428		281444		172984		
16:18:04		439509		281405		158104		
16:18:06		439509		281405		158104		
16:18:08		439509		281405		158104		
16:18:10		439509		281405		158104		
16:18:12		481229		281957		199272		
16:18:14		481229		281957		199272		
16:18:16		481229		281957		199272		
16:18:18		481229		281957		199272		
16:18:20		470148		281416		188732		
16:18:23		470148		281416		188732		
16:18:25		456603		281387		175216		
16:18:27		456603		281387		175216		
16:18:29		456603		281387		175216		
16:18:31		480924		281900		199024		
16:18:33		480924		281900		199024		
16:18:35		462330		281410		180920		
16:18:37		462330		281410		180920		
16:18:39		450379		281363		169016		
16:18:41		439935		281459		158476		
16:18:43		439935		281459		158476		
16:18:45		439935		281459		158476		
16:18:47		439935		281459		158476		
16:18:49		439935		281459		158476		
16:18:51		439935		281459		158476		
16:18:53		439935		281459		158476		
16:18:55		439935		281459		158476		
16:18:57		425549		281457		144092		
16:18:59		445681		281997		163684		
16:19:01		445681		281997		163684		
16:19:03		445681		281997		163684		
16:19:05		445681		281997		163684		
16:19:07		445681		281997		163684		
16:19:09		445681		281997		163684		
16:19:11		456127		282027		174100		
16:19:13		456127		282027		174100		
16:19:15		456127		282027		174100		
16:19:17		456127		282027		174100		
16:19:19		472170		281322		190848		
16:19:21		472170		281950		190220		
16:19:23		472170		281942		190228		
16:19:25		472170		281926		190244		
16:19:27		472170		281926		190244		
16:19:29		483771		281871		201900		
16:19:31		483771		281871		201900		
16:19:33		483771		281871		201900		
16:19:34		483771		281871		201900		
