record in kb
time		total		used		free
[14:19:52]		1048572		17308		1031264
[14:19:55]		1048572		17308		1031264
[14:19:58]		1048572		17308		1031264
[14:20:01]		1048572		17308		1031264
[14:20:04]		1048572		17308		1031264
[14:20:07]		1048572		17308		1031264
[14:20:10]		1048572		17308		1031264
[14:20:13]		1048572		17308		1031264
[14:20:16]		1048572		17308		1031264
[14:20:19]		1048572		17308		1031264
[14:20:22]		1048572		17308		1031264
[14:20:25]		1048572		17308		1031264
[14:20:28]		1048572		17308		1031264
[14:20:31]		1048572		17308		1031264
[14:20:34]		1048572		17308		1031264
[14:20:37]		1048572		17308		1031264
[14:20:40]		1048572		17308		1031264
[14:20:43]		1048572		17308		1031264
[14:20:46]		1048572		17308		1031264
[14:20:49]		1048572		17308		1031264
[14:20:52]		1048572		17308		1031264
[14:20:55]		1048572		17308		1031264
[14:20:58]		1048572		17308		1031264
[14:21:01]		1048572		17308		1031264
[14:21:04]		1048572		17308		1031264
[14:21:07]		1048572		17308		1031264
[14:21:10]		1048572		17308		1031264
[14:21:13]		1048572		17308		1031264
[14:21:16]		1048572		17308		1031264
[14:21:19]		1048572		17308		1031264
[14:21:22]		1048572		17308		1031264
[14:21:25]		1048572		17308		1031264
[14:21:28]		1048572		17560		1031012
[14:21:31]		1048572		17560		1031012
[14:21:34]		1048572		17708		1030864
[14:21:37]		1048572		17708		1030864
[14:21:40]		1048572		17708		1030864
[14:21:43]		1048572		17708		1030864
[14:21:46]		1048572		17708		1030864
[14:21:49]		1048572		17708		1030864
[14:21:52]		1048572		17708		1030864
[14:21:55]		1048572		17708		1030864
[14:21:58]		1048572		17708		1030864
[14:22:01]		1048572		17708		1030864
[14:22:04]		1048572		17704		1030868
[14:22:07]		1048572		17704		1030868
[14:22:10]		1048572		17704		1030868
[14:22:13]		1048572		17704		1030868
[14:22:16]		1048572		17704		1030868
[14:22:19]		1048572		17700		1030872
[14:22:22]		1048572		17700		1030872
[14:22:25]		1048572		17700		1030872
[14:22:28]		1048572		17700		1030872
[14:22:31]		1048572		17700		1030872
[14:22:34]		1048572		17700		1030872
[14:22:37]		1048572		17700		1030872
[14:22:40]		1048572		17700		1030872
[14:22:43]		1048572		17700		1030872
[14:22:46]		1048572		17700		1030872
[14:22:49]		1048572		17700		1030872
[14:22:52]		1048572		17700		1030872
[14:22:55]		1048572		17700		1030872
[14:22:58]		1048572		17700		1030872
[14:23:01]		1048572		17700		1030872
[14:23:04]		1048572		17700		1030872
[14:23:07]		1048572		17700		1030872
[14:23:10]		1048572		17700		1030872
[14:23:13]		1048572		17700		1030872
[14:23:16]		1048572		17696		1030876
[14:23:19]		1048572		17696		1030876
[14:23:22]		1048572		17696		1030876
[14:23:25]		1048572		17696		1030876
[14:23:28]		1048572		17696		1030876
[14:23:31]		1048572		17696		1030876
[14:23:34]		1048572		17696		1030876
[14:23:37]		1048572		17696		1030876
[14:23:40]		1048572		17696		1030876
[14:23:43]		1048572		17696		1030876
[14:23:46]		1048572		17696		1030876
[14:23:49]		1048572		17696		1030876
[14:23:52]		1048572		17696		1030876
[14:23:55]		1048572		17696		1030876
[14:23:59]		1048572		17696		1030876
[14:24:02]		1048572		22192		1026380
[14:24:05]		1048572		27372		1021200
[14:24:08]		1048572		29600		1018972
[14:24:11]		1048572		32452		1016120
[14:24:14]		1048572		33004		1015568
[14:24:17]		1048572		33000		1015572
[14:24:20]		1048572		32996		1015576
[14:24:23]		1048572		32996		1015576
[14:24:26]		1048572		32996		1015576
[14:24:29]		1048572		32952		1015620
[14:24:32]		1048572		32924		1015648
[14:24:35]		1048572		19216		1029356
[14:24:38]		1048572		19216		1029356
[14:24:41]		1048572		19216		1029356
[14:24:44]		1048572		19216		1029356
[14:24:47]		1048572		19216		1029356
[14:24:50]		1048572		19216		1029356
[14:24:53]		1048572		19216		1029356
[14:24:56]		1048572		19216		1029356
[14:24:59]		1048572		19216		1029356
[14:25:02]		1048572		19216		1029356
[14:25:05]		1048572		19216		1029356
[14:25:08]		1048572		19216		1029356
[14:25:11]		1048572		19216		1029356
[14:25:14]		1048572		19216		1029356
[14:25:17]		1048572		19216		1029356
[14:25:20]		1048572		19216		1029356
[14:25:23]		1048572		19216		1029356
[14:25:26]		1048572		19216		1029356
[14:25:29]		1048572		19216		1029356
[14:25:32]		1048572		19216		1029356
[14:25:35]		1048572		19216		1029356
[14:25:38]		1048572		19216		1029356
[14:25:41]		1048572		19216		1029356
[14:25:44]		1048572		19216		1029356
[14:25:47]		1048572		19216		1029356
[14:25:50]		1048572		19216		1029356
[14:25:53]		1048572		19216		1029356
[14:25:56]		1048572		19216		1029356
[14:25:59]		1048572		19216		1029356
[14:26:02]		1048572		19216		1029356
[14:26:05]		1048572		19216		1029356
[14:26:08]		1048572		19216		1029356
[14:26:11]		1048572		19216		1029356
[14:26:14]		1048572		19216		1029356
[14:26:17]		1048572		19216		1029356
[14:26:20]		1048572		19216		1029356
[14:26:23]		1048572		19216		1029356
[14:26:26]		1048572		19216		1029356
[14:26:29]		1048572		19220		1029352
[14:26:32]		1048572		19220		1029352
[14:26:35]		1048572		19220		1029352
[14:26:38]		1048572		19220		1029352
[14:26:41]		1048572		19220		1029352
[14:26:44]		1048572		19220		1029352
[14:26:47]		1048572		19220		1029352
[14:26:50]		1048572		19220		1029352
[14:26:53]		1048572		19220		1029352
[14:26:56]		1048572		19220		1029352
[14:26:59]		1048572		19220		1029352
[14:27:02]		1048572		19220		1029352
[14:27:05]		1048572		19212		1029360
[14:27:08]		1048572		19212		1029360
[14:27:11]		1048572		19212		1029360
[14:27:14]		1048572		19212		1029360
[14:27:17]		1048572		19212		1029360
[14:27:20]		1048572		19212		1029360
[14:27:23]		1048572		19212		1029360
[14:27:26]		1048572		19212		1029360
[14:27:29]		1048572		19212		1029360
[14:27:32]		1048572		19212		1029360
[14:27:35]		1048572		19212		1029360
[14:27:38]		1048572		19212		1029360
[14:27:41]		1048572		19212		1029360
[14:27:44]		1048572		19212		1029360
[14:27:47]		1048572		19212		1029360
[14:27:50]		1048572		19212		1029360
[14:27:53]		1048572		19212		1029360
[14:27:56]		1048572		19212		1029360
[14:27:59]		1048572		19212		1029360
[14:28:02]		1048572		19212		1029360
[14:28:05]		1048572		19212		1029360
[14:28:08]		1048572		19212		1029360
[14:28:11]		1048572		19212		1029360
[14:28:14]		1048572		19208		1029364
[14:28:17]		1048572		19208		1029364
[14:28:20]		1048572		19208		1029364
[14:28:23]		1048572		19208		1029364
[14:28:26]		1048572		19208		1029364
[14:28:29]		1048572		19208		1029364
[14:28:32]		1048572		19208		1029364
[14:28:35]		1048572		19208		1029364
[14:28:38]		1048572		19208		1029364
[14:28:41]		1048572		19208		1029364
[14:28:44]		1048572		19208		1029364
[14:28:47]		1048572		19208		1029364
[14:28:50]		1048572		19208		1029364
[14:28:53]		1048572		19208		1029364
[14:28:56]		1048572		19208		1029364
[14:28:59]		1048572		19208		1029364
[14:29:02]		1048572		19208		1029364
[14:29:05]		1048572		19208		1029364
[14:29:08]		1048572		19208		1029364
[14:29:11]		1048572		19204		1029368
[14:29:14]		1048572		19204		1029368
[14:29:17]		1048572		19204		1029368
[14:29:20]		1048572		19204		1029368
[14:29:23]		1048572		19204		1029368
[14:29:26]		1048572		19204		1029368
[14:29:29]		1048572		19204		1029368
[14:29:32]		1048572		19204		1029368
[14:29:35]		1048572		19204		1029368
[14:29:38]		1048572		19204		1029368
[14:29:41]		1048572		19204		1029368
[14:29:44]		1048572		19204		1029368
[14:29:47]		1048572		19204		1029368
[14:29:50]		1048572		19204		1029368
[14:29:53]		1048572		19204		1029368
[14:29:56]		1048572		19204		1029368
[14:29:59]		1048572		19204		1029368
[14:30:02]		1048572		19204		1029368
[14:30:05]		1048572		19204		1029368
[14:30:08]		1048572		19204		1029368
[14:30:11]		1048572		19204		1029368
[14:30:14]		1048572		19204		1029368
[14:30:17]		1048572		19204		1029368
[14:30:20]		1048572		19204		1029368
[14:30:23]		1048572		19204		1029368
[14:30:26]		1048572		19204		1029368
[14:30:29]		1048572		19204		1029368
[14:30:32]		1048572		19204		1029368
[14:30:35]		1048572		19204		1029368
[14:30:38]		1048572		19204		1029368
[14:30:41]		1048572		19204		1029368
[14:30:44]		1048572		19204		1029368
[14:30:47]		1048572		19204		1029368
[14:30:50]		1048572		19204		1029368
[14:30:53]		1048572		19204		1029368
[14:30:56]		1048572		19204		1029368
[14:30:59]		1048572		19204		1029368
[14:31:02]		1048572		19204		1029368
[14:31:05]		1048572		19204		1029368
[14:31:08]		1048572		19204		1029368
[14:31:11]		1048572		19204		1029368
[14:31:14]		1048572		19204		1029368
[14:31:17]		1048572		19204		1029368
[14:31:20]		1048572		19204		1029368
[14:31:23]		1048572		19204		1029368
[14:31:26]		1048572		19204		1029368
[14:31:29]		1048572		19204		1029368
[14:31:33]		1048572		19204		1029368
[14:31:36]		1048572		19204		1029368
[14:31:39]		1048572		19204		1029368
[14:31:42]		1048572		19204		1029368
[14:31:45]		1048572		19204		1029368
[14:31:48]		1048572		19204		1029368
[14:31:51]		1048572		19204		1029368
[14:31:54]		1048572		19204		1029368
[14:31:57]		1048572		19204		1029368
[14:32:00]		1048572		19204		1029368
[14:32:03]		1048572		19204		1029368
[14:32:06]		1048572		19204		1029368
[14:32:09]		1048572		19204		1029368
[14:32:12]		1048572		19204		1029368
[14:32:15]		1048572		19204		1029368
[14:32:18]		1048572		19204		1029368
[14:32:21]		1048572		19204		1029368
[14:32:24]		1048572		19204		1029368
[14:32:27]		1048572		19204		1029368
[14:32:30]		1048572		19204		1029368
[14:32:33]		1048572		19204		1029368
[14:32:36]		1048572		19204		1029368
[14:32:39]		1048572		19204		1029368
[14:32:42]		1048572		19204		1029368
[14:32:45]		1048572		19204		1029368
[14:32:48]		1048572		19204		1029368
[14:32:51]		1048572		19204		1029368
[14:32:54]		1048572		19204		1029368
[14:32:57]		1048572		19000		1029572
[14:33:00]		1048572		18988		1029584
[14:33:03]		1048572		18988		1029584
[14:33:06]		1048572		18988		1029584
[14:33:09]		1048572		18988		1029584
[14:33:12]		1048572		18988		1029584
[14:33:15]		1048572		18988		1029584
[14:33:18]		1048572		18988		1029584
[14:33:21]		1048572		18988		1029584
[14:33:24]		1048572		18988		1029584
[14:33:27]		1048572		18988		1029584
[14:33:30]		1048572		18988		1029584
[14:33:33]		1048572		18988		1029584
[14:33:36]		1048572		18988		1029584
[14:33:39]		1048572		18988		1029584
[14:33:42]		1048572		18988		1029584
[14:33:45]		1048572		18988		1029584
[14:33:48]		1048572		18988		1029584
[14:33:51]		1048572		18988		1029584
[14:33:54]		1048572		18988		1029584
[14:33:57]		1048572		18988		1029584
[14:34:00]		1048572		18988		1029584
[14:34:03]		1048572		18988		1029584
[14:34:06]		1048572		18988		1029584
[14:34:09]		1048572		18988		1029584
[14:34:12]		1048572		18988		1029584
[14:34:15]		1048572		18988		1029584
[14:34:18]		1048572		18988		1029584
[14:34:21]		1048572		18988		1029584
[14:34:24]		1048572		18988		1029584
[14:34:27]		1048572		18988		1029584
[14:34:30]		1048572		18988		1029584
[14:34:33]		1048572		18988		1029584
[14:34:36]		1048572		18988		1029584
[14:34:39]		1048572		18988		1029584
[14:34:42]		1048572		18988		1029584
[14:34:45]		1048572		18988		1029584
[14:34:48]		1048572		18988		1029584
[14:34:51]		1048572		18988		1029584
[14:34:54]		1048572		18988		1029584
[14:34:57]		1048572		18988		1029584
[14:35:00]		1048572		18988		1029584
[14:35:03]		1048572		18988		1029584
[14:35:06]		1048572		18988		1029584
[14:35:09]		1048572		18988		1029584
[14:35:12]		1048572		18988		1029584
[14:35:15]		1048572		18988		1029584
[14:35:18]		1048572		18988		1029584
[14:35:21]		1048572		18988		1029584
[14:35:24]		1048572		18988		1029584
[14:35:27]		1048572		18988		1029584
[14:35:30]		1048572		18988		1029584
[14:35:33]		1048572		18988		1029584
[14:35:36]		1048572		18988		1029584
[14:35:39]		1048572		18988		1029584
[14:35:42]		1048572		18988		1029584
[14:35:45]		1048572		18988		1029584
[14:35:48]		1048572		18988		1029584
[14:35:51]		1048572		18988		1029584
[14:35:54]		1048572		18988		1029584
[14:35:57]		1048572		18988		1029584
[14:36:00]		1048572		18988		1029584
[14:36:03]		1048572		18988		1029584
[14:36:06]		1048572		18988		1029584
[14:36:09]		1048572		18988		1029584
[14:36:12]		1048572		18988		1029584
[14:36:15]		1048572		18988		1029584
[14:36:18]		1048572		18988		1029584
[14:36:21]		1048572		18988		1029584
[14:36:24]		1048572		18988		1029584
[14:36:27]		1048572		18988		1029584
[14:36:30]		1048572		18988		1029584
[14:36:33]		1048572		18988		1029584
[14:36:36]		1048572		18988		1029584
[14:36:39]		1048572		18988		1029584
[14:36:42]		1048572		18988		1029584
[14:36:45]		1048572		18988		1029584
[14:36:48]		1048572		18988		1029584
[14:36:51]		1048572		18988		1029584
[14:36:54]		1048572		18988		1029584
[14:36:57]		1048572		18988		1029584
[14:37:00]		1048572		18988		1029584
[14:37:03]		1048572		18988		1029584
[14:37:06]		1048572		18988		1029584
[14:37:09]		1048572		18988		1029584
[14:37:12]		1048572		18988		1029584
[14:37:15]		1048572		18988		1029584
[14:37:18]		1048572		18988		1029584
[14:37:21]		1048572		18988		1029584
[14:37:24]		1048572		18988		1029584
[14:37:27]		1048572		18988		1029584
[14:37:30]		1048572		18988		1029584
[14:37:33]		1048572		18988		1029584
[14:37:36]		1048572		18988		1029584
[14:37:39]		1048572		18988		1029584
[14:37:42]		1048572		18988		1029584
[14:37:45]		1048572		18988		1029584
[14:37:48]		1048572		18988		1029584
[14:37:51]		1048572		18988		1029584
[14:37:54]		1048572		18988		1029584
[14:37:57]		1048572		18988		1029584
[14:38:00]		1048572		18988		1029584
[14:38:03]		1048572		18988		1029584
[14:38:06]		1048572		18988		1029584
[14:38:09]		1048572		18988		1029584
[14:38:12]		1048572		18988		1029584
[14:38:15]		1048572		18988		1029584
[14:38:18]		1048572		18988		1029584
[14:38:21]		1048572		18988		1029584
[14:38:24]		1048572		18988		1029584
[14:38:27]		1048572		18988		1029584
[14:38:30]		1048572		18988		1029584
[14:38:33]		1048572		18988		1029584
[14:38:36]		1048572		18988		1029584
[14:38:39]		1048572		18988		1029584
[14:38:42]		1048572		18988		1029584
[14:38:45]		1048572		18988		1029584
[14:38:48]		1048572		18988		1029584
[14:38:51]		1048572		18988		1029584
[14:38:54]		1048572		18988		1029584
[14:38:57]		1048572		18988		1029584
[14:39:00]		1048572		18988		1029584
[14:39:03]		1048572		18968		1029604
[14:39:06]		1048572		18968		1029604
[14:39:09]		1048572		18968		1029604
[14:39:12]		1048572		18968		1029604
[14:39:15]		1048572		18968		1029604
[14:39:18]		1048572		18968		1029604
[14:39:21]		1048572		18968		1029604
[14:39:25]		1048572		18968		1029604
[14:39:28]		1048572		18968		1029604
[14:39:31]		1048572		18968		1029604
[14:39:34]		1048572		18968		1029604
[14:39:37]		1048572		18968		1029604
[14:39:40]		1048572		18968		1029604
[14:39:43]		1048572		18968		1029604
[14:39:46]		1048572		18968		1029604
[14:39:49]		1048572		18968		1029604
[14:39:52]		1048572		18968		1029604
[14:39:55]		1048572		18968		1029604
[14:39:58]		1048572		18968		1029604
[14:40:01]		1048572		18968		1029604
[14:40:04]		1048572		18968		1029604
[14:40:07]		1048572		18968		1029604
[14:40:10]		1048572		18968		1029604
[14:40:13]		1048572		18968		1029604
[14:40:16]		1048572		18968		1029604
[14:40:19]		1048572		18968		1029604
[14:40:22]		1048572		18968		1029604
[14:40:25]		1048572		18968		1029604
[14:40:28]		1048572		18968		1029604
[14:40:31]		1048572		18968		1029604
[14:40:34]		1048572		18968		1029604
[14:40:37]		1048572		18968		1029604
[14:40:40]		1048572		18968		1029604
[14:40:43]		1048572		18968		1029604
[14:40:46]		1048572		18968		1029604
[14:40:49]		1048572		18968		1029604
[14:40:52]		1048572		18968		1029604
[14:40:55]		1048572		18968		1029604
[14:40:58]		1048572		18968		1029604
[14:41:01]		1048572		18968		1029604
[14:41:04]		1048572		18968		1029604
[14:41:07]		1048572		18968		1029604
[14:41:10]		1048572		18968		1029604
[14:41:13]		1048572		18968		1029604
[14:41:16]		1048572		18968		1029604
[14:41:19]		1048572		18968		1029604
[14:41:22]		1048572		18968		1029604
[14:41:25]		1048572		18968		1029604
[14:41:28]		1048572		18968		1029604
[14:41:31]		1048572		18968		1029604
[14:41:34]		1048572		18968		1029604
[14:41:37]		1048572		18968		1029604
[14:41:40]		1048572		18968		1029604
[14:41:43]		1048572		18968		1029604
[14:41:46]		1048572		18968		1029604
[14:41:49]		1048572		18968		1029604
[14:41:52]		1048572		18968		1029604
[14:41:55]		1048572		18968		1029604
[14:41:58]		1048572		18968		1029604
[14:42:01]		1048572		18968		1029604
[14:42:04]		1048572		18968		1029604
[14:42:07]		1048572		18968		1029604
[14:42:10]		1048572		18968		1029604
[14:42:13]		1048572		18968		1029604
[14:42:16]		1048572		18968		1029604
[14:42:19]		1048572		18968		1029604
[14:42:22]		1048572		18968		1029604
[14:42:25]		1048572		18968		1029604
[14:42:28]		1048572		18968		1029604
[14:42:31]		1048572		18968		1029604
[14:42:34]		1048572		18968		1029604
[14:42:37]		1048572		18968		1029604
[14:42:40]		1048572		18968		1029604
[14:42:43]		1048572		18968		1029604
[14:42:46]		1048572		18968		1029604
[14:42:49]		1048572		18968		1029604
[14:42:52]		1048572		18968		1029604
[14:42:55]		1048572		18968		1029604
[14:42:58]		1048572		18968		1029604
[14:43:01]		1048572		18968		1029604
[14:43:04]		1048572		18968		1029604
[14:43:07]		1048572		18968		1029604
[14:43:10]		1048572		18968		1029604
[14:43:13]		1048572		18968		1029604
[14:43:16]		1048572		18968		1029604
[14:43:19]		1048572		18968		1029604
[14:43:22]		1048572		18968		1029604
[14:43:25]		1048572		18968		1029604
[14:43:28]		1048572		18968		1029604
[14:43:31]		1048572		18968		1029604
[14:43:34]		1048572		18968		1029604
[14:43:37]		1048572		18968		1029604
[14:43:40]		1048572		18968		1029604
[14:43:43]		1048572		18968		1029604
[14:43:46]		1048572		18968		1029604
[14:43:49]		1048572		18968		1029604
[14:43:52]		1048572		18968		1029604
[14:43:55]		1048572		18968		1029604
[14:43:58]		1048572		18968		1029604
[14:44:01]		1048572		18968		1029604
[14:44:04]		1048572		18968		1029604
[14:44:07]		1048572		18968		1029604
[14:44:10]		1048572		18968		1029604
[14:44:13]		1048572		18968		1029604
[14:44:16]		1048572		18968		1029604
[14:44:19]		1048572		18968		1029604
[14:44:22]		1048572		18968		1029604
[14:44:25]		1048572		18968		1029604
[14:44:28]		1048572		18968		1029604
[14:44:31]		1048572		18968		1029604
[14:44:34]		1048572		18968		1029604
[14:44:37]		1048572		18968		1029604
[14:44:40]		1048572		18968		1029604
[14:44:43]		1048572		18968		1029604
[14:44:46]		1048572		18968		1029604
[14:44:49]		1048572		18968		1029604
[14:44:52]		1048572		18968		1029604
[14:44:55]		1048572		18968		1029604
[14:44:58]		1048572		18960		1029612
[14:45:01]		1048572		18960		1029612
[14:45:04]		1048572		18960		1029612
[14:45:07]		1048572		18960		1029612
[14:45:10]		1048572		18960		1029612
[14:45:13]		1048572		18960		1029612
[14:45:16]		1048572		18960		1029612
[14:45:19]		1048572		18960		1029612
[14:45:22]		1048572		18960		1029612
[14:45:26]		1048572		18960		1029612
[14:45:29]		1048572		18960		1029612
[14:45:32]		1048572		18960		1029612
[14:45:35]		1048572		18960		1029612
[14:45:38]		1048572		18960		1029612
[14:45:41]		1048572		18960		1029612
[14:45:44]		1048572		18960		1029612
[14:45:47]		1048572		18960		1029612
[14:45:50]		1048572		18960		1029612
[14:45:53]		1048572		18960		1029612
[14:45:56]		1048572		18960		1029612
[14:45:59]		1048572		18960		1029612
[14:46:02]		1048572		18960		1029612
[14:46:05]		1048572		18960		1029612
[14:46:08]		1048572		18960		1029612
[14:46:11]		1048572		18960		1029612
[14:46:14]		1048572		18960		1029612
[14:46:17]		1048572		18960		1029612
[14:46:20]		1048572		18960		1029612
[14:46:23]		1048572		18960		1029612
[14:46:26]		1048572		18960		1029612
[14:46:29]		1048572		18960		1029612
[14:46:32]		1048572		18960		1029612
[14:46:35]		1048572		18960		1029612
[14:46:38]		1048572		18960		1029612
[14:46:41]		1048572		18960		1029612
[14:46:44]		1048572		18960		1029612
[14:46:47]		1048572		18960		1029612
[14:46:50]		1048572		18960		1029612
[14:46:53]		1048572		18960		1029612
[14:46:56]		1048572		18960		1029612
[14:46:59]		1048572		18960		1029612
[14:47:02]		1048572		18960		1029612
[14:47:05]		1048572		18960		1029612
[14:47:08]		1048572		18960		1029612
[14:47:11]		1048572		18960		1029612
[14:47:14]		1048572		18960		1029612
[14:47:17]		1048572		18960		1029612
[14:47:20]		1048572		18960		1029612
[14:47:23]		1048572		18960		1029612
[14:47:26]		1048572		18960		1029612
[14:47:29]		1048572		18960		1029612
[14:47:32]		1048572		18960		1029612
[14:47:35]		1048572		18960		1029612
[14:47:38]		1048572		18960		1029612
[14:47:41]		1048572		18960		1029612
[14:47:44]		1048572		18960		1029612
[14:47:47]		1048572		18960		1029612
[14:47:50]		1048572		18960		1029612
[14:47:53]		1048572		18960		1029612
[14:47:56]		1048572		18960		1029612
[14:47:59]		1048572		18960		1029612
[14:48:02]		1048572		18960		1029612
[14:48:05]		1048572		18960		1029612
[14:48:08]		1048572		18960		1029612
[14:48:11]		1048572		18960		1029612
[14:48:14]		1048572		18960		1029612
[14:48:17]		1048572		18960		1029612
[14:48:20]		1048572		18960		1029612
[14:48:23]		1048572		18960		1029612
[14:48:26]		1048572		18960		1029612
[14:48:29]		1048572		18960		1029612
[14:48:32]		1048572		18960		1029612
[14:48:35]		1048572		18960		1029612
[14:48:38]		1048572		18960		1029612
[14:48:41]		1048572		18960		1029612
[14:48:44]		1048572		18960		1029612
[14:48:47]		1048572		18960		1029612
[14:48:50]		1048572		18960		1029612
[14:48:53]		1048572		18960		1029612
[14:48:56]		1048572		18960		1029612
[14:48:59]		1048572		18960		1029612
[14:49:02]		1048572		18960		1029612
[14:49:05]		1048572		18960		1029612
[14:49:08]		1048572		18960		1029612
[14:49:11]		1048572		18960		1029612
[14:49:14]		1048572		18960		1029612
[14:49:17]		1048572		18960		1029612
[14:49:20]		1048572		18960		1029612
[14:49:23]		1048572		18960		1029612
[14:49:26]		1048572		18960		1029612
[14:49:29]		1048572		18960		1029612
[14:49:32]		1048572		18960		1029612
[14:49:35]		1048572		18960		1029612
[14:49:38]		1048572		18960		1029612
[14:49:41]		1048572		18960		1029612
[14:49:44]		1048572		18960		1029612
[14:49:47]		1048572		18960		1029612
[14:49:50]		1048572		18960		1029612
[14:49:53]		1048572		18960		1029612
[14:49:56]		1048572		18960		1029612
[14:49:59]		1048572		18960		1029612
[14:50:02]		1048572		18960		1029612
[14:50:05]		1048572		18960		1029612
[14:50:08]		1048572		18960		1029612
[14:50:11]		1048572		18960		1029612
[14:50:14]		1048572		18960		1029612
[14:50:17]		1048572		18960		1029612
[14:50:20]		1048572		18960		1029612
[14:50:23]		1048572		18960		1029612
[14:50:26]		1048572		18960		1029612
[14:50:29]		1048572		18960		1029612
[14:50:32]		1048572		18960		1029612
[14:50:35]		1048572		18960		1029612
[14:50:38]		1048572		18960		1029612
[14:50:41]		1048572		18960		1029612
[14:50:44]		1048572		18960		1029612
[14:50:47]		1048572		18960		1029612
[14:50:51]		1048572		18960		1029612
[14:50:54]		1048572		18960		1029612
[14:50:57]		1048572		18960		1029612
[14:51:00]		1048572		18960		1029612
[14:51:03]		1048572		18960		1029612
[14:51:06]		1048572		18960		1029612
[14:51:09]		1048572		18960		1029612
[14:51:12]		1048572		18960		1029612
[14:51:15]		1048572		18960		1029612
[14:51:18]		1048572		18960		1029612
[14:51:21]		1048572		18960		1029612
[14:51:24]		1048572		18960		1029612
[14:51:27]		1048572		18960		1029612
[14:51:30]		1048572		18960		1029612
[14:51:33]		1048572		18960		1029612
[14:51:36]		1048572		18960		1029612
[14:51:39]		1048572		18960		1029612
[14:51:42]		1048572		18960		1029612
[14:51:45]		1048572		18960		1029612
[14:51:48]		1048572		18960		1029612
[14:51:51]		1048572		18960		1029612
[14:51:54]		1048572		18960		1029612
[14:51:57]		1048572		18960		1029612
[14:52:00]		1048572		18960		1029612
[14:52:03]		1048572		18960		1029612
[14:52:06]		1048572		18960		1029612
[14:52:09]		1048572		18960		1029612
[14:52:12]		1048572		18960		1029612
[14:52:15]		1048572		18960		1029612
[14:52:18]		1048572		18960		1029612
[14:52:21]		1048572		18960		1029612
[14:52:24]		1048572		18960		1029612
[14:52:27]		1048572		18960		1029612
[14:52:30]		1048572		18960		1029612
[14:52:33]		1048572		18960		1029612
[14:52:36]		1048572		18960		1029612
[14:52:39]		1048572		18960		1029612
[14:52:42]		1048572		18960		1029612
[14:52:45]		1048572		18960		1029612
[14:52:48]		1048572		18960		1029612
[14:52:51]		1048572		18960		1029612
[14:52:54]		1048572		18960		1029612
[14:52:57]		1048572		18960		1029612
[14:53:00]		1048572		18960		1029612
[14:53:03]		1048572		18960		1029612
[14:53:06]		1048572		18960		1029612
[14:53:09]		1048572		18960		1029612
[14:53:12]		1048572		18960		1029612
[14:53:15]		1048572		18948		1029624
[14:53:18]		1048572		18680		1029892
[14:53:21]		1048572		18680		1029892
