recorded by mmserver domain:[id:18 time:Tue Feb  5 09:16:17 2013
]
time		tg_mem		use_mem		free_mem		
09:16:19		1095363		1021391		73972		
09:16:21		1095892		1038596		57296		
09:16:23		1097272		1031548		65724		
09:16:25		1096706		1021142		75564		
09:16:27		1095867		1021919		73948		
09:16:29		1095917		1025301		70616		
09:16:31		1096189		1027433		68756		
09:16:33		1096365		1027609		68756		
09:16:35		1096382		1027626		68756		
09:16:37		1096384		1027628		68756		
09:16:39		1096384		1027752		68632		
09:16:41		1096394		1027762		68632		
09:16:43		1096395		1027887		68508		
09:16:45		1096405		1028021		68384		
09:16:47		1096416		1028032		68384		
09:16:50		1096417		1027201		69216		
09:16:52		1096351		1027135		69216		
09:16:54		1096344		1025392		70952		
09:16:56		1096205		1029345		66860		
09:16:58		1096518		1033014		63504		
09:17:00		1096818		1041374		55444		
09:17:02		1097493		1040313		57180		
09:17:04		1097414		1041102		56312		
09:17:06		1097470		1024122		73348		
09:17:08		1096113		1020733		75380		
09:17:10		1095822		950242		145580		
09:17:12		1090179		993867		96312		
09:17:14		1093668		1021820		71848		
09:17:16		1095952		1021996		73956		
09:17:18		1095952		1030732		65220		
09:17:20		1096662		1025862		70800		
09:17:22		1096276		1021496		74780		
09:17:24		1095919		1033931		61988		
09:17:26		1096906		1015950		80956		
09:17:28		1095480		1020732		74748		
09:17:30		1095839		1023955		71884		
09:17:32		1096105		1033529		62576		
09:17:34		1096874		1037522		59352		
09:17:36		1097207		1041823		55384		
09:17:38		1097551		1043159		54392		
09:17:40		1097658		1027150		70508		
09:17:42		1096377		1022373		74004		
09:17:44		1095969		1024937		71032		
09:17:46		1096166		1031146		65020		
09:17:48		1096667		1038211		58456		
09:17:50		1097242		1025286		71956		
09:17:52		1096219		1021735		74484		
09:17:54		1095900		1020160		75740		
09:17:56		1095774		1020266		75508		
09:17:58		1095782		1020182		75600		
09:18:00		1095776		1020100		75676		
09:18:02		1095769		1022457		73312		
09:18:04		1095958		1022770		73188		
09:18:06		1095986		1029618		66368		
09:18:08		1096532		1027808		68724		
09:18:10		1096399		1028907		67492		
09:18:12		1096484		1020700		75784		
09:18:14		1095829		1020665		75164		
09:18:16		1095813		1024709		71104		
09:18:18		1096136		1024412		71724		
09:18:20		1096119		1025263		70856		
09:18:22		1096187		1023395		72792		
09:18:24		1096039		1022179		73860		
09:18:26		1095938		1021946		73992		
09:18:28		1095938		1027526		68412		
09:18:30		1096364		1026588		69776		
09:18:32		1096298		1031606		64692		
09:18:34		1096698		1030394		66304		
09:18:36		1096609		1022369		74240		
09:18:38		1095965		1030205		65760		
09:18:40		1096579		1025859		70720		
09:18:42		1096244		1026088		70156		
09:18:44		1096255		1029811		66444		
09:18:46		1096553		1041909		54644		
09:18:48		1097527		1022071		75456		
09:18:50		1095952		1020992		74960		
09:18:52		1095839		1020011		75828		
09:18:54		1095761		1023901		71860		
09:18:56		1096071		1028799		67272		
09:18:58		1096469		1022861		73608		
09:19:00		1096002		1039002		57000		
09:19:02		1097284		1021820		75464		
09:19:04		1095935		1031011		64924		
09:19:06		1096643		1021303		75340		
09:19:08		1095881		1020417		75464		
09:19:10		1095792		1022204		73588		
09:19:12		1095936		1022008		73928		
09:19:14		1095923		1020507		75416		
09:19:16		1095803		1020015		75788		
09:19:18		1095761		1026669		69092		
09:19:20		1096293		1031789		64504		
09:19:22		1096713		1021917		74796		
09:19:24		1095929		1020753		75176		
09:19:26		1095823		1023995		71828		
09:19:28		1096080		1022640		73440		
09:19:30		1095977		1020181		75796		
09:19:32		1095778		1023702		72076		
09:19:35		1096056		1023748		72308		
09:19:37		1096065		1021045		75020		
09:19:39		1095849		1026317		69532		
09:19:41		1096266		1028966		67300		
09:19:43		1096486		1026954		69532		
09:19:45		1096330		1025806		70524		
09:19:47		1096235		1020627		75608		
09:19:49		1095819		1020087		75732		
09:19:51		1095767		1026359		69408		
09:19:53		1096268		1021776		74492		
09:19:55		1095911		1019699		76212		
09:19:57		1095738		1017254		78484		
09:19:59		1095539		1025231		70308		
09:20:01		1096181		1024393		71788		
09:20:03		1096124		1027156		68968		
09:20:05		1096344		1027120		69224		
09:20:07		1096343		1021847		74496		
09:20:09		1095921		1030849		65072		
09:20:11		1096633		1039609		57024		
09:20:13		1097345		1022921		74424		
09:20:15		1096017		1025181		70836		
09:20:17		1096173		1025229		70944		
09:20:19		1096180		1020756		75424		
09:20:21		1095823		1030939		64884		
09:20:23		1096635		1025063		71572		
09:20:25		1096181		1020517		75664		
09:20:27		1095808		1024360		71448		
09:20:29		1096108		1020692		75416		
09:20:31		1095821		1030821		65000		
09:20:33		1096627		1019723		76904		
09:20:35		1095754		1019966		75788		
09:20:37		1095756		1025300		70456		
09:20:39		1095756		1019660		76096		
09:20:41		1095740		1022240		73500		
09:20:43		1095937		1023553		72384		
09:20:45		1096046		1020314		75732		
09:20:47		1095789		1020873		74916		
09:20:49		1095829		1020197		75632		
09:20:51		1095776		1020260		75516		
09:20:53		1095780		1024600		71180		
09:20:55		1096127		1028599		67528		
09:20:57		1096454		1020838		75616		
09:20:59		1095840		1024572		71268		
09:21:01		1096126		1020542		75584		
09:21:03		1095809		1020397		75412		
09:21:05		1095792		1020172		75620		
09:21:07		1095773		1029609		66164		
09:21:09		1096528		1026916		69612		
09:21:11		1096328		1020912		75416		
09:21:13		1095843		1028935		66908		
09:21:15		1096476		1023508		72968		
09:21:17		1096054		1028126		67928		
09:21:19		1096415		1020799		75616		
09:21:21		1095836		1020172		75664		
09:21:23		1095775		1025635		70140		
09:21:25		1096210		1022214		73996		
09:21:27		1095945		1025637		70308		
09:21:29		1096214		1025150		71064		
09:21:31		1096180		1020504		75676		
09:21:33		1095808		1032948		62860		
09:21:35		1096796		1025724		71072		
09:21:37		1096238		1020514		75724		
09:21:39		1095810		1028970		66840		
09:21:41		1096478		1021206		75272		
09:21:43		1095870		1029466		66404		
09:21:45		1096519		1040111		56408		
09:21:47		1097383		1029223		68160		
09:21:49		1096525		1023073		73452		
09:21:51		1096013		1027893		68120		
09:21:53		1096393		1043269		53124		
09:21:55		1097631		1021007		76624		
09:21:57		1095870		1024330		71540		
09:21:59		1096105		1020533		75572		
09:22:01		1095806		1019614		76192		
09:22:03		1095729		1024737		70992		
09:22:05		1096137		1029609		66528		
09:22:07		1096535		1021327		75208		
09:22:09		1095878		1026746		69132		
09:22:11		1096300		1022580		73720		
09:22:13		1095976		1021140		74836		
09:22:15		1095854		1026974		68880		
09:22:17		1096318		1030762		65556		
09:22:20		1096631		1026711		69920		
09:22:22		1096313		1025649		70664		
09:22:24		1096214		1031626		64588		
09:22:26		1096693		1021165		75528		
09:22:28		1095865		1030317		65548		
09:22:30		1096584		1032028		64556		
09:22:32		1096735		1021635		75100		
09:22:34		1095906		1022914		72992		
09:22:36		1095992		1026628		69364		
09:22:38		1096291		1028175		68116		
09:22:40		1096421		1038341		58080		
09:22:42		1097237		1043745		53492		
09:22:44		1097683		1024663		73020		
09:22:46		1096160		1024504		71656		
09:22:48		1096122		1020282		75840		
09:22:50		1095784		1019732		76052		
09:22:52		1095738		1020298		75440		
09:22:54		1095782		1031502		64280		
09:22:56		1096679		1041695		54984		
09:22:58		1097513		1023953		73560		
09:23:00		1096108		1023416		72692		
09:23:02		1096037		1024461		71576		
09:23:04		1096119		1020947		75172		
09:23:06		1095839		1026463		69376		
09:23:08		1096275		1019827		76448		
09:23:10		1095753		1025381		70372		
09:23:12		1096189		1024701		71488		
09:23:14		1096144		1022796		73348		
09:23:16		1095990		1021526		74464		
09:23:18		1095886		1028366		67520		
09:23:20		1096431		1022711		73720		
09:23:22		1095989		1031041		64948		
09:23:24		1096647		1023391		73256		
09:23:26		1096048		1022792		73256		
09:23:28		1095988		1020700		75288		
09:23:30		1095820		1022888		72932		
09:23:32		1095991		1030623		65368		
09:23:34		1096614		1021698		74916		
09:23:36		1095912		1031288		64624		
09:23:38		1096665		1023981		72684		
09:23:40		1096091		1025259		70832		
09:23:42		1096183		1023491		72692		
09:23:44		1096044		1026204		69840		
09:23:46		1096258		1031874		64384		
09:23:48		1096716		1022040		74676		
09:23:50		1096716		1025636		71080		
09:23:52		1096211		1021163		75048		
09:23:54		1096211		1020667		75544		
09:23:56		1095812		1024484		71328		
09:23:58		1096116		1029128		66988		
09:24:00		1096494		1021074		75420		
09:24:02		1095857		1028121		67736		
09:24:04		1096408		1021356		75052		
09:24:06		1095878		1020454		75424		
09:24:08		1095795		1029547		66248		
09:24:10		1096523		1024075		72448		
09:24:12		1096100		1027000		69100		
09:24:14		1096326		1025118		71208		
09:24:16		1096180		1024724		71456		
09:24:18		1096145		1027309		68836		
09:24:20		1096351		1024711		71640		
09:24:22		1096148		1021284		74864		
09:24:24		1095869		1020133		75736		
09:24:26		1095771		1020019		75752		
09:24:28		1095760		1020132		75628		
09:24:30		1095769		1020261		75508		
09:24:32		1095780		1024252		71528		
09:24:34		1096099		1020603		75496		
09:24:36		1095814		1010522		85292		
09:24:38		1095001		1023969		71032		
09:24:40		1096076		1021076		75000		
09:24:42		1095866		1022354		73512		
09:24:44		1095964		1022700		73264		
09:24:46		1095994		1019754		76240		
09:24:48		1095759		1025347		70412		
09:24:50		1096202		1025046		71156		
09:24:52		1096187		1020691		75496		
09:24:54		1095838		1020342		75496		
09:24:56		1095803		1026879		68924		
09:24:58		1096325		1022813		73512		
09:25:00		1096010		1022994		73016		
09:25:02		1096016		1031184		64832		
09:25:04		1096671		1021919		74752		
09:25:06		1095943		1020323		75620		
09:25:09		1095799		1023155		72644		
09:25:11		1096022		1020030		75992		
09:25:13		1095777		1024621		71156		
09:25:15		1096139		1026975		69164		
09:25:17		1096335		1031451		64884		
09:25:19		1096697		1025337		71360		
09:25:21		1096215		1021507		74708		
09:25:23		1095899		1027891		68008		
09:25:25		1096401		1020825		75576		
09:25:27		1095845		1028945		66900		
09:25:29		1096484		1027980		68504		
09:25:31		1096420		1028412		68008		
09:25:33		1096453		1021377		75076		
09:25:35		1095891		1020319		75572		
09:25:37		1095795		1038483		57312		
09:25:39		1097246		1032378		64868		
09:25:41		1096779		1034907		61872		
09:25:43		1096972		1022796		74176		
09:25:45		1096007		1022199		73808		
09:25:47		1095940		1024124		71816		
09:25:49		1096092		1034816		61276		
09:25:51		1096951		1026747		70204		
09:25:53		1096322		1035290		61032		
09:25:55		1096993		1021533		75460		
09:25:57		1095906		1032754		63152		
09:25:59		1096782		1024806		71976		
09:26:01		1096164		1024188		71976		
09:26:03		1096102		1020518		75584		
09:26:05		1095807		1020343		75464		
09:26:07		1095790		1031450		64340		
09:26:09		1096678		1022790		73888		
09:26:11		1096003		1020923		75080		
09:26:13		1095840		1025592		70248		
09:26:15		1096210		1030410		65800		
09:26:17		1096603		858839		237764		
09:26:19		1082885		929809		153076		
09:26:21		1088413		1000313		88100		
09:26:23		1094203		1014411		79792		
09:26:25		1095350		1016178		79172		
09:26:27		1095492		1025496		69996		
09:26:29		1096238		1027730		68508		
09:26:31		1096419		1033035		63384		
09:26:33		1096840		1038168		58672		
09:26:35		1097251		1042423		54828		
09:26:37		1097593		1022141		75452		
09:26:39		1095969		1028081		67888		
09:26:41		1096410		1021454		74956		
09:26:43		1095888		1026388		69500		
09:26:45		1096273		948345		147928		
09:26:47		1090037		974509		115528		
09:26:49		1092120		984776		107344		
09:26:51		1092983		987251		105732		
09:26:53		1093183		992783		100400		
09:26:55		1093627		999303		94324		
09:26:57		1094150		1013838		80312		
09:26:59		1095311		1030579		64732		
09:27:01		1096651		1027899		68752		
09:27:03		1096434		1020706		75728		
09:27:05		1096434		1032114		64320		
09:27:07		1096758		1022642		74116		
09:27:09		1096011		1030327		65684		
09:27:11		1096611		1028695		67916		
09:27:13		1096611		1026075		70536		
09:27:15		1096611		1019627		76984		
09:27:17		1095760		1033160		62600		
09:27:19		1096832		1020452		76380		
09:27:21		1095832		1022892		72940		
09:27:23		1096007		1020415		75592		
09:27:25		1096007		1020507		75500		
09:27:27		1095814		1020762		75052		
09:27:29		1095834		1022114		73720		
09:27:31		1095943		1019991		75952		
09:27:33		1095775		1019699		76076		
09:27:35		1095748		1027856		67892		
09:27:37		1096400		1023424		72976		
09:27:39		1096054		1022458		73596		
09:27:41		1095969		1024837		71132		
09:27:43		1096158		1022034		74124		
09:27:45		1095937		1021797		74140		
09:27:47		1095914		1027090		68824		
09:27:49		1096337		1019825		76512		
09:27:51		1095764		1023096		72668		
09:27:53		1096014		1031654		64360		
09:27:55		1096704		1021060		75644		
09:27:57		1095870		1027294		68576		
09:27:59		1096352		1023560		72792		
09:28:01		1096063		1024023		72040		
09:28:04		1096095		1021823		74272		
09:28:06		1095919		1021895		74024		
09:28:08		1095921		1019789		76132		
09:28:10		1095753		1025945		69808		
09:28:12		1096242		1022218		74024		
09:28:14		1095954		1023170		72784		
09:28:16		1096024		1025844		70180		
09:28:18		1096240		1026060		70180		
09:28:20		1096261		1024097		72164		
09:28:22		1096105		1026421		69684		
09:28:24		1096287		1020031		76256		
09:28:26		1095780		1023492		72288		
09:28:28		1096047		1026611		69436		
09:28:30		1096302		1021410		74892		
09:28:32		1095891		1025339		70552		
09:28:34		1096197		1022949		73248		
09:28:36		1096012		1024532		71480		
09:28:38		1096135		1030639		65496		
09:28:40		1096626		1030758		65868		
09:28:42		1096645		1021353		75292		
09:28:44		1095893		1019981		75912		
09:28:46		1095768		1024816		70952		
09:28:48		1096153		1020737		75416		
09:28:50		1095834		1020418		75416		
09:28:52		1095802		1024230		71572		
09:28:54		1096106		1028626		67480		
09:28:56		1096464		1025512		70952		
09:28:58		1096222		1020682		75540		
09:29:00		1095831		1025995		69836		
09:29:02		1096248		1021824		74424		
09:29:04		1095923		1020383		75540		
09:29:06		1095801		1021501		74300		
09:29:08		1095888		1024688		71200		
09:29:10		1096144		1020604		75540		
09:29:12		1095823		1027723		68100		
09:29:14		1096386		1024062		72324		
09:29:16		1096104		1030724		65380		
09:29:18		1096631		1029887		66744		
09:29:20		1096575		1021431		75144		
09:29:22		1095897		1025141		70756		
09:29:24		1096181		1023753		72428		
09:29:26		1096075		1022703		73372		
09:29:28		1095989		1031049		64940		
09:29:30		1096655		1021051		75604		
09:29:32		1095869		1028201		67668		
09:29:34		1096425		1022309		74116		
09:29:36		1095965		1021601		74364		
09:29:38		1095899		1024387		71512		
09:29:40		1096120		1025600		70520		
09:29:42		1096221		1028553		67668		
09:29:44		1096460		1023244		73216		
09:29:46		1096040		1024452		71588		
09:29:48		1096128		1020076		76052		
09:29:50		1095780		1022208		73572		
09:29:52		1095944		1031052		64892		
09:29:54		1096655		1030307		66348		
09:29:56		1096609		1021117		75492		
09:29:58		1095873		1023109		72764		
09:30:00		1096018		1020774		75244		
09:30:02		1095834		1021582		74252		
09:30:04		1095895		1021891		74004		
09:30:06		1095921		1020057		75864		
09:30:08		1095775		1024623		71152		
09:30:10		1096137		1023249		72888		
09:30:12		1096034		1020914		75120		
09:30:14		1095845		1020229		75616		
09:30:16		1095845		1022833		73012		
09:30:18		1095994		1027702		68292		
09:30:20		1096388		744380		352008		
09:30:22		1073730		842042		231688		
09:30:24		1081211		893307		187904		
09:30:26		1085653		1017077		68576		
09:30:28		1095566		1032910		62656		
09:30:30		1096830		1021530		75300		
09:30:32		1095920		1027688		68232		
09:30:34		1096404		1025072		71332		
09:30:36		1096195		1017923		78272		
09:30:38		1095619		1026275		69344		
09:30:40		1096276		1034192		62084		
09:30:42		1096922		1021050		75872		
09:30:44		1095882		1038610		57272		
09:30:46		1097271		1037867		59404		
09:30:48		1097229		1018117		79112		
09:30:50		1095648		1026724		68924		
09:30:53		1096305		1029453		66852		
09:30:55		1096534		1036150		60384		
09:30:57		1097074		1026770		70304		
09:30:59		1096335		1021815		74520		
09:31:01		1095923		1024007		71916		
09:31:03		1096091		1026159		69932		
09:31:05		1096264		1019444		76820		
09:31:07		1095730		1020258		75472		
09:31:09		1095782		1020186		75596		
09:31:11		1095772		1028484		67288		
09:31:13		1096438		1020654		75784		
09:31:15		1095825		1021249		74576		
09:31:17		1095860		1021468		74392		
09:31:19		1095879		1033475		62404		
09:31:21		1096840		1043116		53724		
09:31:23		1097630		1041662		55968		
09:31:25		1097520		1034728		62792		
09:31:27		1096963		1027451		69512		
09:31:29		1096370		1031322		65048		
09:31:31		1096668		1023560		73108		
09:31:33		1096053		1020465		75588		
09:31:35		1095800		1026040		69760		
09:31:37		1096243		1024499		71744		
09:31:39		1096129		1027733		68396		
09:31:41		1096385		1027741		68644		
09:31:43		1096391		1030351		66040		
09:31:45		1096600		1028684		67916		
09:31:47		1096471		1027811		68660		
09:31:49		1096399		1028959		67440		
09:31:51		1096489		1025069		71420		
09:31:53		1096180		1029100		67080		
09:31:55		1096496		1030532		65964		
09:31:57		1096617		1031397		65220		
09:31:59		1096688		1032212		64476		
09:32:01		1096755		1021503		75252		
09:32:03		1095900		1022260		73640		
09:32:05		1095943		1023915		72028		
09:32:07		1096076		1024792		71284		
09:32:09		1096149		1025857		70292		
09:32:11		1096233		1026561		69672		
09:32:13		1096291		1026991		69300		
09:32:15		1096327		1029755		66572		
09:32:17		1096549		1030845		65704		
09:32:19		1096640		1032176		64464		
09:32:21		1096749		1030301		66448		
09:32:23		1096601		941913		154688		
09:32:25		1089527		971623		117904		
09:32:27		1091891		979939		111952		
09:32:29		1092599		986227		106372		
09:32:31		1093103		992931		100172		
09:32:33		1093635		993835		99800		
09:32:35		1093708		999992		93716		
09:32:37		1094202		954402		139800		
09:32:39		1090555		975563		114992		
09:32:41		1092202		983658		108544		
09:32:43		1092882		985826		107056		
09:32:45		1093069		996677		96392		
09:32:47		1093939		997671		96268		
09:32:49		1094016		997872		96144		
09:32:51		1094033		998261		95772		
09:32:53		1094065		994821		99244		
09:32:55		1093788		995908		97880		
09:32:57		1093869		997973		95896		
09:32:59		1094036		999752		94284		
09:33:01		1094182		1001386		92796		
09:33:03		1094313		1003253		91060		
09:33:05		1094462		1003898		90564		
09:33:07		1094512		977652		116860		
09:33:09		1092408		985352		107056		
09:33:11		1092987		988783		104204		
09:33:13		1093273		994029		99244		
09:33:15		1093699		997555		96144		
09:33:17		1093989		1007641		86348		
09:33:19		1094802		1034262		60540		
09:33:21		1096933		1035561		61372		
09:33:23		1097040		1039136		57904		
09:33:25		1097326		1034298		63028		
09:33:27		1096937		1014785		82152		
09:33:29		1095368		1020780		74588		
09:33:31		1095821		1027805		68016		
09:33:33		1095821		1031029		64792		
09:33:35		1096659		1028891		67768		
09:33:37		1096494		1029098		67396		
09:33:39		1096507		1027127		69380		
09:33:41		1096349		1027093		69256		
09:33:44		1096344		1026716		69628		
09:33:46		1096313		1027801		68512		
09:33:48		1096400		1029872		66528		
09:33:50		1096567		1030163		66404		
09:33:52		1096594		1022994		73600		
09:33:54		1096021		1026513		69508		
09:33:56		1096288		1027276		69012		
09:33:58		1096355		933147		163208		
09:34:00		1088826		959162		129664		
09:34:02		1090880		975236		115644		
09:34:04		1092215		983399		108816		
09:34:06		1092875		985671		107204		
09:34:08		1093055		986719		106336		
09:34:10		1093135		987543		105592		
09:34:12		1093194		990082		103112		
09:34:14		1093399		991775		101624		
09:34:16		1093534		993522		100012		
09:34:18		1093671		994031		99640		
09:34:20		1093715		994075		99640		
09:34:22		1093719		994079		99640		
09:34:24		1093719		994079		99640		
09:34:26		1093719		994079		99640		
09:34:28		1093719		994079		99640		
09:34:30		1093719		994079		99640		
09:34:32		1093720		994080		99640		
09:34:34		1093717		994077		99640		
09:34:36		1093717		994077		99640		
09:34:38		1093717		994077		99640		
09:34:40		1093717		994077		99640		
09:34:42		1093717		994077		99640		
09:34:44		1093717		965417		128300		
09:34:46		1091424		992884		98540		
09:34:48		1093591		1002623		90968		
09:34:50		1094408		1010012		84396		
09:34:52		1094998		1016082		78916		
09:34:54		1095483		1023583		71900		
09:34:56		1096080		1031820		64260		
09:34:58		1096741		1033985		62756		
09:35:00		1096916		1031928		64988		
09:35:02		1096749		1032265		64484		
09:35:04		1096773		1031801		64972		
09:35:06		1096737		1030773		65964		
09:35:08		1096654		1032054		64600		
09:35:10		1096752		1030664		66088		
09:35:12		1096642		1022578		74064		
09:35:14		1095993		1024033		71960		
09:35:16		1096096		1024756		71340		
09:35:18		1096156		1025612		70544		
09:35:20		1096226		1025682		70544		
09:35:22		1096233		1025781		70452		
09:35:24		1096241		1025789		70452		
09:35:26		1096242		1026410		69832		
09:35:28		1096292		1026584		69708		
09:35:30		1096306		1026590		69716		
09:35:32		1096307		1026599		69708		
09:35:34		1096306		1026598		69708		
09:35:36		1096305		1026597		69708		
09:35:38		1096305		1026721		69584		
09:35:40		1096315		1027723		68592		
09:35:42		1096395		952131		144264		
09:35:44		1090350		991470		98880		
09:35:46		1093475		1019947		73528		
09:35:48		1095801		1019917		75884		
09:35:50		1095800		1031756		64044		
09:35:52		1096747		1036175		60572		
09:35:54		1097098		1030698		66400		
09:35:56		1096657		1034125		62532		
09:35:58		1096922		1039598		57324		
09:36:00		1097365		1043389		53976		
09:36:02		1097672		1023604		74068		
09:36:04		1096091		1027355		68736		
09:36:06		1096359		1022719		73640		
09:36:08		1095989		1028053		67936		
09:36:10		1096408		1021048		75360		
09:36:12		1095856		1026944		68912		
09:36:14		1096317		1024441		71876		
09:36:16		1096126		1041930		54196		
09:36:18		1097521		1013365		84156		
09:36:20		1095264		1026088		69176		
09:36:22		1096246		1023614		72632		
09:36:24		1096068		1020648		75420		
09:36:26		1095827		1015999		79828		
09:36:28		1095451		1025079		70372		
09:36:30		1096169		1019929		76240		
09:36:32		1095772		1019532		76240		
09:36:34		1095730		1022958		72772		
09:36:36		1096003		1026179		69824		
09:36:38		1096266		1026210		70056		
09:36:41		1096274		1024746		71528		
09:36:43		1096157		1028001		68156		
09:36:45		1096415		1022279		74136		
09:36:47		1095962		1022014		73948		
09:36:49		1095932		1023356		72576		
09:36:51		1096039		1021591		74448		
09:36:53		1095900		1024072		71828		
09:36:55		1096093		1020577		75516		
09:36:57		1095817		1023277		72540		
09:36:59		1096028		1024496		71532		
09:37:01		1096129		1020833		75296		
09:37:03		1095838		1026370		69468		
09:37:05		1095838		1033318		62520		
09:37:07		1096840		1026140		70700		
09:37:09		1096275		1022227		74048		
09:37:11		1095948		1020772		75176		
09:37:13		1095825		1022749		73076		
09:37:15		1095980		1028588		67392		
09:37:17		1096451		1025339		71112		
09:37:19		1096200		1020732		75468		
09:37:21		1095826		1028402		67424		
09:37:23		1096433		1029009		67424		
09:37:25		1096493		1021009		75484		
09:37:27		1095855		1020375		75480		
09:37:29		1095791		1021035		74756		
09:37:31		1095843		1025039		70804		
09:37:33		1096164		1026220		69944		
09:37:35		1096265		1032397		63868		
09:37:37		1096761		1033885		62876		
09:37:39		1096890		1036866		60024		
09:37:41		1097131		1036487		60644		
09:37:43		1097106		1041050		56056		
09:37:45		1097470		1041166		56304		
09:37:47		1097482		1043286		54196		
09:37:49		1097652		1041720		55932		
09:37:51		1097527		1042215		55312		
09:37:53		1097564		1043120		54444		
09:37:55		1097637		1025345		72292		
09:37:57		1096217		1025141		71076		
09:37:59		1096175		1028695		67480		
09:38:01		1096458		1028854		67604		
09:38:03		1096477		1028997		67480		
09:38:05		1096488		1027148		69340		
09:38:07		1096341		1026993		69348		
09:38:09		1096325		1029953		66372		
09:38:11		1096562		1032174		64388		
09:38:13		1096744		1040292		56452		
09:38:15		1097397		1041565		55832		
09:38:17		1097512		1026824		70688		
09:38:19		1096336		1031352		64984		
09:38:21		1096674		1023098		73576		
09:38:23		1096021		1025545		70476		
09:38:25		1096206		1021762		74444		
09:38:27		1095907		1019727		76180		
09:38:29		1095738		1027494		68244		
09:38:31		1096359		1020799		75560		
09:38:33		1095836		1020896		74940		
09:38:35		1095833		1020401		75432		
09:38:37		1095793		1022965		72828		
09:38:39		1095997		1021309		74688		
09:38:41		1095869		1026389		69480		
09:38:43		1096273		1023321		72952		
09:38:45		1096035		1021099		74936		
09:38:47		1095853		1031581		64272		
09:38:49		1096688		1023240		73448		
09:38:51		1096037		1026561		69476		
09:38:53		1096290		1021358		74932		
09:38:55		1095879		1031479		64400		
09:38:57		1096680		1022236		74444		
09:38:59		1095957		1024613		71344		
09:39:01		1096132		1025772		70360		
09:39:03		1096229		1022185		74044		
09:39:05		1095944		885120		210824		
09:39:07		1084973		947985		136988		
09:39:09		1089919		998315		91604		
09:39:11		1094047		1020987		73060		
09:39:13		1095878		1021438		74440		
09:39:15		1095914		1032758		63156		
09:39:17		1096818		1037258		59560		
09:39:19		1097178		1037958		59220		
09:39:21		1097237		1040893		56344		
09:39:23		1097470		1023082		74388		
09:39:25		1096045		1030585		65460		
09:39:27		1096617		1025601		71016		
09:39:29		1096230		1029918		66312		
09:39:31		1096567		1025847		70720		
09:39:34		1096246		1020690		75556		
09:39:36		1095827		1024999		70828		
09:39:38		1096163		1031419		64744		
09:39:40		1096679		1037651		59028		
09:39:42		1097187		1033127		64060		
09:39:44		1096836		1017972		78864		
09:39:46		1095616		1032508		63108		
09:39:48		1096762		1020830		75932		
09:39:50		1095851		1027835		68016		
09:39:52		1096393		1021737		74656		
09:39:54		1095916		1020408		75508		
09:39:56		1095798		1020678		75120		
09:39:58		1095817		1022669		73148		
09:40:00		1095977		1021365		74612		
09:40:02		1095876		1024916		70960		
09:40:04		1096158		1024470		71688		
09:40:06		1096128		1021100		75028		
09:40:08		1095858		1020382		75476		
09:40:10		1095795		1020027		75768		
09:40:12		1095765		1020069		75696		
09:40:14		1095767		1022335		73432		
09:40:16		1095949		1020457		75492		
09:40:18		1095802		1025138		70664		
09:40:20		1095802		1022166		73636		
09:40:22		1095943		1021455		74488		
09:40:24		1095943		1029779		66164		
09:40:26		1096547		1022851		73696		
09:40:28		1096006		1027810		68196		
09:40:30		1096392		1022136		74256		
09:40:32		1095946		1029998		65948		
09:40:34		1096566		1032122		64444		
09:40:36		1096566		1020962		75604		
09:40:38		1095859		1019751		76108		
09:40:40		1095741		1024345		71396		
09:40:42		1096107		1028803		67304		
09:40:44		1096471		1025447		71024		
09:40:46		1096208		1020440		75768		
09:40:48		1095804		1017308		78496		
09:40:50		1095545		1026225		69320		
09:40:52		1096258		1023590		72668		
09:40:54		1096059		1025995		70064		
09:40:56		1096247		1029895		66352		
09:40:58		1096563		1027599		68964		
09:41:00		1096386		1021966		74420		
09:41:02		1095932		1019652		76280		
09:41:04		1095737		1021945		73792		
09:41:06		1095917		1020901		75016		
09:41:08		1095837		1029821		66016		
09:41:10		1096549		1021729		74820		
09:41:12		1095916		1022460		73456		
09:41:14		1095962		1021018		74944		
09:41:16		1095847		1019539		76308		
09:41:18		1095727		1025783		69944		
09:41:20		1096224		1020452		75772		
09:41:22		1095807		1021895		73912		
09:41:24		1095914		1021382		74532		
09:41:26		1095876		1025196		70680		
09:41:28		1096180		1020672		75508		
09:41:30		1095824		1027144		68680		
09:41:32		1096335		1019851		76484		
09:41:34		1095761		1028461		67300		
09:41:36		1096439		1022699		73740		
09:41:38		1095992		1028368		67624		
09:41:40		1096436		1024844		71592		
09:41:42		1096163		1023339		72824		
09:41:44		1096037		1023585		72452		
09:41:46		1096054		1023354		72700		
09:41:48		1096036		1024948		71088		
09:41:50		1096163		1027927		68236		
09:41:52		1096404		1025812		70592		
09:41:54		1096240		1027136		69104		
09:41:56		1096343		1020543		75800		
09:41:58		1095817		1026713		69104		
09:42:00		1096300		1022088		74212		
09:42:02		1095940		1025628		70312		
09:42:04		1096216		1020348		75868		
09:42:06		1095799		1025763		70036		
09:42:08		1096221		1026301		69920		
09:42:10		1096273		1023889		72384		
09:42:12		1096080		1019620		76460		
09:42:14		1095735		1027351		68384		
09:42:16		1096347		1020655		75692		
09:42:18		1095823		1026603		69220		
09:42:20		1096288		1030540		65748		
09:42:23		1096613		1031981		64632		
09:42:25		1096733		1021933		74800		
09:42:27		1095931		1029067		66864		
09:42:29		1096488		1023176		73312		
09:42:31		1096028		1030776		65252		
09:42:33		1096626		1031358		65268		
09:42:35		1096685		1021017		75668		
09:42:37		1095859		1021455		74404		
09:42:39		1095877		1027441		68436		
09:42:41		1096357		1020869		75488		
09:42:43		1095841		1026817		69024		
09:42:45		1096306		1026918		69388		
09:42:47		1096323		1023835		72488		
09:42:49		1096077		1037489		58588		
09:42:51		1097165		1025681		71484		
09:42:53		1096239		1020803		75436		
09:42:55		1095830		1019542		76288		
09:42:57		1095724		1028884		66840		
09:42:59		1096469		1021577		74892		
09:43:01		1095899		1020147		75752		
09:43:03		1095774		1022262		73512		
09:43:05		1095940		1028512		67428		
09:43:07		1096444		1020624		75820		
09:43:09		1095820		1033424		62396		
09:43:11		1096834		1030126		66708		
09:43:13		1096591		1025311		71280		
09:43:15		1096201		1024937		71264		
09:43:17		1096163		1020683		75480		
09:43:19		1095822		1029642		66180		
09:43:21		1096532		1028988		67544		
09:43:23		1096494		1021138		75356		
09:43:25		1095865		1020509		75356		
09:43:27		1095865		1027825		68040		
09:43:29		1096386		1021278		75108		
09:43:31		1095874		1020146		75728		
09:43:33		1095773		1020425		75348		
09:43:35		1095773		1022937		72836		
09:43:37		1095995		1021695		74300		
09:43:39		1095900		1021744		74156		
09:43:41		1095902		1024722		71180		
09:43:43		1095902		1020878		75024		
09:43:45		1095837		1020201		75636		
09:43:47		1095777		1022289		73488		
09:43:49		1095943		1027695		68248		
09:43:51		1096378		1029694		66684		
09:43:53		1096547		1030731		65816		
09:43:55		1096634		1027718		68916		
09:43:57		1096394		1023510		72884		
09:43:59		1096053		1026641		69412		
09:44:01		1096296		1025528		70768		
09:44:03		1096212		1029576		66636		
09:44:05		1096535		1020967		75568		
09:44:07		1095852		1029112		66740		
09:44:09		1096490		1020574		75916		
09:44:11		1095820		1026600		69220		
09:44:13		1096288		1031656		64632		
09:44:15		1096702		1021158		75544		
09:44:17		1095871		1020079		75792		
09:44:19		1095768		1025928		69840		
09:44:21		1096234		1021434		74800		
09:44:23		1095884		1020216		75668		
09:44:25		1095779		1025443		70336		
09:44:27		1096195		1020403		75792		
09:44:29		1095801		1028853		66948		
09:44:31		1096469		1024901		71568		
09:44:33		1096166		1020382		75784		
09:44:35		1095798		1020206		75592		
09:44:37		1095777		1020821		74956		
09:44:39		1095825		1021529		74296		
09:44:41		1095883		1022379		73504		
09:44:43		1095952		1021844		74108		
09:44:45		1095911		1022351		73560		
09:44:47		1095950		1024546		71404		
09:44:49		1096127		1020647		75480		
09:44:51		1095818		1021246		74572		
09:44:53		1095860		1023040		72820		
09:44:55		1096005		1027937		68068		
09:44:57		1096399		1042971		53428		
09:44:59		1097610		1032858		64752		
09:45:01		1096810		1026050		70760		
09:45:03		1096252		1027724		68528		
09:45:05		1096380		1029712		66668		
09:45:07		1096541		1020581		75960		
09:45:09		1095814		1023110		72704		
09:45:12		1096007		1027055		68952		
09:45:14		1096326		1024274		72052		
09:45:16		1096110		1028562		67548		
09:45:18		1096449		1027073		69376		
09:45:20		1096337		1031037		65300		
09:45:22		1096651		1026167		70484		
09:45:24		1096268		845696		250572		
09:45:26		1081823		923351		158472		
09:45:28		1087880		973560		114320		
09:45:30		1092060		982204		109856		
09:45:32		1092801		993181		99620		
09:45:34		1093654		996390		97264		
09:45:36		1093915		997395		96520		
09:45:38		1093991		998339		95652		
09:45:40		1094068		999284		94784		
09:45:42		1094143		1001591		92552		
09:45:44		1094326		1003262		91064		
09:45:46		1094459		1004435		90024		
09:45:48		1094555		1006143		88412		
09:45:50		1094691		1008263		86428		
09:45:52		1094861		1010169		84692		
09:45:54		1095012		1013048		81964		
09:45:56		1095243		1015387		79856		
09:45:58		1095430		1018046		77384		
09:46:00		1095641		1020993		74648		
09:46:02		1095876		980460		115416		
09:46:04		1092633		980193		112440		
09:46:06		1092574		980258		112316		
09:46:08		1092583		980075		112508		
09:46:10		1092566		980034		112532		
09:46:10		1092565		980033		112532		
