record in kb
time		total		used		free
[19:27:29]		1048572		0		1048572
[19:27:32]		1048572		0		1048572
[19:27:35]		1048572		0		1048572
[19:27:38]		1048572		0		1048572
[19:27:41]		1048572		0		1048572
[19:27:44]		1048572		0		1048572
[19:27:47]		1048572		0		1048572
[19:27:50]		1048572		0		1048572
[19:27:53]		1048572		0		1048572
[19:27:56]		1048572		0		1048572
[19:27:59]		1048572		0		1048572
[19:28:02]		1048572		0		1048572
[19:28:05]		1048572		0		1048572
[19:28:08]		1048572		0		1048572
[19:28:11]		1048572		0		1048572
[19:28:14]		1048572		0		1048572
[19:28:17]		1048572		0		1048572
[19:28:20]		1048572		0		1048572
[19:28:23]		1048572		0		1048572
[19:28:26]		1048572		0		1048572
[19:28:29]		1048572		0		1048572
[19:28:32]		1048572		0		1048572
[19:28:35]		1048572		0		1048572
[19:28:38]		1048572		0		1048572
[19:28:41]		1048572		0		1048572
[19:28:44]		1048572		0		1048572
[19:28:47]		1048572		8		1048564
[19:28:50]		1048572		8		1048564
[19:28:53]		1048572		36		1048536
[19:28:56]		1048572		4536		1044036
[19:28:59]		1048572		4536		1044036
[19:29:02]		1048572		4536		1044036
[19:29:05]		1048572		4536		1044036
[19:29:08]		1048572		5336		1043236
[19:29:11]		1048572		7752		1040820
[19:29:14]		1048572		11076		1037496
[19:29:17]		1048572		12692		1035880
[19:29:20]		1048572		12692		1035880
[19:29:23]		1048572		12692		1035880
[19:29:26]		1048572		12588		1035984
[19:29:29]		1048572		12492		1036080
[19:29:32]		1048572		12492		1036080
[19:29:35]		1048572		12492		1036080
[19:29:38]		1048572		12492		1036080
[19:29:41]		1048572		12492		1036080
[19:29:44]		1048572		12492		1036080
[19:29:47]		1048572		12492		1036080
[19:29:50]		1048572		12492		1036080
[19:29:53]		1048572		12492		1036080
[19:29:56]		1048572		12492		1036080
[19:29:59]		1048572		12492		1036080
[19:30:02]		1048572		12492		1036080
[19:30:05]		1048572		12492		1036080
[19:30:08]		1048572		17320		1031252
[19:30:11]		1048572		42084		1006488
[19:30:14]		1048572		47732		1000840
[19:30:17]		1048572		52804		995768
[19:30:20]		1048572		59436		989136
[19:30:23]		1048572		55404		993168
[19:30:26]		1048572		54968		993604
[19:30:29]		1048572		54616		993956
[19:30:32]		1048572		51428		997144
[19:30:35]		1048572		87720		960852
[19:30:38]		1048572		86792		961780
[19:30:41]		1048572		110420		938152
[19:30:44]		1048572		109420		939152
[19:30:47]		1048572		103400		945172
[19:30:50]		1048572		102524		946048
[19:30:53]		1048572		96324		952248
[19:30:56]		1048572		96892		951680
[19:30:59]		1048572		91472		957100
[19:31:02]		1048572		91348		957224
[19:31:05]		1048572		91260		957312
[19:31:08]		1048572		89344		959228
[19:31:12]		1048572		89540		959032
[19:31:15]		1048572		94420		954152
[19:31:18]		1048572		92552		956020
[19:31:21]		1048572		83756		964816
[19:31:24]		1048572		83800		964772
[19:31:27]		1048572		80532		968040
[19:31:30]		1048572		71708		976864
[19:31:33]		1048572		72048		976524
[19:31:36]		1048572		75696		972876
[19:31:39]		1048572		75008		973564
[19:31:42]		1048572		78820		969752
[19:31:45]		1048572		75628		972944
[19:31:48]		1048572		77808		970764
[19:31:51]		1048572		68460		980112
[19:31:54]		1048572		81236		967336
[19:31:57]		1048572		92492		956080
[19:32:00]		1048572		93488		955084
[19:32:03]		1048572		91644		956928
[19:32:06]		1048572		93044		955528
[19:32:09]		1048572		91084		957488
[19:32:12]		1048572		90164		958408
[19:32:15]		1048572		75228		973344
[19:32:18]		1048572		87524		961048
[19:32:21]		1048572		104224		944348
[19:32:24]		1048572		90696		957876
[19:32:27]		1048572		92188		956384
[19:32:30]		1048572		87832		960740
[19:32:33]		1048572		83852		964720
[19:32:36]		1048572		82020		966552
[19:32:39]		1048572		90072		958500
[19:32:42]		1048572		97260		951312
[19:32:45]		1048572		98468		950104
[19:32:48]		1048572		109044		939528
[19:32:51]		1048572		119920		928652
[19:32:54]		1048572		109420		939152
[19:32:57]		1048572		164868		883704
[19:33:00]		1048572		161560		887012
[19:33:03]		1048572		162144		886428
[19:33:06]		1048572		136004		912568
[19:33:09]		1048572		153240		895332
[19:33:12]		1048572		122304		926268
[19:33:15]		1048572		132564		916008
[19:33:18]		1048572		132424		916148
[19:33:21]		1048572		134632		913940
[19:33:24]		1048572		129136		919436
[19:33:27]		1048572		122636		925936
[19:33:30]		1048572		120856		927716
[19:33:33]		1048572		117024		931548
[19:33:36]		1048572		119336		929236
[19:33:39]		1048572		118652		929920
[19:33:42]		1048572		117676		930896
[19:33:45]		1048572		116720		931852
[19:33:48]		1048572		116256		932316
[19:33:51]		1048572		114792		933780
[19:33:54]		1048572		112884		935688
[19:33:57]		1048572		117436		931136
[19:34:00]		1048572		116064		932508
[19:34:03]		1048572		108344		940228
[19:34:06]		1048572		116820		931752
[19:34:09]		1048572		113092		935480
[19:34:12]		1048572		141792		906780
[19:34:15]		1048572		116800		931772
[19:34:18]		1048572		119192		929380
[19:34:21]		1048572		114604		933968
[19:34:24]		1048572		110652		937920
[19:34:27]		1048572		118552		930020
[19:34:30]		1048572		122520		926052
[19:34:33]		1048572		126776		921796
[19:34:36]		1048572		18988		1029584
[19:34:39]		1048572		18988		1029584
[19:34:42]		1048572		18988		1029584
[19:34:45]		1048572		18988		1029584
[19:34:48]		1048572		18976		1029596
[19:34:51]		1048572		18976		1029596
[19:34:54]		1048572		18976		1029596
[19:34:57]		1048572		18976		1029596
[19:35:00]		1048572		18972		1029600
[19:35:03]		1048572		18932		1029640
[19:35:06]		1048572		18932		1029640
[19:35:09]		1048572		18932		1029640
[19:35:12]		1048572		18816		1029756
[19:35:15]		1048572		18740		1029832
[19:35:18]		1048572		18740		1029832
[19:35:21]		1048572		18740		1029832
[19:35:24]		1048572		18740		1029832
[19:35:27]		1048572		36188		1012384
[19:35:30]		1048572		49552		999020
[19:35:33]		1048572		49384		999188
[19:35:36]		1048572		100184		948388
[19:35:39]		1048572		108044		940528
[19:35:42]		1048572		114472		934100
[19:35:45]		1048572		134784		913788
[19:35:48]		1048572		154320		894252
[19:35:51]		1048572		149612		898960
[19:35:54]		1048572		176776		871796
[19:35:57]		1048572		176336		872236
[19:36:00]		1048572		196436		852136
[19:36:03]		1048572		200392		848180
[19:36:06]		1048572		206568		842004
[19:36:09]		1048572		199992		848580
[19:36:12]		1048572		165220		883352
[19:36:15]		1048572		151856		896716
[19:36:18]		1048572		151000		897572
[19:36:21]		1048572		154528		894044
[19:36:24]		1048572		194440		854132
[19:36:27]		1048572		214244		834328
[19:36:30]		1048572		217660		830912
[19:36:33]		1048572		223776		824796
[19:36:36]		1048572		227052		821520
[19:36:39]		1048572		232156		816416
[19:36:42]		1048572		241064		807508
[19:36:45]		1048572		215696		832876
[19:36:48]		1048572		219404		829168
[19:36:51]		1048572		241648		806924
[19:36:54]		1048572		235824		812748
[19:36:57]		1048572		244628		803944
[19:37:00]		1048572		259304		789268
[19:37:03]		1048572		259556		789016
[19:37:06]		1048572		249816		798756
[19:37:09]		1048572		235632		812940
[19:37:12]		1048572		236076		812496
[19:37:15]		1048572		235296		813276
[19:37:18]		1048572		242736		805836
[19:37:21]		1048572		254388		794184
[19:37:24]		1048572		262024		786548
[19:37:27]		1048572		254276		794296
[19:37:30]		1048572		169404		879168
[19:37:33]		1048572		82256		966316
[19:37:36]		1048572		21764		1026808
[19:37:39]		1048572		19308		1029264
[19:37:42]		1048572		19308		1029264
[19:37:45]		1048572		19296		1029276
[19:37:48]		1048572		19296		1029276
[19:37:51]		1048572		19296		1029276
[19:37:54]		1048572		19296		1029276
[19:37:57]		1048572		19296		1029276
[19:38:00]		1048572		19296		1029276
[19:38:03]		1048572		19296		1029276
[19:38:06]		1048572		19296		1029276
[19:38:09]		1048572		19296		1029276
[19:38:12]		1048572		19292		1029280
[19:38:15]		1048572		19292		1029280
[19:38:18]		1048572		19292		1029280
[19:38:21]		1048572		19292		1029280
[19:38:24]		1048572		19292		1029280
[19:38:27]		1048572		19292		1029280
[19:38:30]		1048572		19292		1029280
[19:38:33]		1048572		19292		1029280
[19:38:36]		1048572		19292		1029280
[19:38:39]		1048572		19292		1029280
[19:38:42]		1048572		19292		1029280
[19:38:45]		1048572		19292		1029280
[19:38:48]		1048572		19292		1029280
[19:38:51]		1048572		19292		1029280
[19:38:54]		1048572		19292		1029280
[19:38:57]		1048572		19292		1029280
[19:39:00]		1048572		19292		1029280
[19:39:03]		1048572		19292		1029280
[19:39:06]		1048572		19292		1029280
[19:39:09]		1048572		19292		1029280
[19:39:12]		1048572		19292		1029280
[19:39:15]		1048572		19292		1029280
[19:39:18]		1048572		19292		1029280
[19:39:21]		1048572		19292		1029280
[19:39:24]		1048572		19292		1029280
[19:39:27]		1048572		19292		1029280
[19:39:30]		1048572		19292		1029280
[19:39:33]		1048572		19292		1029280
[19:39:36]		1048572		19292		1029280
[19:39:39]		1048572		19292		1029280
[19:39:42]		1048572		19292		1029280
[19:39:45]		1048572		19292		1029280
[19:39:49]		1048572		19292		1029280
[19:39:52]		1048572		19292		1029280
[19:39:55]		1048572		19292		1029280
[19:39:58]		1048572		19292		1029280
[19:40:01]		1048572		19292		1029280
[19:40:04]		1048572		19292		1029280
[19:40:07]		1048572		19292		1029280
[19:40:10]		1048572		19292		1029280
[19:40:13]		1048572		19292		1029280
[19:40:16]		1048572		19292		1029280
[19:40:19]		1048572		19292		1029280
[19:40:22]		1048572		19292		1029280
[19:40:25]		1048572		19292		1029280
[19:40:28]		1048572		19292		1029280
[19:40:31]		1048572		19292		1029280
[19:40:34]		1048572		19292		1029280
[19:40:37]		1048572		19292		1029280
[19:40:40]		1048572		19292		1029280
[19:40:43]		1048572		19292		1029280
[19:40:46]		1048572		19292		1029280
[19:40:49]		1048572		19292		1029280
[19:40:52]		1048572		19292		1029280
[19:40:55]		1048572		19292		1029280
[19:40:58]		1048572		19164		1029408
[19:41:01]		1048572		19100		1029472
[19:41:04]		1048572		19100		1029472
[19:41:07]		1048572		19100		1029472
[19:41:10]		1048572		19100		1029472
[19:41:13]		1048572		19100		1029472
[19:41:16]		1048572		19100		1029472
[19:41:19]		1048572		19100		1029472
[19:41:22]		1048572		19100		1029472
[19:41:25]		1048572		19100		1029472
[19:41:28]		1048572		19100		1029472
[19:41:31]		1048572		19100		1029472
[19:41:34]		1048572		19100		1029472
[19:41:37]		1048572		19100		1029472
[19:41:40]		1048572		19096		1029476
[19:41:43]		1048572		19096		1029476
[19:41:46]		1048572		19096		1029476
[19:41:49]		1048572		19096		1029476
[19:41:52]		1048572		19096		1029476
[19:41:55]		1048572		19096		1029476
[19:41:58]		1048572		19096		1029476
[19:42:01]		1048572		19096		1029476
[19:42:04]		1048572		19096		1029476
[19:42:07]		1048572		19096		1029476
[19:42:10]		1048572		19096		1029476
[19:42:13]		1048572		19096		1029476
[19:42:16]		1048572		19096		1029476
[19:42:19]		1048572		19096		1029476
[19:42:22]		1048572		19096		1029476
[19:42:25]		1048572		19096		1029476
[19:42:28]		1048572		19096		1029476
[19:42:31]		1048572		19096		1029476
[19:42:35]		1048572		19096		1029476
[19:42:38]		1048572		19096		1029476
[19:42:41]		1048572		19096		1029476
[19:42:44]		1048572		19096		1029476
[19:42:47]		1048572		19096		1029476
[19:42:50]		1048572		19096		1029476
[19:42:53]		1048572		19096		1029476
[19:42:56]		1048572		19096		1029476
[19:42:59]		1048572		19096		1029476
[19:43:02]		1048572		19096		1029476
[19:43:05]		1048572		19096		1029476
[19:43:08]		1048572		19096		1029476
[19:43:11]		1048572		19096		1029476
[19:43:14]		1048572		19096		1029476
[19:43:17]		1048572		19096		1029476
[19:43:20]		1048572		19096		1029476
[19:43:23]		1048572		19096		1029476
[19:43:26]		1048572		19096		1029476
[19:43:29]		1048572		19096		1029476
[19:43:32]		1048572		19096		1029476
[19:43:35]		1048572		19096		1029476
[19:43:38]		1048572		19096		1029476
[19:43:41]		1048572		19096		1029476
[19:43:44]		1048572		19096		1029476
[19:43:47]		1048572		19096		1029476
[19:43:50]		1048572		19096		1029476
[19:43:53]		1048572		19096		1029476
[19:43:56]		1048572		19096		1029476
[19:43:59]		1048572		19096		1029476
[19:44:02]		1048572		19096		1029476
[19:44:05]		1048572		19096		1029476
[19:44:08]		1048572		19096		1029476
[19:44:11]		1048572		41068		1007504
[19:44:14]		1048572		39100		1009472
[19:44:17]		1048572		37880		1010692
[19:44:20]		1048572		37804		1010768
[19:44:23]		1048572		46868		1001704
[19:44:26]		1048572		44884		1003688
[19:44:29]		1048572		19100		1029472
[19:44:32]		1048572		19100		1029472
[19:44:35]		1048572		19100		1029472
[19:44:38]		1048572		19100		1029472
[19:44:41]		1048572		19100		1029472
[19:44:44]		1048572		19100		1029472
[19:44:47]		1048572		19096		1029476
[19:44:50]		1048572		19096		1029476
[19:44:53]		1048572		19096		1029476
[19:44:56]		1048572		19096		1029476
[19:44:59]		1048572		19096		1029476
[19:45:02]		1048572		19096		1029476
[19:45:05]		1048572		19096		1029476
[19:45:08]		1048572		19096		1029476
[19:45:11]		1048572		19096		1029476
[19:45:14]		1048572		19096		1029476
[19:45:17]		1048572		19096		1029476
[19:45:20]		1048572		19096		1029476
[19:45:23]		1048572		19096		1029476
[19:45:27]		1048572		19096		1029476
[19:45:30]		1048572		19096		1029476
[19:45:33]		1048572		19096		1029476
[19:45:36]		1048572		41964		1006608
[19:45:39]		1048572		32060		1016512
[19:45:42]		1048572		32524		1016048
[19:45:45]		1048572		33160		1015412
[19:45:48]		1048572		42556		1006016
[19:45:51]		1048572		42416		1006156
[19:45:54]		1048572		42376		1006196
[19:45:57]		1048572		42244		1006328
[19:46:00]		1048572		41940		1006632
[19:46:03]		1048572		41584		1006988
[19:46:06]		1048572		47344		1001228
[19:46:09]		1048572		55072		993500
[19:46:12]		1048572		55056		993516
[19:46:15]		1048572		55032		993540
[19:46:18]		1048572		57132		991440
[19:46:21]		1048572		66100		982472
[19:46:24]		1048572		70076		978496
[19:46:27]		1048572		62208		986364
[19:46:30]		1048572		62136		986436
[19:46:33]		1048572		61796		986776
[19:46:36]		1048572		73288		975284
[19:46:39]		1048572		72772		975800
[19:46:42]		1048572		85028		963544
[19:46:45]		1048572		88060		960512
[19:46:48]		1048572		96084		952488
[19:46:51]		1048572		94328		954244
[19:46:54]		1048572		78064		970508
[19:46:57]		1048572		77916		970656
[19:47:00]		1048572		87264		961308
[19:47:03]		1048572		100336		948236
[19:47:06]		1048572		105736		942836
[19:47:09]		1048572		98456		950116
[19:47:12]		1048572		101432		947140
[19:47:15]		1048572		92032		956540
[19:47:18]		1048572		84416		964156
[19:47:21]		1048572		91300		957272
[19:47:24]		1048572		98456		950116
[19:47:27]		1048572		99908		948664
[19:47:30]		1048572		80972		967600
[19:47:33]		1048572		87260		961312
[19:47:36]		1048572		90112		958460
[19:47:39]		1048572		99988		948584
[19:47:42]		1048572		106500		942072
[19:47:45]		1048572		108756		939816
[19:47:48]		1048572		109548		939024
[19:47:51]		1048572		107108		941464
[19:47:54]		1048572		99392		949180
[19:47:57]		1048572		94864		953708
[19:48:00]		1048572		101628		946944
[19:48:03]		1048572		110376		938196
[19:48:06]		1048572		109408		939164
[19:48:09]		1048572		89732		958840
[19:48:12]		1048572		110368		938204
[19:48:16]		1048572		96332		952240
[19:48:19]		1048572		100408		948164
[19:48:22]		1048572		99752		948820
[19:48:25]		1048572		101936		946636
[19:48:28]		1048572		101660		946912
[19:48:31]		1048572		113920		934652
[19:48:34]		1048572		112196		936376
[19:48:37]		1048572		110164		938408
[19:48:40]		1048572		115588		932984
[19:48:43]		1048572		120364		928208
[19:48:46]		1048572		110044		938528
[19:48:49]		1048572		97684		950888
[19:48:52]		1048572		109544		939028
[19:48:55]		1048572		118168		930404
[19:48:58]		1048572		113888		934684
[19:49:01]		1048572		112348		936224
[19:49:04]		1048572		115132		933440
[19:49:07]		1048572		116088		932484
[19:49:10]		1048572		92452		956120
[19:49:13]		1048572		113364		935208
[19:49:16]		1048572		114612		933960
[19:49:19]		1048572		118096		930476
[19:49:22]		1048572		116036		932536
[19:49:25]		1048572		110904		937668
[19:49:28]		1048572		118720		929852
[19:49:31]		1048572		19348		1029224
[19:49:34]		1048572		19336		1029236
[19:49:37]		1048572		19336		1029236
[19:49:40]		1048572		19336		1029236
[19:49:43]		1048572		19336		1029236
[19:49:46]		1048572		19336		1029236
[19:49:49]		1048572		19336		1029236
[19:49:52]		1048572		19332		1029240
[19:49:55]		1048572		19332		1029240
[19:49:58]		1048572		19332		1029240
[19:50:01]		1048572		19332		1029240
[19:50:04]		1048572		19292		1029280
[19:50:07]		1048572		19292		1029280
[19:50:10]		1048572		19056		1029516
[19:50:13]		1048572		19056		1029516
[19:50:16]		1048572		19056		1029516
[19:50:19]		1048572		19056		1029516
[19:50:22]		1048572		18792		1029780
[19:50:25]		1048572		18792		1029780
[19:50:28]		1048572		18412		1030160
[19:50:31]		1048572		18412		1030160
[19:50:34]		1048572		18412		1030160
[19:50:37]		1048572		18412		1030160
[19:50:40]		1048572		18412		1030160
[19:50:43]		1048572		18412		1030160
[19:50:46]		1048572		18412		1030160
[19:50:49]		1048572		18412		1030160
[19:50:52]		1048572		18412		1030160
[19:50:55]		1048572		18412		1030160
[19:50:58]		1048572		18412		1030160
[19:51:01]		1048572		18412		1030160
[19:51:04]		1048572		18412		1030160
[19:51:07]		1048572		18412		1030160
[19:51:10]		1048572		18412		1030160
[19:51:13]		1048572		18412		1030160
[19:51:16]		1048572		18412		1030160
[19:51:19]		1048572		18412		1030160
[19:51:22]		1048572		18412		1030160
[19:51:25]		1048572		18412		1030160
[19:51:28]		1048572		18412		1030160
[19:51:31]		1048572		18412		1030160
[19:51:34]		1048572		18412		1030160
[19:51:37]		1048572		18412		1030160
[19:51:40]		1048572		18412		1030160
[19:51:43]		1048572		18412		1030160
[19:51:46]		1048572		18412		1030160
[19:51:49]		1048572		18412		1030160
[19:51:52]		1048572		18412		1030160
[19:51:55]		1048572		18412		1030160
[19:51:58]		1048572		18412		1030160
[19:52:01]		1048572		18412		1030160
