recorded by mmserver domain:[id:7 time:Mon Feb  4 11:14:51 2013
]
time		tg_mem		use_mem		free_mem		
11:14:53		1274441		993189		281252		
11:14:55		1274441		993189		281252		
11:14:57		1274441		993561		280880		
11:14:59		1274590		1016494		258096		
11:15:01		1283778		1043214		240564		
11:15:03		1294604		1041200		253404		
11:15:05		1293802		1043994		249808		
11:15:07		1294839		1046023		248816		
11:15:09		1295730		1048030		247700		
11:15:11		1296535		1047967		248568		
11:15:13		1296516		1048072		248444		
11:15:15		1296531		1049203		247328		
11:15:17		1296985		1049409		247576		
11:15:19		1297088		1049512		247576		
11:15:21		1297115		1048795		248320		
11:15:23		1296818		1048498		248320		
11:15:25		1296668		1048472		248196		
11:15:27		1296643		1045267		251376		
11:15:29		1295359		1059011		236348		
11:15:31		1300753		1067753		233000		
11:15:33		1304417		1083965		220452		
11:15:35		1310909		1085249		225660		
11:15:37		1311427		1090479		220948		
11:15:39		1313509		1091941		221568		
11:15:41		1314091		1096515		217576		
11:15:43		1315942		1101334		214608		
11:15:45		1317869		1117645		200224		
11:15:47		1324375		1047023		277352		
11:15:49		1296144		1139824		156320		
11:15:51		1330938		1156810		174128		
11:15:53		1340083		1165111		174972		
11:15:55		1343388		1172152		171236		
11:15:57		1346225		1183133		163092		
11:15:59		1350616		1196572		154044		
11:16:01		1355972		1208164		147808		
11:16:03		1360623		1241719		118904		
11:16:05		1374040		1230248		143792		
11:16:07		1369467		1233195		136272		
11:16:09		1370412		1238480		131932		
11:16:11		1372620		1246392		126228		
11:16:13		1375907		1250455		125452		
11:16:15		1377538		1257170		120368		
11:16:17		1380227		1264463		115764		
11:16:19		1383140		1274568		108572		
11:16:21		1387188		1287048		100140		
11:16:23		1392174		1291662		100512		
11:16:25		1393997		1303273		90724		
11:16:27		1398650		1321954		76696		
11:16:29		1406104		1331812		74292		
11:16:31		1410061		1334529		75532		
11:16:33		1411134		1345966		65168		
11:16:35		1415704		1340556		75148		
11:16:37		1413539		1338515		75024		
11:16:39		1412543		1338883		73660		
11:16:41		1412690		1346098		66592		
11:16:43		1415603		1346903		68700		
11:16:45		1416117		1346921		69196		
11:16:47		1416138		1346942		69196		
11:16:49		1416137		1347189		68948		
11:16:51		1416222		1340578		75644		
11:16:53		1413587		1339927		73660		
11:16:55		1413100		1337456		75644		
11:16:57		1412125		1337473		74652		
11:16:59		1412121		1338833		73288		
11:17:01		1412677		1324881		87796		
11:17:03		1407135		1327027		80108		
11:17:05		1407949		1326717		81232		
11:17:07		1407909		1341309		66600		
11:17:09		1413741		1338213		75528		
11:17:11		1412640		1346536		66104		
11:17:13		1415859		1337851		78008		
11:17:15		1412472		1337688		74784		
11:17:17		1412229		1338933		73296		
11:17:19		1412716		1344156		68560		
11:17:21		1414853		1355137		59716		
11:17:23		1419409		1329097		90312		
11:17:25		1409003		1326815		82188		
11:17:27		1407843		1326555		81288		
11:17:29		1407760		1326596		81164		
11:17:31		1407779		1326647		81132		
11:17:34		1407802		1326826		80976		
11:17:36		1407876		1327460		80416		
11:17:38		1408137		1328437		79700		
11:17:40		1408553		1329165		79388		
11:17:42		1408886		1329810		79076		
11:17:44		1409178		1330538		78640		
11:17:46		1409498		1330858		78640		
11:17:48		1409606		1332306		77300		
11:17:50		1410214		1332830		77384		
11:17:52		1410443		1333495		76948		
11:17:54		1410564		1335316		75248		
11:17:56		1411314		1336286		75028		
11:17:58		1411762		1337606		74156		
11:18:00		1412284		1339056		73228		
11:18:02		1412880		1340148		72732		
11:18:04		1412880		1339748		73132		
11:18:06		1413160		1340524		72636		
11:18:08		1413455		1341535		71920		
11:18:10		1413876		1342796		71080		
11:18:12		1414374		1345286		69088		
11:18:14		1415382		1346422		68960		
11:18:16		1415825		1347861		67964		
11:18:18		1416396		1349724		66672		
11:18:20		1417149		1351785		65364		
11:18:22		1417961		1349649		68312		
11:18:24		1417114		1340866		76248		
11:18:26		1413528		1350176		63352		
11:18:28		1417191		1338183		79008		
11:18:30		1412637		1341317		71320		
11:18:32		1413658		1344690		68968		
11:18:34		1415109		1345397		69712		
11:18:36		1415525		1345441		70084		
11:18:38		1415547		1345307		70240		
11:18:40		1415495		1345255		70240		
11:18:42		1415469		1322353		93116		
11:18:44		1406307		1322367		83940		
11:18:46		1405867		1322299		83568		
11:18:48		1406056		1322772		83284		
11:18:50		1406289		1323005		83284		
11:18:52		1406418		1326278		80140		
11:18:54		1407739		1327103		80636		
11:18:56		1408164		1327776		80388		
11:18:58		1408476		1330940		77536		
11:19:00		1409723		1333179		76544		
11:19:02		1410619		1333455		77164		
11:19:04		1410720		1332812		77908		
11:19:06		1410461		1350533		59928		
11:19:08		1417524		1332672		84852		
11:19:10		1410416		1330772		79644		
11:19:12		1409441		1330913		78528		
11:19:14		1409487		1334555		74932		
11:19:16		1410948		1335024		75924		
11:19:18		1411282		1357058		54224		
11:19:20		1420129		1356853		63276		
11:19:22		1420113		1353613		66500		
11:19:24		1418791		1353159		65632		
11:19:26		1418478		1343090		75388		
11:19:28		1414431		1339291		75140		
11:19:30		1412867		1337851		75016		
11:19:32		1412271		1337379		74892		
11:19:34		1412097		1341297		70800		
11:19:36		1413660		1341992		71668		
11:19:38		1414094		1342054		72040		
11:19:40		1414162		1341998		72164		
11:19:42		1414146		1334418		79728		
11:19:44		1411113		1334361		76752		
11:19:46		1410873		1310313		100560		
11:19:48		1401268		1310256		91012		
11:19:50		1400991		1310351		90640		
11:19:52		1401286		1310398		90888		
11:19:54		1401335		1310323		91012		
11:19:56		1401322		1302654		98668		
11:19:58		1398253		1309661		88592		
11:20:00		1401009		1319361		81648		
11:20:02		1405102		1321718		83384		
11:20:04		1406034		1329346		76688		
11:20:06		1409104		1324572		84532		
11:20:08		1407179		1324631		82548		
11:20:10		1407010		1314178		92832		
11:20:12		1402811		1295751		107060		
11:20:14		1395443		985723		409720		
11:20:17		1271401		999497		271904		
11:20:19		1288126		1016222		271904		
11:20:21		1283620		1028704		254916		
11:20:23		1286178		1034114		252064		
11:20:25		1290060		1037004		253056		
11:20:27		1292063		1046075		245988		
11:20:29		1295967		1054319		241648		
11:20:31		1299096		1063276		235820		
11:20:33		1302645		1068809		233836		
11:20:35		1304928		1070224		234704		
11:20:37		1305449		1076821		228628		
11:20:39		1308091		1080827		227264		
11:20:41		1309746		1089054		220692		
11:20:43		1313129		1014037		299092		
11:20:45		1283224		1029888		253336		
11:20:47		1286822		1039686		247136		
11:20:49		1293073		1043457		249616		
11:20:51		1294723		1045107		249616		
11:20:53		1295386		1045770		249616		
11:20:55		1295631		1046015		249616		
11:20:57		1295740		1098204		197536		
11:20:59		1316615		1144871		171744		
11:21:01		1335782		1164038		171744		
11:21:03		1342936		1171192		171744		
11:21:05		1316349		1227685		88664		
11:21:07		1366253		1255393		110860		
11:21:09		1379433		1270309		109124		
11:21:11		1385458		1270506		114952		
11:21:13		1385531		1297611		87920		
11:21:15		1396368		1306092		90276		
11:21:17		1399765		1306141		93624		
11:21:19		1399778		1323754		76024		
11:21:21		1399778		1323754		76024		
11:21:23		1406821		1342549		64272		
11:21:25		1414315		1340495		73820		
11:21:27		1413523		1352599		60924		
11:21:29		1418286		1352898		65388		
11:21:31		1418472		1354156		64316		
11:21:33		1418969		1346221		72748		
11:21:35		1415808		1348388		67420		
11:21:37		1416495		1349059		67436		
11:21:39		1416832		1360912		55920		
11:21:41		1421607		1349751		71856		
11:21:43		1417260		1341560		75700		
11:21:45		1413760		1336836		76924		
11:21:47		1411880		1337664		74216		
11:21:49		1412199		1337727		74472		
11:21:51		1412256		1355816		56440		
11:21:53		1419497		1344089		75408		
11:21:55		1414983		1349187		65796		
11:21:57		1416806		1350762		66044		
11:21:59		1417619		1351075		66544		
11:22:01		1417787		1346983		70804		
11:22:03		1416154		1346582		69572		
11:22:05		1415830		1350258		65572		
11:22:07		1417268		1348424		68844		
11:22:09		1416679		972479		444200		
11:22:11		1266243		934631		331612		
11:22:13		1261545		1026617		234928		
11:22:15		1287500		1167628		119872		
11:22:17		1314885		1173253		141632		
11:22:19		1346667		1179383		167284		
11:22:21		1349123		1188383		160740		
11:22:23		1352733		1196473		156260		
11:22:25		1355933		1200665		155268		
11:22:27		1357620		1211668		145952		
11:22:29		1362016		1234540		127476		
11:22:31		1371183		1258579		112604		
11:22:33		1380785		1298313		82472		
11:22:35		1396685		1298217		98468		
11:22:37		1396649		1305249		91400		
11:22:39		1399459		1314383		85076		
11:22:41		1403108		1315056		88052		
11:22:43		1403370		1327470		75900		
11:22:45		1408337		1329461		78876		
11:22:47		1409122		1333470		75652		
11:22:49		1410730		1337930		72800		
11:22:51		1412513		1325949		86564		
11:22:53		1407725		1325997		81728		
11:22:55		1407551		1327435		80116		
11:22:57		1408121		1328377		79744		
11:22:59		1408555		1327695		80860		
11:23:01		1408313		1327981		80332		
11:23:03		1408401		1328457		79944		
11:23:05		1408613		1330529		78084		
11:23:08		1409463		1328275		81188		
11:23:10		1408646		1327826		80820		
11:23:12		1408385		1328057		80328		
11:23:14		1408451		1328123		80328		
11:23:16		1408484		1332248		76236		
11:23:18		1410137		1338237		71900		
11:23:20		1412661		1342353		70308		
11:23:22		1414301		1343341		70960		
11:23:24		1414700		1343368		71332		
11:23:26		1414700		1343368		71332		
11:23:28		1414688		1343604		71084		
11:23:30		1414769		1344181		70588		
11:23:32		1414945		1344357		70588		
11:23:34		1415019		1344431		70588		
11:23:36		1415043		1344455		70588		
11:23:38		1415055		1344467		70588		
11:23:40		1415061		1344597		70464		
11:23:42		1415114		1344898		70216		
11:23:44		1415215		1344999		70216		
11:23:46		1415265		1345421		69844		
11:23:48		1415414		1345694		69720		
11:23:50		1415538		1345818		69720		
11:23:52		1415600		1160264		255336		
11:23:54		1341385		1172545		168840		
11:23:56		1341327		1180083		161244		
11:23:58		1349164		1187920		161244		
11:24:00		1352475		1191231		161244		
11:24:02		1353858		1192614		161244		
11:24:04		1354413		1150705		203708		
11:24:06		1337643		1171267		166376		
11:24:08		1344662		1172830		171832		
11:24:10		1346324		1182180		164144		
11:24:12		1350193		1187413		162780		
11:24:14		1352339		1185591		166748		
11:24:16		1351589		1185833		165756		
11:24:18		1351611		1185979		165632		
11:24:20		1351671		1182815		168856		
11:24:22		1350412		1184160		166252		
11:24:24		1350811		1185427		165384		
11:24:26		1351358		1186098		165260		
11:24:28		1351681		1187289		164392		
11:24:30		1352170		1160342		191828		
11:24:32		1341448		1169212		172236		
11:24:34		1341448		1174924		166524		
11:24:36		1347314		1178682		168632		
11:24:38		1348820		1181800		167020		
11:24:40		1350056		1196552		153504		
11:24:42		1355969		1236193		119776		
11:24:44		1371809		1250421		121388		
11:24:46		1377497		1249537		127960		
11:24:48		1377155		1254775		122380		
11:24:50		1379216		1260680		118536		
11:24:52		1381611		1256875		124736		
11:24:54		1380067		1261407		118660		
11:24:56		1381726		1262198		119528		
11:24:58		1382196		1262908		119288		
11:25:00		1382490		1263110		119380		
11:25:02		1382563		1259339		123224		
11:25:04		1381062		1260318		120744		
11:25:06		1381303		1260559		120744		
11:25:08		1381424		1261672		119752		
11:25:10		1381881		1263617		118264		
11:25:12		1382705		1263945		118760		
11:25:14		1382906		1157778		225128		
11:25:16		1340434		1165154		175280		
11:25:18		1339658		1174306		165352		
11:25:20		1346862		1175806		171056		
11:25:22		1347687		1177123		170564		
11:25:24		1348209		1181117		167092		
11:25:26		1349797		1181341		168456		
11:25:28		1349884		1182668		167216		
11:25:30		1350400		1182936		167464		
11:25:32		1350508		1184280		166228		
11:25:34		1351057		1183837		167220		
11:25:36		1350872		1184892		165980		
11:25:38		1351277		1185669		165608		
11:25:40		1351603		1185995		165608		
11:25:43		1351741		1186009		165732		
11:25:45		1351748		1185892		165856		
11:25:47		1351678		1185946		165732		
11:25:49		1351679		1185947		165732		
11:25:51		1351680		1186072		165608		
11:25:53		1351730		1186122		165608		
11:25:55		1351743		1186135		165608		
11:25:57		1351749		1189841		161908		
11:25:59		1353232		1175848		177384		
11:26:01		1347646		1188622		159024		
11:26:03		1352582		1195294		157288		
11:26:05		1355484		1201056		154428		
11:26:07		1357793		1209453		148340		
11:26:09		1361147		1216031		145116		
11:26:11		1363792		1221172		142620		
11:26:13		1365840		1222476		143364		
11:26:15		1366355		1222991		143364		
11:26:17		1366563		1225307		141256		
11:26:19		1367498		1225778		141720		
11:26:21		1367693		1227089		140604		
11:26:23		1368200		1243344		124856		
11:26:25		1374691		1243791		130900		
11:26:27		1374861		1244705		130156		
11:26:29		1375244		1242360		132884		
11:26:31		1374283		1242635		131648		
11:26:33		1374296		1242568		131728		
11:26:35		1374271		1242543		131728		
11:26:37		1374259		1242655		131604		
11:26:39		1374302		1242698		131604		
11:26:41		1374324		1242852		131472		
11:26:43		1374375		1243059		131316		
11:26:45		1374463		1243271		131192		
11:26:47		1374557		1243365		131192		
11:26:49		1374604		1243412		131192		
11:26:51		1374627		1156327		218300		
11:26:53		1339796		1179284		160512		
11:26:55		1346077		1258717		87360		
11:26:57		1380674		1280186		100488		
11:26:59		1389435		1287831		101604		
11:27:01		1392488		1296612		95876		
11:27:03		1395996		1300956		95040		
11:27:05		1397750		1305190		92560		
11:27:07		1399433		1310353		89080		
11:27:09		1401493		1317981		83512		
11:27:11		1404564		1322540		82024		
11:27:13		1406372		1327076		79296		
11:27:15		1408194		1332634		75560		
11:27:17		1410413		1339277		71136		
11:27:19		1413069		1340509		72560		
11:27:21		1413555		1346575		66980		
11:27:23		1415993		1341869		74124		
11:27:25		1414081		1338533		75548		
11:27:27		1412567		1346075		66492		
11:27:29		1415557		1345749		69808		
11:27:31		1415664		1349376		66288		
11:27:33		1417101		1344801		72300		
11:27:35		1415278		1338322		76956		
11:27:37		1412504		1344284		68220		
11:27:39		1414860		1347968		66892		
11:27:41		1414860		1340120		74740		
11:27:43		1413400		1346612		66788		
11:27:45		1415782		1345694		70088		
11:27:47		1415640		1351144		64496		
11:27:49		1417806		1345018		72788		
11:27:51		1415374		1347802		67572		
11:27:53		1416270		1339818		76452		
11:27:55		1413153		1335461		77692		
11:27:57		1411334		1335370		75964		
11:27:59		1411302		1336578		74724		
11:28:01		1411782		1337554		74228		
11:28:03		1412220		1337868		74352		
11:28:05		1412389		1338037		74352		
11:28:07		1412474		1338742		73732		
11:28:09		1412764		1339156		73608		
11:28:11		1412959		1340095		72864		
11:28:13		1413354		1340862		72492		
11:28:15		1413700		1341704		71996		
11:28:17		1414047		1342655		71392		
11:28:19		1414437		1343665		70772		
11:28:21		1414843		1345063		69780		
11:28:23		1415393		1346233		69160		
11:28:25		1415830		1349754		66076		
11:28:27		1417246		1348070		69176		
11:28:29		1416565		1350861		65704		
11:28:32		1417586		1344194		73392		
11:28:34		1414998		1344830		70168		
11:28:36		1415080		1345408		69672		
11:28:38		1415319		1346763		68556		
11:28:40		1415885		1052089		363796		
11:28:42		1298072		1052456		245616		
11:28:44		1309416		1153156		156260		
11:28:46		1338405		1175917		162488		
11:28:48		1347557		1181969		165588		
11:28:50		1350149		1189485		160664		
11:28:52		1353154		1194846		158308		
11:28:54		1355289		1199957		155332		
11:28:56		1357336		1204460		152876		
11:28:58		1359157		1211065		148092		
11:29:00		1361795		1216059		145736		
11:29:02		1363783		1221163		142620		
11:29:04		1365838		1226186		139652		
11:29:06		1367842		1250014		117828		
11:29:08		1377362		1260694		116668		
11:29:10		1381632		1268808		112824		
11:29:12		1384883		1272231		112652		
11:29:14		1386243		1272491		113752		
11:29:16		1386362		1272750		113612		
11:29:18		1386462		1273022		113440		
11:29:20		1386569		1274757		111812		
11:29:22		1387262		1281590		105672		
11:29:24		1389977		1287865		102112		
11:29:26		1392483		1300355		92128		
11:29:28		1397481		1304037		93444		
11:29:30		1398945		1316765		82180		
11:29:32		1404034		1330738		73296		
11:29:34		1409611		1338575		71036		
11:29:36		1412745		1346745		66000		
11:29:38		1416017		1340577		75440		
11:29:40		1413554		1343090		70464		
11:29:42		1414375		1348887		65488		
11:29:44		1416764		1340188		76576		
11:29:46		1413399		1344271		69128		
11:29:48		1414845		1344485		70360		
11:29:50		1414845		1344733		70112		
11:29:52		1415197		1348425		66772		
11:29:54		1416686		1349666		67020		
11:29:56		1417232		1350212		67020		
11:29:58		1417443		1350671		66772		
11:30:00		1417635		1350739		66896		
11:30:02		1417669		1351765		65904		
11:30:04		1418059		1352279		65780		
11:30:06		1418279		1352995		65284		
11:30:08		1418562		1353898		64664		
11:30:10		1418940		1343544		75396		
11:30:12		1414799		1346799		68000		
11:30:14		1415860		1347100		68760		
11:30:16		1416087		1341375		74712		
11:30:18		1413820		1340712		73108		
11:30:20		1413415		1342703		70712		
11:30:22		1414233		1345505		68728		
11:30:24		1415422		1348686		66736		
11:30:26		1416803		1350951		65852		
11:30:28		1417735		1353379		64356		
11:30:30		1418688		1345288		73400		
11:30:32		1415448		1345528		69920		
11:30:34		1415356		1347312		68044		
11:30:36		1416073		1345309		70764		
11:30:38		1415344		1340248		75096		
11:30:40		1413258		1339170		74088		
11:30:42		1412817		1341357		71460		
11:30:44		1413685		1344473		69212		
11:30:46		1415019		1350543		64476		
11:30:48		1417580		1350268		67312		
11:30:50		1417466		1351154		66312		
11:30:52		1417797		1348037		69760		
11:30:54		1416571		1341263		75308		
11:30:56		1413738		1341794		71944		
11:30:58		1413738		1342810		70928		
11:31:00		1413738		1341346		72392		
11:31:02		1413727		1342351		71376		
11:31:04		1413727		1344227		69500		
11:31:06		1413727		1344259		69468		
11:31:08		1414947		1344619		70328		
11:31:10		1415117		1344557		70560		
11:31:12		1415109		1344705		70404		
11:31:14		1415167		1346151		69016		
11:31:16		1415752		1346992		68760		
11:31:18		1416146		1347054		69092		
11:31:21		1416198		1347130		69068		
11:31:23		1416209		1347305		68904		
11:31:25		1416252		1348464		67788		
11:31:27		1416721		1347585		69136		
11:31:29		1416379		1347399		68980		
11:31:31		1416270		1347322		68948		
11:31:33		1416215		1347927		68288		
11:31:35		1416451		1351527		64924		
11:31:37		1417903		1349167		68736		
11:31:39		1417004		1345928		71076		
11:31:41		1415619		1341707		73912		
11:31:43		1413817		1340173		73644		
11:31:45		1413197		1340209		72988		
11:31:47		1413223		1342127		71096		
11:31:49		1413993		1345897		68096		
11:31:51		1415578		1346166		69412		
11:31:53		1415832		1345692		70140		
11:31:55		1415643		1345635		70008		
11:31:57		1415601		1345841		69760		
11:31:59		1415679		1345951		69728		
11:32:01		1415731		1346043		69688		
11:32:03		1415773		1346109		69664		
11:32:05		1415792		1346176		69616		
11:32:07		1415820		1338920		76900		
11:32:09		1412920		1338888		74032		
11:32:11		1412680		1338896		73784		
11:32:13		1412696		1338928		73768		
11:32:15		1412723		1338987		73736		
11:32:17		1412749		1339293		73456		
11:32:19		1412874		1339466		73408		
11:32:21		1412956		1339456		73500		
11:32:23		1412960		1339608		73352		
11:32:25		1412996		1339644		73352		
11:32:27		1413016		1339664		73352		
11:32:29		1413026		1339682		73344		
11:32:31		1413035		1339731		73304		
11:32:33		1413044		1339772		73272		
11:32:35		1413061		1340085		72976		
11:32:37		1413189		1340121		73068		
11:32:39		1413216		1340180		73036		
11:32:41		1413243		1005283		407960		
11:32:43		1279274		981218		298056		
11:32:45		1280554		1037438		243116		
11:32:47		1292111		1039447		252664		
11:32:49		1291689		1050681		241008		
11:32:51		1297467		1053359		244108		
11:32:53		1298707		1054915		243792		
11:32:55		1299317		1055029		244288		
11:32:57		1299362		1055818		243544		
11:32:59		1299681		1057625		242056		
11:33:01		1300412		1058852		241560		
11:33:03		1300865		1060049		240816		
11:33:05		1301327		1062247		239080		
11:33:07		1302227		1064387		237840		
11:33:09		1303086		1066774		236312		
11:33:11		1304027		1069947		234080		
11:33:13		1305304		1072960		232344		
11:33:15		1306537		1075681		230856		
11:33:17		1307588		1034592		272996		
11:33:19		1291158		1034406		256752		
11:33:21		1289951		1034315		255636		
11:33:23		1290861		1034745		256116		
11:33:25		1291145		1034781		256364		
