record in kb
time		total		used		free
[18:27:03]		1048572		0		1048572
[18:27:06]		1048572		0		1048572
[18:27:09]		1048572		0		1048572
[18:27:12]		1048572		0		1048572
[18:27:15]		1048572		0		1048572
[18:27:18]		1048572		0		1048572
[18:27:21]		1048572		0		1048572
[18:27:24]		1048572		0		1048572
[18:27:27]		1048572		0		1048572
[18:27:30]		1048572		0		1048572
[18:27:33]		1048572		0		1048572
[18:27:36]		1048572		0		1048572
[18:27:39]		1048572		0		1048572
[18:27:42]		1048572		0		1048572
[18:27:45]		1048572		0		1048572
[18:27:48]		1048572		0		1048572
[18:27:51]		1048572		0		1048572
[18:27:54]		1048572		0		1048572
[18:27:57]		1048572		0		1048572
[18:28:00]		1048572		0		1048572
[18:28:03]		1048572		0		1048572
[18:28:06]		1048572		0		1048572
[18:28:09]		1048572		0		1048572
[18:28:12]		1048572		0		1048572
[18:28:15]		1048572		0		1048572
[18:28:18]		1048572		0		1048572
[18:28:21]		1048572		0		1048572
[18:28:24]		1048572		0		1048572
[18:28:27]		1048572		0		1048572
[18:28:30]		1048572		0		1048572
[18:28:33]		1048572		0		1048572
[18:28:36]		1048572		0		1048572
[18:28:39]		1048572		0		1048572
[18:28:42]		1048572		0		1048572
[18:28:45]		1048572		0		1048572
[18:28:48]		1048572		0		1048572
[18:28:51]		1048572		0		1048572
[18:28:54]		1048572		60		1048512
[18:28:57]		1048572		192		1048380
[18:29:00]		1048572		764		1047808
[18:29:03]		1048572		764		1047808
[18:29:06]		1048572		764		1047808
[18:29:09]		1048572		764		1047808
[18:29:12]		1048572		764		1047808
[18:29:15]		1048572		764		1047808
[18:29:18]		1048572		764		1047808
[18:29:21]		1048572		764		1047808
[18:29:24]		1048572		764		1047808
[18:29:27]		1048572		764		1047808
[18:29:30]		1048572		3240		1045332
[18:29:33]		1048572		3240		1045332
[18:29:36]		1048572		4120		1044452
[18:29:39]		1048572		5924		1042648
[18:29:42]		1048572		5924		1042648
[18:29:45]		1048572		5924		1042648
[18:29:48]		1048572		12672		1035900
[18:29:52]		1048572		12672		1035900
[18:29:55]		1048572		12672		1035900
[18:29:58]		1048572		12672		1035900
[18:30:01]		1048572		12672		1035900
[18:30:04]		1048572		12672		1035900
[18:30:07]		1048572		12672		1035900
[18:30:10]		1048572		12672		1035900
[18:30:13]		1048572		12672		1035900
[18:30:16]		1048572		12672		1035900
[18:30:19]		1048572		12672		1035900
[18:30:22]		1048572		12672		1035900
[18:30:25]		1048572		12672		1035900
[18:30:28]		1048572		12672		1035900
[18:30:31]		1048572		12672		1035900
[18:30:34]		1048572		12672		1035900
[18:30:37]		1048572		12672		1035900
[18:30:40]		1048572		12868		1035704
[18:30:43]		1048572		12868		1035704
[18:30:46]		1048572		12868		1035704
[18:30:49]		1048572		12868		1035704
[18:30:52]		1048572		12868		1035704
[18:30:55]		1048572		12868		1035704
[18:30:58]		1048572		12868		1035704
[18:31:01]		1048572		12868		1035704
[18:31:04]		1048572		12868		1035704
[18:31:07]		1048572		12868		1035704
[18:31:10]		1048572		12868		1035704
[18:31:13]		1048572		12868		1035704
[18:31:16]		1048572		12868		1035704
[18:31:19]		1048572		12868		1035704
[18:31:22]		1048572		12868		1035704
[18:31:25]		1048572		12868		1035704
[18:31:28]		1048572		12868		1035704
[18:31:31]		1048572		12868		1035704
[18:31:34]		1048572		12868		1035704
[18:31:37]		1048572		12868		1035704
[18:31:40]		1048572		12868		1035704
[18:31:43]		1048572		12868		1035704
[18:31:46]		1048572		12868		1035704
[18:31:49]		1048572		12868		1035704
[18:31:52]		1048572		12868		1035704
[18:31:55]		1048572		12868		1035704
[18:31:58]		1048572		12868		1035704
[18:32:01]		1048572		12868		1035704
[18:32:04]		1048572		12868		1035704
[18:32:07]		1048572		12868		1035704
[18:32:10]		1048572		12868		1035704
[18:32:13]		1048572		12868		1035704
[18:32:16]		1048572		12868		1035704
[18:32:19]		1048572		12868		1035704
[18:32:22]		1048572		12868		1035704
[18:32:25]		1048572		12868		1035704
[18:32:28]		1048572		12868		1035704
[18:32:31]		1048572		12868		1035704
[18:32:34]		1048572		12868		1035704
[18:32:37]		1048572		12868		1035704
[18:32:40]		1048572		12868		1035704
[18:32:44]		1048572		12868		1035704
[18:32:47]		1048572		12868		1035704
[18:32:50]		1048572		12868		1035704
[18:32:53]		1048572		12868		1035704
[18:32:56]		1048572		12868		1035704
[18:32:59]		1048572		12868		1035704
[18:33:02]		1048572		12868		1035704
[18:33:05]		1048572		12868		1035704
[18:33:08]		1048572		12868		1035704
[18:33:11]		1048572		12868		1035704
[18:33:14]		1048572		12868		1035704
[18:33:17]		1048572		12868		1035704
[18:33:20]		1048572		12868		1035704
[18:33:23]		1048572		12868		1035704
[18:33:26]		1048572		12868		1035704
[18:33:29]		1048572		12864		1035708
[18:33:32]		1048572		12864		1035708
[18:33:35]		1048572		12864		1035708
[18:33:38]		1048572		12864		1035708
[18:33:41]		1048572		12864		1035708
[18:33:44]		1048572		12864		1035708
[18:33:47]		1048572		12864		1035708
[18:33:50]		1048572		12864		1035708
[18:33:53]		1048572		12864		1035708
[18:33:56]		1048572		12864		1035708
[18:33:59]		1048572		12864		1035708
[18:34:02]		1048572		12864		1035708
[18:34:05]		1048572		12864		1035708
[18:34:08]		1048572		12864		1035708
[18:34:11]		1048572		12864		1035708
[18:34:14]		1048572		12864		1035708
[18:34:17]		1048572		12864		1035708
[18:34:20]		1048572		12864		1035708
[18:34:23]		1048572		12864		1035708
[18:34:26]		1048572		12864		1035708
[18:34:29]		1048572		12864		1035708
[18:34:32]		1048572		41768		1006804
[18:34:35]		1048572		35436		1013136
[18:34:38]		1048572		40980		1007592
[18:34:41]		1048572		18272		1030300
[18:34:44]		1048572		18268		1030304
[18:34:47]		1048572		18224		1030348
[18:34:50]		1048572		18224		1030348
[18:34:53]		1048572		18224		1030348
[18:34:56]		1048572		18224		1030348
[18:34:59]		1048572		18036		1030536
[18:35:02]		1048572		17996		1030576
[18:35:05]		1048572		17996		1030576
[18:35:08]		1048572		17996		1030576
[18:35:11]		1048572		17984		1030588
[18:35:14]		1048572		17984		1030588
[18:35:17]		1048572		17984		1030588
[18:35:20]		1048572		17984		1030588
[18:35:23]		1048572		17984		1030588
[18:35:26]		1048572		17984		1030588
[18:35:29]		1048572		17984		1030588
[18:35:32]		1048572		17984		1030588
[18:35:35]		1048572		17984		1030588
[18:35:38]		1048572		17984		1030588
[18:35:42]		1048572		17976		1030596
[18:35:45]		1048572		17976		1030596
[18:35:48]		1048572		17976		1030596
[18:35:51]		1048572		17976		1030596
[18:35:54]		1048572		17976		1030596
[18:35:57]		1048572		17976		1030596
[18:36:00]		1048572		17976		1030596
[18:36:03]		1048572		17976		1030596
[18:36:06]		1048572		17976		1030596
[18:36:09]		1048572		17976		1030596
[18:36:12]		1048572		17976		1030596
[18:36:15]		1048572		17976		1030596
[18:36:18]		1048572		17976		1030596
[18:36:21]		1048572		17976		1030596
[18:36:24]		1048572		17976		1030596
[18:36:27]		1048572		17976		1030596
[18:36:30]		1048572		17976		1030596
[18:36:33]		1048572		17976		1030596
[18:36:36]		1048572		17976		1030596
[18:36:39]		1048572		17976		1030596
[18:36:42]		1048572		17976		1030596
[18:36:45]		1048572		17976		1030596
[18:36:48]		1048572		17976		1030596
[18:36:51]		1048572		17976		1030596
[18:36:54]		1048572		17976		1030596
[18:36:57]		1048572		17976		1030596
[18:37:00]		1048572		17976		1030596
[18:37:03]		1048572		17976		1030596
[18:37:06]		1048572		17976		1030596
[18:37:09]		1048572		17976		1030596
[18:37:12]		1048572		17976		1030596
[18:37:15]		1048572		17976		1030596
[18:37:18]		1048572		17976		1030596
[18:37:21]		1048572		17976		1030596
[18:37:24]		1048572		17976		1030596
[18:37:27]		1048572		17976		1030596
[18:37:30]		1048572		17976		1030596
[18:37:33]		1048572		17976		1030596
[18:37:36]		1048572		17976		1030596
[18:37:39]		1048572		17976		1030596
[18:37:42]		1048572		17976		1030596
[18:37:45]		1048572		17976		1030596
[18:37:48]		1048572		17976		1030596
[18:37:51]		1048572		17976		1030596
[18:37:54]		1048572		17976		1030596
[18:37:57]		1048572		17976		1030596
[18:38:00]		1048572		17976		1030596
[18:38:03]		1048572		17976		1030596
[18:38:06]		1048572		17976		1030596
[18:38:09]		1048572		17976		1030596
[18:38:12]		1048572		17976		1030596
[18:38:15]		1048572		17976		1030596
[18:38:18]		1048572		17976		1030596
[18:38:21]		1048572		17976		1030596
[18:38:24]		1048572		17976		1030596
[18:38:27]		1048572		17976		1030596
[18:38:30]		1048572		17976		1030596
[18:38:33]		1048572		17976		1030596
[18:38:37]		1048572		17976		1030596
[18:38:40]		1048572		17976		1030596
[18:38:43]		1048572		17976		1030596
[18:38:46]		1048572		17976		1030596
[18:38:49]		1048572		17976		1030596
[18:38:52]		1048572		17972		1030600
[18:38:55]		1048572		17972		1030600
[18:38:58]		1048572		17972		1030600
[18:39:01]		1048572		17972		1030600
[18:39:04]		1048572		17972		1030600
[18:39:07]		1048572		17972		1030600
[18:39:10]		1048572		17972		1030600
[18:39:13]		1048572		17972		1030600
[18:39:16]		1048572		17972		1030600
[18:39:19]		1048572		17972		1030600
[18:39:22]		1048572		17972		1030600
[18:39:25]		1048572		17972		1030600
[18:39:28]		1048572		17972		1030600
[18:39:31]		1048572		17972		1030600
[18:39:34]		1048572		17972		1030600
[18:39:37]		1048572		17972		1030600
[18:39:40]		1048572		17972		1030600
[18:39:43]		1048572		17972		1030600
[18:39:46]		1048572		17972		1030600
[18:39:49]		1048572		17972		1030600
[18:39:52]		1048572		17972		1030600
[18:39:55]		1048572		17972		1030600
[18:39:58]		1048572		17972		1030600
[18:40:01]		1048572		17972		1030600
[18:40:04]		1048572		17972		1030600
[18:40:07]		1048572		17972		1030600
[18:40:10]		1048572		17972		1030600
[18:40:13]		1048572		17972		1030600
[18:40:16]		1048572		17972		1030600
[18:40:19]		1048572		17972		1030600
[18:40:22]		1048572		17972		1030600
[18:40:25]		1048572		17972		1030600
[18:40:28]		1048572		17972		1030600
[18:40:31]		1048572		17972		1030600
[18:40:34]		1048572		17972		1030600
[18:40:37]		1048572		17972		1030600
[18:40:40]		1048572		17972		1030600
[18:40:43]		1048572		17972		1030600
[18:40:46]		1048572		17972		1030600
[18:40:49]		1048572		17972		1030600
[18:40:52]		1048572		17972		1030600
[18:40:55]		1048572		17972		1030600
[18:40:58]		1048572		17972		1030600
[18:41:01]		1048572		17972		1030600
[18:41:04]		1048572		17972		1030600
[18:41:07]		1048572		17972		1030600
[18:41:10]		1048572		17972		1030600
[18:41:13]		1048572		17972		1030600
[18:41:16]		1048572		17972		1030600
[18:41:20]		1048572		17972		1030600
[18:41:23]		1048572		17972		1030600
[18:41:26]		1048572		17972		1030600
[18:41:29]		1048572		17972		1030600
[18:41:32]		1048572		17972		1030600
[18:41:35]		1048572		17972		1030600
[18:41:38]		1048572		17972		1030600
[18:41:41]		1048572		17972		1030600
[18:41:44]		1048572		17972		1030600
[18:41:47]		1048572		17972		1030600
[18:41:50]		1048572		17972		1030600
[18:41:53]		1048572		17972		1030600
[18:41:56]		1048572		17972		1030600
[18:41:59]		1048572		17972		1030600
[18:42:02]		1048572		17972		1030600
[18:42:05]		1048572		17972		1030600
[18:42:08]		1048572		17972		1030600
[18:42:11]		1048572		17972		1030600
[18:42:14]		1048572		17972		1030600
[18:42:17]		1048572		17972		1030600
[18:42:20]		1048572		17972		1030600
[18:42:23]		1048572		17972		1030600
[18:42:26]		1048572		17972		1030600
[18:42:29]		1048572		17972		1030600
[18:42:32]		1048572		17972		1030600
[18:42:35]		1048572		17972		1030600
[18:42:38]		1048572		17972		1030600
[18:42:41]		1048572		17972		1030600
[18:42:44]		1048572		17972		1030600
[18:42:47]		1048572		17972		1030600
[18:42:50]		1048572		17972		1030600
[18:42:53]		1048572		17972		1030600
[18:42:56]		1048572		17972		1030600
[18:42:59]		1048572		17972		1030600
[18:43:02]		1048572		17972		1030600
[18:43:05]		1048572		17972		1030600
[18:43:08]		1048572		17972		1030600
[18:43:11]		1048572		17972		1030600
[18:43:14]		1048572		17972		1030600
[18:43:17]		1048572		17972		1030600
[18:43:20]		1048572		17972		1030600
[18:43:23]		1048572		17972		1030600
[18:43:26]		1048572		17972		1030600
[18:43:29]		1048572		17972		1030600
[18:43:32]		1048572		17972		1030600
[18:43:35]		1048572		17972		1030600
[18:43:38]		1048572		17972		1030600
[18:43:41]		1048572		17972		1030600
[18:43:44]		1048572		17972		1030600
[18:43:47]		1048572		17972		1030600
[18:43:50]		1048572		17972		1030600
[18:43:53]		1048572		17972		1030600
[18:43:56]		1048572		17972		1030600
[18:43:59]		1048572		17972		1030600
[18:44:02]		1048572		17972		1030600
[18:44:05]		1048572		17972		1030600
[18:44:08]		1048572		17972		1030600
[18:44:12]		1048572		17972		1030600
[18:44:15]		1048572		17972		1030600
[18:44:18]		1048572		17972		1030600
[18:44:21]		1048572		17972		1030600
[18:44:24]		1048572		17972		1030600
[18:44:27]		1048572		17972		1030600
[18:44:30]		1048572		17972		1030600
[18:44:33]		1048572		17972		1030600
[18:44:36]		1048572		17972		1030600
[18:44:39]		1048572		17972		1030600
[18:44:42]		1048572		17972		1030600
[18:44:45]		1048572		17972		1030600
[18:44:48]		1048572		17972		1030600
[18:44:51]		1048572		17972		1030600
[18:44:54]		1048572		17972		1030600
[18:44:57]		1048572		17972		1030600
[18:45:00]		1048572		17972		1030600
[18:45:03]		1048572		17972		1030600
[18:45:06]		1048572		17972		1030600
[18:45:09]		1048572		17972		1030600
[18:45:12]		1048572		17972		1030600
[18:45:15]		1048572		17972		1030600
[18:45:18]		1048572		17972		1030600
[18:45:21]		1048572		17972		1030600
[18:45:24]		1048572		17972		1030600
[18:45:27]		1048572		17972		1030600
[18:45:30]		1048572		17972		1030600
[18:45:33]		1048572		17972		1030600
[18:45:36]		1048572		17972		1030600
[18:45:39]		1048572		17972		1030600
[18:45:42]		1048572		17972		1030600
[18:45:45]		1048572		17972		1030600
[18:45:48]		1048572		17972		1030600
[18:45:51]		1048572		17972		1030600
[18:45:54]		1048572		17972		1030600
[18:45:57]		1048572		17972		1030600
[18:46:00]		1048572		17972		1030600
[18:46:03]		1048572		17736		1030836
[18:46:06]		1048572		17736		1030836
[18:46:09]		1048572		17736		1030836
[18:46:12]		1048572		17484		1031088
[18:46:15]		1048572		17484		1031088
[18:46:18]		1048572		17484		1031088
[18:46:21]		1048572		17104		1031468
[18:46:24]		1048572		17104		1031468
[18:46:27]		1048572		17104		1031468
[18:46:30]		1048572		17104		1031468
[18:46:33]		1048572		17104		1031468
[18:46:36]		1048572		17104		1031468
[18:46:39]		1048572		17104		1031468
[18:46:42]		1048572		17104		1031468
[18:46:45]		1048572		17104		1031468
[18:46:48]		1048572		17104		1031468
[18:46:51]		1048572		17104		1031468
[18:46:54]		1048572		17104		1031468
[18:46:57]		1048572		17104		1031468
[18:47:00]		1048572		17104		1031468
[18:47:03]		1048572		17104		1031468
[18:47:06]		1048572		17104		1031468
[18:47:09]		1048572		17104		1031468
[18:47:12]		1048572		17104		1031468
[18:47:15]		1048572		17104		1031468
[18:47:18]		1048572		17104		1031468
[18:47:21]		1048572		17104		1031468
[18:47:24]		1048572		17104		1031468
[18:47:27]		1048572		17104		1031468
[18:47:30]		1048572		17104		1031468
[18:47:33]		1048572		17104		1031468
[18:47:36]		1048572		17104		1031468
[18:47:39]		1048572		17104		1031468
[18:47:42]		1048572		17104		1031468
[18:47:45]		1048572		17104		1031468
[18:47:48]		1048572		17104		1031468
[18:47:51]		1048572		17104		1031468
[18:47:54]		1048572		17104		1031468
[18:47:57]		1048572		17104		1031468
[18:48:00]		1048572		17104		1031468
[18:48:03]		1048572		17104		1031468
[18:48:06]		1048572		17104		1031468
[18:48:09]		1048572		17104		1031468
[18:48:12]		1048572		17104		1031468
[18:48:15]		1048572		17104		1031468
[18:48:18]		1048572		17104		1031468
[18:48:21]		1048572		17104		1031468
[18:48:24]		1048572		17104		1031468
[18:48:27]		1048572		17104		1031468
[18:48:30]		1048572		17104		1031468
[18:48:33]		1048572		17104		1031468
[18:48:36]		1048572		17104		1031468
[18:48:39]		1048572		16952		1031620
[18:48:42]		1048572		16552		1032020
