record in kb
time		total		used		free
[09:25:45]		1048572		960		1047612
[09:25:48]		1048572		960		1047612
[09:25:51]		1048572		960		1047612
[09:25:54]		1048572		960		1047612
[09:25:57]		1048572		960		1047612
[09:26:00]		1048572		960		1047612
[09:26:03]		1048572		960		1047612
[09:26:06]		1048572		960		1047612
[09:26:09]		1048572		960		1047612
[09:26:12]		1048572		960		1047612
[09:26:15]		1048572		960		1047612
[09:26:18]		1048572		960		1047612
[09:26:21]		1048572		960		1047612
[09:26:24]		1048572		960		1047612
[09:26:27]		1048572		960		1047612
[09:26:30]		1048572		960		1047612
[09:26:33]		1048572		960		1047612
[09:26:36]		1048572		960		1047612
[09:26:39]		1048572		960		1047612
[09:26:42]		1048572		960		1047612
[09:26:45]		1048572		960		1047612
[09:26:48]		1048572		960		1047612
[09:26:51]		1048572		960		1047612
[09:26:54]		1048572		960		1047612
[09:26:57]		1048572		960		1047612
[09:27:01]		1048572		960		1047612
[09:27:04]		1048572		960		1047612
[09:27:07]		1048572		960		1047612
[09:27:10]		1048572		960		1047612
[09:27:13]		1048572		960		1047612
[09:27:16]		1048572		960		1047612
[09:27:19]		1048572		960		1047612
[09:27:22]		1048572		960		1047612
[09:27:25]		1048572		960		1047612
[09:27:28]		1048572		960		1047612
[09:27:31]		1048572		960		1047612
[09:27:34]		1048572		960		1047612
[09:27:37]		1048572		960		1047612
[09:27:40]		1048572		960		1047612
[09:27:43]		1048572		960		1047612
[09:27:46]		1048572		960		1047612
[09:27:49]		1048572		960		1047612
[09:27:52]		1048572		960		1047612
[09:27:55]		1048572		960		1047612
[09:27:58]		1048572		960		1047612
[09:28:01]		1048572		960		1047612
[09:28:04]		1048572		960		1047612
[09:28:07]		1048572		960		1047612
[09:28:10]		1048572		960		1047612
[09:28:13]		1048572		960		1047612
[09:28:16]		1048572		960		1047612
[09:28:19]		1048572		960		1047612
[09:28:22]		1048572		960		1047612
[09:28:25]		1048572		960		1047612
[09:28:28]		1048572		960		1047612
[09:28:31]		1048572		960		1047612
[09:28:34]		1048572		960		1047612
[09:28:37]		1048572		960		1047612
[09:28:40]		1048572		960		1047612
[09:28:43]		1048572		960		1047612
[09:28:46]		1048572		960		1047612
[09:28:49]		1048572		960		1047612
[09:28:52]		1048572		960		1047612
[09:28:55]		1048572		960		1047612
[09:28:58]		1048572		960		1047612
[09:29:01]		1048572		960		1047612
[09:29:04]		1048572		960		1047612
[09:29:07]		1048572		960		1047612
[09:29:10]		1048572		960		1047612
[09:29:13]		1048572		960		1047612
[09:29:16]		1048572		960		1047612
[09:29:19]		1048572		960		1047612
[09:29:22]		1048572		960		1047612
[09:29:25]		1048572		960		1047612
[09:29:28]		1048572		960		1047612
[09:29:31]		1048572		960		1047612
[09:29:34]		1048572		960		1047612
[09:29:37]		1048572		960		1047612
[09:29:40]		1048572		960		1047612
[09:29:43]		1048572		960		1047612
[09:29:46]		1048572		960		1047612
[09:29:49]		1048572		960		1047612
[09:29:52]		1048572		960		1047612
[09:29:55]		1048572		960		1047612
[09:29:58]		1048572		960		1047612
[09:30:01]		1048572		960		1047612
[09:30:04]		1048572		960		1047612
[09:30:07]		1048572		960		1047612
[09:30:10]		1048572		960		1047612
[09:30:13]		1048572		960		1047612
[09:30:16]		1048572		960		1047612
[09:30:19]		1048572		960		1047612
[09:30:22]		1048572		960		1047612
[09:30:25]		1048572		960		1047612
[09:30:28]		1048572		960		1047612
[09:30:31]		1048572		960		1047612
[09:30:34]		1048572		960		1047612
[09:30:37]		1048572		960		1047612
[09:30:40]		1048572		960		1047612
[09:30:43]		1048572		960		1047612
[09:30:46]		1048572		960		1047612
[09:30:49]		1048572		960		1047612
[09:30:52]		1048572		960		1047612
[09:30:55]		1048572		960		1047612
[09:30:58]		1048572		960		1047612
[09:31:01]		1048572		960		1047612
[09:31:04]		1048572		960		1047612
[09:31:07]		1048572		960		1047612
[09:31:10]		1048572		960		1047612
[09:31:13]		1048572		960		1047612
[09:31:16]		1048572		960		1047612
[09:31:19]		1048572		960		1047612
[09:31:22]		1048572		960		1047612
[09:31:25]		1048572		960		1047612
[09:31:28]		1048572		960		1047612
[09:31:31]		1048572		1112		1047460
[09:31:34]		1048572		1112		1047460
[09:31:37]		1048572		1112		1047460
[09:31:40]		1048572		1112		1047460
[09:31:43]		1048572		1112		1047460
[09:31:46]		1048572		1112		1047460
[09:31:49]		1048572		1112		1047460
[09:31:52]		1048572		1112		1047460
[09:31:55]		1048572		1112		1047460
[09:31:58]		1048572		1112		1047460
[09:32:01]		1048572		1112		1047460
[09:32:04]		1048572		1112		1047460
[09:32:07]		1048572		1112		1047460
[09:32:10]		1048572		1112		1047460
[09:32:13]		1048572		1112		1047460
[09:32:16]		1048572		1112		1047460
[09:32:19]		1048572		1112		1047460
[09:32:22]		1048572		1112		1047460
[09:32:25]		1048572		1112		1047460
[09:32:28]		1048572		1112		1047460
[09:32:31]		1048572		1112		1047460
[09:32:34]		1048572		1112		1047460
[09:32:37]		1048572		1112		1047460
[09:32:40]		1048572		1112		1047460
[09:32:43]		1048572		1112		1047460
[09:32:46]		1048572		1112		1047460
[09:32:49]		1048572		1112		1047460
[09:32:52]		1048572		1112		1047460
[09:32:55]		1048572		1112		1047460
[09:32:58]		1048572		1112		1047460
[09:33:01]		1048572		1112		1047460
[09:33:04]		1048572		1112		1047460
[09:33:07]		1048572		1112		1047460
[09:33:10]		1048572		1112		1047460
[09:33:13]		1048572		1112		1047460
[09:33:16]		1048572		1112		1047460
[09:33:19]		1048572		1112		1047460
[09:33:22]		1048572		1112		1047460
[09:33:25]		1048572		1112		1047460
[09:33:28]		1048572		1112		1047460
[09:33:31]		1048572		1112		1047460
[09:33:34]		1048572		1112		1047460
[09:33:37]		1048572		1112		1047460
[09:33:40]		1048572		1112		1047460
[09:33:43]		1048572		1112		1047460
[09:33:46]		1048572		1112		1047460
[09:33:49]		1048572		1112		1047460
[09:33:52]		1048572		1112		1047460
[09:33:55]		1048572		1112		1047460
[09:33:58]		1048572		1112		1047460
[09:34:01]		1048572		1112		1047460
[09:34:04]		1048572		1112		1047460
[09:34:07]		1048572		1112		1047460
[09:34:10]		1048572		1112		1047460
[09:34:13]		1048572		1112		1047460
[09:34:16]		1048572		1112		1047460
[09:34:19]		1048572		1112		1047460
[09:34:22]		1048572		1112		1047460
[09:34:25]		1048572		1112		1047460
[09:34:28]		1048572		1112		1047460
[09:34:31]		1048572		1112		1047460
[09:34:34]		1048572		1112		1047460
[09:34:37]		1048572		1112		1047460
[09:34:40]		1048572		1112		1047460
[09:34:43]		1048572		1112		1047460
[09:34:46]		1048572		1112		1047460
[09:34:49]		1048572		1112		1047460
[09:34:52]		1048572		1112		1047460
[09:34:55]		1048572		1112		1047460
[09:34:58]		1048572		1112		1047460
[09:35:01]		1048572		1112		1047460
[09:35:04]		1048572		1112		1047460
[09:35:07]		1048572		1112		1047460
[09:35:10]		1048572		1268		1047304
[09:35:13]		1048572		1268		1047304
[09:35:16]		1048572		1268		1047304
[09:35:19]		1048572		1268		1047304
[09:35:22]		1048572		1268		1047304
[09:35:25]		1048572		1268		1047304
[09:35:28]		1048572		1268		1047304
[09:35:31]		1048572		1268		1047304
[09:35:34]		1048572		1268		1047304
[09:35:37]		1048572		1268		1047304
[09:35:40]		1048572		1268		1047304
[09:35:43]		1048572		1268		1047304
[09:35:46]		1048572		1268		1047304
[09:35:49]		1048572		1268		1047304
[09:35:52]		1048572		1268		1047304
[09:35:55]		1048572		1268		1047304
[09:35:58]		1048572		1268		1047304
[09:36:01]		1048572		1268		1047304
[09:36:04]		1048572		1268		1047304
[09:36:07]		1048572		1268		1047304
[09:36:10]		1048572		1268		1047304
[09:36:13]		1048572		1268		1047304
[09:36:16]		1048572		1268		1047304
[09:36:19]		1048572		1268		1047304
[09:36:22]		1048572		1268		1047304
[09:36:25]		1048572		1268		1047304
[09:36:28]		1048572		1268		1047304
[09:36:31]		1048572		1268		1047304
[09:36:34]		1048572		1268		1047304
[09:36:37]		1048572		1268		1047304
[09:36:40]		1048572		1268		1047304
[09:36:43]		1048572		1268		1047304
[09:36:46]		1048572		1268		1047304
[09:36:49]		1048572		1268		1047304
[09:36:52]		1048572		1268		1047304
[09:36:55]		1048572		1268		1047304
[09:36:58]		1048572		1268		1047304
[09:37:01]		1048572		1268		1047304
[09:37:04]		1048572		1268		1047304
[09:37:07]		1048572		1268		1047304
[09:37:10]		1048572		1268		1047304
[09:37:13]		1048572		1268		1047304
[09:37:16]		1048572		1268		1047304
[09:37:19]		1048572		1268		1047304
[09:37:22]		1048572		1268		1047304
[09:37:25]		1048572		1268		1047304
[09:37:28]		1048572		1268		1047304
[09:37:31]		1048572		1268		1047304
[09:37:34]		1048572		1268		1047304
[09:37:37]		1048572		1268		1047304
[09:37:40]		1048572		1268		1047304
[09:37:43]		1048572		1268		1047304
[09:37:46]		1048572		1268		1047304
[09:37:49]		1048572		1268		1047304
[09:37:52]		1048572		1268		1047304
[09:37:55]		1048572		1268		1047304
[09:37:58]		1048572		1268		1047304
[09:38:01]		1048572		1268		1047304
[09:38:04]		1048572		1352		1047220
[09:38:07]		1048572		1352		1047220
[09:38:10]		1048572		1352		1047220
[09:38:13]		1048572		1352		1047220
[09:38:16]		1048572		1352		1047220
[09:38:19]		1048572		1352		1047220
[09:38:22]		1048572		1352		1047220
[09:38:25]		1048572		1352		1047220
[09:38:28]		1048572		1352		1047220
[09:38:31]		1048572		1352		1047220
[09:38:34]		1048572		1352		1047220
[09:38:37]		1048572		1352		1047220
[09:38:40]		1048572		1352		1047220
[09:38:43]		1048572		1352		1047220
[09:38:46]		1048572		1352		1047220
[09:38:49]		1048572		1352		1047220
[09:38:52]		1048572		1352		1047220
[09:38:55]		1048572		1352		1047220
[09:38:58]		1048572		1352		1047220
[09:39:01]		1048572		1352		1047220
[09:39:04]		1048572		1352		1047220
[09:39:07]		1048572		1352		1047220
[09:39:10]		1048572		1352		1047220
[09:39:13]		1048572		1352		1047220
[09:39:16]		1048572		1352		1047220
[09:39:19]		1048572		1352		1047220
[09:39:22]		1048572		1352		1047220
[09:39:25]		1048572		1352		1047220
[09:39:28]		1048572		1352		1047220
[09:39:31]		1048572		1352		1047220
[09:39:34]		1048572		1352		1047220
[09:39:37]		1048572		1352		1047220
[09:39:40]		1048572		1352		1047220
[09:39:43]		1048572		1352		1047220
[09:39:46]		1048572		1352		1047220
[09:39:49]		1048572		1352		1047220
[09:39:52]		1048572		1352		1047220
[09:39:55]		1048572		1352		1047220
[09:39:58]		1048572		1352		1047220
[09:40:01]		1048572		1352		1047220
[09:40:04]		1048572		1496		1047076
[09:40:07]		1048572		1496		1047076
[09:40:10]		1048572		1496		1047076
[09:40:13]		1048572		1496		1047076
[09:40:16]		1048572		1496		1047076
[09:40:19]		1048572		1496		1047076
[09:40:22]		1048572		1496		1047076
[09:40:25]		1048572		1496		1047076
[09:40:28]		1048572		1496		1047076
[09:40:31]		1048572		1496		1047076
[09:40:34]		1048572		1496		1047076
[09:40:37]		1048572		1540		1047032
[09:40:40]		1048572		1540		1047032
[09:40:43]		1048572		1540		1047032
[09:40:46]		1048572		1540		1047032
[09:40:49]		1048572		1540		1047032
[09:40:52]		1048572		1540		1047032
[09:40:55]		1048572		1540		1047032
[09:40:58]		1048572		1540		1047032
[09:41:01]		1048572		1540		1047032
[09:41:04]		1048572		1540		1047032
[09:41:07]		1048572		1540		1047032
[09:41:10]		1048572		1540		1047032
[09:41:13]		1048572		1540		1047032
[09:41:16]		1048572		1540		1047032
[09:41:19]		1048572		1540		1047032
[09:41:22]		1048572		1540		1047032
[09:41:25]		1048572		1540		1047032
[09:41:28]		1048572		1540		1047032
[09:41:31]		1048572		1540		1047032
[09:41:34]		1048572		1540		1047032
[09:41:37]		1048572		1540		1047032
[09:41:40]		1048572		1540		1047032
[09:41:43]		1048572		1540		1047032
[09:41:46]		1048572		1540		1047032
[09:41:49]		1048572		1540		1047032
[09:41:52]		1048572		1540		1047032
[09:41:55]		1048572		1540		1047032
[09:41:58]		1048572		1540		1047032
[09:42:01]		1048572		1540		1047032
[09:42:04]		1048572		1540		1047032
[09:42:07]		1048572		1540		1047032
[09:42:10]		1048572		1540		1047032
[09:42:13]		1048572		1540		1047032
[09:42:16]		1048572		1540		1047032
[09:42:19]		1048572		1540		1047032
[09:42:22]		1048572		1540		1047032
[09:42:25]		1048572		1540		1047032
[09:42:28]		1048572		1540		1047032
[09:42:31]		1048572		1540		1047032
[09:42:34]		1048572		1540		1047032
[09:42:37]		1048572		1540		1047032
[09:42:40]		1048572		1540		1047032
[09:42:43]		1048572		1540		1047032
[09:42:46]		1048572		1540		1047032
[09:42:49]		1048572		1540		1047032
[09:42:52]		1048572		1540		1047032
[09:42:55]		1048572		1540		1047032
[09:42:58]		1048572		1540		1047032
[09:43:01]		1048572		1540		1047032
[09:43:04]		1048572		1540		1047032
[09:43:07]		1048572		1540		1047032
[09:43:10]		1048572		1540		1047032
[09:43:13]		1048572		1540		1047032
[09:43:16]		1048572		1540		1047032
[09:43:19]		1048572		1540		1047032
[09:43:22]		1048572		1540		1047032
[09:43:25]		1048572		1540		1047032
[09:43:28]		1048572		1540		1047032
[09:43:31]		1048572		1540		1047032
[09:43:34]		1048572		1540		1047032
[09:43:37]		1048572		1540		1047032
[09:43:40]		1048572		1540		1047032
[09:43:43]		1048572		1540		1047032
[09:43:46]		1048572		1540		1047032
[09:43:49]		1048572		1540		1047032
[09:43:52]		1048572		1540		1047032
[09:43:55]		1048572		1540		1047032
[09:43:58]		1048572		1540		1047032
[09:44:01]		1048572		1540		1047032
[09:44:04]		1048572		1540		1047032
[09:44:07]		1048572		1540		1047032
[09:44:10]		1048572		1540		1047032
[09:44:13]		1048572		1540		1047032
[09:44:16]		1048572		1540		1047032
[09:44:19]		1048572		1540		1047032
[09:44:22]		1048572		1540		1047032
[09:44:25]		1048572		1540		1047032
[09:44:28]		1048572		1540		1047032
[09:44:31]		1048572		1540		1047032
[09:44:34]		1048572		1540		1047032
[09:44:37]		1048572		1540		1047032
[09:44:40]		1048572		1540		1047032
[09:44:43]		1048572		1540		1047032
[09:44:46]		1048572		1540		1047032
[09:44:49]		1048572		1540		1047032
[09:44:52]		1048572		1540		1047032
[09:44:55]		1048572		1540		1047032
[09:44:58]		1048572		1540		1047032
[09:45:01]		1048572		1540		1047032
[09:45:04]		1048572		1540		1047032
[09:45:07]		1048572		1540		1047032
[09:45:10]		1048572		1540		1047032
[09:45:13]		1048572		1540		1047032
[09:45:16]		1048572		1540		1047032
[09:45:19]		1048572		1568		1047004
[09:45:22]		1048572		1568		1047004
[09:45:25]		1048572		1568		1047004
[09:45:28]		1048572		1568		1047004
[09:45:31]		1048572		1568		1047004
[09:45:34]		1048572		1568		1047004
[09:45:37]		1048572		1568		1047004
[09:45:40]		1048572		1568		1047004
[09:45:43]		1048572		1568		1047004
[09:45:46]		1048572		1568		1047004
[09:45:49]		1048572		1568		1047004
[09:45:52]		1048572		1568		1047004
[09:45:55]		1048572		1568		1047004
[09:45:58]		1048572		1568		1047004
[09:46:01]		1048572		1568		1047004
[09:46:04]		1048572		1568		1047004
[09:46:07]		1048572		1568		1047004
[09:46:10]		1048572		1568		1047004
[09:46:13]		1048572		1568		1047004
[09:46:16]		1048572		1568		1047004
[09:46:19]		1048572		1568		1047004
[09:46:22]		1048572		1568		1047004
[09:46:25]		1048572		1568		1047004
[09:46:28]		1048572		1568		1047004
[09:46:31]		1048572		1568		1047004
[09:46:34]		1048572		1568		1047004
[09:46:37]		1048572		1568		1047004
[09:46:40]		1048572		1568		1047004
[09:46:43]		1048572		1568		1047004
[09:46:46]		1048572		1568		1047004
[09:46:49]		1048572		1568		1047004
[09:46:52]		1048572		1568		1047004
[09:46:55]		1048572		1568		1047004
[09:46:58]		1048572		1568		1047004
[09:47:01]		1048572		1568		1047004
[09:47:04]		1048572		1568		1047004
[09:47:07]		1048572		1568		1047004
[09:47:10]		1048572		1568		1047004
[09:47:13]		1048572		1568		1047004
[09:47:16]		1048572		1568		1047004
[09:47:19]		1048572		1568		1047004
[09:47:22]		1048572		1568		1047004
[09:47:25]		1048572		1568		1047004
[09:47:28]		1048572		1568		1047004
[09:47:31]		1048572		1568		1047004
[09:47:34]		1048572		1568		1047004
[09:47:37]		1048572		1568		1047004
[09:47:40]		1048572		1568		1047004
[09:47:43]		1048572		1568		1047004
[09:47:46]		1048572		1568		1047004
[09:47:49]		1048572		1568		1047004
[09:47:52]		1048572		1568		1047004
[09:47:55]		1048572		1568		1047004
[09:47:58]		1048572		1568		1047004
[09:48:01]		1048572		1568		1047004
[09:48:04]		1048572		1568		1047004
[09:48:07]		1048572		1568		1047004
[09:48:10]		1048572		1568		1047004
[09:48:13]		1048572		1568		1047004
[09:48:16]		1048572		1568		1047004
[09:48:19]		1048572		1568		1047004
[09:48:22]		1048572		1568		1047004
[09:48:25]		1048572		1568		1047004
[09:48:28]		1048572		1568		1047004
[09:48:31]		1048572		1568		1047004
[09:48:34]		1048572		1568		1047004
[09:48:37]		1048572		1568		1047004
[09:48:40]		1048572		1568		1047004
[09:48:43]		1048572		1568		1047004
[09:48:46]		1048572		1568		1047004
[09:48:49]		1048572		1568		1047004
[09:48:52]		1048572		1568		1047004
[09:48:55]		1048572		1568		1047004
[09:48:58]		1048572		1568		1047004
[09:49:01]		1048572		1568		1047004
[09:49:04]		1048572		1568		1047004
[09:49:07]		1048572		1568		1047004
[09:49:10]		1048572		1568		1047004
[09:49:13]		1048572		1568		1047004
[09:49:16]		1048572		1568		1047004
[09:49:19]		1048572		1568		1047004
[09:49:22]		1048572		1568		1047004
[09:49:25]		1048572		1568		1047004
[09:49:28]		1048572		1568		1047004
[09:49:31]		1048572		1568		1047004
[09:49:34]		1048572		1568		1047004
[09:49:37]		1048572		1568		1047004
[09:49:40]		1048572		1568		1047004
[09:49:43]		1048572		1568		1047004
[09:49:46]		1048572		1568		1047004
[09:49:49]		1048572		1568		1047004
[09:49:52]		1048572		1568		1047004
[09:49:55]		1048572		1568		1047004
[09:49:58]		1048572		1568		1047004
[09:50:01]		1048572		1568		1047004
[09:50:04]		1048572		1568		1047004
[09:50:07]		1048572		1568		1047004
[09:50:10]		1048572		1568		1047004
[09:50:13]		1048572		1568		1047004
[09:50:16]		1048572		1568		1047004
[09:50:19]		1048572		1568		1047004
[09:50:22]		1048572		1568		1047004
[09:50:25]		1048572		1568		1047004
[09:50:28]		1048572		1568		1047004
[09:50:31]		1048572		1568		1047004
[09:50:34]		1048572		1568		1047004
[09:50:37]		1048572		1568		1047004
[09:50:40]		1048572		1568		1047004
[09:50:43]		1048572		1568		1047004
[09:50:46]		1048572		1568		1047004
[09:50:49]		1048572		1568		1047004
[09:50:52]		1048572		1568		1047004
[09:50:55]		1048572		1568		1047004
[09:50:58]		1048572		1568		1047004
[09:51:01]		1048572		1568		1047004
[09:51:04]		1048572		1568		1047004
[09:51:07]		1048572		1568		1047004
[09:51:10]		1048572		1568		1047004
[09:51:13]		1048572		1568		1047004
[09:51:16]		1048572		1568		1047004
[09:51:19]		1048572		1568		1047004
[09:51:22]		1048572		1568		1047004
[09:51:25]		1048572		1568		1047004
[09:51:28]		1048572		1568		1047004
[09:51:31]		1048572		1568		1047004
[09:51:34]		1048572		1568		1047004
[09:51:37]		1048572		1568		1047004
[09:51:40]		1048572		1568		1047004
[09:51:43]		1048572		1568		1047004
[09:51:46]		1048572		1568		1047004
[09:51:49]		1048572		1568		1047004
[09:51:52]		1048572		1568		1047004
[09:51:55]		1048572		1568		1047004
[09:51:58]		1048572		1568		1047004
[09:52:01]		1048572		1568		1047004
[09:52:04]		1048572		1568		1047004
[09:52:07]		1048572		1568		1047004
[09:52:10]		1048572		1568		1047004
[09:52:13]		1048572		1568		1047004
[09:52:16]		1048572		1568		1047004
[09:52:19]		1048572		1568		1047004
[09:52:22]		1048572		1568		1047004
[09:52:25]		1048572		1568		1047004
[09:52:28]		1048572		1568		1047004
[09:52:31]		1048572		1568		1047004
[09:52:34]		1048572		1568		1047004
[09:52:37]		1048572		1568		1047004
[09:52:40]		1048572		1568		1047004
[09:52:43]		1048572		1568		1047004
[09:52:46]		1048572		1568		1047004
[09:52:49]		1048572		1568		1047004
[09:52:52]		1048572		1568		1047004
[09:52:55]		1048572		1568		1047004
[09:52:58]		1048572		1568		1047004
[09:53:01]		1048572		1568		1047004
[09:53:04]		1048572		1568		1047004
[09:53:07]		1048572		1568		1047004
[09:53:10]		1048572		1568		1047004
[09:53:13]		1048572		1568		1047004
[09:53:16]		1048572		1568		1047004
[09:53:19]		1048572		1568		1047004
[09:53:22]		1048572		1568		1047004
[09:53:25]		1048572		1568		1047004
[09:53:28]		1048572		1568		1047004
[09:53:31]		1048572		1568		1047004
[09:53:34]		1048572		1568		1047004
[09:53:37]		1048572		1568		1047004
[09:53:40]		1048572		1568		1047004
[09:53:43]		1048572		1568		1047004
[09:53:46]		1048572		1568		1047004
[09:53:49]		1048572		1568		1047004
[09:53:52]		1048572		1568		1047004
[09:53:55]		1048572		1568		1047004
[09:53:58]		1048572		1568		1047004
[09:54:01]		1048572		1568		1047004
[09:54:04]		1048572		1568		1047004
[09:54:07]		1048572		1568		1047004
[09:54:10]		1048572		1568		1047004
[09:54:13]		1048572		1568		1047004
[09:54:16]		1048572		1568		1047004
[09:54:19]		1048572		1568		1047004
[09:54:22]		1048572		1568		1047004
[09:54:25]		1048572		1568		1047004
[09:54:28]		1048572		1568		1047004
[09:54:31]		1048572		1568		1047004
[09:54:34]		1048572		1568		1047004
[09:54:37]		1048572		1568		1047004
[09:54:40]		1048572		1568		1047004
[09:54:43]		1048572		1568		1047004
[09:54:46]		1048572		1568		1047004
[09:54:49]		1048572		1568		1047004
[09:54:52]		1048572		1568		1047004
[09:54:55]		1048572		1568		1047004
[09:54:58]		1048572		1568		1047004
[09:55:01]		1048572		1568		1047004
[09:55:04]		1048572		1568		1047004
[09:55:07]		1048572		1568		1047004
[09:55:10]		1048572		1568		1047004
[09:55:13]		1048572		1568		1047004
[09:55:16]		1048572		1568		1047004
[09:55:19]		1048572		1568		1047004
[09:55:22]		1048572		1568		1047004
[09:55:25]		1048572		1568		1047004
[09:55:28]		1048572		1568		1047004
[09:55:31]		1048572		1568		1047004
[09:55:34]		1048572		1568		1047004
[09:55:37]		1048572		1568		1047004
[09:55:40]		1048572		1568		1047004
[09:55:43]		1048572		1568		1047004
[09:55:46]		1048572		1568		1047004
[09:55:49]		1048572		1568		1047004
[09:55:52]		1048572		1568		1047004
[09:55:55]		1048572		1568		1047004
[09:55:58]		1048572		1568		1047004
[09:56:01]		1048572		1568		1047004
[09:56:04]		1048572		1568		1047004
[09:56:07]		1048572		1568		1047004
[09:56:10]		1048572		1568		1047004
[09:56:13]		1048572		1568		1047004
[09:56:16]		1048572		1568		1047004
[09:56:19]		1048572		1568		1047004
[09:56:22]		1048572		1568		1047004
[09:56:25]		1048572		1568		1047004
[09:56:28]		1048572		1568		1047004
[09:56:31]		1048572		1568		1047004
[09:56:34]		1048572		1568		1047004
[09:56:37]		1048572		1568		1047004
[09:56:40]		1048572		1568		1047004
[09:56:43]		1048572		1568		1047004
[09:56:46]		1048572		1568		1047004
[09:56:49]		1048572		1568		1047004
[09:56:52]		1048572		1568		1047004
[09:56:55]		1048572		1568		1047004
[09:56:58]		1048572		1568		1047004
[09:57:01]		1048572		1568		1047004
[09:57:04]		1048572		1568		1047004
[09:57:07]		1048572		1568		1047004
[09:57:10]		1048572		1568		1047004
[09:57:13]		1048572		1568		1047004
[09:57:16]		1048572		1568		1047004
[09:57:19]		1048572		1568		1047004
[09:57:22]		1048572		1568		1047004
[09:57:25]		1048572		1568		1047004
[09:57:28]		1048572		1568		1047004
[09:57:31]		1048572		1568		1047004
[09:57:34]		1048572		1568		1047004
[09:57:37]		1048572		1568		1047004
[09:57:40]		1048572		1568		1047004
[09:57:43]		1048572		1568		1047004
[09:57:46]		1048572		1568		1047004
[09:57:49]		1048572		1568		1047004
[09:57:52]		1048572		1568		1047004
[09:57:55]		1048572		1568		1047004
[09:57:58]		1048572		1568		1047004
[09:58:01]		1048572		1568		1047004
[09:58:04]		1048572		1568		1047004
[09:58:07]		1048572		1568		1047004
[09:58:10]		1048572		1568		1047004
[09:58:13]		1048572		1568		1047004
[09:58:16]		1048572		1568		1047004
[09:58:19]		1048572		1568		1047004
[09:58:22]		1048572		1568		1047004
[09:58:25]		1048572		1568		1047004
[09:58:28]		1048572		1568		1047004
[09:58:31]		1048572		1568		1047004
[09:58:34]		1048572		1568		1047004
[09:58:37]		1048572		1568		1047004
[09:58:40]		1048572		1568		1047004
[09:58:43]		1048572		1568		1047004
[09:58:46]		1048572		1568		1047004
[09:58:49]		1048572		1568		1047004
[09:58:52]		1048572		1568		1047004
[09:58:55]		1048572		1764		1046808
[09:58:58]		1048572		1764		1046808
[09:59:01]		1048572		1764		1046808
[09:59:04]		1048572		1764		1046808
[09:59:07]		1048572		1764		1046808
[09:59:10]		1048572		1764		1046808
[09:59:13]		1048572		1932		1046640
[09:59:16]		1048572		1932		1046640
[09:59:19]		1048572		1932		1046640
[09:59:22]		1048572		1932		1046640
[09:59:25]		1048572		1932		1046640
[09:59:28]		1048572		2048		1046524
[09:59:31]		1048572		2344		1046228
[09:59:34]		1048572		2376		1046196
[09:59:37]		1048572		2376		1046196
[09:59:40]		1048572		2376		1046196
[09:59:43]		1048572		2376		1046196
[09:59:46]		1048572		2376		1046196
[09:59:49]		1048572		2376		1046196
[09:59:52]		1048572		2376		1046196
[09:59:55]		1048572		2376		1046196
[09:59:58]		1048572		2376		1046196
[10:00:01]		1048572		2376		1046196
[10:00:04]		1048572		2376		1046196
[10:00:07]		1048572		2376		1046196
[10:00:10]		1048572		2376		1046196
[10:00:13]		1048572		2376		1046196
[10:00:16]		1048572		2376		1046196
[10:00:19]		1048572		2376		1046196
[10:00:22]		1048572		2376		1046196
[10:00:25]		1048572		2376		1046196
[10:00:28]		1048572		2376		1046196
[10:00:31]		1048572		2376		1046196
[10:00:34]		1048572		2376		1046196
[10:00:37]		1048572		2376		1046196
[10:00:40]		1048572		2376		1046196
[10:00:43]		1048572		2376		1046196
[10:00:46]		1048572		2376		1046196
[10:00:49]		1048572		2376		1046196
[10:00:52]		1048572		2376		1046196
[10:00:55]		1048572		2376		1046196
[10:00:58]		1048572		2376		1046196
[10:01:01]		1048572		2376		1046196
[10:01:04]		1048572		2376		1046196
[10:01:07]		1048572		2376		1046196
[10:01:10]		1048572		2376		1046196
[10:01:13]		1048572		2376		1046196
[10:01:16]		1048572		2376		1046196
[10:01:19]		1048572		2376		1046196
[10:01:22]		1048572		2376		1046196
[10:01:25]		1048572		2376		1046196
[10:01:28]		1048572		2376		1046196
[10:01:31]		1048572		2376		1046196
[10:01:34]		1048572		2376		1046196
[10:01:37]		1048572		2376		1046196
[10:01:40]		1048572		2376		1046196
[10:01:43]		1048572		2376		1046196
[10:01:46]		1048572		2376		1046196
[10:01:49]		1048572		2376		1046196
[10:01:52]		1048572		2376		1046196
[10:01:55]		1048572		2376		1046196
[10:01:58]		1048572		2376		1046196
[10:02:01]		1048572		2376		1046196
[10:02:04]		1048572		2376		1046196
[10:02:07]		1048572		2376		1046196
[10:02:10]		1048572		2376		1046196
[10:02:13]		1048572		2376		1046196
[10:02:16]		1048572		2376		1046196
[10:02:19]		1048572		2376		1046196
[10:02:22]		1048572		2376		1046196
[10:02:25]		1048572		2376		1046196
[10:02:28]		1048572		2376		1046196
[10:02:31]		1048572		2376		1046196
[10:02:34]		1048572		2376		1046196
[10:02:37]		1048572		2376		1046196
[10:02:40]		1048572		2376		1046196
[10:02:43]		1048572		2376		1046196
[10:02:46]		1048572		2376		1046196
[10:02:49]		1048572		2376		1046196
[10:02:52]		1048572		2376		1046196
[10:02:55]		1048572		2376		1046196
[10:02:58]		1048572		2376		1046196
[10:03:01]		1048572		2376		1046196
[10:03:04]		1048572		2376		1046196
[10:03:07]		1048572		2376		1046196
[10:03:10]		1048572		2376		1046196
[10:03:13]		1048572		2376		1046196
[10:03:16]		1048572		2376		1046196
[10:03:19]		1048572		2376		1046196
[10:03:22]		1048572		2376		1046196
[10:03:25]		1048572		2376		1046196
[10:03:28]		1048572		2376		1046196
[10:03:31]		1048572		2376		1046196
[10:03:34]		1048572		2376		1046196
[10:03:37]		1048572		2376		1046196
[10:03:40]		1048572		2376		1046196
[10:03:43]		1048572		2376		1046196
[10:03:46]		1048572		2376		1046196
[10:03:49]		1048572		2376		1046196
[10:03:52]		1048572		2376		1046196
[10:03:55]		1048572		2376		1046196
[10:03:58]		1048572		2376		1046196
[10:04:01]		1048572		2376		1046196
[10:04:04]		1048572		2376		1046196
[10:04:07]		1048572		2376		1046196
[10:04:10]		1048572		2376		1046196
[10:04:13]		1048572		2376		1046196
[10:04:16]		1048572		2376		1046196
[10:04:19]		1048572		2376		1046196
[10:04:23]		1048572		2376		1046196
[10:04:26]		1048572		2376		1046196
[10:04:29]		1048572		2384		1046188
[10:04:32]		1048572		2384		1046188
[10:04:35]		1048572		2384		1046188
[10:04:38]		1048572		2384		1046188
[10:04:41]		1048572		2384		1046188
[10:04:44]		1048572		2384		1046188
[10:04:47]		1048572		2384		1046188
[10:04:50]		1048572		2384		1046188
[10:04:53]		1048572		2384		1046188
[10:04:56]		1048572		2384		1046188
[10:04:59]		1048572		2384		1046188
[10:05:02]		1048572		2384		1046188
[10:05:05]		1048572		2384		1046188
[10:05:08]		1048572		2384		1046188
[10:05:11]		1048572		2384		1046188
[10:05:14]		1048572		2384		1046188
[10:05:17]		1048572		2384		1046188
[10:05:20]		1048572		2384		1046188
[10:05:23]		1048572		2384		1046188
[10:05:26]		1048572		2384		1046188
[10:05:29]		1048572		2384		1046188
[10:05:32]		1048572		2384		1046188
[10:05:35]		1048572		2384		1046188
[10:05:38]		1048572		2384		1046188
[10:05:41]		1048572		2384		1046188
[10:05:44]		1048572		2384		1046188
[10:05:47]		1048572		2384		1046188
[10:05:50]		1048572		2384		1046188
[10:05:53]		1048572		2384		1046188
[10:05:56]		1048572		2384		1046188
[10:05:59]		1048572		2384		1046188
[10:06:02]		1048572		2384		1046188
[10:06:05]		1048572		2384		1046188
[10:06:08]		1048572		2384		1046188
[10:06:11]		1048572		2384		1046188
[10:06:14]		1048572		2384		1046188
[10:06:17]		1048572		2384		1046188
[10:06:20]		1048572		2384		1046188
[10:06:23]		1048572		2384		1046188
[10:06:26]		1048572		2384		1046188
[10:06:29]		1048572		2384		1046188
[10:06:32]		1048572		2384		1046188
[10:06:35]		1048572		2384		1046188
[10:06:38]		1048572		2384		1046188
[10:06:41]		1048572		2384		1046188
[10:06:44]		1048572		2384		1046188
[10:06:47]		1048572		2384		1046188
[10:06:50]		1048572		2384		1046188
[10:06:53]		1048572		2384		1046188
[10:06:56]		1048572		2384		1046188
[10:06:59]		1048572		2384		1046188
[10:07:02]		1048572		2384		1046188
[10:07:05]		1048572		2384		1046188
[10:07:08]		1048572		2384		1046188
[10:07:11]		1048572		2384		1046188
[10:07:14]		1048572		2384		1046188
[10:07:17]		1048572		2384		1046188
[10:07:20]		1048572		2384		1046188
[10:07:23]		1048572		2384		1046188
[10:07:26]		1048572		2384		1046188
[10:07:29]		1048572		2384		1046188
[10:07:32]		1048572		2384		1046188
[10:07:35]		1048572		2384		1046188
[10:07:38]		1048572		2384		1046188
[10:07:41]		1048572		2384		1046188
[10:07:44]		1048572		2384		1046188
[10:07:47]		1048572		2384		1046188
[10:07:50]		1048572		2384		1046188
[10:07:53]		1048572		2384		1046188
[10:07:56]		1048572		2384		1046188
[10:07:59]		1048572		2384		1046188
[10:08:02]		1048572		2384		1046188
[10:08:05]		1048572		2384		1046188
[10:08:08]		1048572		2384		1046188
[10:08:11]		1048572		2384		1046188
[10:08:14]		1048572		2384		1046188
[10:08:17]		1048572		2384		1046188
[10:08:20]		1048572		2384		1046188
[10:08:23]		1048572		2384		1046188
[10:08:26]		1048572		2384		1046188
[10:08:29]		1048572		2384		1046188
[10:08:32]		1048572		2384		1046188
[10:08:35]		1048572		2384		1046188
[10:08:38]		1048572		2384		1046188
[10:08:41]		1048572		2384		1046188
[10:08:44]		1048572		2384		1046188
[10:08:47]		1048572		2384		1046188
[10:08:50]		1048572		2384		1046188
[10:08:53]		1048572		2384		1046188
[10:08:56]		1048572		2384		1046188
[10:08:59]		1048572		2384		1046188
[10:09:02]		1048572		2384		1046188
[10:09:05]		1048572		2384		1046188
[10:09:08]		1048572		2384		1046188
[10:09:11]		1048572		2384		1046188
[10:09:14]		1048572		2384		1046188
[10:09:17]		1048572		2384		1046188
[10:09:20]		1048572		2384		1046188
[10:09:23]		1048572		2384		1046188
[10:09:26]		1048572		2384		1046188
[10:09:29]		1048572		2384		1046188
[10:09:32]		1048572		2384		1046188
[10:09:35]		1048572		2384		1046188
[10:09:38]		1048572		2384		1046188
[10:09:41]		1048572		2384		1046188
[10:09:44]		1048572		2384		1046188
[10:09:47]		1048572		2384		1046188
[10:09:50]		1048572		2384		1046188
[10:09:53]		1048572		2384		1046188
[10:09:56]		1048572		2384		1046188
[10:09:59]		1048572		2384		1046188
[10:10:02]		1048572		2384		1046188
[10:10:05]		1048572		2384		1046188
[10:10:08]		1048572		2384		1046188
[10:10:11]		1048572		2384		1046188
[10:10:14]		1048572		2384		1046188
[10:10:17]		1048572		2384		1046188
[10:10:20]		1048572		2384		1046188
[10:10:23]		1048572		2384		1046188
[10:10:26]		1048572		2384		1046188
[10:10:29]		1048572		2384		1046188
[10:10:32]		1048572		2384		1046188
[10:10:35]		1048572		2384		1046188
[10:10:38]		1048572		2384		1046188
[10:10:41]		1048572		2384		1046188
[10:10:44]		1048572		2384		1046188
[10:10:47]		1048572		2384		1046188
[10:10:50]		1048572		2384		1046188
[10:10:53]		1048572		2384		1046188
[10:10:56]		1048572		2384		1046188
[10:10:59]		1048572		2384		1046188
[10:11:02]		1048572		2384		1046188
[10:11:05]		1048572		2384		1046188
[10:11:08]		1048572		2384		1046188
[10:11:11]		1048572		2384		1046188
[10:11:14]		1048572		2384		1046188
[10:11:17]		1048572		2384		1046188
[10:11:20]		1048572		2384		1046188
[10:11:23]		1048572		2384		1046188
[10:11:26]		1048572		2384		1046188
[10:11:29]		1048572		2384		1046188
[10:11:32]		1048572		2384		1046188
[10:11:35]		1048572		2384		1046188
[10:11:38]		1048572		2384		1046188
[10:11:41]		1048572		2384		1046188
[10:11:44]		1048572		2384		1046188
[10:11:47]		1048572		2384		1046188
[10:11:50]		1048572		2384		1046188
[10:11:53]		1048572		2384		1046188
[10:11:56]		1048572		2384		1046188
[10:11:59]		1048572		2384		1046188
[10:12:02]		1048572		2384		1046188
[10:12:05]		1048572		2384		1046188
[10:12:08]		1048572		2384		1046188
[10:12:11]		1048572		2384		1046188
[10:12:14]		1048572		2384		1046188
[10:12:17]		1048572		2384		1046188
[10:12:20]		1048572		2384		1046188
[10:12:23]		1048572		2384		1046188
[10:12:26]		1048572		2384		1046188
[10:12:29]		1048572		2384		1046188
[10:12:32]		1048572		2384		1046188
[10:12:35]		1048572		2384		1046188
[10:12:38]		1048572		2384		1046188
[10:12:41]		1048572		2384		1046188
[10:12:44]		1048572		2384		1046188
[10:12:47]		1048572		2384		1046188
[10:12:50]		1048572		2384		1046188
[10:12:53]		1048572		2384		1046188
[10:12:56]		1048572		2384		1046188
[10:12:59]		1048572		2384		1046188
[10:13:02]		1048572		2384		1046188
[10:13:05]		1048572		2384		1046188
[10:13:08]		1048572		2384		1046188
[10:13:11]		1048572		2384		1046188
[10:13:14]		1048572		2384		1046188
[10:13:17]		1048572		2384		1046188
[10:13:20]		1048572		2384		1046188
[10:13:23]		1048572		2384		1046188
[10:13:26]		1048572		2384		1046188
[10:13:29]		1048572		2384		1046188
[10:13:32]		1048572		2384		1046188
[10:13:35]		1048572		2384		1046188
[10:13:38]		1048572		2384		1046188
[10:13:41]		1048572		2384		1046188
[10:13:44]		1048572		2384		1046188
[10:13:47]		1048572		2384		1046188
[10:13:50]		1048572		2384		1046188
[10:13:53]		1048572		2384		1046188
[10:13:56]		1048572		2384		1046188
[10:13:59]		1048572		2384		1046188
[10:14:02]		1048572		2384		1046188
[10:14:05]		1048572		2384		1046188
[10:14:08]		1048572		2384		1046188
[10:14:11]		1048572		2384		1046188
[10:14:14]		1048572		2384		1046188
[10:14:17]		1048572		2384		1046188
[10:14:20]		1048572		2384		1046188
[10:14:23]		1048572		2384		1046188
[10:14:26]		1048572		2384		1046188
[10:14:29]		1048572		2384		1046188
[10:14:32]		1048572		2384		1046188
[10:14:35]		1048572		2384		1046188
[10:14:38]		1048572		2384		1046188
[10:14:41]		1048572		2384		1046188
[10:14:44]		1048572		2384		1046188
[10:14:47]		1048572		2384		1046188
[10:14:50]		1048572		2384		1046188
[10:14:53]		1048572		2384		1046188
[10:14:56]		1048572		2384		1046188
[10:14:59]		1048572		2384		1046188
[10:15:02]		1048572		2384		1046188
[10:15:05]		1048572		2384		1046188
[10:15:08]		1048572		2384		1046188
[10:15:11]		1048572		2384		1046188
[10:15:14]		1048572		2384		1046188
[10:15:17]		1048572		2384		1046188
[10:15:20]		1048572		2384		1046188
[10:15:23]		1048572		2384		1046188
[10:15:26]		1048572		2384		1046188
[10:15:29]		1048572		2384		1046188
[10:15:32]		1048572		2384		1046188
[10:15:35]		1048572		2384		1046188
[10:15:38]		1048572		2384		1046188
[10:15:41]		1048572		2384		1046188
[10:15:44]		1048572		2384		1046188
[10:15:47]		1048572		2384		1046188
[10:15:50]		1048572		2384		1046188
[10:15:53]		1048572		2384		1046188
[10:15:56]		1048572		2384		1046188
[10:15:59]		1048572		2384		1046188
[10:16:02]		1048572		2384		1046188
[10:16:05]		1048572		2384		1046188
[10:16:08]		1048572		2384		1046188
[10:16:11]		1048572		2384		1046188
[10:16:14]		1048572		2384		1046188
[10:16:17]		1048572		2384		1046188
[10:16:20]		1048572		2384		1046188
[10:16:23]		1048572		2384		1046188
[10:16:26]		1048572		2384		1046188
[10:16:29]		1048572		2384		1046188
[10:16:32]		1048572		2384		1046188
[10:16:35]		1048572		2384		1046188
[10:16:38]		1048572		2384		1046188
[10:16:41]		1048572		2384		1046188
[10:16:44]		1048572		2384		1046188
[10:16:47]		1048572		2384		1046188
[10:16:50]		1048572		2384		1046188
[10:16:53]		1048572		2384		1046188
[10:16:56]		1048572		2384		1046188
[10:16:59]		1048572		2384		1046188
[10:17:02]		1048572		2384		1046188
[10:17:05]		1048572		2384		1046188
[10:17:08]		1048572		2384		1046188
[10:17:11]		1048572		2384		1046188
[10:17:14]		1048572		2384		1046188
[10:17:17]		1048572		2384		1046188
[10:17:20]		1048572		2384		1046188
[10:17:23]		1048572		2384		1046188
[10:17:26]		1048572		2384		1046188
[10:17:29]		1048572		2384		1046188
[10:17:32]		1048572		2384		1046188
[10:17:35]		1048572		2384		1046188
[10:17:38]		1048572		2384		1046188
[10:17:41]		1048572		2384		1046188
[10:17:44]		1048572		2384		1046188
[10:17:47]		1048572		2384		1046188
[10:17:50]		1048572		2384		1046188
[10:17:53]		1048572		2384		1046188
[10:17:56]		1048572		2384		1046188
[10:17:59]		1048572		2384		1046188
[10:18:02]		1048572		2384		1046188
[10:18:05]		1048572		2384		1046188
[10:18:08]		1048572		2384		1046188
[10:18:11]		1048572		2384		1046188
[10:18:14]		1048572		2384		1046188
[10:18:17]		1048572		2384		1046188
[10:18:20]		1048572		2384		1046188
[10:18:23]		1048572		2384		1046188
[10:18:26]		1048572		2384		1046188
[10:18:29]		1048572		2384		1046188
[10:18:32]		1048572		2384		1046188
[10:18:35]		1048572		2384		1046188
[10:18:38]		1048572		2496		1046076
[10:18:41]		1048572		2496		1046076
[10:18:44]		1048572		2496		1046076
[10:18:47]		1048572		2496		1046076
[10:18:50]		1048572		2496		1046076
[10:18:53]		1048572		2540		1046032
[10:18:56]		1048572		3412		1045160
[10:18:59]		1048572		3412		1045160
[10:19:02]		1048572		3412		1045160
[10:19:05]		1048572		3412		1045160
[10:19:08]		1048572		3412		1045160
[10:19:11]		1048572		3412		1045160
[10:19:14]		1048572		3412		1045160
[10:19:17]		1048572		3412		1045160
[10:19:20]		1048572		3412		1045160
[10:19:23]		1048572		3412		1045160
[10:19:26]		1048572		3412		1045160
[10:19:29]		1048572		3412		1045160
[10:19:32]		1048572		3412		1045160
[10:19:35]		1048572		3412		1045160
[10:19:38]		1048572		3412		1045160
[10:19:41]		1048572		3412		1045160
[10:19:44]		1048572		3412		1045160
[10:19:47]		1048572		3412		1045160
[10:19:50]		1048572		3412		1045160
[10:19:53]		1048572		3412		1045160
[10:19:56]		1048572		3412		1045160
[10:19:59]		1048572		3412		1045160
[10:20:02]		1048572		3412		1045160
[10:20:05]		1048572		3412		1045160
[10:20:08]		1048572		3412		1045160
[10:20:11]		1048572		3412		1045160
[10:20:14]		1048572		3412		1045160
[10:20:17]		1048572		3412		1045160
[10:20:20]		1048572		3412		1045160
[10:20:23]		1048572		3412		1045160
[10:20:26]		1048572		3412		1045160
[10:20:29]		1048572		3412		1045160
[10:20:32]		1048572		3412		1045160
[10:20:35]		1048572		3412		1045160
[10:20:38]		1048572		3412		1045160
[10:20:41]		1048572		3412		1045160
[10:20:44]		1048572		3412		1045160
[10:20:47]		1048572		3412		1045160
[10:20:50]		1048572		3412		1045160
[10:20:53]		1048572		3412		1045160
[10:20:56]		1048572		3412		1045160
[10:20:59]		1048572		3412		1045160
[10:21:02]		1048572		3412		1045160
[10:21:05]		1048572		3412		1045160
[10:21:08]		1048572		3412		1045160
[10:21:11]		1048572		3412		1045160
[10:21:14]		1048572		3412		1045160
[10:21:17]		1048572		3412		1045160
[10:21:20]		1048572		3412		1045160
[10:21:23]		1048572		3412		1045160
[10:21:26]		1048572		3412		1045160
[10:21:29]		1048572		3412		1045160
[10:21:32]		1048572		3412		1045160
[10:21:35]		1048572		3412		1045160
[10:21:38]		1048572		3412		1045160
[10:21:41]		1048572		3412		1045160
[10:21:44]		1048572		3412		1045160
[10:21:47]		1048572		3412		1045160
[10:21:50]		1048572		3412		1045160
[10:21:53]		1048572		3412		1045160
[10:21:56]		1048572		3412		1045160
[10:21:59]		1048572		3412		1045160
[10:22:02]		1048572		3412		1045160
[10:22:05]		1048572		3412		1045160
[10:22:08]		1048572		3412		1045160
[10:22:11]		1048572		3412		1045160
[10:22:14]		1048572		3412		1045160
[10:22:17]		1048572		3412		1045160
[10:22:20]		1048572		3412		1045160
[10:22:23]		1048572		3412		1045160
[10:22:26]		1048572		3412		1045160
[10:22:29]		1048572		3412		1045160
[10:22:32]		1048572		3412		1045160
[10:22:35]		1048572		3412		1045160
[10:22:38]		1048572		3412		1045160
[10:22:41]		1048572		3412		1045160
[10:22:44]		1048572		3412		1045160
[10:22:47]		1048572		3412		1045160
[10:22:50]		1048572		3412		1045160
[10:22:53]		1048572		3412		1045160
[10:22:56]		1048572		3412		1045160
[10:22:59]		1048572		3412		1045160
[10:23:02]		1048572		3412		1045160
[10:23:05]		1048572		3412		1045160
[10:23:08]		1048572		3412		1045160
[10:23:11]		1048572		3412		1045160
[10:23:14]		1048572		3412		1045160
[10:23:17]		1048572		3412		1045160
[10:23:20]		1048572		3412		1045160
[10:23:23]		1048572		3412		1045160
[10:23:26]		1048572		3412		1045160
[10:23:29]		1048572		3412		1045160
[10:23:32]		1048572		3412		1045160
[10:23:35]		1048572		3412		1045160
[10:23:38]		1048572		3412		1045160
[10:23:41]		1048572		3412		1045160
[10:23:44]		1048572		3412		1045160
[10:23:47]		1048572		3412		1045160
[10:23:50]		1048572		3412		1045160
[10:23:53]		1048572		3412		1045160
[10:23:56]		1048572		3412		1045160
[10:23:59]		1048572		3412		1045160
[10:24:02]		1048572		3412		1045160
[10:24:05]		1048572		3412		1045160
[10:24:08]		1048572		3412		1045160
[10:24:11]		1048572		3412		1045160
[10:24:14]		1048572		3412		1045160
[10:24:17]		1048572		3412		1045160
[10:24:20]		1048572		3412		1045160
[10:24:23]		1048572		3412		1045160
[10:24:26]		1048572		3412		1045160
[10:24:29]		1048572		3412		1045160
[10:24:32]		1048572		3412		1045160
[10:24:35]		1048572		3412		1045160
[10:24:38]		1048572		3412		1045160
[10:24:41]		1048572		3412		1045160
[10:24:44]		1048572		3412		1045160
[10:24:47]		1048572		3412		1045160
[10:24:50]		1048572		3412		1045160
[10:24:53]		1048572		3412		1045160
[10:24:56]		1048572		3412		1045160
[10:24:59]		1048572		3412		1045160
[10:25:02]		1048572		3412		1045160
[10:25:05]		1048572		3412		1045160
[10:25:08]		1048572		3412		1045160
[10:25:11]		1048572		3412		1045160
[10:25:14]		1048572		3412		1045160
[10:25:17]		1048572		3412		1045160
[10:25:20]		1048572		3412		1045160
[10:25:23]		1048572		3412		1045160
[10:25:26]		1048572		3412		1045160
[10:25:29]		1048572		3412		1045160
[10:25:32]		1048572		3412		1045160
[10:25:35]		1048572		3412		1045160
[10:25:38]		1048572		3412		1045160
[10:25:41]		1048572		3412		1045160
[10:25:44]		1048572		3412		1045160
[10:25:47]		1048572		3412		1045160
[10:25:50]		1048572		3412		1045160
[10:25:53]		1048572		3412		1045160
[10:25:56]		1048572		3412		1045160
[10:25:59]		1048572		3412		1045160
[10:26:03]		1048572		3412		1045160
[10:26:06]		1048572		3412		1045160
[10:26:09]		1048572		3412		1045160
[10:26:12]		1048572		3412		1045160
[10:26:15]		1048572		3412		1045160
[10:26:18]		1048572		3412		1045160
[10:26:21]		1048572		3412		1045160
[10:26:24]		1048572		3412		1045160
[10:26:27]		1048572		3412		1045160
[10:26:30]		1048572		3412		1045160
[10:26:33]		1048572		3412		1045160
[10:26:36]		1048572		3412		1045160
[10:26:39]		1048572		3412		1045160
[10:26:42]		1048572		3412		1045160
[10:26:45]		1048572		3412		1045160
[10:26:48]		1048572		3412		1045160
[10:26:51]		1048572		3412		1045160
[10:26:54]		1048572		3412		1045160
[10:26:57]		1048572		3412		1045160
[10:27:00]		1048572		3412		1045160
[10:27:03]		1048572		3412		1045160
[10:27:06]		1048572		3412		1045160
[10:27:09]		1048572		3412		1045160
[10:27:12]		1048572		3412		1045160
[10:27:15]		1048572		3412		1045160
[10:27:18]		1048572		3412		1045160
[10:27:21]		1048572		3412		1045160
[10:27:24]		1048572		3412		1045160
[10:27:27]		1048572		3412		1045160
[10:27:30]		1048572		3412		1045160
[10:27:33]		1048572		3412		1045160
[10:27:36]		1048572		3412		1045160
[10:27:39]		1048572		3412		1045160
[10:27:42]		1048572		3412		1045160
[10:27:45]		1048572		3412		1045160
[10:27:48]		1048572		3412		1045160
[10:27:51]		1048572		3412		1045160
[10:27:54]		1048572		3412		1045160
[10:27:57]		1048572		3412		1045160
[10:28:00]		1048572		3412		1045160
[10:28:03]		1048572		3412		1045160
[10:28:06]		1048572		3412		1045160
[10:28:09]		1048572		3412		1045160
[10:28:12]		1048572		3412		1045160
[10:28:15]		1048572		3412		1045160
[10:28:18]		1048572		3412		1045160
[10:28:21]		1048572		3412		1045160
[10:28:24]		1048572		3412		1045160
[10:28:27]		1048572		3412		1045160
[10:28:30]		1048572		3412		1045160
[10:28:33]		1048572		3412		1045160
[10:28:36]		1048572		3412		1045160
[10:28:39]		1048572		3412		1045160
[10:28:42]		1048572		3412		1045160
[10:28:45]		1048572		3412		1045160
[10:28:48]		1048572		3412		1045160
[10:28:51]		1048572		3412		1045160
[10:28:54]		1048572		3412		1045160
[10:28:57]		1048572		3412		1045160
[10:29:00]		1048572		3412		1045160
[10:29:03]		1048572		3412		1045160
[10:29:06]		1048572		3412		1045160
[10:29:09]		1048572		3412		1045160
[10:29:12]		1048572		3412		1045160
[10:29:15]		1048572		3412		1045160
[10:29:18]		1048572		3412		1045160
[10:29:21]		1048572		3412		1045160
[10:29:24]		1048572		3412		1045160
[10:29:27]		1048572		3412		1045160
[10:29:30]		1048572		3412		1045160
[10:29:33]		1048572		3412		1045160
[10:29:36]		1048572		3412		1045160
[10:29:39]		1048572		3412		1045160
[10:29:42]		1048572		3412		1045160
[10:29:45]		1048572		3412		1045160
[10:29:48]		1048572		3412		1045160
[10:29:51]		1048572		3412		1045160
[10:29:54]		1048572		3412		1045160
[10:29:57]		1048572		3412		1045160
[10:30:00]		1048572		3412		1045160
[10:30:03]		1048572		3412		1045160
[10:30:06]		1048572		3412		1045160
[10:30:09]		1048572		3412		1045160
[10:30:12]		1048572		3412		1045160
[10:30:15]		1048572		3412		1045160
[10:30:18]		1048572		3412		1045160
[10:30:21]		1048572		3412		1045160
[10:30:24]		1048572		3412		1045160
[10:30:27]		1048572		3412		1045160
[10:30:30]		1048572		3412		1045160
[10:30:33]		1048572		3412		1045160
[10:30:36]		1048572		3412		1045160
[10:30:39]		1048572		3412		1045160
[10:30:42]		1048572		3412		1045160
[10:30:45]		1048572		3412		1045160
[10:30:48]		1048572		3412		1045160
[10:30:51]		1048572		3412		1045160
[10:30:54]		1048572		3412		1045160
[10:30:57]		1048572		3412		1045160
[10:31:00]		1048572		3412		1045160
[10:31:03]		1048572		3412		1045160
[10:31:06]		1048572		3412		1045160
[10:31:09]		1048572		3412		1045160
[10:31:12]		1048572		3412		1045160
[10:31:15]		1048572		3412		1045160
[10:31:18]		1048572		3412		1045160
[10:31:21]		1048572		3412		1045160
[10:31:24]		1048572		3412		1045160
[10:31:27]		1048572		3412		1045160
[10:31:30]		1048572		3412		1045160
[10:31:33]		1048572		3412		1045160
[10:31:36]		1048572		3412		1045160
[10:31:39]		1048572		3496		1045076
[10:31:42]		1048572		3496		1045076
[10:31:45]		1048572		3496		1045076
[10:31:48]		1048572		3496		1045076
[10:31:51]		1048572		3496		1045076
[10:31:54]		1048572		3496		1045076
[10:31:57]		1048572		3496		1045076
[10:32:00]		1048572		3496		1045076
[10:32:03]		1048572		3496		1045076
[10:32:06]		1048572		3496		1045076
[10:32:09]		1048572		3496		1045076
[10:32:12]		1048572		3496		1045076
[10:32:15]		1048572		3496		1045076
[10:32:18]		1048572		3496		1045076
[10:32:21]		1048572		3496		1045076
[10:32:24]		1048572		3496		1045076
[10:32:27]		1048572		3496		1045076
[10:32:30]		1048572		3496		1045076
[10:32:33]		1048572		3496		1045076
[10:32:36]		1048572		3496		1045076
[10:32:39]		1048572		3496		1045076
[10:32:42]		1048572		3496		1045076
[10:32:45]		1048572		3496		1045076
[10:32:48]		1048572		3496		1045076
[10:32:51]		1048572		3496		1045076
[10:32:54]		1048572		3496		1045076
[10:32:57]		1048572		3496		1045076
[10:33:00]		1048572		3496		1045076
[10:33:03]		1048572		3496		1045076
[10:33:06]		1048572		3496		1045076
[10:33:09]		1048572		3496		1045076
[10:33:12]		1048572		3496		1045076
[10:33:15]		1048572		3496		1045076
[10:33:18]		1048572		3496		1045076
[10:33:21]		1048572		3496		1045076
[10:33:24]		1048572		3496		1045076
[10:33:27]		1048572		3496		1045076
[10:33:30]		1048572		3496		1045076
[10:33:33]		1048572		3496		1045076
[10:33:36]		1048572		3496		1045076
[10:33:39]		1048572		3496		1045076
[10:33:42]		1048572		3496		1045076
[10:33:45]		1048572		3496		1045076
[10:33:48]		1048572		3496		1045076
[10:33:51]		1048572		3496		1045076
[10:33:54]		1048572		3496		1045076
[10:33:57]		1048572		3496		1045076
[10:34:00]		1048572		3496		1045076
[10:34:03]		1048572		3496		1045076
[10:34:06]		1048572		3496		1045076
[10:34:09]		1048572		3496		1045076
[10:34:12]		1048572		3496		1045076
[10:34:15]		1048572		3496		1045076
[10:34:18]		1048572		3496		1045076
[10:34:21]		1048572		3496		1045076
[10:34:24]		1048572		3496		1045076
[10:34:27]		1048572		3496		1045076
[10:34:30]		1048572		3496		1045076
[10:34:33]		1048572		3496		1045076
[10:34:36]		1048572		3496		1045076
[10:34:39]		1048572		3496		1045076
[10:34:42]		1048572		3496		1045076
[10:34:45]		1048572		3496		1045076
[10:34:48]		1048572		3496		1045076
[10:34:51]		1048572		3496		1045076
[10:34:54]		1048572		3496		1045076
[10:34:57]		1048572		3496		1045076
[10:35:00]		1048572		3528		1045044
[10:35:03]		1048572		3528		1045044
[10:35:06]		1048572		3528		1045044
[10:35:09]		1048572		3528		1045044
[10:35:12]		1048572		3528		1045044
[10:35:15]		1048572		3528		1045044
[10:35:18]		1048572		3528		1045044
[10:35:21]		1048572		3528		1045044
[10:35:24]		1048572		3528		1045044
[10:35:27]		1048572		3528		1045044
[10:35:30]		1048572		3528		1045044
[10:35:33]		1048572		3528		1045044
[10:35:36]		1048572		3528		1045044
[10:35:39]		1048572		3528		1045044
[10:35:42]		1048572		3528		1045044
[10:35:45]		1048572		3528		1045044
[10:35:48]		1048572		3528		1045044
[10:35:51]		1048572		3528		1045044
[10:35:54]		1048572		3528		1045044
[10:35:57]		1048572		3528		1045044
[10:36:00]		1048572		3528		1045044
[10:36:03]		1048572		3528		1045044
[10:36:06]		1048572		3528		1045044
[10:36:09]		1048572		3528		1045044
[10:36:12]		1048572		3528		1045044
[10:36:15]		1048572		3556		1045016
[10:36:18]		1048572		3556		1045016
[10:36:21]		1048572		3556		1045016
[10:36:24]		1048572		3556		1045016
[10:36:27]		1048572		3556		1045016
[10:36:30]		1048572		3556		1045016
[10:36:33]		1048572		3556		1045016
[10:36:36]		1048572		3556		1045016
[10:36:39]		1048572		3556		1045016
[10:36:42]		1048572		3556		1045016
[10:36:45]		1048572		3556		1045016
[10:36:48]		1048572		3556		1045016
[10:36:51]		1048572		3556		1045016
[10:36:54]		1048572		3556		1045016
[10:36:57]		1048572		3556		1045016
[10:37:00]		1048572		3556		1045016
[10:37:03]		1048572		3688		1044884
[10:37:06]		1048572		3688		1044884
[10:37:09]		1048572		3688		1044884
[10:37:12]		1048572		3688		1044884
[10:37:15]		1048572		3688		1044884
[10:37:18]		1048572		3688		1044884
[10:37:21]		1048572		3688		1044884
[10:37:24]		1048572		3688		1044884
[10:37:27]		1048572		3688		1044884
[10:37:30]		1048572		3688		1044884
[10:37:33]		1048572		3688		1044884
[10:37:36]		1048572		3688		1044884
[10:37:39]		1048572		3688		1044884
[10:37:42]		1048572		3688		1044884
[10:37:45]		1048572		3688		1044884
[10:37:48]		1048572		3688		1044884
[10:37:51]		1048572		3688		1044884
[10:37:54]		1048572		3688		1044884
[10:37:57]		1048572		3688		1044884
[10:38:00]		1048572		3688		1044884
[10:38:03]		1048572		3688		1044884
[10:38:06]		1048572		3688		1044884
[10:38:09]		1048572		3688		1044884
[10:38:12]		1048572		3688		1044884
[10:38:15]		1048572		3688		1044884
[10:38:18]		1048572		3688		1044884
[10:38:21]		1048572		3688		1044884
[10:38:24]		1048572		3688		1044884
[10:38:27]		1048572		3688		1044884
[10:38:30]		1048572		3688		1044884
[10:38:33]		1048572		3688		1044884
[10:38:36]		1048572		3688		1044884
[10:38:39]		1048572		3688		1044884
[10:38:42]		1048572		3688		1044884
[10:38:45]		1048572		3688		1044884
[10:38:48]		1048572		3688		1044884
[10:38:51]		1048572		3688		1044884
[10:38:54]		1048572		3688		1044884
[10:38:57]		1048572		3688		1044884
[10:39:00]		1048572		3688		1044884
[10:39:03]		1048572		3688		1044884
[10:39:06]		1048572		3688		1044884
[10:39:09]		1048572		3688		1044884
[10:39:12]		1048572		3688		1044884
[10:39:15]		1048572		3688		1044884
[10:39:18]		1048572		3688		1044884
[10:39:21]		1048572		3688		1044884
[10:39:24]		1048572		3688		1044884
[10:39:27]		1048572		3688		1044884
[10:39:30]		1048572		3688		1044884
[10:39:33]		1048572		3688		1044884
[10:39:36]		1048572		3688		1044884
[10:39:39]		1048572		3688		1044884
[10:39:42]		1048572		3688		1044884
[10:39:45]		1048572		3688		1044884
[10:39:48]		1048572		3688		1044884
[10:39:51]		1048572		3688		1044884
[10:39:54]		1048572		3940		1044632
[10:39:57]		1048572		3940		1044632
[10:40:00]		1048572		3940		1044632
[10:40:03]		1048572		3940		1044632
[10:40:06]		1048572		3940		1044632
[10:40:09]		1048572		3940		1044632
[10:40:12]		1048572		3940		1044632
[10:40:15]		1048572		3940		1044632
[10:40:18]		1048572		3940		1044632
[10:40:21]		1048572		3940		1044632
[10:40:24]		1048572		3940		1044632
[10:40:27]		1048572		3940		1044632
[10:40:30]		1048572		3940		1044632
[10:40:33]		1048572		3940		1044632
[10:40:36]		1048572		4016		1044556
[10:40:39]		1048572		4016		1044556
[10:40:42]		1048572		4016		1044556
[10:40:45]		1048572		4016		1044556
[10:40:48]		1048572		4016		1044556
[10:40:51]		1048572		4016		1044556
[10:40:54]		1048572		4016		1044556
[10:40:57]		1048572		4016		1044556
[10:41:00]		1048572		4016		1044556
[10:41:03]		1048572		4016		1044556
[10:41:06]		1048572		4016		1044556
[10:41:09]		1048572		4016		1044556
[10:41:12]		1048572		4016		1044556
[10:41:15]		1048572		4016		1044556
[10:41:18]		1048572		4016		1044556
[10:41:21]		1048572		4016		1044556
[10:41:24]		1048572		4016		1044556
[10:41:27]		1048572		4016		1044556
[10:41:30]		1048572		4016		1044556
[10:41:33]		1048572		4016		1044556
[10:41:36]		1048572		4016		1044556
[10:41:39]		1048572		4016		1044556
[10:41:42]		1048572		4016		1044556
[10:41:45]		1048572		4016		1044556
[10:41:48]		1048572		4016		1044556
[10:41:51]		1048572		4016		1044556
[10:41:54]		1048572		4016		1044556
[10:41:57]		1048572		4016		1044556
[10:42:00]		1048572		4016		1044556
[10:42:03]		1048572		4016		1044556
[10:42:06]		1048572		4016		1044556
[10:42:09]		1048572		4016		1044556
[10:42:12]		1048572		4016		1044556
[10:42:15]		1048572		4016		1044556
[10:42:18]		1048572		4016		1044556
[10:42:21]		1048572		4016		1044556
[10:42:24]		1048572		4016		1044556
[10:42:27]		1048572		4016		1044556
[10:42:30]		1048572		4016		1044556
[10:42:33]		1048572		4016		1044556
[10:42:36]		1048572		4016		1044556
[10:42:39]		1048572		4016		1044556
[10:42:42]		1048572		4016		1044556
[10:42:45]		1048572		4016		1044556
[10:42:48]		1048572		4016		1044556
[10:42:51]		1048572		4016		1044556
[10:42:54]		1048572		4016		1044556
[10:42:57]		1048572		4016		1044556
[10:43:00]		1048572		4016		1044556
[10:43:03]		1048572		4016		1044556
[10:43:06]		1048572		4016		1044556
[10:43:09]		1048572		4016		1044556
[10:43:12]		1048572		4016		1044556
[10:43:15]		1048572		4016		1044556
[10:43:18]		1048572		4016		1044556
[10:43:21]		1048572		4016		1044556
[10:43:24]		1048572		4016		1044556
[10:43:27]		1048572		4016		1044556
[10:43:30]		1048572		4016		1044556
[10:43:33]		1048572		4016		1044556
[10:43:36]		1048572		4016		1044556
[10:43:39]		1048572		4016		1044556
[10:43:42]		1048572		4016		1044556
[10:43:45]		1048572		4016		1044556
[10:43:48]		1048572		4016		1044556
[10:43:51]		1048572		4016		1044556
[10:43:54]		1048572		4016		1044556
[10:43:57]		1048572		4016		1044556
[10:44:00]		1048572		4016		1044556
[10:44:03]		1048572		4016		1044556
[10:44:06]		1048572		4016		1044556
[10:44:09]		1048572		4016		1044556
[10:44:12]		1048572		4016		1044556
[10:44:15]		1048572		4016		1044556
[10:44:18]		1048572		4016		1044556
[10:44:21]		1048572		4016		1044556
[10:44:24]		1048572		4016		1044556
[10:44:27]		1048572		4016		1044556
[10:44:30]		1048572		4016		1044556
[10:44:33]		1048572		4016		1044556
[10:44:36]		1048572		4016		1044556
[10:44:39]		1048572		4016		1044556
[10:44:42]		1048572		4016		1044556
[10:44:45]		1048572		4016		1044556
[10:44:48]		1048572		4016		1044556
[10:44:51]		1048572		4016		1044556
[10:44:54]		1048572		4016		1044556
[10:44:57]		1048572		4016		1044556
[10:45:00]		1048572		4016		1044556
[10:45:03]		1048572		4016		1044556
[10:45:06]		1048572		4016		1044556
[10:45:09]		1048572		4016		1044556
[10:45:12]		1048572		4016		1044556
[10:45:15]		1048572		4016		1044556
[10:45:18]		1048572		4024		1044548
[10:45:21]		1048572		4024		1044548
[10:45:24]		1048572		4024		1044548
[10:45:27]		1048572		4024		1044548
[10:45:30]		1048572		4024		1044548
[10:45:33]		1048572		4024		1044548
[10:45:36]		1048572		4024		1044548
[10:45:39]		1048572		4024		1044548
[10:45:42]		1048572		4024		1044548
[10:45:45]		1048572		4024		1044548
[10:45:48]		1048572		4024		1044548
[10:45:51]		1048572		4024		1044548
[10:45:54]		1048572		4024		1044548
[10:45:57]		1048572		4024		1044548
[10:46:00]		1048572		4024		1044548
[10:46:03]		1048572		4024		1044548
[10:46:06]		1048572		4024		1044548
[10:46:09]		1048572		4024		1044548
[10:46:12]		1048572		4024		1044548
[10:46:15]		1048572		4024		1044548
[10:46:18]		1048572		4024		1044548
[10:46:21]		1048572		4024		1044548
[10:46:24]		1048572		4024		1044548
[10:46:27]		1048572		4024		1044548
[10:46:30]		1048572		4024		1044548
[10:46:33]		1048572		4024		1044548
