recorded by mmserver domain:[id:20 time:Tue Apr 16 15:10:41 2013
]
time		tg_mem		use_mem		free_mem		
15:10:43		524288		204436		319852		
15:10:45		524288		204436		319852		
15:10:47		524288		204436		319852		
15:10:49		524288		204436		319852		
15:10:51		524288		204436		319852		
15:10:53		524288		204436		319852		
15:10:55		524288		204436		319852		
15:10:57		524288		204436		319852		
15:10:59		524288		204436		319852		
15:11:01		524288		204436		319852		
15:11:03		524288		204436		319852		
15:11:05		524288		204436		319852		
15:11:07		524288		204436		319852		
15:11:09		524288		204436		319852		
15:11:11		524288		204436		319852		
15:11:13		524288		204436		319852		
15:11:15		524288		204436		319852		
15:11:17		524288		204436		319852		
15:11:19		524288		204436		319852		
15:11:21		524288		204436		319852		
15:11:23		524288		204436		319852		
15:11:25		524288		204436		319852		
15:11:27		524288		223132		301156		
15:11:29		511808		223176		288632		
15:11:31		511808		223176		288632		
15:11:33		511808		223176		288632		
15:11:35		497885		223141		274744		
15:11:37		497885		223141		274744		
15:11:39		497885		223141		274744		
15:11:41		497885		223141		274744		
15:11:43		497885		223141		274744		
15:11:45		497885		225205		272680		
15:11:47		497885		228205		269680		
15:11:49		497885		235217		262668		
15:11:51		497885		242085		255800		
15:11:53		497885		248673		249212		
15:11:55		497885		250409		247476		
15:11:57		497885		252333		245552		
15:11:59		497885		256449		241436		
15:12:01		497885		260529		237356		
15:12:04		497885		264477		233408		
15:12:06		497885		268249		229636		
15:12:08		497885		272261		225624		
15:12:10		497885		276161		221724		
15:12:12		497885		279753		218132		
15:12:14		497885		283669		214216		
15:12:16		497885		287321		210564		
15:12:18		497885		289157		208728		
15:12:20		497885		289157		208728		
15:12:22		497885		298369		199516		
15:12:24		497885		302073		195812		
15:12:26		497885		306037		191848		
15:12:28		497885		307725		190160		
15:12:30		497885		313217		184668		
15:12:32		497885		316909		180976		
15:12:34		497885		320797		177088		
15:12:36		497885		324797		173088		
15:12:38		497885		328237		169648		
15:12:40		497885		332089		165796		
15:12:42		497885		333985		163900		
15:12:44		497885		339545		158340		
15:12:46		497885		343233		154652		
15:12:48		508509		347565		160944		
15:12:50		508509		349433		159076		
15:12:52		508509		355225		153284		
15:12:54		508509		358913		149596		
15:12:56		508509		362649		145860		
15:12:58		508509		366409		142100		
15:13:00		519605		371721		147884		
15:13:02		519605		375581		144024		
15:13:04		519605		379241		140364		
15:13:06		519605		382941		136664		
15:13:08		519605		386269		133336		
15:13:10		530333		400805		129528		
15:13:12		571670		445998		125672		
15:13:14		526148		395264		130884		
15:13:16		557722		399554		158168		
15:13:18		557722		402558		155164		
15:13:20		557722		408890		148832		
15:13:22		557722		413586		144136		
15:13:25		557722		418118		139604		
15:13:27		557722		422306		135416		
15:13:29		557722		427018		130704		
15:13:31		557722		431314		126408		
15:13:33		570203		436107		134096		
15:13:35		570203		440999		129204		
15:13:37		570203		446199		124004		
15:13:39		570203		451199		119004		
15:13:41		581398		459770		121628		
15:13:43		581398		464910		116488		
15:13:45		593184		480996		112188		
15:13:47		606832		471200		135632		
15:13:49		606832		476356		130476		
15:13:51		606832		496516		110316		
15:13:53		617782		530318		87464		
15:13:55		645900		545692		100208		
15:13:57		658859		581979		76880		
15:13:59		690807		595571		95236		
15:14:01		704333		633449		70884		
15:14:03		737876		639908		97968		
15:14:05		737876		660600		77276		
15:14:07		737876		671812		66064		
15:14:09		766418		691762		74656		
15:14:11		781153		704709		76444		
15:14:13		781153		705937		75216		
15:14:15		781153		716065		65088		
15:14:17		799368		723820		75548		
15:14:19		814811		729143		85668		
15:14:21		814811		743051		71760		
15:14:23		838900		763916		74984		
15:14:25		874343		729919		144424		
15:14:27		836729		730773		105956		
15:14:29		869832		731024		138808		
15:14:31		869832		730008		139824		
15:14:33		854619		731227		123392		
15:14:35		854619		744435		110184		
15:14:37		854619		760275		94344		
15:14:39		866142		739842		126300		
15:14:41		842714		735426		107288		
15:14:43		842714		736726		105988		
15:14:45		842714		749842		92872		
15:14:47		842714		746254		96460		
15:14:49		842714		768978		73736		
15:14:52		859713		784609		75104		
15:14:54		873519		763323		110196		
15:14:56		854070		739534		114536		
15:14:58		832427		728923		103504		
15:15:00		832427		740987		91440		
15:15:02		832427		744823		87604		
15:15:04		832427		749391		83036		
15:15:06		832427		732723		99704		
15:15:08		821699		676607		145092		
15:15:10		767379		692103		75276		
15:15:12		780656		633300		147356		
15:15:14		724367		648855		75512		
15:15:16		735914		646498		89416		
15:15:18		749925		631121		118804		
15:15:20		732539		637791		94748		
15:15:22		732539		602455		130084		
15:15:24		700361		628037		72324		
15:15:26		721269		574881		146388		
15:15:28		671093		604313		66780		
15:15:30		697974		591182		106792		
15:15:32		720667		575423		145244		
15:15:34		703776		591020		112756		
15:15:36		703776		579364		124412		
15:15:38		703776		578256		125520		
15:15:40		692260		573220		119040		
15:15:42		692260		565276		126984		
15:15:44		674784		570368		104416		
15:15:46		674784		576568		98216		
15:15:48		711507		575967		135540		
15:15:50		743951		590679		153272		
15:15:52		743951		548023		195928		
15:15:54		693736		565876		127860		
15:15:56		747297		567993		179304		
15:15:58		747297		590925		156372		
15:16:00		747297		569597		177700		
15:16:02		726924		562616		164308		
15:16:04		712943		592283		120660		
15:16:06		726629		620229		106400		
15:16:08		743109		607709		135400		
15:16:10		730589		595065		135524		
15:16:12		718315		550163		168152		
15:16:14		679578		585718		93860		
15:16:17		710835		549875		160960		
15:16:19		676138		581534		94604		
15:16:21		704464		571280		133184		
15:16:23		687666		578166		109500		
15:16:25		708048		552528		155520		
15:16:27		682553		570697		111856		
15:16:29		697032		590508		106524		
15:16:31		718355		584923		133432		
15:16:33		718355		583435		134920		
15:16:35		718355		555271		163084		
15:16:37		683978		581918		102060		
15:16:39		699533		555165		144368		
15:16:41		672430		576934		95496		
15:16:43		686487		587147		99340		
15:16:45		702099		579943		122156		
15:16:47		702099		569163		132936		
15:16:49		683423		560631		122792		
15:16:51		672163		600219		71944		
15:16:53		745316		569760		175556		
15:16:55		723025		600169		122856		
15:16:57		736618		593426		143192		
15:16:59		724414		562250		162164		
15:17:01		690448		581232		109216		
15:17:03		712804		595652		117152		
15:17:05		712804		581268		131536		
15:17:07		755816		576292		179524		
15:17:09		744686		593930		150756		
15:17:11		754979		574215		180764		
15:17:13		733597		560273		173324		
15:17:15		712668		547752		164916		
15:17:17		694036		529120		164916		
15:17:19		668061		553993		114068		
15:17:21		689394		565282		124112		
15:17:23		689394		576938		112456		
15:17:25		703228		578116		125112		
15:17:27		703228		592748		110480		
15:17:29		703228		592624		110604		
15:17:31		703228		592624		110604		
15:17:33		703228		592624		110604		
15:17:36		703228		592624		110604		
15:17:38		717724		554544		163180		
15:17:40		681339		588467		92872		
15:17:42		709627		593691		115936		
15:17:44		709627		612043		97584		
15:17:46		726295		583575		142720		
15:17:48		697167		579851		117316		
15:17:50		697167		594747		102420		
15:17:52		697167		598591		98576		
15:17:54		697167		591275		105892		
15:17:56		697167		569699		127468		
15:17:58		675280		594436		80844		
15:18:00		695004		569528		125476		
15:18:02		672123		582103		90020		
15:18:04		718915		587727		131188		
15:18:06		718915		583131		135784		
15:18:08		705955		601419		104536		
15:18:10		717819		602123		115696		
15:18:12		717819		583399		134420		
15:18:14		761205		603225		157980		
15:18:16		778685		613389		165296		
15:18:18		814030		594050		219980		
15:18:20		783660		583396		200264		
15:18:22		760178		597238		162940		
15:18:24		760178		561898		198280		
15:18:26		716137		596969		119168		
15:18:28		730939		588831		142108		
15:18:30		715037		594621		120416		
15:18:32		715037		602185		112852		
15:18:34		715037		603053		111984		
15:18:36		725933		575261		150672		
15:18:38		698954		603214		95740		
15:18:40		726094		629858		96236		
15:18:42		746873		621869		125004		
15:18:44		735042		580882		154160		
15:18:46		710359		590935		119424		
15:18:48		710359		601475		108884		
15:18:50		710359		564135		146224		
15:18:53		679366		562050		117316		
15:18:55		679366		604246		75120		
15:18:57		709887		576451		133436		
15:18:59		681328		574304		107024		
15:19:01		681328		601460		79868		
15:19:03		694151		559111		135040		
15:19:05		662629		586953		75676		
15:19:07		687121		574989		112132		
15:19:09		740367		565739		174628		
15:19:11		759479		576915		182564		
15:19:13		777925		547753		230172		
15:19:15		722585		553173		169412		
15:19:17		722585		586901		135684		
15:19:19		722585		593969		128616		
15:19:21		722585		601285		121300		
15:19:23		722585		583553		139032		
15:19:25		722585		599053		123532		
15:19:27		722585		578097		144488		
15:19:29		707740		587556		120184		
15:19:31		707740		581480		126260		
15:19:33		707740		582348		125392		
15:19:35		707740		584828		122912		
15:19:37		707740		629964		77776		
15:19:39		753760		591416		162344		
15:19:41		715034		599686		115348		
15:19:43		715034		588898		126136		
15:19:45		698576		596736		101840		
15:19:47		698576		579004		119572		
15:19:49		677463		582443		95020		
15:19:51		677463		596455		81008		
15:19:53		677463		587775		89688		
15:19:55		691254		601566		89688		
15:19:57		702369		590485		111884		
15:19:59		702369		590485		111884		
15:20:01		752030		561514		190516		
15:20:03		725899		567871		158028		
15:20:06		725899		567871		158028		
15:20:08		725899		567871		158028		
15:20:10		714287		571527		142760		
15:20:12		714287		580331		133956		
15:20:14		714287		586035		128252		
15:20:16		714287		583803		130484		
15:20:18		714287		595955		118332		
15:20:20		714287		571279		143008		
15:20:22		695787		595311		100476		
15:20:24		721080		618744		102336		
15:20:26		738473		605137		133336		
15:20:28		720878		606762		114116		
15:20:30		720878		606762		114116		
15:20:32		720878		596842		124036		
15:20:34		720878		589278		131600		
15:20:36		702258		570658		131600		
15:20:38		702258		569030		133228		
15:20:40		702258		566938		135320		
15:20:42		680610		582586		98024		
15:20:44		694406		595354		99052		
15:20:46		694406		571918		122488		
15:20:48		694406		582830		111576		
15:20:50		694406		592378		102028		
15:20:52		707116		593936		113180		
15:20:54		707116		585876		121240		
15:20:56		707116		593316		113800		
15:20:58		707116		559340		147776		
15:21:00		707116		588728		118388		
15:21:02		729114		590762		138352		
15:21:04		729114		554182		174932		
15:21:06		683668		585368		98300		
15:21:08		716493		584837		131656		
15:21:10		762640		585476		177164		
15:21:12		762640		565636		197004		
15:21:14		724278		588778		135500		
15:21:17		734519		597035		137484		
15:21:19		734519		580543		153976		
15:21:21		709390		611090		98300		
15:21:23		735036		562320		172716		
15:21:25		702703		598087		104616		
15:21:27		729092		565948		163144		
15:21:29		701588		586308		115280		
15:21:31		714083		550815		163268		
15:21:33		677804		573312		104492		
15:21:35		698842		594350		104492		
15:21:37		717933		613441		104492		
15:21:39		649721		545229		104492		
15:21:41		670581		566089		104492		
15:21:43		687401		582909		104492		
15:21:45		699370		594878		104492		
15:21:47		740168		550364		189804		
15:21:49		701525		511721		189804		
15:21:51		651363		461559		189804		
15:21:53		603351		413547		189804		
15:21:55		636488		446684		189804		
15:21:57		625778		515050		110728		
15:21:59		686524		496552		189972		
15:22:01		673981		492697		181284		
15:22:03		673981		513901		160080		
15:22:05		673981		491945		182036		
15:22:07		654014		514518		139496		
15:22:09		673886		511202		162684		
15:22:11		654455		499087		155368		
15:22:13		640878		511178		129700		
15:22:15		640878		509318		131560		
15:22:17		640878		485990		154888		
15:22:19		627974		501870		126104		
15:22:21		627974		511046		116928		
15:22:23		641413		533413		108000		
15:22:25		657550		515078		142472		
15:22:27		638442		513082		125360		
15:22:29		638442		517918		120524		
15:22:31		638442		506634		131808		
15:22:34		638442		505270		133172		
15:22:36		638442		504394		134048		
15:22:38		638442		532046		106396		
15:22:40		638442		489870		148572		
15:22:42		608761		517617		91144		
15:22:44		635235		549299		85936		
15:22:46		658398		572462		85936		
15:22:48		591321		505385		85936		
15:22:50		614993		529057		85936		
15:22:52		641901		555965		85936		
15:22:54		593878		516090		77788		
15:22:56		632346		554558		77788		
15:22:58		582898		505110		77788		
15:23:00		613914		536126		77788		
15:23:02		645734		567946		77788		
15:23:04		665932		488812		177120		
15:23:06		690814		481454		209360		
15:23:08		660827		496727		164100		
15:23:10		660827		532687		128140		
15:23:12		701127		549923		151204		
15:23:14		701127		523635		177492		
15:23:16		678452		493024		185428		
15:23:18		644729		510513		134216		
15:23:20		659758		473074		186684		
15:23:22		627050		510194		116856		
15:23:24		648976		491696		157280		
15:23:26		628917		505737		123180		
15:23:28		628917		508217		120700		
15:23:30		644274		509562		134712		
15:23:32		644274		483918		160356		
15:23:34		612091		511271		100820		
15:23:36		669199		497187		172012		
15:23:38		650398		479890		170508		
15:23:40		614429		443921		170508		
15:23:42		571354		400846		170508		
15:23:44		528903		431747		97156		
15:23:46		569816		449472		120344		
15:23:49		582803		428715		154088		
15:23:51		563767		460287		103480		
15:23:53		591896		454324		137572		
15:23:55		591896		437568		154328		
15:23:57		567199		423907		143292		
15:23:59		546429		447793		98636		
15:24:01		564558		436286		128272		
15:24:03		627266		436622		190644		
15:24:05		627266		435134		192132		
15:24:07		627266		453238		174028		
15:24:09		645321		441997		203324		
15:24:11		632006		432146		199860		
15:24:13		607148		449604		157544		
15:24:15		607148		426904		180244		
15:24:17		584008		462432		121576		
15:24:19		618676		467216		151460		
15:24:21		618676		475152		143524		
15:24:23		618676		472052		146624		
15:24:25		618676		452460		166216		
15:24:27		596718		430502		166216		
15:24:29		577120		410904		166216		
15:24:31		555828		449216		106612		
15:24:33		584638		465402		119236		
15:24:35		600688		446476		154212		
15:24:37		578292		465620		112672		
15:24:39		595080		451160		143920		
15:24:41		576299		462271		114028		
15:24:43		576299		441679		134620		
15:24:45		559274		429862		129412		
15:24:47		543742		457854		85888		
15:24:49		564641		424549		140092		
15:24:51		603589		436449		167140		
15:24:53		615014		460298		154716		
15:24:55		625456		449164		176292		
15:24:57		625456		441228		184228		
15:24:59		602670		446094		156576		
15:25:01		602670		435306		167364		
15:25:03		588762		447034		141728		
15:25:05		588762		450910		137852		
15:25:08		588762		452026		136736		
15:25:10		588762		461078		127684		
15:25:12		588762		453150		135612		
15:25:14		588762		415546		173216		
15:25:16		547209		456609		90600		
15:25:18		577516		476500		101016		
15:25:20		594010		465590		128420		
15:25:22		583506		470586		112920		
15:25:24		583506		466990		116516		
15:25:26		602546		474622		127924		
15:25:28		629737		445641		184096		
15:25:30		592898		456046		136852		
15:25:32		592898		461130		131768		
15:25:34		604218		450626		153592		
15:25:36		593128		489384		103744		
15:25:38		626273		503929		122344		
15:25:40		637727		435023		202704		
15:25:42		573099		462667		110432		
15:25:44		642210		448078		194132		
15:25:46		642210		484162		158048		
15:25:48		654806		473942		180864		
15:25:50		654806		492170		162636		
15:25:52		654806		461666		193140		
15:25:54		615956		476508		139448		
15:25:56		615956		504904		111052		
15:25:58		638382		492362		146020		
15:26:00		623723		477703		146020		
15:26:02		602943		476143		126800		
15:26:04		614930		474738		140192		
15:26:06		614930		443614		171316		
15:26:08		587580		458052		129528		
15:26:10		587580		510628		76952		
15:26:12		635798		497590		138208		
15:26:14		635798		495110		140688		
15:26:16		619280		478592		140688		
15:26:18		594094		453406		140688		
15:26:20		569200		428512		140688		
15:26:22		555973		480797		75176		
15:26:24		596985		425885		171100		
15:26:26		596985		424661		172324		
15:26:28		596985		461861		135124		
15:26:31		652300		470180		182120		
15:26:33		662942		478466		184476		
15:26:35		662942		430726		232216		
15:26:37		614226		471042		143184		
15:26:39		658780		463640		195140		
15:26:41		645427		423627		221800		
15:26:43		602010		480650		121360		
15:26:45		632207		447855		184352		
15:26:47		597232		435200		162032		
15:26:49		586526		447790		138736		
15:26:51		586526		461198		125328		
15:26:53		597943		459347		138596		
15:26:55		597943		445079		152864		
15:26:57		579045		456437		122608		
15:26:59		600916		456600		144316		
15:27:01		600916		429692		171224		
15:27:03		567963		411239		156724		
15:27:05		553695		421159		132536		
15:27:07		553695		461831		91864		
15:27:09		594925		443797		151128		
15:27:11		577932		456060		121872		
15:27:13		577932		424936		152996		
15:27:15		546592		454976		91616		
15:27:17		574963		450111		124852		
15:27:19		574963		467967		106996		
15:27:21		590810		450094		140716		
15:27:23		627552		441940		185612		
15:27:25		627552		426936		200616		
15:27:27		591221		437693		153528		
15:27:29		591221		445289		145932		
15:27:31		591221		441941		149280		
15:27:33		591221		429673		161548		
15:27:35		591221		420829		170392		
15:27:37		567405		453093		114312		
15:27:39		593074		463758		129316		
15:27:41		593074		434378		158696		
15:27:43		571138		419618		151520		
15:27:45		557520		443836		113684		
15:27:47		577306		426530		150776		
15:27:50		557887		424463		133424		
15:27:52		557887		460331		97556		
15:27:54		578387		455163		123224		
15:27:56		578387		451691		126696		
15:27:58		600194		461346		138848		
15:28:00		600194		441630		158564		
15:28:02		570686		429590		141096		
15:28:04		557240		467984		89256		
15:28:06		590298		438174		152124		
15:28:08		550974		420906		130068		
15:28:10		534866		461714		73152		
15:28:12		586341		473909		112432		
15:28:14		586341		415009		171332		
15:28:16		545879		455023		90856		
15:28:18		576916		460640		116276		
15:28:20		576916		449108		127808		
15:28:22		576916		473660		103256		
15:28:24		649571		468319		181252		
15:28:26		649571		444131		205440		
15:28:28		612111		443871		168240		
15:28:30		612111		465695		146416		
15:28:32		628242		478106		150136		
15:28:34		628242		457026		171216		
15:28:36		610319		430175		180144		
15:28:38		585372		457680		127692		
15:28:40		597996		462988		135008		
15:28:42		597996		474396		123600		
15:28:44		597996		485308		112688		
15:28:46		616728		499452		117276		
15:28:48		632333		470913		161420		
15:28:50		601130		448266		152864		
15:28:52		577102		499258		77844		
15:28:54		618990		518382		100608		
15:28:56		633033		506401		126632		
15:28:58		615974		512778		103196		
15:29:00		615974		492374		123600		
15:29:02		591545		477121		114424		
15:29:04		591545		432465		159080		
15:29:06		591545		429985		161560		
15:29:08		619278		458206		161072		
15:29:10		637828		468224		169604		
15:29:13		637828		439820		198008		
15:29:15		608812		475796		133016		
15:29:17		632999		510151		122848		
15:29:19		656643		505399		151244		
15:29:21		656643		497215		159428		
15:29:23		686855		493327		193528		
15:29:25		686855		489235		197620		
15:29:27		659089		512185		146904		
15:29:29		659089		488625		170464		
15:29:31		637726		471354		166372		
15:29:33		619913		491485		128428		
15:29:35		619913		463089		156824		
15:29:37		603226		484958		118268		
15:29:39		626296		493520		132776		
15:29:41		626296		471696		154600		
15:29:43		614377		497473		116904		
15:29:45		630611		516063		114548		
15:29:47		646211		527199		119012		
15:29:49		646211		510459		135752		
15:29:51		646211		530051		116160		
15:29:53		646211		545551		100660		
15:29:55		665571		555611		109960		
15:29:57		665571		563671		101900		
15:29:59		665571		479971		185600		
15:30:01		593860		496920		96940		
15:30:03		608908		497088		111820		
15:30:05		608908		513208		95700		
15:30:07		608908		443652		165256		
15:30:09		608908		487424		121484		
15:30:11		645241		481721		163520		
15:30:13		625912		492028		133884		
15:30:15		646313		507221		139092		
15:30:17		657675		488947		168728		
15:30:19		669166		470306		198860		
15:30:21		640055		470335		169720		
15:30:23		640055		446263		193792		
15:30:25		607628		462832		144796		
15:30:27		607628		480308		127320		
15:30:29		607628		465552		142076		
15:30:32		607628		452640		154988		
15:30:34		593869		445205		148664		
15:30:36		580477		479073		101404		
15:30:38		605036		453536		151500		
15:30:40		577981		475213		102768		
15:30:42		590696		478760		111936		
15:30:44		590696		462764		127932		
15:30:46		563436		483740		79696		
15:30:48		595628		457280		138348		
15:30:50		570512		476812		93700		
15:30:52		589080		467092		121988		
15:30:54		589080		480236		108844		
15:30:56		589080		493504		95576		
15:30:58		604684		467196		137488		
15:31:00		585495		458175		127320		
15:31:02		585495		468467		117028		
15:31:04		585495		480495		105000		
15:31:06		597750		505398		92352		
15:31:08		663810		461842		201968		
15:31:10		626230		498662		127568		
15:31:12		653486		483758		169728		
15:31:14		634176		494952		139224		
15:31:16		634176		485900		148276		
15:31:18		634176		494216		139960		
15:31:20		634176		479204		154972		
15:31:22		606383		487247		119136		
15:31:24		606383		472491		133892		
15:31:26		606383		455503		150880		
15:31:28		586565		495337		91228		
15:31:30		615609		474649		140960		
15:31:32		591868		472112		119756		
15:31:34		591868		473848		118020		
15:31:36		591868		459216		132652		
15:31:38		567885		449061		118824		
15:31:40		623248		479120		144128		
15:31:42		659290		462462		196828		
15:31:44		623280		494156		129124		
15:31:46		638350		492486		145864		
15:31:49		638350		496950		141400		
15:31:51		638350		486038		152312		
15:31:53		625984		486816		139168		
15:31:55		625984		457552		168432		
15:31:57		595657		466409		129248		
15:31:59		606491		470919		135572		
15:32:01		606491		482451		124040		
15:32:03		606491		488899		117592		
15:32:05		656607		481603		175004		
15:32:07		656607		486687		169920		
15:32:09		637900		480628		157272		
15:32:11		637900		492036		145864		
15:32:13		637900		498608		139292		
15:32:15		637900		505800		132100		
15:32:17		637900		506172		131728		
15:32:19		637900		477156		160744		
15:32:21		614053		494477		119576		
15:32:23		614053		491873		122180		
15:32:25		614053		499189		114864		
15:32:27		626310		489258		137052		
15:32:29		614076		471692		142384		
15:32:31		594603		496239		98364		
15:32:33		622650		508786		113864		
15:32:35		622650		498246		124404		
15:32:37		622650		480994		141656		
15:32:39		592173		501373		90800		
15:32:41		608787		484259		124528		
15:32:43		591444		523040		68404		
15:32:45		623700		521856		101844		
15:32:47		653652		479888		173764		
15:32:49		617251		472007		145244		
15:32:51		599826		475058		124768		
15:32:53		613557		507637		105920		
15:32:55		684382		480750		203632		
15:32:57		658264		493072		165192		
15:32:59		658264		491212		167052		
15:33:01		658264		478920		179344		
15:33:03		631047		470815		160232		
15:33:05		615594		494050		121544		
15:33:07		633146		489282		143864		
15:33:09		621222		514186		107036		
15:33:12		640808		485536		155272		
15:33:14		622427		487623		134804		
15:33:16		622427		469519		152908		
15:33:18		598886		484666		114220		
15:33:20		598886		508838		90048		
15:33:22		628170		539734		88436		
15:33:24		653128		523648		129480		
15:33:26		635758		519174		116584		
15:33:28		625335		520407		104928		
15:33:30		635989		526721		109268		
15:33:32		635989		453165		182824		
15:33:34		571351		502255		69096		
15:33:36		614355		509231		105124		
15:33:38		614355		505883		108472		
15:33:40		614355		523739		90616		
15:33:42		628135		470171		157964		
15:33:44		574798		479142		95656		
15:33:46		587218		494990		92228		
15:33:48		598526		465618		132908		
15:33:50		579238		486334		92904		
15:33:52		597562		457082		140480		
15:33:54		572084		499316		72768		
15:33:56		607634		513538		94096		
15:33:58		662715		464823		197892		
15:34:00		624611		508451		116160		
15:34:02		662837		494597		168240		
15:34:04		641665		511121		130544		
15:34:06		641665		487189		154476		
15:34:08		628583		507835		120748		
15:34:10		641644		491368		150276		
15:34:12		658852		490348		168504		
15:34:14		676523		490659		185864		
15:34:16		659083		491919		167164		
15:34:18		646646		488302		158344		
15:34:20		646646		464850		181796		
15:34:22		612894		477730		135164		
15:34:24		612894		483310		129584		
15:34:26		612894		481310		131584		
15:34:28		612894		493478		119416		
15:34:30		612894		495974		116920		
15:34:32		612894		492122		120772		
15:34:34		612894		499678		113216		
15:34:36		624475		496875		127600		
15:34:39		624475		467579		156896		
15:34:41		586385		479245		107140		
15:34:43		609534		492970		116564		
15:34:45		620946		492230		128716		
15:34:47		620946		494834		126112		
15:34:49		620946		521990		98956		
15:34:51		643727		490659		153068		
15:34:53		614913		507353		107560		
15:34:55		665083		525495		139588		
15:34:57		684302		544898		139404		
15:34:59		684302		555470		128832		
15:35:01		696697		568493		128204		
15:35:03		696697		557581		139116		
15:35:05		681645		562293		119352		
15:35:07		681645		566245		115400		
15:35:09		681645		588269		93376		
15:35:11		681645		589269		92376		
15:35:13		681645		589689		91956		
15:35:15		702916		589492		113424		
15:35:17		702916		493020		209896		
15:35:19		639472		312316		327156		
15:35:21		482298		313554		168744		
15:35:23		482298		315942		166356		
15:35:25		482298		317222		165076		
15:35:27		482298		340022		142276		
15:35:29		482298		331722		150576		
15:35:31		482298		351282		131016		
15:35:33		482298		348974		133324		
15:35:35		482298		351702		130596		
15:35:37		482298		331854		150444		
15:35:39		464228		357440		106788		
15:35:41		479778		395558		84220		
15:35:43		511624		384128		127496		
15:35:45		495699		391523		104176		
15:35:47		495699		410819		84880		
15:35:49		515912		404232		111680		
15:35:51		529207		366023		163184		
15:35:53		529207		353251		175956		
15:35:55		529207		360815		168392		
15:35:57		512052		351356		160696		
15:35:59		499948		357348		142600		
15:36:02		499948		371360		128588		
15:36:04		499948		338128		161820		
15:36:06		475427		344235		131192		
15:36:08		475427		375111		100316		
15:36:10		510357		352505		157852		
15:36:12		488519		385475		103044		
15:36:14		510481		367509		142972		
15:36:16		489740		349496		140244		
15:36:18		470294		371838		98456		
15:36:20		487027		361539		125488		
15:36:22		509396		387628		121768		
15:36:24		531454		351902		179552		
15:36:26		512879		359103		153776		
15:36:28		512879		342255		170624		
15:36:30		501739		358163		143576		
15:36:32		516576		340628		175948		
15:36:34		499631		361875		137756		
15:36:36		513384		371412		141972		
15:36:38		513384		387780		125604		
15:36:40		513384		344248		169136		
15:36:42		466072		357456		108616		
15:36:44		481117		389117		92000		
15:36:46		517561		339513		178048		
15:36:48		461130		344066		117064		
15:36:50		461130		366650		94480		
15:36:52		477203		359535		117668		
15:36:54		477203		355327		121876		
15:36:56		500937		369753		131184		
15:36:58		500937		348549		152388		
15:37:00		479333		368113		111220		
15:37:02		513849		360717		153132		
15:37:04		502680		353764		148916		
15:37:06		502680		384880		117800		
15:37:08		525347		395899		129448		
15:37:10		525347		364783		160564		
15:37:12		504753		376173		128580		
15:37:14		567942		336806		231136		
15:37:16		535268		373944		161324		
15:37:18		557073		362501		194572		
15:37:21		540023		345451		194572		
15:37:23		540023		345451		194572		
15:37:25		524696		330124		194572		
15:37:27		506636		312064		194572		
15:37:29		483606		289034		194572		
15:37:31		463545		348077		115468		
15:37:33		510833		349361		161472		
15:37:35		498898		368674		130224		
15:37:37		536680		359212		177468		
15:37:39		536680		361940		174740		
15:37:41		522342		367814		154528		
15:37:43		522342		369674		152668		
15:37:45		522342		341898		180444		
15:37:47		488834		346690		142144		
15:37:49		488834		348922		139912		
15:37:51		488834		343482		145352		
15:37:53		473477		354537		118940		
15:37:55		473477		361853		111624		
15:37:57		497682		342402		155280		
15:37:59		478460		344516		133944		
15:38:01		527114		373702		153412		
15:38:03		551186		369006		182180		
15:38:05		551186		374198		176988		
15:38:07		551186		345074		206112		
15:38:09		507667		368763		138904		
15:38:11		507667		355619		152048		
15:38:13		496179		363335		132844		
15:38:15		507890		362166		145724		
15:38:17		507890		381642		126248		
15:38:19		507890		357578		150312		
15:38:21		485885		339401		146484		
15:38:23		465602		358302		107300		
15:38:25		465602		356954		108648		
15:38:27		465602		383814		81788		
15:38:29		492071		371099		120972		
15:38:31		492071		373331		118740		
15:38:33		492071		381143		110928		
15:38:35		492071		395279		96792		
15:38:37		505145		371525		133620		
15:38:40		515888		367140		148748		
15:38:42		515888		407192		108696		
15:38:44		545637		374941		170696		
15:38:46		509823		411171		98652		
15:38:48		535348		392056		143292		
15:38:50		525005		388037		136968		
15:38:52		525005		395973		129032		
15:38:54		525005		392625		132380		
15:38:56		525005		403785		121220		
15:38:58		583718		366646		217072		
15:39:00		560825		392485		168340		
15:39:02		560825		398685		162140		
15:39:04		560825		372453		188372		
15:39:06		535221		403765		131456		
15:39:08		563301		360545		202756		
15:39:10		521285		362913		158372		
15:39:12		521285		391565		129720		
15:39:14		536022		360174		175848		
15:39:16		506245		389049		117196		
15:39:18		521472		403656		117816		
15:39:20		535029		394645		140384		
15:39:22		522914		375958		146956		
15:39:24		510711		376031		134680		
15:39:26		510711		359539		151172		
15:39:28		486412		362520		123892		
15:39:30		486412		421540		64872		
15:39:32		530450		388458		141992		
15:39:34		493983		373443		120540		
15:39:36		515460		377436		138024		
15:39:38		515460		404716		110744		
15:39:40		543678		402554		141124		
15:39:42		543678		379722		163956		
15:39:44		516144		401060		115084		
15:39:46		529627		380071		149556		
15:39:48		511784		403024		108760		
15:39:50		529102		352894		176208		
15:39:52		513160		386420		126740		
15:39:55		540669		405001		135668		
15:39:57		540669		373381		167288		
15:39:59		523075		403775		119300		
15:40:01		543293		366937		176356		
15:40:03		565986		371054		194932		
15:40:05		565986		389282		176704		
15:40:07		565986		386786		179200		
15:40:09		565986		388042		177944		
15:40:11		565986		381842		184144		
15:40:13		548216		369776		178440		
15:40:15		528779		370923		157856		
15:40:17		528779		397103		131676		
15:40:19		543435		376039		167396		
15:40:21		515666		381610		134056		
15:40:23		515666		365250		150416		
15:40:25		491783		379691		112092		
15:40:27		491783		382171		109612		
15:40:29		491783		385023		106760		
15:40:31		491783		397299		94484		
15:40:33		517427		422199		95228		
15:40:35		539536		352704		186832		
15:40:37		471541		414305		57236		
15:40:39		524728		388576		136152		
15:40:41		496585		413257		83328		
15:40:43		513031		403911		109120		
15:40:45		513031		394851		118180		
15:40:47		491147		375571		115576		
15:40:49		479481		396889		82592		
15:40:51		496236		399384		96852		
15:40:53		534044		370480		163564		
15:40:55		569556		382928		186628		
15:40:57		569556		403512		166044		
15:40:59		584836		397340		187496		
15:41:01		601189		394597		206592		
15:41:03		601189		399557		201632		
15:41:05		585639		394795		190844		
15:41:07		573684		375028		198656		
15:41:09		573684		381476		192208		
15:41:11		561719		381663		180056		
15:41:13		561719		380547		181172		
15:41:15		561719		375835		185884		
15:41:18		545998		375862		170136		
15:41:20		545998		387890		158108		
15:41:22		545998		382062		163936		
15:41:24		545998		397190		148808		
15:41:26		545998		372374		173624		
15:41:28		527494		399146		128348		
15:41:30		550733		372289		178444		
15:41:32		526338		375546		150792		
15:41:34		526338		381494		144844		
15:41:36		526338		420430		105908		
15:41:38		545342		424430		120912		
15:41:40		545342		408930		136412		
15:41:42		521841		402045		119796		
15:41:44		521841		391381		130460		
15:41:46		521841		400681		121160		
15:41:48		521841		395473		126368		
15:41:50		521841		405641		116200		
15:41:52		599197		389997		209200		
15:41:54		579599		353907		225692		
15:41:56		545910		397966		147944		
15:41:58		580083		398287		181796		
15:42:00		580083		407959		172124		
15:42:02		580083		387251		192832		
15:42:04		558503		426183		132320		
15:42:06		581283		434827		146456		
15:42:08		581283		399619		181664		
15:42:10		556489		399997		156492		
15:42:12		556489		402229		154260		
15:42:14		584626		406434		178192		
15:42:16		584626		399366		185260		
15:42:18		584626		416106		168520		
15:42:20		597377		407033		190344		
15:42:22		584153		398273		185880		
15:42:24		573053		392629		180424		
15:42:26		558208		397616		160592		
15:42:28		558208		389556		168652		
15:42:30		558208		387432		170776		
15:42:32		541417		376353		165064		
15:42:34		527916		389636		138280		
15:42:37		527916		386892		141024		
15:42:39		592260		385896		206364		
15:42:41		592260		383788		208472		
15:42:43		592260		422848		169412		
15:42:45		605831		394011		211820		
15:42:47		579782		423266		156516		
15:42:49		593104		429520		163584		
15:42:51		593104		413648		179456		
15:42:53		567192		372732		194460		
15:42:55		539500		390176		149324		
15:42:57		539500		391788		147712		
15:42:59		539500		376404		163096		
15:43:01		528627		409807		118820		
15:43:03		551586		388374		163212		
15:43:05		529988		393064		136924		
15:43:07		529988		373968		156020		
15:43:09		511834		378258		133576		
15:43:11		524217		401181		123036		
15:43:13		537960		386536		151424		
15:43:15		537960		408104		129856		
15:43:17		537960		381940		156020		
15:43:19		518067		401231		116836		
15:43:21		537798		369734		168064		
15:43:23		511372		405572		105800		
15:43:25		610031		387919		222112		
15:43:27		610031		395607		214424		
15:43:29		585301		408697		176604		
15:43:31		599344		405628		193716		
15:43:33		599344		399676		199668		
15:43:35		580956		370252		210704		
15:43:37		552440		387492		164948		
15:43:39		552440		392824		159616		
15:43:41		552440		377572		174868		
15:43:43		540358		397978		142380		
15:43:45		551111		395215		155896		
15:43:47		551111		396455		154656		
15:43:49		551111		411707		139404		
15:43:51		551111		370283		180828		
15:43:53		521060		395544		125516		
15:43:55		539190		386022		153168		
15:43:57		521376		387800		133576		
15:43:59		521376		406772		114604		
15:44:01		521376		400076		121300		
15:44:04		534316		399376		134940		
15:44:06		534316		402468		131848		
15:44:08		534316		411148		123168		
15:44:10		534316		408660		125656		
15:44:12		534316		422052		112264		
15:44:14		549611		406347		143264		
15:44:16		532826		408286		124540		
15:44:18		532826		424034		108792		
15:44:20		532826		439782		93044		
15:44:22		619213		422381		196832		
15:44:24		604210		439742		164468		
15:44:26		614548		413376		201172		
15:44:28		585775		431351		154424		
15:44:30		600304		388460		211844		
15:44:32		559097		412857		146240		
15:44:34		577928		426108		151820		
15:44:36		577928		411724		166204		
15:44:38		567252		435892		131360		
15:44:40		586145		389793		196352		
15:44:42		537909		426885		111024		
15:44:44		599209		371717		227492		
15:44:46		580774		419282		161492		
15:44:48		602901		413757		189144		
15:44:50		581302		387058		194244		
15:44:52		558091		406147		151944		
15:44:54		579372		412176		167196		
15:44:56		579372		374092		205280		
15:44:58		549828		406440		143388		
15:45:00		568832		388360		180472		
15:45:02		556015		405079		150936		
15:45:04		556015		421315		134700		
15:45:06		570883		429363		141520		
15:45:08		570883		406423		164460		
15:45:10		552348		418888		133460		
15:45:12		552348		428808		123540		
15:45:14		618863		427495		191368		
15:45:16		618863		397487		221376		
15:45:18		576988		429392		147596		
15:45:20		595400		407744		187656		
15:45:22		570398		399242		171156		
15:45:24		570398		420074		150324		
15:45:27		570398		413254		157144		
15:45:29		570398		405450		164948		
15:45:31		570398		431614		138784		
15:45:33		583949		404981		178968		
15:45:35		557997		415113		142884		
15:45:37		557997		400185		157812		
15:45:39		557997		426637		131360		
15:45:41		570745		410617		160128		
15:45:43		551237		434757		116480		
15:45:45		568061		423185		144876		
15:45:47		568061		420837		147224		
15:45:49		554672		438688		115984		
15:45:51		554672		406448		148224		
15:45:53		554672		431504		123168		
15:45:55		579387		406867		172520		
15:45:57		547318		462218		85100		
15:45:59		587837		458469		129368		
15:46:01		587837		423501		164336		
15:46:03		564106		447014		117092		
15:46:05		581111		448147		132964		
15:46:07		581111		455711		125400		
15:46:09		581111		414667		166444		
15:46:11		550571		420831		129740		
15:46:13		550571		406695		143876		
15:46:15		536412		450940		85472		
15:46:17		635856		387672		248184		
15:46:19		580270		403766		176504		
15:46:21		592514		409686		182828		
15:46:23		592514		395782		196732		
15:46:25		579471		414235		165236		
15:46:27		579471		437067		142404		
15:46:29		601570		436226		165344		
15:46:31		601570		418742		182828		
15:46:33		567943		391779		176164		
15:46:35		541435		420219		121216		
15:46:37		570135		420787		149348		
15:46:39		570135		454639		115496		
15:46:41		588164		438940		149224		
15:46:43		570100		438236		131864		
15:46:45		570100		445064		125036		
15:46:47		570100		460440		109660		
15:46:49		570100		473336		96764		
15:46:51		570100		495656		74444		
15:46:54		612994		428438		184556		
15:46:56		551664		450808		100856		
15:46:58		576470		455154		121316		
15:47:00		576470		476234		100236		
15:47:02		591506		464734		126772		
15:47:04		591506		474530		116976		
15:47:06		624620		498096		126524		
15:47:08		699134		482462		216672		
15:47:10		675823		426415		249408		
15:47:12		613906		471510		142396		
15:47:14		653742		435334		218408		
15:47:16		619351		442607		176744		
15:47:18		648423		459899		188524		
15:47:20		648423		475151		173272		
15:47:22		648423		467959		180464		
15:47:24		628554		491242		137312		
15:47:26		628554		439906		188648		
15:47:28		593319		458611		134708		
15:47:30		593319		461587		131732		
15:47:32		593319		466795		126524		
15:47:34		604358		460722		143636		
15:47:36		604358		443486		160872		
15:47:38		581796		442872		138924		
15:47:40		581796		456760		125036		
15:47:42		581796		452420		129376		
15:47:44		581796		469904		111892		
15:47:46		605426		469602		135824		
15:47:48		605426		461170		144256		
15:47:50		605426		459558		145868		
15:47:52		594502		466490		128012		
15:47:54		594502		463886		130616		
15:47:56		647558		442046		205512		
15:47:58		626084		464096		161988		
15:48:00		626084		466940		159144		
15:48:02		626084		434196		191888		
15:48:04		603425		480481		122944		
15:48:06		635927		496367		139560		
15:48:08		635927		508271		127656		
15:48:10		635927		456687		179240		
15:48:12		592301		423973		168328		
15:48:15		592301		444805		147496		
15:48:17		592301		457081		135220		
15:48:19		613313		465941		147372		
15:48:21		613313		424649		188664		
15:48:23		578854		444502		134352		
15:48:25		595909		463301		132608		
15:48:27		606873		467693		139180		
15:48:29		606873		448101		158772		
15:48:31		584837		430769		154068		
15:48:33		565964		434076		131888		
15:48:35		565964		473036		92928		
15:48:37		597261		474069		123192		
15:48:39		597261		456337		140924		
15:48:41		597261		445425		151836		
15:48:43		616030		432078		183952		
15:48:45		603699		474307		129392		
15:48:47		629754		474826		154928		
15:48:49		629754		421118		208636		
15:48:51		570008		465052		104956		
15:48:53		599072		443152		155920		
15:48:55		599072		465340		133732		
15:48:57		599072		450344		148728		
15:48:59		599072		422296		176776		
15:49:01		564572		452168		112404		
15:49:03		585698		472798		112900		
15:49:05		605873		473629		132244		
15:49:07		605873		463345		142528		
15:49:09		589102		451154		137948		
15:49:11		575526		441802		133724		
15:49:13		575526		449862		125664		
15:49:15		575526		438702		136824		
15:49:17		588075		466751		121324		
15:49:19		607628		427652		179976		
15:49:21		562621		438429		124192		
15:49:23		562621		472049		90572		
15:49:25		598700		450840		147860		
15:49:27		576459		471627		104832		
15:49:29		610647		466507		144140		
15:49:31		610647		499863		110784		
15:49:33		632458		494146		138312		
15:49:35		632458		479878		152580		
15:49:38		616086		481486		134600		
15:49:40		663389		473857		189532		
15:49:42		650631		432695		217936		
15:49:44		605124		469912		135212		
15:49:46		632917		500929		131988		
15:49:48		663482		484374		179108		
15:49:50		644648		511172		133476		
15:49:52		644648		442832		201816		
15:49:54		596392		483624		112768		
15:49:56		623985		494725		129260		
15:49:58		623985		443141		180844		
15:50:00		580681		459481		121200		
15:50:02		606737		491853		114884		
15:50:04		663052		489392		173660		
15:50:06		663052		491500		171552		
15:50:08		663052		520764		142288		
15:50:10		663052		517664		145388		
15:50:12		663052		501792		161260		
15:50:14		638743		533531		105212		
15:50:16		663830		536050		127780		
15:50:18		663830		564322		99508		
15:50:20		689887		504323		185564		
15:50:22		645437		519641		125796		
15:50:24		645437		430485		214952		
15:50:26		571467		463155		108312		
15:50:28		595064		471748		123316		
15:50:30		595064		490968		104096		
15:50:32		658945		454037		204908		
15:50:34		623365		478597		144768		
15:50:36		623365		461733		161632		
15:50:38		654317		465157		189160		
15:50:40		654317		448913		205404		
15:50:42		628794		452514		176280		
15:50:44		617765		469153		148612		
15:50:46		617765		473245		144520		
15:50:48		617765		437781		179984		
15:50:50		590685		457697		132988		
15:50:52		603008		455148		147860		
15:50:54		603008		495696		107312		
15:50:56		632685		476029		156656		
15:50:59		615613		462801		152812		
15:51:01		601326		467238		134088		
15:51:03		601326		459922		141404		
15:51:05		601326		476298		125028		
15:51:07		601326		451738		149588		
15:51:09		574947		439107		135840		
15:51:11		564175		448919		115256		
15:51:13		581560		459484		122076		
15:51:15		581560		474984		106576		
15:51:17		603131		434687		168444		
15:51:19		561871		483939		77932		
15:51:21		607645		469573		138072		
15:51:23		593239		450331		142908		
15:51:25		621045		468589		152456		
15:51:27		635145		458137		177008		
15:51:29		622965		480305		142660		
15:51:31		637524		465972		171552		
15:51:33		618304		494996		123308		
15:51:35		636303		474423		161880		
15:51:37		610711		448211		162500		
15:51:39		582833		463485		119348		
15:51:41		582833		449605		133228		
15:51:43		570698		490542		80156		
15:51:45		620795		458155		162640		
15:51:47		590494		487886		102608		
15:51:49		620096		473964		146132		
15:51:51		604598		439974		164624		
15:51:53		568810		465458		103352		
15:51:55		591025		454069		136956		
15:51:57		591025		457045		133980		
15:51:59		613210		463358		149852		
15:52:01		613210		495474		117736		
15:52:03		613210		477370		135840		
15:52:05		613210		460506		152704		
15:52:07		591160		479500		111660		
15:52:09		607382		480470		126912		
15:52:11		607382		458506		148876		
15:52:13		583786		478450		105336		
15:52:15		600296		479708		120588		
15:52:17		600296		457388		142908		
15:52:19		573831		484987		88844		
15:52:22		594351		483435		110916		
15:52:24		594351		475127		119224		
15:52:26		594351		491619		102732		
15:52:28		657134		487566		169568		
15:52:30		657134		459046		198088		
15:52:32		622016		497708		124308		
15:52:34		649382		498910		150472		
15:52:36		649382		478326		171056		
15:52:38		649382		468654		180728		
15:52:40		649382		456386		192996		
15:52:42		629329		479601		149728		
15:52:44		629329		434829		194500		
15:52:46		596831		470299		126532		
15:52:48		626232		476884		149348		
15:52:50		626232		478868		147364		
15:52:52		626232		497344		128888		
15:52:54		626232		469568		156664		
15:52:56		612181		483293		128888		
15:52:58		612181		474365		137816		
15:53:00		612181		467545		144636		
15:53:02		612181		510201		101980		
15:53:04		640082		479434		160648		
15:53:06		611527		478795		132732		
15:53:08		629225		472809		156416		
15:53:10		629225		479753		149472		
15:53:12		615532		475608		139924		
15:53:14		615532		504252		111280		
15:53:16		632139		452039		180100		
15:53:18		598797		487889		110908		
15:53:20		674813		575809		99004		
15:53:22		651615		472119		179496		
15:53:24		651615		465067		186548		
15:53:26		640810		486502		154308		
15:53:28		640810		475218		165592		
15:53:30		640810		484890		155920		
15:53:32		640810		486626		154184		
15:53:34		624876		489912		134964		
15:53:36		624876		486192		138684		
15:53:38		624876		492764		132112		
15:53:41		624876		497476		127400		
15:53:43		624876		500080		124796		
15:53:45		624876		488424		136452		
15:53:47		609847		500799		109048		
15:53:49		609847		492243		117604		
15:53:51		609847		537503		72344		
15:53:53		649077		497249		151828		
15:53:55		619470		512282		107188		
15:53:57		630737		468121		162616		
15:53:59		585666		491498		94168		
15:54:01		605297		503317		101980		
15:54:03		633113		492197		140916		
15:54:05		616296		485548		130748		
15:54:07		616296		447092		169204		
15:54:09		570448		500212		70236		
15:54:11		623388		505164		118224		
15:54:13		623388		481232		142156		
15:54:15		623388		488052		135336		
15:54:17		623388		504428		118960		
15:54:19		645573		475401		170172		
15:54:21		612279		442107		170172		
15:54:23		638473		494085		144388		
15:54:25		687068		489104		197964		
15:54:27		687068		512168		174900		
15:54:29		687068		486252		200816		
15:54:31		667122		486518		180604		
15:54:33		667122		485650		181472		
15:54:35		643500		480140		163360		
15:54:37		632044		474264		157780		
15:54:39		632044		508488		123556		
15:54:41		650451		495523		154928		
15:54:43		634439		483727		150712		
15:54:45		634439		523159		111280		
15:54:47		656939		473971		182968		
15:54:49		610502		509266		101236		
15:54:51		636885		514817		122068		
15:54:53		636885		515933		120952		
15:54:55		636885		540849		96036		
15:54:57		648991		506827		142164		
15:54:59		616290		474242		142048		
15:55:02		603105		493049		110056		
15:55:04		603105		493265		109840		
15:55:06		616529		475813		140716		
15:55:08		598781		507789		90992		
15:55:10		623113		493433		129680		
15:55:12		611051		507411		103640		
15:55:14		680803		486271		194532		
15:55:16		659960		503372		156588		
15:55:18		673779		477759		196020		
15:55:20		673779		502071		171708		
15:55:22		696325		486425		209900		
15:55:24		667935		510735		157200		
15:55:26		704797		518829		185968		
15:55:28		694196		477708		216488		
15:55:30		654327		473055		181272		
15:55:32		629419		501095		128324		
15:55:34		641481		475577		165904		
15:55:36		630041		491797		138244		
15:55:38		630041		492905		137136		
15:55:40		630041		489317		140724		
15:55:42		630041		490301		139740		
15:55:44		630041		475157		154884		
15:55:46		614349		459465		154884		
15:55:48		614349		501641		112708		
15:55:50		640786		498906		141880		
15:55:52		640786		485614		155172		
15:55:54		622643		502075		120568		
15:55:56		622643		531091		91552		
15:55:58		662514		548302		114212		
15:56:00		672976		549464		123512		
15:56:02		672976		567824		105152		
15:56:04		672976		557408		115568		
15:56:06		661398		562950		98448		
15:56:08		661398		560446		100952		
15:56:10		661398		582998		78400		
15:56:12		695240		582368		112872		
15:56:15		754000		581732		172268		
15:56:17		754000		304760		449240		
15:56:19		505846		311234		194612		
15:56:21		505846		307538		198308		
15:56:23		505846		308002		197844		
15:56:25		505846		319830		186016		
15:56:27		505846		320094		185752		
15:56:29		505846		339670		166176		
15:56:31		505846		376174		129672		
15:56:33		542771		358415		184356		
15:56:35		518291		339267		179024		
15:56:37		501415		330063		171352		
15:56:39		491112		359704		131408		
15:56:41		532774		384378		148396		
15:56:43		547198		404258		142940		
15:56:45		566133		418729		147404		
15:56:47		566133		408313		157820		
15:56:49		566133		363673		202460		
15:56:51		519486		338710		180776		
15:56:53		492751		343107		149644		
15:56:55		492751		352291		140460		
15:56:57		492751		312735		180016		
15:56:59		455353		351473		103880		
15:57:01		483908		357460		126448		
15:57:03		483908		379284		104624		
15:57:05		509429		369589		139840		
15:57:07		499061		359345		139716		
15:57:09		549097		357549		191548		
15:57:11		549097		382969		166128		
15:57:13		549097		366105		182992		
15:57:15		549097		342413		206684		
15:57:17		514570		350302		164268		
15:57:19		514570		341754		172816		
15:57:21		514570		355518		159052		
15:57:23		514570		336918		177652		
15:57:25		504014		347566		156448		
15:57:27		504014		369266		134748		
15:57:29		524457		341845		182612		
15:57:31		499051		369511		129540		
15:57:33		517465		353701		163764		
15:57:35		498667		334903		163764		
15:57:37		478089		314325		163764		
15:57:40		466469		352801		113668		
15:57:42		490986		346566		144420		
15:57:44		473254		360206		113048		
15:57:46		513673		336021		177652		
15:57:48		491941		379397		112544		
15:57:50		516674		354406		162268		
15:57:52		489992		376960		113032		
15:57:54		503791		381335		122456		
15:57:56		519284		341400		177884		
15:57:58		477609		366057		111552		
15:58:00		537209		347777		189432		
15:58:02		526234		341018		185216		
15:58:04		515974		362874		153100		
15:58:06		526743		351571		175172		
15:58:08		570914		368834		202080		
15:58:10		570914		361146		209768		
15:58:12		570914		349490		221424		
15:58:14		559228		380708		178520		
15:58:16		577056		355508		221548		
15:58:18		550579		348747		201832		
15:58:20		538823		364395		174428		
15:58:22		549885		370621		179264		
15:58:24		537433		358169		179264		
15:58:26		523998		357630		166368		
15:58:28		523998		323166		200832		
15:58:30		504679		352943		151736		
15:58:32		519574		367838		151736		
15:58:34		532197		380461		151736		
15:58:36		482189		330453		151736		
15:58:38		500793		349057		151736		
15:58:40		500793		340857		159936		
15:58:42		500793		369889		130904		
15:58:44		515499		384471		131028		
15:58:46		515499		374427		141072		
15:58:48		515499		366739		148760		
15:58:50		537620		346328		191292		
15:58:52		510109		350437		159672		
15:58:54		510109		351677		158432		
15:58:57		510109		372261		137848		
15:58:59		521235		383387		137848		
15:59:01		521235		383387		137848		
15:59:03		521235		383387		137848		
15:59:05		590741		359405		231336		
15:59:07		574024		367232		206792		
15:59:09		574024		377276		196748		
15:59:11		574024		355452		218572		
15:59:13		554045		350345		203700		
15:59:15		554045		362861		191184		
15:59:17		554045		369433		184612		
15:59:19		554045		380965		173080		
15:59:21		554045		380965		173080		
15:59:23		554045		370549		183496		
15:59:25		541631		358135		183496		
15:59:27		518041		381293		136748		
15:59:29		535135		407439		127696		
15:59:31		545394		369462		175932		
15:59:33		515382		363258		152124		
15:59:35		499356		367700		131656		
15:59:37		499356		358252		141104		
15:59:39		499356		405140		94216		
15:59:41		535604		373560		162044		
15:59:43		505699		367959		137740		
15:59:45		505699		393007		112692		
15:59:47		523383		388991		134392		
15:59:49		523383		382791		140592		
15:59:51		502956		371044		131912		
15:59:53		487987		331367		156620		
15:59:55		458448		363460		94988		
15:59:57		487066		387770		99296		
15:59:59		503946		400806		103140		
16:00:01		575846		379458		196388		
16:00:03		587452		378292		209160		
16:00:05		587452		364528		222924		
16:00:07		550602		371202		179400		
16:00:09		550602		363638		186964		
16:00:11		537818		367230		170588		
16:00:13		548194		395206		152988		
16:00:15		564451		337559		226892		
16:00:18		517772		376936		140836		
16:00:20		546923		379427		167496		
16:00:22		546923		359959		186964		
16:00:24		522848		387592		135256		
16:00:26		542163		355571		186592		
16:00:28		510310		378154		132156		
16:00:30		521861		369989		151872		
16:00:32		521861		399997		121864		
16:00:34		533535		396047		137488		
16:00:36		562565		402757		159808		
16:00:38		562565		381801		180764		
16:00:40		532950		374986		157964		
16:00:42		517056		364192		152864		
16:00:44		502322		390502		111820		
16:00:46		517400		400000		117400		
16:00:48		541851		406843		135008		
16:00:50		541851		377083		164768		
16:00:52		525313		399357		125956		
16:00:54		541730		371382		170348		
16:00:56		518849		381857		136992		
16:00:58		529612		387164		142448		
16:01:00		603456		392188		211268		
16:01:02		603456		390948		212508		
16:01:04		603456		385120		218336		
16:01:06		583846		360186		223660		
16:01:08		583846		366766		217080		
16:01:10		583846		383002		200844		
16:01:12		583846		400238		183608		
16:01:14		583846		356094		227752		
16:01:16		541479		352895		188584		
16:01:18		541479		376843		164636		
16:01:20		541479		405495		135984		
16:01:22		569394		420638		148756		
16:01:24		569394		375626		193768		
16:01:26		542910		394030		148880		
16:01:28		555005		353533		201472		
16:01:30		525175		370467		154708		
16:01:32		536622		409566		127056		
16:01:34		559691		376711		182980		
16:01:37		526889		368337		158552		
16:01:39		526889		372057		154832		
16:01:41		526889		404421		122468		
16:01:43		546885		425781		121104		
16:01:45		557658		389682		167976		
16:01:47		521530		401046		120484		
16:01:49		521530		401294		120236		
16:01:51		521530		398566		122964		
16:01:53		579545		396937		182608		
16:01:55		579545		415537		164008		
16:01:57		599977		419097		180880		
16:01:59		599977		373341		226636		
16:02:01		561966		384930		177036		
16:02:03		561966		381830		180136		
16:02:05		561966		396766		165200		
16:02:07		561966		396146		165820		
16:02:09		561966		386598		175368		
16:02:11		541562		398310		143252		
16:02:13		541562		365186		176376		
16:02:15		519513		398953		120560		
16:02:17		543969		391789		152180		
16:02:19		543969		399973		143996		
16:02:21		533024		402668		130356		
16:02:23		563574		391430		172144		
16:02:25		552052		385860		166192		
16:02:27		526140		402480		123660		
16:02:29		526140		385740		140400		
16:02:31		526140		376688		149452		
16:02:33		526140		386980		139160		
16:02:35		526140		360808		165332		
16:02:37		500804		370928		129876		
16:02:39		500804		387932		112872		
16:02:41		520030		383598		136432		
16:02:43		520030		390170		129860		
16:02:45		520030		389922		130108		
16:02:47		520030		369090		150940		
16:02:49		490145		379257		110888		
16:02:51		566880		405524		161356		
16:02:53		597795		420691		177104		
16:02:55		608928		395600		213328		
16:02:57		572640		384608		188032		
16:02:59		556108		384816		171292		
16:03:01		556108		396984		159124		
16:03:04		556108		410128		145980		
16:03:06		556108		403928		152180		
16:03:08		542901		411677		131224		
16:03:10		562763		390867		171896		
16:03:12		539836		409976		129860		
16:03:14		560047		394227		165820		
16:03:16		542250		404950		137300		
16:03:18		542250		384358		157892		
16:03:20		530710		370842		159868		
16:03:22		516693		396381		120312		
16:03:24		533756		371516		162240		
16:03:26		501572		431480		70092		
16:03:28		581037		399101		181936		
16:03:30		568158		419834		148324		
16:03:32		568158		398878		169280		
16:03:34		568158		415866		152292		
16:03:36		587984		396012		191972		
16:03:38		557212		384832		172380		
16:03:40		542864		382636		160228		
16:03:42		542864		412892		129972		
16:03:44		560100		375180		184920		
16:03:46		541266		355734		185532		
16:03:48		523179		409203		113976		
16:03:50		566572		415396		151176		
16:03:52		566572		410560		156012		
16:03:54		613589		391981		221608		
16:03:56		601441		385025		216416		
16:03:58		580503		400931		179572		
16:04:00		580503		405271		175232		
16:04:02		580503		388539		191964		
16:04:04		580503		414703		165800		
16:04:06		580503		417059		163444		
16:04:08		580503		412719		167784		
16:04:10		565516		421044		144472		
16:04:12		565516		386076		179440		
16:04:14		533982		419766		114216		
16:04:16		555188		393852		161336		
16:04:18		555188		395960		159228		
16:04:21		544664		396968		147696		
16:04:23		544664		410732		133932		
16:04:25		555034		393450		161584		
16:04:27		535026		374666		160360		
16:04:29		515807		385223		130584		
16:04:31		515807		405435		110372		
16:04:33		529275		378835		150440		
16:04:35		502495		390891		111604		
16:04:37		518892		404932		113960		
16:04:39		531433		413745		117688		
16:04:41		531433		377785		153648		
16:04:43		497558		382474		115084		
16:04:45		563091		394067		169024		
16:04:47		607887		394967		212920		
16:04:49		593269		399073		194196		
16:04:51		582841		394969		187872		
16:04:53		582841		384413		198428		
16:04:55		557244		396652		160592		
16:04:57		557244		383500		173744		
16:04:59		557244		400992		156252		
16:05:01		557244		379780		177464		
16:05:03		542277		386273		156004		
16:05:05		542277		401517		140760		
16:05:07		542277		391473		150804		
16:05:09		542277		396433		145844		
16:05:11		542277		391225		151052		
16:05:13		542277		381165		161112		
16:05:15		522808		400772		122036		
16:05:17		538024		410524		127500		
16:05:19		538024		405936		132088		
16:05:21		538024		406928		131096		
16:05:23		526009		404205		121804		
16:05:25		526009		402461		123548		
16:05:27		515706		408642		107064		
16:05:29		515706		375890		139816		
16:05:31		486276		408476		77800		
16:05:33		582819		397263		185556		
16:05:35		572567		378451		194116		
16:05:37		550364		402748		147616		
16:05:39		572568		401888		170680		
16:05:41		572568		398292		174276		
16:05:43		558269		404825		153444		
16:05:46		558269		418457		139812		
16:05:48		558269		412877		145392		
16:05:50		558269		392409		165860		
16:05:52		529877		393653		136224		
16:05:54		564651		428551		136100		
16:05:56		589316		414156		175160		
16:05:58		563923		398559		165364		
16:06:00		545310		430910		114400		
16:06:02		568929		421173		147756		
16:06:04		556366		460194		96172		
16:06:06		582851		449107		133744		
16:06:08		582851		421083		161768		
16:06:10		549724		443136		106588		
16:06:12		570284		420420		149864		
16:06:14		546113		412741		133372		
16:06:16		570285		415585		154700		
16:06:18		570285		403681		166604		
16:06:20		553424		425756		127668		
16:06:22		566452		433452		133000		
16:06:24		566452		390416		176036		
16:06:26		535034		427710		107324		
16:06:28		565506		418006		147500		
16:06:30		565506		420858		144648		
16:06:32		554186		425162		129024		
16:06:34		554186		433718		120468		
16:06:36		623848		391656		232192		
16:06:38		583655		413587		170068		
16:06:40		583655		407263		176392		
16:06:42		583655		388275		195380		
16:06:44		568566		423174		145392		
16:06:46		589566		411190		178376		
16:06:48		568368		411444		156924		
16:06:50		568368		411320		157048		
16:06:52		553363		394191		159172		
16:06:54		536384		425960		110424		
16:06:56		555124		404896		150228		
16:06:58		594644		413672		180972		
16:07:00		594644		426940		167704		
16:07:02		594644		416036		178608		
16:07:04		580977		397029		183948		
16:07:06		560334		423134		137200		
16:07:09		574617		434317		140300		
16:07:11		574617		429109		145508		
16:07:13		574617		430721		143896		
16:07:15		574617		412493		162124		
16:07:17		545715		418931		126784		
16:07:19		545715		440879		104836		
16:07:21		572605		418789		153816		
16:07:23		548112		428892		119220		
16:07:25		548112		426040		122072		
16:07:27		607959		418671		189288		
16:07:29		607959		430707		177252		
16:07:31		607959		400683		207276		
16:07:33		571140		419928		151212		
16:07:35		571140		408148		162992		
16:07:37		571140		421176		149964		
16:07:39		571140		412620		158520		
16:07:41		571140		411992		159148		
16:07:43		559275		401103		158172		
16:07:45		545181		390225		154956		
16:07:47		534891		401511		133380		
16:07:49		534891		433643		101248		
16:07:51		566329		411389		154940		
16:07:53		542270		430110		112160		
16:07:55		556034		430862		125172		
16:07:57		556034		429490		126544		
16:07:59		556034		430978		125056		
16:08:01		556034		400706		155328		
16:08:03		514186		438314		75872		
16:08:05		578647		456935		121712		
16:08:07		599335		441479		157856		
16:08:09		570080		439132		130948		
16:08:11		559039		469507		89532		
16:08:13		583404		395044		188360		
16:08:15		513607		431459		82148		
16:08:17		542913		420665		122248		
16:08:19		542913		434305		108608		
16:08:21		562262		397226		165036		
16:08:23		527155		435411		91744		
16:08:25		622940		437948		184992		
16:08:28		622940		449356		173584		
16:08:30		622940		418224		204716		
16:08:32		594073		416117		177956		
16:08:34		582759		423535		159224		
16:08:36		582759		423535		159224		
16:08:38		582759		414359		168400		
16:08:40		561476		427424		134052		
16:08:42		561476		445032		116444		
16:08:44		584187		414159		170028		
16:08:46		556017		411301		144716		
16:08:48		556017		426661		129356		
16:08:50		556017		392313		163704		
16:08:52		521564		420324		101240		
16:08:54		543735		438467		105268		
16:08:56		557757		467865		89892		
16:08:58		575666		426006		149660		
16:09:00		531307		464275		67032		
16:09:02		564822		479202		85620		
16:09:04		592870		429022		163848		
16:09:06		549583		420703		128880		
16:09:08		570442		435982		134460		
16:09:10		601560		444904		156656		
16:09:12		601560		444268		157292		
16:09:14		587032		434468		152564		
16:09:16		627776		479304		148472		
16:09:18		686709		465697		221012		
16:09:20		672004		465128		206876		
16:09:22		647355		422871		224484		
16:09:24		608802		440738		168064		
16:09:26		608802		439994		168808		
16:09:28		594600		461256		133344		
16:09:30		594600		449600		145000		
16:09:32		594600		486552		108048		
16:09:34		609432		471872		137560		
16:09:36		598778		451918		146860		
16:09:38		585977		440109		145868		
16:09:40		585977		398553		187424		
16:09:43		543199		422115		121084		
16:09:45		559264		423812		135452		
16:09:47		559264		439312		119952		
16:09:49		577838		442510		135328		
16:09:51		577838		450290		127548		
16:09:53		577838		429954		147884		
16:09:55		577838		433922		143916		
16:09:57		577838		433426		144412		
16:09:59		564362		464466		99896		
16:10:01		592962		425478		167484		
16:10:03		605101		439361		165740		
16:10:05		619735		450771		168964		
16:10:07		619735		450895		168840		
16:10:09		619735		413555		206180		
16:10:11		581771		398399		183372		
16:10:13		568337		446105		122232		
16:10:15		611569		451889		159680		
16:10:17		611569		472721		138848		
16:10:19		623491		482287		141204		
16:10:21		623491		408011		215480		
16:10:23		568837		450449		118388		
16:10:25		599408		423360		176048		
16:10:27		576205		431777		144428		
16:10:29		576205		443557		132648		
16:10:31		589397		430833		158564		
16:10:33		589397		452285		137112		
16:10:35		610320		446184		164136		
16:10:37		630793		466533		164260		
16:10:39		646011		438971		207040		
16:10:41		612219		449315		162904		
16:10:43		612219		442875		169344		
16:10:45		612219		462591		149628		
16:10:47		625533		461885		163648		
16:10:49		625533		433737		191796		
16:10:51		610484		447332		163152		
16:10:53		610484		458740		151744		
16:10:55		623755		442135		181620		
16:10:57		610200		452760		157440		
16:10:59		610200		448916		161284		
16:11:01		610200		429820		180380		
16:11:03		592048		425796		166252		
16:11:05		592048		431128		160920		
16:11:07		592048		451836		140212		
16:11:09		603241		432029		171212		
16:11:12		584296		418664		165632		
16:11:14		571177		448697		122480		
16:11:16		609416		444280		165136		
16:11:18		609416		461524		147892		
16:11:20		609416		415884		193532		
16:11:22		583222		448474		134748		
16:11:24		604096		427808		176288		
16:11:26		585477		440065		145412		
16:11:28		597131		438079		159052		
16:11:30		597131		446511		150620		
16:11:32		597131		430391		166740		
16:11:34		585262		431046		154216		
16:11:36		585262		433898		151364		
16:11:38		585262		456962		128300		
16:11:40		612056		463172		148884		
16:11:42		612056		487972		124084		
16:11:44		630534		427462		203072		
16:11:46		579692		461800		117892		
16:11:48		605805		469189		136616		
16:11:50		605805		434965		170840		
16:11:52		587462		457294		130168		
16:11:54		603972		462156		141816		
16:11:56		633612		471832		161780		
16:11:58		633612		474436		159176		
16:12:00		633612		513992		119620		
16:12:02		673173		451501		221672		
16:12:04		623930		469094		154836		
16:12:06		634662		484414		150248		
16:12:08		648491		425207		223284		
16:12:10		604279		465803		138476		
16:12:12		630177		463421		166756		
16:12:14		630177		477425		152752		
16:12:16		661989		497209		164780		
16:12:18		661989		494109		167880		
16:12:20		661989		539121		122868		
16:12:22		681443		516779		164664		
16:12:24		660926		517218		143708		
16:12:26		660926		441314		219612		
16:12:28		611925		481733		130192		
16:12:30		633352		508244		125108		
16:12:32		652727		464875		187852		
16:12:34		617607		463979		153628		
16:12:36		617607		461003		156604		
16:12:39		617607		481587		136020		
16:12:41		617607		473279		144328		
16:12:43		617607		430871		186736		
16:12:45		585445		449417		136028		
16:12:47		611366		432798		178568		
16:12:49		597213		438361		158852		
16:12:51		597213		457333		139880		
16:12:53		612875		465927		146948		
16:12:55		612875		472623		140252		
16:12:57		623551		430351		193200		
16:12:59		623551		443371		180180		
16:13:01		623551		464823		158728		
16:13:03		623551		476363		147188		
16:13:05		623551		435575		187976		
16:13:07		599405		441809		157596		
16:13:09		599405		435097		164308		
16:13:11		599405		448753		150652		
16:13:13		599405		434105		165300		
16:13:15		599405		443049		156356		
16:13:17		599405		450993		148412		
16:13:19		599405		455705		143700		
16:13:21		599405		446009		153396		
16:13:23		599405		426773		172632		
16:13:25		599405		458409		140996		
16:13:27		616720		458364		158356		
16:13:29		616720		459356		157364		
16:13:31		616720		451916		164804		
16:13:33		616720		452784		163936		
16:13:35		616720		473120		143600		
16:13:37		616720		477832		138888		
16:13:39		616720		475476		141244		
16:13:41		627518		473626		153892		
16:13:43		627518		474742		152776		
16:13:45		627518		447338		180180		
16:13:47		596252		440500		155752		
16:13:49		596252		449304		146948		
16:13:51		596252		477204		119048		
16:13:53		614406		472054		142352		
16:13:55		614406		473782		140624		
16:13:57		628249		459849		168400		
16:13:59		613886		460118		153768		
16:14:01		613886		436434		177452		
16:14:03		599609		437409		162200		
16:14:05		599609		435309		164300		
16:14:08		599609		467053		132556		
16:14:10		617078		466410		150668		
16:14:12		617078		442726		174352		
16:14:14		590403		475075		115328		
16:14:16		615931		434387		181544		
16:14:18		589364		454444		134920		
16:14:20		604034		471718		132316		
16:14:22		632501		451329		181172		
16:14:24		611338		467986		143352		
16:14:26		621643		479779		141864		
16:14:28		621643		430419		191224		
16:14:30		586073		442349		143724		
16:14:32		586073		474713		111360		
16:14:34		630321		457829		172492		
16:14:36		614868		482180		132688		
16:14:38		636299		472363		163936		
16:14:40		624740		478536		146204		
16:14:42		624740		462168		162572		
16:14:44		614263		464711		149552		
16:14:46		614263		458263		156000		
16:14:48		614263		475003		139260		
16:14:50		614263		444251		170012		
16:14:52		632423		478531		153892		
16:14:54		657789		478353		179436		
16:14:56		645837		460697		185140		
16:14:58		622950		482946		140004		
16:15:00		636295		469259		167036		
16:15:02		622198		483558		138640		
16:15:04		622198		465826		156372		
16:15:06		622198		445118		177080		
16:15:08		609344		486824		122520		
16:15:10		639544		478956		160588		
16:15:12		639544		465936		173608		
16:15:14		620852		470804		150048		
16:15:16		620852		462504		158348		
16:15:18		642068		480868		161200		
16:15:20		653770		478310		175460		
16:15:22		638661		459357		179304		
16:15:24		619507		485463		134044		
16:15:26		637416		477704		159712		
16:15:28		637416		457120		180296		
16:15:31		611554		457050		154504		
16:15:33		611554		503302		108252		
16:15:35		645995		462971		183024		
16:15:37		612846		490334		122512		
16:15:39		633922		461562		172360		
16:15:41		616413		444053		172360		
16:15:43		616413		472201		144212		
16:15:45		616413		478153		138260		
16:15:47		616413		461537		154876		
16:15:49		616413		486585		129828		
16:15:51		631916		502088		129828		
16:15:53		644020		470296		173724		
16:15:55		619334		460490		158844		
16:15:57		619334		440758		178576		
16:15:59		588319		409743		178576		
16:16:01		570289		472589		97700		
16:16:03		617617		477633		139984		
16:16:05		617617		492141		125476		
16:16:07		630628		498580		132048		
16:16:09		630628		502424		128204		
16:16:11		630628		474896		155732		
16:16:13		614068		489832		124236		
16:16:15		625230		487230		138000		
16:16:17		635668		495808		139860		
16:16:19		635668		444580		191088		
16:16:21		635668		467660		168008		
16:16:23		651251		478407		172844		
16:16:25		651251		495023		156228		
16:16:27		651251		462535		188716		
16:16:29		629020		485316		143704		
16:16:31		643648		479616		164032		
16:16:33		643648		480724		162924		
16:16:35		643648		473780		169868		
16:16:37		643648		480716		162932		
16:16:39		633223		458247		174976		
16:16:41		611729		458965		152764		
16:16:43		611729		475961		135768		
16:16:45		622150		479314		142836		
16:16:47		622150		488242		133908		
16:16:49		633125		495249		137876		
16:16:51		633125		464993		168132		
16:16:53		612345		477941		134404		
16:16:55		628744		491480		137264		
16:16:57		641881		499781		142100		
16:17:00		641881		472625		169256		
16:17:02		641881		472121		169760		
16:17:04		617834		485694		132140		
16:17:06		629209		480453		148756		
16:17:08		629209		476857		152352		
16:17:10		629209		490373		138836		
16:17:12		629209		497689		131520		
16:17:14		643189		505221		137968		
16:17:16		643189		497533		145656		
16:17:18		643189		456613		186576		
16:17:20		594484		476364		118120		
16:17:22		614767		457819		156948		
16:17:24		592069		478785		113284		
16:17:26		638628		503396		135232		
16:17:28		707820		489740		218080		
16:17:30		678004		507664		170340		
16:17:32		678004		482244		195760		
16:17:34		652244		460816		191428		
16:17:36		630939		439511		191428		
16:17:38		613132		476148		136984		
16:17:40		635577		487309		148268		
16:17:42		635577		473529		162048		
16:17:44		620196		486916		133280		
16:17:46		631878		477766		154112		
16:17:48		631878		479378		152500		
16:17:50		631878		464366		167512		
16:17:52		616652		498064		118588		
16:17:54		637042		516594		120448		
16:17:56		655230		511734		143496		
16:17:58		655230		528134		127096		
16:18:00		655230		537574		117656		
16:18:02		669611		554311		115300		
16:18:04		683552		545808		137744		
16:18:06		683552		544428		139124		
16:18:08		683552		551612		131940		
16:18:10		683552		196660		486892		
16:18:12		406746		169598		237148		
16:18:14		387933		236769		151164		
16:18:16		437369		279757		157612		
16:18:18		471827		313979		157848		
16:18:21		497202		343938		153264		
16:18:23		515760		379848		135912		
16:18:25		540666		412030		128636		
16:18:27		563687		444107		119580		
16:18:29		594937		481773		113164		
16:18:31		653859		506811		147048		
16:18:33		667587		522927		144660		
16:18:35		667587		547467		120120		
16:18:37		683405		581473		101932		
16:18:39		710795		610447		100348		
16:18:41		735695		647707		87988		
16:18:43		770587		673871		96716		
16:18:45		806748		708952		97796		
16:18:47		834583		747511		87072		
16:18:49		874611		770171		104440		
16:18:51		893051		811215		81836		
16:18:53		934094		834682		99412		
16:18:55		957562		846858		110704		
16:18:57		969738		867342		102396		
16:18:59		1007372		832048		175324		
16:19:01		972483		832879		139604		
16:19:03		972483		832755		139728		
16:19:05		972483		836119		136364		
16:19:07		972483		855711		116772		
16:19:09		993333		834673		158660		
16:19:11		972752		837448		135304		
16:19:13		972752		838924		133828		
16:19:15		972752		850808		121944		
16:19:17		984380		866552		117828		
16:19:19		1009761		847657		162104		
16:19:21		990701		862289		128412		
16:19:23		990701		896233		94468		
16:19:25		1031232		891736		139496		
16:19:27		1031232		866936		164296		
16:19:29		1011063		900383		110680		
16:19:31		1036631		908211		128420		
16:19:33		1036631		933011		103620		
16:19:34		1061060		916132		144928		
