record in kb
time		total		used		free
[16:42:56]		1048572		696		1047876
[16:42:59]		1048572		696		1047876
[16:43:02]		1048572		696		1047876
[16:43:05]		1048572		696		1047876
[16:43:08]		1048572		696		1047876
[16:43:11]		1048572		696		1047876
[16:43:14]		1048572		696		1047876
[16:43:17]		1048572		696		1047876
[16:43:20]		1048572		696		1047876
[16:43:23]		1048572		696		1047876
[16:43:26]		1048572		696		1047876
[16:43:30]		1048572		696		1047876
[16:43:33]		1048572		696		1047876
[16:43:36]		1048572		696		1047876
[16:43:39]		1048572		696		1047876
[16:43:42]		1048572		696		1047876
[16:43:45]		1048572		696		1047876
[16:43:48]		1048572		696		1047876
[16:43:51]		1048572		696		1047876
[16:43:54]		1048572		696		1047876
[16:43:57]		1048572		696		1047876
[16:44:00]		1048572		696		1047876
[16:44:03]		1048572		696		1047876
[16:44:06]		1048572		696		1047876
[16:44:09]		1048572		696		1047876
[16:44:12]		1048572		696		1047876
[16:44:15]		1048572		696		1047876
[16:44:18]		1048572		696		1047876
[16:44:21]		1048572		696		1047876
[16:44:24]		1048572		696		1047876
[16:44:27]		1048572		696		1047876
[16:44:30]		1048572		696		1047876
[16:44:33]		1048572		696		1047876
[16:44:36]		1048572		696		1047876
[16:44:39]		1048572		696		1047876
[16:44:42]		1048572		696		1047876
[16:44:45]		1048572		696		1047876
[16:44:48]		1048572		696		1047876
[16:44:51]		1048572		696		1047876
[16:44:54]		1048572		696		1047876
[16:44:57]		1048572		696		1047876
[16:45:00]		1048572		696		1047876
[16:45:03]		1048572		696		1047876
[16:45:06]		1048572		696		1047876
[16:45:09]		1048572		696		1047876
[16:45:12]		1048572		696		1047876
[16:45:15]		1048572		696		1047876
[16:45:18]		1048572		696		1047876
[16:45:21]		1048572		696		1047876
[16:45:24]		1048572		696		1047876
[16:45:27]		1048572		696		1047876
[16:45:30]		1048572		696		1047876
[16:45:33]		1048572		696		1047876
[16:45:36]		1048572		696		1047876
[16:45:39]		1048572		696		1047876
[16:45:42]		1048572		696		1047876
[16:45:45]		1048572		696		1047876
[16:45:48]		1048572		696		1047876
[16:45:51]		1048572		696		1047876
[16:45:54]		1048572		696		1047876
[16:45:57]		1048572		696		1047876
[16:46:00]		1048572		696		1047876
[16:46:03]		1048572		696		1047876
[16:46:06]		1048572		696		1047876
[16:46:09]		1048572		696		1047876
[16:46:12]		1048572		696		1047876
[16:46:15]		1048572		696		1047876
[16:46:18]		1048572		696		1047876
[16:46:21]		1048572		696		1047876
[16:46:24]		1048572		696		1047876
[16:46:27]		1048572		696		1047876
[16:46:30]		1048572		696		1047876
[16:46:33]		1048572		696		1047876
[16:46:36]		1048572		696		1047876
[16:46:39]		1048572		696		1047876
[16:46:42]		1048572		696		1047876
[16:46:45]		1048572		696		1047876
[16:46:48]		1048572		696		1047876
[16:46:51]		1048572		696		1047876
[16:46:54]		1048572		696		1047876
[16:46:57]		1048572		696		1047876
[16:47:00]		1048572		696		1047876
[16:47:03]		1048572		696		1047876
[16:47:06]		1048572		696		1047876
[16:47:09]		1048572		696		1047876
[16:47:12]		1048572		696		1047876
[16:47:15]		1048572		696		1047876
[16:47:18]		1048572		696		1047876
[16:47:21]		1048572		696		1047876
[16:47:24]		1048572		696		1047876
[16:47:27]		1048572		696		1047876
[16:47:30]		1048572		696		1047876
[16:47:33]		1048572		696		1047876
[16:47:36]		1048572		696		1047876
[16:47:39]		1048572		696		1047876
[16:47:42]		1048572		696		1047876
[16:47:45]		1048572		696		1047876
[16:47:48]		1048572		696		1047876
[16:47:51]		1048572		696		1047876
[16:47:54]		1048572		696		1047876
[16:47:57]		1048572		696		1047876
[16:48:00]		1048572		696		1047876
[16:48:03]		1048572		696		1047876
[16:48:06]		1048572		696		1047876
[16:48:09]		1048572		696		1047876
[16:48:12]		1048572		696		1047876
[16:48:15]		1048572		696		1047876
[16:48:18]		1048572		696		1047876
[16:48:21]		1048572		696		1047876
[16:48:24]		1048572		696		1047876
[16:48:27]		1048572		696		1047876
[16:48:30]		1048572		696		1047876
[16:48:33]		1048572		696		1047876
[16:48:36]		1048572		696		1047876
[16:48:39]		1048572		696		1047876
[16:48:42]		1048572		696		1047876
[16:48:45]		1048572		696		1047876
[16:48:48]		1048572		696		1047876
[16:48:51]		1048572		696		1047876
[16:48:54]		1048572		696		1047876
[16:48:57]		1048572		696		1047876
[16:49:00]		1048572		696		1047876
[16:49:03]		1048572		696		1047876
[16:49:06]		1048572		696		1047876
[16:49:09]		1048572		696		1047876
[16:49:12]		1048572		696		1047876
[16:49:15]		1048572		696		1047876
[16:49:18]		1048572		696		1047876
[16:49:21]		1048572		696		1047876
[16:49:24]		1048572		696		1047876
[16:49:27]		1048572		696		1047876
[16:49:30]		1048572		696		1047876
[16:49:33]		1048572		696		1047876
[16:49:36]		1048572		696		1047876
[16:49:39]		1048572		696		1047876
[16:49:42]		1048572		696		1047876
[16:49:45]		1048572		696		1047876
[16:49:48]		1048572		696		1047876
[16:49:51]		1048572		696		1047876
[16:49:54]		1048572		696		1047876
[16:49:57]		1048572		696		1047876
[16:50:00]		1048572		696		1047876
[16:50:03]		1048572		696		1047876
[16:50:06]		1048572		696		1047876
[16:50:09]		1048572		696		1047876
[16:50:12]		1048572		696		1047876
[16:50:15]		1048572		696		1047876
[16:50:18]		1048572		696		1047876
[16:50:21]		1048572		696		1047876
[16:50:24]		1048572		696		1047876
[16:50:27]		1048572		696		1047876
[16:50:30]		1048572		696		1047876
[16:50:33]		1048572		696		1047876
[16:50:36]		1048572		696		1047876
[16:50:39]		1048572		696		1047876
[16:50:42]		1048572		696		1047876
[16:50:45]		1048572		696		1047876
[16:50:48]		1048572		696		1047876
[16:50:51]		1048572		696		1047876
[16:50:54]		1048572		696		1047876
[16:50:57]		1048572		696		1047876
[16:51:00]		1048572		696		1047876
[16:51:03]		1048572		696		1047876
[16:51:06]		1048572		696		1047876
[16:51:09]		1048572		696		1047876
[16:51:12]		1048572		696		1047876
[16:51:15]		1048572		696		1047876
[16:51:18]		1048572		696		1047876
[16:51:21]		1048572		696		1047876
[16:51:24]		1048572		696		1047876
[16:51:27]		1048572		696		1047876
[16:51:30]		1048572		696		1047876
[16:51:33]		1048572		696		1047876
[16:51:36]		1048572		696		1047876
[16:51:39]		1048572		696		1047876
[16:51:42]		1048572		696		1047876
[16:51:45]		1048572		696		1047876
[16:51:48]		1048572		696		1047876
[16:51:51]		1048572		696		1047876
[16:51:54]		1048572		696		1047876
[16:51:57]		1048572		696		1047876
[16:52:00]		1048572		696		1047876
[16:52:03]		1048572		696		1047876
[16:52:06]		1048572		696		1047876
[16:52:09]		1048572		696		1047876
[16:52:12]		1048572		696		1047876
[16:52:15]		1048572		696		1047876
[16:52:18]		1048572		696		1047876
[16:52:21]		1048572		696		1047876
[16:52:24]		1048572		696		1047876
[16:52:27]		1048572		696		1047876
[16:52:30]		1048572		696		1047876
[16:52:33]		1048572		696		1047876
[16:52:36]		1048572		696		1047876
[16:52:39]		1048572		696		1047876
[16:52:42]		1048572		696		1047876
[16:52:45]		1048572		696		1047876
[16:52:48]		1048572		696		1047876
[16:52:51]		1048572		696		1047876
[16:52:54]		1048572		696		1047876
[16:52:57]		1048572		696		1047876
[16:53:00]		1048572		696		1047876
[16:53:03]		1048572		696		1047876
[16:53:06]		1048572		696		1047876
[16:53:09]		1048572		696		1047876
[16:53:12]		1048572		696		1047876
[16:53:15]		1048572		696		1047876
[16:53:18]		1048572		696		1047876
[16:53:21]		1048572		696		1047876
[16:53:24]		1048572		696		1047876
[16:53:27]		1048572		696		1047876
[16:53:30]		1048572		696		1047876
[16:53:33]		1048572		696		1047876
[16:53:36]		1048572		696		1047876
[16:53:39]		1048572		696		1047876
[16:53:42]		1048572		696		1047876
[16:53:45]		1048572		696		1047876
[16:53:48]		1048572		696		1047876
[16:53:51]		1048572		696		1047876
[16:53:54]		1048572		696		1047876
[16:53:57]		1048572		696		1047876
[16:54:00]		1048572		696		1047876
[16:54:03]		1048572		696		1047876
[16:54:06]		1048572		696		1047876
[16:54:09]		1048572		696		1047876
[16:54:12]		1048572		696		1047876
[16:54:15]		1048572		696		1047876
[16:54:18]		1048572		696		1047876
[16:54:21]		1048572		696		1047876
[16:54:24]		1048572		696		1047876
[16:54:27]		1048572		696		1047876
[16:54:30]		1048572		696		1047876
[16:54:33]		1048572		696		1047876
[16:54:36]		1048572		696		1047876
[16:54:39]		1048572		696		1047876
[16:54:42]		1048572		696		1047876
[16:54:45]		1048572		696		1047876
[16:54:48]		1048572		696		1047876
[16:54:51]		1048572		696		1047876
[16:54:54]		1048572		696		1047876
[16:54:57]		1048572		696		1047876
[16:55:00]		1048572		696		1047876
[16:55:03]		1048572		696		1047876
[16:55:06]		1048572		696		1047876
[16:55:09]		1048572		696		1047876
[16:55:12]		1048572		696		1047876
[16:55:15]		1048572		696		1047876
[16:55:18]		1048572		696		1047876
[16:55:21]		1048572		696		1047876
[16:55:24]		1048572		696		1047876
[16:55:27]		1048572		696		1047876
[16:55:30]		1048572		696		1047876
[16:55:33]		1048572		696		1047876
[16:55:36]		1048572		696		1047876
[16:55:39]		1048572		696		1047876
[16:55:42]		1048572		696		1047876
[16:55:45]		1048572		696		1047876
[16:55:48]		1048572		696		1047876
[16:55:51]		1048572		696		1047876
[16:55:54]		1048572		696		1047876
[16:55:57]		1048572		696		1047876
[16:56:00]		1048572		696		1047876
[16:56:03]		1048572		696		1047876
[16:56:06]		1048572		696		1047876
[16:56:09]		1048572		696		1047876
[16:56:12]		1048572		696		1047876
[16:56:15]		1048572		696		1047876
[16:56:18]		1048572		696		1047876
[16:56:21]		1048572		696		1047876
[16:56:24]		1048572		696		1047876
[16:56:27]		1048572		696		1047876
[16:56:30]		1048572		696		1047876
[16:56:33]		1048572		696		1047876
[16:56:36]		1048572		696		1047876
[16:56:39]		1048572		696		1047876
[16:56:42]		1048572		696		1047876
[16:56:45]		1048572		696		1047876
[16:56:48]		1048572		696		1047876
[16:56:51]		1048572		696		1047876
[16:56:54]		1048572		696		1047876
[16:56:57]		1048572		696		1047876
[16:57:00]		1048572		696		1047876
[16:57:03]		1048572		696		1047876
[16:57:06]		1048572		696		1047876
[16:57:09]		1048572		696		1047876
[16:57:12]		1048572		696		1047876
[16:57:15]		1048572		696		1047876
[16:57:18]		1048572		696		1047876
[16:57:21]		1048572		696		1047876
[16:57:24]		1048572		696		1047876
[16:57:27]		1048572		696		1047876
[16:57:30]		1048572		696		1047876
[16:57:33]		1048572		696		1047876
[16:57:36]		1048572		696		1047876
[16:57:39]		1048572		696		1047876
[16:57:42]		1048572		696		1047876
[16:57:45]		1048572		696		1047876
[16:57:48]		1048572		696		1047876
[16:57:51]		1048572		696		1047876
[16:57:54]		1048572		696		1047876
[16:57:57]		1048572		696		1047876
[16:58:00]		1048572		696		1047876
[16:58:03]		1048572		696		1047876
[16:58:06]		1048572		696		1047876
[16:58:09]		1048572		696		1047876
[16:58:12]		1048572		696		1047876
[16:58:15]		1048572		696		1047876
[16:58:18]		1048572		696		1047876
[16:58:21]		1048572		696		1047876
[16:58:24]		1048572		696		1047876
[16:58:27]		1048572		696		1047876
[16:58:30]		1048572		696		1047876
[16:58:33]		1048572		696		1047876
[16:58:36]		1048572		696		1047876
[16:58:39]		1048572		696		1047876
[16:58:42]		1048572		696		1047876
[16:58:45]		1048572		696		1047876
[16:58:48]		1048572		696		1047876
[16:58:51]		1048572		696		1047876
[16:58:54]		1048572		696		1047876
[16:58:57]		1048572		696		1047876
[16:59:00]		1048572		696		1047876
[16:59:03]		1048572		696		1047876
[16:59:06]		1048572		696		1047876
[16:59:09]		1048572		696		1047876
[16:59:12]		1048572		696		1047876
[16:59:15]		1048572		696		1047876
[16:59:18]		1048572		696		1047876
[16:59:21]		1048572		696		1047876
[16:59:24]		1048572		696		1047876
[16:59:27]		1048572		696		1047876
[16:59:30]		1048572		696		1047876
[16:59:33]		1048572		696		1047876
[16:59:36]		1048572		696		1047876
[16:59:39]		1048572		696		1047876
[16:59:42]		1048572		696		1047876
[16:59:45]		1048572		696		1047876
[16:59:48]		1048572		696		1047876
[16:59:51]		1048572		696		1047876
[16:59:54]		1048572		696		1047876
[16:59:57]		1048572		696		1047876
[17:00:00]		1048572		696		1047876
[17:00:03]		1048572		696		1047876
[17:00:06]		1048572		696		1047876
[17:00:09]		1048572		696		1047876
[17:00:12]		1048572		696		1047876
[17:00:15]		1048572		696		1047876
[17:00:18]		1048572		696		1047876
[17:00:21]		1048572		696		1047876
[17:00:24]		1048572		696		1047876
[17:00:27]		1048572		696		1047876
[17:00:30]		1048572		696		1047876
[17:00:33]		1048572		696		1047876
[17:00:36]		1048572		696		1047876
[17:00:39]		1048572		696		1047876
[17:00:42]		1048572		696		1047876
[17:00:45]		1048572		696		1047876
[17:00:48]		1048572		696		1047876
[17:00:51]		1048572		696		1047876
[17:00:54]		1048572		696		1047876
[17:00:57]		1048572		696		1047876
[17:01:00]		1048572		696		1047876
[17:01:03]		1048572		696		1047876
[17:01:06]		1048572		696		1047876
[17:01:09]		1048572		696		1047876
[17:01:12]		1048572		696		1047876
[17:01:15]		1048572		696		1047876
[17:01:18]		1048572		696		1047876
[17:01:21]		1048572		696		1047876
[17:01:24]		1048572		696		1047876
[17:01:27]		1048572		696		1047876
[17:01:30]		1048572		696		1047876
[17:01:33]		1048572		696		1047876
[17:01:36]		1048572		696		1047876
[17:01:39]		1048572		696		1047876
[17:01:42]		1048572		696		1047876
[17:01:45]		1048572		696		1047876
[17:01:48]		1048572		696		1047876
[17:01:51]		1048572		696		1047876
[17:01:54]		1048572		696		1047876
[17:01:57]		1048572		696		1047876
[17:02:00]		1048572		696		1047876
[17:02:03]		1048572		696		1047876
[17:02:06]		1048572		696		1047876
[17:02:09]		1048572		696		1047876
[17:02:12]		1048572		696		1047876
[17:02:15]		1048572		696		1047876
[17:02:18]		1048572		696		1047876
[17:02:21]		1048572		696		1047876
[17:02:24]		1048572		696		1047876
[17:02:27]		1048572		696		1047876
[17:02:30]		1048572		696		1047876
[17:02:33]		1048572		696		1047876
[17:02:36]		1048572		696		1047876
[17:02:39]		1048572		696		1047876
[17:02:42]		1048572		696		1047876
[17:02:45]		1048572		696		1047876
[17:02:48]		1048572		696		1047876
[17:02:51]		1048572		696		1047876
[17:02:54]		1048572		696		1047876
[17:02:57]		1048572		696		1047876
[17:03:00]		1048572		696		1047876
[17:03:03]		1048572		696		1047876
[17:03:06]		1048572		696		1047876
[17:03:09]		1048572		696		1047876
[17:03:12]		1048572		696		1047876
[17:03:15]		1048572		696		1047876
[17:03:18]		1048572		696		1047876
[17:03:21]		1048572		696		1047876
[17:03:24]		1048572		696		1047876
[17:03:27]		1048572		696		1047876
[17:03:30]		1048572		696		1047876
[17:03:33]		1048572		696		1047876
[17:03:36]		1048572		696		1047876
[17:03:39]		1048572		696		1047876
[17:03:42]		1048572		696		1047876
[17:03:45]		1048572		696		1047876
[17:03:48]		1048572		696		1047876
[17:03:51]		1048572		696		1047876
[17:03:54]		1048572		696		1047876
[17:03:57]		1048572		696		1047876
[17:04:00]		1048572		696		1047876
[17:04:03]		1048572		696		1047876
[17:04:06]		1048572		696		1047876
[17:04:09]		1048572		696		1047876
[17:04:12]		1048572		696		1047876
[17:04:15]		1048572		696		1047876
[17:04:18]		1048572		696		1047876
[17:04:21]		1048572		696		1047876
[17:04:24]		1048572		696		1047876
[17:04:27]		1048572		696		1047876
[17:04:30]		1048572		696		1047876
[17:04:33]		1048572		696		1047876
[17:04:36]		1048572		696		1047876
[17:04:39]		1048572		696		1047876
[17:04:42]		1048572		696		1047876
[17:04:45]		1048572		696		1047876
[17:04:48]		1048572		696		1047876
[17:04:51]		1048572		696		1047876
[17:04:54]		1048572		696		1047876
[17:04:57]		1048572		696		1047876
[17:05:00]		1048572		696		1047876
[17:05:03]		1048572		696		1047876
[17:05:06]		1048572		696		1047876
[17:05:09]		1048572		696		1047876
[17:05:12]		1048572		696		1047876
[17:05:15]		1048572		696		1047876
[17:05:18]		1048572		696		1047876
[17:05:21]		1048572		696		1047876
[17:05:24]		1048572		696		1047876
[17:05:27]		1048572		696		1047876
[17:05:30]		1048572		696		1047876
[17:05:33]		1048572		696		1047876
[17:05:36]		1048572		696		1047876
[17:05:39]		1048572		696		1047876
[17:05:42]		1048572		696		1047876
[17:05:45]		1048572		696		1047876
[17:05:48]		1048572		696		1047876
[17:05:51]		1048572		696		1047876
[17:05:54]		1048572		696		1047876
[17:05:57]		1048572		696		1047876
[17:06:00]		1048572		696		1047876
[17:06:03]		1048572		696		1047876
[17:06:06]		1048572		696		1047876
[17:06:09]		1048572		696		1047876
[17:06:12]		1048572		696		1047876
[17:06:15]		1048572		696		1047876
[17:06:18]		1048572		696		1047876
[17:06:21]		1048572		696		1047876
[17:06:24]		1048572		696		1047876
[17:06:27]		1048572		696		1047876
[17:06:30]		1048572		696		1047876
[17:06:33]		1048572		696		1047876
[17:06:36]		1048572		696		1047876
[17:06:39]		1048572		696		1047876
[17:06:42]		1048572		696		1047876
[17:06:45]		1048572		696		1047876
[17:06:48]		1048572		696		1047876
[17:06:51]		1048572		696		1047876
[17:06:54]		1048572		696		1047876
[17:06:57]		1048572		696		1047876
[17:07:00]		1048572		696		1047876
[17:07:03]		1048572		696		1047876
[17:07:06]		1048572		696		1047876
[17:07:09]		1048572		696		1047876
[17:07:12]		1048572		696		1047876
[17:07:15]		1048572		696		1047876
[17:07:18]		1048572		696		1047876
[17:07:21]		1048572		696		1047876
[17:07:24]		1048572		696		1047876
[17:07:27]		1048572		696		1047876
[17:07:30]		1048572		696		1047876
[17:07:33]		1048572		696		1047876
[17:07:36]		1048572		696		1047876
[17:07:39]		1048572		696		1047876
[17:07:42]		1048572		696		1047876
[17:07:45]		1048572		696		1047876
[17:07:48]		1048572		696		1047876
[17:07:51]		1048572		696		1047876
[17:07:54]		1048572		696		1047876
[17:07:57]		1048572		696		1047876
[17:08:00]		1048572		696		1047876
[17:08:03]		1048572		696		1047876
[17:08:06]		1048572		696		1047876
[17:08:09]		1048572		696		1047876
[17:08:12]		1048572		696		1047876
[17:08:15]		1048572		696		1047876
[17:08:18]		1048572		696		1047876
[17:08:21]		1048572		696		1047876
[17:08:24]		1048572		696		1047876
[17:08:27]		1048572		696		1047876
[17:08:30]		1048572		696		1047876
[17:08:33]		1048572		696		1047876
[17:08:36]		1048572		696		1047876
[17:08:39]		1048572		696		1047876
[17:08:42]		1048572		696		1047876
[17:08:45]		1048572		696		1047876
[17:08:48]		1048572		696		1047876
[17:08:51]		1048572		696		1047876
[17:08:54]		1048572		696		1047876
[17:08:57]		1048572		696		1047876
[17:09:00]		1048572		696		1047876
[17:09:03]		1048572		696		1047876
[17:09:06]		1048572		696		1047876
[17:09:09]		1048572		696		1047876
[17:09:12]		1048572		696		1047876
[17:09:15]		1048572		696		1047876
[17:09:18]		1048572		696		1047876
[17:09:21]		1048572		696		1047876
[17:09:24]		1048572		696		1047876
[17:09:27]		1048572		696		1047876
[17:09:30]		1048572		696		1047876
[17:09:33]		1048572		696		1047876
[17:09:36]		1048572		696		1047876
[17:09:39]		1048572		696		1047876
[17:09:42]		1048572		696		1047876
[17:09:45]		1048572		696		1047876
[17:09:48]		1048572		696		1047876
[17:09:51]		1048572		696		1047876
[17:09:54]		1048572		696		1047876
[17:09:57]		1048572		696		1047876
[17:10:00]		1048572		696		1047876
[17:10:03]		1048572		696		1047876
[17:10:06]		1048572		696		1047876
[17:10:09]		1048572		696		1047876
[17:10:12]		1048572		696		1047876
[17:10:15]		1048572		696		1047876
[17:10:18]		1048572		696		1047876
[17:10:21]		1048572		696		1047876
[17:10:24]		1048572		696		1047876
[17:10:27]		1048572		696		1047876
[17:10:30]		1048572		696		1047876
[17:10:33]		1048572		696		1047876
[17:10:36]		1048572		696		1047876
[17:10:39]		1048572		696		1047876
[17:10:42]		1048572		696		1047876
[17:10:45]		1048572		696		1047876
[17:10:48]		1048572		696		1047876
[17:10:51]		1048572		696		1047876
[17:10:54]		1048572		696		1047876
[17:10:57]		1048572		696		1047876
[17:11:00]		1048572		696		1047876
[17:11:03]		1048572		696		1047876
[17:11:06]		1048572		696		1047876
[17:11:09]		1048572		696		1047876
[17:11:12]		1048572		696		1047876
[17:11:15]		1048572		696		1047876
[17:11:18]		1048572		696		1047876
[17:11:21]		1048572		696		1047876
[17:11:24]		1048572		696		1047876
[17:11:27]		1048572		696		1047876
[17:11:30]		1048572		696		1047876
[17:11:33]		1048572		696		1047876
[17:11:36]		1048572		696		1047876
[17:11:39]		1048572		696		1047876
[17:11:42]		1048572		696		1047876
[17:11:45]		1048572		696		1047876
[17:11:48]		1048572		696		1047876
[17:11:51]		1048572		696		1047876
[17:11:54]		1048572		696		1047876
[17:11:57]		1048572		696		1047876
[17:12:00]		1048572		696		1047876
[17:12:03]		1048572		696		1047876
[17:12:06]		1048572		696		1047876
[17:12:09]		1048572		696		1047876
[17:12:12]		1048572		696		1047876
[17:12:15]		1048572		696		1047876
[17:12:18]		1048572		696		1047876
[17:12:21]		1048572		696		1047876
[17:12:24]		1048572		696		1047876
[17:12:27]		1048572		696		1047876
[17:12:30]		1048572		696		1047876
[17:12:33]		1048572		696		1047876
[17:12:36]		1048572		696		1047876
[17:12:39]		1048572		696		1047876
[17:12:42]		1048572		696		1047876
[17:12:45]		1048572		696		1047876
[17:12:48]		1048572		696		1047876
[17:12:51]		1048572		696		1047876
[17:12:54]		1048572		696		1047876
[17:12:57]		1048572		696		1047876
[17:13:00]		1048572		696		1047876
[17:13:03]		1048572		696		1047876
[17:13:06]		1048572		696		1047876
[17:13:09]		1048572		696		1047876
[17:13:12]		1048572		696		1047876
[17:13:15]		1048572		696		1047876
[17:13:18]		1048572		696		1047876
[17:13:21]		1048572		696		1047876
[17:13:24]		1048572		696		1047876
[17:13:27]		1048572		696		1047876
[17:13:30]		1048572		696		1047876
[17:13:33]		1048572		696		1047876
[17:13:36]		1048572		696		1047876
[17:13:39]		1048572		696		1047876
[17:13:42]		1048572		696		1047876
[17:13:45]		1048572		696		1047876
[17:13:48]		1048572		696		1047876
[17:13:51]		1048572		696		1047876
[17:13:54]		1048572		696		1047876
[17:13:57]		1048572		696		1047876
[17:14:00]		1048572		696		1047876
[17:14:03]		1048572		696		1047876
[17:14:06]		1048572		696		1047876
[17:14:09]		1048572		696		1047876
[17:14:12]		1048572		696		1047876
[17:14:15]		1048572		696		1047876
[17:14:18]		1048572		696		1047876
[17:14:21]		1048572		696		1047876
[17:14:24]		1048572		696		1047876
[17:14:27]		1048572		696		1047876
[17:14:30]		1048572		696		1047876
[17:14:33]		1048572		696		1047876
[17:14:36]		1048572		696		1047876
[17:14:39]		1048572		696		1047876
[17:14:42]		1048572		696		1047876
[17:14:45]		1048572		696		1047876
[17:14:48]		1048572		696		1047876
[17:14:51]		1048572		696		1047876
[17:14:54]		1048572		696		1047876
[17:14:57]		1048572		696		1047876
[17:15:00]		1048572		696		1047876
[17:15:03]		1048572		696		1047876
[17:15:06]		1048572		696		1047876
[17:15:09]		1048572		696		1047876
[17:15:12]		1048572		696		1047876
[17:15:15]		1048572		696		1047876
[17:15:18]		1048572		696		1047876
[17:15:21]		1048572		696		1047876
[17:15:24]		1048572		696		1047876
[17:15:27]		1048572		696		1047876
[17:15:30]		1048572		696		1047876
[17:15:33]		1048572		696		1047876
[17:15:36]		1048572		696		1047876
[17:15:39]		1048572		696		1047876
[17:15:42]		1048572		696		1047876
[17:15:45]		1048572		696		1047876
[17:15:48]		1048572		696		1047876
[17:15:51]		1048572		696		1047876
[17:15:54]		1048572		696		1047876
[17:15:57]		1048572		696		1047876
[17:16:00]		1048572		696		1047876
[17:16:03]		1048572		696		1047876
[17:16:06]		1048572		696		1047876
[17:16:09]		1048572		696		1047876
[17:16:12]		1048572		696		1047876
[17:16:15]		1048572		696		1047876
[17:16:18]		1048572		696		1047876
[17:16:21]		1048572		696		1047876
[17:16:24]		1048572		696		1047876
[17:16:27]		1048572		696		1047876
[17:16:30]		1048572		696		1047876
[17:16:33]		1048572		696		1047876
[17:16:36]		1048572		696		1047876
[17:16:39]		1048572		696		1047876
[17:16:42]		1048572		696		1047876
[17:16:45]		1048572		696		1047876
[17:16:48]		1048572		696		1047876
[17:16:51]		1048572		696		1047876
[17:16:54]		1048572		696		1047876
[17:16:57]		1048572		696		1047876
[17:17:00]		1048572		696		1047876
[17:17:03]		1048572		696		1047876
[17:17:06]		1048572		696		1047876
[17:17:09]		1048572		696		1047876
[17:17:12]		1048572		696		1047876
[17:17:15]		1048572		696		1047876
[17:17:18]		1048572		696		1047876
[17:17:21]		1048572		696		1047876
[17:17:24]		1048572		696		1047876
[17:17:27]		1048572		696		1047876
[17:17:30]		1048572		696		1047876
[17:17:33]		1048572		696		1047876
[17:17:36]		1048572		696		1047876
[17:17:39]		1048572		696		1047876
[17:17:42]		1048572		696		1047876
[17:17:45]		1048572		696		1047876
[17:17:48]		1048572		696		1047876
[17:17:51]		1048572		696		1047876
[17:17:54]		1048572		696		1047876
[17:17:57]		1048572		696		1047876
[17:18:00]		1048572		696		1047876
[17:18:03]		1048572		696		1047876
[17:18:06]		1048572		696		1047876
[17:18:09]		1048572		696		1047876
[17:18:12]		1048572		696		1047876
[17:18:15]		1048572		696		1047876
[17:18:18]		1048572		696		1047876
[17:18:21]		1048572		696		1047876
[17:18:24]		1048572		696		1047876
[17:18:27]		1048572		696		1047876
[17:18:30]		1048572		696		1047876
[17:18:33]		1048572		696		1047876
[17:18:36]		1048572		696		1047876
[17:18:39]		1048572		696		1047876
[17:18:42]		1048572		696		1047876
[17:18:45]		1048572		696		1047876
[17:18:48]		1048572		696		1047876
[17:18:51]		1048572		696		1047876
[17:18:54]		1048572		696		1047876
[17:18:57]		1048572		696		1047876
[17:19:00]		1048572		696		1047876
[17:19:03]		1048572		696		1047876
[17:19:06]		1048572		696		1047876
[17:19:09]		1048572		696		1047876
[17:19:12]		1048572		696		1047876
[17:19:15]		1048572		696		1047876
[17:19:18]		1048572		696		1047876
[17:19:21]		1048572		696		1047876
[17:19:24]		1048572		696		1047876
[17:19:27]		1048572		696		1047876
[17:19:30]		1048572		696		1047876
[17:19:33]		1048572		696		1047876
[17:19:36]		1048572		696		1047876
[17:19:39]		1048572		696		1047876
[17:19:42]		1048572		696		1047876
[17:19:45]		1048572		696		1047876
[17:19:48]		1048572		696		1047876
[17:19:51]		1048572		696		1047876
[17:19:54]		1048572		696		1047876
[17:19:57]		1048572		696		1047876
[17:20:00]		1048572		696		1047876
[17:20:03]		1048572		696		1047876
[17:20:06]		1048572		696		1047876
[17:20:09]		1048572		696		1047876
[17:20:12]		1048572		696		1047876
[17:20:15]		1048572		696		1047876
[17:20:18]		1048572		696		1047876
[17:20:21]		1048572		696		1047876
[17:20:24]		1048572		696		1047876
[17:20:27]		1048572		696		1047876
[17:20:30]		1048572		696		1047876
[17:20:33]		1048572		696		1047876
[17:20:36]		1048572		696		1047876
[17:20:39]		1048572		696		1047876
[17:20:42]		1048572		696		1047876
[17:20:45]		1048572		696		1047876
[17:20:48]		1048572		696		1047876
[17:20:51]		1048572		696		1047876
[17:20:54]		1048572		696		1047876
[17:20:57]		1048572		696		1047876
[17:21:00]		1048572		696		1047876
[17:21:03]		1048572		696		1047876
[17:21:06]		1048572		696		1047876
[17:21:09]		1048572		696		1047876
[17:21:12]		1048572		696		1047876
[17:21:15]		1048572		696		1047876
[17:21:18]		1048572		696		1047876
[17:21:21]		1048572		696		1047876
[17:21:24]		1048572		696		1047876
[17:21:27]		1048572		696		1047876
[17:21:30]		1048572		696		1047876
[17:21:33]		1048572		696		1047876
[17:21:36]		1048572		696		1047876
[17:21:39]		1048572		696		1047876
[17:21:42]		1048572		696		1047876
[17:21:45]		1048572		696		1047876
[17:21:48]		1048572		696		1047876
[17:21:51]		1048572		696		1047876
[17:21:54]		1048572		696		1047876
[17:21:57]		1048572		696		1047876
[17:22:00]		1048572		696		1047876
[17:22:03]		1048572		696		1047876
[17:22:06]		1048572		696		1047876
[17:22:09]		1048572		696		1047876
[17:22:12]		1048572		696		1047876
[17:22:15]		1048572		696		1047876
[17:22:18]		1048572		696		1047876
[17:22:21]		1048572		696		1047876
[17:22:24]		1048572		696		1047876
[17:22:27]		1048572		696		1047876
[17:22:30]		1048572		696		1047876
[17:22:33]		1048572		696		1047876
[17:22:36]		1048572		696		1047876
[17:22:39]		1048572		696		1047876
[17:22:42]		1048572		696		1047876
[17:22:45]		1048572		696		1047876
[17:22:48]		1048572		696		1047876
[17:22:51]		1048572		696		1047876
[17:22:54]		1048572		696		1047876
[17:22:57]		1048572		696		1047876
[17:23:00]		1048572		696		1047876
[17:23:03]		1048572		696		1047876
[17:23:06]		1048572		696		1047876
[17:23:09]		1048572		696		1047876
[17:23:12]		1048572		696		1047876
[17:23:15]		1048572		696		1047876
[17:23:18]		1048572		696		1047876
[17:23:21]		1048572		696		1047876
[17:23:24]		1048572		696		1047876
[17:23:27]		1048572		696		1047876
[17:23:30]		1048572		696		1047876
[17:23:33]		1048572		696		1047876
[17:23:36]		1048572		696		1047876
[17:23:39]		1048572		696		1047876
[17:23:42]		1048572		696		1047876
[17:23:45]		1048572		696		1047876
[17:23:48]		1048572		696		1047876
[17:23:51]		1048572		696		1047876
[17:23:54]		1048572		696		1047876
[17:23:57]		1048572		696		1047876
[17:24:00]		1048572		696		1047876
[17:24:03]		1048572		696		1047876
[17:24:06]		1048572		696		1047876
[17:24:09]		1048572		696		1047876
[17:24:12]		1048572		696		1047876
[17:24:15]		1048572		696		1047876
[17:24:18]		1048572		696		1047876
[17:24:21]		1048572		696		1047876
[17:24:24]		1048572		696		1047876
[17:24:27]		1048572		696		1047876
[17:24:30]		1048572		696		1047876
[17:24:33]		1048572		696		1047876
[17:24:36]		1048572		696		1047876
[17:24:39]		1048572		696		1047876
[17:24:42]		1048572		696		1047876
[17:24:45]		1048572		696		1047876
[17:24:48]		1048572		696		1047876
[17:24:51]		1048572		696		1047876
[17:24:54]		1048572		696		1047876
[17:24:57]		1048572		696		1047876
[17:25:00]		1048572		696		1047876
[17:25:03]		1048572		696		1047876
[17:25:06]		1048572		696		1047876
[17:25:09]		1048572		696		1047876
[17:25:12]		1048572		696		1047876
[17:25:15]		1048572		696		1047876
[17:25:18]		1048572		696		1047876
[17:25:21]		1048572		696		1047876
[17:25:24]		1048572		696		1047876
[17:25:27]		1048572		696		1047876
[17:25:30]		1048572		696		1047876
[17:25:33]		1048572		696		1047876
[17:25:36]		1048572		696		1047876
[17:25:39]		1048572		696		1047876
[17:25:42]		1048572		696		1047876
[17:25:45]		1048572		696		1047876
[17:25:48]		1048572		696		1047876
[17:25:51]		1048572		696		1047876
[17:25:54]		1048572		696		1047876
[17:25:57]		1048572		696		1047876
[17:26:00]		1048572		696		1047876
[17:26:03]		1048572		696		1047876
[17:26:06]		1048572		696		1047876
[17:26:09]		1048572		696		1047876
[17:26:12]		1048572		696		1047876
[17:26:15]		1048572		696		1047876
[17:26:18]		1048572		696		1047876
[17:26:21]		1048572		696		1047876
[17:26:24]		1048572		696		1047876
[17:26:27]		1048572		696		1047876
[17:26:30]		1048572		696		1047876
[17:26:33]		1048572		696		1047876
[17:26:36]		1048572		696		1047876
[17:26:39]		1048572		696		1047876
[17:26:42]		1048572		696		1047876
[17:26:45]		1048572		696		1047876
[17:26:48]		1048572		696		1047876
[17:26:51]		1048572		696		1047876
[17:26:54]		1048572		696		1047876
[17:26:57]		1048572		696		1047876
[17:27:00]		1048572		696		1047876
[17:27:03]		1048572		696		1047876
[17:27:06]		1048572		696		1047876
[17:27:09]		1048572		696		1047876
[17:27:12]		1048572		696		1047876
[17:27:15]		1048572		696		1047876
[17:27:18]		1048572		696		1047876
[17:27:21]		1048572		696		1047876
[17:27:24]		1048572		696		1047876
[17:27:27]		1048572		696		1047876
[17:27:30]		1048572		696		1047876
[17:27:33]		1048572		696		1047876
[17:27:36]		1048572		696		1047876
[17:27:39]		1048572		696		1047876
[17:27:42]		1048572		696		1047876
[17:27:45]		1048572		696		1047876
[17:27:48]		1048572		696		1047876
[17:27:51]		1048572		696		1047876
[17:27:54]		1048572		696		1047876
[17:27:57]		1048572		696		1047876
[17:28:00]		1048572		696		1047876
[17:28:03]		1048572		696		1047876
[17:28:06]		1048572		696		1047876
[17:28:09]		1048572		696		1047876
[17:28:12]		1048572		696		1047876
[17:28:15]		1048572		696		1047876
[17:28:18]		1048572		696		1047876
[17:28:21]		1048572		696		1047876
[17:28:24]		1048572		696		1047876
[17:28:27]		1048572		696		1047876
[17:28:30]		1048572		696		1047876
[17:28:33]		1048572		696		1047876
[17:28:36]		1048572		696		1047876
[17:28:39]		1048572		696		1047876
[17:28:42]		1048572		696		1047876
[17:28:45]		1048572		696		1047876
[17:28:48]		1048572		696		1047876
[17:28:51]		1048572		696		1047876
[17:28:54]		1048572		696		1047876
[17:28:57]		1048572		696		1047876
[17:29:00]		1048572		696		1047876
[17:29:03]		1048572		696		1047876
[17:29:06]		1048572		696		1047876
[17:29:09]		1048572		696		1047876
[17:29:12]		1048572		696		1047876
[17:29:15]		1048572		696		1047876
[17:29:18]		1048572		696		1047876
[17:29:21]		1048572		696		1047876
[17:29:24]		1048572		696		1047876
[17:29:27]		1048572		696		1047876
[17:29:30]		1048572		696		1047876
[17:29:33]		1048572		696		1047876
[17:29:36]		1048572		696		1047876
[17:29:39]		1048572		696		1047876
[17:29:42]		1048572		696		1047876
[17:29:45]		1048572		696		1047876
[17:29:48]		1048572		696		1047876
[17:29:51]		1048572		696		1047876
[17:29:54]		1048572		696		1047876
[17:29:57]		1048572		696		1047876
[17:30:00]		1048572		696		1047876
[17:30:03]		1048572		696		1047876
[17:30:06]		1048572		696		1047876
[17:30:09]		1048572		696		1047876
[17:30:12]		1048572		696		1047876
[17:30:15]		1048572		696		1047876
[17:30:18]		1048572		696		1047876
[17:30:21]		1048572		696		1047876
[17:30:24]		1048572		696		1047876
[17:30:27]		1048572		696		1047876
[17:30:30]		1048572		696		1047876
[17:30:33]		1048572		696		1047876
[17:30:36]		1048572		696		1047876
[17:30:39]		1048572		696		1047876
[17:30:42]		1048572		696		1047876
[17:30:45]		1048572		696		1047876
[17:30:48]		1048572		696		1047876
[17:30:51]		1048572		696		1047876
[17:30:54]		1048572		696		1047876
[17:30:57]		1048572		696		1047876
[17:31:00]		1048572		696		1047876
[17:31:03]		1048572		696		1047876
[17:31:06]		1048572		696		1047876
[17:31:09]		1048572		696		1047876
[17:31:12]		1048572		696		1047876
[17:31:15]		1048572		696		1047876
[17:31:18]		1048572		696		1047876
[17:31:21]		1048572		696		1047876
[17:31:24]		1048572		696		1047876
[17:31:27]		1048572		696		1047876
[17:31:30]		1048572		696		1047876
[17:31:33]		1048572		696		1047876
[17:31:36]		1048572		696		1047876
[17:31:39]		1048572		696		1047876
[17:31:42]		1048572		696		1047876
[17:31:45]		1048572		696		1047876
[17:31:48]		1048572		696		1047876
[17:31:51]		1048572		696		1047876
[17:31:54]		1048572		696		1047876
[17:31:57]		1048572		696		1047876
[17:32:00]		1048572		696		1047876
[17:32:03]		1048572		696		1047876
[17:32:06]		1048572		696		1047876
[17:32:09]		1048572		696		1047876
[17:32:12]		1048572		696		1047876
[17:32:15]		1048572		696		1047876
[17:32:18]		1048572		696		1047876
[17:32:21]		1048572		696		1047876
[17:32:24]		1048572		696		1047876
[17:32:27]		1048572		696		1047876
[17:32:30]		1048572		696		1047876
[17:32:33]		1048572		696		1047876
[17:32:36]		1048572		696		1047876
[17:32:39]		1048572		696		1047876
[17:32:42]		1048572		696		1047876
[17:32:45]		1048572		696		1047876
[17:32:48]		1048572		696		1047876
[17:32:51]		1048572		696		1047876
[17:32:54]		1048572		696		1047876
[17:32:57]		1048572		696		1047876
[17:33:00]		1048572		696		1047876
[17:33:03]		1048572		696		1047876
[17:33:06]		1048572		696		1047876
[17:33:09]		1048572		696		1047876
[17:33:12]		1048572		696		1047876
[17:33:15]		1048572		696		1047876
[17:33:18]		1048572		696		1047876
[17:33:21]		1048572		696		1047876
[17:33:24]		1048572		696		1047876
[17:33:27]		1048572		696		1047876
[17:33:30]		1048572		696		1047876
[17:33:33]		1048572		696		1047876
[17:33:36]		1048572		696		1047876
[17:33:39]		1048572		696		1047876
[17:33:42]		1048572		696		1047876
[17:33:45]		1048572		696		1047876
[17:33:48]		1048572		696		1047876
[17:33:51]		1048572		696		1047876
[17:33:54]		1048572		696		1047876
[17:33:57]		1048572		696		1047876
[17:34:00]		1048572		696		1047876
[17:34:03]		1048572		696		1047876
[17:34:06]		1048572		696		1047876
[17:34:09]		1048572		696		1047876
[17:34:12]		1048572		696		1047876
[17:34:15]		1048572		696		1047876
[17:34:18]		1048572		696		1047876
[17:34:21]		1048572		696		1047876
[17:34:24]		1048572		696		1047876
[17:34:27]		1048572		696		1047876
[17:34:30]		1048572		696		1047876
[17:34:33]		1048572		696		1047876
[17:34:36]		1048572		696		1047876
[17:34:39]		1048572		696		1047876
[17:34:42]		1048572		696		1047876
[17:34:45]		1048572		696		1047876
[17:34:48]		1048572		696		1047876
[17:34:51]		1048572		696		1047876
[17:34:54]		1048572		696		1047876
[17:34:57]		1048572		696		1047876
[17:35:00]		1048572		696		1047876
[17:35:03]		1048572		696		1047876
[17:35:06]		1048572		696		1047876
[17:35:09]		1048572		696		1047876
[17:35:12]		1048572		696		1047876
[17:35:15]		1048572		696		1047876
[17:35:18]		1048572		696		1047876
[17:35:21]		1048572		696		1047876
[17:35:24]		1048572		696		1047876
[17:35:27]		1048572		696		1047876
[17:35:30]		1048572		696		1047876
[17:35:33]		1048572		696		1047876
[17:35:36]		1048572		696		1047876
[17:35:39]		1048572		696		1047876
[17:35:42]		1048572		696		1047876
[17:35:45]		1048572		696		1047876
[17:35:48]		1048572		696		1047876
[17:35:51]		1048572		696		1047876
[17:35:54]		1048572		696		1047876
[17:35:57]		1048572		696		1047876
[17:36:00]		1048572		696		1047876
[17:36:03]		1048572		696		1047876
[17:36:06]		1048572		696		1047876
[17:36:09]		1048572		696		1047876
[17:36:12]		1048572		696		1047876
[17:36:15]		1048572		696		1047876
[17:36:18]		1048572		696		1047876
[17:36:21]		1048572		696		1047876
[17:36:24]		1048572		696		1047876
[17:36:27]		1048572		696		1047876
[17:36:30]		1048572		696		1047876
[17:36:33]		1048572		696		1047876
[17:36:36]		1048572		696		1047876
[17:36:39]		1048572		696		1047876
[17:36:42]		1048572		696		1047876
[17:36:45]		1048572		696		1047876
[17:36:48]		1048572		696		1047876
[17:36:51]		1048572		696		1047876
[17:36:54]		1048572		696		1047876
[17:36:57]		1048572		696		1047876
[17:37:00]		1048572		696		1047876
[17:37:03]		1048572		696		1047876
[17:37:06]		1048572		696		1047876
[17:37:09]		1048572		696		1047876
[17:37:12]		1048572		696		1047876
[17:37:15]		1048572		696		1047876
[17:37:18]		1048572		696		1047876
[17:37:21]		1048572		696		1047876
[17:37:24]		1048572		696		1047876
[17:37:27]		1048572		696		1047876
[17:37:30]		1048572		696		1047876
[17:37:33]		1048572		696		1047876
[17:37:36]		1048572		696		1047876
[17:37:39]		1048572		696		1047876
[17:37:42]		1048572		696		1047876
[17:37:45]		1048572		696		1047876
[17:37:48]		1048572		696		1047876
[17:37:51]		1048572		696		1047876
[17:37:54]		1048572		696		1047876
[17:37:57]		1048572		696		1047876
[17:38:00]		1048572		696		1047876
[17:38:03]		1048572		696		1047876
[17:38:06]		1048572		696		1047876
[17:38:09]		1048572		696		1047876
[17:38:12]		1048572		696		1047876
[17:38:15]		1048572		696		1047876
[17:38:18]		1048572		696		1047876
[17:38:21]		1048572		696		1047876
[17:38:24]		1048572		696		1047876
[17:38:27]		1048572		696		1047876
[17:38:30]		1048572		696		1047876
[17:38:33]		1048572		696		1047876
[17:38:36]		1048572		696		1047876
[17:38:39]		1048572		696		1047876
[17:38:42]		1048572		696		1047876
[17:38:45]		1048572		696		1047876
[17:38:48]		1048572		696		1047876
[17:38:51]		1048572		696		1047876
[17:38:54]		1048572		696		1047876
[17:38:57]		1048572		696		1047876
[17:39:00]		1048572		696		1047876
[17:39:03]		1048572		696		1047876
[17:39:06]		1048572		696		1047876
[17:39:09]		1048572		696		1047876
[17:39:12]		1048572		696		1047876
[17:39:15]		1048572		696		1047876
[17:39:18]		1048572		696		1047876
[17:39:21]		1048572		696		1047876
[17:39:24]		1048572		696		1047876
[17:39:27]		1048572		696		1047876
[17:39:30]		1048572		696		1047876
[17:39:33]		1048572		696		1047876
[17:39:36]		1048572		696		1047876
[17:39:39]		1048572		696		1047876
[17:39:42]		1048572		696		1047876
[17:39:45]		1048572		696		1047876
[17:39:48]		1048572		696		1047876
[17:39:51]		1048572		696		1047876
[17:39:54]		1048572		696		1047876
[17:39:57]		1048572		696		1047876
[17:40:00]		1048572		696		1047876
[17:40:03]		1048572		696		1047876
[17:40:06]		1048572		696		1047876
[17:40:09]		1048572		696		1047876
