recorded by mmserver domain:[id:12 time:Mon Apr  1 19:52:03 2013
]
time		tg_mem		use_mem		free_mem		
19:52:05		524288		273996		250292		
19:52:07		524288		273996		250292		
19:52:09		524288		273996		250292		
19:52:11		524288		273996		250292		
19:52:13		524288		273996		250292		
19:52:15		524288		273996		250292		
19:52:17		524288		273996		250292		
19:52:19		524288		273996		250292		
19:52:21		524288		273996		250292		
19:52:23		524288		273996		250292		
19:52:25		524288		273996		250292		
19:52:27		524288		273996		250292		
19:52:29		524288		273996		250292		
19:52:31		524288		273996		250292		
19:52:34		524288		273996		250292		
19:52:36		524288		273996		250292		
19:52:38		524288		273996		250292		
19:52:40		524288		273996		250292		
19:52:42		524288		273996		250292		
19:52:44		524288		273996		250292		
19:52:46		521702		271410		250292		
19:52:48		518995		268703		250292		
19:52:50		513726		273974		239752		
19:52:52		518164		274072		244092		
19:52:54		514881		273517		241364		
19:52:56		493481		273445		220036		
19:52:58		485467		273491		211976		
19:53:00		463000		273468		189532		
19:53:02		471362		274018		197344		
19:53:04		455541		273449		182092		
19:53:06		443796		273484		170312		
19:53:08		429201		273521		155680		
19:53:10		418466		273450		145016		
19:53:12		412844		273532		139312		
19:53:14		406606		273494		133112		
19:53:16		396536		273468		123068		
19:53:18		394737		273529		121208		
19:53:20		391407		280127		111280		
19:53:22		397132		282892		114240		
19:53:24		396485		305349		91136		
19:53:26		414280		305908		108372		
19:53:28		410733		305337		105396		
19:53:30		405848		305288		100560		
19:53:32		407581		305905		101676		
19:53:34		404962		305394		99568		
19:53:36		403815		305363		98452		
19:53:38		401193		305345		95848		
19:53:40		401102		305378		95724		
19:53:42		401468		305744		95724		
19:53:44		399152		305288		93864		
19:53:47		400692		306084		94608		
19:53:49		397430		305550		91880		
19:53:51		402368		308752		93616		
19:53:53		399676		305936		93740		
19:53:55		397756		305380		92376		
19:53:57		396056		305416		90640		
19:53:59		428372		336616		91756		
19:54:01		417256		305908		111348		
19:54:03		422228		310880		111348		
19:54:05		427696		308164		119532		
19:54:07		427511		307979		119532		
19:54:09		422675		306067		116608		
19:54:11		415507		306091		109416		
19:54:13		417611		307327		110284		
19:54:15		414102		305678		108424		
19:54:17		412672		305612		107060		
19:54:19		409085		305621		103464		
19:54:21		404468		305716		98752		
19:54:23		400676		305644		95032		
19:54:25		402603		306579		96024		
19:54:27		400680		305648		95032		
19:54:29		401849		306073		95776		
19:54:31		399558		305518		94040		
19:54:33		401038		306626		94412		
19:54:35		398682		305758		92924		
19:54:37		399095		306047		93048		
19:54:39		396246		305678		90568		
19:54:41		395818		305622		90196		
19:54:43		394179		305595		88584		
19:54:45		399962		311006		88956		
19:54:47		400678		306142		94536		
19:54:49		401046		306138		94908		
19:54:51		401454		306050		95404		
19:54:53		399375		305583		93792		
19:54:55		399287		305619		93668		
19:54:57		398847		305551		93296		
19:55:00		399201		305905		93296		
19:55:02		403026		308118		94908		
19:55:04		400951		305795		95156		
19:55:06		399430		305762		93668		
19:55:08		403586		309546		94040		
19:55:10		406025		306157		99868		
19:55:12		436502		333286		103216		
19:55:14		448120		306092		142028		
19:55:16		469131		324747		144384		
19:55:18		489405		308193		181212		
19:55:20		464004		305608		158396		
19:55:22		469984		306132		163852		
19:55:24		460538		305614		154924		
19:55:26		467149		311853		155296		
19:55:28		469790		307302		162488		
19:55:30		466710		304222		162488		
19:55:32		457206		305630		151576		
19:55:34		454245		305645		148600		
19:55:36		452817		305581		147236		
19:55:38		448728		305584		143144		
19:55:40		441595		305643		135952		
19:55:42		437879		305647		132232		
19:55:44		433930		305666		128264		
19:55:46		427926		305614		122312		
19:55:48		427910		305598		122312		
19:55:50		429002		306194		122808		
19:55:52		429007		306199		122808		
19:55:54		424652		305688		118964		
19:55:56		422435		305703		116732		
19:55:58		421637		305649		115988		
19:56:00		422195		306207		115988		
19:56:02		417516		305620		111896		
19:56:04		416681		305653		111028		
19:56:06		416480		305700		110780		
19:56:08		415577		305665		109912		
19:56:10		448570		337542		111028		
19:56:13		442045		306217		135828		
19:56:15		447119		309803		137316		
19:56:17		441448		305868		135580		
19:56:19		439193		305845		133348		
19:56:21		426423		305847		120576		
19:56:23		423986		305890		118096		
19:56:25		417991		305847		112144		
19:56:27		412663		305851		106812		
19:56:29		412977		306165		106812		
19:56:31		409569		305857		103712		
19:56:33		408961		305869		103092		
19:56:35		411811		307975		103836		
19:56:37		408665		305697		102968		
19:56:39		406578		305718		100860		
19:56:41		440479		339247		101232		
19:56:43		439353		306253		133100		
19:56:45		436980		305740		131240		
19:56:47		443788		306224		137564		
19:56:49		434526		305766		128760		
19:56:51		435978		283510		152468		
19:56:53		412132		305692		106440		
19:56:55		434439		322915		111524		
19:56:57		449597		311785		137812		
19:56:59		433289		305769		127520		
19:57:01		431303		305767		125536		
19:57:03		424428		305712		118716		
19:57:05		426067		306235		119832		
19:57:07		427704		306756		120948		
19:57:09		423679		305955		117724		
19:57:11		419848		305968		113880		
19:57:13		421344		307464		113880		
19:57:15		416743		305963		110780		
19:57:17		422516		311728		110788		
19:57:19		419029		306017		113012		
19:57:21		419029		306017		113012		
19:57:24		414583		305911		108672		
19:57:26		415844		306304		109540		
19:57:28		413080		305772		107308		
19:57:30		422100		311940		110160		
19:57:32		463231		353071		110160		
19:57:34		444076		333916		110160		
19:57:36		426835		306383		120452		
19:57:38		452318		306322		145996		
19:57:40		450841		305837		145004		
19:57:42		449402		305762		143640		
19:57:44		450061		306421		143640		
19:57:46		442979		305787		137192		
19:57:48		444451		306763		137688		
19:57:50		437635		306023		131612		
19:57:52		438136		306400		131736		
19:57:54		439357		306381		132976		
19:57:56		471141		336429		134712		
19:57:58		464261		306361		157900		
19:58:00		461422		305878		155544		
19:58:02		464426		308634		155792		
19:58:04		463703		306051		157652		
19:58:06		490462		331942		158520		
19:58:08		473739		306043		167696		
19:58:10		486314		310930		175384		
19:58:12		475331		305899		169432		
19:58:14		472884		305808		167076		
19:58:16		466214		305834		160380		
19:58:18		451049		305921		145128		
19:58:20		437874		305890		131984		
19:58:22		431343		305807		125536		
19:58:24		429865		305817		124048		
19:58:26		423278		305926		117352		
19:58:28		420410		305910		114500		
19:58:30		416682		302182		114500		
19:58:33		414661		305865		108796		
19:58:35		414661		305865		108796		
19:58:37		414765		306093		108672		
19:58:39		421480		312312		109168		
19:58:41		427278		314018		113260		
19:58:43		428701		315441		113260		
19:58:45		427731		306411		121320		
19:58:47		419940		298620		121320		
19:58:49		410632		289312		121320		
19:58:51		401594		280274		121320		
19:58:53		394150		272830		121320		
19:58:55		382552		261232		121320		
19:58:57		371215		249895		121320		
19:58:59		366040		244720		121320		
19:59:01		352492		231172		121320		
19:59:03		348661		227341		121320		
19:59:05		342562		221242		121320		
19:59:07		336274		214954		121320		
19:59:09		331012		209692		121320		
19:59:11		349482		228162		121320		
19:59:13		355718		234398		121320		
19:59:15		374200		252880		121320		
19:59:17		395866		274546		121320		
19:59:19		403416		280808		122608		
19:59:21		323075		200467		122608		
19:59:23		335093		212485		122608		
19:59:25		353549		230941		122608		
19:59:27		369272		228972		140300		
19:59:29		365907		225607		140300		
19:59:31		353044		212744		140300		
19:59:33		344160		203860		140300		
19:59:35		335857		195557		140300		
19:59:37		333375		193075		140300		
19:59:39		332618		228402		104216		
19:59:42		363624		229028		134596		
19:59:44		360970		228482		132488		
19:59:46		355722		228442		127280		
19:59:48		353026		228474		124552		
19:59:50		355571		231019		124552		
19:59:52		361810		237258		124552		
19:59:54		358476		228592		129884		
19:59:56		351056		228612		122444		
19:59:58		347720		228624		119096		
20:00:00		349628		230036		119592		
20:00:02		343437		228681		114756		
20:00:04		346838		230346		116492		
20:00:06		380467		258023		122444		
20:00:08		408083		250867		157216		
20:00:10		449281		229073		220208		
20:00:12		410763		228499		182264		
20:00:14		403319		228495		174824		
20:00:16		398255		228515		169740		
20:00:18		393045		228513		164532		
20:00:20		382789		228549		154240		
20:00:22		381588		206244		175344		
20:00:24		362287		186943		175344		
20:00:26		341750		166406		175344		
20:00:28		324699		228611		96088		
20:00:30		364347		268259		96088		
20:00:32		325937		229849		96088		
20:00:34		357754		261666		96088		
20:00:36		319092		228460		90632		
20:00:38		389849		295001		94848		
20:00:40		360179		228999		131180		
20:00:42		391396		229092		162304		
20:00:44		385235		228511		156724		
20:00:46		383975		228491		155484		
20:00:48		382714		228594		154120		
20:00:50		382233		228485		153748		
20:00:52		380635		228499		152136		
20:00:55		382676		229548		153128		
20:00:57		381375		228743		152632		
20:00:59		375974		228674		147300		
20:01:01		377677		229137		148540		
20:01:03		375351		228547		146804		
20:01:05		370012		228540		141472		
20:01:07		369233		228629		140604		
20:01:09		363288		228512		134776		
20:01:11		351105		228605		122500		
20:01:13		346256		228592		117664		
20:01:15		344308		228504		115804		
20:01:17		341799		228599		113200		
20:01:19		340488		228528		111960		
20:01:21		338321		228593		109728		
20:01:23		340882		230534		110348		
20:01:25		334925		224577		110348		
20:01:27		334757		228749		106008		
20:01:29		338021		229161		108860		
20:01:31		341793		231445		110348		
20:01:33		341448		229116		112332		
20:01:35		339229		228757		110472		
20:01:37		336541		228673		107868		
20:01:39		337781		229169		108612		
20:01:41		334000		228612		105388		
20:01:43		334129		228741		105388		
20:01:45		334228		228840		105388		
20:01:47		331499		228591		102908		
20:01:49		332703		229175		103528		
20:01:51		398876		293364		105512		
20:01:53		398886		229142		169744		
20:01:55		403965		232237		171728		
20:01:57		410038		229134		180904		
20:01:59		390471		228663		161808		
20:02:01		387523		228691		158832		
20:02:03		378913		228637		150276		
20:02:05		377854		228694		149160		
20:02:08		362896		228616		134280		
20:02:10		372344		237692		134652		
20:02:12		373508		229184		144324		
20:02:14		363178		218854		144324		
20:02:16		350501		228621		121880		
20:02:18		361769		236417		125352		
20:02:20		361511		229207		132304		
20:02:22		354233		228633		125600		
20:02:24		351064		228688		122376		
20:02:26		348102		228702		119400		
20:02:28		345785		228741		117044		
20:02:30		349062		229290		119772		
20:02:32		387071		265439		121632		
20:02:34		395313		251361		143952		
20:02:36		408361		229193		179168		
20:02:38		385739		228767		156972		
20:02:40		382599		228727		153872		
20:02:42		380871		228859		152012		
20:02:44		384124		231864		152260		
20:02:46		370084		228860		141224		
20:02:48		352107		228863		123244		
20:02:50		342942		228874		114068		
20:02:52		341144		228936		112208		
20:02:54		339070		228846		110224		
20:02:56		336239		228867		107372		
20:02:58		335468		228840		106628		
20:03:00		335094		228838		106256		
20:03:02		367011		260259		106752		
20:03:04		364047		229271		134776		
20:03:06		373573		238053		135520		
20:03:08		355100		228880		126220		
20:03:10		358525		229329		129196		
20:03:12		347907		228755		119152		
20:03:15		349566		229298		120268		
20:03:17		344526		228722		115804		
20:03:19		343378		228814		114564		
20:03:21		343721		229157		114564		
20:03:23		341012		228804		112208		
20:03:25		338804		228704		110100		
20:03:27		335356		228728		106628		
20:03:29		333460		228816		104644		
20:03:31		330564		228772		101792		
20:03:33		331480		229316		102164		
20:03:35		390369		286717		103652		
20:03:37		392370		229322		163048		
20:03:39		404056		231832		172224		
20:03:41		393187		228775		164412		
20:03:43		391419		228735		162684		
20:03:45		381577		228813		152764		
20:03:47		370064		228832		141232		
20:03:49		366002		228862		137140		
20:03:51		350855		228843		122012		
20:03:53		354168		231908		122260		
20:03:55		347288		228996		118292		
20:03:57		345941		229013		116928		
20:03:59		343896		228952		114944		
20:04:01		339542		228938		110604		
20:04:03		335604		228968		106636		
20:04:05		337472		230340		107132		
20:04:07		333196		229040		104156		
20:04:09		332152		228988		103164		
20:04:11		327108		229028		98080		
20:04:13		364852		265532		99320		
20:04:15		344334		229390		114944		
20:04:17		360923		242755		118168		
20:04:19		362057		229381		132676		
20:04:21		345821		228893		116928		
20:04:23		345283		228851		116432		
20:04:25		340101		228877		111224		
20:04:28		350102		238630		111472		
20:04:30		347358		229438		117920		
20:04:32		347452		229408		118044		
20:04:34		342915		228963		113952		
20:04:36		343323		229371		113952		
20:04:38		340274		228926		111348		
20:04:40		387287		275071		112216		
20:04:42		382427		229415		153012		
20:04:44		381721		228957		152764		
20:04:46		377568		228896		148672		
20:04:48		376928		228876		148052		
20:04:50		372707		228871		143836		
20:04:52		359509		228941		130568		
20:04:54		362846		231286		131560		
20:04:56		347120		229076		118044		
20:04:58		348425		229513		118912		
20:05:00		343165		228965		114200		
20:05:02		381494		267170		114324		
20:05:04		373651		229443		144208		
20:05:06		374026		229446		144580		
20:05:08		378271		229475		148796		
20:05:10		393496		241972		151524		
20:05:12		405179		229475		175704		
20:05:14		390907		228967		161940		
20:05:16		393356		231416		161940		
20:05:18		388080		228992		159088		
20:05:20		391355		231771		159584		
20:05:22		386740		229140		157600		
20:05:24		390809		232589		158220		
20:05:26		422405		258109		164296		
20:05:28		404167		239871		164296		
20:05:30		434865		229525		205340		
20:05:32		414402		229026		185376		
20:05:34		412303		229035		183268		
20:05:36		407499		228943		178556		
20:05:39		403369		229029		174340		
20:05:41		399517		229021		170496		
20:05:43		396872		228980		167892		
20:05:45		395938		229038		166900		
20:05:47		427846		259458		168388		
20:05:49		415073		229573		185500		
20:05:51		431455		244591		186864		
20:05:53		438603		229543		209060		
20:05:55		429282		229026		200256		
20:05:57		421501		229057		192444		
20:05:59		415208		229088		186120		
20:06:01		404440		228984		175456		
20:06:03		404630		229174		175456		
20:06:05		401823		228971		172852		
20:06:07		389677		228977		160700		
20:06:09		391053		229609		161444		
20:06:11		383028		229024		154004		
20:06:13		379974		229070		150904		
20:06:15		375691		229003		146688		
20:06:17		370258		229026		141232		
20:06:19		366958		229074		137884		
20:06:21		364476		229072		135404		
20:06:23		362284		228988		133296		
20:06:25		362252		229080		133172		
20:06:27		359340		229020		130320		
20:06:29		360436		229620		130816		
20:06:31		361645		229589		132056		
20:06:33		360763		229079		131684		
20:06:35		361173		229489		131684		
20:06:37		345852		229048		116804		
20:06:39		342661		229081		113580		
20:06:41		339684		229080		110604		
20:06:43		335604		229092		106512		
20:06:45		336856		229972		106884		
20:06:47		336932		229676		107256		
20:06:49		363704		254712		108992		
20:06:52		341491		229647		111844		
20:06:54		351007		235319		115688		
20:06:56		362811		229639		133172		
20:06:58		353737		229121		124616		
20:07:00		354443		229703		124740		
20:07:02		351053		229165		121888		
20:07:04		351388		229500		121888		
20:07:06		347793		229129		118664		
20:07:08		348571		229659		118912		
20:07:10		344777		229089		115688		
20:07:12		343544		229096		114448		
20:07:14		343456		206788		136668		
20:07:16		320508		229124		91384		
20:07:18		341891		229675		112216		
20:07:20		338599		229111		109488		
20:07:22		338112		229112		109000		
20:07:24		332998		229090		103908		
20:07:26		423592		319684		103908		
20:07:28		411059		229651		181408		
20:07:30		421387		233903		187484		
20:07:32		412594		229202		183392		
20:07:34		414357		230097		184260		
20:07:36		415287		229663		185624		
20:07:38		412431		229163		183268		
20:07:40		402767		229171		173596		
20:07:42		396676		229156		167520		
20:07:44		397626		229734		167892		
20:07:46		386439		229211		157228		
20:07:48		387713		229741		157972		
20:07:50		377640		229216		148424		
20:07:52		380523		231851		148672		
20:07:54		382406		229766		152640		
20:07:56		372658		229194		143464		
20:07:58		371275		229175		142100		
20:08:00		394591		251623		142968		
20:08:02		413219		241607		171612		
20:08:05		389827		218215		171612		
20:08:07		372778		229190		143588		
20:08:09		374063		229731		144332		
20:08:11		360653		229217		131436		
20:08:13		354035		229171		124864		
20:08:15		353887		229271		124616		
20:08:17		350252		229232		121020		
20:08:19		352523		229767		122756		
20:08:21		350097		229201		120896		
20:08:23		406475		285455		121020		
20:08:25		405842		229766		176076		
20:08:27		403811		229223		174588		
20:08:29		405929		229853		176076		
20:08:31		402828		229232		173596		
20:08:33		402410		229310		173100		
20:08:35		394818		229282		165536		
20:08:37		388541		229205		159336		
20:08:39		385455		229219		156236		
20:08:41		381884		229244		152640		
20:08:43		367620		229240		138380		
20:08:45		363348		229308		134040		
20:08:47		355863		229263		126600		
20:08:49		352874		229250		123624		
20:08:51		346611		229311		117300		
20:08:53		344486		229294		115192		
20:08:55		344948		229756		115192		
20:08:57		336580		229448		107132		
20:08:59		332178		229386		102792		
20:09:01		329446		229382		100064		
20:09:03		328850		229630		99220		
20:09:05		326888		229652		97236		
20:09:07		323039		229647		93392		
20:09:09		321737		229585		92152		
20:09:11		320955		229671		91284		
20:09:13		317710		229650		88060		
20:09:16		315944		229620		86324		
20:09:18		318488		231544		86944		
20:09:20		326203		229835		96368		
20:09:22		325048		229300		95748		
20:09:24		360768		265020		95748		
20:09:26		353500		229852		123648		
20:09:28		355597		229841		125756		
20:09:30		352986		229338		123648		
20:09:32		414429		286565		127864		
20:09:34		416589		229825		186764		
20:09:36		420089		231341		188748		
20:09:38		422769		229929		192840		
20:09:40		420761		229285		191476		
20:09:42		420542		229314		191228		
20:09:44		409834		229394		180440		
20:09:46		403597		229357		174240		
20:09:48		394706		229394		165312		
20:09:50		384918		229402		155516		
20:09:52		384654		229386		155268		
20:09:54		379631		229323		150308		
20:09:56		369677		229289		140388		
20:09:58		366125		229333		136792		
20:10:00		361499		229295		132204		
20:10:02		394040		260596		133444		
20:10:04		385941		229929		156012		
20:10:06		385523		229511		156012		
20:10:08		370905		229401		141504		
20:10:10		370793		229537		141256		
20:10:12		370117		229481		140636		
20:10:14		369364		229472		139892		
20:10:16		367059		229523		137536		
20:10:18		361504		229548		131956		
20:10:20		363015		230687		132328		
20:10:22		363015		229943		133072		
20:10:24		453179		229959		223220		
20:10:27		413188		229400		183788		
20:10:29		410686		229378		181308		
20:10:31		409791		229351		180440		
20:10:33		404065		229453		174612		
20:10:35		399567		229419		170148		
20:10:37		399471		229447		170024		
20:10:39		423150		253126		170024		
20:10:41		420935		229955		190980		
20:10:43		400002		229482		170520		
20:10:45		398023		229487		168536		
20:10:47		396717		229421		167296		
20:10:49		394128		207200		186928		
20:10:51		374553		229437		145116		
20:10:53		392044		229940		162104		
20:10:55		389819		229451		160368		
20:10:57		379097		229517		149580		
20:10:59		382936		233232		149704		
20:11:01		362868		229656		133212		
20:11:03		358389		229641		128748		
20:11:05		359452		229960		129492		
20:11:07		355212		229432		125780		
20:11:09		351682		229374		122308		
20:11:11		399877		277321		122556		
20:11:13		389014		230002		159012		
20:11:15		396476		235728		160748		
20:11:17		392941		229589		163352		
20:11:19		391739		229627		162112		
20:11:21		386867		229591		157276		
20:11:23		383844		229668		154176		
20:11:25		368288		229612		138676		
20:11:27		369316		230020		139296		
20:11:29		356853		229461		127392		
20:11:31		356438		229418		127020		
20:11:33		350813		229497		121316		
20:11:35		348953		229497		119456		
20:11:37		348264		229428		118836		
20:11:40		350449		230993		119456		
20:11:42		350843		230023		120820		
20:11:44		348889		229557		119332		
20:11:46		351102		230282		120820		
20:11:48		380185		252421		127764		
20:11:50		431457		230037		201420		
20:11:52		378606		229514		149092		
20:11:54		378706		229614		149092		
20:11:56		369384		229468		139916		
20:11:58		360636		229524		131112		
20:12:00		357602		229466		128136		
20:12:02		352985		229561		123424		
20:12:04		353969		230545		123424		
20:12:06		361048		230804		130244		
20:12:08		352707		229531		123176		
20:12:10		353042		229866		123176		
20:12:12		347253		229533		117720		
20:12:14		346902		229554		117348		
20:12:16		387732		270384		117348		
20:12:18		430186		289774		140412		
20:12:20		402545		230141		172404		
20:12:22		425483		230139		195344		
20:12:24		429917		230109		199808		
20:12:26		422074		229582		192492		
20:12:28		423044		230056		192988		
20:12:30		416216		229552		186664		
20:12:32		409315		229595		179720		
20:12:34		402719		229695		173024		
20:12:36		391588		229724		161864		
20:12:38		388878		229742		159136		
20:12:40		393981		233729		160252		
20:12:42		394205		230109		164096		
20:12:44		386648		229620		157028		
20:12:47		383950		229650		154300		
20:12:49		374895		229647		145248		
20:12:51		374016		229636		144380		
20:12:53		368342		229542		138800		
20:12:55		368864		230064		138800		
20:12:57		400541		260129		140412		
20:12:59		396122		230166		165956		
20:13:01		385498		229586		155912		
20:13:03		387543		230143		157400		
20:13:05		381716		229648		152068		
20:13:07		381973		229905		152068		
20:13:09		379146		229558		149588		
20:13:11		379009		229669		149340		
20:13:13		370905		229625		141280		
20:13:15		362315		229591		132724		
20:13:17		350164		229592		120572		
20:13:19		348462		229626		118836		
20:13:21		345854		229622		116232		
20:13:23		342396		229636		112760		
20:13:25		391861		278605		113256		
20:13:27		379910		230198		149712		
20:13:29		385682		235226		150456		
20:13:31		381805		229861		151944		
20:13:33		378987		229771		149216		
20:13:35		382394		232806		149588		
20:13:37		395029		230189		164840		
20:13:39		396509		230181		166328		
20:13:41		389611		229607		160004		
20:13:43		389251		229619		159632		
20:13:45		386405		229625		156780		
20:13:47		376139		229651		146488		
20:13:49		374817		229693		145124		
20:13:51		365297		229721		135576		
20:13:53		369011		233435		135576		
20:13:55		364587		229631		134956		
20:13:57		360865		229629		131236		
20:14:00		355307		229651		125656		
20:14:02		351600		229664		121936		
20:14:04		350317		229621		120696		
20:14:06		347322		229602		117720		
20:14:08		380835		262867		117968		
20:14:10		375686		230190		145496		
20:14:12		381436		235444		145992		
20:14:14		376700		230212		146488		
20:14:16		380615		234127		146488		
20:14:18		372584		229692		142892		
20:14:20		374595		231703		142892		
20:14:22		378827		230231		148596		
20:14:24		370190		229778		140412		
20:14:26		367537		229729		137808		
20:14:28		371086		232782		138304		
20:14:30		367954		229898		138056		
20:14:32		358138		229878		128260		
20:14:34		361806		232926		128880		
20:14:36		408844		277360		131484		
20:14:38		437599		306115		131484		
20:14:40		409797		230325		179472		
20:14:42		435772		221184		214588		
20:14:44		422189		229821		192368		
20:14:46		438115		230247		207868		
20:14:48		432627		229719		202908		
20:14:50		422161		229793		192368		
20:14:52		428657		236041		192616		
20:14:54		425805		230337		195468		
20:14:56		424714		229742		194972		
20:14:58		420898		229770		191128		
20:15:00		425490		233742		191748		
20:15:02		426564		230352		196212		
20:15:04		425014		229794		195220		
20:15:06		421440		229816		191624		
20:15:08		422711		230343		192368		
20:15:10		420810		229806		191004		
20:15:12		402351		229823		172528		
20:15:15		402995		230343		172652		
20:15:17		402502		229850		172652		
20:15:19		423945		249681		174264		
20:15:21		437447		230323		207124		
20:15:23		428861		229797		199064		
20:15:25		417634		229854		187780		
20:15:27		421679		233899		187780		
20:15:29		418159		230379		187780		
20:15:31		412438		229866		182572		
20:15:33		414689		230505		184184		
20:15:35		413370		230054		183316		
20:15:37		402092		230060		172032		
20:15:39		406634		233982		172652		
20:15:41		391051		230055		160996		
20:15:43		389676		230044		159632		
20:15:45		385584		230044		155540		
20:15:47		381993		230049		151944		
20:15:49		381331		230007		151324		
20:15:51		379416		230076		149340		
20:15:53		367361		230049		137312		
20:15:55		355794		230014		125780		
20:15:57		353667		229995		123672		
20:15:59		348172		229956		118216		
20:16:01		342665		230029		112636		
20:16:03		346373		233489		112884		
20:16:05		346576		230468		116108		
20:16:07		340717		229941		110776		
20:16:09		339513		229853		109660		
20:16:11		338345		229925		108420		
20:16:13		335922		229858		106064		
20:16:15		337932		231620		106312		
20:16:17		336508		230196		106312		
20:16:19		335456		229888		105568		
20:16:21		338927		232615		106312		
20:16:23		334877		229929		104948		
20:16:26		331191		229963		101228		
20:16:28		363140		261788		101352		
20:16:30		362060		230452		131608		
20:16:32		355187		229903		125284		
20:16:34		352071		229887		122184		
20:16:36		353657		230605		123052		
20:16:38		416916		293244		123672		
20:16:40		404994		230482		174512		
20:16:42		414431		233099		181332		
20:16:44		416553		230509		186044		
20:16:46		408970		229994		178976		
20:16:48		404718		229958		174760		
20:16:50		401705		229921		171784		
20:16:52		392511		229903		162608		
20:16:54		390065		229937		160128		
20:16:56		388478		229962		158516		
20:16:58		375887		229895		145992		
20:17:00		373560		229924		143636		
20:17:02		372185		230533		141652		
20:17:04		363878		230410		133468		
20:17:06		361129		230389		130740		
20:17:08		362730		230502		132228		
20:17:10		395351		261511		133840		
20:17:12		393259		230527		162732		
20:17:14		386298		230014		156284		
20:17:16		383880		229952		153928		
20:17:18		378864		230020		148844		
20:17:20		380955		231615		149340		
20:17:22		372975		230207		142768		
20:17:24		370796		230136		140660		
20:17:26		371324		230540		140784		
20:17:28		368132		230076		138056		
20:17:30		418683		280379		138304		
20:17:32		411624		232400		179224		
20:17:35		424310		230578		193732		
20:17:37		440931		241495		199436		
20:17:39		465397		230497		234900		
20:17:41		439312		230080		209232		
20:17:43		428837		230021		198816		
20:17:45		422675		230059		192616		
20:17:47		424796		231436		193360		
20:17:49		414495		230063		184432		
20:17:51		407109		229993		177116		
20:17:53		397928		229988		167940		
20:17:55		396090		230010		166080		
20:17:57		384884		230088		154796		
20:17:59		382828		230016		152812		
20:18:01		378076		229976		148100		
20:18:03		374416		226316		148100		
20:18:05		365700		217600		148100		
20:18:07		349899		201799		148100		
20:18:09		329617		181517		148100		
20:18:11		301809		230093		71716		
20:18:13		345011		230639		114372		
20:18:15		340016		230108		109908		
20:18:17		346368		235964		110404		
20:18:19		348906		230566		118340		
20:18:21		350459		230631		119828		
20:18:23		404092		281660		122432		
20:18:25		404320		237248		167072		
20:18:27		404320		230676		173644		
20:18:29		403630		230110		173520		
20:18:31		399668		230116		169552		
20:18:33		392753		230145		162608		
20:18:35		390868		230120		160748		
20:18:37		384908		230112		154796		
20:18:39		383118		230058		153060		
20:18:41		375188		230064		145124		
20:18:43		370211		207935		162276		
20:18:46		350368		230152		120216		
20:18:48		400500		280284		120216		
20:18:50		399144		278928		120216		
20:18:52		351922		230218		121704		
20:18:54		386153		230597		155556		
20:18:56		386167		230611		155556		
20:18:58		372281		230117		142164		
20:19:00		362138		230142		131996		
20:19:02		352850		230154		122696		
20:19:04		344807		230171		114636		
20:19:06		338211		230147		108064		
20:19:08		335946		230114		105832		
20:19:10		335821		230113		105708		
20:19:12		330109		230105		100004		
20:19:14		331666		231662		100004		
20:19:16		331847		230727		101120		
20:19:18		331381		230261		101120		
20:19:20		337343		232627		104716		
20:19:22		334848		230132		104716		
20:19:24		334564		230220		104344		
20:19:26		333366		230138		103228		
20:19:28		329344		230208		99136		
20:19:30		399425		299793		99632		
20:19:32		396026		230674		165352		
20:19:34		394825		230217		164608		
20:19:36		394316		230204		164112		
20:19:38		427545		259589		167956		
20:19:40		420015		230731		189284		
20:19:42		418885		230221		188664		
20:19:44		402637		230217		172420		
20:19:46		406026		233606		172420		
20:19:48		405144		230740		174404		
20:19:50		397416		230204		167212		
20:19:53		397601		230389		167212		
20:19:55		388559		230275		158284		
20:19:57		378709		230221		148488		
20:19:59		374950		230182		144768		
20:20:01		372204		230164		142040		
20:20:03		371701		230157		141544		
20:20:05		364865		230265		134600		
20:20:07		353669		230229		123440		
20:20:09		390446		267006		123440		
20:20:11		380967		230743		150224		
20:20:13		378659		230295		148364		
20:20:15		383814		230738		153076		
20:20:17		375997		230237		145760		
20:20:19		374522		230250		144272		
20:20:21		372351		230311		142040		
20:20:23		367074		230242		136832		
20:20:25		419658		281958		137700		
20:20:27		417905		230853		187052		
20:20:29		422879		235455		187424		
20:20:31		416392		230332		186060		
20:20:33		410667		230311		180356		
20:20:35		408459		230335		178124		
20:20:37		408459		230335		178124		
20:20:39		389536		230260		159276		
20:20:41		382461		230253		152208		
20:20:43		376556		230300		146256		
20:20:45		373931		230823		143108		
20:20:47		362495		230795		131700		
20:20:49		364451		230891		133560		
20:20:51		358766		230414		128352		
20:20:53		353345		230325		123020		
20:20:55		353856		230836		123020		
20:20:57		349655		230355		119300		
20:20:59		348812		230380		118432		
20:21:01		347492		230300		117192		
20:21:03		353844		235784		118060		
20:21:06		351515		230851		120664		
20:21:08		344300		230332		113968		
20:21:10		341272		230404		110868		
20:21:12		343180		231444		111736		
20:21:14		342138		230402		111736		
20:21:16		338429		230413		108016		
20:21:18		377108		268720		108388		
20:21:20		377411		243851		133560		
20:21:22		377814		244254		133560		
20:21:24		379073		230881		148192		
20:21:26		416721		267413		149308		
20:21:28		413570		230906		182664		
20:21:30		413945		230909		183036		
20:21:32		410812		230380		180432		
20:21:34		410659		230351		180308		
20:21:36		398958		230430		168528		
20:21:38		396118		230442		165676		
20:21:40		382860		230452		152408		
20:21:42		384162		231134		153028		
20:21:44		375510		230542		144968		
20:21:46		376062		230970		145092		
20:21:48		373645		230537		143108		
20:21:50		370217		230457		139760		
20:21:52		368814		230542		138272		
20:21:54		367267		230483		136784		
20:21:56		365076		230524		134552		
20:21:58		361073		230489		130584		
20:22:00		361263		230679		130584		
20:22:02		354626		230490		124136		
20:22:04		351503		230467		121036		
20:22:06		348874		230566		118308		
20:22:08		347384		230440		116944		
20:22:10		348593		231649		116944		
20:22:12		384647		267703		116944		
20:22:14		384354		230954		153400		
20:22:16		387079		230951		156128		
20:22:19		378178		230482		147696		
20:22:21		373249		230513		142736		
20:22:23		368483		230459		138024		
20:22:25		361647		208223		153424		
20:22:27		341824		230460		111364		
20:22:29		356280		231028		125252		
20:22:31		358987		232123		126864		
20:22:33		352094		230686		121408		
20:22:35		344550		230582		113968		
20:22:37		341394		230650		110744		
20:22:39		340625		230625		110000		
20:22:41		336343		230683		105660		
20:22:43		373263		266239		107024		
20:22:45		359353		231001		128352		
20:22:47		364829		235485		129344		
20:22:49		365439		231011		134428		
20:22:51		351755		230471		121284		
20:22:53		349277		230473		118804		
20:22:55		348586		230526		118060		
20:22:57		344275		226215		118060		
20:22:59		339349		230465		108884		
20:23:01		342927		231067		111860		
20:23:03		341868		230504		111364		
20:23:05		403191		290339		112852		
20:23:07		404125		231133		172992		
20:23:09		408160		234300		173860		
20:23:11		404619		230759		173860		
20:23:13		403355		229495		173860		
20:23:15		400123		230603		169520		
20:23:17		388507		230519		157988		
20:23:19		392688		231104		161584		
20:23:21		380999		230575		150424		
20:23:23		379204		230640		148564		
20:23:25		375978		230638		145340		
20:23:28		375525		230557		144968		
20:23:30		364324		230640		133684		
20:23:32		358124		230640		127484		
20:23:34		351947		230663		121284		
20:23:36		350801		230633		120168		
20:23:38		347295		230599		116696		
20:23:40		348156		231088		117068		
20:23:42		344862		230646		114216		
20:23:44		343620		230644		112976		
20:23:46		340274		230646		109628		
20:23:48		337949		230553		107396		
20:23:50		337106		230578		106528		
20:23:52		337106		230578		106528		
20:23:54		335525		230609		104916		
20:23:56		365350		259442		105908		
20:23:58		351417		231125		120292		
20:24:00		362685		241401		121284		
20:24:02		367136		231220		135916		
20:24:04		360152		230684		129468		
20:24:06		360461		230993		129468		
20:24:08		361602		231142		130460		
20:24:10		406463		274019		132444		
20:24:12		403527		271083		132444		
20:24:14		399377		266933		132444		
20:24:16		385587		231195		154392		
20:24:18		403855		231235		172620		
20:24:20		407496		231156		176340		
20:24:22		391085		230617		160468		
20:24:24		386073		230689		155384		
20:24:26		383436		230656		152780		
20:24:28		369768		230628		139140		
20:24:30		368151		230623		137528		
20:24:32		363576		230636		132940		
20:24:34		357197		230705		126492		
20:24:37		355187		230679		124508		
20:24:39		352268		230612		121656		
20:24:41		348678		230618		118060		
20:24:43		354949		236269		118680		
20:24:45		392675		268415		124260		
20:24:47		377932		231228		146704		
20:24:49		382162		231242		150920		
20:24:51		392025		231185		160840		
20:24:53		380181		230749		149432		
20:24:55		374252		230648		143604		
20:24:57		373208		230720		142488		
20:24:59		378346		235238		143108		
20:25:01		383273		234709		148564		
20:25:03		378953		230389		148564		
20:25:05		401831		252523		149308		
20:25:07		438698		231234		207464		
20:25:09		404449		230713		173736		
20:25:11		395468		230660		164808		
20:25:13		392440		230732		161708		
20:25:15		384154		230754		153400		
20:25:17		384064		230664		153400		
20:25:19		384192		230792		153400		
20:25:21		369969		230705		139264		
20:25:23		371841		231833		140008		
20:25:25		369220		230948		138272		
20:25:27		366986		230946		136040		
20:25:29		362091		230887		131204		
20:25:31		352055		230895		121160		
20:25:33		358421		236021		122400		
20:25:35		351683		230895		120788		
20:25:37		352003		231215		120788		
20:25:39		399492		277588		121904		
20:25:41		385937		231297		154640		
20:25:43		395123		239119		156004		
20:25:45		396021		231337		164684		
20:25:48		392105		230769		161336		
20:25:50		389144		209200		179944		
20:25:52		368154		230866		137288		
20:25:54		373282		231282		142000		
20:25:56		361196		230728		130468		
20:25:58		354232		230832		123400		
20:26:00		349952		230768		119184		
20:26:02		351832		232400		119432		
20:26:04		347609		230905		116704		
20:26:06		346908		230948		115960		
20:26:08		345789		230945		114844		
20:26:10		350710		235370		115340		
20:26:12		349248		230932		118316		
20:26:14		343743		231007		112736		
20:26:16		342443		230947		111496		
20:26:18		342702		231206		111496		
20:26:20		337265		230977		106288		
20:26:22		339983		233447		106536		
20:26:24		338991		230967		108024		
20:26:26		371342		263070		108272		
20:26:28		364163		231339		132824		
20:26:30		362461		230877		131584		
20:26:32		361588		230872		130716		
20:26:34		363618		231414		132204		
20:26:36		364476		231404		133072		
20:26:38		357302		230802		126500		
20:26:40		348348		230776		117572		
20:26:42		341989		230865		111124		
20:26:44		334529		230845		103684		
20:26:46		326554		230806		95748		
20:26:48		323877		230857		93020		
20:26:50		346597		252089		94508		
20:26:52		369418		231386		138032		
20:26:54		350914		230862		120052		
20:26:56		347568		230864		116704		
20:26:58		345553		230833		114720		
20:27:00		344683		230831		113852		
20:27:03		341124		230868		110256		
20:27:05		337201		230913		106288		
20:27:07		337865		231453		106412		
20:27:09		334438		230878		103560		
20:27:11		334593		231033		103560		
20:27:13		333771		230955		102816		
20:27:15		335175		231491		103684		
20:27:17		332342		230890		101452		
20:27:19		333715		232139		101576		
20:27:21		330443		231099		99344		
20:27:23		331550		231462		100088		
20:27:25		366192		264616		101576		
20:27:27		384075		239223		144852		
20:27:29		379997		231425		148572		
20:27:31		368487		230951		137536		
20:27:33		371771		231879		139892		
20:27:35		400506		259746		140760		
20:27:37		381819		231511		150308		
20:27:39		434909		273069		161840		
20:27:41		412614		231430		181184		
20:27:43		439137		243693		195444		
20:27:45		439534		231442		208092		
20:27:47		436441		230953		205488		
20:27:49		428630		230954		197676		
20:27:51		423429		230961		192468		
20:27:53		419775		230903		188872		
20:27:55		392930		230966		161964		
20:27:57		395224		232888		162336		
20:27:59		369338		231182		138156		
20:28:01		364953		231137		133816		
20:28:03		356355		231095		125260		
20:28:05		351123		231195		119928		
20:28:07		352017		231469		120548		
20:28:09		345592		230996		114596		
20:28:12		353524		238308		115216		
20:28:14		344722		231118		113604		
20:28:16		379948		266344		113604		
20:28:18		369202		231542		137660		
20:28:20		388467		250559		137908		
20:28:22		401540		231516		170024		
20:28:24		387421		231037		156384		
20:28:26		384346		231062		153284		
20:28:28		378314		230982		147332		
20:28:30		371056		231040		140016		
20:28:32		368430		231018		137412		
20:28:34		364096		231024		133072		
20:28:36		362560		230976		131584		
20:28:38		363067		231483		131584		
20:28:40		367349		233781		133568		
20:28:42		364459		231263		133196		
20:28:44		403218		268286		134932		
20:28:46		391266		231534		159732		
20:28:48		396028		231584		164444		
20:28:50		399123		231579		167544		
20:28:52		392170		231074		161096		
20:28:54		392398		231302		161096		
20:28:56		390881		231025		159856		
20:28:58		389861		230997		158864		
20:29:00		390876		231640		159236		
20:29:02		432976		272128		160848		
20:29:04		429695		231647		198048		
20:29:06		429956		231536		198420		
20:29:08		431604		231572		200032		
20:29:10		425418		231090		194328		
20:29:12		419650		231026		188624		
20:29:14		411007		231063		179944		
20:29:16		400011		231103		168908		
20:29:18		399304		231016		168288		
20:29:20		396476		231040		165436		
20:29:22		390206		231094		159112		
20:29:24		385073		231045		154028		
20:29:27		385301		231273		154028		
20:29:29		383551		231011		152540		
20:29:31		379950		231006		148944		
20:29:33		389047		240103		148944		
20:29:35		392415		231691		160724		
20:29:37		385736		231088		154648		
20:29:39		383985		231073		152912		
20:29:41		384321		231409		152912		
20:29:43		384703		231667		153036		
20:29:45		422877		268353		154524		
20:29:47		411282		208870		202412		
20:29:49		384002		231090		152912		
20:29:51		390703		231591		159112		
20:29:53		420038		260926		159112		
20:29:55		398742		239630		159112		
20:29:57		408828		249716		159112		
20:29:59		425975		234127		191848		
20:30:01		398236		231188		167048		
20:30:03		394709		231133		163576		
20:30:05		394388		231184		163204		
20:30:07		383659		231119		152540		
20:30:09		381783		231103		150680		
20:30:11		368570		231158		137412		
20:30:13		365331		231143		134188		
20:30:15		361266		231170		130096		
20:30:17		361266		231170		130096		
20:30:19		362366		231650		130716		
20:30:21		426647		293203		133444		
20:30:23		427422		231730		195692		
20:30:25		435980		234956		201024		
20:30:27		425812		231112		194700		
20:30:29		428171		231735		196436		
20:30:31		424953		228517		196436		
20:30:33		419649		223213		196436		
20:30:35		406877		210441		196436		
20:30:38		390778		194342		196436		
20:30:40		374146		177710		196436		
20:30:42		358857		231241		127616		
20:30:44		386763		259147		127616		
20:30:46		347108		219492		127616		
20:30:48		371815		244199		127616		
20:30:50		394165		266549		127616		
20:30:52		345645		231173		114472		
20:30:54		378771		231811		146960		
20:30:56		380887		232067		148820		
20:30:58		364478		231282		133196		
20:31:00		363213		231257		131956		
20:31:02		352895		231231		121664		
20:31:04		345048		231196		113852		
20:31:06		347193		233093		114100		
20:31:08		340668		231280		109388		
20:31:10		342021		232509		109512		
20:31:12		344552		232312		112240		
20:31:14		375342		263102		112240		
20:31:16		370839		258599		112240		
20:31:18		341508		231376		110132		
20:31:20		364408		238280		126128		
20:31:22		430889		304761		126128		
20:31:24		427079		267471		159608		
20:31:26		396157		231837		164320		
20:31:28		425945		231865		194080		
20:31:30		428873		234545		194328		
20:31:32		416484		231332		185152		
20:31:34		410576		231252		179324		
20:31:36		403194		231310		171884		
20:31:38		398604		231308		167296		
20:31:40		398780		231484		167296		
20:31:42		396029		231337		164692		
20:31:44		386752		231236		155516		
20:31:46		387709		231821		155888		
20:31:48		380301		231357		148944		
20:31:50		380968		231900		149068		
20:31:53		375400		231292		144108		
20:31:55		377203		233095		144108		
20:31:57		363051		231467		131584		
20:31:59		352542		231498		121044		
20:32:01		351265		231461		119804		
20:32:03		341561		231429		110132		
20:32:05		342475		231847		110628		
20:32:07		380296		269048		111248		
20:32:09		377106		245770		131336		
20:32:11		384564		253228		131336		
20:32:13		395584		231884		163700		
20:32:15		363858		231282		132576		
20:32:17		357978		231354		126624		
20:32:19		359319		231827		127492		
20:32:21		363638		235526		128112		
20:32:23		427239		292927		134312		
20:32:25		422480		271676		150804		
20:32:27		403287		231899		171388		
20:32:29		422046		231934		190112		
20:32:31		420588		231344		189244		
20:32:33		416860		231336		185524		
20:32:35		408170		231326		176844		
20:32:37		435736		256784		178952		
20:32:39		422872		231892		190980		
20:32:41		428784		234952		193832		
20:32:43		423246		229414		193832		
20:32:45		413567		219735		193832		
20:32:47		399300		205468		193832		
20:32:49		381229		187397		193832		
20:32:51		365447		231507		133940		
20:32:53		404610		269926		134684		
20:32:55		363605		231525		132080		
20:32:57		381341		231901		149440		
20:33:00		370407		231383		139024		
20:33:02		366759		231455		135304		
20:33:04		360319		231587		128732		
20:33:06		364452		233984		130468		
20:33:08		358347		231599		126748		
20:33:10		359509		232017		127492		
20:33:12		357144		231636		125508		
20:33:14		410925		285417		125508		
20:33:16		408954		231986		176968		
20:33:18		409617		231905		177712		
20:33:20		410412		231956		178456		
20:33:22		407438		231462		175976		
20:33:24		400593		231437		169156		
20:33:26		394045		231461		162584		
20:33:28		382890		231466		151424		
20:33:30		375370		231386		143984		
20:33:32		368395		209259		159136		
20:33:34		345433		231581		113852		
20:33:36		360593		231985		128608		
20:33:38		358776		231408		127368		
20:33:40		351739		231439		120300		
20:33:42		349460		231392		118068		
20:33:44		347635		231427		116208		
20:33:46		347666		231458		116208		
20:33:48		341527		231395		110132		
20:33:50		370636		260256		110380		
20:33:52		383806		232010		151796		
20:33:54		389772		232024		157748		
20:33:56		386029		231505		154524		
20:33:58		382501		231449		151052		
20:34:00		381988		231432		150556		
20:34:02		379931		231483		148448		
20:34:04		382536		233716		148820		
20:34:06		378868		231660		147208		
20:34:08		423265		275313		147952		
20:34:11		425658		234678		190980		
20:34:13		427255		236275		190980		
20:34:15		431378		240398		190980		
20:34:17		419620		228640		190980		
20:34:19		405872		214892		190980		
20:34:21		391754		200774		190980		
20:34:23		378161		231449		146712		
20:34:25		397979		232047		165932		
20:34:27		397979		232047		165932		
20:34:29		391691		231587		160104		
20:34:31		382035		231479		150556		
20:34:33		415068		264512		150556		
20:34:35		421588		238916		182672		
20:34:37		414836		232164		182672		
20:34:39		403011		231499		171512		
20:34:41		406696		235184		171512		
20:34:43		408223		232123		176100		
20:34:45		410494		233278		177216		
20:34:47		404210		231706		172504		
20:34:49		398696		231772		166924		
20:34:51		384836		231800		153036		
20:34:53		380147		231699		148448		
20:34:55		378220		231756		146464		
20:34:57		377993		231777		146216		
20:34:59		374415		231795		142620		
20:35:01		401520		258156		143364		
20:35:03		400709		232173		168536		
20:35:05		395365		231541		163824		
20:35:07		392275		231551		160724		
20:35:09		391216		231608		159608		
20:35:11		383953		231537		152416		
20:35:13		383482		231562		151920		
20:35:15		386432		232156		154276		
20:35:18		443769		288377		155392		
20:35:20		435105		232097		203008		
20:35:22		436957		232709		204248		
20:35:24		432344		231816		200528		
20:35:26		434309		232169		202140		
20:35:28		427685		231621		196064		
20:35:30		417699		231679		186020		
20:35:32		411997		231681		180316		
20:35:34		408363		231643		176720		
20:35:36		407703		231603		176100		
20:35:38		398210		231658		166552		
20:35:40		395522		231574		163948		
20:35:42		394170		230222		163948		
20:35:44		387751		223803		163948		
20:35:46		378221		231633		146588		
20:35:48		379599		232143		147456		
20:35:50		383028		235324		147704		
20:35:52		370632		231856		138776		
20:35:54		353757		231845		121912		
20:35:56		353068		231776		121292		
20:35:58		347272		231808		115464		
20:36:00		342663		231787		110876		
20:36:02		341392		231880		109512		
20:36:04		338142		231854		106288		
20:36:06		340759		234471		106288		
20:36:08		371344		261088		110256		
20:36:10		363867		253611		110256		
20:36:12		455930		318642		137288		
20:36:14		420652		283364		137288		
20:36:16		394176		248952		145224		
20:36:18		444490		232182		212308		
20:36:20		433134		231738		201396		
20:36:22		428934		231754		197180		
20:36:24		418586		231698		186888		
20:36:26		411629		231685		179944		
20:36:29		406400		231664		174736		
20:36:31		402815		231675		171140		
20:36:33		395654		231706		163948		
20:36:35		391796		231692		160104		
20:36:37		384853		231693		153160		
20:36:39		378823		231739		147084		
20:36:41		380208		232256		147952		
20:36:43		367769		231721		136048		
20:36:45		367435		231759		135676		
20:36:47		352385		231713		120672		
20:36:49		346316		231720		114596		
20:36:51		342317		231689		110628		
20:36:53		341759		231751		110008		
20:36:55		333244		231792		101452		
20:36:57		332737		231781		100956		
20:36:59		327250		231750		95500		
20:37:01		329764		233644		96120		
20:37:03		331862		232270		99592		
20:37:05		326279		231771		94508		
20:37:07		366648		271644		95004		
20:37:09		365998		235902		130096		
20:37:11		366065		235969		130096		
20:37:13		433216		299028		134188		
20:37:15		429601		232297		197304		
20:37:17		440846		232258		208588		
20:37:19		431766		231858		199908		
20:37:21		441102		232266		208836		
20:37:23		454813		244737		210076		
20:37:25		469321		232337		236984		
20:37:27		446186		231770		214416		
20:37:29		442249		231801		210448		
20:37:31		435042		231786		203256		
20:37:34		434662		231778		202884		
20:37:36		430556		231764		198792		
20:37:38		422864		231760		191104		
20:37:40		408660		231816		176844		
20:37:42		395035		231831		163204		
20:37:44		387813		231801		156012		
20:37:46		388323		232311		156012		
20:37:48		381643		231831		149812		
20:37:50		374493		231749		142744		
20:37:52		361198		231838		129360		
20:37:54		361198		231970		129228		
20:37:56		345992		231892		114100		
20:37:58		342988		231864		111124		
20:38:00		344974		233106		111868		
20:38:02		337108		231812		105296		
20:38:04		341035		232391		108644		
20:38:06		337709		231917		105792		
20:38:08		337494		231826		105668		
20:38:10		336569		231893		104676		
20:38:12		335945		231889		104056		
20:38:14		403730		299302		104428		
20:38:16		405317		300889		104428		
20:38:18		405127		300699		104428		
20:38:20		407062		265930		141132		
20:38:22		376224		235092		141132		
20:38:24		401863		232459		169404		
20:38:26		390930		231942		158988		
20:38:28		377814		231846		145968		
20:38:30		407135		261043		146092		
20:38:32		417940		232416		185524		
20:38:34		403444		231932		171512		
20:38:36		398440		231888		166552		
20:38:38		394573		231865		162708		
20:38:40		393557		231841		161716		
20:38:42		386256		231856		154400		
20:38:44		379751		231923		147828		
20:38:47		382179		232863		149316		
20:38:49		371064		231916		139148		
20:38:51		357713		231957		125756		
20:38:53		348504		231924		116580		
20:38:55		343612		231868		111744		
20:38:57		338832		231924		106908		
20:38:59		340180		232900		107280		
20:39:01		331166		232070		99096		
20:39:03		335175		234235		100940		
20:39:05		334143		232459		101684		
20:39:07		333327		232015		101312		
20:39:09		330875		231919		98956		
20:39:11		327973		231993		95980		
20:39:13		325272		232020		93252		
20:39:15		323653		232013		91640		
20:39:17		326407		234271		92136		
20:39:19		325370		232118		93252		
20:39:21		325370		232118		93252		
20:39:23		439430		308110		131320		
20:39:25		368293		232509		135784		
20:39:27		403491		232491		171000		
20:39:29		435086		261110		173976		
20:39:31		416257		232485		183772		
20:39:33		428940		232520		196420		
20:39:35		409612		232040		177572		
20:39:37		405791		232063		173728		
20:39:39		406628		232528		174100		
20:39:41		399217		232061		167156		
20:39:43		401142		232498		168644		
20:39:45		425558		254930		170628		
20:39:47		448513		232501		216012		
20:39:49		417314		232054		185260		
20:39:51		411089		232029		179060		
20:39:53		412464		232536		179928		
20:39:56		397303		232007		165296		
20:39:58		383324		232040		151284		
20:40:00		375372		232024		143348		
20:40:02		374890		232038		142852		
20:40:04		363418		231974		131444		
20:40:06		362477		232025		130452		
20:40:08		360553		232085		128468		
20:40:10		358528		232044		126484		
20:40:12		409351		281999		127352		
20:40:14		405161		232549		172612		
20:40:16		409158		235678		173480		
20:40:18		409968		232644		177324		
20:40:20		406152		232052		174100		
20:40:22		399345		232065		167280		
20:40:24		396736		232060		164676		
20:40:26		386888		232008		154880		
20:40:28		382356		232064		150292		
20:40:30		377405		232073		145332		
20:40:32		373660		232048		141612		
20:40:34		368654		232002		136652		
20:40:36		372052		235028		137024		
20:40:38		372571		232571		140000		
20:40:40		366696		232152		134544		
20:40:42		359823		232099		127724		
20:40:44		354955		232067		122888		
20:40:46		360934		237798		123136		
20:40:48		351609		232317		119292		
20:40:50		345257		232289		112968		
20:40:52		342937		232325		110612		
20:40:54		342310		209958		132352		
20:40:56		345790		232310		113480		
20:40:58		379889		232681		147208		
20:41:00		371500		232104		139396		
20:41:02		359961		232097		127864		
20:41:04		359322		232078		127244		
20:41:07		353863		232075		121788		
20:41:09		352915		232119		120796		
20:41:11		352199		232147		120052		
20:41:13		350727		232039		118688		
20:41:15		344173		232057		112116		
20:41:17		339310		232154		107156		
20:41:19		339188		232156		107032		
20:41:21		338846		232186		106660		
20:41:23		404537		297381		107156		
20:41:25		401615		232707		168908		
20:41:27		405675		236767		168908		
20:41:29		405134		232382		172752		
20:41:31		397878		232318		165560		
20:41:33		390502		232258		158244		
20:41:35		384807		232267		152540		
20:41:37		378726		232262		146464		
20:41:39		372513		232373		140140		
20:41:41		363774		232314		131460		
20:41:43		359221		232349		126872		
20:41:45		356335		232315		124020		
20:41:47		354885		232353		122532		
20:41:49		351000		232312		118688		
20:41:51		385184		265752		119432		
20:41:53		371976		252544		119432		
20:41:55		397107		277675		119432		
20:41:57		358503		232747		125756		
20:41:59		359597		232725		126872		
20:42:01		364557		232725		131832		
20:42:03		357623		232239		125384		
20:42:05		354095		232183		121912		
20:42:07		352181		232253		119928		
20:42:09		350140		232196		117944		
20:42:11		348150		232190		115960		
20:42:13		345940		232212		113728		
20:42:15		341446		232182		109264		
20:42:17		339145		232237		106908		
20:42:20		396340		288192		108148		
20:42:22		448222		317258		130964		
20:42:24		441715		232755		208960		
20:42:26		458825		242301		216524		
20:42:28		467369		232989		234380		
20:42:30		454290		232310		221980		
20:42:32		451622		232246		219376		
20:42:34		445779		232231		213548		
20:42:36		438500		232268		206232		
20:42:38		432533		232253		200280		
20:42:40		418949		218669		200280		
20:42:42		409167		232199		176968		
20:42:44		413711		232775		180936		
20:42:46		407708		232228		175480		
20:42:48		403526		232262		171264		
20:42:50		397741		226477		171264		
20:42:52		389879		232255		157624		
20:42:54		387946		230322		157624		
20:42:56		388247		232607		155640		
20:42:58		372080		232312		139768		
20:43:00		370346		232314		138032		
20:43:02		363704		232244		131460		
20:43:04		361584		232232		129352		
20:43:06		359622		232254		127368		
20:43:08		360049		232681		127368		
20:43:10		359456		232336		127120		
20:43:12		361926		234682		127244		
20:43:14		414255		279199		135056		
20:43:16		409235		232887		176348		
20:43:18		423120		235984		187136		
20:43:20		413074		232262		180812		
20:43:22		410542		232334		178208		
20:43:24		407140		232280		174860		
20:43:26		433928		259068		174860		
20:43:28		411851		232899		178952		
20:43:30		420807		239747		181060		
20:43:32		425569		232853		192716		
20:43:35		418195		232299		185896		
20:43:37		413263		232327		180936		
20:43:39		408040		232312		175728		
20:43:41		406710		232346		174364		
20:43:43		403975		232339		171636		
20:43:45		403726		232338		171388		
20:43:47		394545		232333		162212		
20:43:49		393175		232327		160848		
20:43:51		382182		232370		149812		
20:43:53		371794		232398		139396		
20:43:55		364018		232310		131708		
20:43:57		365120		233040		132080		
20:43:59		361531		232551		128980		
20:44:01		354012		232596		121416		
20:44:03		357932		232920		125012		
20:44:05		350673		232357		118316		
20:44:07		355270		236706		118564		
20:44:09		351619		232931		118688		
20:44:11		408843		289535		119308		
20:44:13		408358		232878		175480		
20:44:15		409258		232910		176348		
20:44:17		404099		232463		171636		
20:44:19		405627		232875		172752		
20:44:21		405718		232966		172752		
20:44:23		400716		232428		168288		
20:44:25		396380		232432		163948		
20:44:27		387996		210260		177736		
20:44:29		404059		248419		155640		
20:44:31		470350		232994		237356		
20:44:33		417318		232414		184904		
20:44:35		413727		232419		181308		
20:44:37		413727		232419		181308		
20:44:39		398894		232466		166428		
20:44:41		398825		232397		166428		
20:44:43		396260		232436		163824		
20:44:45		392678		232450		160228		
20:44:48		415387		254291		161096		
20:44:50		431899		232983		198916		
20:44:52		405073		232445		172628		
20:44:54		395555		232475		163080		
20:44:56		390325		232453		157872		
20:44:58		377556		232456		145100		
20:45:00		374792		232420		142372		
20:45:02		361486		232506		128980		
20:45:04		362504		233028		129476		
20:45:06		359442		232446		126996		
20:45:08		353580		232412		121168		
20:45:10		352325		232521		119804		
20:45:12		350385		232441		117944		
20:45:14		417277		297597		119680		
20:45:16		417034		232998		184036		
20:45:18		417691		233035		184656		
20:45:20		410852		232520		178332		
20:45:22		417036		238704		178332		
20:45:24		411715		232639		179076		
20:45:26		405111		232731		172380		
20:45:28		398338		232654		165684		
20:45:30		397187		232619		164568		
20:45:32		388834		232698		156136		
20:45:34		385956		232672		153284		
20:45:36		383366		232686		150680		
20:45:38		384272		233096		151176		
20:45:40		380007		232551		147456		
20:45:42		379875		232543		147332		
20:45:44		370697		232541		138156		
20:45:46		372537		233017		139520		
20:45:48		361493		232513		128980		
20:45:50		350466		232522		117944		
20:45:52		347165		232569		114596		
20:45:54		348773		234177		114596		
20:45:56		345999		232767		113232		
20:45:58		348515		235283		113232		
20:46:01		374903		260679		114224		
20:46:03		365372		233044		132328		
20:46:05		370195		237619		132576		
20:46:07		373265		233125		140140		
20:46:09		428499		287491		141008		
20:46:11		424023		238251		185772		
20:46:13		430779		245007		185772		
20:46:15		440178		233078		207100		
20:46:17		423671		232567		191104		
20:46:19		412495		232551		179944		
20:46:21		404688		232556		172132		
20:46:23		402922		232526		170396		
20:46:25		401371		232587		168784		
20:46:27		386661		232633		154028		
20:46:29		380718		232642		148076		
20:46:31		372002		232606		139396		
20:46:33		373074		233306		139768		
20:46:35		373861		233101		140760		
20:46:37		366081		232637		133444		
20:46:39		362079		232603		129476		
20:46:41		359142		232642		126500		
20:46:43		358567		232563		126004		
20:46:45		351274		232586		118688		
20:46:47		349682		232606		117076		
20:46:49		347466		232622		114844		
20:46:51		379956		264864		115092		
20:46:53		373945		233185		140760		
20:46:55		383404		236444		146960		
20:46:57		384579		233155		151424		
20:46:59		375440		232696		142744		
20:47:01		376789		233177		143612		
20:47:03		373024		232636		140388		
20:47:05		374657		234021		140636		
20:47:07		408738		266118		142620		
20:47:09		445366		287990		157376		
20:47:11		434189		276813		157376		
20:47:14		440771		233191		207580		
20:47:16		451171		233175		217996		
20:47:18		445316		232652		212664		
20:47:20		448228		233208		215020		
20:47:22		441038		232714		208324		
20:47:24		432934		232670		200264		
20:47:26		416576		232804		183772		
20:47:28		406731		232879		173852		
20:47:30		401745		232853		168892		
20:47:32		394816		232868		161948		
20:47:34		393559		232851		160708		
20:47:36		398181		233753		164428		
20:47:38		388695		232699		155996		
20:47:40		387787		232659		155128		
20:47:42		384233		232701		151532		
20:47:44		380447		232759		147688		
20:47:46		370069		232673		137396		
20:47:48		364573		232757		131816		
20:47:50		365162		233222		131940		
20:47:52		358287		232795		125492		
20:47:54		354299		232775		121524		
20:47:56		355704		234056		121648		
20:47:58		351694		232898		118796		
20:48:00		354416		235124		119292		
20:48:02		358348		236576		121772		
20:48:04		351656		232984		118672		
20:48:06		395876		276336		119540		
20:48:08		388088		233332		154756		
20:48:10		398086		240602		157484		
20:48:12		397812		232864		164948		
20:48:14		383410		232846		150564		
20:48:16		380947		232863		148084		
20:48:18		367191		232871		134320		
20:48:20		370558		235370		135188		
20:48:22		370340		233292		137048		
20:48:25		355985		232949		123036		
20:48:27		361377		233257		128120		
20:48:29		395120		261048		134072		
20:48:31		392505		233261		159244		
20:48:33		391700		232704		158996		
20:48:35		385065		232765		152300		
20:48:37		389074		236278		152796		
20:48:39		386587		232923		153664		
20:48:41		387860		233576		154284		
20:48:43		381362		232906		148456		
20:48:45		382652		233328		149324		
20:48:47		376921		232805		144116		
20:48:49		377635		233271		144364		
20:48:51		377904		233292		144612		
20:48:53		375144		232764		142380		
20:48:55		367087		232767		134320		
20:48:57		361678		232814		128864		
20:48:59		363126		233394		129732		
20:49:01		364715		233371		131344		
20:49:03		360217		232833		127384		
20:49:05		359211		232819		126392		
20:49:07		360554		233542		127012		
20:49:09		394601		263249		131352		
20:49:11		389059		233403		155656		
20:49:13		395984		233384		162600		
20:49:15		391387		232879		158508		
20:49:17		388655		232875		155780		
20:49:19		386902		232858		154044		
20:49:21		387015		232971		154044		
20:49:23		381173		232833		148340		
20:49:25		377468		232848		144620		
20:49:27		420636		275148		145488		
20:49:29		409537		264049		145488		
20:49:31		399269		253781		145488		
20:49:33		442546		233446		209100		
20:49:36		418473		232809		185664		
20:49:38		416048		232856		183192		
20:49:40		409068		232828		176240		
20:49:42		400711		232903		167808		
20:49:44		394960		232856		162104		
20:49:46		393635		232895		160740		
20:49:48		384086		232894		151192		
20:49:50		377032		232908		144124		
20:49:52		413413		268669		144744		
20:49:54		398457		233377		165080		
20:49:56		400410		234214		166196		
20:49:58		404118		233458		170660		
20:50:00		396010		232914		163096		
20:50:02		396110		233014		163096		
20:50:04		394688		232956		161732		
20:50:06		395663		233435		162228		
20:50:08		388295		232887		155408		
20:50:10		388316		232908		155408		
20:50:12		386406		232858		153548		
20:50:14		380255		232907		147348		
20:50:16		374457		232937		141520		
20:50:18		366217		232881		133336		
20:50:20		360445		232937		127508		
20:50:22		353092		232900		120192		
20:50:24		346781		232913		113868		
20:50:26		343884		232868		111016		
20:50:28		342390		232862		109528		
20:50:30		337845		232905		104940		
20:50:32		333324		232848		100476		
20:50:34		329349		232965		96384		
20:50:36		347500		249876		97624		
20:50:38		347500		233508		113992		
20:50:40		346186		232938		113248		
20:50:42		349410		235294		114116		
20:50:44		352254		233550		118704		
20:50:46		350909		232949		117960		
20:50:49		350909		232949		117960		
20:50:51		351620		233536		118084		
20:50:53		351620		233536		118084		
20:50:55		347779		233043		114736		
20:50:57		349648		234292		115356		
20:50:59		349108		233504		115604		
20:51:01		350214		233990		116224		
20:51:03		346495		232999		113496		
20:51:05		383698		270202		113496		
20:51:07		383698		233498		150200		
20:51:09		422006		271806		150200		
20:51:11		416270		233582		182688		
20:51:13		421392		237340		184052		
20:51:15		428419		233703		194716		
20:51:17		420194		225478		194716		
20:51:19		405705		233061		172644		
20:51:21		405322		233050		172272		
20:51:23		394670		233062		161608		
20:51:25		383681		232985		150696		
20:51:27		384555		233611		150944		
20:51:29		382066		232982		149084		
20:51:31		376634		233006		143628		
20:51:33		378935		234687		144248		
20:51:35		374008		233232		140776		
20:51:37		368788		233220		135568		
20:51:39		370552		211152		159400		
20:51:41		346014		233138		112876		
20:51:43		366394		233554		132840		
20:51:45		405981		272025		133956		
20:51:47		398472		233640		164832		
20:51:49		400305		233613		166692		
20:51:51		396168		233072		163096		
20:51:53		382806		233102		149704		
20:51:55		371600		233056		138544		
20:51:57		365382		233038		132344		
20:52:00		356910		233122		123788		
20:52:02		353528		233088		120440		
20:52:04		349459		233111		116348		
20:52:06		354268		237796		116472		
20:52:08		350102		233258		116844		
20:52:10		349363		233263		116100		
20:52:12		347016		233272		113744		
20:52:14		347744		233628		114116		
20:52:16		343738		233094		110644		
20:52:18		344645		233629		111016		
20:52:20		338352		233164		105188		
20:52:22		337627		233059		104568		
20:52:24		398751		293811		104940		
20:52:26		401869		233689		168180		
20:52:28		405517		236469		169048		
20:52:30		426466		249234		177232		
20:52:32		450170		272938		177232		
20:52:34		391704		233072		158632		
20:52:36		422501		244773		177728		
20:52:38		418691		233647		185044		
20:52:40		409171		233179		175992		
20:52:42		407699		233195		174504		
20:52:44		395282		233178		162104		
20:52:46		385369		233185		152184		
20:52:48		382341		233133		149208		
20:52:50		377253		233129		144124		
20:52:52		368815		233123		135692		
20:52:54		367915		233215		134700		
20:52:56		369272		233704		135568		
20:52:58		359441		233297		126144		
20:53:00		353986		233298		120688		
20:53:02		346309		233309		113000		
20:53:04		343260		233360		109900		
20:53:06		343078		233302		109776		
20:53:08		343727		233703		110024		
20:53:10		343893		233745		110148		
20:53:13		342828		233176		109652		
20:53:15		388095		277699		110396		
20:53:17		392234		233726		158508		
20:53:19		389047		233267		155780		
20:53:21		389457		233677		155780		
20:53:23		379202		233218		145984		
20:53:25		377108		233232		143876		
20:53:27		364337		233233		131104		
20:53:29		360237		233225		127012		
20:53:31		356008		233212		122796		
20:53:33		351401		233193		118208		
20:53:35		349236		233260		115976		
20:53:37		349895		233795		116100		
20:53:39		381998		264038		117960		
20:53:41		374784		233760		141024		
20:53:43		369576		233264		136312		
20:53:45		374092		233812		140280		
20:53:47		376590		234326		142264		
20:53:49		388107		233815		154292		
20:53:51		384700		233260		151440		
20:53:53		398521		246461		152060		
20:53:55		395570		233838		161732		
20:53:57		383333		233257		150076		
20:53:59		374804		228820		145984		
20:54:01		359714		233322		126392		
20:54:03		398524		270644		127880		
20:54:05		386314		233758		152556		
20:54:07		388019		233851		154168		
20:54:09		399986		237634		162352		
20:54:11		393720		233228		160492		
20:54:13		386588		233288		153300		
20:54:16		377682		233310		144372		
20:54:18		381902		233810		148092		
20:54:20		367961		233261		134700		
20:54:22		360924		233292		127632		
20:54:24		410553		282673		127880		
20:54:26		401304		233868		167436		
20:54:28		406422		237746		168676		
20:54:30		403252		233460		169792		
20:54:32		420086		247938		172148		
20:54:34		427878		233782		194096		
20:54:36		416357		233297		183060		
20:54:38		413934		233354		180580		
20:54:40		441379		259311		182068		
20:54:42		422698		233438		189260		
20:54:44		443424		251808		191616		
20:54:46		454020		233884		220136		
20:54:48		444066		233354		210712		
20:54:50		441645		233289		208356		
20:54:52		445406		235562		209844		
20:54:54		445716		233888		211828		
20:54:56		454264		239088		215176		
20:54:58		451629		233477		218152		
20:55:00		453733		233845		219888		
20:55:02		451935		233411		218524		
20:55:04		450563		233271		217292		
20:55:06		458445		240161		218284		
20:55:08		462316		213008		249308		
20:55:10		447723		202219		245504		
20:55:12		437959		202127		235832		
20:55:13		437127		202163		234964		
