record in kb
time		total		used		free
[16:43:50]		1048572		16592		1031980
[16:43:53]		1048572		16592		1031980
[16:43:56]		1048572		16592		1031980
[16:43:59]		1048572		16592		1031980
[16:44:02]		1048572		16592		1031980
[16:44:05]		1048572		16592		1031980
[16:44:08]		1048572		16592		1031980
[16:44:11]		1048572		16592		1031980
[16:44:14]		1048572		16592		1031980
[16:44:17]		1048572		16592		1031980
[16:44:20]		1048572		16592		1031980
[16:44:23]		1048572		16592		1031980
[16:44:26]		1048572		16592		1031980
[16:44:29]		1048572		16592		1031980
[16:44:32]		1048572		16592		1031980
[16:44:35]		1048572		16592		1031980
[16:44:38]		1048572		16592		1031980
[16:44:41]		1048572		16592		1031980
[16:44:44]		1048572		16592		1031980
[16:44:47]		1048572		16592		1031980
[16:44:50]		1048572		16592		1031980
[16:44:53]		1048572		16592		1031980
[16:44:56]		1048572		16592		1031980
[16:44:59]		1048572		16592		1031980
[16:45:02]		1048572		16592		1031980
[16:45:05]		1048572		16592		1031980
[16:45:08]		1048572		16592		1031980
[16:45:11]		1048572		16592		1031980
[16:45:14]		1048572		16592		1031980
[16:45:17]		1048572		16592		1031980
[16:45:20]		1048572		16592		1031980
[16:45:23]		1048572		16592		1031980
[16:45:26]		1048572		16592		1031980
[16:45:29]		1048572		16592		1031980
[16:45:32]		1048572		16592		1031980
[16:45:35]		1048572		44576		1003996
[16:45:38]		1048572		63404		985168
[16:45:41]		1048572		77860		970712
[16:45:44]		1048572		83364		965208
[16:45:47]		1048572		89504		959068
[16:45:50]		1048572		101644		946928
[16:45:53]		1048572		105972		942600
[16:45:56]		1048572		107752		940820
[16:45:59]		1048572		103688		944884
[16:46:02]		1048572		94080		954492
[16:46:05]		1048572		86308		962264
[16:46:08]		1048572		73448		975124
[16:46:11]		1048572		56856		991716
[16:46:14]		1048572		47136		1001436
[16:46:17]		1048572		42640		1005932
[16:46:20]		1048572		39036		1009536
[16:46:23]		1048572		46032		1002540
[16:46:26]		1048572		50136		998436
[16:46:29]		1048572		49288		999284
[16:46:32]		1048572		41488		1007084
[16:46:35]		1048572		50028		998544
[16:46:38]		1048572		49572		999000
[16:46:41]		1048572		49384		999188
[16:46:44]		1048572		49384		999188
[16:46:47]		1048572		49380		999192
[16:46:50]		1048572		49380		999192
[16:46:53]		1048572		49380		999192
[16:46:56]		1048572		49380		999192
[16:46:59]		1048572		49380		999192
[16:47:02]		1048572		49380		999192
[16:47:05]		1048572		49380		999192
[16:47:08]		1048572		49380		999192
[16:47:11]		1048572		49380		999192
[16:47:14]		1048572		49380		999192
[16:47:17]		1048572		49380		999192
[16:47:20]		1048572		49380		999192
[16:47:23]		1048572		49380		999192
[16:47:26]		1048572		49380		999192
[16:47:29]		1048572		49380		999192
[16:47:32]		1048572		49380		999192
[16:47:35]		1048572		49380		999192
[16:47:38]		1048572		49380		999192
[16:47:41]		1048572		49380		999192
[16:47:44]		1048572		49380		999192
[16:47:47]		1048572		49380		999192
[16:47:50]		1048572		49380		999192
[16:47:53]		1048572		49380		999192
[16:47:56]		1048572		49380		999192
[16:47:59]		1048572		49380		999192
[16:48:02]		1048572		49180		999392
[16:48:05]		1048572		17672		1030900
[16:48:08]		1048572		17672		1030900
[16:48:11]		1048572		17672		1030900
[16:48:14]		1048572		17672		1030900
[16:48:17]		1048572		17672		1030900
[16:48:20]		1048572		17672		1030900
[16:48:23]		1048572		17672		1030900
[16:48:26]		1048572		17672		1030900
[16:48:29]		1048572		17672		1030900
[16:48:32]		1048572		17672		1030900
[16:48:35]		1048572		17672		1030900
[16:48:38]		1048572		17672		1030900
[16:48:41]		1048572		17672		1030900
[16:48:44]		1048572		17672		1030900
[16:48:47]		1048572		17672		1030900
[16:48:50]		1048572		17672		1030900
[16:48:53]		1048572		17672		1030900
[16:48:56]		1048572		17672		1030900
[16:48:59]		1048572		17664		1030908
[16:49:02]		1048572		17664		1030908
[16:49:05]		1048572		17664		1030908
[16:49:08]		1048572		17664		1030908
[16:49:11]		1048572		17664		1030908
[16:49:14]		1048572		17664		1030908
[16:49:17]		1048572		17664		1030908
[16:49:20]		1048572		17664		1030908
[16:49:23]		1048572		17664		1030908
[16:49:26]		1048572		17664		1030908
[16:49:29]		1048572		17664		1030908
[16:49:32]		1048572		17664		1030908
[16:49:35]		1048572		17664		1030908
[16:49:38]		1048572		17664		1030908
[16:49:41]		1048572		17664		1030908
[16:49:44]		1048572		17664		1030908
[16:49:47]		1048572		17664		1030908
[16:49:50]		1048572		49964		998608
[16:49:53]		1048572		78924		969648
[16:49:56]		1048572		91060		957512
[16:49:59]		1048572		99936		948636
[16:50:02]		1048572		101748		946824
[16:50:05]		1048572		65432		983140
[16:50:08]		1048572		46640		1001932
[16:50:11]		1048572		39376		1009196
[16:50:14]		1048572		43668		1004904
[16:50:17]		1048572		43720		1004852
[16:50:20]		1048572		39568		1009004
[16:50:23]		1048572		39524		1009048
[16:50:26]		1048572		38892		1009680
[16:50:29]		1048572		41100		1007472
[16:50:32]		1048572		42332		1006240
[16:50:35]		1048572		48736		999836
[16:50:38]		1048572		48736		999836
[16:50:41]		1048572		48736		999836
[16:50:44]		1048572		48736		999836
[16:50:47]		1048572		48736		999836
[16:50:50]		1048572		48600		999972
[16:50:53]		1048572		48536		1000036
[16:50:56]		1048572		48536		1000036
[16:50:59]		1048572		48536		1000036
[16:51:02]		1048572		48536		1000036
[16:51:05]		1048572		48536		1000036
[16:51:08]		1048572		48536		1000036
[16:51:11]		1048572		48536		1000036
[16:51:14]		1048572		48536		1000036
[16:51:17]		1048572		48536		1000036
[16:51:20]		1048572		48536		1000036
[16:51:23]		1048572		48536		1000036
[16:51:26]		1048572		48536		1000036
[16:51:29]		1048572		48536		1000036
[16:51:32]		1048572		48536		1000036
[16:51:35]		1048572		48536		1000036
[16:51:38]		1048572		48536		1000036
[16:51:41]		1048572		48536		1000036
[16:51:44]		1048572		48536		1000036
[16:51:47]		1048572		48536		1000036
[16:51:50]		1048572		48532		1000040
[16:51:53]		1048572		17672		1030900
[16:51:56]		1048572		17672		1030900
[16:51:59]		1048572		17672		1030900
[16:52:02]		1048572		17672		1030900
[16:52:05]		1048572		17672		1030900
[16:52:08]		1048572		17672		1030900
[16:52:11]		1048572		17672		1030900
[16:52:14]		1048572		17672		1030900
[16:52:17]		1048572		17672		1030900
[16:52:20]		1048572		17672		1030900
[16:52:23]		1048572		17672		1030900
[16:52:26]		1048572		17672		1030900
[16:52:29]		1048572		17672		1030900
[16:52:32]		1048572		17672		1030900
[16:52:35]		1048572		17672		1030900
[16:52:38]		1048572		17672		1030900
[16:52:41]		1048572		17672		1030900
[16:52:44]		1048572		17672		1030900
[16:52:47]		1048572		17672		1030900
[16:52:50]		1048572		17672		1030900
[16:52:53]		1048572		17672		1030900
[16:52:56]		1048572		17672		1030900
[16:52:59]		1048572		17672		1030900
[16:53:02]		1048572		17672		1030900
[16:53:05]		1048572		17672		1030900
[16:53:08]		1048572		17672		1030900
[16:53:11]		1048572		17672		1030900
[16:53:14]		1048572		17672		1030900
[16:53:17]		1048572		17672		1030900
[16:53:20]		1048572		17672		1030900
[16:53:23]		1048572		17672		1030900
[16:53:26]		1048572		17672		1030900
[16:53:29]		1048572		17672		1030900
[16:53:32]		1048572		17672		1030900
[16:53:35]		1048572		40176		1008396
[16:53:38]		1048572		71972		976600
[16:53:41]		1048572		74508		974064
[16:53:44]		1048572		79620		968952
[16:53:47]		1048572		67636		980936
[16:53:50]		1048572		50004		998568
[16:53:53]		1048572		47264		1001308
[16:53:56]		1048572		42952		1005620
[16:53:59]		1048572		50628		997944
[16:54:02]		1048572		45164		1003408
[16:54:05]		1048572		52208		996364
[16:54:08]		1048572		46936		1001636
[16:54:11]		1048572		43464		1005108
[16:54:14]		1048572		53348		995224
[16:54:17]		1048572		53284		995288
[16:54:20]		1048572		53284		995288
[16:54:23]		1048572		53284		995288
[16:54:26]		1048572		53284		995288
[16:54:29]		1048572		53284		995288
[16:54:32]		1048572		53284		995288
[16:54:35]		1048572		53284		995288
[16:54:38]		1048572		53284		995288
[16:54:41]		1048572		53284		995288
[16:54:44]		1048572		53284		995288
[16:54:47]		1048572		53284		995288
[16:54:50]		1048572		53284		995288
[16:54:53]		1048572		53284		995288
[16:54:56]		1048572		53284		995288
[16:54:59]		1048572		53284		995288
[16:55:02]		1048572		53284		995288
[16:55:05]		1048572		53284		995288
[16:55:08]		1048572		53284		995288
[16:55:11]		1048572		53284		995288
[16:55:14]		1048572		53284		995288
[16:55:17]		1048572		53284		995288
[16:55:20]		1048572		53284		995288
[16:55:23]		1048572		53284		995288
[16:55:26]		1048572		53284		995288
[16:55:29]		1048572		53284		995288
[16:55:32]		1048572		53284		995288
[16:55:35]		1048572		53284		995288
[16:55:38]		1048572		17672		1030900
[16:55:41]		1048572		17672		1030900
[16:55:44]		1048572		17672		1030900
[16:55:47]		1048572		17672		1030900
[16:55:50]		1048572		17672		1030900
[16:55:53]		1048572		17672		1030900
[16:55:56]		1048572		17672		1030900
[16:55:59]		1048572		17672		1030900
[16:56:02]		1048572		17672		1030900
[16:56:05]		1048572		17672		1030900
[16:56:08]		1048572		17672		1030900
[16:56:11]		1048572		17672		1030900
[16:56:14]		1048572		17672		1030900
[16:56:17]		1048572		17672		1030900
[16:56:20]		1048572		17672		1030900
[16:56:23]		1048572		17672		1030900
[16:56:26]		1048572		17672		1030900
[16:56:29]		1048572		17672		1030900
[16:56:32]		1048572		17672		1030900
[16:56:35]		1048572		17672		1030900
[16:56:38]		1048572		17672		1030900
[16:56:41]		1048572		17672		1030900
[16:56:44]		1048572		17672		1030900
[16:56:47]		1048572		17672		1030900
[16:56:50]		1048572		17672		1030900
[16:56:53]		1048572		17672		1030900
[16:56:56]		1048572		17672		1030900
[16:56:59]		1048572		17672		1030900
[16:57:02]		1048572		17672		1030900
[16:57:05]		1048572		17672		1030900
[16:57:08]		1048572		17672		1030900
[16:57:11]		1048572		17672		1030900
[16:57:14]		1048572		17672		1030900
[16:57:17]		1048572		17672		1030900
[16:57:20]		1048572		40356		1008216
[16:57:23]		1048572		68784		979788
[16:57:26]		1048572		83380		965192
[16:57:29]		1048572		106428		942144
[16:57:32]		1048572		104496		944076
[16:57:35]		1048572		92824		955748
[16:57:38]		1048572		48384		1000188
[16:57:41]		1048572		24764		1023808
[16:57:44]		1048572		23588		1024984
[16:57:47]		1048572		23312		1025260
[16:57:50]		1048572		22800		1025772
[16:57:54]		1048572		24936		1023636
[16:57:57]		1048572		32188		1016384
[16:58:00]		1048572		33328		1015244
[16:58:03]		1048572		33328		1015244
[16:58:06]		1048572		33328		1015244
[16:58:09]		1048572		33328		1015244
[16:58:12]		1048572		33328		1015244
[16:58:15]		1048572		33328		1015244
[16:58:18]		1048572		33328		1015244
[16:58:21]		1048572		33328		1015244
[16:58:24]		1048572		33328		1015244
[16:58:27]		1048572		33328		1015244
[16:58:30]		1048572		33328		1015244
[16:58:33]		1048572		33328		1015244
[16:58:36]		1048572		33328		1015244
[16:58:39]		1048572		33328		1015244
[16:58:42]		1048572		33328		1015244
[16:58:45]		1048572		33328		1015244
[16:58:48]		1048572		33328		1015244
[16:58:51]		1048572		33328		1015244
[16:58:54]		1048572		33328		1015244
[16:58:57]		1048572		33328		1015244
[16:59:00]		1048572		33328		1015244
[16:59:03]		1048572		33328		1015244
[16:59:06]		1048572		33328		1015244
[16:59:09]		1048572		33328		1015244
[16:59:12]		1048572		33328		1015244
[16:59:15]		1048572		33328		1015244
[16:59:18]		1048572		17672		1030900
[16:59:21]		1048572		17672		1030900
[16:59:24]		1048572		17672		1030900
[16:59:27]		1048572		17672		1030900
[16:59:30]		1048572		17672		1030900
[16:59:33]		1048572		17672		1030900
[16:59:36]		1048572		17672		1030900
[16:59:39]		1048572		17672		1030900
[16:59:42]		1048572		17672		1030900
[16:59:45]		1048572		17672		1030900
[16:59:48]		1048572		17672		1030900
[16:59:51]		1048572		17672		1030900
[16:59:54]		1048572		17672		1030900
[16:59:57]		1048572		17672		1030900
[17:00:00]		1048572		17672		1030900
[17:00:03]		1048572		17672		1030900
[17:00:06]		1048572		17672		1030900
[17:00:09]		1048572		17672		1030900
[17:00:12]		1048572		17672		1030900
[17:00:15]		1048572		17672		1030900
[17:00:18]		1048572		17672		1030900
[17:00:21]		1048572		17672		1030900
[17:00:24]		1048572		17672		1030900
[17:00:27]		1048572		17672		1030900
[17:00:30]		1048572		17672		1030900
[17:00:33]		1048572		17672		1030900
[17:00:36]		1048572		17672		1030900
[17:00:39]		1048572		17672		1030900
[17:00:42]		1048572		17672		1030900
[17:00:45]		1048572		17672		1030900
[17:00:48]		1048572		17672		1030900
[17:00:51]		1048572		17672		1030900
[17:00:54]		1048572		17672		1030900
[17:00:57]		1048572		17672		1030900
[17:01:00]		1048572		17672		1030900
[17:01:03]		1048572		17672		1030900
[17:01:06]		1048572		17672		1030900
[17:01:09]		1048572		17672		1030900
[17:01:12]		1048572		17672		1030900
[17:01:15]		1048572		17672		1030900
[17:01:18]		1048572		17672		1030900
[17:01:21]		1048572		17672		1030900
[17:01:24]		1048572		17672		1030900
[17:01:27]		1048572		17672		1030900
[17:01:30]		1048572		17672		1030900
[17:01:33]		1048572		17672		1030900
[17:01:36]		1048572		17672		1030900
[17:01:39]		1048572		17672		1030900
[17:01:42]		1048572		17672		1030900
[17:01:45]		1048572		17672		1030900
[17:01:48]		1048572		17672		1030900
[17:01:51]		1048572		17672		1030900
[17:01:54]		1048572		17672		1030900
[17:01:57]		1048572		17672		1030900
[17:02:00]		1048572		17672		1030900
[17:02:03]		1048572		17672		1030900
[17:02:06]		1048572		17672		1030900
[17:02:09]		1048572		17672		1030900
[17:02:12]		1048572		17672		1030900
[17:02:15]		1048572		17672		1030900
[17:02:18]		1048572		17672		1030900
[17:02:21]		1048572		17672		1030900
[17:02:24]		1048572		17672		1030900
[17:02:27]		1048572		17672		1030900
[17:02:30]		1048572		17672		1030900
[17:02:33]		1048572		17672		1030900
[17:02:36]		1048572		17672		1030900
[17:02:39]		1048572		17672		1030900
[17:02:42]		1048572		17672		1030900
[17:02:45]		1048572		17672		1030900
[17:02:48]		1048572		17672		1030900
[17:02:51]		1048572		17672		1030900
[17:02:54]		1048572		17672		1030900
[17:02:57]		1048572		17672		1030900
[17:03:00]		1048572		17672		1030900
[17:03:03]		1048572		17672		1030900
[17:03:06]		1048572		17672		1030900
[17:03:09]		1048572		17672		1030900
[17:03:12]		1048572		17672		1030900
[17:03:15]		1048572		17672		1030900
[17:03:18]		1048572		17672		1030900
[17:03:21]		1048572		17672		1030900
[17:03:24]		1048572		17672		1030900
[17:03:27]		1048572		17672		1030900
[17:03:30]		1048572		17672		1030900
[17:03:33]		1048572		17672		1030900
[17:03:36]		1048572		17672		1030900
[17:03:39]		1048572		17672		1030900
[17:03:42]		1048572		17672		1030900
[17:03:45]		1048572		17672		1030900
[17:03:48]		1048572		17672		1030900
[17:03:51]		1048572		17672		1030900
[17:03:54]		1048572		17672		1030900
[17:03:57]		1048572		17672		1030900
[17:04:00]		1048572		17672		1030900
[17:04:03]		1048572		17672		1030900
[17:04:06]		1048572		17672		1030900
[17:04:09]		1048572		17672		1030900
[17:04:12]		1048572		17672		1030900
[17:04:15]		1048572		17672		1030900
[17:04:18]		1048572		17672		1030900
[17:04:21]		1048572		45136		1003436
[17:04:24]		1048572		62996		985576
[17:04:27]		1048572		84916		963656
[17:04:30]		1048572		91000		957572
[17:04:33]		1048572		92036		956536
[17:04:36]		1048572		89560		959012
[17:04:39]		1048572		85364		963208
[17:04:42]		1048572		61732		986840
[17:04:45]		1048572		26156		1022416
[17:04:48]		1048572		25328		1023244
[17:04:51]		1048572		24256		1024316
[17:04:54]		1048572		23704		1024868
[17:04:57]		1048572		23196		1025376
[17:05:00]		1048572		22704		1025868
[17:05:03]		1048572		22704		1025868
[17:05:06]		1048572		22700		1025872
[17:05:09]		1048572		22700		1025872
[17:05:12]		1048572		22488		1026084
[17:05:15]		1048572		22472		1026100
[17:05:18]		1048572		22472		1026100
[17:05:21]		1048572		22472		1026100
[17:05:24]		1048572		22472		1026100
[17:05:27]		1048572		22472		1026100
[17:05:30]		1048572		22472		1026100
[17:05:33]		1048572		22472		1026100
[17:05:36]		1048572		22472		1026100
[17:05:39]		1048572		22472		1026100
[17:05:42]		1048572		22472		1026100
[17:05:45]		1048572		22472		1026100
[17:05:48]		1048572		22472		1026100
[17:05:51]		1048572		22472		1026100
[17:05:54]		1048572		22472		1026100
[17:05:57]		1048572		22472		1026100
[17:06:00]		1048572		22472		1026100
[17:06:03]		1048572		22472		1026100
[17:06:06]		1048572		22472		1026100
[17:06:09]		1048572		22472		1026100
[17:06:12]		1048572		22472		1026100
[17:06:15]		1048572		22472		1026100
[17:06:18]		1048572		22472		1026100
[17:06:21]		1048572		17444		1031128
[17:06:24]		1048572		17444		1031128
[17:06:27]		1048572		17444		1031128
[17:06:30]		1048572		17444		1031128
[17:06:33]		1048572		17444		1031128
[17:06:36]		1048572		17444		1031128
[17:06:39]		1048572		17444		1031128
[17:06:42]		1048572		17444		1031128
[17:06:45]		1048572		17444		1031128
[17:06:48]		1048572		17444		1031128
[17:06:51]		1048572		17444		1031128
[17:06:54]		1048572		17444		1031128
[17:06:57]		1048572		17444		1031128
[17:07:00]		1048572		17444		1031128
[17:07:03]		1048572		17444		1031128
[17:07:06]		1048572		17444		1031128
[17:07:09]		1048572		17444		1031128
[17:07:12]		1048572		17444		1031128
[17:07:15]		1048572		17444		1031128
[17:07:18]		1048572		17444		1031128
[17:07:21]		1048572		17444		1031128
[17:07:24]		1048572		17444		1031128
[17:07:27]		1048572		17444		1031128
[17:07:30]		1048572		17444		1031128
[17:07:33]		1048572		17444		1031128
[17:07:36]		1048572		17444		1031128
[17:07:39]		1048572		17444		1031128
[17:07:42]		1048572		17444		1031128
[17:07:45]		1048572		17444		1031128
[17:07:48]		1048572		17444		1031128
[17:07:51]		1048572		17444		1031128
[17:07:54]		1048572		17444		1031128
[17:07:57]		1048572		17444		1031128
[17:08:00]		1048572		17444		1031128
[17:08:03]		1048572		17444		1031128
[17:08:06]		1048572		17444		1031128
[17:08:09]		1048572		41968		1006604
[17:08:12]		1048572		60524		988048
[17:08:15]		1048572		72720		975852
[17:08:18]		1048572		79204		969368
[17:08:21]		1048572		83280		965292
[17:08:24]		1048572		80768		967804
[17:08:27]		1048572		71136		977436
[17:08:30]		1048572		45572		1003000
[17:08:33]		1048572		35796		1012776
[17:08:36]		1048572		28100		1020472
[17:08:39]		1048572		26972		1021600
[17:08:42]		1048572		21892		1026680
[17:08:45]		1048572		21768		1026804
[17:08:48]		1048572		21544		1027028
[17:08:51]		1048572		21528		1027044
[17:08:54]		1048572		21528		1027044
[17:08:57]		1048572		21528		1027044
[17:09:00]		1048572		21528		1027044
[17:09:03]		1048572		21468		1027104
[17:09:06]		1048572		21468		1027104
[17:09:09]		1048572		21468		1027104
[17:09:12]		1048572		21468		1027104
[17:09:15]		1048572		21468		1027104
[17:09:18]		1048572		21468		1027104
[17:09:21]		1048572		21468		1027104
[17:09:24]		1048572		21468		1027104
[17:09:27]		1048572		21468		1027104
[17:09:30]		1048572		21468		1027104
[17:09:33]		1048572		21468		1027104
[17:09:36]		1048572		21468		1027104
[17:09:39]		1048572		21468		1027104
[17:09:42]		1048572		21468		1027104
[17:09:45]		1048572		21468		1027104
[17:09:48]		1048572		21468		1027104
[17:09:51]		1048572		21468		1027104
[17:09:54]		1048572		21468		1027104
[17:09:57]		1048572		21468		1027104
[17:10:00]		1048572		21468		1027104
[17:10:03]		1048572		21468		1027104
[17:10:06]		1048572		21468		1027104
[17:10:09]		1048572		21468		1027104
[17:10:12]		1048572		17508		1031064
[17:10:15]		1048572		17508		1031064
[17:10:18]		1048572		17508		1031064
[17:10:21]		1048572		17508		1031064
[17:10:24]		1048572		17500		1031072
[17:10:27]		1048572		17500		1031072
[17:10:30]		1048572		17500		1031072
[17:10:33]		1048572		17500		1031072
[17:10:36]		1048572		17500		1031072
[17:10:39]		1048572		17500		1031072
[17:10:42]		1048572		17500		1031072
[17:10:45]		1048572		17500		1031072
[17:10:48]		1048572		17500		1031072
[17:10:51]		1048572		17500		1031072
[17:10:54]		1048572		17500		1031072
[17:10:57]		1048572		17500		1031072
[17:11:00]		1048572		17500		1031072
[17:11:03]		1048572		17500		1031072
[17:11:06]		1048572		17500		1031072
[17:11:09]		1048572		17500		1031072
[17:11:12]		1048572		17500		1031072
[17:11:15]		1048572		17500		1031072
[17:11:18]		1048572		17500		1031072
[17:11:21]		1048572		17500		1031072
[17:11:24]		1048572		17500		1031072
[17:11:27]		1048572		17500		1031072
[17:11:30]		1048572		17500		1031072
[17:11:33]		1048572		17500		1031072
[17:11:36]		1048572		17500		1031072
[17:11:39]		1048572		17500		1031072
[17:11:42]		1048572		17500		1031072
[17:11:45]		1048572		17500		1031072
[17:11:48]		1048572		17500		1031072
[17:11:51]		1048572		17500		1031072
[17:11:54]		1048572		17500		1031072
[17:11:57]		1048572		68504		980068
[17:12:00]		1048572		86532		962040
[17:12:03]		1048572		93816		954756
[17:12:06]		1048572		90232		958340
[17:12:09]		1048572		105336		943236
[17:12:12]		1048572		100992		947580
[17:12:15]		1048572		72924		975648
[17:12:18]		1048572		44732		1003840
[17:12:21]		1048572		41376		1007196
[17:12:24]		1048572		49852		998720
[17:12:27]		1048572		47876		1000696
[17:12:30]		1048572		45312		1003260
[17:12:33]		1048572		51740		996832
[17:12:36]		1048572		51016		997556
[17:12:39]		1048572		51016		997556
[17:12:42]		1048572		51016		997556
[17:12:45]		1048572		51016		997556
[17:12:48]		1048572		51016		997556
[17:12:51]		1048572		51016		997556
[17:12:54]		1048572		51016		997556
[17:12:57]		1048572		51016		997556
[17:13:00]		1048572		51016		997556
[17:13:03]		1048572		51016		997556
[17:13:06]		1048572		51016		997556
[17:13:09]		1048572		51016		997556
[17:13:12]		1048572		51016		997556
[17:13:15]		1048572		51016		997556
[17:13:18]		1048572		51016		997556
[17:13:21]		1048572		51016		997556
[17:13:24]		1048572		51016		997556
[17:13:27]		1048572		51016		997556
[17:13:30]		1048572		51016		997556
[17:13:33]		1048572		51016		997556
[17:13:36]		1048572		51016		997556
[17:13:39]		1048572		51016		997556
[17:13:42]		1048572		51016		997556
[17:13:45]		1048572		51016		997556
[17:13:48]		1048572		51016		997556
[17:13:51]		1048572		51016		997556
[17:13:54]		1048572		51016		997556
[17:13:57]		1048572		17708		1030864
[17:14:00]		1048572		17644		1030928
[17:14:03]		1048572		17644		1030928
[17:14:06]		1048572		17644		1030928
[17:14:09]		1048572		17644		1030928
[17:14:12]		1048572		17644		1030928
[17:14:15]		1048572		17644		1030928
[17:14:18]		1048572		17644		1030928
[17:14:21]		1048572		17644		1030928
[17:14:24]		1048572		17644		1030928
[17:14:27]		1048572		17644		1030928
[17:14:30]		1048572		17644		1030928
[17:14:33]		1048572		17644		1030928
[17:14:36]		1048572		17644		1030928
[17:14:39]		1048572		17644		1030928
[17:14:42]		1048572		17644		1030928
[17:14:45]		1048572		17644		1030928
[17:14:48]		1048572		17644		1030928
[17:14:51]		1048572		17644		1030928
[17:14:54]		1048572		17644		1030928
[17:14:57]		1048572		17644		1030928
[17:15:00]		1048572		17644		1030928
[17:15:03]		1048572		17644		1030928
[17:15:06]		1048572		17644		1030928
[17:15:09]		1048572		17644		1030928
[17:15:12]		1048572		17644		1030928
[17:15:15]		1048572		17644		1030928
[17:15:18]		1048572		17644		1030928
[17:15:21]		1048572		17644		1030928
[17:15:24]		1048572		17644		1030928
[17:15:27]		1048572		17644		1030928
[17:15:30]		1048572		17644		1030928
[17:15:33]		1048572		17644		1030928
[17:15:36]		1048572		17644		1030928
[17:15:39]		1048572		17644		1030928
[17:15:42]		1048572		30292		1018280
[17:15:45]		1048572		47140		1001432
[17:15:48]		1048572		55428		993144
[17:15:51]		1048572		97928		950644
[17:15:54]		1048572		156776		891796
[17:15:57]		1048572		167064		881508
[17:16:00]		1048572		165272		883300
[17:16:03]		1048572		177676		870896
[17:16:06]		1048572		185144		863428
[17:16:09]		1048572		185172		863400
[17:16:12]		1048572		199688		848884
[17:16:15]		1048572		198220		850352
[17:16:18]		1048572		201888		846684
[17:16:21]		1048572		210660		837912
[17:16:24]		1048572		213176		835396
[17:16:27]		1048572		210640		837932
[17:16:30]		1048572		186508		862064
[17:16:33]		1048572		172920		875652
[17:16:36]		1048572		164004		884568
[17:16:39]		1048572		149620		898952
[17:16:42]		1048572		143152		905420
[17:16:45]		1048572		138844		909728
[17:16:48]		1048572		138916		909656
[17:16:51]		1048572		121620		926952
[17:16:54]		1048572		127908		920664
[17:16:57]		1048572		125092		923480
[17:17:00]		1048572		120864		927708
[17:17:03]		1048572		140420		908152
[17:17:06]		1048572		131660		916912
[17:17:09]		1048572		131352		917220
[17:17:12]		1048572		131352		917220
[17:17:15]		1048572		131352		917220
[17:17:18]		1048572		131352		917220
[17:17:21]		1048572		131352		917220
[17:17:24]		1048572		131352		917220
[17:17:27]		1048572		131352		917220
[17:17:30]		1048572		131352		917220
[17:17:33]		1048572		131352		917220
[17:17:36]		1048572		131352		917220
[17:17:39]		1048572		131352		917220
[17:17:42]		1048572		131352		917220
[17:17:45]		1048572		131352		917220
[17:17:48]		1048572		131352		917220
[17:17:51]		1048572		131352		917220
[17:17:54]		1048572		131352		917220
[17:17:57]		1048572		131352		917220
[17:18:00]		1048572		131352		917220
[17:18:03]		1048572		131352		917220
[17:18:06]		1048572		131352		917220
[17:18:09]		1048572		131352		917220
[17:18:12]		1048572		131352		917220
[17:18:15]		1048572		131352		917220
[17:18:18]		1048572		131352		917220
[17:18:21]		1048572		131352		917220
[17:18:24]		1048572		131352		917220
[17:18:27]		1048572		131352		917220
[17:18:30]		1048572		131348		917224
[17:18:33]		1048572		17848		1030724
[17:18:36]		1048572		17848		1030724
[17:18:39]		1048572		17848		1030724
[17:18:42]		1048572		17848		1030724
[17:18:45]		1048572		17848		1030724
[17:18:48]		1048572		17848		1030724
[17:18:51]		1048572		17848		1030724
[17:18:54]		1048572		17848		1030724
[17:18:57]		1048572		17848		1030724
[17:19:00]		1048572		17848		1030724
[17:19:03]		1048572		17848		1030724
[17:19:06]		1048572		17848		1030724
[17:19:09]		1048572		17848		1030724
[17:19:12]		1048572		17848		1030724
[17:19:15]		1048572		17848		1030724
[17:19:18]		1048572		17848		1030724
[17:19:21]		1048572		17848		1030724
[17:19:24]		1048572		17848		1030724
[17:19:27]		1048572		17848		1030724
[17:19:30]		1048572		17848		1030724
[17:19:33]		1048572		17848		1030724
[17:19:36]		1048572		17848		1030724
[17:19:39]		1048572		17848		1030724
[17:19:42]		1048572		17848		1030724
[17:19:45]		1048572		17712		1030860
[17:19:48]		1048572		17648		1030924
[17:19:51]		1048572		17648		1030924
[17:19:54]		1048572		17648		1030924
[17:19:57]		1048572		17648		1030924
[17:20:00]		1048572		17648		1030924
[17:20:03]		1048572		17648		1030924
[17:20:06]		1048572		17648		1030924
[17:20:09]		1048572		17648		1030924
[17:20:12]		1048572		17648		1030924
[17:20:15]		1048572		17648		1030924
[17:20:18]		1048572		17648		1030924
[17:20:21]		1048572		17648		1030924
[17:20:24]		1048572		17648		1030924
[17:20:27]		1048572		17648		1030924
[17:20:30]		1048572		17648		1030924
[17:20:33]		1048572		17648		1030924
[17:20:36]		1048572		17648		1030924
[17:20:39]		1048572		17648		1030924
[17:20:42]		1048572		17648		1030924
[17:20:45]		1048572		17648		1030924
[17:20:48]		1048572		17648		1030924
[17:20:51]		1048572		17648		1030924
[17:20:54]		1048572		17648		1030924
[17:20:57]		1048572		17648		1030924
[17:21:00]		1048572		17648		1030924
[17:21:03]		1048572		17648		1030924
[17:21:06]		1048572		17648		1030924
[17:21:09]		1048572		17648		1030924
[17:21:12]		1048572		17648		1030924
[17:21:15]		1048572		17648		1030924
[17:21:18]		1048572		17648		1030924
[17:21:21]		1048572		17648		1030924
[17:21:24]		1048572		17648		1030924
[17:21:27]		1048572		17648		1030924
[17:21:30]		1048572		17648		1030924
[17:21:33]		1048572		17648		1030924
[17:21:36]		1048572		17648		1030924
[17:21:39]		1048572		17648		1030924
[17:21:42]		1048572		17648		1030924
[17:21:45]		1048572		17648		1030924
[17:21:48]		1048572		17648		1030924
[17:21:51]		1048572		17648		1030924
[17:21:54]		1048572		17648		1030924
[17:21:57]		1048572		17648		1030924
[17:22:00]		1048572		17648		1030924
[17:22:03]		1048572		17648		1030924
[17:22:06]		1048572		17648		1030924
[17:22:09]		1048572		17648		1030924
[17:22:12]		1048572		17648		1030924
[17:22:15]		1048572		17648		1030924
[17:22:18]		1048572		17648		1030924
[17:22:21]		1048572		17648		1030924
[17:22:24]		1048572		17648		1030924
[17:22:27]		1048572		17648		1030924
[17:22:30]		1048572		17648		1030924
[17:22:33]		1048572		17648		1030924
[17:22:36]		1048572		17648		1030924
[17:22:39]		1048572		17648		1030924
[17:22:42]		1048572		17648		1030924
[17:22:45]		1048572		17648		1030924
[17:22:48]		1048572		17648		1030924
[17:22:51]		1048572		17648		1030924
[17:22:54]		1048572		17648		1030924
[17:22:57]		1048572		17648		1030924
[17:23:00]		1048572		17648		1030924
[17:23:03]		1048572		17648		1030924
[17:23:06]		1048572		17648		1030924
[17:23:09]		1048572		17648		1030924
[17:23:12]		1048572		17648		1030924
[17:23:15]		1048572		17648		1030924
[17:23:18]		1048572		17648		1030924
[17:23:21]		1048572		17648		1030924
[17:23:24]		1048572		17648		1030924
[17:23:27]		1048572		17648		1030924
[17:23:30]		1048572		51792		996780
[17:23:33]		1048572		79868		968704
[17:23:36]		1048572		84484		964088
[17:23:39]		1048572		89956		958616
[17:23:42]		1048572		92436		956136
[17:23:45]		1048572		91044		957528
[17:23:48]		1048572		89940		958632
[17:23:51]		1048572		83876		964696
[17:23:54]		1048572		35316		1013256
[17:23:57]		1048572		23372		1025200
[17:24:00]		1048572		23288		1025284
[17:24:03]		1048572		22548		1026024
[17:24:06]		1048572		22416		1026156
[17:24:09]		1048572		22196		1026376
[17:24:12]		1048572		22188		1026384
[17:24:15]		1048572		22188		1026384
[17:24:18]		1048572		22184		1026388
[17:24:21]		1048572		22184		1026388
[17:24:24]		1048572		22184		1026388
[17:24:27]		1048572		22184		1026388
[17:24:30]		1048572		22184		1026388
[17:24:33]		1048572		22184		1026388
[17:24:36]		1048572		22184		1026388
[17:24:39]		1048572		22184		1026388
[17:24:42]		1048572		22184		1026388
[17:24:45]		1048572		22184		1026388
[17:24:48]		1048572		22184		1026388
[17:24:51]		1048572		22184		1026388
[17:24:54]		1048572		22184		1026388
[17:24:57]		1048572		22184		1026388
[17:25:00]		1048572		22184		1026388
[17:25:03]		1048572		22184		1026388
[17:25:06]		1048572		22184		1026388
[17:25:09]		1048572		22184		1026388
[17:25:12]		1048572		22184		1026388
[17:25:15]		1048572		22184		1026388
[17:25:18]		1048572		22184		1026388
[17:25:21]		1048572		22184		1026388
[17:25:24]		1048572		22184		1026388
[17:25:27]		1048572		22184		1026388
[17:25:30]		1048572		22184		1026388
[17:25:33]		1048572		22184		1026388
[17:25:36]		1048572		17668		1030904
[17:25:39]		1048572		17668		1030904
[17:25:42]		1048572		17660		1030912
[17:25:45]		1048572		17660		1030912
[17:25:48]		1048572		17660		1030912
[17:25:51]		1048572		17660		1030912
[17:25:54]		1048572		17660		1030912
[17:25:57]		1048572		17660		1030912
[17:26:00]		1048572		17660		1030912
[17:26:03]		1048572		17660		1030912
[17:26:06]		1048572		17660		1030912
[17:26:09]		1048572		17660		1030912
[17:26:12]		1048572		17660		1030912
[17:26:15]		1048572		17660		1030912
[17:26:18]		1048572		17660		1030912
[17:26:21]		1048572		17660		1030912
[17:26:24]		1048572		17660		1030912
[17:26:27]		1048572		17660		1030912
[17:26:30]		1048572		17660		1030912
[17:26:33]		1048572		17660		1030912
[17:26:36]		1048572		17660		1030912
[17:26:39]		1048572		17660		1030912
[17:26:42]		1048572		17660		1030912
[17:26:45]		1048572		17660		1030912
[17:26:48]		1048572		17660		1030912
[17:26:51]		1048572		17660		1030912
[17:26:54]		1048572		17660		1030912
[17:26:57]		1048572		17660		1030912
[17:27:00]		1048572		17660		1030912
[17:27:03]		1048572		17660		1030912
[17:27:06]		1048572		17660		1030912
[17:27:09]		1048572		17660		1030912
[17:27:12]		1048572		17660		1030912
[17:27:15]		1048572		17660		1030912
[17:27:18]		1048572		52552		996020
[17:27:22]		1048572		71628		976944
[17:27:25]		1048572		83296		965276
[17:27:28]		1048572		85348		963224
[17:27:31]		1048572		83888		964684
[17:27:34]		1048572		94840		953732
[17:27:37]		1048572		94096		954476
[17:27:40]		1048572		92096		956476
[17:27:43]		1048572		90416		958156
[17:27:46]		1048572		89068		959504
[17:27:49]		1048572		84428		964144
[17:27:52]		1048572		57660		990912
[17:27:55]		1048572		24052		1024520
[17:27:58]		1048572		23932		1024640
[17:28:01]		1048572		22216		1026356
[17:28:04]		1048572		22200		1026372
[17:28:07]		1048572		21968		1026604
[17:28:10]		1048572		21948		1026624
[17:28:13]		1048572		21948		1026624
[17:28:16]		1048572		21948		1026624
[17:28:19]		1048572		21948		1026624
[17:28:22]		1048572		21948		1026624
[17:28:25]		1048572		21948		1026624
[17:28:28]		1048572		21948		1026624
[17:28:31]		1048572		21948		1026624
[17:28:34]		1048572		21948		1026624
[17:28:37]		1048572		21940		1026632
[17:28:40]		1048572		21940		1026632
[17:28:43]		1048572		21940		1026632
[17:28:46]		1048572		21940		1026632
[17:28:49]		1048572		21940		1026632
[17:28:52]		1048572		21940		1026632
[17:28:55]		1048572		21940		1026632
[17:28:58]		1048572		21940		1026632
[17:29:01]		1048572		21696		1026876
[17:29:04]		1048572		21696		1026876
[17:29:07]		1048572		21696		1026876
[17:29:10]		1048572		21696		1026876
[17:29:13]		1048572		21696		1026876
[17:29:16]		1048572		21696		1026876
[17:29:19]		1048572		21696		1026876
[17:29:22]		1048572		21696		1026876
[17:29:25]		1048572		21696		1026876
[17:29:28]		1048572		17704		1030868
[17:29:31]		1048572		17704		1030868
[17:29:34]		1048572		17704		1030868
[17:29:37]		1048572		17704		1030868
[17:29:40]		1048572		17704		1030868
[17:29:43]		1048572		17704		1030868
[17:29:46]		1048572		17704		1030868
[17:29:49]		1048572		17704		1030868
[17:29:52]		1048572		17704		1030868
[17:29:55]		1048572		17704		1030868
[17:29:58]		1048572		17704		1030868
[17:30:01]		1048572		17704		1030868
[17:30:04]		1048572		17704		1030868
[17:30:07]		1048572		17704		1030868
[17:30:10]		1048572		17704		1030868
[17:30:13]		1048572		17704		1030868
[17:30:16]		1048572		17704		1030868
[17:30:19]		1048572		17704		1030868
[17:30:22]		1048572		17704		1030868
[17:30:25]		1048572		17704		1030868
[17:30:28]		1048572		17704		1030868
[17:30:31]		1048572		17704		1030868
[17:30:34]		1048572		17704		1030868
[17:30:37]		1048572		17704		1030868
[17:30:40]		1048572		17704		1030868
[17:30:43]		1048572		17704		1030868
[17:30:46]		1048572		17704		1030868
[17:30:49]		1048572		17704		1030868
[17:30:52]		1048572		17704		1030868
[17:30:55]		1048572		17704		1030868
[17:30:58]		1048572		17704		1030868
[17:31:01]		1048572		17704		1030868
[17:31:04]		1048572		17704		1030868
[17:31:07]		1048572		17704		1030868
[17:31:10]		1048572		28840		1019732
[17:31:13]		1048572		74328		974244
[17:31:16]		1048572		74992		973580
[17:31:19]		1048572		74080		974492
[17:31:22]		1048572		72376		976196
[17:31:25]		1048572		70960		977612
[17:31:28]		1048572		61712		986860
[17:31:31]		1048572		25300		1023272
[17:31:34]		1048572		25328		1023244
[17:31:37]		1048572		25064		1023508
[17:31:40]		1048572		23920		1024652
[17:31:43]		1048572		23972		1024600
[17:31:46]		1048572		23972		1024600
[17:31:49]		1048572		23964		1024608
[17:31:52]		1048572		23956		1024616
[17:31:55]		1048572		24008		1024564
[17:31:58]		1048572		24188		1024384
[17:32:01]		1048572		24228		1024344
[17:32:04]		1048572		27324		1021248
[17:32:07]		1048572		27324		1021248
[17:32:10]		1048572		27324		1021248
[17:32:13]		1048572		27324		1021248
[17:32:16]		1048572		27324		1021248
[17:32:19]		1048572		27324		1021248
[17:32:22]		1048572		27324		1021248
[17:32:25]		1048572		27324		1021248
[17:32:28]		1048572		27324		1021248
[17:32:31]		1048572		27324		1021248
[17:32:34]		1048572		27324		1021248
[17:32:37]		1048572		27324		1021248
[17:32:40]		1048572		27324		1021248
[17:32:43]		1048572		27324		1021248
[17:32:46]		1048572		27324		1021248
[17:32:49]		1048572		27324		1021248
[17:32:52]		1048572		27324		1021248
[17:32:55]		1048572		27324		1021248
[17:32:58]		1048572		27324		1021248
[17:33:01]		1048572		27324		1021248
[17:33:04]		1048572		27324		1021248
[17:33:07]		1048572		17524		1031048
[17:33:10]		1048572		17524		1031048
[17:33:13]		1048572		17524		1031048
[17:33:16]		1048572		17524		1031048
[17:33:19]		1048572		17524		1031048
[17:33:22]		1048572		17524		1031048
[17:33:25]		1048572		17524		1031048
[17:33:28]		1048572		17524		1031048
[17:33:31]		1048572		17524		1031048
[17:33:34]		1048572		17524		1031048
[17:33:37]		1048572		17524		1031048
[17:33:40]		1048572		17524		1031048
[17:33:43]		1048572		17524		1031048
[17:33:46]		1048572		17524		1031048
[17:33:49]		1048572		17524		1031048
[17:33:52]		1048572		17524		1031048
[17:33:55]		1048572		17524		1031048
[17:33:58]		1048572		17524		1031048
[17:34:01]		1048572		17524		1031048
[17:34:04]		1048572		17524		1031048
[17:34:07]		1048572		17524		1031048
[17:34:10]		1048572		17524		1031048
[17:34:13]		1048572		17524		1031048
[17:34:16]		1048572		17524		1031048
[17:34:19]		1048572		17524		1031048
[17:34:22]		1048572		17524		1031048
[17:34:25]		1048572		17524		1031048
[17:34:28]		1048572		17524		1031048
[17:34:31]		1048572		17524		1031048
[17:34:34]		1048572		17524		1031048
[17:34:37]		1048572		17524		1031048
[17:34:40]		1048572		17524		1031048
[17:34:43]		1048572		17524		1031048
[17:34:46]		1048572		17524		1031048
[17:34:49]		1048572		17524		1031048
[17:34:52]		1048572		47368		1001204
[17:34:55]		1048572		80628		967944
[17:34:58]		1048572		88604		959968
[17:35:01]		1048572		97656		950916
[17:35:04]		1048572		98384		950188
[17:35:07]		1048572		96404		952168
[17:35:10]		1048572		95316		953256
[17:35:13]		1048572		93944		954628
[17:35:16]		1048572		89120		959452
[17:35:19]		1048572		79620		968952
[17:35:22]		1048572		70356		978216
[17:35:25]		1048572		62972		985600
[17:35:28]		1048572		50256		998316
[17:35:31]		1048572		31620		1016952
[17:35:34]		1048572		41912		1006660
[17:35:37]		1048572		45248		1003324
[17:35:40]		1048572		39564		1009008
[17:35:43]		1048572		39548		1009024
[17:35:46]		1048572		39280		1009292
[17:35:49]		1048572		39280		1009292
[17:35:52]		1048572		39280		1009292
[17:35:55]		1048572		39280		1009292
[17:35:58]		1048572		39280		1009292
[17:36:01]		1048572		39280		1009292
[17:36:04]		1048572		39280		1009292
[17:36:07]		1048572		39280		1009292
[17:36:10]		1048572		39280		1009292
[17:36:13]		1048572		39280		1009292
[17:36:16]		1048572		39280		1009292
[17:36:19]		1048572		39280		1009292
[17:36:22]		1048572		39280		1009292
[17:36:25]		1048572		39280		1009292
[17:36:28]		1048572		39280		1009292
[17:36:31]		1048572		39280		1009292
[17:36:34]		1048572		39280		1009292
[17:36:37]		1048572		39280		1009292
[17:36:40]		1048572		39280		1009292
[17:36:43]		1048572		39280		1009292
[17:36:46]		1048572		39280		1009292
[17:36:49]		1048572		39280		1009292
[17:36:52]		1048572		39280		1009292
[17:36:55]		1048572		39280		1009292
[17:36:58]		1048572		39280		1009292
[17:37:01]		1048572		39280		1009292
[17:37:04]		1048572		39224		1009348
[17:37:07]		1048572		17752		1030820
[17:37:10]		1048572		17752		1030820
[17:37:13]		1048572		17752		1030820
[17:37:16]		1048572		17752		1030820
[17:37:19]		1048572		17752		1030820
[17:37:22]		1048572		17752		1030820
[17:37:25]		1048572		17752		1030820
[17:37:28]		1048572		17752		1030820
[17:37:31]		1048572		17752		1030820
[17:37:34]		1048572		17752		1030820
[17:37:37]		1048572		17752		1030820
[17:37:40]		1048572		17752		1030820
[17:37:43]		1048572		17752		1030820
[17:37:46]		1048572		17752		1030820
[17:37:49]		1048572		17752		1030820
[17:37:52]		1048572		17752		1030820
[17:37:55]		1048572		17752		1030820
[17:37:58]		1048572		17752		1030820
[17:38:01]		1048572		17752		1030820
[17:38:04]		1048572		17748		1030824
[17:38:07]		1048572		17748		1030824
[17:38:10]		1048572		17748		1030824
[17:38:13]		1048572		17748		1030824
[17:38:16]		1048572		17748		1030824
[17:38:19]		1048572		17748		1030824
[17:38:22]		1048572		17748		1030824
[17:38:25]		1048572		17748		1030824
[17:38:28]		1048572		17748		1030824
[17:38:31]		1048572		17748		1030824
[17:38:34]		1048572		17748		1030824
[17:38:37]		1048572		17748		1030824
[17:38:40]		1048572		17748		1030824
[17:38:43]		1048572		17748		1030824
[17:38:46]		1048572		17748		1030824
[17:38:49]		1048572		17748		1030824
[17:38:52]		1048572		29788		1018784
[17:38:55]		1048572		21052		1027520
[17:38:58]		1048572		20832		1027740
[17:39:01]		1048572		20676		1027896
[17:39:04]		1048572		20588		1027984
[17:39:07]		1048572		20588		1027984
[17:39:10]		1048572		20344		1028228
[17:39:13]		1048572		20508		1028064
[17:39:16]		1048572		20824		1027748
[17:39:19]		1048572		20884		1027688
[17:39:22]		1048572		20884		1027688
[17:39:25]		1048572		20884		1027688
[17:39:28]		1048572		20884		1027688
[17:39:31]		1048572		20884		1027688
[17:39:34]		1048572		20884		1027688
[17:39:37]		1048572		20884		1027688
[17:39:40]		1048572		20884		1027688
[17:39:43]		1048572		20884		1027688
[17:39:46]		1048572		20884		1027688
[17:39:49]		1048572		20884		1027688
[17:39:52]		1048572		20884		1027688
[17:39:55]		1048572		20884		1027688
[17:39:58]		1048572		20884		1027688
[17:40:01]		1048572		20884		1027688
[17:40:04]		1048572		20884		1027688
[17:40:07]		1048572		20884		1027688
[17:40:10]		1048572		20884		1027688
[17:40:13]		1048572		20884		1027688
[17:40:16]		1048572		20884		1027688
[17:40:19]		1048572		20884		1027688
[17:40:22]		1048572		20884		1027688
[17:40:25]		1048572		20884		1027688
[17:40:28]		1048572		20884		1027688
[17:40:31]		1048572		17660		1030912
[17:40:34]		1048572		17656		1030916
[17:40:37]		1048572		17656		1030916
[17:40:40]		1048572		17656		1030916
[17:40:43]		1048572		17656		1030916
[17:40:46]		1048572		17656		1030916
[17:40:49]		1048572		17656		1030916
[17:40:52]		1048572		17656		1030916
[17:40:55]		1048572		17656		1030916
[17:40:58]		1048572		17124		1031448
