recorded by mmserver domain:[id:3 time:Mon Apr  1 19:52:03 2013
]
time		tg_mem		use_mem		free_mem		
19:52:05		524288		141384		382904		
19:52:07		524288		141384		382904		
19:52:09		524288		141384		382904		
19:52:11		524288		141384		382904		
19:52:13		524288		141384		382904		
19:52:15		524288		141384		382904		
19:52:17		524288		141384		382904		
19:52:19		524288		141384		382904		
19:52:21		524288		141384		382904		
19:52:23		524288		141384		382904		
19:52:25		524288		141492		382796		
19:52:27		524288		141492		382796		
19:52:29		524288		152492		371796		
19:52:32		524288		186848		337440		
19:52:34		524288		216856		307432		
19:52:36		524288		267572		256716		
19:52:38		524288		332176		192112		
19:52:40		524288		332176		192112		
19:52:42		524288		332176		192112		
19:52:44		524288		332176		192112		
19:52:46		532598		340486		192112		
19:52:48		541127		349015		192112		
19:52:50		549651		357539		192112		
19:52:52		523967		331855		192112		
19:52:54		544917		352805		192112		
19:52:56		545581		353469		192112		
19:52:58		537795		345683		192112		
19:53:00		519036		326924		192112		
19:53:02		512233		320121		192112		
19:53:04		493097		417765		75332		
19:53:06		567899		460955		106944		
19:53:08		518693		417949		100744		
19:53:10		554879		418423		136456		
19:53:12		552225		418001		134224		
19:53:14		547697		417937		129760		
19:53:16		540928		418112		122816		
19:53:18		539381		418797		120584		
19:53:20		536675		418819		117856		
19:53:22		535824		418836		116988		
19:53:24		532429		418913		113516		
19:53:26		527844		418916		108928		
19:53:28		523741		418905		104836		
19:53:30		519416		418912		100504		
19:53:32		521205		419461		101744		
19:53:34		518518		418882		99636		
19:53:36		517303		418907		98396		
19:53:38		514737		418945		95792		
19:53:40		514702		418910		95792		
19:53:42		515000		419208		95792		
19:53:44		512616		418924		93692		
19:53:47		514328		420636		93692		
19:53:49		511982		419158		92824		
19:53:51		515976		423152		92824		
19:53:53		514076		419144		94932		
19:53:55		510964		419132		91832		
19:53:57		509808		419092		90716		
19:53:59		542045		451329		90716		
19:54:01		529327		419515		109812		
19:54:03		535835		426023		109812		
19:54:05		542839		423231		119608		
19:54:07		542578		422970		119608		
19:54:09		537666		418926		118740		
19:54:11		528366		418926		109440		
19:54:13		530446		421006		109440		
19:54:15		527781		419333		108448		
19:54:17		526327		420119		106208		
19:54:19		523592		470520		53072		
19:54:21		569367		475051		94316		
19:54:23		570011		463411		106600		
19:54:25		560370		463442		96928		
19:54:27		557543		463583		93960		
19:54:29		559784		464336		95448		
19:54:31		557821		463861		93960		
19:54:33		559381		465545		93836		
19:54:35		557601		465129		92472		
19:54:37		558466		465622		92844		
19:54:39		555821		465573		90248		
19:54:41		555713		465713		90000		
19:54:43		554270		465758		88512		
19:54:45		560125		471613		88512		
19:54:47		561285		466201		95084		
19:54:49		561105		466021		95084		
19:54:51		561337		466253		95084		
19:54:53		559578		465610		93968		
19:54:55		559314		465718		93596		
19:54:57		558946		465598		93348		
19:55:00		559248		465900		93348		
19:55:02		563021		467441		95580		
19:55:04		560274		465686		94588		
19:55:06		559321		465725		93596		
19:55:08		563549		469953		93596		
19:55:10		566432		467256		99176		
19:55:12		597231		498055		99176		
19:55:14		604560		467440		137120		
19:55:16		623428		486308		137120		
19:55:18		639515		481935		157580		
19:55:20		623884		466304		157580		
19:55:22		613511		465727		147784		
19:55:24		602331		465707		136624		
19:55:26		607902		467682		140220		
19:55:28		605828		465732		140096		
19:55:30		603768		465780		137988		
19:55:32		596881		465713		131168		
19:55:34		595318		465762		129556		
19:55:36		595537		465981		129556		
19:55:38		595536		465980		129556		
19:55:40		593753		465685		128068		
19:55:42		592297		465717		126580		
19:55:44		590999		465783		125216		
19:55:46		588043		465679		122364		
19:55:48		587975		465735		122240		
19:55:50		589102		466862		122240		
19:55:52		589675		466319		123356		
19:55:54		584772		465756		119016		
19:55:56		582503		465719		116784		
19:55:58		581653		465737		115916		
19:56:00		582283		466243		116040		
19:56:02		577552		465728		111824		
19:56:04		576789		465709		111080		
19:56:06		576536		465704		110832		
19:56:08		575581		124117		451464		
19:56:10		268360		144752		123608		
19:56:13		330707		158491		172216		
19:56:15		303678		177962		125716		
19:56:17		312976		211068		101908		
19:56:19		346865		280229		66636		
19:56:21		400807		309299		91508		
19:56:23		427438		370526		56912		
19:56:25		482627		384671		97956		
19:56:27		491487		392663		98824		
19:56:29		499789		424401		75388		
19:56:31		527805		418441		109364		
19:56:33		521545		417885		103660		
19:56:35		523827		419795		104032		
19:56:37		520485		417941		102544		
19:56:39		518822		418014		100808		
19:56:41		552352		451544		100808		
19:56:43		548739		418419		130320		
19:56:45		546894		417938		128956		
19:56:47		553487		418455		135032		
19:56:49		545233		418013		127220		
19:56:51		546630		430694		115936		
19:56:53		557311		431083		126228		
19:56:55		558107		431879		126228		
19:56:57		557493		431265		126228		
19:56:59		552769		426541		126228		
19:57:01		551975		425747		126228		
19:57:03		544408		424628		119780		
19:57:05		544983		424583		120400		
19:57:07		546052		425652		120400		
19:57:09		542575		424283		118292		
19:57:11		538176		424348		113828		
19:57:13		539724		424656		115068		
19:57:15		533935		424323		109612		
19:57:17		540876		432016		108860		
19:57:19		539317		419545		119772		
19:57:21		529050		422670		106380		
19:57:24		531236		421756		109480		
19:57:26		531689		422457		109232		
19:57:28		529233		436865		92368		
19:57:30		553193		450285		102908		
19:57:32		599796		496880		102916		
19:57:34		561275		460839		100436		
19:57:36		544893		428957		115936		
19:57:38		567741		431469		136272		
19:57:40		568356		428984		139372		
19:57:42		564824		428428		136396		
19:57:44		564811		428415		136396		
19:57:46		559418		428478		130940		
19:57:48		561424		430484		130940		
19:57:50		558029		428701		129328		
19:57:52		557450		428618		128832		
19:57:54		558122		429290		128832		
19:57:56		588129		458677		129452		
19:57:58		576994		428942		148052		
19:58:00		573018		428562		144456		
19:58:02		574947		430491		144456		
19:58:04		572708		117376		455332		
19:58:06		325486		121814		203672		
19:58:08		356655		145543		211112		
19:58:10		351299		166723		184576		
19:58:12		354108		188628		165480		
19:58:14		374370		240262		134108		
19:58:16		409287		303823		105464		
19:58:18		449188		365052		84136		
19:58:20		495240		398200		97040		
19:58:22		522896		399816		123080		
19:58:24		523537		420793		102744		
19:58:26		538254		427946		110308		
19:58:28		542430		428030		114400		
19:58:31		538802		427502		111300		
19:58:33		539981		428061		111920		
19:58:35		540878		427966		112912		
19:58:37		536866		427426		109440		
19:58:39		542813		433373		109440		
19:58:41		548339		433071		115268		
19:58:43		547754		432486		115268		
19:58:45		544776		428020		116756		
19:58:47		541549		440169		101380		
19:58:49		552181		440633		111548		
19:58:51		552915		434795		118120		
19:58:53		548671		434767		113904		
19:58:55		544489		434801		109688		
19:58:57		544784		434848		109936		
19:58:59		550993		440437		110556		
19:59:01		548209		434801		113408		
19:59:03		552290		438882		113408		
19:59:05		554103		434867		119236		
19:59:07		549899		434259		115640		
19:59:09		550317		434677		115640		
19:59:11		573305		451341		121964		
19:59:13		577590		434430		143160		
19:59:15		572200		487940		84260		
19:59:17		627433		510065		117368		
19:59:19		635641		487769		147872		
19:59:21		623725		487261		136464		
19:59:23		616586		487314		129272		
19:59:25		622455		493927		128528		
19:59:27		626082		488006		138076		
19:59:29		618533		487641		130892		
19:59:31		612338		487770		124568		
19:59:33		615911		488367		127544		
19:59:35		616558		488394		128164		
19:59:37		621283		488283		133000		
19:59:39		621799		488303		133496		
19:59:42		617777		487753		130024		
19:59:44		614521		487845		126676		
19:59:46		612691		487751		124940		
19:59:48		611248		487796		123452		
19:59:50		613604		488416		125188		
19:59:52		617486		492174		125312		
19:59:54		613392		487956		125436		
19:59:56		610420		487960		122460		
19:59:58		607068		487956		119112		
20:00:00		608960		489848		119112		
20:00:02		603249		488229		115020		
20:00:04		606386		144802		461584		
20:00:06		295643		20427		275216		
20:00:08		295643		173067		122576		
20:00:10		376538		212422		164116		
20:00:12		395411		277795		117616		
20:00:14		448333		322533		125800		
20:00:16		483608		391288		92320		
20:00:18		540359		426463		113896		
20:00:20		564432		422636		141796		
20:00:22		560371		436431		123940		
20:00:24		574226		449170		125056		
20:00:26		584402		441366		143036		
20:00:28		579037		445673		133364		
20:00:30		574464		445688		128776		
20:00:32		581034		446182		134852		
20:00:34		571359		445807		125552		
20:00:36		579250		449978		129272		
20:00:38		604987		474103		130884		
20:00:40		566537		445821		120716		
20:00:42		595628		456808		138820		
20:00:44		598714		457166		141548		
20:00:46		597574		456522		141052		
20:00:48		595204		456632		138572		
20:00:50		594348		446600		147748		
20:00:52		583349		446637		136712		
20:00:55		585084		448372		136712		
20:00:57		584349		446273		138076		
20:00:59		579981		446245		133736		
20:01:01		581600		446624		134976		
20:01:03		580263		446031		134232		
20:01:05		577551		446171		131380		
20:01:07		577385		475401		101984		
20:01:09		602995		549947		53048		
20:01:11		672540		549088		123452		
20:01:13		666739		549611		117128		
20:01:15		665327		549055		116272		
20:01:17		662350		549922		112428		
20:01:19		661811		551863		109948		
20:01:21		661656		551832		109824		
20:01:23		664121		552677		111444		
20:01:25		657068		552072		104996		
20:01:27		662252		552668		109584		
20:01:29		661940		552356		109584		
20:01:31		664988		553172		111816		
20:01:33		663175		552103		111072		
20:01:35		662216		552136		110080		
20:01:37		659920		552072		107848		
20:01:39		661180		553332		107848		
20:01:41		658163		552299		105864		
20:01:43		657816		552324		105492		
20:01:45		657811		552319		105492		
20:01:47		654978		552338		102640		
20:01:49		656450		151862		504588		
20:01:51		322593		133585		189008		
20:01:53		352240		169184		183056		
20:01:55		346724		201736		144988		
20:01:57		381211		256559		124652		
20:01:59		416286		313706		102580		
20:02:01		467358		372218		95140		
20:02:03		514044		395468		118576		
20:02:05		535286		440890		94396		
20:02:08		569959		432907		137052		
20:02:10		571099		450663		120436		
20:02:12		580676		455528		125148		
20:02:14		584146		455526		128620		
20:02:16		582835		461779		121056		
20:02:18		590530		472946		117584		
20:02:20		596906		465682		131224		
20:02:22		589625		465841		123784		
20:02:24		588272		478872		109400		
20:02:26		598286		479338		118948		
20:02:28		596421		480945		115476		
20:02:30		601266		480582		120684		
20:02:32		634866		514182		120684		
20:02:34		634513		487169		147344		
20:02:36		630348		480648		149700		
20:02:38		621209		480065		141144		
20:02:40		617127		480191		136936		
20:02:42		615064		481120		133944		
20:02:44		618320		559400		58920		
20:02:46		684051		629331		54720		
20:02:48		752211		695771		56440		
20:02:50		809850		709674		100176		
20:02:52		821944		717860		104084		
20:02:54		827994		738418		89576		
20:02:56		845811		749663		96148		
20:02:58		856264		752552		103712		
20:03:00		858806		754350		104456		
20:03:02		890427		769955		120472		
20:03:04		864121		744021		120100		
20:03:06		876627		757395		119232		
20:03:08		874442		739214		135228		
20:03:10		867902		738998		128904		
20:03:12		857576		739328		118248		
20:03:15		860139		739907		120232		
20:03:17		855135		739863		115272		
20:03:19		854519		739867		114652		
20:03:21		854774		740122		114652		
20:03:23		851977		739929		112048		
20:03:25		849929		739865		110064		
20:03:27		846517		739925		106592		
20:03:29		844657		739925		104732		
20:03:31		841673		739917		101756		
20:03:33		842625		141485		701140				
20:03:37		316345		153737		162608		
20:03:39		333755		171891		161864		
20:03:41		337783		206423		131360		
20:03:43		370871		259723		111148		
20:03:45		410063		321731		88332		
20:03:47		458393		359149		99244		
20:03:49		491342		422838		68504		
20:03:51		544831		418423		126408		
20:03:53		543542		449374		94168		
20:03:55		564754		464882		99872		
20:03:57		581827		465463		116364		
20:03:59		580346		497090		83256		
20:04:01		607680		523680		84000		
20:04:03		630346		518198		112148		
20:04:05		626702		525598		101104		
20:04:07		628454		559218		69236		
20:04:09		662330		597346		64984		
20:04:11		695466		592150		103316		
20:04:13		726099		643243		82856		
20:04:15		719376		624244		95132		
20:04:17		747344		660024		87320		
20:04:19		704138		622150		81988		
20:04:21		738590		633662		104928		
20:04:23		750052		643140		106912		
20:04:25		754390		577470		176920		
20:04:28		698695		577451		121244		
20:04:30		686179		587131		99048		
20:04:32		705145		604113		101032		
20:04:34		717620		588432		129188		
20:04:36		702792		592824		109968		
20:04:38		703727		112867		590860			
20:04:42		286824		152076		134748		
20:04:44		307586		183130		124456		
20:04:46		333800		195208		138592		
20:04:48		344846		254490		90356		
20:04:50		397081		343685		53396		
20:04:52		472100		313704		158396		
20:04:54		445858		358886		86972		
20:04:56		474720		384772		89948		
20:04:58		504121		427193		76928		
20:05:00		540845		416673		124172		
20:05:02		566931		457887		109044		
20:05:04		567978		441698		126280		
20:05:06		577318		459718		117600		
20:05:08		597860		469348		128512		
20:05:10		620019		486423		133596		
20:05:12		634117		476961		157156		
20:05:14		621286		478638		142648		
20:05:16		624316		482908		141408		
20:05:18		620361		480937		139424		
20:05:20		623246		486310		136936		
20:05:22		621018		543974		77044		
20:05:24		679781		620681		59100		
20:05:26		674452		606548		67904		
20:05:28		690344		622068		68276		
20:05:30		665796		561312		104484		
20:05:32		692650		561870		130780		
20:05:34		690389		557749		132640		
20:05:37		681890		558302		123588		
20:05:39		681182		558338		122844		
20:05:41		681218		558374		122844		
20:05:43		681253		558409		122844		
20:05:45		682090		115866		566224		
20:05:47		330883		136783		194100		
20:05:49		377262		157494		219768		
20:05:51		372286		176822		195464		
20:05:53		383324		209436		173888		
20:05:55		412990		262414		150576		
20:05:57		448501		349385		99116		
20:05:59		513632		401124		112508		
20:06:01		550597		402625		147972		
20:06:03		552394		428478		123916		
20:06:05		573531		439323		134208		
20:06:07		578048		450536		127512		
20:06:09		589353		472133		117220		
20:06:11		605502		473278		132224		
20:06:13		605820		473224		132596		
20:06:15		604484		476724		127760		
20:06:17		606105		487273		118832		
20:06:19		615139		487131		128008		
20:06:21		614225		487581		126644		
20:06:23		613945		487549		126396		
20:06:25		614033		487637		126396		
20:06:27		613112		487584		125528		
20:06:29		614095		488567		125528		
20:06:31		615516		489988		125528		
20:06:33		616021		490005		126016		
20:06:35		616830		563330		53500		
20:06:37		679693		621953		57740		
20:06:39		735566		649614		85952		
20:06:41		760217		682077		78140		
20:06:43		788601		693489		95112		
20:06:45		801253		709753		91500		
20:06:47		816713		720765		95948		
20:06:50		853211		761231		91980		
20:06:52		824126		730534		93592		
20:06:54		851894		702466		149428		
20:06:56		755212		675720		79492		
20:06:58		798966		699510		99456		
20:07:00		823705		703045		120660		
20:07:02		824395		684143		140252		
20:07:04		806366		683722		122644		
20:07:06		802015		684199		117816		
20:07:08		803641		684709		118932		
20:07:10		799827		684243		115584		
20:07:12		798698		684230		114468		
20:07:14		798590		684246		114344		
20:07:16		797966		684242		113724		
20:07:18		797009		684277		112732		
20:07:20		793201		684313		108888		
20:07:22		793314		684426		108888		
20:07:24		788312		120744		667568			
20:07:28		334488		158728		175760		
20:07:30		355511		198971		156540		
20:07:32		380514		208350		172164		
20:07:34		395442		278334		117108		
20:07:36		458571		328071		130500		
20:07:38		499999		366151		133848		
20:07:40		524239		415315		108924		
20:07:42		561681		418161		143520		
20:07:44		565061		456633		108428		
20:07:46		593668		474080		119588		
20:07:48		611228		511108		100120		
20:07:50		641879		502327		139552		
20:07:52		636678		518454		118224		
20:07:54		651007		539231		111776		
20:07:56		667141		535409		131732		
20:07:58		663314		601942		61372		
20:08:00		746317		683705		62612		
20:08:03		694734		607686		87048		
20:08:05		731141		591761		139380		
20:08:07		719997		631085		88912		
20:08:09		753965		671997		81968		
20:08:11		794877		685257		109620		
20:08:13		808136		688348		119788		
20:08:15		811228		689704		121524		
20:08:17		810685		688409		122276		
20:08:19		811638		692958		118680		
20:08:21		813288		114388		698900			
20:08:25		318631		154295		164336		
20:08:27		333190		172078		161112		
20:08:29		353048		199252		153796		
20:08:31		374744		254180		120564		
20:08:33		425142		320326		104816		
20:08:35		477500		371328		106172		
20:08:37		517713		383889		133824		
20:08:39		527366		392426		134940		
20:08:41		533215		445271		87944		
20:08:43		575524		472948		102576		
20:08:45		600486		485510		114976		
20:08:47		609840		504412		105428		
20:08:49		627550		536258		91292		
20:08:51		653619		538891		114728		
20:08:53		654066		540958		113108		
20:08:55		656612		603620		52992		
20:08:57		710444		657272		53172		
20:08:59		760002		698714		61288		
20:09:01		798774		701010		97764		
20:09:03		800478		723662		76816		
20:09:05		820920		741624		79296		
20:09:07		835011		757715		77296		
20:09:09		849805		744625		105180		
20:09:11		835995		751895		84100		
20:09:14		839934		765134		74800		
20:09:16		851428		787044		64384		
20:09:18		875912		811428		64484		
20:09:20		834375		758695		75680		
20:09:22		853908		760896		93012		
20:09:24		891176		804480		86696		
20:09:26		883414		771670		111744		
20:09:28		894550		781814		112736		
20:09:30		904694		115222		789472			
20:09:34		302325		142153		160172		
20:09:36		337304		192260		145044		
20:09:38		315444		181684		133760		
20:09:40		376366		237150		139216		
20:09:42		427691		284259		143432		
20:09:44		459540		349712		109828		
20:09:46		511978		382930		129048		
20:09:48		534249		383377		150872		
20:09:50		528116		421140		106976		
20:09:52		563063		489443		73620		
20:09:54		549022		481946		67076		
20:09:56		612831		501487		111344		
20:09:58		630192		520088		110104		
20:10:00		646263		540375		105888		
20:10:02		693599		576807		116792		
20:10:04		670152		597628		72524		
20:10:06		726329		672617		53712		
20:10:08		795497		669785		125712		
20:10:10		792760		669652		123108		
20:10:12		792532		672996		119536		
20:10:14		795876		673736		122140		
20:10:16		796615		674095		122520		
20:10:18		796975		683631		113344		
20:10:20		807611		147103		660508			
20:10:25		335648		154896		180752		
20:10:27		344944		174608		170336		
20:10:29		361383		210515		150868		
20:10:31		392966		263674		129292		
20:10:33		434526		328298		106228		
20:10:35		487107		366495		120612		
20:10:37		520691		402063		118628		
20:10:39		574196		449616		124580		
20:10:41		522911		450535		72376		
20:10:43		594122		468246		125876		
20:10:45		608825		490141		118684		
20:10:47		627733		495905		131828		
20:10:49		632123		510711		121412		
20:10:51		645604		515760		129844		
20:10:53		649685		516501		133184		
20:10:55		650211		581631		68580		
20:10:57		708083		595711		112372		
20:10:59		724523		594543		129980		
20:11:01		718190		591930		126260		
20:11:03		715572		592164		123408		
20:11:05		716747		593455		123292		
20:11:07		716680		600332		116348		
20:11:09		722582		148626		573956			
20:11:13		316681		168541		148140		
20:11:15		337956		213376		124580		
20:11:17		371747		238363		133384		
20:11:19		400015		304823		95192		
20:11:21		457587		348847		108740		
20:11:23		495836		409876		85960		
20:11:25		542309		428077		114232		
20:11:27		560901		462541		98360		
20:11:29		587372		454788		132584		
20:11:31		579817		474017		105800		
20:11:33		595412		482916		112496		
20:11:35		602372		495084		107288		
20:11:38		613851		496395		117456		
20:11:40		617416		495744		121672		
20:11:42		615594		493922		121672		
20:11:44		612788		494712		118076		
20:11:46		616257		503769		112488		
20:11:48		651477		553497		97980		
20:11:50		643471		589743		53728		
20:11:52		654376		565540		88836		
20:11:54		633855		571679		62176		
20:11:56		699986		595402		104584		
20:11:58		720062		597374		122688		
20:12:00		721353		593953		127400		
20:12:02		716973		594409		122564		
20:12:04		718214		578654		139560		
20:12:06		707839		578695		129144		
20:12:08		700598		583606		116992		
20:12:10		707046		590426		116620		
20:12:12		707813		584497		123316		
20:12:14		701866		584006		117860		
20:12:16		736735		150555		586180		
20:12:18		322775		40435		282340		
20:12:20		272144		140960		131184		
20:12:22		345161		163881		181280		
20:12:24		371154		188510		182644		
20:12:26		385561		207257		178304		
20:12:28		403629		278893		124736		
20:12:30		458449		327017		131432		
20:12:32		493422		381954		111468		
20:12:34		535266		410282		124984		
20:12:36		554071		424995		129076		
20:12:38		565981		441369		124612		
20:12:40		585502		459030		126472		
20:12:42		598033		467841		130192		
20:12:44		603995		467975		136020		
20:12:47		603639		491675		111964		
20:12:49		622632		496904		125728		
20:12:51		626866		499154		127712		
20:12:53		627203		502591		124612		
20:12:55		631059		506075		124984		
20:12:57		662443		537707		124736		
20:12:59		648418		578878		69540		
20:13:01		706891		641243		65648		
20:13:03		696936		607108		89828		
20:13:05		730443		607879		122564		
20:13:07		731778		608098		123680		
20:13:09		731482		608174		123308		
20:13:11		731727		608535		123192		
20:13:13		732008		608444		123564		
20:13:15		731828		608264		123564		
20:13:17		728837		608125		120712		
20:13:19		726995		608019		118976		
20:13:21		724247		608123		116124		
20:13:23		720897		144181		576716		
20:13:25		307528		19732		287796		
20:13:27		306874		164158		142716		
20:13:29		322261		203477		118784		
20:13:31		351394		235586		115808		
20:13:33		384455		282783		101672		
20:13:35		432851		379923		52928		
20:13:37		449345		373841		75504		
20:13:39		443262		343326		99936		
20:13:41		495607		356239		139368		
20:13:43		507546		369666		137880		
20:13:45		517040		449096		67944		
20:13:47		584074		453510		130564		
20:13:49		587608		469196		118412		
20:13:51		598046		472442		125604		
20:13:53		604596		500692		103904		
20:13:55		626951		508663		118288		
20:13:58		634784		511536		123248		
20:14:00		635478		524630		110848		
20:14:02		646579		525935		120644		
20:14:04		646588		526812		119776		
20:14:06		644513		526349		118164		
20:14:08		675034		558110		116924		
20:14:10		664765		529125		135640		
20:14:12		670306		555994		114312		
20:14:14		686145		567617		118528		
20:14:16		705090		583958		121132		
20:14:18		710357		568517		141840		
20:14:20		701062		568266		132796		
20:14:22		702318		569026		133292		
20:14:24		696319		570583		125736		
20:14:26		697223		571115		126108		
20:14:28		700943		571115		129828		
20:14:30		697173		570569		126604		
20:14:32		694833		570585		124248		
20:14:34		698133		111793		586340		
20:14:36		290980		115260		175720		
20:14:38		374784		123920		250864		
20:14:40		356909		156017		200892		
20:14:42		370549		176353		194196		
20:14:44		383315		193955		189360		
20:14:46		407456		268688		138768		
20:14:48		465161		265881		199280		
20:14:50		452624		253344		199280		
20:14:52		448366		249086		199280		
20:14:54		436698		237418		199280		
20:14:56		430606		231326		199280		
20:14:58		422214		222934		199280		
20:15:00		419828		220548		199280		
20:15:02		415652		216372		199280		
20:15:04		413473		214193		199280		
20:15:06		408514		209234		199280		
20:15:08		405654		206374		199280		
20:15:10		400790		325062		75728		
20:15:12		486183		329731		156452		
20:15:15		490836		342196		148640		
20:15:17		500718		363486		137232		
20:15:19		539755		405019		134736		
20:15:21		491884		366216		125668		
20:15:23		543383		379275		164108		
20:15:25		543068		391704		151364		
20:15:27		555875		421747		134128		
20:15:29		573675		421071		152604		
20:15:31		572764		430700		142064		
20:15:33		582149		442549		139600		
20:15:35		589848		437476		152372		
20:15:37		581721		457497		124224		
20:15:39		602034		472354		129680		
20:15:41		607795		470799		136996		
20:15:43		608376		470760		137616		
20:15:45		605920		470288		135632		
20:15:47		604333		470313		134020		
20:15:49		604290		472262		132028		
20:15:51		605551		513699		91852		
20:15:53		640827		566159		74668		
20:15:55		689540		573084		116456		
20:15:57		696094		616094		80000		
20:15:59		734271		660099		74172		
20:16:01		772808		663544		109264		
20:16:03		779888		678436		101452		
20:16:05		791523		671099		120424		
20:16:07		781348		689940		91408		
20:16:09		799512		711328		88184		
20:16:11		819820		708820		111000		
20:16:13		814817		712249		102568		
20:16:15		820323		718871		101452		
20:16:17		823759		717099		106660		
20:16:19		822359		717303		105056		
20:16:21		826342		721906		104436		
20:16:23		824168		737340		86828		
20:16:26		838602		737390		101212		
20:16:28		869124		767912		101212		
20:16:30		859792		737376		122416		
20:16:32		860256		737344		122912		
20:16:34		859512		737096		122416		
20:16:36		860738		119506		741232		
20:16:38		307830		16470		291360		
20:16:40		316439		156519		159920		
20:16:42		344418		202322		142096		
20:16:44		317346		199926		117420		
20:16:46		380588		237128		143460		
20:16:48		411296		292636		118660		
20:16:50		459234		371450		87784		
20:16:52		522285		381181		141104		
20:16:54		528776		386184		142592		
20:16:56		532317		441805		90512		
20:16:58		576863		470727		106136		
20:17:00		603257		482985		120272		
20:17:02		614337		502621		111716		
20:17:04		614337		530397		83940		
20:17:06		655901		537613		118288		
20:17:08		664449		550757		113692		
20:17:10		705342		651698		53644		
20:17:12		742603		632535		110068		
20:17:14		762019		654431		107588		
20:17:16		780070		657850		122220		
20:17:18		780730		655038		125692		
20:17:20		779790		662034		117756		
20:17:22		784914		662570		122344		
20:17:24		785450		663346		122104		
20:17:26		786706		665842		120864		
20:17:28		788722		124350		664372			
20:17:32		334977		154941		180036		
20:17:35		354049		170169		183880		
20:17:37		387943		237171		150772		
20:17:39		395550		259162		136388		
20:17:41		462874		314210		148664		
20:17:43		497206		375202		122004		
20:17:45		540120		374840		165280		
20:17:47		541519		422367		119152		
20:17:49		573724		455440		118284		
20:17:51		598988		476488		122500		
20:17:53		614691		487231		127460		
20:17:55		624109		508677		115432		
20:17:57		640342		530862		109480		
20:17:59		660164		528924		131240		
20:18:01		657360		533684		123676		
20:18:03		661086		573990		87096		
20:18:05		698641		611501		87140		
20:18:07		734502		631490		103012		
20:18:09		754370		692750		61620		
20:18:11		813042		700446		112596		
20:18:13		815364		690244		125120		
20:18:15		799621		674501		125120		
20:18:17		790761		674809		115952		
20:18:19		787751		674899		112852		
20:18:21		794792		126452		668340		
20:18:25		312590		121094		191496		
20:18:27		303641		167697		135944		
20:18:29		344699		206127		138572		
20:18:31		377373		247233		130140		
20:18:33		408616		301168		107448		
20:18:35		456562		360646		95916		
20:18:37		506031		372543		133488		
20:18:39		515882		392810		123072		
20:18:41		529775		437083		92692		
20:18:44		569169		463209		105960		
20:18:46		595600		474264		121336		
20:18:48		632822		533186		99636		
20:18:50		647804		522624		125180		
20:18:52		666613		523205		143408		
20:18:54		657846		523242		134604		
20:18:56		657749		542001		115748		
20:18:58		670832		617692		53140		
20:19:00		741951		686995		54956		
20:19:02		809703		738499		71204		
20:19:04		853152		752928		100224		
20:19:06		860968		763968		97000		
20:19:08		869767		803767		66000		
20:19:10		909474		848622		60852		
20:19:12		948618		832578		116040		
20:19:14		934139		827275		106864		
20:19:16		927460		851472		75988		
20:19:18		952126		775354		176772		
20:19:20		882436		772500		109936		
20:19:22		874721		773093		101628		
20:19:24		877525		775765		101760		
20:19:26		878911		780003		98908		
20:19:28		879209		115629		763580		
20:19:32		308348		151128		157220		
20:19:34		318814		171638		147176		
20:19:36		338692		205528		133164		
20:19:38		404583		314819		89764		
20:19:40		426365		275721		150644		
20:19:42		458744		362412		96332		
20:19:44		519488		359420		160068		
20:19:46		519860		375540		144320		
20:19:48		530047		413627		116420		
20:19:51		559740		445180		114560		
20:19:53		588363		477647		110716		
20:19:55		613606		487638		125968		
20:19:57		619411		520227		99184		
20:19:59		649237		533313		115924		
20:20:01		661040		523672		137368		
20:20:03		651822		563806		88016		
20:20:05		688881		617709		71172		
20:20:07		740618		619350		121268		
20:20:09		773698		675742		97956		
20:20:11		776581		645145		131436		
20:20:13		775318		646238		129080		
20:20:15		780063		638947		141116		
20:20:17		764414		640658		123756		
20:20:19		764813		641793		123020		
20:20:21		764673		641529		123144		
20:20:23		764408		109176		655232		
20:20:27		311716		119064		192652		
20:20:29		322177		170445		151732		
20:20:31		358331		180427		177904		
20:20:33		366399		217883		148516		
20:20:35		397490		285430		112060		
20:20:37		450939		364795		86144		
20:20:39		511373		404521		106852		
20:20:41		543550		405326		138224		
20:20:43		541132		445316		95816		
20:20:45		577598		480914		96684		
20:20:47		577598		466034		111564		
20:20:49		594308		497500		96808		
20:20:51		622075		513611		108464		
20:20:53		636506		518618		117888		
20:20:55		642046		523794		118252		
20:20:57		642613		538373		104240		
20:20:59		656830		552590		104240		
20:21:01		669702		565462		104240		
20:21:04		614625		510385		104240		
20:21:06		626116		559940		66176		
20:21:08		673389		568513		104876		
20:21:10		679453		572469		106984		
20:21:12		685245		568173		117072		
20:21:14		678867		566243		112624		
20:21:16		674270		569582		104688		
20:21:18		713711		609147		104564		
20:21:20		706407		570223		136184		
20:21:22		696037		569649		126388		
20:21:24		696246		110754		585492		
20:21:26		301375		102787		198588		
20:21:28		337967		148803		189164		
20:21:30		337913		166977		170936		
20:21:32		352039		189411		162628		
20:21:34		373240		254508		118732		
20:21:36		420981		296669		124312		
20:21:38		456470		369854		86616		
20:21:40		513335		388387		124948		
20:21:42		531910		414898		117012		
20:21:44		550742		426786		123956		
20:21:46		563115		435191		127924		
20:21:48		569059		452791		116268		
20:21:50		584345		464481		119864		
20:21:52		594960		464556		130404		
20:21:54		594238		472762		121476		
20:21:56		601195		478975		122220		
20:21:58		605389		486145		119244		
20:22:00		612646		486086		126560		
20:22:02		609447		485615		123832		
20:22:04		606628		485648		120980		
20:22:06		604055		485803		118252		
20:22:08		602621		490825		111796		
20:22:10		608978		544674		64304		
20:22:12		693745		631533		62212		
20:22:14		688309		538681		149628		
20:22:17		679122		550574		128548		
20:22:19		680716		597676		83040		
20:22:21		720785		622341		98444		
20:22:23		745221		630041		115180		
20:22:25		752921		631913		121008		
20:22:27		756388		645176		111212		
20:22:29		768056		655356		112700		
20:22:31		779986		685638		94348		
20:22:33		805609		689553		116056		
20:22:35		803417		711301		92116		
20:22:37		822113		725781		96332		
20:22:39		835756		733472		102284		
20:22:41		839190		736534		102656		
20:22:43		876415		774131		102284		
20:22:45		855381		737093		118288		
20:22:47		860931		737931		123000		
20:22:49		860811		737811		123000		
20:22:51		858555		748079		110476		
20:22:53		866885		748597		118288		
20:22:55		866710		748422		118288		
20:22:57		862171		747975		114196		
20:22:59		861109		748029		113080		
20:23:01		860491		748031		112460		
20:23:03		858832		115636		743196		
20:23:07		319271		148211		171060		
20:23:09		330649		192325		138324		
20:23:11		365743		264867		100876		
20:23:13		348614		267206		81408		
20:23:15		364644		270652		93992		
20:23:17		425063		353391		71672		
20:23:19		404582		301070		103512		
20:23:21		446306		312786		133520		
20:23:23		456268		330188		126080		
20:23:25		470137		341453		128684		
20:23:28		480509		365217		115292		
20:23:30		495548		407908		87640		
20:23:32		533482		436914		96568		
20:23:34		558221		449253		108968		
20:23:36		569391		468855		100536		
20:23:38		585517		481137		104380		
20:23:40		598694		504730		93964		
20:23:42		618504		512644		105860		
20:23:44		625618		555594		70024		
20:23:46		665224		589416		75808		
20:23:48		625027		550583		74444		
20:23:50		657136		551780		105356		
20:23:52		659523		562723		96800		
20:23:54		667670		565538		102132		
20:23:56		698988		597972		101016		
20:23:58		681686		572238		109448		
20:24:00		698289		592561		105728		
20:24:02		716023		577303		138720		
20:24:04		703639		550287		153352		
20:24:06		677304		551852		125452		
20:24:08		679293		113141		566152		
20:24:12		294978		57342		237636		
20:24:14		281179		156755		124424		
20:24:16		360514		169750		190764		
20:24:18		347508		192084		155424		
20:24:20		371770		259498		112272		
20:24:22		371770		306282		65488		
20:24:24		456365		315377		140988		
20:24:26		462611		386967		75644		
20:24:28		520550		387246		133304		
20:24:30		519778		409538		110240		
20:24:32		538573		421265		117308		
20:24:35		546301		436309		109992		
20:24:37		560075		447231		112844		
20:24:39		568820		455232		113588		
20:24:41		573298		455122		118176		
20:24:43		579347		463031		116316		
20:24:45		616262		502922		113340		
20:24:47		598841		482897		115944		
20:24:49		621732		506160		115572		
20:24:51		570658		464386		106272		
20:24:53		599714		472362		127352		
20:24:55		602777		464389		138388		
20:24:57		595043		464095		130948		
20:24:59		599377		498941		100436		
20:25:01		632539		568311		64228		
20:25:03		618539		549719		68820		
20:25:05		698683		629739		68944		
20:25:07		664866		541114		123752		
20:25:09		680686		551354		129332		
20:25:11		680105		564785		115320		
20:25:13		688817		572877		115940		
20:25:15		695757		570517		125240		
20:25:17		693480		573448		120032		
20:25:19		696354		573966		122388		
20:25:21		696846		544070		152776		
20:25:23		669698		544078		125620		
20:25:25		666958		544066		122892		
20:25:27		666971		541475		125496		
20:25:29		664695		541431		123264		
20:25:31		662599		541443		121156		
20:25:33		668262		547106		121156		
20:25:35		662768		541488		121280		
20:25:37		662596		102200		560396		
20:25:39		272693		111857		160836		
20:25:41		316774		138618		178156		
20:25:43		307188		157676		149512		
20:25:45		319240		175928		143312		
20:25:48		340225		205469		134756		
20:25:50		365570		255862		109708		
20:25:52		411470		317510		93960		
20:25:54		455472		384816		70656		
20:25:56		511898		400962		110936		
20:25:58		524190		418090		106100		
20:26:00		537210		429374		107836		
20:26:02		550438		449174		101264		
20:26:04		564383		450967		113416		
20:26:06		566970		450950		116020		
20:26:08		565791		450391		115400		
20:26:10		570156		459840		110316		
20:26:12		573718		456086		117632		
20:26:14		568897		455605		113292		
20:26:16		567041		457593		109448		
20:26:18		569348		469324		100024		
20:26:20		575383		469407		105976		
20:26:22		578413		469585		108828		
20:26:24		575129		466177		108952		
20:26:26		605205		490673		114532		
20:26:28		663286		466542		196744		
20:26:30		593359		466055		127304		
20:26:32		592752		466068		126684		
20:26:34		594637		468077		126560		
20:26:36		596772		481380		115392		
20:26:38		605618		516514		89104		
20:26:40		634060		579808		54252		
20:26:42		691021		637993		53028		
20:26:44		741657		688705		52952		
20:26:46		784414		728414		56000		
20:26:48		821485		464257		357228		
20:26:50		579997		405933		174064		
20:26:52		523262		450406		72856		
20:26:54		569934		458502		111432		
20:26:56		575208		473324		101884		
20:26:58		588013		486005		102008		
20:27:00		599855		500203		99652		
20:27:03		610496		515804		94692		
20:27:05		622137		531909		90228		
20:27:07		638861		556693		82168		
20:27:09		659678		553950		105728		
20:27:11		657665		559873		97792		
20:27:13		662611		561843		100768		
20:27:15		666063		565791		100272		
20:27:17		666642		563014		103628		
20:27:19		665839		562707		103132		
20:27:21		661011		562715		98296		
20:27:23		663166		563134		100032		
20:27:25		696301		594285		102016		
20:27:27		704890		563194		141696		
20:27:29		692274		562978		129296		
20:27:31		688276		562948		125328		
20:27:33		691406		565830		125576		
20:27:35		716880		591304		125576		
20:27:37		686206		105050		581156		
20:27:39		323392		111648		211744		
20:27:41		350935		138859		212076		
20:27:43		363109		157233		205876		
20:27:45		369827		179699		190128		
20:27:47		395739		229543		166196		
20:27:49		427535		259479		168056		
20:27:51		445507		317007		128500		
20:27:53		486664		407392		79272		
20:27:55		546883		411163		135720		
20:27:57		552404		420528		131876		
20:27:59		549777		442081		107696		
20:28:01		569221		456689		112532		
20:28:03		580425		466653		113772		
20:28:05		586681		475513		111168		
20:28:07		596335		488267		108068		
20:28:09		602390		493826		108564		
20:28:12		616354		511882		104472		
20:28:14		618296		498076		120220		
20:28:16		644083		518159		125924		
20:28:18		692936		498068		194868		
20:28:20		644546		497666		146880		
20:28:22		637546		503694		133852		
20:28:24		645634		571054		74580		
20:28:26		705431		633279		72152		
20:28:28		757833		648265		109568		
20:28:30		771145		666785		104360		
20:28:32		789664		660752		128912		
20:28:34		783632		661416		122216		
20:28:36		784296		664312		119984		
20:28:38		787612		599304		188308		
20:28:40		727044		599992		127052		
20:28:42		723947		593051		130896		
20:28:44		752439		620171		132268		
20:28:46		733758		593798		139960		
20:28:48		736330		593766		142564		
20:28:50		736999		593815		143184		
20:28:52		728983		593239		135744		
20:28:54		728122		593246		134876		
20:28:56		725734		593214		132520		
20:28:58		724475		594931		129544		
20:29:00		726577		105729		620848		
20:29:04		318510		145366		173144		
20:29:06		354018		199474		154544		
20:29:08		340379		208403		131976		
20:29:10		405317		259205		146112		
20:29:12		443966		320546		123420		
20:29:14		443966		388498		55468		
20:29:16		540625		391129		149496		
20:29:18		542523		420431		122092		
20:29:20		567221		427893		139328		
20:29:22		570533		445589		124944		
20:29:25		584159		445823		138336		
20:29:27		584640		476684		107956		
20:29:29		612317		480057		132260		
20:29:31		614026		486106		127920		
20:29:33		628070		506722		121348		
20:29:35		642001		496349		145652		
20:29:37		633189		495969		137220		
20:29:39		631498		496014		135484		
20:29:41		631733		496877		134856		
20:29:43		632469		515593		116876		
20:29:45		684087		620435		63652		
20:29:47		716654		657782		58872		
20:29:49		785013		716413		68600		
20:29:51		839293		719813		119480		
20:29:53		867687		783795		83892		
20:29:55		872724		751384		121340		
20:29:57		874264		770904		103360		
20:29:59		899228		793016		106212		
20:30:01		915896		783396		132500		
20:30:03		906276		783324		122952		
20:30:05		906204		784112		122092		
20:30:07		906992		785272		121720		
20:30:09		908152		792508		115644		
20:30:11		915388		794040		121348		
20:30:13		916920		793960		122960		
20:30:15		916840		793880		122960		
20:30:17		916760		793800		122960		
20:30:19		918643		105243		813400		
20:30:23		317336		121280		196056		
20:30:25		334984		164100		170884		
20:30:27		361891		176747		185144		
20:30:29		379805		199745		180060		
20:30:31		396797		254805		141992		
20:30:33		442593		293901		148692		
20:30:35		468322		373818		94504		
20:30:38		532590		386750		145840		
20:30:40		541177		390625		150552		
20:30:42		544272		449024		95248		
20:30:44		586982		464082		122900		
20:30:46		604236		496464		107772		
20:30:48		629703		508911		120792		
20:30:50		641045		524965		116080		
20:30:52		662780		560092		102688		
20:30:54		688483		547735		140748		
20:30:56		678240		599492		78748		
20:30:58		723885		670825		53060		
20:31:00		793705		736933		56772		
20:31:02		764354		699486		64868		
20:31:04		813303		704911		108392		
20:31:06		820908		715740		105168		
20:31:08		823315		714427		108888		
20:31:10		825168		711196		113972		
20:31:12		823239		722535		100704		
20:31:14		862786		762198		100588		
20:31:16		851799		724303		127496		
20:31:18		865680		737936		127744		
20:31:20		860816		119320		741496		
20:31:24		339500		119548		219952		
20:31:26		336274		164310		171964		
20:31:28		364372		184348		180024		
20:31:30		385974		247862		138112		
20:31:32		428454		282158		146296		
20:31:34		456128		346784		109344		
20:31:36		506710		380006		126704		
20:31:38		533192		380696		152496		
20:31:40		533976		430956		103020		
20:31:42		577636		458992		118644		
20:31:44		598508		481600		116908		
20:31:46		620511		525055		95456		
20:31:48		657462		536090		121372		
20:31:50		668890		533134		135756		
20:31:53		663317		531537		131780		
20:31:55		663956		602496		61460		
20:31:57		726837		666101		60736		
20:31:59		787176		693576		93600		
20:32:01		813343		728795		84548		
20:32:03		838895		717395		121500		
20:32:05		828441		729261		99180		
20:32:07		874244		788952		85292		
20:32:09		875798		782198		93600		
20:32:11		907464		818700		88764		
20:32:13		852718		770898		81820		
20:32:15		893778		771410		122368		
20:32:17		894289		772037		122252		
20:32:19		896007		773383		122624		
20:32:21		900517		142845		757672		
20:32:25		345809		143285		202524		
20:32:27		365622		169050		196572		
20:32:29		365451		200127		165324		
20:32:31		392255		253591		138664		
20:32:33		436517		313601		122916		
20:32:35		480596		376156		104440		
20:32:37		560612		472788		87824		
20:32:39		556990		400098		156892		
20:32:41		567988		453380		114608		
20:32:43		603922		458066		145856		
20:32:45		605267		486319		118948		
20:32:47		627364		506060		121304		
20:32:49		643301		540101		103200		
20:32:51		672941		569741		103200		
20:32:53		631014		542578		88436		
20:32:55		675531		597139		78392		
20:32:58		721817		666417		55400		
20:33:00		789297		668969		120328		
20:33:02		791849		672837		119012		
20:33:04		795717		671249		124468		
20:33:06		797551		677919		119632		
20:33:08		800799		674463		126336		
20:33:10		800359		674519		125840		
20:33:12		797597		112301		685296		
20:33:16		295581		140201		155380		
20:33:18		323609		180133		143476		
20:33:20		294743		176687		118056		
20:33:22		356526		230658		125868		
20:33:24		399855		270143		129712		
20:33:26		429513		337869		91644		
20:33:28		482534		397338		85196		
20:33:30		533480		405504		127976		
20:33:32		537053		438837		98216		
20:33:34		568552		464756		103796		
20:33:36		590593		473529		117064		
20:33:38		598230		492202		106028		
20:33:40		612533		507125		105408		
20:33:42		625146		512422		112724		
20:33:44		628665		512601		116064		
20:33:46		628840		567504		61336		
20:33:48		677573		615257		62316		
20:33:50		752554		695674		56880		
20:33:52		763386		629874		133512		
20:33:54		774895		649815		125080		
20:33:56		788385		634289		154096		
20:33:58		769057		636785		132272		
20:34:00		769881		638725		131156		
20:34:02		768986		638814		130172		
20:34:04		770707		647851		122856		
20:34:06		773450		134766		638684		
20:34:11		349852		153228		196624		
20:34:13		353364		173356		180008		
20:34:15		374803		215255		159548		
20:34:17		397086		266058		131028		
20:34:19		439346		365606		73740		
20:34:21		456520		390784		65736		
20:34:23		466316		408816		57500		
20:34:25		467761		358809		108952		
20:34:27		511545		365641		145904		
20:34:29		514747		430843		83904		
20:34:31		569534		460954		108580		
20:34:33		627842		526702		101140		
20:34:35		633438		492866		140572		
20:34:37		641237		520505		120732		
20:34:39		659398		511138		148260		
20:34:41		654361		512301		142060		
20:34:43		653064		488188		164876		
20:34:45		635790		493242		142548		
20:34:47		632823		551035		81788		
20:34:49		682184		608404		73780		
20:34:51		732717		617025		115692		
20:34:53		740934		668270		72664		
20:34:55		791150		711790		79360		
20:34:57		750415		674031		76384		
20:34:59		796911		677995		118916		
20:35:01		824142		714030		110112		
20:35:03		821995		689067		132928		
20:35:05		817775		693279		124496		
20:35:07		818747		705675		113072		
20:35:09		829049		706797		122252		
20:35:11		829677		707913		121764		
20:35:13		830792		709772		121020		
20:35:15		835076		106604		728472		
20:35:20		339855		147127		192728		
20:35:22		362729		198273		164456		
20:35:24		402601		203425		199176		
20:35:26		402601		264805		137796		
20:35:28		455375		326259		129116		
20:35:30		497828		364620		133208		
20:35:32		525169		419117		106052		
20:35:34		569754		433570		136184		
20:35:36		581895		450795		131100		
20:35:38		592758		468354		124404		
20:35:40		607499		488055		119444		
20:35:42		625047		504363		120684		
20:35:44		638237		530201		108036		
20:35:46		661082		539034		122048		
20:35:48		668113		540493		127620		
20:35:50		672135		618871		53264		
20:35:52		742690		668326		74364		
20:35:54		790227		671099		119128		
20:35:56		792322		701590		90732		
20:35:58		817086		723750		93336		
20:36:00		834605		754537		80068		
20:36:02		864142		758778		105364		
20:36:04		865040		759056		105984		
20:36:06		867961		762341		105620		
20:36:08		897319		793311		104008		
20:36:10		885957		116617		769340		
20:36:14		312551		142451		170100		
20:36:16		355039		158891		196148		
20:36:18		362502		175902		186600		
20:36:20		382480		238040		144440		
20:36:22		434556		274492		160064		
20:36:24		456525		341349		115176		
20:36:26		508777		371653		137124		
20:36:29		530430		388594		141836		
20:36:31		543279		429219		114060		
20:36:33		575525		455017		120508		
20:36:35		597011		480223		116788		
20:36:37		617008		499972		117036		
20:36:39		632967		511219		121748		
20:36:41		644839		542683		102156		
20:36:43		669612		539440		130172		
20:36:45		666626		609694		56932		
20:36:47		730320		677372		52948		
20:36:49		791975		719863		72112		
20:36:51		830460		747660		82800		
20:36:53		857730		782122		75608		
20:36:55		883615		798831		84784		
20:36:57		899776		830864		68912		
20:36:59		926333		834109		92224		
20:37:01		932123		836179		95944		
20:37:03		934397		841925		92472		
20:37:05		935934		835278		100656		
20:37:07		968586		847710		120876		
20:37:09		943813		819837		123976		
20:37:11		942717		115965		826752		
20:37:15		343988		63704		280284		
20:37:17		287594		159458		128136		
20:37:19		366627		238491		128136		
20:37:21		335901		203921		131980		
20:37:23		431212		366224		64988		
20:37:25		452610		276102		176508		
20:37:27		480139		330415		149724		
20:37:29		517572		359168		158404		
20:37:31		531656		379080		152576		
20:37:34		546057		400921		145136		
20:37:36		559710		444458		115252		
20:37:38		591142		460638		130504		
20:37:40		601666		492490		109176		
20:37:42		626213		512697		113516		
20:37:44		643478		529838		113640		
20:37:46		660012		535096		124916		
20:37:48		663470		596338		67132		
20:37:50		720501		651649		68852		
20:37:52		774528		661876		112652		
20:37:54		782354		708018		74336		
20:37:56		822040		746000		76040		
20:37:58		857096		755116		101980		
20:38:00		868226		772818		95408		
20:38:02		876820		771120		105700		
20:38:04		880343		777371		102972		
20:38:06		882689		778345		104344		
20:38:08		883922		778958		104964		
20:38:10		883701		789525		94176		
20:38:12		893577		117205		776372		
20:38:20		358128		185512		172616		
20:38:22		376494		235250		141244		
20:38:24		402005		294117		107888		
20:38:26		447569		362993		84576		
20:38:28		502080		391772		110308		
20:38:30		557385		447573		109812		
20:38:32		564288		431660		132628		
20:38:34		585185		467933		117252		
20:38:36		613431		493699		119732		
20:38:38		633498		500374		133124		
20:38:40		639179		523291		115888		
20:38:42		657606		545934		111672		
20:38:45		676692		542072		134620		
20:38:47		675179		585571		89608		
20:38:49		712007		658715		53292		
20:38:51		781803		723091		58712		
20:38:53		839638		746722		92916		
20:38:55		858410		763526		94884		
20:38:57		870490		778722		91768		
20:38:59		886978		824226		62752		
20:39:01		922492		818712		103780		
20:39:03		921817		825601		96216		
20:39:05		925509		816397		109112		
20:39:07		917265		818197		99068		
20:39:09		917057		822949		94108		
20:39:11		919003		828863		90140		
20:39:13		922142		829514		92628		
20:39:15		921147		829139		92008		
20:39:17		923533		832393		91140		
20:39:19		923533		117425		806108		
20:39:23		309261		154029		155232		
20:39:25		338502		173102		165400		
20:39:27		347234		197954		149280		
20:39:29		403123		304931		98192		
20:39:31		434793		318621		116172		
20:39:33		439221		372117		67104		
20:39:35		532953		387357		145596		
20:39:37		542695		388419		154276		
20:39:39		544146		445050		99096		
20:39:41		588173		460929		127244		
20:39:43		604417		496393		108024		
20:39:45		653273		552565		100708		
20:39:47		617141		517549		99592		
20:39:49		651057		542289		108768		
20:39:51		665453		542557		122896		
20:39:53		666799		587675		79124		
20:39:56		710555		647931		62624		
20:39:58		770811		664067		106744		
20:40:00		786947		629755		157192		
20:40:02		753613		627917		125696		
20:40:04		750797		638245		112552		
20:40:06		761125		633425		127700		
20:40:08		756305		633069		123236		
20:40:10		755948		110208		645740		
20:40:12		290783		54395		236388		
20:40:14		281191		147143		134048		
20:40:16		329273		172161		157112		
20:40:18		351155		186107		165048		
20:40:20		363421		220941		142480		
20:40:22		389191		270023		119168		
20:40:24		431315		334839		96476		
20:40:26		481510		395318		86192		
20:40:28		534688		406088		128600		
20:40:30		541927		436639		105288		
20:40:32		568975		448179		120796		
20:40:34		577665		466161		111504		
20:40:36		598223		485603		112620		
20:40:38		614579		495263		119316		
20:40:40		622610		510610		112000		
20:40:42		635222		518882		116340		
20:40:44		641738		516974		124764		
20:40:46		645270		581370		63900		
20:40:48		695181		618645		76536		
20:40:50		731585		656613		74972		
20:40:52		767261		680881		86380		
20:40:54		790866		720978		69888		
20:40:56		854918		793694		61224		
20:40:58		804954		738142		66812		
20:41:00		789245		714993		74252		
20:41:02		837873		723709		114164		
20:41:04		846589		729821		116768		
20:41:07		851606		728514		123092		
20:41:09		849354		729850		119504		
20:41:11		849930		733402		116528		
20:41:13		851982		740662		111320		
20:41:15		852796		740600		112196		
20:41:17		847853		740129		107724		
20:41:19		847163		740183		106980		
20:41:21		846873		112733		734140		
20:41:25		309921		146965		162956		
20:41:27		323975		183959		140016		
20:41:29		355168		212672		142496		
20:41:31		379326		269194		110132		
20:41:33		425129		332605		92524		
20:41:35		479005		371725		107280		
20:41:37		511206		396238		114968		
20:41:39		530444		434944		95500		
20:41:41		562686		449950		112736		
20:41:43		575000		471812		103188		
20:41:45		595237		478781		116456		
20:41:47		601351		505107		96244		
20:41:49		623754		531354		92400		
20:41:51		680739		591191		89548		
20:41:53		662526		563810		98716		
20:41:55		696138		591594		104544		
20:41:57		744233		689781		54452		
20:41:59		812661		755601		57060		
20:42:01		771610		700230		71380		
20:42:03		823110		720358		102752		
20:42:05		842214		724458		117756		
20:42:07		844456		726080		118376		
20:42:09		843967		726707		117260		
20:42:11		842661		729989		112672		
20:42:13		843739		730811		112928		
20:42:15		840045		730465		109580		
20:42:17		837428		735480		101948		
20:42:20		894220		168996		725224		
20:42:24		342146		148054		194092		
20:42:26		387441		197193		190248		
20:42:28		364920		187320		177600		
20:42:30		418082		226966		191116		
20:42:32		447463		276931		170532		
20:42:34		480150		336526		143624		
20:42:36		518365		368045		150320		
20:42:38		537805		418857		118948		
20:42:40		571845		424997		146848		
20:42:42		578177		452409		125768		
20:42:44		598784		470040		128744		
20:42:46		611712		478132		133580		
20:42:48		617936		496632		121304		
20:42:50		632318		524282		108036		
20:42:52		656372		532216		124156		
20:42:54		662039		532931		129108		
20:42:56		664526		600830		63696		
20:42:58		724446		633386		91060		
20:43:00		724446		655830		68616		
20:43:02		778710		646854		131856		
20:43:04		769733		647053		122680		
20:43:06		769933		650601		119332		
20:43:08		773791		651227		122564		
20:43:10		774107		651667		122440		
20:43:12		776921		112661		664260		
20:43:16		307678		140850		166828		
20:43:18		337283		161155		176128		
20:43:20		343899		185999		157900		
20:43:22		368101		227933		140168		
20:43:24		403124		281308		121816		
20:43:26		478110		422702		55408		
20:43:28		514329		351201		163128		
20:43:30		525304		383380		141924		
20:43:32		551909		377249		174660		
20:43:35		544799		418127		126672		
20:43:37		576002		436186		139816		
20:43:39		587626		434790		152836		
20:43:41		585898		469146		116752		
20:43:43		615040		483904		131136		
20:43:45		628106		484694		143412		
20:43:47		624881		490653		134228		
20:43:49		629751		541155		88596		
20:43:51		672578		605566		67012		
20:43:53		731351		634455		96896		
20:43:55		758315		637115		121200		
20:43:57		761984		654424		107560		
20:43:59		777795		665275		112520		
20:44:01		786736		665660		121076		
20:44:03		790657		670201		120456		
20:44:05		787954		666374		121580		
20:44:07		789283		669315		119968		
20:44:09		784228		104432		679796		
20:44:13		290812		132624		158188		
20:44:15		313796		177928		135868		
20:44:17		352155		173383		178772		
20:44:19		350227		192535		157692		
20:44:21		368131		239827		128304		
20:44:23		407083		295519		111564		
20:44:25		454791		350171		104620		
20:44:27		497501		397345		100156		
20:44:29		575127		475715		99412		
20:44:31		561127		439379		121748		
20:44:33		598753		494117		104636		
20:44:35		568390		465738		102652		
20:44:37		610427		492399		118028		
20:44:39		630656		500228		130428		
20:44:41		637516		511180		126336		
20:44:43		646539		512647		133892		
20:44:45		645781		574261		71520		
20:44:48		720153		665289		54864		
20:44:50		688337		619009		69328		
20:44:52		744311		648643		95668		
20:44:54		771523		673375		98148		
20:44:56		796255		713607		82648		
20:44:58		836487		733627		102860		
20:45:00		856507		780183		76324		
20:45:02		903063		775775		127288		
20:45:04		899503		778167		121336		
20:45:06		901047		778967		122080		
20:45:08		900101		779129		120972		
20:45:10		899042		779434		119608		
20:45:12		897298		110182		787116		
20:45:16		309586		143286		166300		
20:45:18		334422		181638		152784		
20:45:20		363667		183479		180188		
20:45:22		372546		239354		133192		
20:45:24		412301		278985		133316		
20:45:26		446726		356066		90660		
20:45:28		508981		376973		132008		
20:45:30		526626		394990		131636		
20:45:32		537841		407073		130768		
20:45:34		547385		461257		86128		
20:45:36		596533		512885		83648		
20:45:38		577616		493844		83772		
20:45:40		625801		513633		112168		
20:45:42		644801		554581		90220		
20:45:44		681207		537923		143284		
20:45:46		666818		599054		67764		
20:45:48		722827		659947		62880		
20:45:50		777900		694436		83464		
20:45:52		809079		712223		96856		
20:45:54		828427		717299		111128		
20:45:56		829121		700757		128364		
20:45:58		816505		705005		111500		
20:46:01		842275		734247		108028		
20:46:03		831748		710816		120932		
20:46:05		837160		713624		123536		
20:46:07		838220		111236		726984		
20:46:11		313193		150781		162412		
20:46:13		349934		170162		179772		
20:46:15		371822		191554		180268		
20:46:17		386086		240414		145672		
20:46:19		419565		299933		119632		
20:46:21		465305		364893		100412		
20:46:23		521890		436482		85408		
20:46:25		497323		417727		79596		
20:46:27		559040		447328		111712		
20:46:29		583455		460583		122872		
20:46:31		591642		473854		117788		
20:46:33		605452		490888		114564		
20:46:35		621887		520467		101420		
20:46:37		647040		522308		124732		
20:46:39		647560		522340		125220		
20:46:41		646543		543767		102776		
20:46:43		667605		595337		72268		
20:46:45		714048		616420		97628		
20:46:47		733516		655852		77664		
20:46:49		770712		645060		125652		
20:46:51		788810		663654		125156		
20:46:53		838942		676586		162356		
20:46:55		740381		613461		126920		
20:46:57		747033		615153		131880		
20:46:59		742055		616499		125556		
20:47:01		744360		619300		125060		
20:47:03		742805		618481		124324		
20:47:05		743830		625582		118248		
20:47:07		778522		148230		630292		
20:47:11		353164		79124		274040		
20:47:14		354822		158654		196168		
20:47:16		392516		174772		217744		
20:47:18		399914		212302		187612		
20:47:20		432582		294074		138508		
20:47:22		430973		330161		100812		
20:47:24		508641		385633		123008		
20:47:26		542563		413851		128712		
20:47:28		562849		420373		142476		
20:47:30		566469		443957		122512		
20:47:32		583877		461613		122264		
20:47:34		599261		471293		127968		
20:47:36		612184		482976		129208		
20:47:38		617187		503851		113336		
20:47:40		636336		512956		123380		
20:47:42		643489		513041		130448		
20:47:44		642736		560036		82700		
20:47:46		685361		560253		125108		
20:47:48		684758		557294		127464		
20:47:50		682312		557328		124984		
20:47:52		680636		558628		122008		
20:47:54		680132		559728		120404		
20:47:56		682651		564727		117924		
20:47:58		682365		564565		117800		
20:48:00		686083		564935		121148		
20:48:02		688118		564862		123256		
20:48:04		679942		143518		536424		
20:48:06		307510		94230		213280		
20:48:08		299480		168908		130572		
20:48:10		336477		222025		114452		
20:48:12		305832		232672		73160		
20:48:14		383228		276296		106932		
20:48:16		422173		336569		85604		
20:48:18		468260		402744		65516		
20:48:20		535930		470910		65020		
20:48:23		487784		434048		53736		
20:48:25		556741		413173		143568		
20:48:27		541279		430943		110336		
20:48:29		590245		476933		113312		
20:48:31		584136		447884		136252		
20:48:33		597376		449096		148280		
20:48:35		591760		448688		143072		
20:48:37		594491		460223		134268		
20:48:39		599283		468239		131044		
20:48:41		610721		471989		138732		
20:48:43		607117		469005		138112		
20:48:45		606043		469047		136996		
20:48:47		602067		469039		133028		
20:48:49		603182		469534		133648		
20:48:51		603414		470394		133020		
20:48:53		602508		531612		70896		
20:48:55		658538		537226		121312		
20:48:57		662175		544583		117592		
20:48:59		670699		554843		115856		
20:49:01		681613		563897		117716		
20:49:03		687911		570443		117468		
20:49:05		694271		548035		146236		
20:49:07		673254		547602		125652		
20:49:09		700944		575656		125288		
20:49:11		684894		549686		135208		
20:49:13		689616		549696		139920		
20:49:15		683706		549118		134588		
20:49:17		680181		549189		130992		
20:49:19		678249		549117		129132		
20:49:21		678121		549113		129008		
20:49:23		676308		549160		127148		
20:49:25		675519		109379		566140		
20:49:27		675519		154083		521436		
20:49:29		380702		157114		223588		
20:49:31		373575		177763		195812		
20:49:34		376271		204639		171632		
20:49:36		393498		252742		140756		
20:49:38		433260		318172		115088		
20:49:40		482716		371224		111492		
20:49:42		523325		407617		115708		
20:49:44		552538		412030		140508		
20:49:46		555581		439129		116452		
20:49:48		575562		456754		118808		
20:49:50		588905		456829		132076		
20:49:52		621144		507792		113352		
20:49:54		617622		475502		142120		
20:49:56		618514		475526		142988		
20:49:58		620417		481025		139392		
20:50:00		617850		481186		136664		
20:50:02		618564		478676		139888		
20:50:04		616302		485838		130464		
20:50:06		623684		493220		130464		
20:50:08		627140		486384		140756		
20:50:10		621318		485770		135548		
20:50:12		619723		485911		133812		
20:50:14		617674		498254		119420		
20:50:16		627370		571586		55784		
20:50:18		696110		643066		53044		
20:50:20		689503		626907		62596		
20:50:22		747062		640950		106112		
20:50:24		754831		665243		89588		
20:50:26		776214		679326		96888		
20:50:28		788848		698176		90672		
20:50:30		803159		716595		86564		
20:50:32		817014		730574		86440		
20:50:34		827075		568727		258348		
20:50:36		683262		571482		111780		
20:50:38		676072		572724		103348		
20:50:40		685402		579822		105580		
20:50:42		696294		594434		101860		
20:50:44		711394		591042		120352		
20:50:47		708401		591397		117004		
20:50:49		710495		593855		116640		
20:50:51		712526		592290		120236		
20:50:53		714323		594087		120236		
20:50:55		708330		592310		116020		
20:50:57		708915		592275		116640		
20:50:59		707091		591939		115152		
20:51:01		708649		593497		115152		
20:51:03		706002		590850		115152		
20:51:05		738603		624567		114036		
20:51:07		723726		112082		611644		
20:51:11		324181		158977		165204		
20:51:13		352388		206900		145488		
20:51:15		333220		220220		113000		
20:51:17		407936		273484		134452		
20:51:19		449159		328595		120564		
20:51:21		491661		377297		114364		
20:51:23		526981		409021		117960		
20:51:25		549227		416139		133088		
20:51:27		556818		438238		118580		
20:51:29		575516		455944		119572		
20:51:31		589715		465679		124036		
20:51:33		601139		474871		126268		
20:51:35		605750		491262		114488		
20:51:37		619852		487508		132344		
20:51:39		617837		489337		128500		
20:51:41		617424		491652		125772		
20:51:43		619202		493306		125896		
20:51:45		654362		529458		124904		
20:51:47		638009		496373		141636		
20:51:49		639731		549555		90176		
20:51:51		682906		629874		53032		
20:51:53		752754		660138		92616		
20:51:55		783018		679366		103652		
20:51:57		802246		718930		83316		
20:52:00		841810		736670		105140		
20:52:02		857076		744000		113076		
20:52:04		860371		691495		168876		
20:52:06		812652		694120		118532		
20:52:08		806426		695210		111216		
20:52:10		811315		696123		115192		
20:52:12		809876		697536		112340		
20:52:14		812008		699420		112588		
20:52:16		809530		698926		110604		
20:52:18		810477		699501		110976		
20:52:20		804224		698952		105272		
20:52:22		803415		112647		690768		
20:52:26		294146		144950		149196		
20:52:28		321801		187485		134316		
20:52:30		381111		265023		116088		
20:52:32		350703		234615		116088		
20:52:34		434585		279189		155396		
20:52:36		462933		356021		106912		
20:52:38		515851		379755		136096		
20:52:40		536422		395862		140560		
20:52:42		549175		456479		92696		
20:52:44		595439		480051		115388		
20:52:46		613183		480435		132748		
20:52:48		612529		506441		106088		
20:52:50		635362		532126		103236		
20:52:52		657816		532136		125680		
20:52:54		657657		531109		126548		
20:52:56		657778		552194		105584		
20:52:58		675579		612667		62912		
20:53:00		733356		617620		115736		
20:53:02		730631		617499		113132		
20:53:04		727450		618038		109412		
20:53:06		727756		618592		109164		
20:53:08		729017		618853		110164		
20:53:11		729043		618631		110412		
20:53:13		727714		153822		573892		
20:53:15		309515		6563		302952		
20:53:17		317593		168649		148944		
20:53:19		326489		197633		128856		
20:53:21		355373		276861		78512		
20:53:23		420471		310643		109828		
20:53:25		451082		366426		84656		
20:53:27		495140		393284		101856		
20:53:29		518849		426417		92432		
20:53:31		549200		435564		113636		
20:53:33		553753		448797		104956		
20:53:35		564840		449344		115496		
20:53:37		565979		485823		80156		
20:53:39		632090		553298		78792		
20:53:41		621967		497543		124424		
20:53:43		626794		510926		115868		
20:53:45		644281		528413		115868		
20:53:47		662576		530712		131864		
20:53:49		674270		536950		137320		
20:53:51		676264		538944		137320		
20:53:53		620845		534745		86100		
20:53:55		670303		593963		76340		
20:53:57		725986		614914		111072		
20:53:59		741025		621273		119752		
20:54:01		745424		628028		117396		
20:54:03		781403		680127		101276		
20:54:05		774890		645590		129300		
20:54:07		776595		646551		130044		
20:54:09		786573		646485		140088		
20:54:11		775642		638530		137112		
20:54:13		764632		637804		126828		
20:54:16		760683		638071		122612		
20:54:18		764507		638671		125836		
20:54:20		761551		638195		123356		
20:54:22		761075		102927		658148		
20:54:26		280162		103250		176912		
20:54:28		285852		108940		176912		
20:54:30		285159		103411		181748		
20:54:32		302276		120528		181748		
20:54:34		313692		103796		209896		
20:54:36		300512		103264		197248		
20:54:38		298416		103276		195140		
20:54:40		327369		132229		195140		
20:54:42		310351		103803		206548		
20:54:44		333036		118800		214236		
20:54:46		341613		103817		237796		
20:54:48		334975		103379		231596		
20:54:50		333109		103373		229736		
20:54:52		337713		107977		229736		
20:54:54		340566		103758		236808		
20:54:56		347898		111090		236808		
20:54:58		347330		103454		243876		
20:55:00		348461		104585		243876		
20:55:02		347643		103395		244248		
20:55:04		345784		103396		242388		
20:55:06		354102		111466		242636		
20:55:08		359283		103751		255532		
20:55:10		360718		104566		256152		
20:55:12		360354		103582		256772		
20:55:13		358862		103330		255532		
