recorded by mmserver domain:[id:2 time:Sun Apr 28 16:11:01 2013
]
time		tg_mem		use_mem		free_mem		
16:11:03		524288		206700		317588		
16:11:05		524288		206700		317588		
16:11:07		524288		206700		317588		
16:11:09		524288		206700		317588		
16:11:11		524288		206700		317588		
16:11:13		524288		206700		317588		
16:11:15		524288		206700		317588		
16:11:17		524288		206700		317588		
16:11:19		524288		206700		317588		
16:11:21		524288		206700		317588		
16:11:23		524288		206700		317588		
16:11:25		524288		206692		317596		
16:11:27		524288		206692		317596		
16:11:29		524288		206692		317596		
16:11:31		524288		206692		317596		
16:11:33		524288		206692		317596		
16:11:35		524288		206692		317596		
16:11:37		524288		206692		317596		
16:11:39		524288		206692		317596		
16:11:41		524288		206692		317596		
16:11:43		524288		206692		317596		
16:11:45		524288		206692		317596		
16:11:47		524288		206692		317596		
16:11:49		524288		206692		317596		
16:11:51		524288		206692		317596		
16:11:53		524288		206692		317596		
16:11:55		524288		206692		317596		
16:11:57		524288		206692		317596		
16:11:59		524288		206692		317596		
16:12:01		523422		206570		316852		
16:12:03		522794		206562		316232		
16:12:05		522012		206524		315488		
16:12:07		518548		206532		312016		
16:12:09		511968		206524		305444		
16:12:11		515394		208090		307304		
16:12:13		513975		206175		307800		
16:12:15		513648		206220		307428		
16:12:17		512523		206203		306320		
16:12:19		506207		206211		299996		
16:12:21		503724		206208		297516		
16:12:23		498000		206188		291812		
16:12:25		498105		206293		291812		
16:12:28		496980		206160		290820		
16:12:30		493635		206163		287472		
16:12:32		491651		206163		285488		
16:12:34		487865		206097		281768		
16:12:36		485021		206105		278916		
16:12:38		481281		206209		275072		
16:12:40		474693		206193		268500		
16:12:42		465828		206132		259696		
16:12:44		473119		206727		266392		
16:12:46		465654		206082		259572		
16:12:48		464282		206074		258208		
16:12:50		464330		206122		258208		
16:12:52		463741		206029		257712		
16:12:54		461333		206101		255232		
16:12:56		461418		206186		255232		
16:12:58		461534		206302		255232		
16:13:00		461245		206013		255232		
16:13:02		463064		206716		256348		
16:13:04		462713		206365		256348		
16:13:06		458705		206077		252628		
16:13:08		455120		206088		249032		
16:13:10		453966		206050		247916		
16:13:12		454715		206675		248040		
16:13:14		450879		206063		244816		
16:13:16		445485		206001		239484		
16:13:18		443562		206062		237500		
16:13:20		445285		206669		238616		
16:13:22		445593		206729		238864		
16:13:24		445543		206679		238864		
16:13:26		445415		206551		238864		
16:13:28		446491		206635		239856		
16:13:30		446315		206459		239856		
16:13:32		446147		206291		239856		
16:13:34		445917		206061		239856		
16:13:36		445597		206113		239484		
16:13:38		446616		206636		239980		
16:13:40		446665		206685		239980		
16:13:42		446604		206624		239980		
16:13:44		446360		206380		239980		
16:13:46		445762		206030		239732		
16:13:48		444983		206119		238864		
16:13:50		444176		206056		238120		
16:13:52		443849		206101		237748		
16:13:54		440874		206102		234772		
16:13:56		440245		206093		234152		
16:13:58		440741		206589		234152		
16:14:00		440816		206664		234152		
16:14:02		440850		206698		234152		
16:14:04		441512		206616		234896		
16:14:06		441435		206539		234896		
16:14:08		441434		206538		234896		
16:14:10		441468		206572		234896		
16:14:12		441485		206589		234896		
16:14:14		441128		206356		234772		
16:14:16		441028		206256		234772		
16:14:18		440598		206198		234400		
16:14:20		437703		206155		231548		
16:14:22		438524		206728		231796		
16:14:24		438777		206733		232044		
16:14:26		438290		206246		232044		
16:14:28		438132		206088		232044		
16:14:30		438055		206011		232044		
16:14:32		437982		206062		231920		
16:14:34		438005		206085		231920		
16:14:36		438006		206086		231920		
16:14:38		437989		206069		231920		
16:14:40		438606		206686		231920		
16:14:42		438762		206718		232044		
16:14:44		438707		206663		232044		
16:14:46		438758		206714		232044		
16:14:48		438793		206625		232168		
16:14:50		440827		206675		234152		
16:14:52		440855		206703		234152		
16:14:54		440899		206623		234276		
16:14:56		439290		206130		233160		
16:14:58		440895		206619		234276		
16:15:00		449135		212875		236260		
16:15:02		494217		250393		243824		
16:15:04		492017		206653		285364		
16:15:06		504604		206716		297888		
16:15:08		498903		206099		292804		
16:15:10		500206		206658		293548		
16:15:12		501143		206727		294416		
16:15:14		501700		206664		295036		
16:15:16		501658		206622		295036		
16:15:18		502101		206693		295408		
16:15:20		508301		211157		297144		
16:15:22		509271		206671		302600		
16:15:24		509665		206693		302972		
16:15:26		509263		206291		302972		
16:15:29		507986		206130		301856		
16:15:31		501450		206042		295408		
16:15:33		495305		206097		289208		
16:15:35		488586		206074		282512		
16:15:37		484974		206058		278916		
16:15:39		484754		206086		278668		
16:15:41		478642		206050		272592		
16:15:43		473246		206234		267012		
16:15:45		470148		206236		263912		
16:15:47		469365		206197		263168		
16:15:49		469332		206164		263168		
16:15:51		469328		206160		263168		
16:15:53		469326		206158		263168		
16:15:55		467460		206152		261308		
16:15:57		467469		206161		261308		
16:15:59		467435		206251		261184		
16:16:01		467512		206328		261184		
16:16:03		466651		206211		260440		
16:16:05		466546		206230		260316		
16:16:07		466559		206243		260316		
16:16:09		466567		206251		260316		
16:16:11		466573		206257		260316		
16:16:13		466552		206236		260316		
16:16:15		466417		206225		260192		
16:16:17		464160		206200		257960		
16:16:19		464197		206237		257960		
16:16:21		464157		206197		257960		
16:16:23		464165		206205		257960		
16:16:25		462260		206160		256100		
16:16:27		462697		206597		256100		
16:16:29		462873		206649		256224		
16:16:31		463227		206631		256596		
16:16:33		463245		206649		256596		
16:16:35		463299		206703		256596		
16:16:37		463373		206653		256720		
16:16:39		463374		206654		256720		
16:16:41		463405		206685		256720		
16:16:43		463471		206627		256844		
16:16:45		463457		206613		256844		
16:16:47		503366		245406		257960		
16:16:49		493008		206652		286356		
16:16:51		489710		206082		283628		
16:16:53		490094		206466		283628		
16:16:55		490444		206692		283752		
16:16:57		490281		206529		283752		
16:16:59		487510		206114		281396		
16:17:01		480249		206045		274204		
16:17:03		479378		206446		272932		
16:17:05		471002		206502		264500		
16:17:07		471533		206785		264748		
16:17:09		471496		206748		264748		
16:17:11		471171		206423		264748		
16:17:13		471423		206675		264748		
16:17:15		471280		206532		264748		
16:17:17		470676		206300		264376		
16:17:19		469535		206399		263136		
16:17:21		469145		206381		262764		
16:17:23		469130		206366		262764		
16:17:25		467921		206397		261524		
16:17:27		466414		206378		260036		
16:17:29		464527		206351		258176		
16:17:31		464208		206280		257928		
16:17:33		463994		206314		257680		
16:17:35		463941		206385		257556		
16:17:37		463923		206367		257556		
16:17:39		463887		206331		257556		
16:17:41		463829		206397		257432		
16:17:43		463808		206376		257432		
16:17:45		463739		206307		257432		
16:17:47		463660		206352		257308		
16:17:49		463556		206372		257184		
16:17:51		463514		206330		257184		
16:17:53		490862		232190		258672		
16:17:55		477718		206770		270948		
16:17:57		492792		217628		275164		
16:17:59		496903		206735		290168		
16:18:01		497470		206682		290788		
16:18:03		497958		206798		291160		
16:18:05		498462		206682		291780		
16:18:07		499058		206782		292276		
16:18:09		499753		206733		293020		
16:18:11		500194		206678		293516		
16:18:13		500520		206748		293772		
16:18:15		501119		206727		294392		
16:18:17		504302		207926		296376		
16:18:19		504119		206503		297616		
16:18:21		504026		206410		297616		
16:18:23		503462		206094		297368		
16:18:26		496775		206103		290672		
16:18:28		499983		207947		292036		
16:18:30		500175		206775		293400		
16:18:32		499208		206056		293152		
16:18:34		499693		206541		293152		
16:18:36		499794		206642		293152		
16:18:38		500220		206696		293524		
16:18:40		500405		206757		293648		
16:18:42		500324		206676		293648		
16:18:44		507243		211611		295632		
16:18:46		507479		206763		300716		
16:18:48		507561		206721		300840		
16:18:50		508299		206715		301584		
16:18:52		508766		206686		302080		
16:18:54		509296		206720		302576		
16:18:56		509794		206722		303072		
16:18:58		510235		206791		303444		
16:19:00		510644		206704		303940		
16:19:02		510979		206791		304188		
16:19:04		511305		206745		304560		
16:19:06		511571		206763		304808		
16:19:08		511845		206789		305056		
16:19:10		512075		206771		305304		
16:19:12		512277		206725		305552		
16:19:14		513992		206704		307288		
16:19:16		512962		206170		306792		
16:19:18		510501		206065		304436		
16:19:20		508518		206066		302452		
16:19:22		505462		206110		299352		
16:19:24		504997		206141		298856		
16:19:26		504289		206177		298112		
16:19:28		504000		206136		297864		
16:19:30		500726		206086		294640		
16:19:32		500198		206054		294144		
16:19:34		500002		206106		293896		
16:19:36		499892		206120		293772		
16:19:38		499849		206077		293772		
16:19:40		499796		206148		293648		
16:19:42		499776		206128		293648		
16:19:44		499825		206177		293648		
16:19:46		499823		206175		293648		
16:19:48		499857		206209		293648		
16:19:50		507349		212089		295260		
16:19:52		501085		206073		295012		
16:19:54		500129		206109		294020		
16:19:56		497329		206161		291168		
16:19:58		495859		206179		289680		
16:20:00		493802		206230		287572		
16:20:02		491943		206231		285712		
16:20:04		489406		206298		283108		
16:20:06		484082		206306		277776		
16:20:08		481809		206265		275544		
16:20:10		478979		206287		272692		
16:20:12		475665		206197		269468		
16:20:14		471985		206237		265748		
16:20:16		469412		206268		263144		
16:20:18		464614		206306		258308		
16:20:20		460922		206210		254712		
16:20:22		458749		206269		252480		
16:20:24		456161		206285		249876		
16:20:26		455126		206242		248884		
16:20:28		454849		206213		248636		
16:20:30		454735		206223		248512		
16:20:32		454761		206249		248512		
16:20:34		454590		206202		248388		
16:20:36		454503		206239		248264		
16:20:38		454281		206265		248016		
16:20:40		453921		206277		247644		
16:20:42		453477		206205		247272		
16:20:44		452647		206243		246404		
16:20:46		451689		206277		245412		
16:20:48		450975		206183		244792		
16:20:50		450352		206180		244172		
16:20:52		450073		206273		243800		
16:20:54		501788		256376		245412		
16:20:56		499511		206731		292780		
16:20:58		491108		206140		284968		
16:21:00		490864		206144		284720		
16:21:02		490446		206098		284348		
16:21:04		490139		206163		283976		
16:21:06		489738		206134		283604		
16:21:08		488965		206105		282860		
16:21:10		488579		206215		282364		
16:21:12		482455		206167		276288		
16:21:14		479513		206201		273312		
16:21:16		477260		206180		271080		
16:21:18		473936		206204		267732		
16:21:20		470631		206123		264508		
16:21:22		467292		206132		261160		
16:21:24		462342		206142		256200		
16:21:27		458377		206145		252232		
16:21:29		457151		206159		250992		
16:21:31		454311		206171		248140		
16:21:33		452592		206188		246404		
16:21:35		451718		206182		245536		
16:21:37		452172		206636		245536		
16:21:39		451886		206350		245536		
16:21:41		451601		206189		245412		
16:21:43		451341		206177		245164		
16:21:45		451217		206177		245040		
16:21:47		450899		206107		244792		
16:21:49		449399		206219		243180		
16:21:51		448052		206112		241940		
16:21:53		447504		206184		241320		
16:21:55		446852		206152		240700		
16:21:57		445561		206101		239460		
16:21:59		444871		206155		238716		
16:22:01		443684		206208		237476		
16:22:03		441413		206169		235244		
16:22:05		441312		206192		235120		
16:22:07		440956		206208		234748		
16:22:09		439300		206164		233136		
16:22:11		437094		206190		230904		
16:22:13		437190		206286		230904		
16:22:15		437150		206246		230904		
16:22:17		437135		206231		230904		
16:22:19		437110		206206		230904		
16:22:21		436218		206182		230036		
16:22:23		436070		206158		229912		
16:22:25		435115		206195		228920		
16:22:27		433748		206192		227556		
16:22:29		433704		206148		227556		
16:22:31		433611		206179		227432		
16:22:33		433612		206180		227432		
16:22:35		433524		206216		227308		
16:22:37		433105		206169		226936		
16:22:39		431391		206191		225200		
16:22:41		432705		206761		225944		
16:22:43		432845		206777		226068		
16:22:45		432877		206685		226192		
16:22:47		432877		206685		226192		
16:22:49		432882		206690		226192		
16:22:51		432849		206657		226192		
16:22:53		432881		206689		226192		
16:22:55		432883		206691		226192		
16:22:57		432830		206638		226192		
16:22:59		432555		206363		226192		
16:23:01		432776		206584		226192		
16:23:03		432820		206628		226192		
16:23:05		432811		206619		226192		
16:23:07		432782		206590		226192		
16:23:09		432761		206569		226192		
16:23:11		432719		206527		226192		
16:23:13		495473		269033		226440		
16:23:15		491977		206761		285216		
16:23:17		499345		213013		286332		
16:23:19		501955		206695		295260		
16:23:21		502121		206737		295384		
16:23:23		504340		206724		297616		
16:23:25		505758		206778		298980		
16:23:27		506954		206734		300220		
16:23:29		507876		206788		301088		
16:23:31		508577		206745		301832		
16:23:33		509076		206748		302328		
16:23:35		509414		206714		302700		
16:23:37		513230		209042		304188		
16:23:39		514593		206685		307908		
16:23:41		515332		206680		308652		
16:23:43		516231		206711		309520		
16:23:45		517034		206770		310264		
16:23:47		517768		206760		311008		
16:23:49		518419		206791		311628		
16:23:50		519013		206765		312248		
