record in kb
time		total		used		free
[09:23:17]		1048572		1088		1047484
[09:23:20]		1048572		1088		1047484
[09:23:23]		1048572		1088		1047484
[09:23:26]		1048572		1088		1047484
[09:23:29]		1048572		1088		1047484
[09:23:32]		1048572		1088		1047484
[09:23:35]		1048572		1088		1047484
[09:23:38]		1048572		6128		1042444
[09:23:41]		1048572		6128		1042444
[09:23:44]		1048572		6128		1042444
[09:23:47]		1048572		6128		1042444
[09:23:50]		1048572		6128		1042444
[09:23:53]		1048572		6128		1042444
[09:23:56]		1048572		6128		1042444
[09:23:59]		1048572		6128		1042444
[09:24:02]		1048572		6128		1042444
[09:24:05]		1048572		6128		1042444
[09:24:08]		1048572		6812		1041760
[09:24:11]		1048572		7960		1040612
[09:24:14]		1048572		7960		1040612
[09:24:17]		1048572		7960		1040612
[09:24:20]		1048572		7960		1040612
[09:24:23]		1048572		7960		1040612
[09:24:26]		1048572		7960		1040612
[09:24:29]		1048572		7960		1040612
[09:24:32]		1048572		7960		1040612
[09:24:35]		1048572		7960		1040612
[09:24:38]		1048572		7960		1040612
[09:24:41]		1048572		7960		1040612
[09:24:44]		1048572		7960		1040612
[09:24:47]		1048572		7960		1040612
[09:24:50]		1048572		7960		1040612
[09:24:53]		1048572		7960		1040612
[09:24:56]		1048572		7960		1040612
[09:24:59]		1048572		7960		1040612
[09:25:02]		1048572		7960		1040612
[09:25:05]		1048572		7960		1040612
[09:25:08]		1048572		7960		1040612
[09:25:11]		1048572		7960		1040612
[09:25:14]		1048572		7960		1040612
[09:25:17]		1048572		7960		1040612
[09:25:20]		1048572		7960		1040612
[09:25:23]		1048572		7960		1040612
[09:25:26]		1048572		7960		1040612
[09:25:29]		1048572		7960		1040612
[09:25:32]		1048572		7960		1040612
[09:25:35]		1048572		7960		1040612
[09:25:38]		1048572		7960		1040612
[09:25:41]		1048572		7960		1040612
[09:25:44]		1048572		7960		1040612
[09:25:47]		1048572		7960		1040612
[09:25:50]		1048572		7960		1040612
[09:25:53]		1048572		7960		1040612
[09:25:56]		1048572		7960		1040612
[09:25:59]		1048572		7960		1040612
[09:26:02]		1048572		7960		1040612
[09:26:05]		1048572		7960		1040612
[09:26:08]		1048572		7960		1040612
[09:26:11]		1048572		7960		1040612
[09:26:14]		1048572		7960		1040612
[09:26:17]		1048572		7960		1040612
[09:26:20]		1048572		7960		1040612
[09:26:23]		1048572		7960		1040612
[09:26:26]		1048572		7960		1040612
[09:26:29]		1048572		7960		1040612
[09:26:32]		1048572		7960		1040612
[09:26:35]		1048572		7960		1040612
[09:26:38]		1048572		7960		1040612
[09:26:41]		1048572		7960		1040612
[09:26:44]		1048572		7960		1040612
[09:26:47]		1048572		7960		1040612
[09:26:50]		1048572		7960		1040612
[09:26:53]		1048572		7960		1040612
[09:26:56]		1048572		7960		1040612
[09:26:59]		1048572		7960		1040612
[09:27:02]		1048572		7960		1040612
[09:27:05]		1048572		7960		1040612
[09:27:08]		1048572		7960		1040612
[09:27:11]		1048572		7960		1040612
[09:27:14]		1048572		7960		1040612
[09:27:17]		1048572		7960		1040612
[09:27:20]		1048572		7960		1040612
[09:27:23]		1048572		7960		1040612
[09:27:26]		1048572		7960		1040612
[09:27:29]		1048572		7960		1040612
[09:27:32]		1048572		7960		1040612
[09:27:35]		1048572		7960		1040612
[09:27:38]		1048572		7960		1040612
[09:27:41]		1048572		7960		1040612
[09:27:44]		1048572		7960		1040612
[09:27:47]		1048572		7960		1040612
[09:27:50]		1048572		7960		1040612
[09:27:53]		1048572		7960		1040612
[09:27:56]		1048572		7960		1040612
[09:27:59]		1048572		7960		1040612
[09:28:02]		1048572		7960		1040612
[09:28:05]		1048572		7960		1040612
[09:28:08]		1048572		7960		1040612
[09:28:11]		1048572		7960		1040612
[09:28:14]		1048572		7960		1040612
[09:28:17]		1048572		7960		1040612
[09:28:20]		1048572		7960		1040612
[09:28:23]		1048572		7960		1040612
[09:28:26]		1048572		7960		1040612
[09:28:29]		1048572		7960		1040612
[09:28:32]		1048572		7960		1040612
[09:28:35]		1048572		7960		1040612
[09:28:38]		1048572		32172		1016400
[09:28:41]		1048572		50248		998324
[09:28:44]		1048572		63728		984844
[09:28:47]		1048572		71296		977276
[09:28:50]		1048572		76148		972424
[09:28:53]		1048572		81016		967556
[09:28:56]		1048572		85452		963120
[09:28:59]		1048572		83052		965520
[09:29:02]		1048572		82628		965944
[09:29:05]		1048572		82152		966420
[09:29:08]		1048572		78944		969628
[09:29:11]		1048572		74668		973904
[09:29:14]		1048572		66020		982552
[09:29:17]		1048572		53396		995176
[09:29:20]		1048572		45780		1002792
[09:29:23]		1048572		31036		1017536
[09:29:26]		1048572		26732		1021840
[09:29:29]		1048572		26004		1022568
[09:29:32]		1048572		25020		1023552
[09:29:35]		1048572		21636		1026936
[09:29:38]		1048572		21612		1026960
[09:29:41]		1048572		21376		1027196
[09:29:44]		1048572		21376		1027196
[09:29:47]		1048572		21376		1027196
[09:29:50]		1048572		21372		1027200
[09:29:53]		1048572		21372		1027200
[09:29:56]		1048572		21372		1027200
[09:29:59]		1048572		21372		1027200
[09:30:02]		1048572		21372		1027200
[09:30:05]		1048572		21372		1027200
[09:30:08]		1048572		21372		1027200
[09:30:11]		1048572		21372		1027200
[09:30:14]		1048572		21372		1027200
[09:30:17]		1048572		21372		1027200
[09:30:20]		1048572		21372		1027200
[09:30:23]		1048572		21372		1027200
[09:30:26]		1048572		21372		1027200
[09:30:29]		1048572		21372		1027200
[09:30:32]		1048572		21372		1027200
[09:30:35]		1048572		21372		1027200
[09:30:38]		1048572		21372		1027200
[09:30:41]		1048572		21372		1027200
[09:30:44]		1048572		21372		1027200
[09:30:47]		1048572		21372		1027200
[09:30:50]		1048572		21372		1027200
[09:30:53]		1048572		21372		1027200
[09:30:56]		1048572		21372		1027200
[09:30:59]		1048572		21372		1027200
[09:31:02]		1048572		21372		1027200
[09:31:05]		1048572		21372		1027200
[09:31:08]		1048572		17248		1031324
[09:31:11]		1048572		17248		1031324
[09:31:14]		1048572		17244		1031328
[09:31:17]		1048572		17244		1031328
[09:31:20]		1048572		17244		1031328
[09:31:23]		1048572		17244		1031328
[09:31:26]		1048572		17244		1031328
[09:31:29]		1048572		17244		1031328
[09:31:32]		1048572		17244		1031328
[09:31:35]		1048572		17244		1031328
[09:31:38]		1048572		17244		1031328
[09:31:41]		1048572		17244		1031328
[09:31:44]		1048572		17244		1031328
[09:31:47]		1048572		17120		1031452
[09:31:50]		1048572		17052		1031520
[09:31:53]		1048572		17052		1031520
[09:31:56]		1048572		17052		1031520
[09:31:59]		1048572		17052		1031520
[09:32:02]		1048572		17052		1031520
[09:32:05]		1048572		17052		1031520
[09:32:08]		1048572		17052		1031520
[09:32:11]		1048572		17052		1031520
[09:32:14]		1048572		17052		1031520
[09:32:17]		1048572		17052		1031520
[09:32:20]		1048572		17052		1031520
[09:32:23]		1048572		17052		1031520
[09:32:26]		1048572		17052		1031520
[09:32:29]		1048572		17052		1031520
[09:32:32]		1048572		17052		1031520
[09:32:35]		1048572		17052		1031520
[09:32:38]		1048572		17052		1031520
[09:32:41]		1048572		17052		1031520
[09:32:44]		1048572		17052		1031520
[09:32:47]		1048572		17052		1031520
[09:32:50]		1048572		17052		1031520
[09:32:53]		1048572		17052		1031520
[09:32:56]		1048572		17052		1031520
[09:32:59]		1048572		17160		1031412
[09:33:02]		1048572		23252		1025320
[09:33:05]		1048572		22432		1026140
[09:33:08]		1048572		20240		1028332
[09:33:11]		1048572		20256		1028316
[09:33:14]		1048572		20232		1028340
[09:33:17]		1048572		20240		1028332
[09:33:20]		1048572		20292		1028280
[09:33:23]		1048572		20220		1028352
[09:33:26]		1048572		20220		1028352
[09:33:29]		1048572		20220		1028352
[09:33:32]		1048572		20220		1028352
[09:33:35]		1048572		20220		1028352
[09:33:38]		1048572		20220		1028352
[09:33:41]		1048572		20220		1028352
[09:33:44]		1048572		20220		1028352
[09:33:47]		1048572		20220		1028352
[09:33:50]		1048572		20220		1028352
[09:33:53]		1048572		20220		1028352
[09:33:56]		1048572		20220		1028352
[09:33:59]		1048572		20220		1028352
[09:34:02]		1048572		20220		1028352
[09:34:05]		1048572		20220		1028352
[09:34:08]		1048572		20220		1028352
[09:34:11]		1048572		20220		1028352
[09:34:14]		1048572		20220		1028352
[09:34:17]		1048572		20220		1028352
[09:34:20]		1048572		20220		1028352
[09:34:23]		1048572		20220		1028352
[09:34:26]		1048572		20220		1028352
[09:34:29]		1048572		20220		1028352
[09:34:32]		1048572		20220		1028352
[09:34:35]		1048572		20220		1028352
[09:34:38]		1048572		20220		1028352
[09:34:41]		1048572		20220		1028352
[09:34:44]		1048572		20220		1028352
[09:34:47]		1048572		17480		1031092
[09:34:50]		1048572		17480		1031092
[09:34:53]		1048572		17480		1031092
[09:34:56]		1048572		17480		1031092
[09:34:59]		1048572		17480		1031092
[09:35:02]		1048572		17480		1031092
[09:35:05]		1048572		17480		1031092
[09:35:08]		1048572		17480		1031092
[09:35:11]		1048572		17480		1031092
[09:35:14]		1048572		17480		1031092
[09:35:17]		1048572		17480		1031092
[09:35:20]		1048572		17480		1031092
[09:35:23]		1048572		17480		1031092
[09:35:26]		1048572		17480		1031092
[09:35:29]		1048572		17480		1031092
[09:35:32]		1048572		17480		1031092
[09:35:35]		1048572		17480		1031092
[09:35:38]		1048572		17480		1031092
[09:35:41]		1048572		17480		1031092
[09:35:44]		1048572		17480		1031092
[09:35:47]		1048572		17480		1031092
[09:35:50]		1048572		17480		1031092
[09:35:53]		1048572		17480		1031092
[09:35:56]		1048572		17480		1031092
[09:35:59]		1048572		17480		1031092
[09:36:02]		1048572		17480		1031092
[09:36:05]		1048572		17480		1031092
[09:36:08]		1048572		17480		1031092
[09:36:11]		1048572		17480		1031092
[09:36:14]		1048572		17480		1031092
[09:36:17]		1048572		17480		1031092
[09:36:20]		1048572		17480		1031092
[09:36:23]		1048572		17480		1031092
[09:36:26]		1048572		17480		1031092
[09:36:29]		1048572		17480		1031092
[09:36:32]		1048572		28220		1020352
[09:36:35]		1048572		45272		1003300
[09:36:38]		1048572		63448		985124
[09:36:41]		1048572		71320		977252
[09:36:44]		1048572		76412		972160
[09:36:47]		1048572		80864		967708
[09:36:50]		1048572		79888		968684
[09:36:53]		1048572		94036		954536
[09:36:56]		1048572		95940		952632
[09:36:59]		1048572		94160		954412
[09:37:02]		1048572		92068		956504
[09:37:05]		1048572		91004		957568
[09:37:08]		1048572		86812		961760
[09:37:11]		1048572		79048		969524
[09:37:14]		1048572		61800		986772
[09:37:18]		1048572		49764		998808
[09:37:21]		1048572		33440		1015132
[09:37:24]		1048572		30192		1018380
[09:37:27]		1048572		27276		1021296
[09:37:30]		1048572		25936		1022636
[09:37:33]		1048572		40340		1008232
[09:37:36]		1048572		27748		1020824
[09:37:39]		1048572		31692		1016880
[09:37:42]		1048572		41648		1006924
[09:37:45]		1048572		41648		1006924
[09:37:48]		1048572		41648		1006924
[09:37:51]		1048572		41648		1006924
[09:37:54]		1048572		41648		1006924
[09:37:57]		1048572		41648		1006924
[09:38:00]		1048572		41648		1006924
[09:38:03]		1048572		41648		1006924
[09:38:06]		1048572		41648		1006924
[09:38:09]		1048572		41648		1006924
[09:38:12]		1048572		41648		1006924
[09:38:15]		1048572		41648		1006924
[09:38:18]		1048572		41648		1006924
[09:38:21]		1048572		41648		1006924
[09:38:24]		1048572		41648		1006924
[09:38:27]		1048572		41648		1006924
[09:38:30]		1048572		41648		1006924
[09:38:33]		1048572		41648		1006924
[09:38:36]		1048572		41644		1006928
[09:38:39]		1048572		41644		1006928
[09:38:42]		1048572		41644		1006928
[09:38:45]		1048572		41644		1006928
[09:38:48]		1048572		41644		1006928
[09:38:51]		1048572		41644		1006928
[09:38:54]		1048572		41468		1007104
[09:38:57]		1048572		17716		1030856
[09:39:00]		1048572		17716		1030856
[09:39:03]		1048572		17624		1030948
[09:39:06]		1048572		17624		1030948
[09:39:09]		1048572		17624		1030948
[09:39:12]		1048572		17624		1030948
[09:39:15]		1048572		17624		1030948
[09:39:18]		1048572		17624		1030948
[09:39:21]		1048572		17624		1030948
[09:39:24]		1048572		17624		1030948
[09:39:27]		1048572		17624		1030948
[09:39:30]		1048572		17624		1030948
[09:39:33]		1048572		17624		1030948
[09:39:36]		1048572		17624		1030948
[09:39:39]		1048572		17624		1030948
[09:39:42]		1048572		17624		1030948
[09:39:45]		1048572		17624		1030948
[09:39:48]		1048572		17624		1030948
[09:39:51]		1048572		17624		1030948
[09:39:54]		1048572		17624		1030948
[09:39:57]		1048572		17624		1030948
[09:40:00]		1048572		17624		1030948
[09:40:03]		1048572		17624		1030948
[09:40:06]		1048572		17624		1030948
[09:40:09]		1048572		17624		1030948
[09:40:12]		1048572		17624		1030948
[09:40:15]		1048572		17624		1030948
[09:40:18]		1048572		17624		1030948
[09:40:21]		1048572		17624		1030948
[09:40:24]		1048572		17624		1030948
[09:40:27]		1048572		17624		1030948
[09:40:30]		1048572		17624		1030948
[09:40:33]		1048572		17624		1030948
[09:40:36]		1048572		31700		1016872
[09:40:39]		1048572		62524		986048
[09:40:42]		1048572		86040		962532
[09:40:45]		1048572		96168		952404
[09:40:48]		1048572		102588		945984
[09:40:51]		1048572		101352		947220
[09:40:54]		1048572		99072		949500
[09:40:57]		1048572		98200		950372
[09:41:00]		1048572		96512		952060
[09:41:03]		1048572		93432		955140
[09:41:06]		1048572		91704		956868
[09:41:09]		1048572		90252		958320
[09:41:12]		1048572		86396		962176
[09:41:15]		1048572		85044		963528
[09:41:18]		1048572		75912		972660
[09:41:21]		1048572		59116		989456
[09:41:24]		1048572		53352		995220
[09:41:27]		1048572		39920		1008652
[09:41:30]		1048572		35500		1013072
[09:41:33]		1048572		31004		1017568
[09:41:36]		1048572		40884		1007688
[09:41:39]		1048572		41480		1007092
[09:41:42]		1048572		40572		1008000
[09:41:45]		1048572		40416		1008156
[09:41:48]		1048572		40160		1008412
[09:41:51]		1048572		40128		1008444
[09:41:54]		1048572		40124		1008448
[09:41:57]		1048572		40124		1008448
[09:42:00]		1048572		40124		1008448
[09:42:03]		1048572		40124		1008448
[09:42:06]		1048572		40124		1008448
[09:42:09]		1048572		40124		1008448
[09:42:12]		1048572		40124		1008448
[09:42:15]		1048572		40124		1008448
[09:42:18]		1048572		40124		1008448
[09:42:21]		1048572		40124		1008448
[09:42:24]		1048572		40124		1008448
[09:42:27]		1048572		40124		1008448
[09:42:30]		1048572		40124		1008448
[09:42:33]		1048572		40124		1008448
[09:42:36]		1048572		40124		1008448
[09:42:39]		1048572		40124		1008448
[09:42:42]		1048572		40124		1008448
[09:42:45]		1048572		40124		1008448
[09:42:48]		1048572		40124		1008448
[09:42:51]		1048572		40124		1008448
[09:42:54]		1048572		40124		1008448
[09:42:57]		1048572		40124		1008448
[09:43:00]		1048572		40124		1008448
[09:43:03]		1048572		40056		1008516
[09:43:06]		1048572		17636		1030936
[09:43:09]		1048572		17636		1030936
[09:43:12]		1048572		17636		1030936
[09:43:15]		1048572		17636		1030936
[09:43:18]		1048572		17636		1030936
[09:43:21]		1048572		17636		1030936
[09:43:24]		1048572		17636		1030936
[09:43:27]		1048572		17636		1030936
[09:43:30]		1048572		17636		1030936
[09:43:33]		1048572		17636		1030936
[09:43:36]		1048572		17636		1030936
[09:43:39]		1048572		17636		1030936
[09:43:42]		1048572		17636		1030936
[09:43:45]		1048572		17636		1030936
[09:43:48]		1048572		17636		1030936
[09:43:51]		1048572		17636		1030936
[09:43:54]		1048572		17636		1030936
[09:43:57]		1048572		17636		1030936
[09:44:00]		1048572		17636		1030936
[09:44:03]		1048572		17636		1030936
[09:44:06]		1048572		17636		1030936
[09:44:09]		1048572		17636		1030936
[09:44:12]		1048572		17636		1030936
[09:44:15]		1048572		17636		1030936
[09:44:18]		1048572		17636		1030936
[09:44:21]		1048572		17636		1030936
[09:44:24]		1048572		17636		1030936
[09:44:27]		1048572		17636		1030936
[09:44:30]		1048572		17636		1030936
[09:44:33]		1048572		17636		1030936
[09:44:36]		1048572		17636		1030936
[09:44:39]		1048572		17636		1030936
[09:44:42]		1048572		17636		1030936
[09:44:45]		1048572		17636		1030936
[09:44:48]		1048572		17636		1030936
[09:44:51]		1048572		31432		1017140
[09:44:54]		1048572		54492		994080
[09:44:57]		1048572		73212		975360
[09:45:00]		1048572		80156		968416
[09:45:03]		1048572		88360		960212
[09:45:06]		1048572		97780		950792
[09:45:09]		1048572		105428		943144
[09:45:12]		1048572		110600		937972
[09:45:15]		1048572		106396		942176
[09:45:18]		1048572		100736		947836
[09:45:21]		1048572		58828		989744
[09:45:24]		1048572		23612		1024960
[09:45:27]		1048572		23308		1025264
[09:45:30]		1048572		23168		1025404
[09:45:33]		1048572		22632		1025940
[09:45:36]		1048572		22480		1026092
[09:45:39]		1048572		22428		1026144
[09:45:42]		1048572		22428		1026144
[09:45:45]		1048572		22428		1026144
[09:45:48]		1048572		22428		1026144
[09:45:51]		1048572		22428		1026144
[09:45:54]		1048572		22428		1026144
[09:45:57]		1048572		22428		1026144
[09:46:00]		1048572		22428		1026144
[09:46:03]		1048572		22428		1026144
[09:46:06]		1048572		22428		1026144
[09:46:09]		1048572		22428		1026144
[09:46:12]		1048572		22428		1026144
[09:46:15]		1048572		22428		1026144
[09:46:18]		1048572		22428		1026144
[09:46:21]		1048572		22428		1026144
[09:46:24]		1048572		22428		1026144
[09:46:27]		1048572		22428		1026144
[09:46:30]		1048572		22428		1026144
[09:46:33]		1048572		22428		1026144
[09:46:36]		1048572		22428		1026144
[09:46:39]		1048572		22428		1026144
[09:46:42]		1048572		22428		1026144
[09:46:45]		1048572		22428		1026144
[09:46:48]		1048572		22428		1026144
[09:46:51]		1048572		22428		1026144
[09:46:54]		1048572		22428		1026144
[09:46:57]		1048572		17700		1030872
[09:47:00]		1048572		17700		1030872
[09:47:03]		1048572		17700		1030872
[09:47:06]		1048572		17700		1030872
[09:47:09]		1048572		17700		1030872
[09:47:12]		1048572		17700		1030872
[09:47:15]		1048572		17700		1030872
[09:47:18]		1048572		17700		1030872
[09:47:21]		1048572		17700		1030872
[09:47:24]		1048572		17700		1030872
[09:47:27]		1048572		17700		1030872
[09:47:30]		1048572		17700		1030872
[09:47:33]		1048572		17700		1030872
[09:47:36]		1048572		17700		1030872
[09:47:39]		1048572		17700		1030872
[09:47:42]		1048572		17700		1030872
[09:47:45]		1048572		17700		1030872
[09:47:48]		1048572		17700		1030872
[09:47:51]		1048572		17700		1030872
[09:47:54]		1048572		17700		1030872
[09:47:57]		1048572		17700		1030872
[09:48:00]		1048572		17700		1030872
[09:48:03]		1048572		17700		1030872
[09:48:06]		1048572		17700		1030872
[09:48:09]		1048572		17700		1030872
[09:48:12]		1048572		17700		1030872
[09:48:15]		1048572		17700		1030872
[09:48:18]		1048572		17700		1030872
[09:48:21]		1048572		17700		1030872
[09:48:24]		1048572		17700		1030872
[09:48:27]		1048572		17700		1030872
[09:48:30]		1048572		17700		1030872
[09:48:33]		1048572		17700		1030872
[09:48:36]		1048572		17700		1030872
[09:48:39]		1048572		17700		1030872
[09:48:42]		1048572		17700		1030872
[09:48:45]		1048572		37476		1011096
[09:48:48]		1048572		68284		980288
[09:48:51]		1048572		74716		973856
[09:48:54]		1048572		88088		960484
[09:48:57]		1048572		87624		960948
[09:49:00]		1048572		104768		943804
[09:49:03]		1048572		104024		944548
[09:49:06]		1048572		102224		946348
[09:49:09]		1048572		100116		948456
[09:49:12]		1048572		97312		951260
[09:49:15]		1048572		80260		968312
[09:49:18]		1048572		25564		1023008
[09:49:21]		1048572		21944		1026628
[09:49:24]		1048572		21688		1026884
[09:49:27]		1048572		21628		1026944
[09:49:30]		1048572		21604		1026968
[09:49:33]		1048572		21332		1027240
[09:49:36]		1048572		21332		1027240
[09:49:39]		1048572		21332		1027240
[09:49:42]		1048572		21332		1027240
[09:49:45]		1048572		21332		1027240
[09:49:48]		1048572		21332		1027240
[09:49:51]		1048572		21332		1027240
[09:49:54]		1048572		21332		1027240
[09:49:57]		1048572		21332		1027240
[09:50:00]		1048572		21332		1027240
[09:50:03]		1048572		21332		1027240
[09:50:06]		1048572		21332		1027240
[09:50:09]		1048572		21332		1027240
[09:50:12]		1048572		21332		1027240
[09:50:15]		1048572		21332		1027240
[09:50:18]		1048572		21332		1027240
[09:50:21]		1048572		21332		1027240
[09:50:24]		1048572		21332		1027240
[09:50:27]		1048572		21332		1027240
[09:50:30]		1048572		21332		1027240
[09:50:33]		1048572		21332		1027240
[09:50:36]		1048572		21332		1027240
[09:50:39]		1048572		21332		1027240
[09:50:42]		1048572		21332		1027240
[09:50:45]		1048572		21332		1027240
[09:50:48]		1048572		21332		1027240
[09:50:51]		1048572		21092		1027480
[09:50:54]		1048572		17492		1031080
[09:50:57]		1048572		17492		1031080
[09:51:00]		1048572		17492		1031080
[09:51:03]		1048572		17492		1031080
[09:51:06]		1048572		17492		1031080
[09:51:09]		1048572		17492		1031080
[09:51:12]		1048572		17492		1031080
[09:51:15]		1048572		17492		1031080
[09:51:18]		1048572		17492		1031080
[09:51:21]		1048572		17492		1031080
[09:51:24]		1048572		17492		1031080
[09:51:27]		1048572		17492		1031080
[09:51:30]		1048572		17492		1031080
[09:51:33]		1048572		17492		1031080
[09:51:36]		1048572		17484		1031088
[09:51:39]		1048572		17484		1031088
[09:51:42]		1048572		17484		1031088
[09:51:45]		1048572		17484		1031088
[09:51:48]		1048572		17484		1031088
[09:51:51]		1048572		17484		1031088
[09:51:54]		1048572		17484		1031088
[09:51:57]		1048572		17484		1031088
[09:52:00]		1048572		17484		1031088
[09:52:03]		1048572		17484		1031088
[09:52:06]		1048572		17484		1031088
[09:52:09]		1048572		17484		1031088
[09:52:12]		1048572		17484		1031088
[09:52:15]		1048572		17484		1031088
[09:52:18]		1048572		17484		1031088
[09:52:21]		1048572		17484		1031088
[09:52:24]		1048572		17484		1031088
[09:52:27]		1048572		17484		1031088
[09:52:30]		1048572		17484		1031088
[09:52:33]		1048572		17484		1031088
[09:52:36]		1048572		17484		1031088
[09:52:40]		1048572		44644		1003928
[09:52:43]		1048572		62560		986012
[09:52:46]		1048572		73944		974628
[09:52:49]		1048572		81624		966948
[09:52:52]		1048572		86440		962132
[09:52:55]		1048572		85436		963136
[09:52:58]		1048572		82940		965632
[09:53:01]		1048572		81104		967468
[09:53:04]		1048572		75144		973428
[09:53:07]		1048572		56400		992172
[09:53:10]		1048572		26604		1021968
[09:53:13]		1048572		26528		1022044
[09:53:16]		1048572		24124		1024448
[09:53:19]		1048572		23992		1024580
[09:53:22]		1048572		23844		1024728
[09:53:25]		1048572		23824		1024748
[09:53:28]		1048572		23824		1024748
[09:53:31]		1048572		23820		1024752
[09:53:34]		1048572		23820		1024752
[09:53:37]		1048572		23820		1024752
[09:53:40]		1048572		23820		1024752
[09:53:43]		1048572		23820		1024752
[09:53:46]		1048572		23820		1024752
[09:53:49]		1048572		23820		1024752
[09:53:52]		1048572		23820		1024752
[09:53:55]		1048572		23820		1024752
[09:53:58]		1048572		23820		1024752
[09:54:01]		1048572		23820		1024752
[09:54:04]		1048572		23820		1024752
[09:54:07]		1048572		23820		1024752
[09:54:10]		1048572		23820		1024752
[09:54:13]		1048572		23820		1024752
[09:54:16]		1048572		23820		1024752
[09:54:19]		1048572		23820		1024752
[09:54:22]		1048572		23820		1024752
[09:54:25]		1048572		23820		1024752
[09:54:28]		1048572		23820		1024752
[09:54:31]		1048572		23820		1024752
[09:54:34]		1048572		23820		1024752
[09:54:37]		1048572		23820		1024752
[09:54:40]		1048572		23820		1024752
[09:54:43]		1048572		23820		1024752
[09:54:46]		1048572		17504		1031068
[09:54:49]		1048572		17504		1031068
[09:54:52]		1048572		17504		1031068
[09:54:55]		1048572		17504		1031068
[09:54:58]		1048572		17504		1031068
[09:55:01]		1048572		17504		1031068
[09:55:04]		1048572		17504		1031068
[09:55:07]		1048572		17504		1031068
[09:55:10]		1048572		17504		1031068
[09:55:13]		1048572		17504		1031068
[09:55:16]		1048572		17504		1031068
[09:55:19]		1048572		17504		1031068
[09:55:22]		1048572		17504		1031068
[09:55:25]		1048572		17504		1031068
[09:55:28]		1048572		17504		1031068
[09:55:31]		1048572		17504		1031068
[09:55:34]		1048572		17504		1031068
[09:55:37]		1048572		17504		1031068
[09:55:40]		1048572		17504		1031068
[09:55:43]		1048572		17504		1031068
[09:55:46]		1048572		17504		1031068
[09:55:49]		1048572		17504		1031068
[09:55:52]		1048572		17504		1031068
[09:55:55]		1048572		17504		1031068
[09:55:58]		1048572		17504		1031068
[09:56:01]		1048572		17504		1031068
[09:56:04]		1048572		17504		1031068
[09:56:07]		1048572		17504		1031068
[09:56:10]		1048572		17504		1031068
[09:56:13]		1048572		17504		1031068
[09:56:16]		1048572		17504		1031068
[09:56:19]		1048572		17504		1031068
[09:56:22]		1048572		17504		1031068
[09:56:25]		1048572		17504		1031068
[09:56:28]		1048572		17504		1031068
[09:56:31]		1048572		17504		1031068
[09:56:34]		1048572		17504		1031068
[09:56:37]		1048572		45912		1002660
[09:56:40]		1048572		68352		980220
[09:56:43]		1048572		79436		969136
[09:56:46]		1048572		88648		959924
[09:56:49]		1048572		94892		953680
[09:56:52]		1048572		100392		948180
[09:56:55]		1048572		114732		933840
[09:56:58]		1048572		114412		934160
[09:57:01]		1048572		114328		934244
[09:57:04]		1048572		113392		935180
[09:57:07]		1048572		111308		937264
[09:57:10]		1048572		110096		938476
[09:57:13]		1048572		109524		939048
[09:57:16]		1048572		108244		940328
[09:57:19]		1048572		102856		945716
[09:57:22]		1048572		91092		957480
[09:57:25]		1048572		78964		969608
[09:57:28]		1048572		67676		980896
[09:57:31]		1048572		46064		1002508
[09:57:34]		1048572		40536		1008036
[09:57:37]		1048572		43488		1005084
[09:57:40]		1048572		47936		1000636
[09:57:43]		1048572		42764		1005808
[09:57:46]		1048572		40540		1008032
[09:57:49]		1048572		46324		1002248
[09:57:52]		1048572		48084		1000488
[09:57:55]		1048572		48032		1000540
[09:57:58]		1048572		48032		1000540
[09:58:01]		1048572		48028		1000544
[09:58:04]		1048572		48028		1000544
[09:58:07]		1048572		48028		1000544
[09:58:10]		1048572		48028		1000544
[09:58:13]		1048572		48028		1000544
[09:58:16]		1048572		48028		1000544
[09:58:19]		1048572		48028		1000544
[09:58:22]		1048572		48028		1000544
[09:58:25]		1048572		48028		1000544
[09:58:28]		1048572		48028		1000544
[09:58:31]		1048572		48028		1000544
[09:58:34]		1048572		48028		1000544
[09:58:37]		1048572		48028		1000544
[09:58:40]		1048572		48028		1000544
[09:58:43]		1048572		48028		1000544
[09:58:46]		1048572		48028		1000544
[09:58:49]		1048572		48028		1000544
[09:58:52]		1048572		48028		1000544
[09:58:55]		1048572		48028		1000544
[09:58:58]		1048572		48028		1000544
[09:59:01]		1048572		48028		1000544
[09:59:04]		1048572		48028		1000544
[09:59:07]		1048572		48028		1000544
[09:59:10]		1048572		48028		1000544
[09:59:13]		1048572		17940		1030632
[09:59:16]		1048572		17940		1030632
[09:59:19]		1048572		17940		1030632
[09:59:22]		1048572		17940		1030632
[09:59:25]		1048572		17940		1030632
[09:59:28]		1048572		17940		1030632
[09:59:31]		1048572		17940		1030632
[09:59:34]		1048572		17940		1030632
[09:59:37]		1048572		17940		1030632
[09:59:40]		1048572		17940		1030632
[09:59:43]		1048572		17940		1030632
[09:59:46]		1048572		17940		1030632
[09:59:49]		1048572		17940		1030632
[09:59:52]		1048572		17940		1030632
[09:59:55]		1048572		17940		1030632
[09:59:58]		1048572		17940		1030632
[10:00:01]		1048572		17940		1030632
[10:00:04]		1048572		17940		1030632
[10:00:07]		1048572		17940		1030632
[10:00:10]		1048572		17940		1030632
[10:00:13]		1048572		17940		1030632
[10:00:16]		1048572		17940		1030632
[10:00:19]		1048572		17940		1030632
[10:00:22]		1048572		17940		1030632
[10:00:25]		1048572		17940		1030632
[10:00:28]		1048572		17940		1030632
[10:00:31]		1048572		17940		1030632
[10:00:34]		1048572		17940		1030632
[10:00:38]		1048572		17940		1030632
[10:00:41]		1048572		17928		1030644
[10:00:44]		1048572		17760		1030812
[10:00:47]		1048572		17748		1030824
[10:00:50]		1048572		17748		1030824
[10:00:53]		1048572		17748		1030824
[10:00:56]		1048572		29120		1019452
[10:00:59]		1048572		54144		994428
[10:01:02]		1048572		68316		980256
[10:01:05]		1048572		75336		973236
[10:01:08]		1048572		80504		968068
[10:01:11]		1048572		83792		964780
[10:01:14]		1048572		83564		965008
[10:01:17]		1048572		83268		965304
[10:01:20]		1048572		80796		967776
[10:01:23]		1048572		79844		968728
[10:01:26]		1048572		79288		969284
[10:01:29]		1048572		76444		972128
[10:01:32]		1048572		74188		974384
[10:01:35]		1048572		60016		988556
[10:01:38]		1048572		25064		1023508
[10:01:41]		1048572		24256		1024316
[10:01:44]		1048572		23980		1024592
[10:01:47]		1048572		21636		1026936
[10:01:50]		1048572		21628		1026944
[10:01:53]		1048572		21380		1027192
[10:01:56]		1048572		21380		1027192
[10:01:59]		1048572		21380		1027192
[10:02:02]		1048572		21380		1027192
[10:02:05]		1048572		21380		1027192
[10:02:08]		1048572		21380		1027192
[10:02:11]		1048572		21380		1027192
[10:02:14]		1048572		21380		1027192
[10:02:17]		1048572		21380		1027192
[10:02:20]		1048572		21380		1027192
[10:02:23]		1048572		21380		1027192
[10:02:26]		1048572		21380		1027192
[10:02:29]		1048572		21380		1027192
[10:02:32]		1048572		21380		1027192
[10:02:35]		1048572		21380		1027192
[10:02:38]		1048572		21380		1027192
[10:02:41]		1048572		21380		1027192
[10:02:44]		1048572		21380		1027192
[10:02:47]		1048572		21380		1027192
[10:02:50]		1048572		21380		1027192
[10:02:53]		1048572		21380		1027192
[10:02:56]		1048572		21380		1027192
[10:02:59]		1048572		21380		1027192
[10:03:02]		1048572		21380		1027192
[10:03:05]		1048572		21380		1027192
[10:03:08]		1048572		21380		1027192
[10:03:11]		1048572		17752		1030820
[10:03:14]		1048572		17748		1030824
[10:03:17]		1048572		17748		1030824
[10:03:20]		1048572		17748		1030824
[10:03:23]		1048572		17748		1030824
[10:03:26]		1048572		17748		1030824
[10:03:29]		1048572		17748		1030824
[10:03:32]		1048572		17748		1030824
[10:03:35]		1048572		17748		1030824
[10:03:38]		1048572		17748		1030824
[10:03:41]		1048572		17748		1030824
[10:03:44]		1048572		17748		1030824
[10:03:47]		1048572		17748		1030824
[10:03:50]		1048572		17748		1030824
[10:03:53]		1048572		17748		1030824
[10:03:56]		1048572		17748		1030824
[10:03:59]		1048572		17748		1030824
[10:04:02]		1048572		17748		1030824
[10:04:05]		1048572		17748		1030824
[10:04:08]		1048572		17748		1030824
[10:04:11]		1048572		17748		1030824
[10:04:14]		1048572		17748		1030824
[10:04:17]		1048572		17748		1030824
[10:04:20]		1048572		17748		1030824
[10:04:23]		1048572		17748		1030824
[10:04:26]		1048572		17748		1030824
[10:04:29]		1048572		17748		1030824
[10:04:32]		1048572		17748		1030824
[10:04:35]		1048572		17748		1030824
[10:04:38]		1048572		17748		1030824
[10:04:41]		1048572		17748		1030824
[10:04:44]		1048572		17748		1030824
[10:04:47]		1048572		17748		1030824
[10:04:50]		1048572		17748		1030824
[10:04:53]		1048572		17748		1030824
[10:04:56]		1048572		17748		1030824
[10:04:59]		1048572		37804		1010768
[10:05:02]		1048572		69856		978716
[10:05:05]		1048572		77568		971004
[10:05:08]		1048572		77892		970680
[10:05:11]		1048572		86484		962088
[10:05:14]		1048572		95276		953296
[10:05:17]		1048572		73260		975312
[10:05:20]		1048572		30968		1017604
[10:05:23]		1048572		37312		1011260
[10:05:26]		1048572		46788		1001784
[10:05:29]		1048572		47996		1000576
[10:05:32]		1048572		45092		1003480
[10:05:35]		1048572		40656		1007916
[10:05:38]		1048572		40432		1008140
[10:05:41]		1048572		40144		1008428
[10:05:44]		1048572		40144		1008428
[10:05:47]		1048572		40144		1008428
[10:05:50]		1048572		40144		1008428
[10:05:53]		1048572		40144		1008428
[10:05:56]		1048572		40144		1008428
[10:05:59]		1048572		40144		1008428
[10:06:02]		1048572		40144		1008428
[10:06:05]		1048572		40144		1008428
[10:06:08]		1048572		40144		1008428
[10:06:11]		1048572		40144		1008428
[10:06:14]		1048572		40144		1008428
[10:06:17]		1048572		40144		1008428
[10:06:20]		1048572		40144		1008428
[10:06:23]		1048572		40144		1008428
[10:06:26]		1048572		40144		1008428
[10:06:29]		1048572		40024		1008548
[10:06:32]		1048572		39952		1008620
[10:06:35]		1048572		39952		1008620
[10:06:38]		1048572		39952		1008620
[10:06:41]		1048572		39952		1008620
[10:06:44]		1048572		39952		1008620
[10:06:47]		1048572		39944		1008628
[10:06:50]		1048572		39944		1008628
[10:06:53]		1048572		39944		1008628
[10:06:56]		1048572		39944		1008628
[10:06:59]		1048572		39944		1008628
[10:07:02]		1048572		39944		1008628
[10:07:05]		1048572		39944		1008628
[10:07:08]		1048572		39944		1008628
[10:07:11]		1048572		17748		1030824
[10:07:14]		1048572		17748		1030824
[10:07:17]		1048572		17748		1030824
[10:07:20]		1048572		17748		1030824
[10:07:23]		1048572		17748		1030824
[10:07:26]		1048572		17748		1030824
[10:07:29]		1048572		17748		1030824
[10:07:32]		1048572		17748		1030824
[10:07:35]		1048572		17748		1030824
[10:07:38]		1048572		17748		1030824
[10:07:41]		1048572		17748		1030824
[10:07:44]		1048572		17748		1030824
[10:07:47]		1048572		17748		1030824
[10:07:50]		1048572		17748		1030824
[10:07:53]		1048572		17748		1030824
[10:07:56]		1048572		17748		1030824
[10:07:59]		1048572		17748		1030824
[10:08:02]		1048572		17748		1030824
[10:08:05]		1048572		17748		1030824
[10:08:08]		1048572		17748		1030824
[10:08:11]		1048572		17748		1030824
[10:08:14]		1048572		17748		1030824
[10:08:17]		1048572		17748		1030824
[10:08:20]		1048572		17748		1030824
[10:08:23]		1048572		17748		1030824
[10:08:26]		1048572		17748		1030824
[10:08:29]		1048572		17748		1030824
[10:08:32]		1048572		17748		1030824
[10:08:35]		1048572		17748		1030824
[10:08:38]		1048572		17748		1030824
[10:08:41]		1048572		17748		1030824
[10:08:44]		1048572		17748		1030824
[10:08:47]		1048572		17748		1030824
[10:08:50]		1048572		17748		1030824
[10:08:53]		1048572		17748		1030824
[10:08:56]		1048572		17748		1030824
[10:08:59]		1048572		17748		1030824
[10:09:02]		1048572		17744		1030828
[10:09:05]		1048572		17656		1030916
[10:09:08]		1048572		17656		1030916
[10:09:11]		1048572		29516		1019056
[10:09:14]		1048572		45100		1003472
[10:09:17]		1048572		55468		993104
[10:09:20]		1048572		62288		986284
[10:09:23]		1048572		66036		982536
[10:09:26]		1048572		69352		979220
[10:09:29]		1048572		81936		966636
[10:09:32]		1048572		81084		967488
[10:09:35]		1048572		81188		967384
[10:09:38]		1048572		92436		956136
[10:09:41]		1048572		91852		956720
[10:09:44]		1048572		88332		960240
[10:09:47]		1048572		90168		958404
[10:09:50]		1048572		83400		965172
[10:09:53]		1048572		72996		975576
[10:09:56]		1048572		64924		983648
[10:09:59]		1048572		61452		987120
[10:10:02]		1048572		53552		995020
[10:10:05]		1048572		47500		1001072
[10:10:08]		1048572		44884		1003688
[10:10:11]		1048572		48752		999820
[10:10:14]		1048572		48124		1000448
[10:10:17]		1048572		46780		1001792
[10:10:20]		1048572		42664		1005908
[10:10:23]		1048572		50524		998048
[10:10:26]		1048572		52752		995820
[10:10:29]		1048572		52300		996272
[10:10:32]		1048572		52300		996272
[10:10:35]		1048572		52300		996272
[10:10:38]		1048572		52296		996276
[10:10:41]		1048572		52296		996276
[10:10:44]		1048572		52296		996276
[10:10:47]		1048572		52296		996276
[10:10:50]		1048572		52296		996276
[10:10:53]		1048572		52296		996276
[10:10:56]		1048572		52296		996276
[10:10:59]		1048572		52296		996276
[10:11:02]		1048572		52296		996276
[10:11:05]		1048572		52296		996276
[10:11:08]		1048572		52296		996276
[10:11:11]		1048572		52296		996276
[10:11:14]		1048572		52296		996276
[10:11:17]		1048572		52296		996276
[10:11:20]		1048572		52296		996276
[10:11:23]		1048572		52296		996276
[10:11:26]		1048572		52296		996276
[10:11:29]		1048572		52296		996276
[10:11:32]		1048572		52296		996276
[10:11:35]		1048572		52296		996276
[10:11:38]		1048572		52296		996276
[10:11:41]		1048572		52296		996276
[10:11:44]		1048572		52296		996276
[10:11:47]		1048572		52296		996276
[10:11:50]		1048572		52296		996276
[10:11:53]		1048572		52296		996276
[10:11:56]		1048572		52296		996276
[10:11:59]		1048572		17656		1030916
[10:12:02]		1048572		17656		1030916
[10:12:05]		1048572		17652		1030920
[10:12:08]		1048572		17652		1030920
[10:12:11]		1048572		17652		1030920
[10:12:14]		1048572		17652		1030920
[10:12:17]		1048572		17652		1030920
[10:12:20]		1048572		17652		1030920
[10:12:23]		1048572		17652		1030920
[10:12:26]		1048572		17652		1030920
[10:12:29]		1048572		17652		1030920
[10:12:32]		1048572		17652		1030920
[10:12:35]		1048572		17652		1030920
[10:12:38]		1048572		17652		1030920
[10:12:41]		1048572		17652		1030920
[10:12:44]		1048572		17652		1030920
[10:12:47]		1048572		17652		1030920
[10:12:50]		1048572		17652		1030920
[10:12:53]		1048572		17652		1030920
[10:12:56]		1048572		17652		1030920
[10:12:59]		1048572		17652		1030920
[10:13:02]		1048572		17652		1030920
[10:13:05]		1048572		17652		1030920
[10:13:08]		1048572		17652		1030920
[10:13:11]		1048572		17652		1030920
[10:13:14]		1048572		17652		1030920
[10:13:17]		1048572		17652		1030920
[10:13:20]		1048572		17652		1030920
[10:13:23]		1048572		17652		1030920
[10:13:26]		1048572		17652		1030920
[10:13:29]		1048572		17652		1030920
[10:13:32]		1048572		17652		1030920
[10:13:35]		1048572		17652		1030920
[10:13:38]		1048572		17652		1030920
[10:13:41]		1048572		17652		1030920
[10:13:44]		1048572		17652		1030920
[10:13:47]		1048572		17652		1030920
[10:13:50]		1048572		17652		1030920
[10:13:53]		1048572		17652		1030920
[10:13:56]		1048572		17652		1030920
[10:13:59]		1048572		54628		993944
[10:14:02]		1048572		75648		972924
[10:14:05]		1048572		83820		964752
[10:14:08]		1048572		97748		950824
[10:14:11]		1048572		113248		935324
[10:14:14]		1048572		108420		940152
[10:14:17]		1048572		96664		951908
[10:14:20]		1048572		77380		971192
[10:14:23]		1048572		70748		977824
[10:14:26]		1048572		62972		985600
[10:14:29]		1048572		58032		990540
[10:14:32]		1048572		52012		996560
[10:14:35]		1048572		40684		1007888
[10:14:38]		1048572		43160		1005412
[10:14:41]		1048572		44364		1004208
[10:14:44]		1048572		47176		1001396
[10:14:47]		1048572		44208		1004364
[10:14:50]		1048572		40124		1008448
[10:14:53]		1048572		43640		1004932
[10:14:56]		1048572		45496		1003076
[10:14:59]		1048572		43636		1004936
[10:15:02]		1048572		41884		1006688
[10:15:05]		1048572		41592		1006980
[10:15:08]		1048572		41592		1006980
[10:15:11]		1048572		41592		1006980
[10:15:14]		1048572		41592		1006980
[10:15:17]		1048572		41592		1006980
[10:15:20]		1048572		41592		1006980
[10:15:23]		1048572		41592		1006980
[10:15:26]		1048572		41592		1006980
[10:15:29]		1048572		41592		1006980
[10:15:32]		1048572		41592		1006980
[10:15:35]		1048572		41592		1006980
[10:15:38]		1048572		41592		1006980
[10:15:41]		1048572		41592		1006980
[10:15:44]		1048572		41592		1006980
[10:15:47]		1048572		41592		1006980
[10:15:50]		1048572		41592		1006980
[10:15:53]		1048572		41592		1006980
[10:15:56]		1048572		41592		1006980
[10:15:59]		1048572		41592		1006980
[10:16:02]		1048572		41592		1006980
[10:16:05]		1048572		41592		1006980
[10:16:08]		1048572		41592		1006980
[10:16:11]		1048572		41592		1006980
[10:16:14]		1048572		41592		1006980
[10:16:17]		1048572		41592		1006980
[10:16:20]		1048572		41592		1006980
[10:16:23]		1048572		41592		1006980
[10:16:26]		1048572		41592		1006980
[10:16:29]		1048572		18296		1030276
[10:16:32]		1048572		18296		1030276
[10:16:35]		1048572		18296		1030276
[10:16:38]		1048572		18296		1030276
[10:16:41]		1048572		18296		1030276
[10:16:44]		1048572		18296		1030276
[10:16:47]		1048572		18296		1030276
[10:16:50]		1048572		18296		1030276
[10:16:53]		1048572		18296		1030276
[10:16:56]		1048572		18296		1030276
[10:16:59]		1048572		18296		1030276
[10:17:02]		1048572		18256		1030316
[10:17:05]		1048572		18232		1030340
[10:17:08]		1048572		18232		1030340
[10:17:11]		1048572		18232		1030340
[10:17:14]		1048572		18232		1030340
[10:17:17]		1048572		18232		1030340
[10:17:20]		1048572		18232		1030340
[10:17:23]		1048572		18232		1030340
[10:17:26]		1048572		18232		1030340
[10:17:29]		1048572		18232		1030340
[10:17:32]		1048572		18232		1030340
[10:17:35]		1048572		18232		1030340
[10:17:38]		1048572		18232		1030340
[10:17:41]		1048572		18232		1030340
[10:17:44]		1048572		18232		1030340
[10:17:47]		1048572		18232		1030340
[10:17:50]		1048572		18232		1030340
[10:17:53]		1048572		18232		1030340
[10:17:56]		1048572		18232		1030340
[10:17:59]		1048572		18072		1030500
[10:18:02]		1048572		18072		1030500
[10:18:05]		1048572		18072		1030500
[10:18:08]		1048572		18072		1030500
[10:18:11]		1048572		18072		1030500
[10:18:14]		1048572		18072		1030500
[10:18:17]		1048572		18072		1030500
[10:18:20]		1048572		18072		1030500
[10:18:23]		1048572		18072		1030500
[10:18:26]		1048572		18072		1030500
[10:18:29]		1048572		18072		1030500
[10:18:32]		1048572		18072		1030500
[10:18:35]		1048572		18072		1030500
[10:18:38]		1048572		18072		1030500
[10:18:41]		1048572		18072		1030500
[10:18:44]		1048572		18072		1030500
[10:18:47]		1048572		18072		1030500
[10:18:50]		1048572		18072		1030500
[10:18:53]		1048572		18072		1030500
[10:18:56]		1048572		18072		1030500
[10:18:59]		1048572		18072		1030500
[10:19:02]		1048572		18072		1030500
[10:19:05]		1048572		18072		1030500
[10:19:08]		1048572		18072		1030500
[10:19:11]		1048572		18072		1030500
[10:19:14]		1048572		18072		1030500
[10:19:17]		1048572		18072		1030500
[10:19:20]		1048572		18072		1030500
[10:19:23]		1048572		18072		1030500
[10:19:26]		1048572		18072		1030500
[10:19:29]		1048572		18072		1030500
[10:19:32]		1048572		18072		1030500
[10:19:35]		1048572		18072		1030500
[10:19:38]		1048572		18072		1030500
[10:19:41]		1048572		18072		1030500
[10:19:44]		1048572		18072		1030500
[10:19:47]		1048572		18072		1030500
[10:19:50]		1048572		18072		1030500
[10:19:53]		1048572		18072		1030500
[10:19:56]		1048572		18072		1030500
[10:19:59]		1048572		18072		1030500
[10:20:02]		1048572		18072		1030500
[10:20:05]		1048572		18072		1030500
[10:20:08]		1048572		18072		1030500
[10:20:11]		1048572		18072		1030500
[10:20:14]		1048572		18072		1030500
[10:20:17]		1048572		18072		1030500
[10:20:20]		1048572		18072		1030500
[10:20:23]		1048572		18072		1030500
[10:20:26]		1048572		18072		1030500
[10:20:29]		1048572		18072		1030500
[10:20:32]		1048572		18072		1030500
[10:20:35]		1048572		18072		1030500
[10:20:38]		1048572		18072		1030500
[10:20:41]		1048572		18072		1030500
[10:20:44]		1048572		18072		1030500
[10:20:47]		1048572		18072		1030500
[10:20:50]		1048572		18072		1030500
[10:20:53]		1048572		18072		1030500
[10:20:56]		1048572		18072		1030500
[10:20:59]		1048572		18072		1030500
[10:21:02]		1048572		18072		1030500
[10:21:05]		1048572		18072		1030500
[10:21:08]		1048572		18072		1030500
[10:21:11]		1048572		18072		1030500
[10:21:14]		1048572		18072		1030500
[10:21:17]		1048572		18072		1030500
[10:21:20]		1048572		18072		1030500
[10:21:23]		1048572		18072		1030500
[10:21:26]		1048572		18072		1030500
[10:21:29]		1048572		18072		1030500
[10:21:32]		1048572		18072		1030500
[10:21:35]		1048572		18072		1030500
[10:21:38]		1048572		18072		1030500
[10:21:41]		1048572		18072		1030500
[10:21:44]		1048572		18072		1030500
[10:21:47]		1048572		18072		1030500
[10:21:50]		1048572		18072		1030500
[10:21:53]		1048572		18072		1030500
[10:21:56]		1048572		18072		1030500
[10:21:59]		1048572		18072		1030500
[10:22:02]		1048572		18072		1030500
[10:22:05]		1048572		18072		1030500
[10:22:08]		1048572		31248		1017324
[10:22:11]		1048572		42924		1005648
[10:22:14]		1048572		47384		1001188
[10:22:17]		1048572		54492		994080
[10:22:20]		1048572		55504		993068
[10:22:23]		1048572		116924		931648
[10:22:26]		1048572		158156		890416
[10:22:29]		1048572		159672		888900
[10:22:32]		1048572		165044		883528
[10:22:35]		1048572		171664		876908
[10:22:38]		1048572		171624		876948
[10:22:41]		1048572		171468		877104
[10:22:44]		1048572		171180		877392
[10:22:47]		1048572		183984		864588
[10:22:50]		1048572		184492		864080
[10:22:54]		1048572		184284		864288
[10:22:57]		1048572		184068		864504
[10:23:00]		1048572		195584		852988
[10:23:03]		1048572		195444		853128
[10:23:06]		1048572		195300		853272
[10:23:09]		1048572		195172		853400
[10:23:12]		1048572		210232		838340
[10:23:15]		1048572		209484		839088
[10:23:18]		1048572		208616		839956
[10:23:21]		1048572		208204		840368
[10:23:24]		1048572		217860		830712
[10:23:27]		1048572		217672		830900
[10:23:30]		1048572		217460		831112
[10:23:33]		1048572		216884		831688
[10:23:36]		1048572		216796		831776
[10:23:39]		1048572		216696		831876
[10:23:42]		1048572		226720		821852
[10:23:45]		1048572		231324		817248
[10:23:48]		1048572		230584		817988
[10:23:51]		1048572		230024		818548
[10:23:54]		1048572		236656		811916
[10:23:57]		1048572		236136		812436
[10:24:00]		1048572		234408		814164
[10:24:03]		1048572		233512		815060
[10:24:06]		1048572		244376		804196
[10:24:09]		1048572		242964		805608
[10:24:12]		1048572		240376		808196
[10:24:15]		1048572		249376		799196
[10:24:18]		1048572		247428		801144
[10:24:21]		1048572		244316		804256
[10:24:24]		1048572		250068		798504
[10:24:27]		1048572		249200		799372
[10:24:30]		1048572		244700		803872
[10:24:33]		1048572		233188		815384
[10:24:36]		1048572		220536		828036
[10:24:39]		1048572		212096		836476
[10:24:42]		1048572		208532		840040
[10:24:45]		1048572		200176		848396
[10:24:48]		1048572		192772		855800
[10:24:51]		1048572		190164		858408
[10:24:54]		1048572		191172		857400
[10:24:57]		1048572		186708		861864
[10:25:00]		1048572		190124		858448
[10:25:03]		1048572		184792		863780
[10:25:06]		1048572		174048		874524
[10:25:09]		1048572		157932		890640
[10:25:12]		1048572		164648		883924
[10:25:15]		1048572		159960		888612
[10:25:18]		1048572		153088		895484
[10:25:21]		1048572		157412		891160
[10:25:24]		1048572		159080		889492
[10:25:27]		1048572		161284		887288
[10:25:30]		1048572		156332		892240
[10:25:33]		1048572		150484		898088
[10:25:36]		1048572		155088		893484
[10:25:39]		1048572		159360		889212
[10:25:42]		1048572		162668		885904
[10:25:45]		1048572		162988		885584
[10:25:48]		1048572		162984		885588
[10:25:51]		1048572		162984		885588
[10:25:54]		1048572		162984		885588
[10:25:57]		1048572		162984		885588
[10:26:00]		1048572		162984		885588
[10:26:03]		1048572		162984		885588
[10:26:06]		1048572		162984		885588
[10:26:09]		1048572		162984		885588
[10:26:12]		1048572		162984		885588
[10:26:15]		1048572		162984		885588
[10:26:18]		1048572		162984		885588
[10:26:21]		1048572		162984		885588
[10:26:24]		1048572		162984		885588
[10:26:27]		1048572		162984		885588
[10:26:30]		1048572		162984		885588
[10:26:33]		1048572		162984		885588
[10:26:36]		1048572		162984		885588
[10:26:39]		1048572		162984		885588
[10:26:42]		1048572		162984		885588
[10:26:45]		1048572		162984		885588
[10:26:48]		1048572		162984		885588
[10:26:51]		1048572		162984		885588
[10:26:54]		1048572		162984		885588
[10:26:57]		1048572		162984		885588
[10:27:00]		1048572		17732		1030840
[10:27:03]		1048572		17732		1030840
[10:27:06]		1048572		17732		1030840
[10:27:09]		1048572		17732		1030840
[10:27:12]		1048572		17732		1030840
[10:27:15]		1048572		17732		1030840
[10:27:18]		1048572		17732		1030840
[10:27:21]		1048572		17732		1030840
[10:27:24]		1048572		17732		1030840
[10:27:27]		1048572		17732		1030840
[10:27:30]		1048572		17732		1030840
[10:27:33]		1048572		17732		1030840
[10:27:36]		1048572		17732		1030840
[10:27:39]		1048572		17732		1030840
[10:27:42]		1048572		17732		1030840
[10:27:45]		1048572		17732		1030840
[10:27:48]		1048572		17732		1030840
[10:27:51]		1048572		17732		1030840
[10:27:54]		1048572		17732		1030840
[10:27:57]		1048572		17732		1030840
[10:28:00]		1048572		17732		1030840
[10:28:03]		1048572		17732		1030840
[10:28:06]		1048572		17732		1030840
[10:28:09]		1048572		17732		1030840
[10:28:12]		1048572		17732		1030840
[10:28:15]		1048572		17732		1030840
[10:28:18]		1048572		17732		1030840
[10:28:21]		1048572		17732		1030840
[10:28:24]		1048572		17732		1030840
[10:28:27]		1048572		17732		1030840
[10:28:30]		1048572		17732		1030840
[10:28:33]		1048572		17732		1030840
[10:28:36]		1048572		17732		1030840
[10:28:39]		1048572		17732		1030840
[10:28:42]		1048572		17732		1030840
[10:28:45]		1048572		17732		1030840
[10:28:48]		1048572		17732		1030840
[10:28:51]		1048572		17732		1030840
[10:28:54]		1048572		17732		1030840
[10:28:57]		1048572		17732		1030840
[10:29:00]		1048572		17732		1030840
[10:29:03]		1048572		17732		1030840
[10:29:06]		1048572		17732		1030840
[10:29:09]		1048572		17732		1030840
[10:29:12]		1048572		17732		1030840
[10:29:15]		1048572		17732		1030840
[10:29:18]		1048572		17732		1030840
[10:29:21]		1048572		17732		1030840
[10:29:24]		1048572		17732		1030840
[10:29:27]		1048572		17732		1030840
[10:29:30]		1048572		17732		1030840
[10:29:33]		1048572		17732		1030840
[10:29:36]		1048572		17732		1030840
[10:29:39]		1048572		17732		1030840
[10:29:42]		1048572		17732		1030840
[10:29:45]		1048572		17732		1030840
[10:29:48]		1048572		17732		1030840
[10:29:51]		1048572		17732		1030840
[10:29:54]		1048572		17732		1030840
[10:29:57]		1048572		17732		1030840
[10:30:00]		1048572		17732		1030840
[10:30:03]		1048572		17732		1030840
[10:30:06]		1048572		17732		1030840
[10:30:09]		1048572		17732		1030840
[10:30:12]		1048572		17732		1030840
[10:30:15]		1048572		17732		1030840
[10:30:18]		1048572		17732		1030840
[10:30:21]		1048572		17732		1030840
[10:30:24]		1048572		17732		1030840
[10:30:27]		1048572		17732		1030840
[10:30:30]		1048572		17732		1030840
[10:30:33]		1048572		17732		1030840
[10:30:36]		1048572		17732		1030840
[10:30:39]		1048572		17732		1030840
[10:30:42]		1048572		17732		1030840
[10:30:45]		1048572		17732		1030840
[10:30:48]		1048572		17732		1030840
[10:30:51]		1048572		17732		1030840
[10:30:54]		1048572		17732		1030840
[10:30:57]		1048572		17732		1030840
[10:31:00]		1048572		17732		1030840
[10:31:03]		1048572		17732		1030840
[10:31:06]		1048572		17732		1030840
[10:31:09]		1048572		17732		1030840
[10:31:12]		1048572		17732		1030840
[10:31:15]		1048572		17732		1030840
[10:31:18]		1048572		17732		1030840
[10:31:21]		1048572		17732		1030840
[10:31:24]		1048572		17732		1030840
[10:31:27]		1048572		17732		1030840
[10:31:30]		1048572		17732		1030840
[10:31:33]		1048572		17732		1030840
[10:31:36]		1048572		17732		1030840
[10:31:39]		1048572		17732		1030840
[10:31:42]		1048572		17732		1030840
[10:31:45]		1048572		17732		1030840
[10:31:48]		1048572		17732		1030840
[10:31:51]		1048572		17732		1030840
[10:31:54]		1048572		17732		1030840
[10:31:57]		1048572		47532		1001040
[10:32:00]		1048572		57272		991300
[10:32:03]		1048572		75496		973076
[10:32:06]		1048572		80120		968452
[10:32:09]		1048572		79456		969116
[10:32:12]		1048572		91964		956608
[10:32:15]		1048572		91380		957192
[10:32:18]		1048572		87912		960660
[10:32:21]		1048572		83196		965376
[10:32:24]		1048572		27140		1021432
[10:32:27]		1048572		23136		1025436
[10:32:30]		1048572		22612		1025960
[10:32:33]		1048572		21668		1026904
[10:32:36]		1048572		21668		1026904
[10:32:39]		1048572		21360		1027212
[10:32:42]		1048572		21360		1027212
[10:32:45]		1048572		21360		1027212
[10:32:48]		1048572		21360		1027212
[10:32:51]		1048572		21360		1027212
[10:32:54]		1048572		21360		1027212
[10:32:57]		1048572		21360		1027212
[10:33:00]		1048572		21360		1027212
[10:33:03]		1048572		21360		1027212
[10:33:06]		1048572		21360		1027212
[10:33:09]		1048572		21360		1027212
[10:33:12]		1048572		21360		1027212
[10:33:15]		1048572		21360		1027212
[10:33:18]		1048572		21360		1027212
[10:33:21]		1048572		21360		1027212
[10:33:24]		1048572		21360		1027212
[10:33:27]		1048572		21360		1027212
[10:33:30]		1048572		21360		1027212
[10:33:33]		1048572		21360		1027212
[10:33:36]		1048572		21360		1027212
[10:33:39]		1048572		21360		1027212
[10:33:42]		1048572		21360		1027212
[10:33:45]		1048572		21360		1027212
[10:33:48]		1048572		21360		1027212
[10:33:51]		1048572		21360		1027212
[10:33:54]		1048572		21360		1027212
[10:33:57]		1048572		17728		1030844
[10:34:00]		1048572		17728		1030844
[10:34:03]		1048572		17728		1030844
[10:34:06]		1048572		17728		1030844
[10:34:09]		1048572		17728		1030844
[10:34:12]		1048572		17728		1030844
[10:34:15]		1048572		17728		1030844
[10:34:18]		1048572		17728		1030844
[10:34:21]		1048572		17728		1030844
[10:34:24]		1048572		17728		1030844
[10:34:27]		1048572		17728		1030844
[10:34:30]		1048572		17728		1030844
[10:34:33]		1048572		17728		1030844
[10:34:36]		1048572		17728		1030844
[10:34:39]		1048572		17728		1030844
[10:34:42]		1048572		17728		1030844
[10:34:45]		1048572		17728		1030844
[10:34:48]		1048572		17728		1030844
[10:34:51]		1048572		17728		1030844
[10:34:54]		1048572		17728		1030844
[10:34:57]		1048572		17728		1030844
[10:35:00]		1048572		17728		1030844
[10:35:03]		1048572		17728		1030844
[10:35:06]		1048572		17728		1030844
[10:35:09]		1048572		17728		1030844
[10:35:12]		1048572		17728		1030844
[10:35:15]		1048572		17728		1030844
[10:35:18]		1048572		17728		1030844
[10:35:21]		1048572		17728		1030844
[10:35:24]		1048572		17728		1030844
[10:35:27]		1048572		17728		1030844
[10:35:30]		1048572		17728		1030844
[10:35:33]		1048572		17728		1030844
[10:35:36]		1048572		17728		1030844
[10:35:39]		1048572		17728		1030844
[10:35:42]		1048572		21340		1027232
[10:35:46]		1048572		20136		1028436
[10:35:49]		1048572		20340		1028232
[10:35:52]		1048572		20292		1028280
[10:35:55]		1048572		20204		1028368
[10:35:58]		1048572		20204		1028368
[10:36:01]		1048572		20004		1028568
[10:36:04]		1048572		19964		1028608
[10:36:07]		1048572		19964		1028608
[10:36:10]		1048572		19916		1028656
[10:36:13]		1048572		19916		1028656
[10:36:16]		1048572		19916		1028656
[10:36:19]		1048572		19916		1028656
[10:36:22]		1048572		19916		1028656
[10:36:25]		1048572		19724		1028848
[10:36:28]		1048572		19724		1028848
[10:36:31]		1048572		19724		1028848
[10:36:34]		1048572		19724		1028848
[10:36:37]		1048572		19724		1028848
[10:36:40]		1048572		19724		1028848
[10:36:43]		1048572		19724		1028848
[10:36:46]		1048572		19724		1028848
[10:36:49]		1048572		19724		1028848
[10:36:52]		1048572		19724		1028848
[10:36:55]		1048572		19724		1028848
[10:36:58]		1048572		19724		1028848
[10:37:01]		1048572		19724		1028848
[10:37:04]		1048572		19724		1028848
[10:37:07]		1048572		19724		1028848
[10:37:10]		1048572		19724		1028848
[10:37:13]		1048572		19724		1028848
[10:37:16]		1048572		17756		1030816
[10:37:19]		1048572		17756		1030816
[10:37:22]		1048572		17756		1030816
[10:37:25]		1048572		17756		1030816
[10:37:28]		1048572		17756		1030816
[10:37:31]		1048572		17756		1030816
[10:37:34]		1048572		17756		1030816
[10:37:37]		1048572		17756		1030816
[10:37:40]		1048572		17756		1030816
[10:37:43]		1048572		17756		1030816
[10:37:46]		1048572		17756		1030816
[10:37:49]		1048572		17756		1030816
[10:37:52]		1048572		17756		1030816
[10:37:55]		1048572		17756		1030816
[10:37:58]		1048572		17756		1030816
[10:38:01]		1048572		17756		1030816
[10:38:04]		1048572		17756		1030816
[10:38:07]		1048572		17756		1030816
[10:38:10]		1048572		17756		1030816
[10:38:13]		1048572		17756		1030816
[10:38:16]		1048572		17756		1030816
[10:38:19]		1048572		17756		1030816
[10:38:22]		1048572		17756		1030816
[10:38:25]		1048572		17756		1030816
[10:38:28]		1048572		17756		1030816
[10:38:31]		1048572		17756		1030816
[10:38:34]		1048572		17756		1030816
[10:38:37]		1048572		17756		1030816
[10:38:40]		1048572		17756		1030816
[10:38:43]		1048572		17756		1030816
[10:38:46]		1048572		17540		1031032
[10:38:49]		1048572		17528		1031044
[10:38:52]		1048572		17528		1031044
[10:38:55]		1048572		17528		1031044
[10:38:58]		1048572		17528		1031044
[10:39:01]		1048572		17524		1031048
[10:39:04]		1048572		17512		1031060
[10:39:07]		1048572		17512		1031060
[10:39:10]		1048572		17512		1031060
[10:39:13]		1048572		17508		1031064
[10:39:16]		1048572		17508		1031064
[10:39:19]		1048572		17508		1031064
[10:39:22]		1048572		17508		1031064
[10:39:25]		1048572		17508		1031064
[10:39:28]		1048572		17508		1031064
[10:39:31]		1048572		17508		1031064
[10:39:34]		1048572		17508		1031064
[10:39:37]		1048572		17508		1031064
[10:39:40]		1048572		17508		1031064
[10:39:43]		1048572		17508		1031064
[10:39:46]		1048572		17508		1031064
[10:39:49]		1048572		17508		1031064
[10:39:52]		1048572		17508		1031064
[10:39:55]		1048572		17508		1031064
[10:39:58]		1048572		17508		1031064
[10:40:01]		1048572		17508		1031064
[10:40:04]		1048572		17508		1031064
[10:40:07]		1048572		17508		1031064
[10:40:10]		1048572		17508		1031064
[10:40:13]		1048572		17508		1031064
[10:40:16]		1048572		17508		1031064
[10:40:19]		1048572		17508		1031064
[10:40:22]		1048572		17508		1031064
[10:40:25]		1048572		17508		1031064
[10:40:28]		1048572		17508		1031064
[10:40:31]		1048572		17508		1031064
[10:40:34]		1048572		17508		1031064
[10:40:37]		1048572		17508		1031064
[10:40:40]		1048572		17508		1031064
[10:40:43]		1048572		17508		1031064
[10:40:46]		1048572		17508		1031064
[10:40:49]		1048572		17508		1031064
[10:40:52]		1048572		17508		1031064
[10:40:55]		1048572		17508		1031064
[10:40:58]		1048572		17508		1031064
[10:41:01]		1048572		17508		1031064
[10:41:04]		1048572		17508		1031064
[10:41:07]		1048572		17508		1031064
[10:41:10]		1048572		17508		1031064
[10:41:13]		1048572		17508		1031064
[10:41:16]		1048572		17508		1031064
[10:41:19]		1048572		17508		1031064
[10:41:22]		1048572		17508		1031064
[10:41:25]		1048572		17508		1031064
[10:41:28]		1048572		17508		1031064
[10:41:31]		1048572		17508		1031064
[10:41:34]		1048572		17508		1031064
[10:41:37]		1048572		17508		1031064
[10:41:40]		1048572		17508		1031064
[10:41:43]		1048572		17508		1031064
[10:41:46]		1048572		17508		1031064
[10:41:49]		1048572		17508		1031064
[10:41:52]		1048572		17508		1031064
[10:41:55]		1048572		17508		1031064
[10:41:58]		1048572		17508		1031064
[10:42:01]		1048572		17508		1031064
[10:42:04]		1048572		40264		1008308
[10:42:08]		1048572		53156		995416
[10:42:11]		1048572		59748		988824
[10:42:14]		1048572		71124		977448
[10:42:17]		1048572		78836		969736
[10:42:20]		1048572		90084		958488
[10:42:23]		1048572		87760		960812
[10:42:26]		1048572		88356		960216
[10:42:29]		1048572		87572		961000
[10:42:32]		1048572		87448		961124
[10:42:35]		1048572		87276		961296
[10:42:38]		1048572		87176		961396
[10:42:41]		1048572		101552		947020
[10:42:44]		1048572		101520		947052
[10:42:47]		1048572		110656		937916
[10:42:50]		1048572		109380		939192
[10:42:53]		1048572		120236		928336
[10:42:56]		1048572		119436		929136
[10:42:59]		1048572		117752		930820
[10:43:02]		1048572		127556		921016
[10:43:05]		1048572		125248		923324
[10:43:08]		1048572		122508		926064
[10:43:11]		1048572		119212		929360
[10:43:14]		1048572		109352		939220
[10:43:17]		1048572		79840		968732
[10:43:20]		1048572		72252		976320
[10:43:23]		1048572		76868		971704
[10:43:26]		1048572		81472		967100
[10:43:29]		1048572		78776		969796
[10:43:32]		1048572		66204		982368
[10:43:35]		1048572		63508		985064
[10:43:38]		1048572		58496		990076
[10:43:41]		1048572		53224		995348
[10:43:44]		1048572		57940		990632
[10:43:47]		1048572		61664		986908
[10:43:50]		1048572		53828		994744
[10:43:53]		1048572		52492		996080
[10:43:56]		1048572		60216		988356
[10:43:59]		1048572		60144		988428
[10:44:02]		1048572		60124		988448
[10:44:05]		1048572		60124		988448
[10:44:08]		1048572		60124		988448
[10:44:11]		1048572		60124		988448
[10:44:14]		1048572		60124		988448
[10:44:17]		1048572		60124		988448
[10:44:20]		1048572		60124		988448
[10:44:23]		1048572		60124		988448
[10:44:26]		1048572		60124		988448
[10:44:29]		1048572		60124		988448
[10:44:32]		1048572		60124		988448
[10:44:35]		1048572		60124		988448
[10:44:38]		1048572		60124		988448
[10:44:41]		1048572		60124		988448
[10:44:44]		1048572		59860		988712
[10:44:47]		1048572		17748		1030824
