record in kb
time		total		used		free
[15:10:51]		1048572		0		1048572
[15:10:54]		1048572		0		1048572
[15:10:57]		1048572		0		1048572
[15:11:00]		1048572		0		1048572
[15:11:03]		1048572		0		1048572
[15:11:06]		1048572		0		1048572
[15:11:09]		1048572		0		1048572
[15:11:12]		1048572		0		1048572
[15:11:15]		1048572		0		1048572
[15:11:18]		1048572		0		1048572
[15:11:21]		1048572		0		1048572
[15:11:24]		1048572		0		1048572
[15:11:27]		1048572		8		1048564
[15:11:30]		1048572		8		1048564
[15:11:33]		1048572		8		1048564
[15:11:36]		1048572		8		1048564
[15:11:39]		1048572		8		1048564
[15:11:42]		1048572		8		1048564
[15:11:45]		1048572		8		1048564
[15:11:48]		1048572		8		1048564
[15:11:51]		1048572		8		1048564
[15:11:54]		1048572		8		1048564
[15:11:57]		1048572		8		1048564
[15:12:00]		1048572		8		1048564
[15:12:03]		1048572		8		1048564
[15:12:06]		1048572		8		1048564
[15:12:09]		1048572		8		1048564
[15:12:12]		1048572		8		1048564
[15:12:15]		1048572		8		1048564
[15:12:18]		1048572		8		1048564
[15:12:21]		1048572		8		1048564
[15:12:24]		1048572		8		1048564
[15:12:27]		1048572		8		1048564
[15:12:30]		1048572		8		1048564
[15:12:33]		1048572		8		1048564
[15:12:36]		1048572		8		1048564
[15:12:39]		1048572		8		1048564
[15:12:42]		1048572		8		1048564
[15:12:45]		1048572		8		1048564
[15:12:48]		1048572		8		1048564
[15:12:51]		1048572		8		1048564
[15:12:54]		1048572		8		1048564
[15:12:57]		1048572		8		1048564
[15:13:00]		1048572		8		1048564
[15:13:03]		1048572		8		1048564
[15:13:06]		1048572		8		1048564
[15:13:09]		1048572		8		1048564
[15:13:12]		1048572		8		1048564
[15:13:15]		1048572		8		1048564
[15:13:18]		1048572		8		1048564
[15:13:21]		1048572		8		1048564
[15:13:24]		1048572		8		1048564
[15:13:27]		1048572		8		1048564
[15:13:30]		1048572		8		1048564
[15:13:33]		1048572		8		1048564
[15:13:36]		1048572		8		1048564
[15:13:39]		1048572		8		1048564
[15:13:42]		1048572		8		1048564
[15:13:45]		1048572		8		1048564
[15:13:48]		1048572		8		1048564
[15:13:51]		1048572		8		1048564
[15:13:54]		1048572		8		1048564
[15:13:57]		1048572		8		1048564
[15:14:00]		1048572		8		1048564
[15:14:03]		1048572		8		1048564
[15:14:06]		1048572		8		1048564
[15:14:09]		1048572		8		1048564
[15:14:12]		1048572		8		1048564
[15:14:15]		1048572		8		1048564
[15:14:18]		1048572		8		1048564
[15:14:21]		1048572		8		1048564
[15:14:24]		1048572		8		1048564
[15:14:27]		1048572		8		1048564
[15:14:30]		1048572		8		1048564
[15:14:33]		1048572		16		1048556
[15:14:36]		1048572		1448		1047124
[15:14:39]		1048572		1448		1047124
[15:14:42]		1048572		1448		1047124
[15:14:45]		1048572		1448		1047124
[15:14:48]		1048572		1448		1047124
[15:14:51]		1048572		1448		1047124
[15:14:54]		1048572		1448		1047124
[15:14:57]		1048572		1448		1047124
[15:15:00]		1048572		1448		1047124
[15:15:03]		1048572		1448		1047124
[15:15:06]		1048572		1448		1047124
[15:15:09]		1048572		1448		1047124
[15:15:12]		1048572		1448		1047124
[15:15:15]		1048572		1448		1047124
[15:15:18]		1048572		17232		1031340
[15:15:21]		1048572		17232		1031340
[15:15:24]		1048572		17232		1031340
[15:15:27]		1048572		17232		1031340
[15:15:30]		1048572		17232		1031340
[15:15:33]		1048572		17232		1031340
[15:15:36]		1048572		17232		1031340
[15:15:39]		1048572		17232		1031340
[15:15:42]		1048572		17232		1031340
[15:15:45]		1048572		17232		1031340
[15:15:48]		1048572		17232		1031340
[15:15:51]		1048572		17124		1031448
[15:15:54]		1048572		17124		1031448
[15:15:57]		1048572		17124		1031448
[15:16:00]		1048572		17124		1031448
[15:16:03]		1048572		17124		1031448
[15:16:06]		1048572		17124		1031448
[15:16:09]		1048572		29080		1019492
[15:16:12]		1048572		26900		1021672
[15:16:15]		1048572		26532		1022040
[15:16:18]		1048572		26280		1022292
[15:16:21]		1048572		22324		1026248
[15:16:24]		1048572		22020		1026552
[15:16:27]		1048572		22020		1026552
[15:16:30]		1048572		22020		1026552
[15:16:33]		1048572		21844		1026728
[15:16:36]		1048572		94724		953848
[15:16:39]		1048572		94520		954052
[15:16:42]		1048572		93960		954612
[15:16:45]		1048572		66320		982252
[15:16:48]		1048572		65880		982692
[15:16:51]		1048572		65820		982752
[15:16:54]		1048572		22444		1026128
[15:16:57]		1048572		21412		1027160
[15:17:00]		1048572		21412		1027160
[15:17:03]		1048572		17764		1030808
[15:17:06]		1048572		17708		1030864
[15:17:09]		1048572		17708		1030864
[15:17:12]		1048572		17708		1030864
[15:17:15]		1048572		17708		1030864
[15:17:18]		1048572		17708		1030864
[15:17:21]		1048572		17708		1030864
[15:17:24]		1048572		17708		1030864
[15:17:27]		1048572		17708		1030864
[15:17:30]		1048572		17708		1030864
[15:17:33]		1048572		17708		1030864
[15:17:36]		1048572		17708		1030864
[15:17:39]		1048572		101604		946968
[15:17:43]		1048572		144516		904056
[15:17:46]		1048572		137960		910612
[15:17:49]		1048572		130184		918388
[15:17:52]		1048572		120060		928512
[15:17:55]		1048572		97516		951056
[15:17:58]		1048572		80236		968336
[15:18:01]		1048572		78912		969660
[15:18:04]		1048572		22544		1026028
[15:18:07]		1048572		21472		1027100
[15:18:10]		1048572		17924		1030648
[15:18:13]		1048572		17924		1030648
[15:18:16]		1048572		17924		1030648
[15:18:19]		1048572		17924		1030648
[15:18:22]		1048572		17924		1030648
[15:18:25]		1048572		17924		1030648
[15:18:28]		1048572		17924		1030648
[15:18:31]		1048572		17924		1030648
[15:18:34]		1048572		17924		1030648
[15:18:37]		1048572		17924		1030648
[15:18:40]		1048572		17924		1030648
[15:18:43]		1048572		17924		1030648
[15:18:46]		1048572		64084		984488
[15:18:49]		1048572		54964		993608
[15:18:52]		1048572		45076		1003496
[15:18:55]		1048572		45168		1003404
[15:18:58]		1048572		42748		1005824
[15:19:01]		1048572		37780		1010792
[15:19:04]		1048572		37088		1011484
[15:19:07]		1048572		18016		1030556
[15:19:10]		1048572		18016		1030556
[15:19:13]		1048572		18016		1030556
[15:19:16]		1048572		18016		1030556
[15:19:19]		1048572		18016		1030556
[15:19:22]		1048572		18016		1030556
[15:19:25]		1048572		18016		1030556
[15:19:28]		1048572		18016		1030556
[15:19:31]		1048572		18016		1030556
[15:19:34]		1048572		18016		1030556
[15:19:37]		1048572		18016		1030556
[15:19:40]		1048572		56284		992288
[15:19:43]		1048572		45896		1002676
[15:19:46]		1048572		40732		1007840
[15:19:49]		1048572		49376		999196
[15:19:52]		1048572		38796		1009776
[15:19:55]		1048572		36168		1012404
[15:19:58]		1048572		18084		1030488
[15:20:01]		1048572		18064		1030508
[15:20:04]		1048572		18064		1030508
[15:20:07]		1048572		18064		1030508
[15:20:10]		1048572		18064		1030508
[15:20:13]		1048572		18064		1030508
[15:20:16]		1048572		18064		1030508
[15:20:19]		1048572		18064		1030508
[15:20:22]		1048572		18064		1030508
[15:20:25]		1048572		18064		1030508
[15:20:28]		1048572		18064		1030508
[15:20:31]		1048572		18064		1030508
[15:20:34]		1048572		128368		920204
[15:20:37]		1048572		170544		878028
[15:20:40]		1048572		163592		884980
[15:20:43]		1048572		159604		888968
[15:20:46]		1048572		157668		890904
[15:20:49]		1048572		151856		896716
[15:20:52]		1048572		133500		915072
[15:20:55]		1048572		108496		940076
[15:20:58]		1048572		97512		951060
[15:21:01]		1048572		96712		951860
[15:21:04]		1048572		96488		952084
[15:21:07]		1048572		17880		1030692
[15:21:10]		1048572		17880		1030692
[15:21:13]		1048572		17880		1030692
[15:21:16]		1048572		17880		1030692
[15:21:19]		1048572		17880		1030692
[15:21:22]		1048572		17880		1030692
[15:21:25]		1048572		17880		1030692
[15:21:28]		1048572		17880		1030692
[15:21:31]		1048572		17880		1030692
[15:21:34]		1048572		17880		1030692
[15:21:37]		1048572		17880		1030692
[15:21:40]		1048572		17920		1030652
[15:21:43]		1048572		17880		1030692
[15:21:46]		1048572		17880		1030692
[15:21:49]		1048572		17880		1030692
[15:21:52]		1048572		17880		1030692
[15:21:55]		1048572		17880		1030692
[15:21:58]		1048572		17880		1030692
[15:22:01]		1048572		17880		1030692
[15:22:04]		1048572		17872		1030700
[15:22:07]		1048572		34768		1013804
[15:22:10]		1048572		35328		1013244
[15:22:13]		1048572		31852		1016720
[15:22:16]		1048572		28032		1020540
[15:22:19]		1048572		22056		1026516
[15:22:22]		1048572		21964		1026608
[15:22:25]		1048572		21664		1026908
[15:22:28]		1048572		43452		1005120
[15:22:31]		1048572		64180		984392
[15:22:34]		1048572		105928		942644
[15:22:37]		1048572		116168		932404
[15:22:40]		1048572		105844		942728
[15:22:43]		1048572		91828		956744
[15:22:46]		1048572		90256		958316
[15:22:49]		1048572		86440		962132
[15:22:52]		1048572		33880		1014692
[15:22:55]		1048572		22696		1025876
[15:22:58]		1048572		21936		1026636
[15:23:01]		1048572		17884		1030688
[15:23:04]		1048572		17884		1030688
[15:23:07]		1048572		17884		1030688
[15:23:10]		1048572		17884		1030688
[15:23:13]		1048572		17884		1030688
[15:23:16]		1048572		17884		1030688
[15:23:19]		1048572		17884		1030688
[15:23:22]		1048572		17884		1030688
[15:23:25]		1048572		17884		1030688
[15:23:28]		1048572		17884		1030688
[15:23:31]		1048572		17884		1030688
[15:23:34]		1048572		17884		1030688
[15:23:37]		1048572		33972		1014600
[15:23:41]		1048572		52596		995976
[15:23:44]		1048572		45800		1002772
[15:23:47]		1048572		43300		1005272
[15:23:50]		1048572		40140		1008432
[15:23:53]		1048572		33208		1015364
[15:23:56]		1048572		31456		1017116
[15:23:59]		1048572		18076		1030496
[15:24:02]		1048572		18076		1030496
[15:24:05]		1048572		18076		1030496
[15:24:08]		1048572		18076		1030496
[15:24:11]		1048572		18076		1030496
[15:24:14]		1048572		18076		1030496
[15:24:17]		1048572		18076		1030496
[15:24:20]		1048572		18076		1030496
[15:24:23]		1048572		18076		1030496
[15:24:26]		1048572		18076		1030496
[15:24:29]		1048572		18076		1030496
[15:24:32]		1048572		18076		1030496
[15:24:35]		1048572		47488		1001084
[15:24:38]		1048572		40236		1008336
[15:24:41]		1048572		38140		1010432
[15:24:44]		1048572		30120		1018452
[15:24:47]		1048572		28916		1019656
[15:24:50]		1048572		18160		1030412
[15:24:53]		1048572		18160		1030412
[15:24:56]		1048572		18116		1030456
[15:24:59]		1048572		18116		1030456
[15:25:02]		1048572		18076		1030496
[15:25:05]		1048572		18068		1030504
[15:25:08]		1048572		18068		1030504
[15:25:11]		1048572		18068		1030504
[15:25:14]		1048572		18068		1030504
[15:25:17]		1048572		18068		1030504
[15:25:20]		1048572		22592		1025980
[15:25:23]		1048572		55108		993464
[15:25:26]		1048572		51812		996760
[15:25:29]		1048572		46476		1002096
[15:25:32]		1048572		41740		1006832
[15:25:35]		1048572		32440		1016132
[15:25:38]		1048572		31356		1017216
[15:25:41]		1048572		18100		1030472
[15:25:44]		1048572		18100		1030472
[15:25:47]		1048572		18100		1030472
[15:25:50]		1048572		18100		1030472
[15:25:53]		1048572		18100		1030472
[15:25:56]		1048572		18100		1030472
[15:25:59]		1048572		18100		1030472
[15:26:02]		1048572		18100		1030472
[15:26:05]		1048572		18100		1030472
[15:26:08]		1048572		18100		1030472
[15:26:11]		1048572		18100		1030472
[15:26:14]		1048572		23600		1024972
[15:26:17]		1048572		24428		1024144
[15:26:20]		1048572		22904		1025668
[15:26:23]		1048572		22036		1026536
[15:26:26]		1048572		18016		1030556
[15:26:29]		1048572		17948		1030624
[15:26:32]		1048572		17948		1030624
[15:26:35]		1048572		17948		1030624
[15:26:38]		1048572		17948		1030624
[15:26:41]		1048572		17948		1030624
[15:26:44]		1048572		17948		1030624
[15:26:47]		1048572		17948		1030624
[15:26:50]		1048572		17948		1030624
[15:26:53]		1048572		17948		1030624
[15:26:56]		1048572		17948		1030624
[15:26:59]		1048572		18088		1030484
[15:27:02]		1048572		52000		996572
[15:27:05]		1048572		42240		1006332
[15:27:08]		1048572		37280		1011292
[15:27:11]		1048572		33620		1014952
[15:27:14]		1048572		31664		1016908
[15:27:17]		1048572		30552		1018020
[15:27:20]		1048572		17908		1030664
[15:27:23]		1048572		17908		1030664
[15:27:26]		1048572		17908		1030664
[15:27:29]		1048572		17908		1030664
[15:27:32]		1048572		17908		1030664
[15:27:35]		1048572		17908		1030664
[15:27:38]		1048572		17908		1030664
[15:27:41]		1048572		17908		1030664
[15:27:44]		1048572		17908		1030664
[15:27:47]		1048572		17908		1030664
[15:27:50]		1048572		17908		1030664
[15:27:53]		1048572		50504		998068
[15:27:56]		1048572		77196		971376
[15:27:59]		1048572		72840		975732
[15:28:02]		1048572		65124		983448
[15:28:05]		1048572		84056		964516
[15:28:08]		1048572		76392		972180
[15:28:11]		1048572		72096		976476
[15:28:14]		1048572		59668		988904
[15:28:17]		1048572		58140		990432
[15:28:20]		1048572		57644		990928
[15:28:23]		1048572		17900		1030672
[15:28:26]		1048572		17896		1030676
[15:28:29]		1048572		17896		1030676
[15:28:32]		1048572		17896		1030676
[15:28:35]		1048572		17896		1030676
[15:28:38]		1048572		17896		1030676
[15:28:41]		1048572		17896		1030676
[15:28:44]		1048572		17896		1030676
[15:28:47]		1048572		17896		1030676
[15:28:50]		1048572		17896		1030676
[15:28:53]		1048572		17896		1030676
[15:28:56]		1048572		38844		1009728
[15:28:59]		1048572		84580		963992
[15:29:02]		1048572		71724		976848
[15:29:05]		1048572		69732		978840
[15:29:08]		1048572		66516		982056
[15:29:11]		1048572		54924		993648
[15:29:14]		1048572		51988		996584
[15:29:17]		1048572		51560		997012
[15:29:20]		1048572		18092		1030480
[15:29:23]		1048572		18092		1030480
[15:29:26]		1048572		18092		1030480
[15:29:29]		1048572		18092		1030480
[15:29:32]		1048572		18092		1030480
[15:29:35]		1048572		18092		1030480
[15:29:38]		1048572		18092		1030480
[15:29:41]		1048572		18092		1030480
[15:29:44]		1048572		18092		1030480
[15:29:47]		1048572		18092		1030480
[15:29:50]		1048572		18092		1030480
[15:29:53]		1048572		18092		1030480
[15:29:56]		1048572		20768		1027804
[15:29:59]		1048572		20612		1027960
[15:30:02]		1048572		20520		1028052
[15:30:05]		1048572		20264		1028308
[15:30:08]		1048572		18128		1030444
[15:30:11]		1048572		18128		1030444
[15:30:14]		1048572		18128		1030444
[15:30:17]		1048572		18128		1030444
[15:30:20]		1048572		18128		1030444
[15:30:23]		1048572		18128		1030444
[15:30:26]		1048572		18084		1030488
[15:30:29]		1048572		18084		1030488
[15:30:32]		1048572		18084		1030488
[15:30:35]		1048572		18084		1030488
[15:30:38]		1048572		18084		1030488
[15:30:41]		1048572		65088		983484
[15:30:44]		1048572		58800		989772
[15:30:47]		1048572		54000		994572
[15:30:50]		1048572		52156		996416
[15:30:53]		1048572		38448		1010124
[15:30:56]		1048572		37928		1010644
[15:30:59]		1048572		20656		1027916
[15:31:02]		1048572		20580		1027992
[15:31:05]		1048572		18076		1030496
[15:31:08]		1048572		18076		1030496
[15:31:12]		1048572		18076		1030496
[15:31:15]		1048572		18076		1030496
[15:31:18]		1048572		18076		1030496
[15:31:21]		1048572		18076		1030496
[15:31:24]		1048572		18076		1030496
[15:31:27]		1048572		18076		1030496
[15:31:30]		1048572		18076		1030496
[15:31:33]		1048572		18076		1030496
[15:31:36]		1048572		18076		1030496
[15:31:39]		1048572		18076		1030496
[15:31:42]		1048572		18076		1030496
[15:31:45]		1048572		25324		1023248
[15:31:48]		1048572		22800		1025772
[15:31:51]		1048572		22208		1026364
[15:31:54]		1048572		19772		1028800
[15:31:57]		1048572		19644		1028928
[15:32:00]		1048572		19644		1028928
[15:32:03]		1048572		18072		1030500
[15:32:06]		1048572		18072		1030500
[15:32:09]		1048572		18072		1030500
[15:32:12]		1048572		18072		1030500
[15:32:15]		1048572		17936		1030636
[15:32:18]		1048572		17880		1030692
[15:32:21]		1048572		17880		1030692
[15:32:24]		1048572		17880		1030692
[15:32:27]		1048572		17880		1030692
[15:32:30]		1048572		17880		1030692
[15:32:33]		1048572		17880		1030692
[15:32:36]		1048572		17880		1030692
[15:32:39]		1048572		17880		1030692
[15:32:42]		1048572		17880		1030692
[15:32:45]		1048572		17880		1030692
[15:32:48]		1048572		17880		1030692
[15:32:51]		1048572		17880		1030692
[15:32:54]		1048572		17880		1030692
[15:32:57]		1048572		17880		1030692
[15:33:00]		1048572		17880		1030692
[15:33:03]		1048572		17880		1030692
[15:33:06]		1048572		17880		1030692
[15:33:09]		1048572		17880		1030692
[15:33:12]		1048572		17880		1030692
[15:33:15]		1048572		17880		1030692
[15:33:18]		1048572		17880		1030692
[15:33:21]		1048572		17880		1030692
[15:33:24]		1048572		17880		1030692
[15:33:27]		1048572		64240		984332
[15:33:30]		1048572		79280		969292
[15:33:33]		1048572		73888		974684
[15:33:36]		1048572		65016		983556
[15:33:39]		1048572		60592		987980
[15:33:42]		1048572		50052		998520
[15:33:45]		1048572		49308		999264
[15:33:48]		1048572		20636		1027936
[15:33:51]		1048572		20636		1027936
[15:33:54]		1048572		17892		1030680
[15:33:57]		1048572		17892		1030680
[15:34:00]		1048572		17892		1030680
[15:34:03]		1048572		17892		1030680
[15:34:06]		1048572		17884		1030688
[15:34:09]		1048572		17884		1030688
[15:34:12]		1048572		17884		1030688
[15:34:15]		1048572		17884		1030688
[15:34:18]		1048572		17884		1030688
[15:34:21]		1048572		17884		1030688
[15:34:24]		1048572		17884		1030688
[15:34:27]		1048572		17884		1030688
[15:34:30]		1048572		17884		1030688
[15:34:33]		1048572		17884		1030688
[15:34:36]		1048572		17884		1030688
[15:34:39]		1048572		17884		1030688
[15:34:42]		1048572		17884		1030688
[15:34:45]		1048572		17884		1030688
[15:34:48]		1048572		17884		1030688
[15:34:51]		1048572		17884		1030688
[15:34:54]		1048572		17884		1030688
[15:34:57]		1048572		17884		1030688
[15:35:00]		1048572		17884		1030688
[15:35:03]		1048572		17884		1030688
[15:35:06]		1048572		17884		1030688
[15:35:09]		1048572		17884		1030688
[15:35:12]		1048572		17884		1030688
[15:35:15]		1048572		17884		1030688
[15:35:18]		1048572		17884		1030688
[15:35:21]		1048572		17884		1030688
[15:35:24]		1048572		17884		1030688
[15:35:27]		1048572		17884		1030688
[15:35:30]		1048572		17884		1030688
[15:35:33]		1048572		17884		1030688
[15:35:36]		1048572		17880		1030692
[15:35:39]		1048572		17640		1030932
[15:35:42]		1048572		17640		1030932
[15:35:45]		1048572		17640		1030932
[15:35:48]		1048572		17640		1030932
[15:35:51]		1048572		17640		1030932
[15:35:54]		1048572		17640		1030932
[15:35:57]		1048572		21760		1026812
[15:36:00]		1048572		20856		1027716
[15:36:03]		1048572		20568		1028004
[15:36:06]		1048572		20564		1028008
[15:36:09]		1048572		20556		1028016
[15:36:12]		1048572		20556		1028016
[15:36:15]		1048572		20556		1028016
[15:36:18]		1048572		20528		1028044
[15:36:21]		1048572		20528		1028044
[15:36:24]		1048572		20528		1028044
[15:36:27]		1048572		20528		1028044
[15:36:30]		1048572		20372		1028200
[15:36:33]		1048572		39520		1009052
[15:36:36]		1048572		103828		944744
[15:36:39]		1048572		101356		947216
[15:36:42]		1048572		95128		953444
[15:36:45]		1048572		83272		965300
[15:36:48]		1048572		63572		985000
[15:36:51]		1048572		22088		1026484
[15:36:54]		1048572		22060		1026512
[15:36:57]		1048572		21936		1026636
[15:37:00]		1048572		21748		1026824
[15:37:03]		1048572		21564		1027008
[15:37:06]		1048572		21192		1027380
[15:37:09]		1048572		21192		1027380
[15:37:12]		1048572		18092		1030480
[15:37:15]		1048572		18092		1030480
[15:37:18]		1048572		18092		1030480
[15:37:21]		1048572		18092		1030480
[15:37:24]		1048572		18092		1030480
[15:37:27]		1048572		18092		1030480
[15:37:30]		1048572		18092		1030480
[15:37:33]		1048572		18092		1030480
[15:37:36]		1048572		18092		1030480
[15:37:39]		1048572		18092		1030480
[15:37:42]		1048572		18092		1030480
[15:37:45]		1048572		18092		1030480
[15:37:48]		1048572		18092		1030480
[15:37:51]		1048572		18092		1030480
[15:37:54]		1048572		18092		1030480
[15:37:57]		1048572		18092		1030480
[15:38:00]		1048572		17964		1030608
[15:38:03]		1048572		17900		1030672
[15:38:06]		1048572		17900		1030672
[15:38:09]		1048572		17900		1030672
[15:38:12]		1048572		17900		1030672
[15:38:15]		1048572		17900		1030672
[15:38:18]		1048572		17900		1030672
[15:38:21]		1048572		17900		1030672
[15:38:24]		1048572		17900		1030672
[15:38:27]		1048572		17900		1030672
[15:38:30]		1048572		17900		1030672
[15:38:33]		1048572		50692		997880
[15:38:36]		1048572		44716		1003856
[15:38:39]		1048572		37540		1011032
[15:38:42]		1048572		32396		1016176
[15:38:45]		1048572		31352		1017220
[15:38:48]		1048572		22420		1026152
[15:38:51]		1048572		21492		1027080
[15:38:54]		1048572		17912		1030660
[15:38:57]		1048572		17908		1030664
[15:39:00]		1048572		17908		1030664
[15:39:03]		1048572		17812		1030760
[15:39:06]		1048572		17812		1030760
[15:39:09]		1048572		17812		1030760
[15:39:12]		1048572		17812		1030760
[15:39:15]		1048572		17812		1030760
[15:39:18]		1048572		17812		1030760
[15:39:21]		1048572		17812		1030760
[15:39:24]		1048572		17812		1030760
[15:39:27]		1048572		17812		1030760
[15:39:30]		1048572		79332		969240
[15:39:33]		1048572		103764		944808
[15:39:36]		1048572		99388		949184
[15:39:39]		1048572		117928		930644
[15:39:42]		1048572		102764		945808
[15:39:45]		1048572		74200		974372
[15:39:48]		1048572		72736		975836
[15:39:51]		1048572		72376		976196
[15:39:54]		1048572		22652		1025920
[15:39:57]		1048572		22412		1026160
[15:40:00]		1048572		17860		1030712
[15:40:03]		1048572		17840		1030732
[15:40:06]		1048572		17832		1030740
[15:40:09]		1048572		17832		1030740
[15:40:12]		1048572		17832		1030740
[15:40:15]		1048572		17832		1030740
[15:40:18]		1048572		17832		1030740
[15:40:21]		1048572		17832		1030740
[15:40:24]		1048572		17832		1030740
[15:40:27]		1048572		17832		1030740
[15:40:31]		1048572		17832		1030740
[15:40:34]		1048572		41728		1006844
[15:40:37]		1048572		59916		988656
[15:40:40]		1048572		51772		996800
[15:40:43]		1048572		46016		1002556
[15:40:46]		1048572		34696		1013876
[15:40:49]		1048572		33760		1014812
[15:40:52]		1048572		33240		1015332
[15:40:55]		1048572		17904		1030668
[15:40:58]		1048572		17904		1030668
[15:41:01]		1048572		17904		1030668
[15:41:04]		1048572		17904		1030668
[15:41:07]		1048572		17904		1030668
[15:41:10]		1048572		17904		1030668
[15:41:13]		1048572		17904		1030668
[15:41:16]		1048572		17904		1030668
[15:41:19]		1048572		17904		1030668
[15:41:22]		1048572		17904		1030668
[15:41:25]		1048572		17904		1030668
[15:41:28]		1048572		63680		984892
[15:41:31]		1048572		58912		989660
[15:41:34]		1048572		48940		999632
[15:41:37]		1048572		45148		1003424
[15:41:40]		1048572		44488		1004084
[15:41:43]		1048572		35760		1012812
[15:41:46]		1048572		34640		1013932
[15:41:49]		1048572		18200		1030372
[15:41:52]		1048572		18200		1030372
[15:41:55]		1048572		18200		1030372
[15:41:58]		1048572		18156		1030416
[15:42:01]		1048572		18156		1030416
[15:42:04]		1048572		18116		1030456
[15:42:07]		1048572		18116		1030456
[15:42:10]		1048572		18116		1030456
[15:42:13]		1048572		18116		1030456
[15:42:16]		1048572		18116		1030456
[15:42:19]		1048572		18116		1030456
[15:42:22]		1048572		18116		1030456
[15:42:25]		1048572		34004		1014568
[15:42:28]		1048572		32772		1015800
[15:42:31]		1048572		27556		1021016
[15:42:34]		1048572		26932		1021640
[15:42:37]		1048572		18132		1030440
[15:42:40]		1048572		18120		1030452
[15:42:43]		1048572		18120		1030452
[15:42:46]		1048572		18120		1030452
[15:42:49]		1048572		18120		1030452
[15:42:52]		1048572		18120		1030452
[15:42:55]		1048572		18120		1030452
[15:42:58]		1048572		18120		1030452
[15:43:01]		1048572		18120		1030452
[15:43:04]		1048572		18120		1030452
[15:43:07]		1048572		18112		1030460
[15:43:10]		1048572		28468		1020104
[15:43:13]		1048572		27264		1021308
[15:43:16]		1048572		23784		1024788
[15:43:19]		1048572		23160		1025412
[15:43:22]		1048572		18220		1030352
[15:43:25]		1048572		18204		1030368
[15:43:28]		1048572		18160		1030412
[15:43:31]		1048572		18160		1030412
[15:43:34]		1048572		18160		1030412
[15:43:37]		1048572		18160		1030412
[15:43:40]		1048572		18160		1030412
[15:43:43]		1048572		18160		1030412
[15:43:46]		1048572		18160		1030412
[15:43:49]		1048572		18028		1030544
[15:43:52]		1048572		17968		1030604
[15:43:55]		1048572		66860		981712
[15:43:58]		1048572		63468		985104
[15:44:01]		1048572		53608		994964
[15:44:04]		1048572		48364		1000208
[15:44:07]		1048572		37476		1011096
[15:44:10]		1048572		35936		1012636
[15:44:13]		1048572		23460		1025112
[15:44:16]		1048572		23252		1025320
[15:44:19]		1048572		17944		1030628
[15:44:22]		1048572		17944		1030628
[15:44:25]		1048572		17944		1030628
[15:44:28]		1048572		17944		1030628
[15:44:31]		1048572		17944		1030628
[15:44:34]		1048572		17944		1030628
[15:44:37]		1048572		17944		1030628
[15:44:40]		1048572		17944		1030628
[15:44:43]		1048572		17944		1030628
[15:44:46]		1048572		17944		1030628
[15:44:49]		1048572		17944		1030628
[15:44:52]		1048572		38760		1009812
[15:44:55]		1048572		68500		980072
[15:44:58]		1048572		61172		987400
[15:45:01]		1048572		52364		996208
[15:45:04]		1048572		40260		1008312
[15:45:07]		1048572		39200		1009372
[15:45:10]		1048572		18144		1030428
[15:45:13]		1048572		18144		1030428
[15:45:16]		1048572		18144		1030428
[15:45:19]		1048572		17952		1030620
[15:45:22]		1048572		17952		1030620
[15:45:25]		1048572		17952		1030620
[15:45:28]		1048572		17952		1030620
[15:45:31]		1048572		17952		1030620
[15:45:34]		1048572		17952		1030620
[15:45:37]		1048572		17952		1030620
[15:45:40]		1048572		17952		1030620
[15:45:43]		1048572		17952		1030620
[15:45:46]		1048572		83672		964900
[15:45:49]		1048572		78444		970128
[15:45:52]		1048572		80540		968032
[15:45:55]		1048572		90484		958088
[15:45:58]		1048572		92360		956212
[15:46:01]		1048572		79892		968680
[15:46:04]		1048572		77872		970700
[15:46:07]		1048572		62864		985708
[15:46:10]		1048572		61836		986736
[15:46:13]		1048572		17932		1030640
[15:46:16]		1048572		17932		1030640
[15:46:19]		1048572		17932		1030640
[15:46:22]		1048572		17932		1030640
[15:46:25]		1048572		17932		1030640
[15:46:28]		1048572		17932		1030640
[15:46:31]		1048572		17932		1030640
[15:46:34]		1048572		17932		1030640
[15:46:37]		1048572		17932		1030640
[15:46:40]		1048572		17932		1030640
[15:46:43]		1048572		17932		1030640
[15:46:46]		1048572		17932		1030640
[15:46:49]		1048572		45284		1003288
[15:46:53]		1048572		39148		1009424
[15:46:56]		1048572		36088		1012484
[15:46:59]		1048572		29212		1019360
[15:47:02]		1048572		28040		1020532
[15:47:05]		1048572		18128		1030444
[15:47:08]		1048572		18128		1030444
[15:47:11]		1048572		18128		1030444
[15:47:14]		1048572		18128		1030444
[15:47:17]		1048572		18128		1030444
[15:47:20]		1048572		18128		1030444
[15:47:23]		1048572		18128		1030444
[15:47:26]		1048572		18128		1030444
[15:47:29]		1048572		18128		1030444
[15:47:32]		1048572		18128		1030444
[15:47:35]		1048572		18128		1030444
[15:47:38]		1048572		18128		1030444
[15:47:41]		1048572		30560		1018012
[15:47:44]		1048572		28932		1019640
[15:47:47]		1048572		25432		1023140
[15:47:50]		1048572		24556		1024016
[15:47:53]		1048572		18176		1030396
[15:47:56]		1048572		18176		1030396
[15:47:59]		1048572		18176		1030396
[15:48:02]		1048572		18136		1030436
[15:48:05]		1048572		18136		1030436
[15:48:08]		1048572		18136		1030436
[15:48:11]		1048572		18136		1030436
[15:48:14]		1048572		18136		1030436
[15:48:17]		1048572		18136		1030436
[15:48:20]		1048572		18136		1030436
[15:48:23]		1048572		18136		1030436
[15:48:26]		1048572		18136		1030436
[15:48:29]		1048572		25224		1023348
[15:48:32]		1048572		23728		1024844
[15:48:35]		1048572		22680		1025892
[15:48:38]		1048572		22000		1026572
[15:48:41]		1048572		18144		1030428
[15:48:44]		1048572		18144		1030428
[15:48:47]		1048572		18144		1030428
[15:48:50]		1048572		18144		1030428
[15:48:53]		1048572		18144		1030428
[15:48:56]		1048572		18144		1030428
[15:48:59]		1048572		18144		1030428
[15:49:02]		1048572		18144		1030428
[15:49:05]		1048572		18144		1030428
[15:49:08]		1048572		18136		1030436
[15:49:11]		1048572		25476		1023096
[15:49:14]		1048572		64752		983820
[15:49:17]		1048572		57364		991208
[15:49:20]		1048572		54936		993636
[15:49:23]		1048572		49556		999016
[15:49:26]		1048572		41472		1007100
[15:49:29]		1048572		39660		1008912
[15:49:32]		1048572		22744		1025828
[15:49:35]		1048572		18064		1030508
[15:49:38]		1048572		17988		1030584
[15:49:41]		1048572		17988		1030584
[15:49:44]		1048572		17988		1030584
[15:49:47]		1048572		17988		1030584
[15:49:50]		1048572		17988		1030584
[15:49:53]		1048572		17988		1030584
[15:49:56]		1048572		17988		1030584
[15:49:59]		1048572		17988		1030584
[15:50:02]		1048572		17948		1030624
[15:50:05]		1048572		17948		1030624
[15:50:08]		1048572		17944		1030628
[15:50:11]		1048572		41968		1006604
[15:50:14]		1048572		35900		1012672
[15:50:17]		1048572		29344		1019228
[15:50:20]		1048572		27280		1021292
[15:50:23]		1048572		22464		1026108
[15:50:26]		1048572		21560		1027012
[15:50:29]		1048572		17956		1030616
[15:50:32]		1048572		17956		1030616
[15:50:35]		1048572		17956		1030616
[15:50:38]		1048572		17956		1030616
[15:50:41]		1048572		17956		1030616
[15:50:44]		1048572		17956		1030616
[15:50:47]		1048572		17956		1030616
[15:50:50]		1048572		17956		1030616
[15:50:53]		1048572		17956		1030616
[15:50:56]		1048572		17956		1030616
[15:50:59]		1048572		17956		1030616
[15:51:02]		1048572		17956		1030616
[15:51:05]		1048572		37312		1011260
[15:51:08]		1048572		43340		1005232
[15:51:11]		1048572		36232		1012340
[15:51:14]		1048572		31900		1016672
[15:51:17]		1048572		26504		1022068
[15:51:20]		1048572		25148		1023424
[15:51:23]		1048572		18040		1030532
[15:51:26]		1048572		17996		1030576
[15:51:29]		1048572		17996		1030576
[15:51:32]		1048572		17996		1030576
[15:51:35]		1048572		17996		1030576
[15:51:38]		1048572		17996		1030576
[15:51:41]		1048572		17996		1030576
[15:51:44]		1048572		17996		1030576
[15:51:47]		1048572		17996		1030576
[15:51:50]		1048572		17996		1030576
[15:51:53]		1048572		17996		1030576
[15:51:57]		1048572		28552		1020020
[15:52:00]		1048572		45604		1002968
[15:52:03]		1048572		43268		1005304
[15:52:06]		1048572		38124		1010448
[15:52:09]		1048572		34216		1014356
[15:52:12]		1048572		29128		1019444
[15:52:15]		1048572		28280		1020292
[15:52:18]		1048572		27324		1021248
[15:52:21]		1048572		22424		1026148
[15:52:24]		1048572		17964		1030608
[15:52:27]		1048572		17960		1030612
[15:52:30]		1048572		17960		1030612
[15:52:33]		1048572		17960		1030612
[15:52:36]		1048572		17960		1030612
[15:52:39]		1048572		17960		1030612
[15:52:42]		1048572		17960		1030612
[15:52:45]		1048572		17960		1030612
[15:52:48]		1048572		17960		1030612
[15:52:51]		1048572		17960		1030612
[15:52:54]		1048572		17960		1030612
[15:52:57]		1048572		17960		1030612
[15:53:00]		1048572		50096		998476
[15:53:03]		1048572		42472		1006100
[15:53:06]		1048572		34352		1014220
[15:53:09]		1048572		29540		1019032
[15:53:12]		1048572		28300		1020272
[15:53:15]		1048572		27896		1020676
[15:53:18]		1048572		18204		1030368
[15:53:21]		1048572		18204		1030368
[15:53:24]		1048572		18204		1030368
[15:53:27]		1048572		18160		1030412
[15:53:30]		1048572		18160		1030412
[15:53:33]		1048572		18160		1030412
[15:53:36]		1048572		18160		1030412
[15:53:39]		1048572		18160		1030412
[15:53:42]		1048572		18160		1030412
[15:53:45]		1048572		18160		1030412
[15:53:48]		1048572		18160		1030412
[15:53:51]		1048572		68580		979992
[15:53:54]		1048572		99208		949364
[15:53:57]		1048572		85156		963416
[15:54:00]		1048572		77988		970584
[15:54:03]		1048572		71196		977376
[15:54:06]		1048572		69100		979472
[15:54:09]		1048572		53092		995480
[15:54:12]		1048572		52180		996392
[15:54:15]		1048572		23056		1025516
[15:54:18]		1048572		22736		1025836
[15:54:21]		1048572		18180		1030392
[15:54:24]		1048572		18180		1030392
[15:54:27]		1048572		18180		1030392
[15:54:30]		1048572		18180		1030392
[15:54:33]		1048572		18180		1030392
[15:54:36]		1048572		18180		1030392
[15:54:39]		1048572		18180		1030392
[15:54:42]		1048572		18180		1030392
[15:54:45]		1048572		18180		1030392
[15:54:48]		1048572		18180		1030392
[15:54:51]		1048572		18180		1030392
[15:54:54]		1048572		54948		993624
[15:54:57]		1048572		53200		995372
[15:55:00]		1048572		46204		1002368
[15:55:03]		1048572		35496		1013076
[15:55:06]		1048572		32008		1016564
[15:55:09]		1048572		18156		1030416
[15:55:12]		1048572		18156		1030416
[15:55:15]		1048572		18156		1030416
[15:55:18]		1048572		18156		1030416
[15:55:21]		1048572		18032		1030540
[15:55:24]		1048572		17964		1030608
[15:55:27]		1048572		17964		1030608
[15:55:30]		1048572		17964		1030608
[15:55:33]		1048572		17964		1030608
[15:55:36]		1048572		17964		1030608
[15:55:39]		1048572		17964		1030608
[15:55:42]		1048572		17964		1030608
[15:55:45]		1048572		84716		963856
[15:55:49]		1048572		80836		967736
[15:55:52]		1048572		68000		980572
[15:55:55]		1048572		73256		975316
[15:55:58]		1048572		71720		976852
[15:56:01]		1048572		67876		980696
[15:56:04]		1048572		60496		988076
[15:56:07]		1048572		52688		995884
[15:56:10]		1048572		51788		996784
[15:56:13]		1048572		17964		1030608
[15:56:16]		1048572		17964		1030608
[15:56:19]		1048572		17964		1030608
[15:56:22]		1048572		17964		1030608
[15:56:25]		1048572		17964		1030608
[15:56:28]		1048572		17964		1030608
[15:56:31]		1048572		17952		1030620
[15:56:34]		1048572		17952		1030620
[15:56:37]		1048572		17952		1030620
[15:56:40]		1048572		17952		1030620
[15:56:43]		1048572		17952		1030620
[15:56:46]		1048572		22628		1025944
[15:56:49]		1048572		49508		999064
[15:56:52]		1048572		35572		1013000
[15:56:55]		1048572		34848		1013724
[15:56:58]		1048572		34420		1014152
[15:57:01]		1048572		29992		1018580
[15:57:04]		1048572		28572		1020000
[15:57:07]		1048572		17960		1030612
[15:57:10]		1048572		17956		1030616
[15:57:13]		1048572		17956		1030616
[15:57:16]		1048572		17956		1030616
[15:57:19]		1048572		17956		1030616
[15:57:22]		1048572		17956		1030616
[15:57:25]		1048572		17956		1030616
[15:57:28]		1048572		17956		1030616
[15:57:31]		1048572		17956		1030616
[15:57:34]		1048572		17956		1030616
[15:57:37]		1048572		17956		1030616
[15:57:40]		1048572		37172		1011400
[15:57:43]		1048572		62076		986496
[15:57:46]		1048572		58576		989996
[15:57:49]		1048572		50296		998276
[15:57:52]		1048572		47880		1000692
[15:57:55]		1048572		46496		1002076
[15:57:58]		1048572		38084		1010488
[15:58:01]		1048572		34364		1014208
[15:58:04]		1048572		33948		1014624
[15:58:07]		1048572		17976		1030596
[15:58:10]		1048572		17976		1030596
[15:58:13]		1048572		17976		1030596
[15:58:16]		1048572		17976		1030596
[15:58:19]		1048572		17976		1030596
[15:58:22]		1048572		26616		1021956
[15:58:25]		1048572		21340		1027232
[15:58:28]		1048572		20792		1027780
[15:58:31]		1048572		20788		1027784
[15:58:34]		1048572		20780		1027792
[15:58:37]		1048572		20608		1027964
[15:58:40]		1048572		20572		1028000
[15:58:43]		1048572		57084		991488
[15:58:46]		1048572		77696		970876
[15:58:49]		1048572		75844		972728
[15:58:52]		1048572		58892		989680
[15:58:55]		1048572		51252		997320
[15:58:58]		1048572		51200		997372
[15:59:01]		1048572		51200		997372
[15:59:04]		1048572		17928		1030644
[15:59:07]		1048572		17928		1030644
[15:59:10]		1048572		17928		1030644
[15:59:13]		1048572		17928		1030644
[15:59:16]		1048572		17928		1030644
[15:59:19]		1048572		17928		1030644
[15:59:22]		1048572		17928		1030644
[15:59:25]		1048572		17928		1030644
[15:59:28]		1048572		17928		1030644
[15:59:31]		1048572		17928		1030644
[15:59:34]		1048572		17928		1030644
[15:59:37]		1048572		36388		1012184
[15:59:40]		1048572		46996		1001576
[15:59:43]		1048572		38092		1010480
[15:59:46]		1048572		34644		1013928
[15:59:49]		1048572		31216		1017356
[15:59:52]		1048572		28908		1019664
[15:59:55]		1048572		27672		1020900
[15:59:58]		1048572		18164		1030408
[16:00:01]		1048572		18164		1030408
[16:00:04]		1048572		18164		1030408
[16:00:07]		1048572		18164		1030408
[16:00:10]		1048572		18164		1030408
[16:00:13]		1048572		18164		1030408
[16:00:16]		1048572		18164		1030408
[16:00:19]		1048572		18164		1030408
[16:00:22]		1048572		18164		1030408
[16:00:25]		1048572		18164		1030408
[16:00:28]		1048572		18164		1030408
[16:00:31]		1048572		40784		1007788
[16:00:34]		1048572		38300		1010272
[16:00:37]		1048572		57424		991148
[16:00:40]		1048572		56300		992272
[16:00:43]		1048572		54556		994016
[16:00:46]		1048572		53620		994952
[16:00:49]		1048572		45800		1002772
[16:00:52]		1048572		37976		1010596
[16:00:55]		1048572		37480		1011092
[16:00:58]		1048572		18240		1030332
[16:01:01]		1048572		18200		1030372
[16:01:04]		1048572		18200		1030372
[16:01:07]		1048572		18192		1030380
[16:01:10]		1048572		18000		1030572
[16:01:13]		1048572		18000		1030572
[16:01:16]		1048572		18000		1030572
[16:01:19]		1048572		18000		1030572
[16:01:22]		1048572		18000		1030572
[16:01:25]		1048572		18000		1030572
[16:01:28]		1048572		18000		1030572
[16:01:31]		1048572		29104		1019468
[16:01:34]		1048572		77424		971148
[16:01:37]		1048572		66772		981800
[16:01:40]		1048572		59976		988596
[16:01:43]		1048572		55848		992724
[16:01:46]		1048572		42776		1005796
[16:01:49]		1048572		18048		1030524
[16:01:52]		1048572		18048		1030524
[16:01:55]		1048572		18048		1030524
[16:01:58]		1048572		18004		1030568
[16:02:01]		1048572		18004		1030568
[16:02:04]		1048572		18004		1030568
[16:02:07]		1048572		18004		1030568
[16:02:10]		1048572		18004		1030568
[16:02:13]		1048572		18004		1030568
[16:02:16]		1048572		18004		1030568
[16:02:19]		1048572		18004		1030568
[16:02:22]		1048572		18004		1030568
[16:02:25]		1048572		48624		999948
[16:02:28]		1048572		53120		995452
[16:02:31]		1048572		45652		1002920
[16:02:34]		1048572		40884		1007688
[16:02:37]		1048572		39192		1009380
[16:02:40]		1048572		31804		1016768
[16:02:43]		1048572		30832		1017740
[16:02:46]		1048572		18032		1030540
[16:02:49]		1048572		18028		1030544
[16:02:52]		1048572		18028		1030544
[16:02:55]		1048572		18028		1030544
[16:02:58]		1048572		18028		1030544
[16:03:01]		1048572		17988		1030584
[16:03:04]		1048572		17988		1030584
[16:03:07]		1048572		17988		1030584
[16:03:10]		1048572		17988		1030584
[16:03:14]		1048572		31252		1017320
[16:03:17]		1048572		28156		1020416
[16:03:20]		1048572		22752		1025820
[16:03:23]		1048572		51452		997120
[16:03:26]		1048572		94592		953980
[16:03:29]		1048572		93304		955268
[16:03:32]		1048572		105424		943148
[16:03:35]		1048572		104512		944060
[16:03:38]		1048572		102780		945792
[16:03:41]		1048572		82088		966484
[16:03:44]		1048572		70168		978404
[16:03:47]		1048572		69968		978604
[16:03:50]		1048572		69756		978816
[16:03:53]		1048572		18008		1030564
[16:03:56]		1048572		18008		1030564
[16:03:59]		1048572		18008		1030564
[16:04:02]		1048572		18008		1030564
[16:04:05]		1048572		18008		1030564
[16:04:08]		1048572		18000		1030572
[16:04:11]		1048572		18000		1030572
[16:04:14]		1048572		18000		1030572
[16:04:17]		1048572		18000		1030572
[16:04:20]		1048572		18000		1030572
[16:04:23]		1048572		18000		1030572
[16:04:26]		1048572		45976		1002596
[16:04:29]		1048572		43108		1005464
[16:04:32]		1048572		38864		1009708
[16:04:35]		1048572		31020		1017552
[16:04:38]		1048572		29212		1019360
[16:04:41]		1048572		18264		1030308
[16:04:44]		1048572		18192		1030380
[16:04:47]		1048572		18192		1030380
[16:04:50]		1048572		18192		1030380
[16:04:53]		1048572		18192		1030380
[16:04:56]		1048572		18192		1030380
[16:04:59]		1048572		18192		1030380
[16:05:02]		1048572		18192		1030380
[16:05:05]		1048572		18192		1030380
[16:05:08]		1048572		18192		1030380
[16:05:11]		1048572		18192		1030380
[16:05:14]		1048572		18192		1030380
[16:05:17]		1048572		36376		1012196
[16:05:20]		1048572		32228		1016344
[16:05:23]		1048572		27108		1021464
[16:05:26]		1048572		26092		1022480
[16:05:29]		1048572		18244		1030328
[16:05:32]		1048572		18244		1030328
[16:05:35]		1048572		18244		1030328
[16:05:38]		1048572		18244		1030328
[16:05:41]		1048572		18244		1030328
[16:05:44]		1048572		18244		1030328
[16:05:47]		1048572		18244		1030328
[16:05:50]		1048572		18244		1030328
[16:05:53]		1048572		18244		1030328
[16:05:56]		1048572		18244		1030328
[16:05:59]		1048572		18244		1030328
[16:06:02]		1048572		32356		1016216
[16:06:06]		1048572		73068		975504
[16:06:09]		1048572		66384		982188
[16:06:12]		1048572		57976		990596
[16:06:15]		1048572		57044		991528
[16:06:18]		1048572		52904		995668
[16:06:21]		1048572		42720		1005852
[16:06:24]		1048572		41624		1006948
[16:06:27]		1048572		23240		1025332
[16:06:30]		1048572		22984		1025588
[16:06:33]		1048572		18200		1030372
[16:06:36]		1048572		18200		1030372
[16:06:39]		1048572		18200		1030372
[16:06:42]		1048572		18200		1030372
[16:06:45]		1048572		18200		1030372
[16:06:48]		1048572		18200		1030372
[16:06:51]		1048572		18200		1030372
[16:06:54]		1048572		18200		1030372
[16:06:57]		1048572		18064		1030508
[16:07:00]		1048572		18008		1030564
[16:07:03]		1048572		18008		1030564
[16:07:06]		1048572		21392		1027180
[16:07:09]		1048572		51128		997444
[16:07:12]		1048572		42724		1005848
[16:07:15]		1048572		37332		1011240
[16:07:18]		1048572		30600		1017972
[16:07:21]		1048572		29976		1018596
[16:07:24]		1048572		18012		1030560
[16:07:27]		1048572		18012		1030560
[16:07:30]		1048572		18012		1030560
[16:07:33]		1048572		18012		1030560
[16:07:36]		1048572		18012		1030560
[16:07:39]		1048572		18012		1030560
[16:07:42]		1048572		18012		1030560
[16:07:45]		1048572		18012		1030560
[16:07:48]		1048572		18012		1030560
[16:07:51]		1048572		18012		1030560
[16:07:54]		1048572		18012		1030560
[16:07:57]		1048572		28596		1019976
[16:08:00]		1048572		75260		973312
[16:08:03]		1048572		67452		981120
[16:08:06]		1048572		63620		984952
[16:08:09]		1048572		64080		984492
[16:08:12]		1048572		62428		986144
[16:08:15]		1048572		49240		999332
[16:08:18]		1048572		47012		1001560
[16:08:21]		1048572		18280		1030292
[16:08:24]		1048572		18204		1030368
[16:08:27]		1048572		18012		1030560
[16:08:30]		1048572		18012		1030560
[16:08:33]		1048572		18012		1030560
[16:08:36]		1048572		18012		1030560
[16:08:39]		1048572		18012		1030560
[16:08:42]		1048572		18012		1030560
[16:08:45]		1048572		18012		1030560
[16:08:48]		1048572		18012		1030560
[16:08:51]		1048572		18012		1030560
[16:08:54]		1048572		18012		1030560
[16:08:57]		1048572		37592		1010980
[16:09:00]		1048572		36300		1012272
[16:09:03]		1048572		35236		1013336
[16:09:06]		1048572		27356		1021216
[16:09:09]		1048572		26256		1022316
[16:09:12]		1048572		17940		1030632
[16:09:15]		1048572		17940		1030632
[16:09:18]		1048572		17940		1030632
[16:09:21]		1048572		17940		1030632
[16:09:24]		1048572		17940		1030632
[16:09:27]		1048572		17940		1030632
[16:09:30]		1048572		17940		1030632
[16:09:33]		1048572		17940		1030632
[16:09:36]		1048572		17940		1030632
[16:09:39]		1048572		17940		1030632
[16:09:42]		1048572		17940		1030632
[16:09:45]		1048572		23456		1025116
[16:09:48]		1048572		27656		1020916
[16:09:51]		1048572		27072		1021500
[16:09:54]		1048572		23912		1024660
[16:09:57]		1048572		23136		1025436
[16:10:00]		1048572		17892		1030680
[16:10:03]		1048572		17852		1030720
[16:10:06]		1048572		17852		1030720
[16:10:09]		1048572		17844		1030728
[16:10:12]		1048572		17844		1030728
[16:10:15]		1048572		17844		1030728
[16:10:18]		1048572		17844		1030728
[16:10:21]		1048572		17844		1030728
[16:10:24]		1048572		17844		1030728
[16:10:27]		1048572		17844		1030728
[16:10:30]		1048572		17844		1030728
[16:10:33]		1048572		17844		1030728
[16:10:36]		1048572		17844		1030728
[16:10:39]		1048572		17844		1030728
[16:10:42]		1048572		17844		1030728
[16:10:45]		1048572		17844		1030728
[16:10:48]		1048572		17844		1030728
[16:10:51]		1048572		17844		1030728
[16:10:54]		1048572		17844		1030728
[16:10:57]		1048572		17844		1030728
[16:11:00]		1048572		17844		1030728
[16:11:03]		1048572		17844		1030728
[16:11:06]		1048572		17844		1030728
[16:11:09]		1048572		17844		1030728
[16:11:12]		1048572		17844		1030728
[16:11:15]		1048572		17844		1030728
[16:11:18]		1048572		17844		1030728
[16:11:21]		1048572		17844		1030728
[16:11:24]		1048572		17844		1030728
[16:11:27]		1048572		17844		1030728
[16:11:30]		1048572		17844		1030728
[16:11:33]		1048572		17844		1030728
[16:11:36]		1048572		17844		1030728
[16:11:39]		1048572		17844		1030728
[16:11:42]		1048572		17844		1030728
[16:11:45]		1048572		17844		1030728
[16:11:48]		1048572		17844		1030728
[16:11:51]		1048572		17844		1030728
[16:11:54]		1048572		17844		1030728
[16:11:57]		1048572		17844		1030728
[16:12:00]		1048572		17844		1030728
[16:12:03]		1048572		17844		1030728
[16:12:06]		1048572		17844		1030728
[16:12:09]		1048572		17844		1030728
[16:12:12]		1048572		17844		1030728
[16:12:15]		1048572		17844		1030728
[16:12:18]		1048572		17844		1030728
[16:12:21]		1048572		17844		1030728
[16:12:24]		1048572		17844		1030728
[16:12:27]		1048572		17844		1030728
[16:12:30]		1048572		17844		1030728
[16:12:33]		1048572		17844		1030728
[16:12:36]		1048572		17844		1030728
[16:12:39]		1048572		17844		1030728
[16:12:42]		1048572		17720		1030852
[16:12:45]		1048572		17652		1030920
[16:12:48]		1048572		17652		1030920
[16:12:51]		1048572		17652		1030920
[16:12:54]		1048572		17652		1030920
[16:12:57]		1048572		17652		1030920
[16:13:00]		1048572		17652		1030920
[16:13:03]		1048572		17652		1030920
[16:13:06]		1048572		17652		1030920
[16:13:09]		1048572		17652		1030920
[16:13:12]		1048572		17652		1030920
[16:13:15]		1048572		17652		1030920
[16:13:18]		1048572		17652		1030920
[16:13:21]		1048572		17652		1030920
[16:13:24]		1048572		17652		1030920
[16:13:27]		1048572		17652		1030920
[16:13:30]		1048572		17652		1030920
[16:13:33]		1048572		17652		1030920
[16:13:36]		1048572		17652		1030920
[16:13:39]		1048572		17652		1030920
[16:13:42]		1048572		17652		1030920
[16:13:45]		1048572		17652		1030920
[16:13:48]		1048572		17652		1030920
[16:13:51]		1048572		17652		1030920
[16:13:54]		1048572		17652		1030920
[16:13:57]		1048572		17652		1030920
[16:14:00]		1048572		17652		1030920
[16:14:03]		1048572		17652		1030920
[16:14:06]		1048572		17652		1030920
[16:14:09]		1048572		17652		1030920
[16:14:12]		1048572		17652		1030920
[16:14:15]		1048572		17652		1030920
[16:14:18]		1048572		17652		1030920
[16:14:21]		1048572		17652		1030920
[16:14:24]		1048572		17652		1030920
[16:14:27]		1048572		17652		1030920
[16:14:30]		1048572		17652		1030920
[16:14:33]		1048572		17652		1030920
[16:14:36]		1048572		17652		1030920
[16:14:39]		1048572		17652		1030920
[16:14:42]		1048572		17652		1030920
[16:14:45]		1048572		17652		1030920
[16:14:48]		1048572		17652		1030920
[16:14:51]		1048572		17652		1030920
[16:14:54]		1048572		17652		1030920
[16:14:57]		1048572		17652		1030920
[16:15:00]		1048572		17652		1030920
[16:15:03]		1048572		17652		1030920
[16:15:06]		1048572		17652		1030920
[16:15:09]		1048572		17652		1030920
[16:15:12]		1048572		17652		1030920
[16:15:15]		1048572		17652		1030920
[16:15:18]		1048572		17652		1030920
[16:15:21]		1048572		17652		1030920
[16:15:24]		1048572		17652		1030920
[16:15:27]		1048572		17652		1030920
[16:15:30]		1048572		17652		1030920
[16:15:33]		1048572		17652		1030920
[16:15:36]		1048572		17652		1030920
[16:15:39]		1048572		17652		1030920
[16:15:42]		1048572		17652		1030920
[16:15:45]		1048572		17652		1030920
[16:15:48]		1048572		17652		1030920
[16:15:51]		1048572		17652		1030920
[16:15:54]		1048572		17652		1030920
[16:15:57]		1048572		17652		1030920
[16:16:00]		1048572		17652		1030920
[16:16:03]		1048572		17652		1030920
[16:16:06]		1048572		17652		1030920
[16:16:09]		1048572		17652		1030920
[16:16:12]		1048572		17652		1030920
[16:16:15]		1048572		17652		1030920
[16:16:18]		1048572		17652		1030920
[16:16:21]		1048572		17652		1030920
[16:16:24]		1048572		17652		1030920
[16:16:27]		1048572		17652		1030920
[16:16:30]		1048572		17652		1030920
[16:16:33]		1048572		17652		1030920
[16:16:36]		1048572		17652		1030920
[16:16:39]		1048572		17652		1030920
[16:16:42]		1048572		17652		1030920
[16:16:45]		1048572		17652		1030920
[16:16:48]		1048572		17652		1030920
[16:16:51]		1048572		17652		1030920
[16:16:54]		1048572		17652		1030920
[16:16:57]		1048572		17652		1030920
[16:17:00]		1048572		17652		1030920
[16:17:03]		1048572		17632		1030940
[16:17:06]		1048572		17632		1030940
[16:17:09]		1048572		17632		1030940
[16:17:12]		1048572		17632		1030940
[16:17:15]		1048572		17632		1030940
[16:17:18]		1048572		17632		1030940
[16:17:21]		1048572		17632		1030940
[16:17:24]		1048572		17632		1030940
[16:17:27]		1048572		17632		1030940
[16:17:30]		1048572		17632		1030940
[16:17:33]		1048572		17632		1030940
[16:17:36]		1048572		17632		1030940
[16:17:39]		1048572		17632		1030940
[16:17:42]		1048572		17632		1030940
[16:17:45]		1048572		17632		1030940
[16:17:48]		1048572		17632		1030940
[16:17:51]		1048572		17632		1030940
[16:17:54]		1048572		17632		1030940
[16:17:57]		1048572		17632		1030940
[16:18:00]		1048572		17632		1030940
[16:18:03]		1048572		17632		1030940
[16:18:06]		1048572		17632		1030940
[16:18:09]		1048572		17632		1030940
[16:18:12]		1048572		17632		1030940
[16:18:15]		1048572		17632		1030940
[16:18:18]		1048572		17632		1030940
[16:18:21]		1048572		17632		1030940
[16:18:24]		1048572		17632		1030940
[16:18:27]		1048572		17632		1030940
[16:18:30]		1048572		17632		1030940
[16:18:33]		1048572		17632		1030940
[16:18:36]		1048572		17428		1031144
