record in kb
time		total		used		free
[15:28:28]		1048572		0		1048572
[15:28:31]		1048572		0		1048572
[15:28:34]		1048572		0		1048572
[15:28:37]		1048572		0		1048572
[15:28:40]		1048572		0		1048572
[15:28:43]		1048572		0		1048572
[15:28:46]		1048572		0		1048572
[15:28:49]		1048572		0		1048572
[15:28:52]		1048572		0		1048572
[15:28:55]		1048572		0		1048572
[15:28:58]		1048572		0		1048572
[15:29:01]		1048572		0		1048572
[15:29:04]		1048572		0		1048572
[15:29:07]		1048572		0		1048572
[15:29:10]		1048572		0		1048572
[15:29:13]		1048572		0		1048572
[15:29:16]		1048572		0		1048572
[15:29:19]		1048572		0		1048572
[15:29:22]		1048572		0		1048572
[15:29:25]		1048572		0		1048572
[15:29:28]		1048572		0		1048572
[15:29:31]		1048572		0		1048572
[15:29:34]		1048572		0		1048572
[15:29:37]		1048572		0		1048572
[15:29:40]		1048572		0		1048572
[15:29:43]		1048572		0		1048572
[15:29:46]		1048572		0		1048572
[15:29:49]		1048572		0		1048572
[15:29:52]		1048572		0		1048572
[15:29:55]		1048572		0		1048572
[15:29:58]		1048572		0		1048572
[15:30:01]		1048572		0		1048572
[15:30:04]		1048572		0		1048572
[15:30:07]		1048572		0		1048572
[15:30:10]		1048572		0		1048572
[15:30:13]		1048572		0		1048572
[15:30:16]		1048572		0		1048572
[15:30:19]		1048572		0		1048572
[15:30:22]		1048572		0		1048572
[15:30:25]		1048572		0		1048572
[15:30:28]		1048572		0		1048572
[15:30:31]		1048572		0		1048572
[15:30:34]		1048572		0		1048572
[15:30:37]		1048572		0		1048572
[15:30:40]		1048572		0		1048572
[15:30:43]		1048572		0		1048572
[15:30:46]		1048572		0		1048572
[15:30:49]		1048572		0		1048572
[15:30:52]		1048572		0		1048572
[15:30:55]		1048572		0		1048572
[15:30:58]		1048572		0		1048572
[15:31:01]		1048572		0		1048572
[15:31:04]		1048572		0		1048572
[15:31:07]		1048572		0		1048572
[15:31:10]		1048572		0		1048572
[15:31:13]		1048572		0		1048572
[15:31:16]		1048572		0		1048572
[15:31:19]		1048572		0		1048572
[15:31:22]		1048572		0		1048572
[15:31:25]		1048572		0		1048572
[15:31:28]		1048572		0		1048572
[15:31:31]		1048572		0		1048572
[15:31:34]		1048572		0		1048572
[15:31:37]		1048572		0		1048572
[15:31:40]		1048572		0		1048572
[15:31:43]		1048572		0		1048572
[15:31:46]		1048572		0		1048572
[15:31:49]		1048572		0		1048572
[15:31:52]		1048572		0		1048572
[15:31:55]		1048572		0		1048572
[15:31:58]		1048572		0		1048572
[15:32:01]		1048572		0		1048572
[15:32:04]		1048572		0		1048572
[15:32:07]		1048572		0		1048572
[15:32:10]		1048572		0		1048572
[15:32:13]		1048572		0		1048572
[15:32:16]		1048572		0		1048572
[15:32:19]		1048572		0		1048572
[15:32:22]		1048572		0		1048572
[15:32:25]		1048572		0		1048572
[15:32:28]		1048572		0		1048572
[15:32:31]		1048572		0		1048572
[15:32:34]		1048572		0		1048572
[15:32:37]		1048572		0		1048572
[15:32:40]		1048572		0		1048572
[15:32:43]		1048572		0		1048572
[15:32:46]		1048572		0		1048572
[15:32:49]		1048572		0		1048572
[15:32:52]		1048572		0		1048572
[15:32:55]		1048572		0		1048572
[15:32:58]		1048572		0		1048572
[15:33:01]		1048572		0		1048572
[15:33:04]		1048572		0		1048572
[15:33:07]		1048572		0		1048572
[15:33:10]		1048572		0		1048572
[15:33:13]		1048572		0		1048572
[15:33:16]		1048572		0		1048572
[15:33:19]		1048572		0		1048572
[15:33:22]		1048572		0		1048572
[15:33:25]		1048572		0		1048572
[15:33:28]		1048572		0		1048572
[15:33:31]		1048572		0		1048572
[15:33:34]		1048572		0		1048572
[15:33:37]		1048572		0		1048572
[15:33:40]		1048572		0		1048572
[15:33:43]		1048572		0		1048572
[15:33:46]		1048572		0		1048572
[15:33:49]		1048572		0		1048572
[15:33:52]		1048572		0		1048572
[15:33:55]		1048572		0		1048572
[15:33:58]		1048572		0		1048572
[15:34:01]		1048572		0		1048572
[15:34:04]		1048572		0		1048572
[15:34:07]		1048572		0		1048572
[15:34:10]		1048572		0		1048572
[15:34:13]		1048572		64		1048508
[15:34:16]		1048572		244		1048328
[15:34:19]		1048572		356		1048216
[15:34:22]		1048572		356		1048216
[15:34:25]		1048572		356		1048216
[15:34:28]		1048572		356		1048216
[15:34:31]		1048572		356		1048216
[15:34:34]		1048572		356		1048216
[15:34:37]		1048572		356		1048216
[15:34:40]		1048572		356		1048216
[15:34:43]		1048572		356		1048216
[15:34:46]		1048572		356		1048216
[15:34:49]		1048572		356		1048216
[15:34:52]		1048572		356		1048216
[15:34:55]		1048572		356		1048216
[15:34:58]		1048572		356		1048216
[15:35:01]		1048572		356		1048216
[15:35:04]		1048572		356		1048216
[15:35:07]		1048572		356		1048216
[15:35:10]		1048572		356		1048216
[15:35:13]		1048572		356		1048216
[15:35:16]		1048572		356		1048216
[15:35:19]		1048572		356		1048216
[15:35:22]		1048572		356		1048216
[15:35:25]		1048572		356		1048216
[15:35:28]		1048572		356		1048216
[15:35:31]		1048572		356		1048216
[15:35:34]		1048572		356		1048216
[15:35:37]		1048572		1844		1046728
[15:35:40]		1048572		3336		1045236
[15:35:43]		1048572		3336		1045236
[15:35:46]		1048572		3328		1045244
[15:35:49]		1048572		3328		1045244
[15:35:52]		1048572		3328		1045244
[15:35:55]		1048572		3328		1045244
[15:35:58]		1048572		3328		1045244
[15:36:01]		1048572		3328		1045244
[15:36:04]		1048572		3328		1045244
[15:36:07]		1048572		3328		1045244
[15:36:10]		1048572		3328		1045244
[15:36:13]		1048572		3328		1045244
[15:36:16]		1048572		3328		1045244
[15:36:19]		1048572		3328		1045244
[15:36:22]		1048572		3328		1045244
[15:36:25]		1048572		3328		1045244
[15:36:28]		1048572		3328		1045244
[15:36:31]		1048572		3328		1045244
[15:36:34]		1048572		3340		1045232
[15:36:37]		1048572		3340		1045232
[15:36:40]		1048572		3340		1045232
[15:36:43]		1048572		3340		1045232
[15:36:46]		1048572		3340		1045232
[15:36:49]		1048572		3340		1045232
[15:36:52]		1048572		3340		1045232
[15:36:55]		1048572		3340		1045232
[15:36:58]		1048572		3340		1045232
[15:37:01]		1048572		3340		1045232
[15:37:04]		1048572		3340		1045232
[15:37:07]		1048572		3340		1045232
[15:37:10]		1048572		3340		1045232
[15:37:13]		1048572		3340		1045232
[15:37:16]		1048572		3340		1045232
[15:37:19]		1048572		3340		1045232
[15:37:22]		1048572		3340		1045232
[15:37:25]		1048572		3340		1045232
[15:37:28]		1048572		3248		1045324
[15:37:31]		1048572		3244		1045328
[15:37:34]		1048572		3244		1045328
[15:37:37]		1048572		3244		1045328
[15:37:40]		1048572		3244		1045328
[15:37:43]		1048572		3244		1045328
[15:37:46]		1048572		3244		1045328
[15:37:49]		1048572		3244		1045328
[15:37:52]		1048572		3244		1045328
[15:37:55]		1048572		3244		1045328
[15:37:58]		1048572		3244		1045328
[15:38:01]		1048572		3244		1045328
[15:38:04]		1048572		3244		1045328
[15:38:07]		1048572		3244		1045328
[15:38:10]		1048572		3244		1045328
[15:38:13]		1048572		3244		1045328
[15:38:16]		1048572		3244		1045328
[15:38:19]		1048572		3244		1045328
[15:38:22]		1048572		3244		1045328
[15:38:25]		1048572		3244		1045328
[15:38:28]		1048572		3244		1045328
[15:38:31]		1048572		3244		1045328
[15:38:34]		1048572		3244		1045328
[15:38:37]		1048572		3244		1045328
[15:38:40]		1048572		3244		1045328
[15:38:43]		1048572		3244		1045328
[15:38:46]		1048572		3244		1045328
[15:38:49]		1048572		3244		1045328
[15:38:52]		1048572		3244		1045328
[15:38:55]		1048572		3244		1045328
[15:38:58]		1048572		3244		1045328
[15:39:01]		1048572		3244		1045328
[15:39:04]		1048572		3244		1045328
[15:39:07]		1048572		3244		1045328
[15:39:10]		1048572		12896		1035676
[15:39:13]		1048572		32140		1016432
[15:39:16]		1048572		33164		1015408
[15:39:19]		1048572		36296		1012276
[15:39:22]		1048572		36232		1012340
[15:39:25]		1048572		52008		996564
[15:39:28]		1048572		95748		952824
[15:39:31]		1048572		35216		1013356
[15:39:34]		1048572		32244		1016328
[15:39:37]		1048572		32244		1016328
[15:39:40]		1048572		32244		1016328
[15:39:43]		1048572		32244		1016328
[15:39:46]		1048572		32244		1016328
[15:39:49]		1048572		32244		1016328
[15:39:52]		1048572		32244		1016328
[15:39:55]		1048572		32200		1016372
[15:39:58]		1048572		32172		1016400
[15:40:01]		1048572		32172		1016400
[15:40:04]		1048572		32152		1016420
[15:40:07]		1048572		32152		1016420
[15:40:10]		1048572		32152		1016420
[15:40:13]		1048572		32152		1016420
[15:40:16]		1048572		32144		1016428
[15:40:19]		1048572		31316		1017256
[15:40:22]		1048572		31316		1017256
[15:40:25]		1048572		27020		1021552
[15:40:28]		1048572		26196		1022376
[15:40:31]		1048572		26196		1022376
[15:40:34]		1048572		26116		1022456
[15:40:37]		1048572		26116		1022456
[15:40:41]		1048572		26104		1022468
[15:40:44]		1048572		26100		1022472
[15:40:47]		1048572		26096		1022476
[15:40:50]		1048572		26072		1022500
[15:40:53]		1048572		26036		1022536
[15:40:56]		1048572		25944		1022628
[15:40:59]		1048572		25940		1022632
[15:41:02]		1048572		25936		1022636
[15:41:05]		1048572		25936		1022636
[15:41:08]		1048572		25936		1022636
[15:41:11]		1048572		25932		1022640
[15:41:14]		1048572		25928		1022644
[15:41:17]		1048572		25924		1022648
[15:41:20]		1048572		25920		1022652
[15:41:23]		1048572		25916		1022656
[15:41:26]		1048572		25912		1022660
[15:41:29]		1048572		25912		1022660
[15:41:32]		1048572		25904		1022668
[15:41:35]		1048572		25904		1022668
[15:41:38]		1048572		25900		1022672
[15:41:41]		1048572		25896		1022676
[15:41:44]		1048572		25892		1022680
[15:41:47]		1048572		25748		1022824
[15:41:50]		1048572		25744		1022828
[15:41:53]		1048572		25744		1022828
[15:41:56]		1048572		25744		1022828
[15:41:59]		1048572		25740		1022832
[15:42:02]		1048572		25736		1022836
[15:42:05]		1048572		25736		1022836
[15:42:08]		1048572		25736		1022836
[15:42:11]		1048572		25732		1022840
[15:42:14]		1048572		25728		1022844
[15:42:17]		1048572		25724		1022848
[15:42:20]		1048572		25720		1022852
[15:42:23]		1048572		25716		1022856
[15:42:26]		1048572		25712		1022860
[15:42:29]		1048572		25708		1022864
[15:42:32]		1048572		25704		1022868
[15:42:35]		1048572		25704		1022868
[15:42:38]		1048572		25696		1022876
[15:42:41]		1048572		25696		1022876
[15:42:44]		1048572		25692		1022880
[15:42:47]		1048572		25688		1022884
[15:42:50]		1048572		25684		1022888
[15:42:53]		1048572		25680		1022892
[15:42:56]		1048572		25680		1022892
[15:42:59]		1048572		25672		1022900
[15:43:02]		1048572		25672		1022900
[15:43:05]		1048572		25668		1022904
[15:43:08]		1048572		25664		1022908
[15:43:11]		1048572		25664		1022908
[15:43:14]		1048572		25664		1022908
[15:43:17]		1048572		25660		1022912
[15:43:20]		1048572		25656		1022916
[15:43:23]		1048572		25652		1022920
[15:43:26]		1048572		25648		1022924
[15:43:29]		1048572		25644		1022928
[15:43:32]		1048572		25644		1022928
[15:43:35]		1048572		25644		1022928
[15:43:38]		1048572		25644		1022928
[15:43:41]		1048572		25644		1022928
[15:43:44]		1048572		25644		1022928
[15:43:47]		1048572		25644		1022928
[15:43:50]		1048572		25644		1022928
[15:43:53]		1048572		25644		1022928
[15:43:56]		1048572		25644		1022928
[15:43:59]		1048572		25644		1022928
[15:44:02]		1048572		25644		1022928
[15:44:05]		1048572		25644		1022928
[15:44:08]		1048572		25644		1022928
[15:44:11]		1048572		25644		1022928
[15:44:14]		1048572		25644		1022928
[15:44:17]		1048572		25644		1022928
[15:44:20]		1048572		25644		1022928
[15:44:23]		1048572		25644		1022928
[15:44:26]		1048572		25644		1022928
[15:44:29]		1048572		25644		1022928
[15:44:32]		1048572		25644		1022928
[15:44:35]		1048572		25644		1022928
[15:44:38]		1048572		25644		1022928
[15:44:41]		1048572		25644		1022928
[15:44:44]		1048572		25644		1022928
[15:44:47]		1048572		25644		1022928
[15:44:50]		1048572		25644		1022928
[15:44:53]		1048572		25644		1022928
[15:44:56]		1048572		25644		1022928
[15:44:59]		1048572		25644		1022928
[15:45:02]		1048572		25644		1022928
[15:45:05]		1048572		25644		1022928
[15:45:08]		1048572		25644		1022928
[15:45:11]		1048572		25644		1022928
[15:45:14]		1048572		25644		1022928
[15:45:17]		1048572		25644		1022928
[15:45:20]		1048572		25644		1022928
[15:45:23]		1048572		25644		1022928
[15:45:26]		1048572		25644		1022928
[15:45:29]		1048572		25644		1022928
[15:45:32]		1048572		25644		1022928
[15:45:35]		1048572		25644		1022928
[15:45:38]		1048572		25644		1022928
[15:45:41]		1048572		25644		1022928
[15:45:44]		1048572		25644		1022928
[15:45:47]		1048572		25644		1022928
[15:45:50]		1048572		25644		1022928
[15:45:53]		1048572		25644		1022928
[15:45:56]		1048572		25644		1022928
[15:45:59]		1048572		25644		1022928
[15:46:02]		1048572		25644		1022928
[15:46:05]		1048572		25644		1022928
[15:46:08]		1048572		25644		1022928
[15:46:11]		1048572		25644		1022928
[15:46:14]		1048572		25644		1022928
[15:46:17]		1048572		25644		1022928
[15:46:20]		1048572		25644		1022928
[15:46:23]		1048572		25644		1022928
[15:46:26]		1048572		25644		1022928
[15:46:29]		1048572		25644		1022928
[15:46:32]		1048572		25644		1022928
[15:46:35]		1048572		25644		1022928
[15:46:38]		1048572		25644		1022928
[15:46:41]		1048572		25644		1022928
[15:46:44]		1048572		25644		1022928
[15:46:47]		1048572		25644		1022928
[15:46:50]		1048572		25644		1022928
[15:46:53]		1048572		25644		1022928
[15:46:56]		1048572		25644		1022928
[15:46:59]		1048572		25644		1022928
[15:47:02]		1048572		25644		1022928
[15:47:05]		1048572		25644		1022928
[15:47:08]		1048572		25644		1022928
[15:47:11]		1048572		25644		1022928
[15:47:14]		1048572		25644		1022928
[15:47:17]		1048572		25644		1022928
[15:47:20]		1048572		25644		1022928
[15:47:23]		1048572		25644		1022928
[15:47:26]		1048572		25644		1022928
[15:47:29]		1048572		25644		1022928
[15:47:32]		1048572		25644		1022928
[15:47:35]		1048572		25644		1022928
[15:47:38]		1048572		25644		1022928
[15:47:41]		1048572		25644		1022928
[15:47:44]		1048572		25644		1022928
[15:47:47]		1048572		25644		1022928
[15:47:50]		1048572		25644		1022928
[15:47:53]		1048572		25644		1022928
[15:47:56]		1048572		25644		1022928
[15:47:59]		1048572		25644		1022928
[15:48:02]		1048572		25644		1022928
[15:48:05]		1048572		25644		1022928
[15:48:08]		1048572		25644		1022928
[15:48:11]		1048572		25644		1022928
[15:48:14]		1048572		25644		1022928
[15:48:17]		1048572		25644		1022928
[15:48:20]		1048572		25644		1022928
[15:48:23]		1048572		25644		1022928
[15:48:26]		1048572		25644		1022928
[15:48:29]		1048572		25644		1022928
[15:48:32]		1048572		25644		1022928
[15:48:35]		1048572		25644		1022928
[15:48:38]		1048572		25644		1022928
[15:48:41]		1048572		25644		1022928
[15:48:44]		1048572		25644		1022928
[15:48:47]		1048572		25644		1022928
[15:48:50]		1048572		25644		1022928
[15:48:53]		1048572		25644		1022928
[15:48:56]		1048572		29788		1018784
[15:48:59]		1048572		35284		1013288
[15:49:02]		1048572		35224		1013348
[15:49:05]		1048572		43392		1005180
[15:49:08]		1048572		42748		1005824
[15:49:11]		1048572		61764		986808
[15:49:14]		1048572		82668		965904
[15:49:17]		1048572		107492		941080
[15:49:20]		1048572		33820		1014752
[15:49:23]		1048572		33808		1014764
[15:49:26]		1048572		33772		1014800
[15:49:29]		1048572		33736		1014836
[15:49:32]		1048572		33732		1014840
[15:49:35]		1048572		33712		1014860
[15:49:38]		1048572		33700		1014872
[15:49:41]		1048572		33648		1014924
[15:49:44]		1048572		33544		1015028
[15:49:47]		1048572		33540		1015032
[15:49:50]		1048572		33508		1015064
[15:49:53]		1048572		33440		1015132
[15:49:56]		1048572		33428		1015144
[15:49:59]		1048572		33428		1015144
[15:50:02]		1048572		33380		1015192
[15:50:05]		1048572		31372		1017200
[15:50:08]		1048572		31332		1017240
[15:50:11]		1048572		31332		1017240
[15:50:14]		1048572		31332		1017240
[15:50:17]		1048572		26184		1022388
[15:50:20]		1048572		26184		1022388
[15:50:23]		1048572		26184		1022388
[15:50:26]		1048572		26180		1022392
[15:50:29]		1048572		26180		1022392
[15:50:32]		1048572		26180		1022392
[15:50:35]		1048572		26180		1022392
[15:50:38]		1048572		26180		1022392
[15:50:41]		1048572		26180		1022392
[15:50:44]		1048572		26180		1022392
[15:50:47]		1048572		26180		1022392
[15:50:50]		1048572		26180		1022392
[15:50:53]		1048572		26180		1022392
[15:50:56]		1048572		26180		1022392
[15:50:59]		1048572		26180		1022392
[15:51:02]		1048572		26180		1022392
[15:51:05]		1048572		26180		1022392
[15:51:08]		1048572		26180		1022392
[15:51:11]		1048572		26180		1022392
[15:51:14]		1048572		26180		1022392
[15:51:17]		1048572		26180		1022392
[15:51:20]		1048572		26180		1022392
[15:51:23]		1048572		26180		1022392
[15:51:26]		1048572		26180		1022392
[15:51:29]		1048572		26180		1022392
[15:51:32]		1048572		26180		1022392
[15:51:35]		1048572		26180		1022392
[15:51:38]		1048572		26180		1022392
[15:51:41]		1048572		26180		1022392
[15:51:44]		1048572		26180		1022392
[15:51:47]		1048572		26180		1022392
[15:51:50]		1048572		26180		1022392
[15:51:53]		1048572		26180		1022392
[15:51:56]		1048572		26180		1022392
[15:51:59]		1048572		26180		1022392
[15:52:02]		1048572		26180		1022392
[15:52:05]		1048572		26180		1022392
[15:52:08]		1048572		26180		1022392
[15:52:11]		1048572		26180		1022392
[15:52:14]		1048572		26180		1022392
[15:52:17]		1048572		26180		1022392
[15:52:20]		1048572		26180		1022392
[15:52:23]		1048572		26180		1022392
[15:52:26]		1048572		26180		1022392
[15:52:29]		1048572		26180		1022392
[15:52:32]		1048572		26180		1022392
[15:52:35]		1048572		26180		1022392
[15:52:38]		1048572		26180		1022392
[15:52:41]		1048572		26180		1022392
[15:52:44]		1048572		26180		1022392
[15:52:47]		1048572		26180		1022392
[15:52:50]		1048572		26180		1022392
[15:52:53]		1048572		26180		1022392
[15:52:56]		1048572		26180		1022392
[15:52:59]		1048572		26180		1022392
[15:53:02]		1048572		26180		1022392
[15:53:05]		1048572		26180		1022392
[15:53:08]		1048572		26180		1022392
[15:53:11]		1048572		26180		1022392
[15:53:14]		1048572		26180		1022392
[15:53:17]		1048572		26180		1022392
[15:53:20]		1048572		26180		1022392
[15:53:23]		1048572		26180		1022392
[15:53:26]		1048572		26180		1022392
[15:53:29]		1048572		26176		1022396
[15:53:32]		1048572		26172		1022400
[15:53:35]		1048572		26172		1022400
[15:53:38]		1048572		26168		1022404
[15:53:41]		1048572		26164		1022408
[15:53:44]		1048572		26160		1022412
[15:53:47]		1048572		26156		1022416
[15:53:50]		1048572		26156		1022416
[15:53:53]		1048572		26152		1022420
[15:53:56]		1048572		26148		1022424
[15:53:59]		1048572		26148		1022424
[15:54:02]		1048572		26144		1022428
[15:54:05]		1048572		26140		1022432
[15:54:08]		1048572		26140		1022432
[15:54:11]		1048572		26140		1022432
[15:54:14]		1048572		26136		1022436
[15:54:17]		1048572		26132		1022440
[15:54:20]		1048572		26132		1022440
[15:54:23]		1048572		26132		1022440
[15:54:26]		1048572		26128		1022444
[15:54:29]		1048572		26124		1022448
[15:54:32]		1048572		26124		1022448
[15:54:35]		1048572		26116		1022456
[15:54:38]		1048572		26116		1022456
[15:54:41]		1048572		26108		1022464
[15:54:44]		1048572		26100		1022472
[15:54:47]		1048572		26092		1022480
[15:54:50]		1048572		26080		1022492
[15:54:53]		1048572		26076		1022496
[15:54:56]		1048572		26072		1022500
[15:54:59]		1048572		26068		1022504
[15:55:02]		1048572		26064		1022508
[15:55:05]		1048572		26064		1022508
[15:55:08]		1048572		26064		1022508
[15:55:11]		1048572		26060		1022512
[15:55:14]		1048572		26060		1022512
[15:55:17]		1048572		26060		1022512
[15:55:20]		1048572		26060		1022512
[15:55:23]		1048572		26056		1022516
[15:55:26]		1048572		26056		1022516
[15:55:29]		1048572		26052		1022520
[15:55:32]		1048572		26052		1022520
[15:55:35]		1048572		26048		1022524
[15:55:38]		1048572		26044		1022528
[15:55:41]		1048572		26040		1022532
[15:55:44]		1048572		26036		1022536
[15:55:47]		1048572		26028		1022544
[15:55:50]		1048572		26028		1022544
[15:55:53]		1048572		26028		1022544
[15:55:56]		1048572		26028		1022544
[15:55:59]		1048572		26020		1022552
[15:56:02]		1048572		26020		1022552
[15:56:05]		1048572		26020		1022552
[15:56:08]		1048572		26020		1022552
[15:56:11]		1048572		26020		1022552
[15:56:14]		1048572		26020		1022552
[15:56:17]		1048572		26020		1022552
[15:56:20]		1048572		26016		1022556
[15:56:23]		1048572		26016		1022556
[15:56:26]		1048572		26012		1022560
[15:56:29]		1048572		26012		1022560
[15:56:32]		1048572		26012		1022560
[15:56:35]		1048572		26012		1022560
[15:56:38]		1048572		26008		1022564
[15:56:41]		1048572		26008		1022564
[15:56:44]		1048572		26008		1022564
[15:56:47]		1048572		26008		1022564
[15:56:50]		1048572		26008		1022564
[15:56:53]		1048572		26008		1022564
[15:56:56]		1048572		26004		1022568
[15:56:59]		1048572		26004		1022568
[15:57:02]		1048572		26004		1022568
[15:57:05]		1048572		26004		1022568
[15:57:08]		1048572		25996		1022576
[15:57:11]		1048572		25996		1022576
[15:57:14]		1048572		25988		1022584
[15:57:17]		1048572		25988		1022584
[15:57:20]		1048572		25988		1022584
[15:57:23]		1048572		25984		1022588
[15:57:26]		1048572		25980		1022592
[15:57:29]		1048572		25980		1022592
[15:57:32]		1048572		25980		1022592
[15:57:35]		1048572		25980		1022592
[15:57:38]		1048572		25976		1022596
[15:57:41]		1048572		25972		1022600
[15:57:44]		1048572		25968		1022604
[15:57:47]		1048572		25968		1022604
[15:57:50]		1048572		25964		1022608
[15:57:53]		1048572		25964		1022608
[15:57:56]		1048572		25956		1022616
[15:57:59]		1048572		25956		1022616
[15:58:02]		1048572		25952		1022620
[15:58:05]		1048572		25948		1022624
[15:58:08]		1048572		25948		1022624
[15:58:11]		1048572		25948		1022624
[15:58:14]		1048572		25948		1022624
[15:58:17]		1048572		25944		1022628
[15:58:20]		1048572		25944		1022628
[15:58:23]		1048572		25944		1022628
[15:58:26]		1048572		25944		1022628
[15:58:29]		1048572		25944		1022628
[15:58:32]		1048572		25944		1022628
[15:58:35]		1048572		25944		1022628
[15:58:38]		1048572		25940		1022632
[15:58:41]		1048572		25940		1022632
[15:58:44]		1048572		25940		1022632
[15:58:47]		1048572		29332		1019240
[15:58:50]		1048572		42684		1005888
[15:58:53]		1048572		41608		1006964
[15:58:56]		1048572		41428		1007144
[15:58:59]		1048572		40628		1007944
[15:59:02]		1048572		39792		1008780
[15:59:05]		1048572		77716		970856
[15:59:08]		1048572		97188		951384
[15:59:11]		1048572		34144		1014428
[15:59:14]		1048572		34144		1014428
[15:59:17]		1048572		34104		1014468
[15:59:20]		1048572		34080		1014492
[15:59:23]		1048572		34064		1014508
[15:59:26]		1048572		34044		1014528
[15:59:29]		1048572		34032		1014540
[15:59:32]		1048572		33992		1014580
[15:59:35]		1048572		33880		1014692
[15:59:38]		1048572		33872		1014700
[15:59:41]		1048572		33840		1014732
[15:59:44]		1048572		33760		1014812
[15:59:47]		1048572		33744		1014828
[15:59:50]		1048572		33744		1014828
[15:59:53]		1048572		33700		1014872
[15:59:56]		1048572		31980		1016592
[15:59:59]		1048572		31640		1016932
[16:00:02]		1048572		26496		1022076
[16:00:05]		1048572		26496		1022076
[16:00:08]		1048572		26492		1022080
[16:00:11]		1048572		26492		1022080
[16:00:14]		1048572		26492		1022080
[16:00:17]		1048572		26492		1022080
[16:00:20]		1048572		26492		1022080
[16:00:23]		1048572		26492		1022080
[16:00:26]		1048572		26492		1022080
[16:00:29]		1048572		26492		1022080
[16:00:32]		1048572		26492		1022080
[16:00:35]		1048572		26492		1022080
[16:00:38]		1048572		26492		1022080
[16:00:41]		1048572		26492		1022080
[16:00:44]		1048572		26492		1022080
[16:00:47]		1048572		26492		1022080
[16:00:50]		1048572		26492		1022080
[16:00:53]		1048572		26492		1022080
[16:00:56]		1048572		26492		1022080
[16:00:59]		1048572		26492		1022080
[16:01:02]		1048572		26492		1022080
[16:01:05]		1048572		26492		1022080
[16:01:08]		1048572		26492		1022080
[16:01:11]		1048572		26492		1022080
[16:01:14]		1048572		26492		1022080
[16:01:17]		1048572		26492		1022080
[16:01:20]		1048572		26492		1022080
[16:01:23]		1048572		26492		1022080
[16:01:26]		1048572		26492		1022080
[16:01:29]		1048572		26492		1022080
[16:01:32]		1048572		26492		1022080
[16:01:35]		1048572		26492		1022080
[16:01:38]		1048572		26492		1022080
[16:01:41]		1048572		26492		1022080
[16:01:44]		1048572		26492		1022080
[16:01:47]		1048572		26492		1022080
[16:01:50]		1048572		26492		1022080
[16:01:53]		1048572		26492		1022080
[16:01:56]		1048572		26492		1022080
[16:01:59]		1048572		26492		1022080
[16:02:02]		1048572		26492		1022080
[16:02:05]		1048572		26492		1022080
[16:02:08]		1048572		26492		1022080
[16:02:11]		1048572		26492		1022080
[16:02:14]		1048572		26492		1022080
[16:02:17]		1048572		26492		1022080
[16:02:20]		1048572		26492		1022080
[16:02:23]		1048572		26492		1022080
[16:02:26]		1048572		26492		1022080
[16:02:29]		1048572		26492		1022080
[16:02:32]		1048572		26492		1022080
[16:02:35]		1048572		26492		1022080
[16:02:38]		1048572		26492		1022080
[16:02:41]		1048572		26492		1022080
[16:02:44]		1048572		26492		1022080
[16:02:47]		1048572		26492		1022080
[16:02:50]		1048572		26492		1022080
[16:02:53]		1048572		26492		1022080
[16:02:56]		1048572		26492		1022080
[16:02:59]		1048572		26260		1022312
[16:03:02]		1048572		26260		1022312
[16:03:05]		1048572		26260		1022312
[16:03:08]		1048572		26260		1022312
[16:03:11]		1048572		26260		1022312
[16:03:14]		1048572		26260		1022312
[16:03:17]		1048572		26260		1022312
[16:03:20]		1048572		26260		1022312
[16:03:23]		1048572		26260		1022312
[16:03:26]		1048572		26260		1022312
[16:03:29]		1048572		26260		1022312
[16:03:32]		1048572		26260		1022312
[16:03:35]		1048572		26260		1022312
[16:03:38]		1048572		26260		1022312
[16:03:41]		1048572		26260		1022312
[16:03:44]		1048572		26260		1022312
[16:03:47]		1048572		26260		1022312
[16:03:50]		1048572		26260		1022312
[16:03:53]		1048572		26260		1022312
[16:03:56]		1048572		26260		1022312
[16:03:59]		1048572		26260		1022312
[16:04:02]		1048572		26260		1022312
[16:04:05]		1048572		26260		1022312
[16:04:08]		1048572		26260		1022312
[16:04:11]		1048572		26260		1022312
[16:04:14]		1048572		26260		1022312
[16:04:17]		1048572		26260		1022312
[16:04:20]		1048572		26260		1022312
[16:04:23]		1048572		26260		1022312
[16:04:26]		1048572		26260		1022312
[16:04:29]		1048572		26260		1022312
[16:04:32]		1048572		26260		1022312
[16:04:35]		1048572		26260		1022312
[16:04:38]		1048572		26260		1022312
[16:04:41]		1048572		26260		1022312
[16:04:44]		1048572		26260		1022312
[16:04:47]		1048572		26260		1022312
[16:04:50]		1048572		26260		1022312
[16:04:53]		1048572		26260		1022312
[16:04:56]		1048572		26260		1022312
[16:04:59]		1048572		26260		1022312
[16:05:02]		1048572		26260		1022312
[16:05:05]		1048572		26260		1022312
[16:05:08]		1048572		26260		1022312
[16:05:11]		1048572		26260		1022312
[16:05:14]		1048572		26260		1022312
[16:05:17]		1048572		26260		1022312
[16:05:20]		1048572		26260		1022312
[16:05:23]		1048572		26260		1022312
[16:05:26]		1048572		26260		1022312
[16:05:29]		1048572		26260		1022312
[16:05:32]		1048572		26260		1022312
[16:05:35]		1048572		26260		1022312
[16:05:38]		1048572		26260		1022312
[16:05:41]		1048572		26260		1022312
[16:05:44]		1048572		26260		1022312
[16:05:47]		1048572		26260		1022312
[16:05:50]		1048572		26260		1022312
[16:05:53]		1048572		26260		1022312
[16:05:56]		1048572		26260		1022312
[16:05:59]		1048572		26260		1022312
[16:06:02]		1048572		26260		1022312
[16:06:05]		1048572		26260		1022312
[16:06:08]		1048572		26260		1022312
[16:06:11]		1048572		26260		1022312
[16:06:14]		1048572		26260		1022312
[16:06:17]		1048572		26260		1022312
[16:06:20]		1048572		26260		1022312
[16:06:23]		1048572		26260		1022312
[16:06:26]		1048572		26260		1022312
[16:06:29]		1048572		26260		1022312
[16:06:32]		1048572		26260		1022312
[16:06:35]		1048572		26260		1022312
[16:06:38]		1048572		26260		1022312
[16:06:41]		1048572		26260		1022312
[16:06:44]		1048572		26260		1022312
[16:06:47]		1048572		26260		1022312
[16:06:50]		1048572		26260		1022312
[16:06:53]		1048572		26260		1022312
[16:06:56]		1048572		26260		1022312
[16:06:59]		1048572		26260		1022312
[16:07:02]		1048572		26260		1022312
[16:07:05]		1048572		26260		1022312
[16:07:08]		1048572		26260		1022312
[16:07:11]		1048572		26260		1022312
[16:07:14]		1048572		26260		1022312
[16:07:17]		1048572		26260		1022312
[16:07:20]		1048572		26260		1022312
[16:07:23]		1048572		26260		1022312
[16:07:26]		1048572		26260		1022312
[16:07:29]		1048572		26260		1022312
[16:07:32]		1048572		26260		1022312
[16:07:35]		1048572		26260		1022312
[16:07:38]		1048572		26260		1022312
[16:07:41]		1048572		26260		1022312
[16:07:44]		1048572		26260		1022312
[16:07:47]		1048572		26260		1022312
[16:07:50]		1048572		26260		1022312
[16:07:53]		1048572		26260		1022312
[16:07:56]		1048572		26260		1022312
[16:07:59]		1048572		26260		1022312
[16:08:02]		1048572		26260		1022312
[16:08:05]		1048572		26260		1022312
[16:08:08]		1048572		26260		1022312
[16:08:11]		1048572		26260		1022312
[16:08:14]		1048572		26260		1022312
[16:08:17]		1048572		26260		1022312
[16:08:20]		1048572		26260		1022312
[16:08:23]		1048572		26260		1022312
[16:08:26]		1048572		26260		1022312
[16:08:29]		1048572		31868		1016704
[16:08:32]		1048572		43500		1005072
[16:08:35]		1048572		41552		1007020
[16:08:38]		1048572		41364		1007208
[16:08:41]		1048572		40596		1007976
[16:08:44]		1048572		39696		1008876
[16:08:47]		1048572		65928		982644
[16:08:50]		1048572		33836		1014736
[16:08:53]		1048572		33836		1014736
[16:08:56]		1048572		33808		1014764
[16:08:59]		1048572		33780		1014792
[16:09:02]		1048572		33760		1014812
[16:09:05]		1048572		33732		1014840
[16:09:08]		1048572		33724		1014848
[16:09:11]		1048572		33716		1014856
[16:09:14]		1048572		33576		1014996
[16:09:17]		1048572		33572		1015000
[16:09:20]		1048572		33572		1015000
[16:09:23]		1048572		33512		1015060
[16:09:26]		1048572		33468		1015104
[16:09:29]		1048572		33464		1015108
[16:09:32]		1048572		33460		1015112
[16:09:35]		1048572		32024		1016548
[16:09:38]		1048572		31376		1017196
[16:09:41]		1048572		26272		1022300
[16:09:44]		1048572		26272		1022300
[16:09:47]		1048572		26272		1022300
[16:09:50]		1048572		26272		1022300
[16:09:53]		1048572		26272		1022300
[16:09:56]		1048572		26272		1022300
[16:09:59]		1048572		26272		1022300
[16:10:02]		1048572		26272		1022300
[16:10:05]		1048572		26272		1022300
[16:10:08]		1048572		26272		1022300
[16:10:11]		1048572		26272		1022300
[16:10:14]		1048572		26272		1022300
[16:10:17]		1048572		26272		1022300
[16:10:20]		1048572		26272		1022300
[16:10:23]		1048572		26272		1022300
[16:10:26]		1048572		26272		1022300
[16:10:29]		1048572		26272		1022300
[16:10:32]		1048572		26272		1022300
[16:10:35]		1048572		26272		1022300
[16:10:38]		1048572		26272		1022300
[16:10:41]		1048572		26272		1022300
[16:10:44]		1048572		26272		1022300
[16:10:47]		1048572		26272		1022300
[16:10:50]		1048572		26272		1022300
[16:10:53]		1048572		26272		1022300
[16:10:56]		1048572		26272		1022300
[16:10:59]		1048572		26272		1022300
[16:11:02]		1048572		26272		1022300
[16:11:05]		1048572		26272		1022300
[16:11:08]		1048572		26272		1022300
[16:11:11]		1048572		26272		1022300
[16:11:14]		1048572		26272		1022300
[16:11:17]		1048572		26272		1022300
[16:11:20]		1048572		26272		1022300
[16:11:23]		1048572		26272		1022300
[16:11:26]		1048572		26272		1022300
[16:11:29]		1048572		26272		1022300
[16:11:32]		1048572		26272		1022300
[16:11:35]		1048572		26272		1022300
[16:11:38]		1048572		26272		1022300
[16:11:41]		1048572		26272		1022300
[16:11:44]		1048572		26272		1022300
[16:11:47]		1048572		26272		1022300
[16:11:50]		1048572		26272		1022300
[16:11:53]		1048572		26272		1022300
[16:11:56]		1048572		26272		1022300
[16:11:59]		1048572		26272		1022300
[16:12:02]		1048572		26272		1022300
[16:12:05]		1048572		26272		1022300
[16:12:08]		1048572		26272		1022300
[16:12:11]		1048572		26272		1022300
[16:12:14]		1048572		26272		1022300
[16:12:17]		1048572		26272		1022300
[16:12:20]		1048572		26272		1022300
[16:12:23]		1048572		26272		1022300
[16:12:26]		1048572		26272		1022300
[16:12:29]		1048572		26272		1022300
[16:12:32]		1048572		26272		1022300
[16:12:35]		1048572		26272		1022300
[16:12:38]		1048572		26272		1022300
[16:12:41]		1048572		26272		1022300
[16:12:44]		1048572		26272		1022300
[16:12:47]		1048572		26272		1022300
[16:12:50]		1048572		26272		1022300
[16:12:53]		1048572		26272		1022300
[16:12:56]		1048572		26272		1022300
[16:12:59]		1048572		26272		1022300
[16:13:02]		1048572		26272		1022300
[16:13:05]		1048572		26272		1022300
[16:13:08]		1048572		26272		1022300
[16:13:11]		1048572		26272		1022300
[16:13:14]		1048572		26272		1022300
[16:13:17]		1048572		26272		1022300
[16:13:20]		1048572		26272		1022300
[16:13:23]		1048572		26272		1022300
[16:13:26]		1048572		26272		1022300
[16:13:29]		1048572		26272		1022300
[16:13:32]		1048572		26272		1022300
[16:13:35]		1048572		26272		1022300
[16:13:38]		1048572		26272		1022300
[16:13:41]		1048572		26272		1022300
[16:13:44]		1048572		26272		1022300
[16:13:47]		1048572		26272		1022300
[16:13:50]		1048572		26272		1022300
[16:13:53]		1048572		26272		1022300
[16:13:56]		1048572		26272		1022300
[16:13:59]		1048572		26272		1022300
[16:14:02]		1048572		26272		1022300
[16:14:05]		1048572		26272		1022300
[16:14:08]		1048572		26272		1022300
[16:14:11]		1048572		26272		1022300
[16:14:14]		1048572		26272		1022300
[16:14:17]		1048572		26272		1022300
[16:14:20]		1048572		26272		1022300
[16:14:23]		1048572		26272		1022300
[16:14:26]		1048572		26272		1022300
[16:14:29]		1048572		26272		1022300
[16:14:32]		1048572		26272		1022300
[16:14:35]		1048572		26272		1022300
[16:14:38]		1048572		26272		1022300
[16:14:41]		1048572		26272		1022300
[16:14:44]		1048572		26272		1022300
[16:14:47]		1048572		26272		1022300
[16:14:50]		1048572		26272		1022300
[16:14:53]		1048572		26272		1022300
[16:14:56]		1048572		26272		1022300
[16:14:59]		1048572		26272		1022300
[16:15:02]		1048572		26272		1022300
[16:15:05]		1048572		26272		1022300
[16:15:08]		1048572		26272		1022300
[16:15:11]		1048572		26272		1022300
[16:15:14]		1048572		26272		1022300
[16:15:17]		1048572		26272		1022300
[16:15:20]		1048572		26272		1022300
[16:15:23]		1048572		26272		1022300
[16:15:26]		1048572		26272		1022300
[16:15:29]		1048572		26272		1022300
[16:15:32]		1048572		26272		1022300
[16:15:35]		1048572		26272		1022300
[16:15:38]		1048572		26272		1022300
[16:15:41]		1048572		26272		1022300
[16:15:44]		1048572		26272		1022300
[16:15:47]		1048572		26272		1022300
[16:15:50]		1048572		26272		1022300
[16:15:53]		1048572		26272		1022300
[16:15:56]		1048572		26272		1022300
[16:15:59]		1048572		26272		1022300
[16:16:02]		1048572		26272		1022300
[16:16:05]		1048572		26272		1022300
[16:16:08]		1048572		26272		1022300
[16:16:11]		1048572		26272		1022300
[16:16:14]		1048572		26272		1022300
[16:16:17]		1048572		26272		1022300
[16:16:20]		1048572		26272		1022300
[16:16:23]		1048572		26272		1022300
[16:16:26]		1048572		26272		1022300
[16:16:29]		1048572		26272		1022300
[16:16:32]		1048572		26272		1022300
[16:16:35]		1048572		26272		1022300
[16:16:38]		1048572		26272		1022300
[16:16:41]		1048572		26272		1022300
[16:16:44]		1048572		26272		1022300
[16:16:47]		1048572		26272		1022300
[16:16:50]		1048572		26272		1022300
[16:16:53]		1048572		26272		1022300
[16:16:56]		1048572		26272		1022300
[16:16:59]		1048572		26272		1022300
[16:17:02]		1048572		26272		1022300
[16:17:05]		1048572		26272		1022300
[16:17:08]		1048572		26272		1022300
[16:17:11]		1048572		26272		1022300
[16:17:14]		1048572		26272		1022300
[16:17:17]		1048572		26272		1022300
[16:17:20]		1048572		26272		1022300
[16:17:23]		1048572		26272		1022300
[16:17:26]		1048572		26272		1022300
[16:17:29]		1048572		26272		1022300
[16:17:32]		1048572		26272		1022300
[16:17:35]		1048572		26272		1022300
[16:17:38]		1048572		26272		1022300
[16:17:41]		1048572		26272		1022300
[16:17:44]		1048572		26272		1022300
[16:17:47]		1048572		26272		1022300
[16:17:50]		1048572		26272		1022300
[16:17:53]		1048572		26272		1022300
[16:17:56]		1048572		26272		1022300
[16:17:59]		1048572		26272		1022300
[16:18:02]		1048572		26272		1022300
[16:18:05]		1048572		28724		1019848
[16:18:08]		1048572		35100		1013472
[16:18:11]		1048572		44676		1003896
[16:18:14]		1048572		53656		994916
[16:18:17]		1048572		52432		996140
[16:18:20]		1048572		57852		990720
[16:18:23]		1048572		111860		936712
[16:18:26]		1048572		123400		925172
[16:18:29]		1048572		53520		995052
[16:18:32]		1048572		34028		1014544
[16:18:35]		1048572		33992		1014580
[16:18:38]		1048572		33964		1014608
[16:18:41]		1048572		33940		1014632
[16:18:44]		1048572		33932		1014640
[16:18:47]		1048572		33924		1014648
[16:18:50]		1048572		33788		1014784
[16:18:53]		1048572		33780		1014792
[16:18:56]		1048572		33780		1014792
[16:18:59]		1048572		33724		1014848
[16:19:02]		1048572		33652		1014920
[16:19:05]		1048572		33648		1014924
[16:19:08]		1048572		33640		1014932
[16:19:11]		1048572		31632		1016940
[16:19:14]		1048572		26420		1022152
[16:19:17]		1048572		26420		1022152
[16:19:20]		1048572		26420		1022152
[16:19:23]		1048572		26420		1022152
[16:19:26]		1048572		26420		1022152
[16:19:29]		1048572		26420		1022152
[16:19:32]		1048572		26420		1022152
[16:19:35]		1048572		26420		1022152
[16:19:38]		1048572		26420		1022152
[16:19:41]		1048572		26420		1022152
[16:19:44]		1048572		26420		1022152
[16:19:47]		1048572		26420		1022152
[16:19:50]		1048572		26420		1022152
[16:19:53]		1048572		26420		1022152
[16:19:56]		1048572		26420		1022152
[16:19:59]		1048572		26420		1022152
[16:20:02]		1048572		26420		1022152
[16:20:05]		1048572		26420		1022152
[16:20:08]		1048572		26420		1022152
[16:20:11]		1048572		26420		1022152
[16:20:14]		1048572		26420		1022152
[16:20:17]		1048572		26420		1022152
[16:20:20]		1048572		26408		1022164
[16:20:23]		1048572		26408		1022164
[16:20:26]		1048572		26408		1022164
[16:20:29]		1048572		26408		1022164
[16:20:32]		1048572		26408		1022164
[16:20:35]		1048572		26408		1022164
[16:20:38]		1048572		26408		1022164
[16:20:41]		1048572		26408		1022164
[16:20:44]		1048572		26408		1022164
[16:20:47]		1048572		26408		1022164
[16:20:50]		1048572		26408		1022164
[16:20:53]		1048572		26408		1022164
[16:20:56]		1048572		26408		1022164
[16:20:59]		1048572		26408		1022164
[16:21:02]		1048572		26408		1022164
[16:21:05]		1048572		26408		1022164
[16:21:08]		1048572		26408		1022164
[16:21:11]		1048572		26408		1022164
[16:21:14]		1048572		26408		1022164
[16:21:17]		1048572		26408		1022164
[16:21:20]		1048572		26408		1022164
[16:21:23]		1048572		26408		1022164
[16:21:26]		1048572		26408		1022164
[16:21:29]		1048572		26408		1022164
[16:21:32]		1048572		26408		1022164
[16:21:35]		1048572		26408		1022164
[16:21:38]		1048572		26408		1022164
[16:21:41]		1048572		26408		1022164
[16:21:44]		1048572		26408		1022164
[16:21:47]		1048572		26408		1022164
[16:21:50]		1048572		26408		1022164
[16:21:53]		1048572		26408		1022164
[16:21:56]		1048572		26408		1022164
[16:21:59]		1048572		26408		1022164
[16:22:02]		1048572		26408		1022164
[16:22:05]		1048572		26408		1022164
[16:22:08]		1048572		26408		1022164
[16:22:11]		1048572		26408		1022164
[16:22:14]		1048572		26408		1022164
[16:22:17]		1048572		26408		1022164
[16:22:20]		1048572		26408		1022164
[16:22:23]		1048572		26408		1022164
[16:22:26]		1048572		26408		1022164
[16:22:29]		1048572		26408		1022164
[16:22:32]		1048572		26408		1022164
[16:22:35]		1048572		26408		1022164
[16:22:38]		1048572		26408		1022164
[16:22:41]		1048572		26408		1022164
[16:22:44]		1048572		26408		1022164
[16:22:47]		1048572		26408		1022164
[16:22:50]		1048572		26408		1022164
[16:22:53]		1048572		26408		1022164
[16:22:56]		1048572		26408		1022164
[16:22:59]		1048572		26408		1022164
[16:23:02]		1048572		26408		1022164
[16:23:05]		1048572		26408		1022164
[16:23:08]		1048572		26408		1022164
[16:23:11]		1048572		26408		1022164
[16:23:14]		1048572		26408		1022164
[16:23:17]		1048572		26408		1022164
[16:23:20]		1048572		26408		1022164
[16:23:23]		1048572		26408		1022164
[16:23:26]		1048572		26408		1022164
[16:23:29]		1048572		26408		1022164
[16:23:32]		1048572		26408		1022164
[16:23:35]		1048572		26408		1022164
[16:23:38]		1048572		26408		1022164
[16:23:41]		1048572		26408		1022164
[16:23:44]		1048572		26408		1022164
[16:23:47]		1048572		26408		1022164
[16:23:50]		1048572		26408		1022164
[16:23:53]		1048572		26408		1022164
[16:23:56]		1048572		26408		1022164
[16:23:59]		1048572		26408		1022164
[16:24:02]		1048572		26408		1022164
[16:24:05]		1048572		26408		1022164
[16:24:08]		1048572		26408		1022164
[16:24:11]		1048572		26408		1022164
[16:24:14]		1048572		26408		1022164
[16:24:17]		1048572		26408		1022164
[16:24:20]		1048572		26408		1022164
[16:24:23]		1048572		26408		1022164
[16:24:26]		1048572		26408		1022164
[16:24:29]		1048572		26408		1022164
[16:24:32]		1048572		26408		1022164
[16:24:35]		1048572		26408		1022164
[16:24:38]		1048572		26408		1022164
[16:24:41]		1048572		26408		1022164
[16:24:44]		1048572		26408		1022164
[16:24:47]		1048572		26408		1022164
[16:24:50]		1048572		26408		1022164
[16:24:53]		1048572		26408		1022164
[16:24:56]		1048572		26408		1022164
[16:24:59]		1048572		26408		1022164
[16:25:02]		1048572		26408		1022164
[16:25:05]		1048572		26408		1022164
[16:25:08]		1048572		26408		1022164
[16:25:11]		1048572		26408		1022164
[16:25:14]		1048572		26408		1022164
[16:25:17]		1048572		26408		1022164
[16:25:20]		1048572		26408		1022164
[16:25:23]		1048572		26408		1022164
[16:25:26]		1048572		26408		1022164
[16:25:29]		1048572		26408		1022164
[16:25:32]		1048572		26408		1022164
[16:25:35]		1048572		26408		1022164
[16:25:38]		1048572		26408		1022164
[16:25:41]		1048572		26408		1022164
[16:25:44]		1048572		26408		1022164
[16:25:47]		1048572		26408		1022164
[16:25:50]		1048572		26408		1022164
[16:25:53]		1048572		26408		1022164
[16:25:56]		1048572		26408		1022164
[16:25:59]		1048572		26408		1022164
[16:26:02]		1048572		26408		1022164
[16:26:05]		1048572		26408		1022164
[16:26:08]		1048572		26408		1022164
[16:26:11]		1048572		26408		1022164
[16:26:14]		1048572		26408		1022164
[16:26:17]		1048572		26408		1022164
[16:26:20]		1048572		26408		1022164
[16:26:23]		1048572		26408		1022164
[16:26:26]		1048572		26408		1022164
[16:26:29]		1048572		26408		1022164
[16:26:32]		1048572		26408		1022164
[16:26:35]		1048572		26408		1022164
[16:26:38]		1048572		26408		1022164
[16:26:41]		1048572		26408		1022164
[16:26:44]		1048572		26408		1022164
[16:26:47]		1048572		26408		1022164
[16:26:50]		1048572		26408		1022164
[16:26:53]		1048572		26408		1022164
[16:26:56]		1048572		26408		1022164
[16:26:59]		1048572		26408		1022164
[16:27:02]		1048572		26408		1022164
[16:27:05]		1048572		26408		1022164
[16:27:08]		1048572		26408		1022164
[16:27:11]		1048572		26408		1022164
[16:27:14]		1048572		26408		1022164
[16:27:17]		1048572		26408		1022164
[16:27:20]		1048572		26408		1022164
[16:27:23]		1048572		26408		1022164
[16:27:26]		1048572		26408		1022164
[16:27:29]		1048572		26408		1022164
[16:27:32]		1048572		27700		1020872
[16:27:36]		1048572		30760		1017812
[16:27:39]		1048572		35476		1013096
[16:27:42]		1048572		35472		1013100
[16:27:45]		1048572		35440		1013132
[16:27:48]		1048572		35412		1013160
[16:27:51]		1048572		33784		1014788
[16:27:54]		1048572		33680		1014892
[16:27:57]		1048572		33612		1014960
[16:28:00]		1048572		33516		1015056
[16:28:03]		1048572		33344		1015228
[16:28:06]		1048572		33316		1015256
[16:28:09]		1048572		33296		1015276
[16:28:12]		1048572		33280		1015292
[16:28:15]		1048572		33252		1015320
[16:28:18]		1048572		33252		1015320
[16:28:21]		1048572		33204		1015368
[16:28:24]		1048572		33100		1015472
[16:28:27]		1048572		33100		1015472
[16:28:30]		1048572		33064		1015508
[16:28:33]		1048572		33004		1015568
[16:28:36]		1048572		32992		1015580
[16:28:39]		1048572		32992		1015580
[16:28:42]		1048572		32944		1015628
[16:28:45]		1048572		26668		1021904
[16:28:48]		1048572		26344		1022228
[16:28:51]		1048572		26088		1022484
[16:28:54]		1048572		26088		1022484
[16:28:57]		1048572		26088		1022484
[16:29:00]		1048572		26088		1022484
[16:29:03]		1048572		26088		1022484
[16:29:06]		1048572		26088		1022484
[16:29:09]		1048572		26088		1022484
[16:29:12]		1048572		26088		1022484
[16:29:15]		1048572		26088		1022484
[16:29:18]		1048572		26088		1022484
[16:29:21]		1048572		26088		1022484
[16:29:24]		1048572		26088		1022484
[16:29:27]		1048572		26088		1022484
[16:29:30]		1048572		26088		1022484
[16:29:33]		1048572		26088		1022484
[16:29:36]		1048572		26088		1022484
[16:29:39]		1048572		26088		1022484
[16:29:42]		1048572		26088		1022484
[16:29:45]		1048572		26088		1022484
[16:29:48]		1048572		25864		1022708
[16:29:51]		1048572		25856		1022716
[16:29:54]		1048572		25856		1022716
[16:29:57]		1048572		25856		1022716
[16:30:00]		1048572		25856		1022716
[16:30:03]		1048572		25856		1022716
[16:30:06]		1048572		25856		1022716
[16:30:09]		1048572		25856		1022716
[16:30:12]		1048572		25856		1022716
[16:30:15]		1048572		25856		1022716
[16:30:18]		1048572		25856		1022716
[16:30:21]		1048572		25856		1022716
[16:30:24]		1048572		25856		1022716
[16:30:27]		1048572		25856		1022716
[16:30:30]		1048572		25856		1022716
[16:30:33]		1048572		25856		1022716
[16:30:36]		1048572		25856		1022716
[16:30:39]		1048572		25856		1022716
[16:30:42]		1048572		25856		1022716
[16:30:45]		1048572		25856		1022716
[16:30:48]		1048572		25856		1022716
[16:30:51]		1048572		25856		1022716
[16:30:54]		1048572		25856		1022716
[16:30:57]		1048572		25856		1022716
[16:31:00]		1048572		25856		1022716
[16:31:03]		1048572		25856		1022716
[16:31:06]		1048572		25856		1022716
[16:31:09]		1048572		25856		1022716
[16:31:12]		1048572		25856		1022716
[16:31:15]		1048572		25856		1022716
[16:31:18]		1048572		25856		1022716
[16:31:21]		1048572		25856		1022716
[16:31:24]		1048572		25856		1022716
[16:31:27]		1048572		25856		1022716
[16:31:30]		1048572		25856		1022716
[16:31:33]		1048572		25856		1022716
[16:31:36]		1048572		25856		1022716
[16:31:39]		1048572		25856		1022716
[16:31:42]		1048572		25856		1022716
[16:31:45]		1048572		25856		1022716
[16:31:48]		1048572		25856		1022716
[16:31:51]		1048572		25856		1022716
[16:31:54]		1048572		25856		1022716
[16:31:57]		1048572		25856		1022716
[16:32:00]		1048572		25856		1022716
[16:32:03]		1048572		25856		1022716
[16:32:06]		1048572		25856		1022716
[16:32:09]		1048572		25856		1022716
[16:32:12]		1048572		25856		1022716
[16:32:15]		1048572		25856		1022716
[16:32:18]		1048572		25856		1022716
[16:32:21]		1048572		25856		1022716
[16:32:24]		1048572		25856		1022716
[16:32:27]		1048572		25856		1022716
[16:32:30]		1048572		25856		1022716
[16:32:33]		1048572		25856		1022716
[16:32:36]		1048572		25856		1022716
[16:32:39]		1048572		25856		1022716
[16:32:42]		1048572		25856		1022716
[16:32:45]		1048572		25856		1022716
[16:32:48]		1048572		25856		1022716
[16:32:51]		1048572		25856		1022716
[16:32:54]		1048572		25856		1022716
[16:32:57]		1048572		25856		1022716
[16:33:00]		1048572		25856		1022716
[16:33:03]		1048572		25856		1022716
[16:33:06]		1048572		25856		1022716
[16:33:09]		1048572		25856		1022716
[16:33:12]		1048572		25856		1022716
[16:33:15]		1048572		25856		1022716
[16:33:18]		1048572		25856		1022716
[16:33:21]		1048572		25856		1022716
[16:33:24]		1048572		25856		1022716
[16:33:27]		1048572		25856		1022716
[16:33:30]		1048572		25856		1022716
[16:33:33]		1048572		25856		1022716
[16:33:36]		1048572		25856		1022716
[16:33:39]		1048572		25856		1022716
[16:33:42]		1048572		25856		1022716
