record in kb
time		total		used		free
[16:42:48]		1048572		56		1048516
[16:42:51]		1048572		56		1048516
[16:42:54]		1048572		56		1048516
[16:42:57]		1048572		56		1048516
[16:43:00]		1048572		56		1048516
[16:43:03]		1048572		56		1048516
[16:43:06]		1048572		56		1048516
[16:43:09]		1048572		56		1048516
[16:43:12]		1048572		56		1048516
[16:43:15]		1048572		56		1048516
[16:43:18]		1048572		56		1048516
[16:43:21]		1048572		56		1048516
[16:43:24]		1048572		56		1048516
[16:43:27]		1048572		56		1048516
[16:43:30]		1048572		56		1048516
[16:43:33]		1048572		56		1048516
[16:43:36]		1048572		56		1048516
[16:43:39]		1048572		56		1048516
[16:43:42]		1048572		56		1048516
[16:43:45]		1048572		56		1048516
[16:43:48]		1048572		56		1048516
[16:43:51]		1048572		56		1048516
[16:43:54]		1048572		56		1048516
[16:43:57]		1048572		56		1048516
[16:44:00]		1048572		56		1048516
[16:44:03]		1048572		56		1048516
[16:44:06]		1048572		56		1048516
[16:44:09]		1048572		56		1048516
[16:44:12]		1048572		56		1048516
[16:44:15]		1048572		56		1048516
[16:44:18]		1048572		56		1048516
[16:44:21]		1048572		56		1048516
[16:44:24]		1048572		56		1048516
[16:44:27]		1048572		56		1048516
[16:44:30]		1048572		56		1048516
[16:44:33]		1048572		56		1048516
[16:44:36]		1048572		56		1048516
[16:44:39]		1048572		56		1048516
[16:44:42]		1048572		56		1048516
[16:44:45]		1048572		56		1048516
[16:44:48]		1048572		56		1048516
[16:44:51]		1048572		56		1048516
[16:44:54]		1048572		56		1048516
[16:44:57]		1048572		56		1048516
[16:45:00]		1048572		56		1048516
[16:45:03]		1048572		56		1048516
[16:45:06]		1048572		56		1048516
[16:45:09]		1048572		56		1048516
[16:45:12]		1048572		56		1048516
[16:45:15]		1048572		56		1048516
[16:45:18]		1048572		56		1048516
[16:45:21]		1048572		56		1048516
[16:45:24]		1048572		56		1048516
[16:45:27]		1048572		56		1048516
[16:45:30]		1048572		56		1048516
[16:45:33]		1048572		56		1048516
[16:45:36]		1048572		56		1048516
[16:45:39]		1048572		56		1048516
[16:45:42]		1048572		56		1048516
[16:45:45]		1048572		56		1048516
[16:45:48]		1048572		56		1048516
[16:45:51]		1048572		56		1048516
[16:45:54]		1048572		56		1048516
[16:45:57]		1048572		56		1048516
[16:46:00]		1048572		56		1048516
[16:46:03]		1048572		56		1048516
[16:46:06]		1048572		56		1048516
[16:46:09]		1048572		56		1048516
[16:46:12]		1048572		56		1048516
[16:46:15]		1048572		56		1048516
[16:46:18]		1048572		56		1048516
[16:46:21]		1048572		56		1048516
[16:46:24]		1048572		56		1048516
[16:46:27]		1048572		56		1048516
[16:46:30]		1048572		56		1048516
[16:46:33]		1048572		56		1048516
[16:46:36]		1048572		56		1048516
[16:46:39]		1048572		56		1048516
[16:46:42]		1048572		56		1048516
[16:46:45]		1048572		56		1048516
[16:46:48]		1048572		56		1048516
[16:46:51]		1048572		56		1048516
[16:46:54]		1048572		56		1048516
[16:46:57]		1048572		56		1048516
[16:47:00]		1048572		56		1048516
[16:47:03]		1048572		56		1048516
[16:47:06]		1048572		56		1048516
[16:47:09]		1048572		56		1048516
[16:47:12]		1048572		56		1048516
[16:47:15]		1048572		56		1048516
[16:47:18]		1048572		56		1048516
[16:47:21]		1048572		56		1048516
[16:47:24]		1048572		56		1048516
[16:47:27]		1048572		56		1048516
[16:47:30]		1048572		56		1048516
[16:47:33]		1048572		56		1048516
[16:47:36]		1048572		56		1048516
[16:47:39]		1048572		56		1048516
[16:47:42]		1048572		56		1048516
[16:47:45]		1048572		56		1048516
[16:47:48]		1048572		56		1048516
[16:47:51]		1048572		56		1048516
[16:47:54]		1048572		56		1048516
[16:47:57]		1048572		56		1048516
[16:48:00]		1048572		56		1048516
[16:48:03]		1048572		56		1048516
[16:48:06]		1048572		56		1048516
[16:48:09]		1048572		56		1048516
[16:48:12]		1048572		56		1048516
[16:48:15]		1048572		56		1048516
[16:48:18]		1048572		56		1048516
[16:48:21]		1048572		56		1048516
[16:48:24]		1048572		56		1048516
[16:48:27]		1048572		56		1048516
[16:48:30]		1048572		56		1048516
[16:48:33]		1048572		56		1048516
[16:48:36]		1048572		56		1048516
[16:48:39]		1048572		56		1048516
[16:48:42]		1048572		56		1048516
[16:48:45]		1048572		56		1048516
[16:48:48]		1048572		56		1048516
[16:48:51]		1048572		56		1048516
[16:48:54]		1048572		56		1048516
[16:48:57]		1048572		56		1048516
[16:49:00]		1048572		56		1048516
[16:49:03]		1048572		56		1048516
[16:49:06]		1048572		56		1048516
[16:49:09]		1048572		56		1048516
[16:49:12]		1048572		56		1048516
[16:49:15]		1048572		56		1048516
[16:49:18]		1048572		56		1048516
[16:49:21]		1048572		56		1048516
[16:49:24]		1048572		56		1048516
[16:49:27]		1048572		56		1048516
[16:49:30]		1048572		56		1048516
[16:49:33]		1048572		56		1048516
[16:49:36]		1048572		56		1048516
[16:49:39]		1048572		56		1048516
[16:49:42]		1048572		56		1048516
[16:49:45]		1048572		56		1048516
[16:49:48]		1048572		56		1048516
[16:49:51]		1048572		56		1048516
[16:49:54]		1048572		56		1048516
[16:49:57]		1048572		56		1048516
[16:50:00]		1048572		56		1048516
[16:50:03]		1048572		56		1048516
[16:50:06]		1048572		56		1048516
[16:50:09]		1048572		56		1048516
[16:50:12]		1048572		56		1048516
[16:50:15]		1048572		56		1048516
[16:50:18]		1048572		56		1048516
[16:50:21]		1048572		56		1048516
[16:50:24]		1048572		56		1048516
[16:50:27]		1048572		56		1048516
[16:50:30]		1048572		56		1048516
[16:50:33]		1048572		56		1048516
[16:50:36]		1048572		56		1048516
[16:50:39]		1048572		56		1048516
[16:50:42]		1048572		56		1048516
[16:50:45]		1048572		56		1048516
[16:50:48]		1048572		56		1048516
[16:50:51]		1048572		56		1048516
[16:50:54]		1048572		56		1048516
[16:50:57]		1048572		56		1048516
[16:51:00]		1048572		56		1048516
[16:51:03]		1048572		56		1048516
[16:51:06]		1048572		56		1048516
[16:51:09]		1048572		56		1048516
[16:51:12]		1048572		56		1048516
[16:51:16]		1048572		56		1048516
[16:51:19]		1048572		56		1048516
[16:51:22]		1048572		56		1048516
[16:51:25]		1048572		56		1048516
[16:51:28]		1048572		56		1048516
[16:51:31]		1048572		56		1048516
[16:51:34]		1048572		56		1048516
[16:51:37]		1048572		56		1048516
[16:51:40]		1048572		56		1048516
[16:51:43]		1048572		56		1048516
[16:51:46]		1048572		56		1048516
[16:51:49]		1048572		56		1048516
[16:51:52]		1048572		56		1048516
[16:51:55]		1048572		56		1048516
[16:51:58]		1048572		56		1048516
[16:52:01]		1048572		56		1048516
[16:52:04]		1048572		56		1048516
[16:52:07]		1048572		56		1048516
[16:52:10]		1048572		56		1048516
[16:52:13]		1048572		56		1048516
[16:52:16]		1048572		56		1048516
[16:52:19]		1048572		56		1048516
[16:52:22]		1048572		56		1048516
[16:52:25]		1048572		56		1048516
[16:52:28]		1048572		56		1048516
[16:52:31]		1048572		56		1048516
[16:52:34]		1048572		56		1048516
[16:52:37]		1048572		56		1048516
[16:52:40]		1048572		56		1048516
[16:52:43]		1048572		56		1048516
[16:52:46]		1048572		56		1048516
[16:52:49]		1048572		56		1048516
[16:52:52]		1048572		56		1048516
[16:52:55]		1048572		56		1048516
[16:52:58]		1048572		56		1048516
[16:53:01]		1048572		56		1048516
[16:53:04]		1048572		56		1048516
[16:53:07]		1048572		56		1048516
[16:53:10]		1048572		56		1048516
[16:53:13]		1048572		56		1048516
[16:53:16]		1048572		56		1048516
[16:53:19]		1048572		56		1048516
[16:53:22]		1048572		56		1048516
[16:53:25]		1048572		56		1048516
[16:53:28]		1048572		56		1048516
[16:53:31]		1048572		56		1048516
[16:53:34]		1048572		56		1048516
[16:53:37]		1048572		56		1048516
[16:53:40]		1048572		56		1048516
[16:53:43]		1048572		56		1048516
[16:53:46]		1048572		56		1048516
[16:53:49]		1048572		56		1048516
[16:53:52]		1048572		56		1048516
[16:53:55]		1048572		56		1048516
[16:53:58]		1048572		56		1048516
[16:54:01]		1048572		56		1048516
[16:54:04]		1048572		56		1048516
[16:54:07]		1048572		56		1048516
[16:54:10]		1048572		56		1048516
[16:54:13]		1048572		56		1048516
[16:54:16]		1048572		56		1048516
[16:54:19]		1048572		56		1048516
[16:54:22]		1048572		56		1048516
[16:54:25]		1048572		56		1048516
[16:54:28]		1048572		56		1048516
[16:54:31]		1048572		56		1048516
[16:54:34]		1048572		56		1048516
[16:54:37]		1048572		56		1048516
[16:54:40]		1048572		56		1048516
[16:54:43]		1048572		56		1048516
[16:54:46]		1048572		56		1048516
[16:54:49]		1048572		56		1048516
[16:54:52]		1048572		56		1048516
[16:54:55]		1048572		56		1048516
[16:54:58]		1048572		56		1048516
[16:55:01]		1048572		56		1048516
[16:55:04]		1048572		56		1048516
[16:55:07]		1048572		56		1048516
[16:55:10]		1048572		56		1048516
[16:55:13]		1048572		56		1048516
[16:55:16]		1048572		56		1048516
[16:55:19]		1048572		56		1048516
[16:55:22]		1048572		56		1048516
[16:55:25]		1048572		56		1048516
[16:55:28]		1048572		56		1048516
[16:55:31]		1048572		56		1048516
[16:55:34]		1048572		56		1048516
[16:55:37]		1048572		56		1048516
[16:55:40]		1048572		56		1048516
[16:55:43]		1048572		56		1048516
[16:55:46]		1048572		56		1048516
[16:55:49]		1048572		56		1048516
[16:55:52]		1048572		56		1048516
[16:55:55]		1048572		56		1048516
[16:55:58]		1048572		56		1048516
[16:56:01]		1048572		56		1048516
[16:56:04]		1048572		56		1048516
[16:56:07]		1048572		56		1048516
[16:56:10]		1048572		56		1048516
[16:56:13]		1048572		56		1048516
[16:56:16]		1048572		56		1048516
[16:56:19]		1048572		56		1048516
[16:56:22]		1048572		56		1048516
[16:56:25]		1048572		56		1048516
[16:56:28]		1048572		56		1048516
[16:56:31]		1048572		56		1048516
[16:56:34]		1048572		56		1048516
[16:56:37]		1048572		56		1048516
[16:56:40]		1048572		56		1048516
[16:56:43]		1048572		56		1048516
[16:56:46]		1048572		56		1048516
[16:56:49]		1048572		56		1048516
[16:56:52]		1048572		56		1048516
[16:56:55]		1048572		56		1048516
[16:56:58]		1048572		56		1048516
[16:57:01]		1048572		56		1048516
[16:57:04]		1048572		56		1048516
[16:57:07]		1048572		56		1048516
[16:57:10]		1048572		56		1048516
[16:57:13]		1048572		56		1048516
[16:57:16]		1048572		56		1048516
[16:57:19]		1048572		56		1048516
[16:57:22]		1048572		56		1048516
[16:57:25]		1048572		56		1048516
[16:57:28]		1048572		56		1048516
[16:57:31]		1048572		56		1048516
[16:57:34]		1048572		56		1048516
[16:57:37]		1048572		56		1048516
[16:57:40]		1048572		56		1048516
[16:57:43]		1048572		56		1048516
[16:57:46]		1048572		56		1048516
[16:57:49]		1048572		56		1048516
[16:57:52]		1048572		56		1048516
[16:57:55]		1048572		56		1048516
[16:57:58]		1048572		56		1048516
[16:58:01]		1048572		56		1048516
[16:58:04]		1048572		56		1048516
[16:58:07]		1048572		56		1048516
[16:58:10]		1048572		56		1048516
[16:58:13]		1048572		56		1048516
[16:58:16]		1048572		56		1048516
[16:58:19]		1048572		56		1048516
[16:58:22]		1048572		56		1048516
[16:58:25]		1048572		56		1048516
[16:58:28]		1048572		56		1048516
[16:58:31]		1048572		56		1048516
[16:58:34]		1048572		56		1048516
[16:58:37]		1048572		56		1048516
[16:58:40]		1048572		56		1048516
[16:58:43]		1048572		56		1048516
[16:58:46]		1048572		56		1048516
[16:58:49]		1048572		56		1048516
[16:58:52]		1048572		56		1048516
[16:58:55]		1048572		56		1048516
[16:58:58]		1048572		56		1048516
[16:59:01]		1048572		56		1048516
[16:59:04]		1048572		56		1048516
[16:59:07]		1048572		56		1048516
[16:59:10]		1048572		56		1048516
[16:59:13]		1048572		56		1048516
[16:59:16]		1048572		56		1048516
[16:59:19]		1048572		56		1048516
[16:59:22]		1048572		56		1048516
[16:59:25]		1048572		56		1048516
[16:59:28]		1048572		56		1048516
[16:59:31]		1048572		56		1048516
[16:59:34]		1048572		56		1048516
[16:59:37]		1048572		56		1048516
[16:59:40]		1048572		56		1048516
[16:59:43]		1048572		56		1048516
[16:59:46]		1048572		56		1048516
[16:59:49]		1048572		56		1048516
[16:59:52]		1048572		56		1048516
[16:59:55]		1048572		56		1048516
[16:59:58]		1048572		56		1048516
[17:00:01]		1048572		56		1048516
[17:00:04]		1048572		56		1048516
[17:00:07]		1048572		56		1048516
[17:00:10]		1048572		56		1048516
[17:00:13]		1048572		56		1048516
[17:00:16]		1048572		56		1048516
[17:00:19]		1048572		56		1048516
[17:00:22]		1048572		56		1048516
[17:00:25]		1048572		56		1048516
[17:00:28]		1048572		56		1048516
[17:00:31]		1048572		56		1048516
[17:00:34]		1048572		56		1048516
[17:00:37]		1048572		56		1048516
[17:00:40]		1048572		56		1048516
[17:00:43]		1048572		56		1048516
[17:00:46]		1048572		56		1048516
[17:00:49]		1048572		56		1048516
[17:00:52]		1048572		56		1048516
[17:00:55]		1048572		56		1048516
[17:00:58]		1048572		56		1048516
[17:01:01]		1048572		56		1048516
[17:01:04]		1048572		56		1048516
[17:01:07]		1048572		56		1048516
[17:01:10]		1048572		56		1048516
[17:01:13]		1048572		56		1048516
[17:01:16]		1048572		56		1048516
[17:01:19]		1048572		56		1048516
[17:01:22]		1048572		56		1048516
[17:01:25]		1048572		56		1048516
[17:01:28]		1048572		56		1048516
[17:01:31]		1048572		56		1048516
[17:01:34]		1048572		56		1048516
[17:01:37]		1048572		56		1048516
[17:01:40]		1048572		56		1048516
[17:01:43]		1048572		56		1048516
[17:01:46]		1048572		56		1048516
[17:01:49]		1048572		56		1048516
[17:01:52]		1048572		56		1048516
[17:01:55]		1048572		56		1048516
[17:01:58]		1048572		56		1048516
[17:02:01]		1048572		56		1048516
[17:02:04]		1048572		56		1048516
[17:02:07]		1048572		56		1048516
[17:02:10]		1048572		56		1048516
[17:02:13]		1048572		56		1048516
[17:02:16]		1048572		56		1048516
[17:02:19]		1048572		56		1048516
[17:02:22]		1048572		56		1048516
[17:02:25]		1048572		56		1048516
[17:02:28]		1048572		56		1048516
[17:02:31]		1048572		56		1048516
[17:02:34]		1048572		56		1048516
[17:02:37]		1048572		56		1048516
[17:02:40]		1048572		56		1048516
[17:02:43]		1048572		56		1048516
[17:02:46]		1048572		56		1048516
[17:02:49]		1048572		56		1048516
[17:02:52]		1048572		56		1048516
[17:02:55]		1048572		56		1048516
[17:02:58]		1048572		56		1048516
[17:03:01]		1048572		56		1048516
[17:03:04]		1048572		56		1048516
[17:03:07]		1048572		56		1048516
[17:03:10]		1048572		56		1048516
[17:03:13]		1048572		56		1048516
[17:03:16]		1048572		56		1048516
[17:03:19]		1048572		56		1048516
[17:03:22]		1048572		56		1048516
[17:03:25]		1048572		56		1048516
[17:03:28]		1048572		56		1048516
[17:03:31]		1048572		56		1048516
[17:03:34]		1048572		56		1048516
[17:03:37]		1048572		56		1048516
[17:03:40]		1048572		56		1048516
[17:03:43]		1048572		56		1048516
[17:03:46]		1048572		56		1048516
[17:03:49]		1048572		56		1048516
[17:03:52]		1048572		56		1048516
[17:03:55]		1048572		56		1048516
[17:03:58]		1048572		56		1048516
[17:04:01]		1048572		56		1048516
[17:04:04]		1048572		56		1048516
[17:04:07]		1048572		56		1048516
[17:04:10]		1048572		56		1048516
[17:04:13]		1048572		56		1048516
[17:04:16]		1048572		56		1048516
[17:04:19]		1048572		56		1048516
[17:04:22]		1048572		56		1048516
[17:04:25]		1048572		56		1048516
[17:04:28]		1048572		56		1048516
[17:04:31]		1048572		56		1048516
[17:04:34]		1048572		56		1048516
[17:04:37]		1048572		56		1048516
[17:04:40]		1048572		56		1048516
[17:04:43]		1048572		56		1048516
[17:04:46]		1048572		56		1048516
[17:04:49]		1048572		56		1048516
[17:04:52]		1048572		56		1048516
[17:04:55]		1048572		56		1048516
[17:04:58]		1048572		56		1048516
[17:05:01]		1048572		56		1048516
[17:05:04]		1048572		56		1048516
[17:05:07]		1048572		56		1048516
[17:05:10]		1048572		56		1048516
[17:05:13]		1048572		56		1048516
[17:05:16]		1048572		56		1048516
[17:05:19]		1048572		56		1048516
[17:05:22]		1048572		56		1048516
[17:05:25]		1048572		56		1048516
[17:05:28]		1048572		56		1048516
[17:05:31]		1048572		56		1048516
[17:05:34]		1048572		56		1048516
[17:05:37]		1048572		56		1048516
[17:05:40]		1048572		56		1048516
[17:05:43]		1048572		56		1048516
[17:05:46]		1048572		56		1048516
[17:05:49]		1048572		56		1048516
[17:05:52]		1048572		56		1048516
[17:05:55]		1048572		56		1048516
[17:05:58]		1048572		56		1048516
[17:06:01]		1048572		56		1048516
[17:06:04]		1048572		56		1048516
[17:06:07]		1048572		56		1048516
[17:06:10]		1048572		56		1048516
[17:06:13]		1048572		56		1048516
[17:06:16]		1048572		56		1048516
[17:06:19]		1048572		56		1048516
[17:06:22]		1048572		56		1048516
[17:06:25]		1048572		56		1048516
[17:06:28]		1048572		56		1048516
[17:06:31]		1048572		56		1048516
[17:06:34]		1048572		56		1048516
[17:06:37]		1048572		56		1048516
[17:06:40]		1048572		56		1048516
[17:06:43]		1048572		56		1048516
[17:06:46]		1048572		56		1048516
[17:06:49]		1048572		56		1048516
[17:06:52]		1048572		56		1048516
[17:06:55]		1048572		56		1048516
[17:06:58]		1048572		56		1048516
[17:07:01]		1048572		56		1048516
[17:07:04]		1048572		56		1048516
[17:07:07]		1048572		56		1048516
[17:07:10]		1048572		56		1048516
[17:07:13]		1048572		56		1048516
[17:07:16]		1048572		56		1048516
[17:07:19]		1048572		56		1048516
[17:07:22]		1048572		56		1048516
[17:07:25]		1048572		56		1048516
[17:07:28]		1048572		56		1048516
[17:07:31]		1048572		56		1048516
[17:07:34]		1048572		56		1048516
[17:07:37]		1048572		56		1048516
[17:07:40]		1048572		56		1048516
[17:07:43]		1048572		56		1048516
[17:07:46]		1048572		56		1048516
[17:07:49]		1048572		56		1048516
[17:07:52]		1048572		56		1048516
[17:07:55]		1048572		56		1048516
[17:07:58]		1048572		56		1048516
[17:08:01]		1048572		56		1048516
[17:08:04]		1048572		56		1048516
[17:08:07]		1048572		56		1048516
[17:08:10]		1048572		56		1048516
[17:08:13]		1048572		56		1048516
[17:08:16]		1048572		56		1048516
[17:08:19]		1048572		56		1048516
[17:08:22]		1048572		56		1048516
[17:08:25]		1048572		56		1048516
[17:08:28]		1048572		56		1048516
[17:08:31]		1048572		56		1048516
[17:08:34]		1048572		56		1048516
[17:08:37]		1048572		56		1048516
[17:08:40]		1048572		56		1048516
[17:08:43]		1048572		56		1048516
[17:08:46]		1048572		56		1048516
[17:08:49]		1048572		56		1048516
[17:08:52]		1048572		56		1048516
[17:08:55]		1048572		56		1048516
[17:08:58]		1048572		56		1048516
[17:09:01]		1048572		56		1048516
[17:09:04]		1048572		56		1048516
[17:09:07]		1048572		56		1048516
[17:09:10]		1048572		56		1048516
[17:09:13]		1048572		56		1048516
[17:09:16]		1048572		56		1048516
[17:09:19]		1048572		56		1048516
[17:09:22]		1048572		56		1048516
[17:09:25]		1048572		56		1048516
[17:09:28]		1048572		56		1048516
[17:09:31]		1048572		56		1048516
[17:09:34]		1048572		56		1048516
[17:09:37]		1048572		56		1048516
[17:09:40]		1048572		56		1048516
[17:09:43]		1048572		56		1048516
[17:09:46]		1048572		56		1048516
[17:09:49]		1048572		56		1048516
[17:09:52]		1048572		56		1048516
[17:09:55]		1048572		56		1048516
[17:09:58]		1048572		56		1048516
[17:10:01]		1048572		56		1048516
[17:10:04]		1048572		56		1048516
[17:10:07]		1048572		56		1048516
[17:10:10]		1048572		56		1048516
[17:10:13]		1048572		56		1048516
[17:10:16]		1048572		56		1048516
[17:10:19]		1048572		56		1048516
[17:10:22]		1048572		56		1048516
[17:10:25]		1048572		56		1048516
[17:10:28]		1048572		56		1048516
[17:10:31]		1048572		56		1048516
[17:10:34]		1048572		56		1048516
[17:10:37]		1048572		56		1048516
[17:10:40]		1048572		56		1048516
[17:10:43]		1048572		56		1048516
[17:10:46]		1048572		56		1048516
[17:10:49]		1048572		56		1048516
[17:10:52]		1048572		56		1048516
[17:10:55]		1048572		56		1048516
[17:10:58]		1048572		56		1048516
[17:11:01]		1048572		56		1048516
[17:11:04]		1048572		56		1048516
[17:11:07]		1048572		56		1048516
[17:11:10]		1048572		56		1048516
[17:11:13]		1048572		56		1048516
[17:11:16]		1048572		56		1048516
[17:11:19]		1048572		56		1048516
[17:11:22]		1048572		56		1048516
[17:11:25]		1048572		56		1048516
[17:11:28]		1048572		56		1048516
[17:11:31]		1048572		56		1048516
[17:11:34]		1048572		56		1048516
[17:11:37]		1048572		56		1048516
[17:11:40]		1048572		56		1048516
[17:11:43]		1048572		56		1048516
[17:11:46]		1048572		56		1048516
[17:11:49]		1048572		56		1048516
[17:11:52]		1048572		56		1048516
[17:11:55]		1048572		56		1048516
[17:11:58]		1048572		56		1048516
[17:12:01]		1048572		56		1048516
[17:12:04]		1048572		56		1048516
[17:12:07]		1048572		56		1048516
[17:12:10]		1048572		56		1048516
[17:12:13]		1048572		56		1048516
[17:12:16]		1048572		56		1048516
[17:12:19]		1048572		56		1048516
[17:12:22]		1048572		56		1048516
[17:12:25]		1048572		56		1048516
[17:12:28]		1048572		56		1048516
[17:12:31]		1048572		56		1048516
[17:12:34]		1048572		56		1048516
[17:12:37]		1048572		56		1048516
[17:12:40]		1048572		56		1048516
[17:12:43]		1048572		56		1048516
[17:12:46]		1048572		56		1048516
[17:12:49]		1048572		56		1048516
[17:12:52]		1048572		56		1048516
[17:12:55]		1048572		56		1048516
[17:12:58]		1048572		56		1048516
[17:13:01]		1048572		56		1048516
[17:13:04]		1048572		56		1048516
[17:13:07]		1048572		56		1048516
[17:13:10]		1048572		56		1048516
[17:13:13]		1048572		56		1048516
[17:13:16]		1048572		56		1048516
[17:13:19]		1048572		56		1048516
[17:13:22]		1048572		56		1048516
[17:13:25]		1048572		56		1048516
[17:13:28]		1048572		56		1048516
[17:13:31]		1048572		56		1048516
[17:13:34]		1048572		56		1048516
[17:13:37]		1048572		56		1048516
[17:13:40]		1048572		56		1048516
[17:13:43]		1048572		56		1048516
[17:13:46]		1048572		56		1048516
[17:13:49]		1048572		56		1048516
[17:13:52]		1048572		56		1048516
[17:13:55]		1048572		56		1048516
[17:13:58]		1048572		56		1048516
[17:14:01]		1048572		56		1048516
[17:14:04]		1048572		56		1048516
[17:14:07]		1048572		56		1048516
[17:14:10]		1048572		56		1048516
[17:14:13]		1048572		56		1048516
[17:14:16]		1048572		56		1048516
[17:14:19]		1048572		56		1048516
[17:14:22]		1048572		56		1048516
[17:14:25]		1048572		56		1048516
[17:14:28]		1048572		56		1048516
[17:14:31]		1048572		56		1048516
[17:14:34]		1048572		56		1048516
[17:14:37]		1048572		56		1048516
[17:14:40]		1048572		56		1048516
[17:14:43]		1048572		56		1048516
[17:14:46]		1048572		56		1048516
[17:14:49]		1048572		56		1048516
[17:14:52]		1048572		56		1048516
[17:14:55]		1048572		56		1048516
[17:14:58]		1048572		56		1048516
[17:15:01]		1048572		56		1048516
[17:15:04]		1048572		56		1048516
[17:15:07]		1048572		56		1048516
[17:15:10]		1048572		56		1048516
[17:15:13]		1048572		56		1048516
[17:15:16]		1048572		56		1048516
[17:15:19]		1048572		56		1048516
[17:15:22]		1048572		56		1048516
[17:15:25]		1048572		56		1048516
[17:15:28]		1048572		56		1048516
[17:15:31]		1048572		56		1048516
[17:15:34]		1048572		56		1048516
[17:15:37]		1048572		56		1048516
[17:15:40]		1048572		56		1048516
[17:15:43]		1048572		56		1048516
[17:15:46]		1048572		56		1048516
[17:15:49]		1048572		56		1048516
[17:15:52]		1048572		56		1048516
[17:15:55]		1048572		56		1048516
[17:15:58]		1048572		56		1048516
[17:16:01]		1048572		56		1048516
[17:16:04]		1048572		56		1048516
[17:16:07]		1048572		56		1048516
[17:16:10]		1048572		56		1048516
[17:16:13]		1048572		56		1048516
[17:16:16]		1048572		56		1048516
[17:16:19]		1048572		56		1048516
[17:16:22]		1048572		56		1048516
[17:16:25]		1048572		56		1048516
[17:16:28]		1048572		56		1048516
[17:16:31]		1048572		56		1048516
[17:16:34]		1048572		56		1048516
[17:16:37]		1048572		56		1048516
[17:16:40]		1048572		56		1048516
[17:16:43]		1048572		56		1048516
[17:16:46]		1048572		56		1048516
[17:16:49]		1048572		56		1048516
[17:16:52]		1048572		56		1048516
[17:16:55]		1048572		56		1048516
[17:16:58]		1048572		56		1048516
[17:17:01]		1048572		56		1048516
[17:17:04]		1048572		56		1048516
[17:17:07]		1048572		56		1048516
[17:17:10]		1048572		56		1048516
[17:17:13]		1048572		56		1048516
[17:17:16]		1048572		56		1048516
[17:17:19]		1048572		56		1048516
[17:17:22]		1048572		56		1048516
[17:17:25]		1048572		56		1048516
[17:17:28]		1048572		56		1048516
[17:17:31]		1048572		56		1048516
[17:17:34]		1048572		56		1048516
[17:17:37]		1048572		56		1048516
[17:17:40]		1048572		56		1048516
[17:17:43]		1048572		56		1048516
[17:17:46]		1048572		56		1048516
[17:17:49]		1048572		56		1048516
[17:17:52]		1048572		56		1048516
[17:17:55]		1048572		56		1048516
[17:17:58]		1048572		56		1048516
[17:18:01]		1048572		56		1048516
[17:18:04]		1048572		56		1048516
[17:18:07]		1048572		56		1048516
[17:18:10]		1048572		56		1048516
[17:18:13]		1048572		56		1048516
[17:18:16]		1048572		56		1048516
[17:18:19]		1048572		56		1048516
[17:18:22]		1048572		56		1048516
[17:18:25]		1048572		56		1048516
[17:18:28]		1048572		56		1048516
[17:18:31]		1048572		56		1048516
[17:18:34]		1048572		56		1048516
[17:18:37]		1048572		56		1048516
[17:18:40]		1048572		56		1048516
[17:18:43]		1048572		56		1048516
[17:18:46]		1048572		56		1048516
[17:18:49]		1048572		56		1048516
[17:18:52]		1048572		56		1048516
[17:18:55]		1048572		56		1048516
[17:18:58]		1048572		56		1048516
[17:19:01]		1048572		56		1048516
[17:19:04]		1048572		56		1048516
[17:19:07]		1048572		56		1048516
[17:19:10]		1048572		56		1048516
[17:19:13]		1048572		56		1048516
[17:19:16]		1048572		56		1048516
[17:19:19]		1048572		56		1048516
[17:19:22]		1048572		56		1048516
[17:19:25]		1048572		56		1048516
[17:19:28]		1048572		56		1048516
[17:19:31]		1048572		56		1048516
[17:19:34]		1048572		56		1048516
[17:19:37]		1048572		56		1048516
[17:19:40]		1048572		56		1048516
[17:19:43]		1048572		56		1048516
[17:19:46]		1048572		56		1048516
[17:19:49]		1048572		56		1048516
[17:19:52]		1048572		56		1048516
[17:19:55]		1048572		56		1048516
[17:19:58]		1048572		56		1048516
[17:20:01]		1048572		56		1048516
[17:20:04]		1048572		56		1048516
[17:20:07]		1048572		56		1048516
[17:20:10]		1048572		56		1048516
[17:20:13]		1048572		56		1048516
[17:20:16]		1048572		56		1048516
[17:20:19]		1048572		56		1048516
[17:20:22]		1048572		56		1048516
[17:20:25]		1048572		56		1048516
[17:20:28]		1048572		56		1048516
[17:20:31]		1048572		56		1048516
[17:20:34]		1048572		56		1048516
[17:20:37]		1048572		56		1048516
[17:20:40]		1048572		56		1048516
[17:20:43]		1048572		56		1048516
[17:20:46]		1048572		56		1048516
[17:20:49]		1048572		56		1048516
[17:20:52]		1048572		56		1048516
[17:20:55]		1048572		56		1048516
[17:20:58]		1048572		56		1048516
[17:21:01]		1048572		56		1048516
[17:21:04]		1048572		56		1048516
[17:21:07]		1048572		56		1048516
[17:21:10]		1048572		56		1048516
[17:21:13]		1048572		56		1048516
[17:21:16]		1048572		56		1048516
[17:21:19]		1048572		56		1048516
[17:21:22]		1048572		56		1048516
[17:21:25]		1048572		56		1048516
[17:21:28]		1048572		56		1048516
[17:21:31]		1048572		56		1048516
[17:21:34]		1048572		56		1048516
[17:21:37]		1048572		56		1048516
[17:21:40]		1048572		56		1048516
[17:21:43]		1048572		56		1048516
[17:21:46]		1048572		56		1048516
[17:21:49]		1048572		56		1048516
[17:21:52]		1048572		56		1048516
[17:21:55]		1048572		56		1048516
[17:21:58]		1048572		56		1048516
[17:22:01]		1048572		56		1048516
[17:22:04]		1048572		56		1048516
[17:22:07]		1048572		56		1048516
[17:22:10]		1048572		56		1048516
[17:22:13]		1048572		56		1048516
[17:22:16]		1048572		56		1048516
[17:22:19]		1048572		56		1048516
[17:22:22]		1048572		56		1048516
[17:22:25]		1048572		56		1048516
[17:22:28]		1048572		56		1048516
[17:22:31]		1048572		56		1048516
[17:22:34]		1048572		56		1048516
[17:22:37]		1048572		56		1048516
[17:22:40]		1048572		56		1048516
[17:22:43]		1048572		56		1048516
[17:22:46]		1048572		56		1048516
[17:22:49]		1048572		56		1048516
[17:22:52]		1048572		56		1048516
[17:22:55]		1048572		56		1048516
[17:22:58]		1048572		56		1048516
[17:23:01]		1048572		56		1048516
[17:23:04]		1048572		56		1048516
[17:23:07]		1048572		56		1048516
[17:23:10]		1048572		56		1048516
[17:23:13]		1048572		56		1048516
[17:23:16]		1048572		56		1048516
[17:23:19]		1048572		56		1048516
[17:23:22]		1048572		56		1048516
[17:23:25]		1048572		56		1048516
[17:23:28]		1048572		56		1048516
[17:23:31]		1048572		56		1048516
[17:23:34]		1048572		56		1048516
[17:23:37]		1048572		56		1048516
[17:23:40]		1048572		56		1048516
[17:23:43]		1048572		56		1048516
[17:23:46]		1048572		56		1048516
[17:23:49]		1048572		56		1048516
[17:23:52]		1048572		56		1048516
[17:23:55]		1048572		56		1048516
[17:23:58]		1048572		56		1048516
[17:24:01]		1048572		56		1048516
[17:24:04]		1048572		56		1048516
[17:24:07]		1048572		56		1048516
[17:24:10]		1048572		56		1048516
[17:24:13]		1048572		56		1048516
[17:24:16]		1048572		56		1048516
[17:24:19]		1048572		56		1048516
[17:24:22]		1048572		56		1048516
[17:24:25]		1048572		56		1048516
[17:24:28]		1048572		56		1048516
[17:24:31]		1048572		56		1048516
[17:24:34]		1048572		56		1048516
[17:24:37]		1048572		56		1048516
[17:24:40]		1048572		56		1048516
[17:24:43]		1048572		56		1048516
[17:24:46]		1048572		56		1048516
[17:24:49]		1048572		56		1048516
[17:24:52]		1048572		56		1048516
[17:24:55]		1048572		56		1048516
[17:24:58]		1048572		56		1048516
[17:25:01]		1048572		56		1048516
[17:25:04]		1048572		56		1048516
[17:25:07]		1048572		56		1048516
[17:25:10]		1048572		56		1048516
[17:25:13]		1048572		56		1048516
[17:25:16]		1048572		56		1048516
[17:25:19]		1048572		56		1048516
[17:25:22]		1048572		56		1048516
[17:25:25]		1048572		56		1048516
[17:25:28]		1048572		56		1048516
[17:25:31]		1048572		56		1048516
[17:25:34]		1048572		56		1048516
[17:25:37]		1048572		56		1048516
[17:25:40]		1048572		56		1048516
[17:25:43]		1048572		56		1048516
[17:25:46]		1048572		56		1048516
[17:25:49]		1048572		56		1048516
[17:25:52]		1048572		56		1048516
[17:25:55]		1048572		56		1048516
[17:25:58]		1048572		56		1048516
[17:26:01]		1048572		56		1048516
[17:26:04]		1048572		56		1048516
[17:26:07]		1048572		56		1048516
[17:26:10]		1048572		56		1048516
[17:26:13]		1048572		56		1048516
[17:26:16]		1048572		56		1048516
[17:26:19]		1048572		56		1048516
[17:26:22]		1048572		56		1048516
[17:26:25]		1048572		56		1048516
[17:26:28]		1048572		56		1048516
[17:26:31]		1048572		56		1048516
[17:26:34]		1048572		56		1048516
[17:26:37]		1048572		56		1048516
[17:26:40]		1048572		56		1048516
[17:26:43]		1048572		56		1048516
[17:26:46]		1048572		56		1048516
[17:26:49]		1048572		56		1048516
[17:26:52]		1048572		56		1048516
[17:26:55]		1048572		56		1048516
[17:26:58]		1048572		56		1048516
[17:27:01]		1048572		56		1048516
[17:27:04]		1048572		56		1048516
[17:27:07]		1048572		56		1048516
[17:27:10]		1048572		56		1048516
[17:27:13]		1048572		56		1048516
[17:27:16]		1048572		56		1048516
[17:27:19]		1048572		56		1048516
[17:27:22]		1048572		56		1048516
[17:27:25]		1048572		56		1048516
[17:27:28]		1048572		56		1048516
[17:27:31]		1048572		56		1048516
[17:27:34]		1048572		56		1048516
[17:27:37]		1048572		56		1048516
[17:27:40]		1048572		56		1048516
[17:27:43]		1048572		56		1048516
[17:27:46]		1048572		56		1048516
[17:27:49]		1048572		56		1048516
[17:27:52]		1048572		56		1048516
[17:27:55]		1048572		56		1048516
[17:27:58]		1048572		56		1048516
[17:28:01]		1048572		56		1048516
[17:28:04]		1048572		56		1048516
[17:28:07]		1048572		56		1048516
[17:28:10]		1048572		56		1048516
[17:28:13]		1048572		56		1048516
[17:28:16]		1048572		56		1048516
[17:28:19]		1048572		56		1048516
[17:28:22]		1048572		56		1048516
[17:28:25]		1048572		56		1048516
[17:28:28]		1048572		56		1048516
[17:28:31]		1048572		56		1048516
[17:28:34]		1048572		56		1048516
[17:28:37]		1048572		56		1048516
[17:28:40]		1048572		56		1048516
[17:28:43]		1048572		56		1048516
[17:28:46]		1048572		56		1048516
[17:28:49]		1048572		56		1048516
[17:28:52]		1048572		56		1048516
[17:28:55]		1048572		56		1048516
[17:28:58]		1048572		56		1048516
[17:29:01]		1048572		56		1048516
[17:29:04]		1048572		56		1048516
[17:29:07]		1048572		56		1048516
[17:29:10]		1048572		56		1048516
[17:29:13]		1048572		56		1048516
[17:29:16]		1048572		56		1048516
[17:29:19]		1048572		56		1048516
[17:29:22]		1048572		56		1048516
[17:29:25]		1048572		56		1048516
[17:29:28]		1048572		56		1048516
[17:29:31]		1048572		56		1048516
[17:29:34]		1048572		56		1048516
[17:29:37]		1048572		56		1048516
[17:29:40]		1048572		56		1048516
[17:29:43]		1048572		56		1048516
[17:29:46]		1048572		56		1048516
[17:29:49]		1048572		56		1048516
[17:29:52]		1048572		56		1048516
[17:29:55]		1048572		56		1048516
[17:29:58]		1048572		56		1048516
[17:30:01]		1048572		56		1048516
[17:30:04]		1048572		56		1048516
[17:30:07]		1048572		56		1048516
[17:30:10]		1048572		56		1048516
[17:30:13]		1048572		56		1048516
[17:30:16]		1048572		56		1048516
[17:30:19]		1048572		56		1048516
[17:30:22]		1048572		56		1048516
[17:30:25]		1048572		56		1048516
[17:30:28]		1048572		56		1048516
[17:30:31]		1048572		56		1048516
[17:30:34]		1048572		56		1048516
[17:30:37]		1048572		56		1048516
[17:30:40]		1048572		56		1048516
[17:30:43]		1048572		56		1048516
[17:30:46]		1048572		56		1048516
[17:30:49]		1048572		56		1048516
[17:30:52]		1048572		56		1048516
[17:30:55]		1048572		56		1048516
[17:30:58]		1048572		56		1048516
[17:31:01]		1048572		56		1048516
[17:31:04]		1048572		56		1048516
[17:31:07]		1048572		56		1048516
[17:31:10]		1048572		56		1048516
[17:31:13]		1048572		56		1048516
[17:31:16]		1048572		56		1048516
[17:31:19]		1048572		56		1048516
[17:31:22]		1048572		56		1048516
[17:31:25]		1048572		56		1048516
[17:31:28]		1048572		56		1048516
[17:31:31]		1048572		56		1048516
[17:31:34]		1048572		56		1048516
[17:31:37]		1048572		56		1048516
[17:31:40]		1048572		56		1048516
[17:31:43]		1048572		56		1048516
[17:31:46]		1048572		56		1048516
[17:31:49]		1048572		56		1048516
[17:31:52]		1048572		56		1048516
[17:31:55]		1048572		56		1048516
[17:31:58]		1048572		56		1048516
[17:32:01]		1048572		56		1048516
[17:32:04]		1048572		56		1048516
[17:32:07]		1048572		56		1048516
[17:32:10]		1048572		56		1048516
[17:32:13]		1048572		56		1048516
[17:32:16]		1048572		56		1048516
[17:32:19]		1048572		56		1048516
[17:32:22]		1048572		56		1048516
[17:32:25]		1048572		56		1048516
[17:32:28]		1048572		56		1048516
[17:32:31]		1048572		56		1048516
[17:32:34]		1048572		56		1048516
[17:32:37]		1048572		56		1048516
[17:32:40]		1048572		56		1048516
[17:32:43]		1048572		56		1048516
[17:32:46]		1048572		56		1048516
[17:32:49]		1048572		56		1048516
[17:32:52]		1048572		56		1048516
[17:32:55]		1048572		56		1048516
[17:32:58]		1048572		56		1048516
[17:33:01]		1048572		56		1048516
[17:33:04]		1048572		56		1048516
[17:33:07]		1048572		56		1048516
[17:33:10]		1048572		56		1048516
[17:33:13]		1048572		56		1048516
[17:33:16]		1048572		56		1048516
[17:33:19]		1048572		56		1048516
[17:33:22]		1048572		56		1048516
[17:33:25]		1048572		56		1048516
[17:33:28]		1048572		56		1048516
[17:33:31]		1048572		56		1048516
[17:33:34]		1048572		56		1048516
[17:33:37]		1048572		56		1048516
[17:33:40]		1048572		56		1048516
[17:33:43]		1048572		56		1048516
[17:33:46]		1048572		56		1048516
[17:33:49]		1048572		56		1048516
[17:33:52]		1048572		56		1048516
[17:33:55]		1048572		56		1048516
[17:33:58]		1048572		56		1048516
[17:34:01]		1048572		56		1048516
[17:34:04]		1048572		56		1048516
[17:34:07]		1048572		56		1048516
[17:34:10]		1048572		56		1048516
[17:34:13]		1048572		56		1048516
[17:34:16]		1048572		56		1048516
[17:34:19]		1048572		56		1048516
[17:34:22]		1048572		56		1048516
[17:34:25]		1048572		56		1048516
[17:34:28]		1048572		56		1048516
[17:34:31]		1048572		56		1048516
[17:34:34]		1048572		56		1048516
[17:34:37]		1048572		56		1048516
[17:34:40]		1048572		56		1048516
[17:34:43]		1048572		56		1048516
[17:34:46]		1048572		56		1048516
[17:34:49]		1048572		56		1048516
[17:34:52]		1048572		56		1048516
[17:34:55]		1048572		56		1048516
[17:34:58]		1048572		56		1048516
[17:35:01]		1048572		56		1048516
[17:35:04]		1048572		56		1048516
[17:35:07]		1048572		56		1048516
[17:35:10]		1048572		56		1048516
[17:35:13]		1048572		56		1048516
[17:35:16]		1048572		56		1048516
[17:35:19]		1048572		56		1048516
[17:35:22]		1048572		56		1048516
[17:35:25]		1048572		56		1048516
[17:35:28]		1048572		56		1048516
[17:35:31]		1048572		56		1048516
[17:35:34]		1048572		56		1048516
[17:35:37]		1048572		56		1048516
[17:35:40]		1048572		56		1048516
[17:35:43]		1048572		56		1048516
[17:35:46]		1048572		56		1048516
[17:35:49]		1048572		56		1048516
[17:35:52]		1048572		56		1048516
[17:35:55]		1048572		56		1048516
[17:35:58]		1048572		56		1048516
[17:36:01]		1048572		56		1048516
[17:36:04]		1048572		56		1048516
[17:36:07]		1048572		56		1048516
[17:36:10]		1048572		56		1048516
[17:36:13]		1048572		56		1048516
[17:36:16]		1048572		56		1048516
[17:36:19]		1048572		56		1048516
[17:36:22]		1048572		56		1048516
[17:36:25]		1048572		56		1048516
[17:36:28]		1048572		56		1048516
[17:36:31]		1048572		56		1048516
[17:36:34]		1048572		56		1048516
[17:36:37]		1048572		56		1048516
[17:36:40]		1048572		56		1048516
[17:36:43]		1048572		56		1048516
[17:36:46]		1048572		56		1048516
[17:36:49]		1048572		56		1048516
[17:36:52]		1048572		56		1048516
[17:36:55]		1048572		56		1048516
[17:36:58]		1048572		56		1048516
[17:37:01]		1048572		56		1048516
[17:37:04]		1048572		56		1048516
[17:37:07]		1048572		56		1048516
[17:37:10]		1048572		56		1048516
[17:37:13]		1048572		56		1048516
[17:37:16]		1048572		56		1048516
[17:37:19]		1048572		56		1048516
[17:37:22]		1048572		56		1048516
[17:37:25]		1048572		56		1048516
[17:37:28]		1048572		56		1048516
[17:37:31]		1048572		56		1048516
[17:37:34]		1048572		56		1048516
[17:37:37]		1048572		56		1048516
[17:37:40]		1048572		56		1048516
[17:37:43]		1048572		56		1048516
[17:37:46]		1048572		56		1048516
[17:37:49]		1048572		56		1048516
[17:37:52]		1048572		56		1048516
[17:37:55]		1048572		56		1048516
[17:37:58]		1048572		56		1048516
[17:38:01]		1048572		56		1048516
[17:38:04]		1048572		56		1048516
[17:38:07]		1048572		56		1048516
[17:38:10]		1048572		56		1048516
[17:38:13]		1048572		56		1048516
[17:38:16]		1048572		56		1048516
[17:38:19]		1048572		56		1048516
[17:38:22]		1048572		56		1048516
[17:38:25]		1048572		56		1048516
[17:38:28]		1048572		56		1048516
[17:38:31]		1048572		56		1048516
[17:38:34]		1048572		56		1048516
[17:38:37]		1048572		56		1048516
[17:38:40]		1048572		56		1048516
[17:38:43]		1048572		56		1048516
[17:38:46]		1048572		56		1048516
[17:38:49]		1048572		56		1048516
[17:38:52]		1048572		56		1048516
[17:38:55]		1048572		56		1048516
[17:38:58]		1048572		56		1048516
[17:39:01]		1048572		56		1048516
[17:39:04]		1048572		56		1048516
[17:39:07]		1048572		56		1048516
[17:39:10]		1048572		56		1048516
[17:39:13]		1048572		56		1048516
[17:39:16]		1048572		56		1048516
[17:39:19]		1048572		56		1048516
[17:39:22]		1048572		56		1048516
[17:39:25]		1048572		56		1048516
[17:39:28]		1048572		56		1048516
[17:39:31]		1048572		56		1048516
[17:39:34]		1048572		56		1048516
[17:39:37]		1048572		56		1048516
[17:39:40]		1048572		56		1048516
[17:39:43]		1048572		56		1048516
[17:39:46]		1048572		56		1048516
