recorded by mmserver domain:[id:9 time:Mon Apr  1 19:52:03 2013
]
time		tg_mem		use_mem		free_mem		
19:52:05		524288		349960		174328		
19:52:07		524288		349960		174328		
19:52:09		524288		349960		174328		
19:52:11		524288		349960		174328		
19:52:13		524288		349960		174328		
19:52:15		524288		349960		174328		
19:52:17		524288		349960		174328		
19:52:19		524288		349960		174328		
19:52:21		524288		349960		174328		
19:52:23		524288		349960		174328		
19:52:25		524288		349960		174328		
19:52:27		524288		349960		174328		
19:52:29		524288		349960		174328		
19:52:32		524288		349960		174328		
19:52:34		524288		349960		174328		
19:52:36		524288		349960		174328		
19:52:38		524288		349960		174328		
19:52:40		524288		349960		174328		
19:52:42		524288		349960		174328		
19:52:44		524288		349960		174328		
19:52:46		535929		361601		174328		
19:52:48		547892		373564		174328		
19:52:50		560632		386304		174328		
19:52:52		533371		359043		174328		
19:52:54		559049		384721		174328		
19:52:56		512679		338351		174328		
19:52:58		527909		353581		174328		
19:53:00		525167		350839		174328		
19:53:02		530518		356190		174328		
19:53:04		522480		357244		165236		
19:53:06		515855		357191		158664		
19:53:08		505791		357295		148496		
19:53:10		497591		357279		140312		
19:53:12		493439		357219		136220		
19:53:14		488336		357200		131136		
19:53:16		480213		357261		122952		
19:53:18		478530		357190		121340		
19:53:20		475068		357200		117868		
19:53:22		474205		361321		112884		
19:53:24		474914		362030		112884		
19:53:26		470961		362789		108172		
19:53:28		467614		362790		104824		
19:53:30		463301		362817		100484		
19:53:32		465110		363510		101600		
19:53:34		462567		364067		98500		
19:53:36		462488		364112		98376		
19:53:38		459942		364170		95772		
19:53:40		459927		364155		95772		
19:53:42		460245		364473		95772		
19:53:44		457881		364217		93664		
19:53:47		459621		365709		93912		
19:53:49		457055		364259		92796		
19:53:51		461077		367909		93168		
19:53:53		458833		364177		94656		
19:53:55		455997		364193		91804		
19:53:57		454869		364181		90688		
19:53:59		487135		396075		91060		
19:54:01		475432		364656		110776		
19:54:03		480976		370200		110776		
19:54:05		487016		368552		118464		
19:54:07		487899		369435		118464		
19:54:09		484131		364675		119456		
19:54:11		474115		364207		109908		
19:54:13		475727		365447		110280		
19:54:15		472222		364298		107924		
19:54:17		471292		364236		107056		
19:54:19		467709		364249		103460		
19:54:21		463096		364224		98872		
19:54:23		459184		364280		94904		
19:54:25		461239		365839		95400		
19:54:27		459940		364292		95648		
19:54:29		460493		364721		95772		
19:54:31		458206		364170		94036		
19:54:33		459690		364662		95028		
19:54:35		456718		364170		92548		
19:54:37		457507		364711		92796		
19:54:39		454910		364098		90812		
19:54:41		454238		364170		90068		
19:54:43		452727		364147		88580		
19:54:45		458514		369934		88580		
19:54:47		459606		364702		94904		
19:54:49		459606		364702		94904		
19:54:51		460018		364742		95276		
19:54:53		458067		366139		91928		
19:54:55		459843		367295		92548		
19:54:57		460523		367355		93168		
19:55:00		461005		367341		93664		
19:55:02		464462		369806		94656		
19:55:04		462639		366991		95648		
19:55:06		460626		367086		93540		
19:55:08		464910		370502		94408		
19:55:10		466981		367737		99244		
19:55:12		497940		394976		102964		
19:55:14		508304		367768		140536		
19:55:16		528112		383856		144256		
19:55:18		544324		367828		176496		
19:55:20		518881		367681		151200		
19:55:22		525425		368025		157400		
19:55:24		515527		367551		147976		
19:55:26		521604		373380		148224		
19:55:28		523503		368211		155292		
19:55:30		519403		367707		151696		
19:55:32		512092		367836		144256		
19:55:34		509064		367784		141280		
19:55:36		508204		367792		140412		
19:55:38		505668		367860		137808		
19:55:40		500673		367825		132848		
19:55:42		497876		367880		129996		
19:55:44		494996		367852		127144		
19:55:46		490112		367804		122308		
19:55:48		490100		367792		122308		
19:55:50		491182		368502		122680		
19:55:52		491315		368387		122928		
19:55:54		486840		367880		118960		
19:55:56		484627		367899		116728		
19:55:58		483833		367973		115860		
19:56:00		484519		368411		116108		
19:56:02		479720		368200		111520		
19:56:04		479261		368237		111024		
19:56:06		479064		368288		110776		
19:56:08		478165		368257		109908		
19:56:10		510701		400669		110032		
19:56:13		502997		368909		134088		
19:56:15		507993		372665		135328		
19:56:17		502704		368740		133964		
19:56:19		500426		369438		130988		
19:56:21		490016		369816		120200		
19:56:23		487955		369863		118092		
19:56:25		481964		369824		112140		
19:56:27		476640		369832		106808		
19:56:29		476958		370398		106560		
19:56:31		473802		370094		103708		
19:56:33		473198		370234		102964		
19:56:35		476176		372468		103708		
19:56:37		473158		370194		102964		
19:56:39		471075		370219		100856		
19:56:41		504737		403633		101104		
19:56:43		502607		370875		131732		
19:56:45		500305		370309		129996		
19:56:47		506919		370847		136072		
19:56:49		498271		370259		128012		
19:56:51		499554		370798		128756		
19:56:53		498231		370343		127888		
19:56:55		498201		370313		127888		
19:56:57		496530		370502		126028		
19:56:59		492006		370442		121564		
19:57:01		495922		373490		122432		
19:57:03		492151		370587		121564		
19:57:05		490942		370494		120448		
19:57:07		491963		370895		121068		
19:57:09		487818		370594		117224		
19:57:11		487818		370966		116852		
19:57:13		486342		371102		115240		
19:57:15		486342		371102		115240		
19:57:17		487655		376507		111148		
19:57:19		483808		375388		108420		
19:57:21		484893		359585		125308		
19:57:24		468151		361715		106436		
19:57:26		471648		363600		108048		
19:57:28		470376		363320		107056		
19:57:30		479648		363780		115868		
19:57:32		514404		386136		128268		
19:57:34		565750		364942		200808		
19:57:36		526926		364434		162492		
19:57:38		506982		364454		142528		
19:57:40		505428		364388		141040		
19:57:42		504280		364604		139676		
19:57:44		505105		365429		139676		
19:57:46		499300		364584		134716		
19:57:48		500507		365047		135460		
19:57:50		494351		364595		129756		
19:57:52		495102		364974		130128		
19:57:54		496276		365404		130872		
19:57:56		527321		393969		133352		
19:57:58		518146		364954		153192		
19:58:00		514765		364425		150340		
19:58:02		517168		364968		152200		
19:58:04		514096		364500		149596		
19:58:06		541569		391849		149720		
19:58:08		523667		365019		158648		
19:58:10		535925		376533		159392		
19:58:12		530479		365011		165468		
19:58:14		522542		364514		158028		
19:58:16		517200		364504		152696		
19:58:18		505359		364443		140916		
19:58:20		494649		353733		140916		
19:58:22		478794		364538		114256		
19:58:24		488386		368426		119960		
19:58:26		485887		365059		120828		
19:58:28		479543		364543		115000		
19:58:30		475315		364531		110784		
19:58:33		477010		365110		111900		
19:58:35		477927		365035		112892		
19:58:37		473935		364515		109420		
19:58:39		479902		369118		110784		
19:58:41		484084		367224		116860		
19:58:43		481907		365047		116860		
19:58:45		477337		364569		112768		
19:58:47		478098		365082		113016		
19:58:49		477094		364574		112520		
19:58:51		476856		364584		112272		
19:58:53		478460		365816		112644		
19:58:55		475538		366738		108800		
19:58:57		476721		367673		109048		
19:58:59		483818		373778		110040		
19:59:01		481550		367666		113884		
19:59:03		485155		367799		117356		
19:59:05		483020		367400		115620		
19:59:07		482432		367308		115124		
19:59:09		483366		368118		115248		
19:59:11		507090		390726		116364		
19:59:13		517330		369470		147860		
19:59:15		507900		360040		147860		
19:59:17		501434		367586		133848		
19:59:19		495155		367755		127400		
19:59:21		505807		368487		137320		
19:59:23		500007		367895		132112		
19:59:25		505610		373622		131988		
19:59:27		508602		368554		140048		
19:59:29		502036		368188		133848		
19:59:31		494134		368098		126036		
19:59:33		497664		368652		129012		
19:59:35		498444		368688		129756		
19:59:37		503592		368628		134964		
19:59:39		504587		368631		135956		
19:59:42		500752		368144		132608		
19:59:44		497304		368168		129136		
19:59:46		494119		368083		126036		
19:59:48		492082		366046		126036		
19:59:50		492459		368655		123804		
19:59:52		498526		374722		123804		
19:59:54		495940		368416		127524		
19:59:56		490880		368440		122440		
19:59:58		487548		368456		119092		
20:00:00		489460		369872		119588		
20:00:02		483273		368397		114876		
20:00:04		486554		371306		115248		
20:00:06		520241		400901		119340		
20:00:08		541905		369245		172660		
20:00:10		559964		369200		190764		
20:00:12		539953		368657		171296		
20:00:14		531302		368686		162616		
20:00:16		525498		368710		156788		
20:00:18		519926		369462		150464		
20:00:20		512127		370219		141908		
20:00:22		512087		370179		141908		
20:00:24		513226		370698		142528		
20:00:26		511788		370128		141660		
20:00:28		513142		370614		142528		
20:00:30		501807		370439		131368		
20:00:32		508408		376048		132360		
20:00:34		502109		370493		131616		
20:00:36		505152		371800		133352		
20:00:38		529061		388765		140296		
20:00:40		556785		371105		185680		
20:00:42		525251		370695		154556		
20:00:44		517985		370745		147240		
20:00:46		516843		370719		146124		
20:00:48		515248		370736		144512		
20:00:50		514450		370806		143644		
20:00:52		512906		370750		142156		
20:00:55		514669		371273		143396		
20:00:57		512835		370679		142156		
20:00:59		509086		370650		138436		
20:01:01		510747		371319		139428		
20:01:03		509312		370752		138560		
20:01:05		505714		370750		134964		
20:01:07		505249		370781		134468		
20:01:09		501370		370746		130624		
20:01:11		493339		370775		122564		
20:01:13		488426		370946		117480		
20:01:15		486662		371538		115124		
20:01:17		484833		371445		113388		
20:01:19		483334		375650		107684		
20:01:21		485443		376147		109296		
20:01:23		488436		378520		109916		
20:01:25		482911		359455		123456		
20:01:27		469635		362199		107436		
20:01:29		471471		362795		108676		
20:01:31		475427		366007		109420		
20:01:33		476010		364110		111900		
20:01:35		474223		363563		110660		
20:01:37		471347		364779		106568		
20:01:39		473887		367319		106568		
20:01:41		472150		364962		107188		
20:01:43		470479		364903		105576		
20:01:45		470390		364938		105452		
20:01:47		467597		364997		102600		
20:01:49		469109		366013		103096		
20:01:51		533890		430050		103840		
20:01:53		530228		365380		164848		
20:01:55		534028		366700		167328		
20:01:57		537119		365327		171792		
20:01:59		518670		364858		153812		
20:02:01		515378		364790		150588		
20:02:03		507051		364771		142280		
20:02:05		506318		364782		141536		
20:02:08		495692		364820		130872		
20:02:10		504857		373861		130996		
20:02:12		505967		365423		140544		
20:02:14		496181		364813		131368		
20:02:16		493785		364897		128888		
20:02:18		495475		365347		130128		
20:02:20		489823		364903		124920		
20:02:22		489307		364883		124424		
20:02:24		487314		364874		122440		
20:02:26		484288		361848		122440		
20:02:28		478931		356491		122440		
20:02:30		476812		364912		111900		
20:02:32		520806		407294		113512		
20:02:34		524854		387658		137196		
20:02:36		536670		399474		137196		
20:02:38		469020		364932		104088		
20:02:40		509677		365413		144264		
20:02:42		508169		364897		143272		
20:02:44		510420		366652		143768		
20:02:46		499288		365068		134220		
20:02:48		488190		365006		123184		
20:02:50		479085		365077		114008		
20:02:52		477347		365075		112272		
20:02:54		475209		365045		110164		
20:02:56		472438		367110		105328		
20:02:58		473711		368011		105700		
20:03:00		474265		368069		106196		
20:03:02		505686		398250		107436		
20:03:04		500251		368139		132112		
20:03:06		509285		376429		132856		
20:03:08		493476		367812		125664		
20:03:10		497196		371036		126160		
20:03:12		489614		367918		121696		
20:03:15		488729		367901		120828		
20:03:17		483129		367881		115248		
20:03:19		482537		367909		114628		
20:03:21		482816		368312		114504		
20:03:23		480167		368267		111900		
20:03:25		478267		368351		109916		
20:03:27		475003		368435		106568		
20:03:29		473167		368459		104708		
20:03:31		470207		368475		101732		
20:03:33		471183		368955		102228		
20:03:35		527404		424432		102972		
20:03:37		524195		369019		155176		
20:03:39		533988		369016		164972		
20:03:41		519990		368534		151456		
20:03:43		519896		368440		151456		
20:03:45		510005		368469		141536		
20:03:47		502823		368603		134220		
20:03:49		500435		368571		131864		
20:03:51		490564		368620		121944		
20:03:53		493793		371601		122192		
20:03:55		486981		368757		118224		
20:03:57		485702		368718		116984		
20:03:59		483601		368725		114876		
20:04:01		479315		368655		110660		
20:04:03		475321		368753		106568		
20:04:05		477257		370317		106940		
20:04:07		473173		369209		103964		
20:04:09		472321		369101		103220		
20:04:11		467221		369209		98012		
20:04:13		504309		405677		98632		
20:04:15		481490		369590		111900		
20:04:17		498129		384369		113760		
20:04:19		503671		369947		133724		
20:04:21		486387		370023		116364		
20:04:23		486413		370545		115868		
20:04:25		481795		370515		111280		
20:04:28		491740		379840		111900		
20:04:30		488568		370840		117728		
20:04:32		488854		371250		117604		
20:04:34		484757		370873		113884		
20:04:36		485233		371473		113760		
20:04:38		482376		370848		111528		
20:04:40		527374		415722		111652		
20:04:42		519425		371565		147860		
20:04:44		517983		370991		146992		
20:04:46		513221		371065		142156		
20:04:48		512318		371030		141288		
20:04:50		507979		371031		136948		
20:04:52		498916		371020		127896		
20:04:54		501990		374094		127896		
20:04:56		489928		371208		118720		
20:04:58		490557		371589		118968		
20:05:00		485241		371109		114132		
20:05:02		521918		407414		114504		
20:05:04		510156		371596		138560		
20:05:06		510177		371617		138560		
20:05:08		513846		371690		142156		
20:05:10		527796		382664		145132		
20:05:12		536942		371722		165220		
20:05:14		523321		371493		151828		
20:05:16		525201		373001		152200		
20:05:18		518850		371858		146992		
20:05:20		522850		379702		143148		
20:05:22		522896		376524		146372		
20:05:24		526086		362578		163508		
20:05:26		538546		360158		178388		
20:05:28		557562		360202		197360		
20:05:30		536342		362566		173776		
20:05:32		525975		362615		163360		
20:05:34		523915		363903		160012		
20:05:37		520079		364035		156044		
20:05:39		517319		364003		153316		
20:05:41		514978		361662		153316		
20:05:43		511401		358085		153316		
20:05:45		508082		354766		153316		
20:05:47		535567		389319		146248		
20:05:49		586713		365693		221020		
20:05:51		543195		365203		177992		
20:05:53		536987		365195		171792		
20:05:55		539195		365667		173528		
20:05:57		532000		365168		166832		
20:05:59		526542		365166		161376		
20:06:01		520048		365120		154928		
20:06:03		520478		365550		154928		
20:06:05		519316		364388		154928		
20:06:07		510943		365191		145752		
20:06:09		512967		365727		147240		
20:06:11		507893		365117		142776		
20:06:13		505810		365142		140668		
20:06:15		503202		365138		138064		
20:06:17		499867		365151		134716		
20:06:19		497777		365169		132608		
20:06:21		496189		365193		130996		
20:06:23		494799		365167		129632		
20:06:25		494860		365352		129508		
20:06:27		493090		365318		127772		
20:06:29		494148		365756		128392		
20:06:31		495112		365728		129384		
20:06:33		494214		365202		129012		
20:06:35		494547		365535		129012		
20:06:37		481898		365162		116736		
20:06:39		478775		365263		113512		
20:06:41		475866		365206		110660		
20:06:43		471730		365162		106568		
20:06:45		472926		365862		107064		
20:06:47		472822		365758		107064		
20:06:50		499347		390299		109048		
20:06:52		475767		365727		110040		
20:06:54		487087		374691		112396		
20:06:56		501938		367346		134592		
20:06:58		491181		356589		134592		
20:07:00		481606		365358		116248		
20:07:02		486708		367864		118844		
20:07:04		490087		369879		120208		
20:07:06		488172		368088		120084		
20:07:08		487530		368066		119464		
20:07:10		483184		368060		115124		
20:07:12		482515		368135		114380		
20:07:14		482495		368115		114380		
20:07:16		481835		368447		113388		
20:07:18		481214		368446		112768		
20:07:20		477370		368446		108924		
20:07:22		477447		368523		108924		
20:07:24		472409		368445		103964		
20:07:26		559470		453894		105576		
20:07:28		543004		369104		173900		
20:07:30		550917		372429		178488		
20:07:32		539810		368638		171172		
20:07:34		540835		369291		171544		
20:07:36		540187		368767		171420		
20:07:38		536212		368884		167328		
20:07:40		526663		368883		157780		
20:07:42		520522		368818		151704		
20:07:44		521349		369397		151952		
20:07:46		513994		368862		145132		
20:07:48		515185		369433		145752		
20:07:50		508829		368781		140048		
20:07:52		511423		371127		140296		
20:07:54		512934		369662		143272		
20:07:56		505781		369081		136700		
20:07:58		504686		369102		135584		
20:08:00		526620		390788		135832		
20:08:03		543009		369481		173528		
20:08:05		509051		369003		140048		
20:08:07		512939		369543		143396		
20:08:09		506735		369043		137692		
20:08:11		497432		369288		128144		
20:08:13		493511		369335		124176		
20:08:15		493490		369314		124176		
20:08:17		490295		369343		120952		
20:08:19		492615		369927		122688		
20:08:21		490257		369429		120828		
20:08:23		543981		422781		121200		
20:08:25		538562		370614		167948		
20:08:27		535608		370884		164724		
20:08:29		537021		371305		165716		
20:08:31		532646		370898		161748		
20:08:33		531496		370864		160632		
20:08:35		523410		370838		152572		
20:08:37		517267		371267		146000		
20:08:39		515786		371150		144636		
20:08:41		513488		371208		142280		
20:08:43		504246		371266		132980		
20:08:45		501545		371293		130252		
20:08:47		496615		371323		125292		
20:08:49		494690		371506		123184		
20:08:51		488867		371511		117356		
20:08:53		486686		371438		115248		
20:08:55		487092		371844		115248		
20:08:57		478668		371480		107188		
20:08:59		474210		371486		102724		
20:09:01		471546		371426		100120		
20:09:03		470894		371394		99500		
20:09:05		468652		371920		96732		
20:09:07		465307		371923		93384		
20:09:09		464013		371993		92020		
20:09:11		463363		371963		91400		
20:09:13		460002		371950		88052		
20:09:16		458244		371928		86316		
20:09:18		460796		373860		86936		
20:09:20		468519		372283		96236		
20:09:22		467496		372252		95244		
20:09:24		503401		407785		95616		
20:09:26		494693		376881		117812		
20:09:28		501849		376969		124880		
20:09:30		500043		360655		139388		
20:09:32		543430		401934		141496		
20:09:34		543079		363515		179564		
20:09:36		546328		363540		182788		
20:09:38		545721		364421		181300		
20:09:40		544523		364339		180184		
20:09:42		543306		364362		178944		
20:09:44		532005		365461		166544		
20:09:46		526164		365572		160592		
20:09:48		518477		365573		152904		
20:09:50		511559		365599		145960		
20:09:52		511383		365671		145712		
20:09:54		507933		365693		142240		
20:09:56		500935		365639		135296		
20:09:58		498402		365586		132816		
20:10:00		494945		365601		129344		
20:10:02		494945		365601		129344		
20:10:04		555985		366129		189856		
20:10:06		511761		365553		146208		
20:10:08		501263		365595		135668		
20:10:10		501292		365624		135668		
20:10:12		500731		365559		135172		
20:10:14		500225		365549		134676		
20:10:16		498631		365567		133064		
20:10:18		494763		365543		129220		
20:10:20		496169		366205		129964		
20:10:22		540269		403733		136536		
20:10:25		535297		366149		169148		
20:10:27		537006		366122		170884		
20:10:29		533711		365679		168032		
20:10:31		531367		365691		165676		
20:10:33		525066		365590		159476		
20:10:35		520134		365618		154516		
20:10:37		519915		365647		154268		
20:10:39		542330		387070		155260		
20:10:41		538867		366247		172620		
20:10:43		519945		365677		154268		
20:10:45		518268		365612		152656		
20:10:47		517363		365699		151664		
20:10:49		515837		365661		150176		
20:10:51		516067		365891		150176		
20:10:53		514829		365645		149184		
20:10:55		513131		365683		147448		
20:10:57		506357		365605		140752		
20:10:59		509879		367639		142240		
20:11:01		495047		365827		129220		
20:11:03		492647		367891		124756		
20:11:05		495708		369092		126616		
20:11:07		493568		368440		125128		
20:11:09		490690		368414		122276		
20:11:11		536826		411450		125376		
20:11:13		522389		368989		153400		
20:11:15		528813		374173		154640		
20:11:17		524215		368707		155508		
20:11:19		522962		368694		154268		
20:11:21		517656		368720		148936		
20:11:23		514499		365563		148936		
20:11:25		499518		368934		130584		
20:11:27		503809		372481		131328		
20:11:29		498087		369239		128848		
20:11:31		495007		369135		125872		
20:11:33		490530		369246		121284		
20:11:35		488702		369278		119424		
20:11:38		488045		369241		118804		
20:11:40		490262		370094		120168		
20:11:42		489944		369652		120292		
20:11:44		488518		369342		119176		
20:11:46		490887		371711		119176		
20:11:48		520479		394731		125748		
20:11:50		499781		369817		129964		
20:11:52		514278		372410		141868		
20:11:54		516880		369804		147076		
20:11:56		504876		369332		135544		
20:11:58		504876		369332		135544		
20:12:00		495852		369360		126492		
20:12:02		492687		369419		123268		
20:12:04		493596		369956		123640		
20:12:06		499931		369967		129964		
20:12:08		491870		369470		122400		
20:12:10		492953		369933		123020		
20:12:12		487320		369632		117688		
20:12:14		487001		369809		117192		
20:12:16		525831		407523		118308		
20:12:18		562134		392738		169396		
20:12:20		594624		372156		222468		
20:12:22		553390		369858		183532		
20:12:24		553833		370301		183532		
20:12:26		545127		370151		174976		
20:12:28		545289		371065		174224		
20:12:30		538157		371373		166784		
20:12:32		531699		371355		160344		
20:12:34		526045		371405		154640		
20:12:36		519092		371396		147696		
20:12:38		517369		371657		145712		
20:12:40		522413		373477		148936		
20:12:42		520634		371822		148812		
20:12:44		516210		371738		144472		
20:12:47		514938		371706		143232		
20:12:49		509205		371801		137404		
20:12:51		508507		371847		136660		
20:12:53		504930		371866		133064		
20:12:55		505530		372342		133188		
20:12:57		535546		399258		136288		
20:12:59		527210		372322		154888		
20:13:01		516517		371797		144720		
20:13:03		518335		372375		145960		
20:13:05		513293		371797		141496		
20:13:07		513439		372067		141372		
20:13:09		511589		371953		139636		
20:13:11		511664		372028		139636		
20:13:13		506590		371914		134676		
20:13:15		501109		372013		129096		
20:13:17		492586		371922		120664		
20:13:19		490792		371988		118804		
20:13:21		488216		372264		115952		
20:13:23		485038		372558		112480		
20:13:25		532907		419807		113100		
20:13:27		518098		377346		140752		
20:13:29		526995		385499		141496		
20:13:31		525742		361026		164716		
20:13:33		504268		363260		141008		
20:13:35		509449		368565		140884		
20:13:37		523481		365237		158244		
20:13:39		523449		365205		158244		
20:13:41		516103		364803		151300		
20:13:43		515547		365859		149688		
20:13:45		513489		365909		147580		
20:13:47		505260		365988		139272		
20:13:49		504413		366009		138404		
20:13:51		497769		365937		131832		
20:13:53		501222		368398		132824		
20:13:55		497079		365867		131212		
20:13:57		494604		365872		128732		
20:14:00		490711		365947		124764		
20:14:02		487896		365860		122036		
20:14:04		486513		365965		120548		
20:14:06		483666		365970		117696		
20:14:08		516032		398336		117696		
20:14:10		507491		366483		141008		
20:14:12		513140		370644		142496		
20:14:14		507216		366076		141140		
20:14:16		511272		368644		142628		
20:14:18		502464		366160		136304		
20:14:20		506085		368169		137916		
20:14:22		509993		367489		142504		
20:14:24		502317		362169		140148		
20:14:26		495609		366001		129608		
20:14:28		502756		371660		131096		
20:14:30		503091		366539		136552		
20:14:32		493185		365933		127252		
20:14:34		496112		367372		128740		
20:14:36		539662		405962		133700		
20:14:38		563712		366524		197188		
20:14:40		573750		366518		207232		
20:14:42		555314		365938		189376		
20:14:44		547706		366018		181688		
20:14:46		554540		371364		183176		
20:14:48		552060		366156		185904		
20:14:50		537097		366197		170900		
20:14:52		542805		371037		171768		
20:14:54		538528		366140		172388		
20:14:56		537720		366200		171520		
20:14:58		534289		366241		168048		
20:15:00		538538		366522		172016		
20:15:02		536379		366099		170280		
20:15:04		537079		368535		168544		
20:15:06		536386		368710		167676		
20:15:08		537816		369148		168668		
20:15:10		536750		368826		167924		
20:15:12		524698		368802		155896		
20:15:15		525188		369292		155896		
20:15:17		524511		368739		155772		
20:15:19		544307		387295		157012		
20:15:21		555593		369565		186028		
20:15:23		546206		368982		177224		
20:15:25		534431		368987		165444		
20:15:27		537040		369612		167428		
20:15:29		530513		369037		161476		
20:15:31		529016		369400		159616		
20:15:33		531036		371420		159616		
20:15:35		530649		369793		160856		
20:15:37		523107		369567		153540		
20:15:39		526490		372454		154036		
20:15:41		516959		369743		147216		
20:15:43		516573		369729		146844		
20:15:45		513443		369699		143744		
20:15:47		511240		369728		141512		
20:15:49		510950		369686		141264		
20:15:51		509801		369777		140024		
20:15:53		502059		369723		132336		
20:15:55		494486		369714		124772		
20:15:57		493105		369697		123408		
20:15:59		487874		369674		118200		
20:16:01		482383		369763		112620		
20:16:03		486107		372619		113488		
20:16:05		485706		370110		115596		
20:16:07		480359		369971		110388		
20:16:09		479543		369899		109644		
20:16:11		478391		369863		108528		
20:16:13		475860		370060		105800		
20:16:15		478134		370846		107288		
20:16:17		475734		370306		105428		
20:16:19		475566		370386		105180		
20:16:21		479425		371641		107784		
20:16:23		473903		370211		103692		
20:16:26		471473		370137		101336		
20:16:28		502916		401580		101336		
20:16:30		500166		371798		128368		
20:16:32		496016		371616		124400		
20:16:34		493784		371616		122168		
20:16:36		495350		372190		123160		
20:16:38		555936		429056		126880		
20:16:40		540870		372450		168420		
20:16:42		548817		378289		170528		
20:16:44		552460		372508		179952		
20:16:46		540748		372080		168668		
20:16:48		535737		372029		163708		
20:16:50		532104		372116		159988		
20:16:52		522896		372084		150812		
20:16:54		520435		372103		148332		
20:16:56		519354		372138		147216		
20:16:58		510770		372110		138660		
20:17:00		509199		372151		137048		
20:17:02		508281		372101		136180		
20:17:04		502147		372711		129436		
20:17:06		500956		372488		128468		
20:17:08		502282		372822		129460		
20:17:10		533109		401293		131816		
20:17:12		526664		372776		153888		
20:17:14		519245		372301		146944		
20:17:16		516704		372240		144464		
20:17:18		512495		372247		140248		
20:17:20		514420		373676		140744		
20:17:22		508937		372533		136404		
20:17:24		507292		373120		134172		
20:17:26		508424		373508		134916		
20:17:28		506268		372964		133304		
20:17:30		554236		424280		129956		
20:17:32		546884		361376		185508		
20:17:35		541302		363598		177704		
20:17:37		557609		364273		193336		
20:17:39		568223		365587		202636		
20:17:41		550356		365080		185276		
20:17:43		538547		365051		173496		
20:17:45		531908		365108		166800		
20:17:47		533673		367989		165684		
20:17:49		528374		366410		161964		
20:17:51		523191		366311		156880		
20:17:53		517803		366379		151424		
20:17:55		516986		366306		150680		
20:17:57		509828		366340		143488		
20:17:59		508462		366338		142124		
20:18:01		505448		366300		139148		
20:18:03		503092		366300		136792		
20:18:05		499752		366308		133444		
20:18:07		495097		366365		128732		
20:18:09		492292		366288		126004		
20:18:11		486580		366404		120176		
20:18:13		481322		366354		114968		
20:18:15		475731		366343		109388		
20:18:17		482603		372967		109636		
20:18:19		485909		366849		119060		
20:18:21		486742		367186		119556		
20:18:23		538443		415415		123028		
20:18:25		534279		372315		161964		
20:18:27		540864		366872		173992		
20:18:29		531074		366382		164692		
20:18:31		526346		366366		159980		
20:18:33		519014		366350		152664		
20:18:35		516853		366297		150556		
20:18:37		511275		366299		144976		
20:18:39		510062		366326		143736		
20:18:41		504620		366340		138280		
20:18:44		501180		366372		134808		
20:18:46		502572		366896		135676		
20:18:48		530640		394096		136544		
20:18:50		526186		366950		159236		
20:18:52		522354		366342		156012		
20:18:54		512384		366416		145968		
20:18:56		512210		366366		145844		
20:18:58		502439		366391		136048		
20:19:00		495683		366331		129352		
20:19:02		489039		366383		122656		
20:19:04		481036		366564		114472		
20:19:06		474604		368440		106164		
20:19:08		474239		368943		105296		
20:19:10		474650		369354		105296		
20:19:12		469350		369138		100212		
20:19:14		470699		370487		100212		
20:19:16		470672		369592		101080		
20:19:18		470246		369290		100956		
20:19:20		476372		374052		102320		
20:19:22		476273		369985		106288		
20:19:24		474417		369493		104924		
20:19:26		472639		369451		103188		
20:19:28		468657		369437		99220		
20:19:30		536814		437222		99592		
20:19:32		530048		370316		159732		
20:19:34		528262		369770		158492		
20:19:36		526830		369950		156880		
20:19:38		557584		397356		160228		
20:19:40		545666		370434		175232		
20:19:42		542656		370028		172628		
20:19:44		526220		369960		156260		
20:19:46		529147		370531		158616		
20:19:48		525639		369999		155640		
20:19:50		521017		369965		151052		
20:19:53		521620		370568		151052		
20:19:55		516146		369930		146216		
20:19:57		509323		370051		139272		
20:19:59		507201		370037		137164		
20:20:01		505464		370160		135304		
20:20:03		505312		370132		135180		
20:20:05		500799		370083		130716		
20:20:07		493308		370032		123276		
20:20:09		528140		404120		124020		
20:20:11		515344		370616		144728		
20:20:13		512543		370171		142372		
20:20:15		517067		370727		146340		
20:20:17		509198		370546		138652		
20:20:19		507949		370661		137288		
20:20:21		506204		370652		135552		
20:20:23		502676		370596		132080		
20:20:25		552531		415615		136916		
20:20:27		546171		371063		175108		
20:20:29		549182		373082		176100		
20:20:31		539307		371267		168040		
20:20:33		535681		372105		163576		
20:20:35		533618		372026		161592		
20:20:37		533618		372026		161592		
20:20:39		517925		372081		145844		
20:20:41		513562		372430		141132		
20:20:43		510208		372424		137784		
20:20:45		508553		372381		136172		
20:20:47		500920		372436		128484		
20:20:49		502851		373003		129848		
20:20:51		499119		372495		126624		
20:20:53		495408		372504		122904		
20:20:55		495984		373080		122904		
20:20:57		491899		372467		119432		
20:20:59		490924		372484		118440		
20:21:01		489596		372644		116952		
20:21:03		496154		379202		116952		
20:21:06		494933		377981		116952		
20:21:08		491430		374478		116952		
20:21:10		485418		368466		116952		
20:21:12		481242		372722		108520		
20:21:14		483416		373160		110256		
20:21:16		481187		372543		108644		
20:21:18		518163		409271		108892		
20:21:20		515512		373884		141628		
20:21:22		504600		362972		141628		
20:21:24		494791		372631		122160		
20:21:26		552828		430296		122532		
20:21:28		546713		373713		173000		
20:21:30		546191		373315		172876		
20:21:32		541726		373314		168412		
20:21:34		541208		377632		163576		
20:21:36		533229		377589		155640		
20:21:38		530197		361637		168560		
20:21:40		505644		363892		141752		
20:21:42		508995		367367		141628		
20:21:44		505418		365526		139892		
20:21:46		504724		365452		139272		
20:21:48		502328		365536		136792		
20:21:50		500280		366712		133568		
20:21:52		500482		366914		133568		
20:21:54		499534		366710		132824		
20:21:56		497839		366751		131088		
20:21:58		495033		366673		128360		
20:22:00		495171		366811		128360		
20:22:02		490446		366674		123772		
20:22:04		487687		366767		120920		
20:22:06		485174		366726		118448		
20:22:08		483544		366716		116828		
20:22:10		484869		367297		117572		
20:22:12		518594		398790		119804		
20:22:14		514489		367157		147332		
20:22:16		516340		367892		148448		
20:22:19		507799		366791		141008		
20:22:21		502260		366832		135428		
20:22:23		499552		366852		132700		
20:22:25		495204		366844		128360		
20:22:27		497028		367180		129848		
20:22:29		492031		366771		125260		
20:22:31		493665		368405		125260		
20:22:33		488376		366836		121540		
20:22:35		480700		366848		113852		
20:22:37		477660		366908		110752		
20:22:39		476883		366875		110008		
20:22:41		472593		366801		105792		
20:22:43		508655		402243		106412		
20:22:45		492871		367239		125632		
20:22:47		498378		371630		126748		
20:22:49		499667		367215		132452		
20:22:51		487959		366667		121292		
20:22:53		485473		366661		118812		
20:22:55		484774		366706		118068		
20:22:57		480455		366727		113728		
20:22:59		479861		366753		113108		
20:23:01		479215		366727		112488		
20:23:03		477528		366652		110876		
20:23:05		536814		424450		112364		
20:23:07		533130		367322		165808		
20:23:09		535462		368290		167172		
20:23:11		528717		363529		165188		
20:23:13		525312		360744		164568		
20:23:15		519945		369389		150556		
20:23:17		515190		369470		145720		
20:23:19		519300		369984		149316		
20:23:21		510630		369374		141256		
20:23:23		509314		369546		139768		
20:23:25		507364		369828		137536		
20:23:28		507391		369855		137536		
20:23:30		500068		369848		130220		
20:23:32		495832		369828		126004		
20:23:34		491135		369843		121292		
20:23:36		489981		369805		120176		
20:23:38		486467		370135		116332		
20:23:40		487692		370616		117076		
20:23:42		484390		370290		114100		
20:23:44		483264		370280		112984		
20:23:46		479910		370398		109512		
20:23:48		477701		370421		107280		
20:23:50		476974		370314		106660		
20:23:52		478057		370777		107280		
20:23:54		475724		370304		105420		
20:23:56		504506		395490		109016		
20:23:58		488896		370828		118068		
20:24:00		500132		381816		118316		
20:24:02		506642		370842		135800		
20:24:04		498726		370366		128360		
20:24:06		498937		370577		128360		
20:24:08		499808		370952		128856		
20:24:10		542962		412122		130840		
20:24:12		536493		405653		130840		
20:24:14		529860		399020		130840		
20:24:16		514350		370614		143736		
20:24:18		531707		370983		160724		
20:24:20		535019		371195		163824		
20:24:22		519798		370854		148944		
20:24:24		516352		370880		145472		
20:24:26		514501		370889		143612		
20:24:28		505041		370853		134188		
20:24:30		503908		370836		133072		
20:24:32		500719		370871		129848		
20:24:34		496310		371670		124640		
20:24:37		495661		372385		123276		
20:24:39		493974		372310		121664		
20:24:41		490376		372308		118068		
20:24:43		496572		378380		118192		
20:24:45		532796		407536		125260		
20:24:47		513522		388510		125012		
20:24:49		531883		390503		141380		
20:24:51		542307		373151		169156		
20:24:53		513826		372694		141132		
20:24:55		508508		372832		135676		
20:24:57		508150		372846		135304		
20:24:59		512955		377527		135428		
20:25:01		517772		378252		139520		
20:25:03		514609		375089		139520		
20:25:05		536345		396205		140140		
20:25:07		568299		373475		194824		
20:25:09		531247		372879		158368		
20:25:11		521671		372851		148820		
20:25:13		518567		372971		145596		
20:25:15		513696		373060		140636		
20:25:17		513660		373024		140636		
20:25:19		513835		373199		140636		
20:25:21		505613		373037		132576		
20:25:23		507129		374553		132576		
20:25:25		505309		373105		132204		
20:25:27		503180		373084		130096		
20:25:29		500602		373110		127492		
20:25:31		494278		373358		120920		
20:25:33		500560		379640		120920		
20:25:35		495302		373762		121540		
20:25:37		494870		377918		116952		
20:25:39		543675		426723		116952		
20:25:41		526680		378356		148324		
20:25:43		534654		369690		164964		
20:25:45		519117		364469		154648		
20:25:48		516758		364466		152292		
20:25:50		513718		365766		147952		
20:25:52		513493		365913		147580		
20:25:54		501388		365836		135552		
20:25:56		493268		367016		126252		
20:25:58		490299		367023		123276		
20:26:00		486143		366959		119184		
20:26:02		488023		367475		120548		
20:26:04		482684		366972		115712		
20:26:06		482975		367263		115712		
20:26:08		482104		367012		115092		
20:26:10		486777		371437		115340		
20:26:12		485315		367495		117820		
20:26:14		480306		366950		113356		
20:26:16		478386		367014		111372		
20:26:18		478769		367397		111372		
20:26:20		473456		366920		106536		
20:26:22		475926		369018		106908		
20:26:24		474562		367158		107404		
20:26:26		506753		398481		108272		
20:26:28		497043		367567		129476		
20:26:30		496196		366968		129228		
20:26:32		495356		366996		128360		
20:26:34		497325		367601		129724		
20:26:36		498150		367558		130592		
20:26:38		492552		367044		125508		
20:26:40		484590		367018		117572		
20:26:42		484590		367018		117572		
20:26:44		470682		366998		103684		
20:26:46		462707		367083		95624		
20:26:48		460154		367010		93144		
20:26:50		482750		388118		94632		
20:26:52		505447		367539		137908		
20:26:54		487067		367015		120052		
20:26:56		487067		367015		120052		
20:26:58		481704		366984		114720		
20:27:00		480834		366982		113852		
20:27:03		477275		367019		110256		
20:27:05		473352		367064		106288		
20:27:07		474016		367596		106420		
20:27:09		470581		367021		103560		
20:27:11		470736		367176		103560		
20:27:13		469914		367098		102816		
20:27:15		471318		367634		103684		
20:27:17		468485		369141		99344		
20:27:19		471966		372374		99592		
20:27:21		470678		369846		100832		
20:27:23		470297		369837		100460		
20:27:25		503915		401843		102072		
20:27:27		518316		370364		147952		
20:27:29		506405		369861		136544		
20:27:31		502011		370055		131956		
20:27:33		505695		370639		135056		
20:27:35		531963		392815		139148		
20:27:37		573195		370683		202512		
20:27:39		557634		370126		187508		
20:27:41		570411		370627		199784		
20:27:43		553459		370539		182920		
20:27:45		541801		370537		171264		
20:27:47		545857		373229		172628		
20:27:49		539143		370731		168412		
20:27:51		531613		370765		160848		
20:27:53		528454		370706		157748		
20:27:55		514881		370649		144232		
20:27:57		517065		372833		144232		
20:27:59		503912		370840		133072		
20:28:01		500220		370868		129352		
20:28:03		495167		370775		124392		
20:28:05		490803		370875		119928		
20:28:07		491697		371273		120424		
20:28:09		485396		370676		114720		
20:28:12		493204		377988		115216		
20:28:14		484402		370922		113480		
20:28:16		518273		403057		115216		
20:28:18		504704		371384		133320		
20:28:20		522828		388888		133940		
20:28:22		533655		371319		162336		
20:28:24		520051		370859		149192		
20:28:26		516383		371035		145348		
20:28:28		510388		371116		139272		
20:28:30		505415		371227		134188		
20:28:32		503948		371248		132700		
20:28:34		500998		371274		129724		
20:28:36		499989		371257		128732		
20:28:38		500502		371770		128732		
20:28:40		504537		374069		130468		
20:28:42		502171		372819		129352		
20:28:44		539857		402321		137536		
20:28:46		525195		373151		152044		
20:28:48		529060		373188		155872		
20:28:50		531224		373244		157980		
20:28:52		523893		373105		150788		
20:28:54		524060		373272		150788		
20:28:56		522224		373048		149176		
20:28:58		521071		373011		148060		
20:29:00		521873		373689		148184		
20:29:02		562113		413185		148928		
20:29:04		555888		373728		182160		
20:29:06		555005		373217		181788		
20:29:08		555215		373427		181788		
20:29:10		548484		373144		175340		
20:29:12		542510		373246		169264		
20:29:14		534391		373187		161204		
20:29:16		526950		373186		153764		
20:29:18		526465		373321		153144		
20:29:20		524754		373346		151408		
20:29:22		520565		373373		147192		
20:29:24		517131		373287		143844		
20:29:27		517318		373474		143844		
20:29:29		516107		373379		142728		
20:29:31		513760		373388		140372		
20:29:33		522456		381960		140496		
20:29:35		525209		374421		150788		
20:29:37		519187		374103		145084		
20:29:39		517623		374027		143596		
20:29:41		517817		378313		139504		
20:29:43		521811		382307		139504		
20:29:45		561464		397880		163584		
20:29:47		528187		362371		165816		
20:29:49		521124		361880		159244		
20:29:51		511594		364774		146820		
20:29:53		542153		395457		146696		
20:29:55		519372		366600		152772		
20:29:57		524306		367194		157112		
20:29:59		532648		366608		166040		
20:30:01		520944		367428		153516		
20:30:03		520922		367406		153516		
20:30:05		520697		367429		153268		
20:30:07		512612		367404		145208		
20:30:09		511235		367391		143844		
20:30:11		501316		367392		133924		
20:30:13		498832		367388		131444		
20:30:15		495757		367413		128344		
20:30:17		494875		367399		127476		
20:30:19		497056		369580		127476		
20:30:21		559737		429781		129956		
20:30:23		554576		367952		186624		
20:30:25		560542		369826		190716		
20:30:27		547482		367430		180052		
20:30:29		549449		367909		181540		
20:30:31		544807		367359		177448		
20:30:33		540830		367350		173480		
20:30:35		532167		367367		164800		
20:30:38		526990		367398		159592		
20:30:40		524377		367389		156988		
20:30:42		524037		367421		156616		
20:30:44		511960		367496		144464		
20:30:46		515562		369486		146076		
20:30:48		511474		367630		143844		
20:30:50		509281		367545		141736		
20:30:52		516357		367925		148432		
20:30:54		507537		367413		140124		
20:30:56		508518		368022		140496		
20:30:58		497466		367386		130080		
20:31:00		496514		367426		129088		
20:31:02		489064		367416		121648		
20:31:04		481233		367397		113836		
20:31:06		483394		368690		114704		
20:31:08		476265		367637		108628		
20:31:10		478378		369006		109372		
20:31:12		481049		369817		111232		
20:31:14		512068		400836		111232		
20:31:16		503861		392629		111232		
20:31:18		473734		367586		106148		
20:31:20		497888		369916		127972		
20:31:22		557726		423554		134172		
20:31:24		556415		370535		185880		
20:31:26		567503		370587		196916		
20:31:28		552460		370176		182284		
20:31:30		553742		370714		183028		
20:31:32		538887		370119		168768		
20:31:34		534961		370285		164676		
20:31:36		527767		370531		157236		
20:31:38		524616		370480		154136		
20:31:40		524731		370595		154136		
20:31:42		522681		370529		152152		
20:31:44		516223		370519		145704		
20:31:46		517222		371022		146200		
20:31:48		511872		370880		140992		
20:31:50		512794		371430		141364		
20:31:53		508761		370993		137768		
20:31:55		510626		371866		138760		
20:31:57		499713		371121		128592		
20:31:59		492196		371044		121152		
20:32:01		490811		371023		119788		
20:32:03		481123		371007		110116		
20:32:05		482053		371565		110488		
20:32:07		519040		407684		111356		
20:32:09		513326		373318		140008		
20:32:11		508895		368895		140000		
20:32:13		508083		371059		137024		
20:32:15		500685		371101		129584		
20:32:17		496809		371193		125616		
20:32:19		498125		371765		126360		
20:32:21		502367		375139		127228		
20:32:23		562454		431134		131320		
20:32:25		553690		379590		174100		
20:32:27		580986		371670		209316		
20:32:29		547908		371204		176704		
20:32:31		544648		371416		173232		
20:32:33		540623		371607		169016		
20:32:35		531664		371576		160088		
20:32:37		556663		395707		160956		
20:32:39		598804		372128		226676		
20:32:41		544840		371608		173232		
20:32:43		536283		371607		164676		
20:32:45		532781		372321		160460		
20:32:47		529838		372974		156864		
20:32:49		527270		373010		154260		
20:32:51		527268		373008		154260		
20:32:53		527938		373554		154384		
20:32:55		528231		373599		154632		
20:32:57		513646		373398		140248		
20:33:00		506816		373388		133428		
20:33:02		504709		373389		131320		
20:33:04		500328		373472		126856		
20:33:06		504219		376495		127724		
20:33:08		500382		373650		126732		
20:33:10		500914		374058		126856		
20:33:12		498527		373655		124872		
20:33:14		549769		423657		126112		
20:33:16		543660		374148		169512		
20:33:18		542831		373567		169264		
20:33:20		541882		373610		168272		
20:33:22		537925		373621		164304		
20:33:24		530997		373761		157236		
20:33:26		524462		367226		157236		
20:33:28		510024		373744		136280		
20:33:30		510990		374214		136776		
20:33:32		506744		373688		133056		
20:33:34		505236		373668		131568		
20:33:36		500745		373641		127104		
20:33:38		499206		373714		125492		
20:33:40		494045		373885		120160		
20:33:42		491906		374474		117432		
20:33:44		490717		374401		116316		
20:33:46		490640		378540		112100		
20:33:48		488609		378493		110116		
20:33:50		516989		390729		126260		
20:33:52		511475		365399		146076		
20:33:54		518889		365621		153268		
20:33:56		514690		366506		148184		
20:33:58		512063		366483		145580		
20:34:00		511211		366499		144712		
20:34:02		508950		366470		142480		
20:34:04		511174		369438		141736		
20:34:06		508182		368198		139984		
20:34:08		551610		411378		140232		
20:34:11		550351		368207		182144		
20:34:13		548393		367737		180656		
20:34:15		549585		368185		181400		
20:34:17		534147		367751		166396		
20:34:19		530318		367642		162676		
20:34:21		528262		367694		160568		
20:34:23		527256		367680		159576		
20:34:25		521473		367725		153748		
20:34:27		519676		367664		152012		
20:34:29		516610		367698		148912		
20:34:31		510115		367651		142464		
20:34:33		541329		398617		142712		
20:34:35		543663		368215		175448		
20:34:37		530108		367680		162428		
20:34:39		523509		367901		155608		
20:34:41		527501		371893		155608		
20:34:43		529010		368318		160692		
20:34:45		530324		368516		161808		
20:34:47		523139		367903		155236		
20:34:49		519607		367967		151640		
20:34:51		510634		367922		142712		
20:34:53		507634		367898		139736		
20:34:55		507043		367927		139116		
20:34:57		506704		367960		138744		
20:34:59		504514		367878		136636		
20:35:01		530412		393404		137008		
20:35:03		526933		368349		158584		
20:35:05		521263		367763		153500		
20:35:07		518093		367817		150276		
20:35:09		517052		367768		149284		
20:35:11		511670		367842		143828		
20:35:13		511670		367842		143828		
20:35:15		514286		368350		145936		
20:35:18		568425		421745		146680		
20:35:20		555902		368426		187476		
20:35:22		556051		368327		187724		
20:35:24		549479		361755		187724		
20:35:26		545313		370485		174828		
20:35:28		545038		370458		174580		
20:35:30		535251		370591		164660		
20:35:32		530252		370552		159700		
20:35:34		527937		370593		157344		
20:35:36		527568		370596		156972		
20:35:38		521576		370804		150772		
20:35:40		520136		370852		149284		
20:35:42		519544		370756		148788		
20:35:44		516158		370842		145316		
20:35:46		513965		370757		143208		
20:35:48		510175		370935		139240		
20:35:50		513158		372554		140604		
20:35:52		503752		371332		132420		
20:35:54		493233		371353		121880		
20:35:56		492576		371316		121260		
20:35:58		486812		371380		115432		
20:36:00		486812		371504		115308		
20:36:02		481109		371505		109604		
20:36:04		477767		371511		106256		
20:36:06		480416		374160		106256		
20:36:08		510532		395844		114688		
20:36:10		571003		371871		199132		
20:36:12		569783		371395		198388		
20:36:14		595074		372010		223064		
20:36:16		566468		343404		223064		
20:36:18		530476		307412		223064		
20:36:20		500843		277779		223064		
20:36:22		470002		371558		98444		
20:36:24		542693		372081		170612		
20:36:26		536005		371593		164412		
20:36:29		530377		371545		158832		
20:36:31		528019		371667		156352		
20:36:33		523122		371730		151392		
20:36:35		520474		371810		148664		
20:36:37		515739		372035		143704		
20:36:39		511771		372035		139736		
20:36:41		513050		372942		140108		
20:36:43		504564		372144		132420		
20:36:45		503966		372166		131800		
20:36:47		492792		372152		120640		
20:36:49		486755		372811		113944		
20:36:51		483408		373556		109852		
20:36:53		483626		373774		109852		
20:36:55		475267		373475		101792		
20:36:57		474420		373496		100924		
20:36:59		468965		373745		95220		
20:37:01		471759		376539		95220		
20:37:03		474757		375197		99560		
20:37:05		469206		373986		95220		
20:37:07		508493		412901		95592		
20:37:09		505951		374895		131056		
20:37:11		503324		372392		130932		
20:37:13		564885		431845		133040		
20:37:15		561542		374438		187104		
20:37:17		570053		374517		195536		
20:37:19		559053		373933		185120		
20:37:21		566041		374473		191568		
20:37:23		573218		381278		191940		
20:37:25		577707		374483		203224		
20:37:27		556462		373946		182516		
20:37:29		550811		373999		176812		
20:37:31		542906		374154		168752		
20:37:34		542332		374076		168256		
20:37:36		539211		374055		165156		
20:37:38		535441		374129		161312		
20:37:40		528715		374099		154616		
20:37:42		521218		374166		147052		
20:37:44		517377		374045		143332		
20:37:46		517992		374784		143208		
20:37:48		514254		374766		139488		
20:37:50		510174		374778		135396		
20:37:52		501990		378870		123120		
20:37:54		499348		378956		120392		
20:37:56		492978		363162		129816		
20:37:58		474258		365390		108868		
20:38:00		478500		366160		112340		
20:38:02		470162		366874		103288		
20:38:04		476097		371817		104280		
20:38:06		477135		367399		109736		
20:38:08		472976		366836		106140		
20:38:10		471579		368043		103536		
20:38:12		472095		368559		103536		
20:38:14		538222		433694		104528		
20:38:16		535308		430780		104528		
20:38:18		531691		427163		104528		
20:38:20		530658		368594		162064		
20:38:22		541375		368647		172728		
20:38:24		522086		368082		154004		
20:38:26		515514		368082		147432		
20:38:28		506906		368030		138876		
20:38:30		535079		395707		139372		
20:38:32		542600		368632		173968		
20:38:34		527694		368110		159584		
20:38:36		522495		368119		154376		
20:38:38		518896		368116		150780		
20:38:40		518896		368116		150780		
20:38:42		513133		368057		145076		
20:38:45		508520		368032		140488		
20:38:47		510762		368786		141976		
20:38:49		502453		368165		134288		
20:38:51		493097		368109		124988		
20:38:53		484656		368100		116556		
20:38:55		479788		368068		111720		
20:38:57		475032		368148		106884		
20:38:59		476404		368776		107628		
20:39:01		467042		368342		98700		
20:39:03		471447		368903		102544		
20:39:05		468811		368763		100048		
20:39:07		469631		368715		100916		
20:39:09		467575		368147		99428		
20:39:11		464201		368245		95956		
20:39:13		461524		368172		93352		
20:39:15		459805		368189		91616		
20:39:17		462583		370595		91988		
20:39:19		461694		368342		93352		
20:39:21		532290		438442		93848		
20:39:23		525723		384879		140844		
20:39:25		558789		417945		140844		
20:39:27		487819		368179		119640		
20:39:29		560664		439536		121128		
20:39:31		540732		380048		160684		
20:39:33		559863		371403		188460		
20:39:35		532322		370894		161428		
20:39:37		528184		370972		157212		
20:39:39		528801		371465		157336		
20:39:41		522747		370991		151756		
20:39:43		524536		371788		152748		
20:39:45		545751		390895		154856		
20:39:47		561045		371717		189328		
20:39:49		531473		371285		160188		
20:39:51		525245		371257		153988		
20:39:53		526498		371766		154732		
20:39:56		520111		371703		148408		
20:39:58		513468		371632		141836		
20:40:00		508356		371604		136752		
20:40:02		507799		371667		136132		
20:40:04		500049		371605		128444		
20:40:06		499488		371788		127700		
20:40:08		498349		371765		126584		
20:40:10		496967		371747		125220		
20:40:12		545305		419837		125468		
20:40:14		537535		372263		165272		
20:40:16		539842		372338		167504		
20:40:18		536506		371854		164652		
20:40:20		533978		371806		162172		
20:40:22		527049		371821		155228		
20:40:24		524049		371921		152128		
20:40:26		515649		371953		143696		
20:40:28		512894		371926		140968		
20:40:30		509631		371887		137744		
20:40:32		507151		371887		135264		
20:40:34		503886		371970		131916		
20:40:36		507245		372477		134768		
20:40:38		505321		372165		133156		
20:40:40		502688		372260		130428		
20:40:42		498392		372304		126088		
20:40:44		495160		372296		122864		
20:40:46		500882		377398		123484		
20:40:48		491209		372313		118896		
20:40:50		485253		372309		112944		
20:40:52		482957		372741		110216		
20:40:54		482726		373378		109348		
20:40:56		508605		396157		112448		
20:40:58		541861		374357		167504		
20:41:00		511077		373829		137248		
20:41:02		500225		373765		126460		
20:41:04		499738		374022		125716		
20:41:07		495807		374059		121748		
20:41:09		494899		374143		120756		
20:41:11		494223		374211		120012		
20:41:13		492791		374267		118524		
20:41:15		486401		374325		112076		
20:41:17		481578		374338		107240		
20:41:19		481372		374256		107116		
20:41:21		480946		374450		106496		
20:41:23		544851		437859		106992		
20:41:25		538430		374894		163536		
20:41:27		541158		377622		163536		
20:41:29		538410		374502		163908		
20:41:31		531646		374558		157088		
20:41:33		524066		374542		149524		
20:41:35		518372		374552		143820		
20:41:37		513892		374536		139356		
20:41:39		509542		374526		135016		
20:41:41		503360		374544		128816		
20:41:43		500237		374521		125716		
20:41:45		498174		374814		123360		
20:41:47		497384		375016		122368		
20:41:49		493663		375139		118524		
20:41:51		526346		407822		118524		
20:41:53		509378		395070		114308		
20:41:55		534031		419723		114308		
20:41:57		497924		363528		134396		
20:41:59		489242		365750		123492		
20:42:01		496158		366466		129692		
20:42:03		490787		367171		123616		
20:42:05		489027		367271		121756		
20:42:07		487269		367373		119896		
20:42:09		485260		367348		117912		
20:42:11		483302		368490		114812		
20:42:13		482240		368420		113820		
20:42:15		477654		368422		109232		
20:42:17		475385		368509		106876		
20:42:20		531159		422795		108364		
20:42:22		573609		418125		155484		
20:42:24		560990		368926		192064		
20:42:26		573586		369246		204340		
20:42:28		570670		368438		202232		
20:42:30		561678		368498		193180		
20:42:32		557595		368383		189212		
20:42:34		550493		368473		182020		
20:42:36		542828		368496		174332		
20:42:38		538154		368410		169744		
20:42:40		530511		368455		162056		
20:42:42		531862		369062		162800		
20:42:44		528736		368540		160196		
20:42:46		524441		368585		155856		
20:42:48		522419		368547		153872		
20:42:50		518667		368515		150152		
20:42:52		516983		368567		148416		
20:42:54		512503		368551		143952		
20:42:56		514449		370249		144200		
20:42:58		503795		368647		135148		
20:43:00		501529		368613		132916		
20:43:02		497264		368688		128576		
20:43:04		495902		368690		127212		
20:43:06		494596		368624		125972		
20:43:08		494918		368946		125972		
20:43:10		494453		368729		125724		
20:43:12		496908		370316		126592		
20:43:14		546207		412175		134032		
20:43:16		538130		369130		169000		
20:43:18		550185		369033		181152		
20:43:20		536070		368558		167512		
20:43:22		535576		368560		167016		
20:43:24		535576		368560		167016		
20:43:26		556737		389721		167016		
20:43:28		593548		369120		224428		
20:43:30		541132		370520		170612		
20:43:32		540598		371226		169372		
20:43:35		539518		371138		168380		
20:43:37		534851		371307		163544		
20:43:39		530472		371268		159204		
20:43:41		529682		371346		158336		
20:43:43		527869		371269		156600		
20:43:45		527643		371539		156104		
20:43:47		521599		371571		150028		
20:43:49		520693		371533		149160		
20:43:51		513080		371608		141472		
20:43:53		505943		371539		134404		
20:43:55		500474		371650		128824		
20:43:57		501727		372407		129320		
20:43:59		499204		371992		127212		
20:44:01		493453		372069		121384		
20:44:03		497296		375416		121880		
20:44:05		493169		372157		121012		
20:44:07		495069		373065		122004		
20:44:09		487978		372174		115804		
20:44:11		546023		429971		116052		
20:44:13		542861		372621		170240		
20:44:15		542322		372082		170240		
20:44:17		535579		372159		163420		
20:44:19		536623		372955		163668		
20:44:21		536239		372571		163668		
20:44:23		530268		372304		157964		
20:44:25		525880		372380		153500		
20:44:27		518157		372345		145812		
20:44:29		552267		405835		146432		
20:44:31		538768		372868		165900		
20:44:33		540282		373142		167140		
20:44:35		536803		372515		164288		
20:44:37		528926		372450		156476		
20:44:39		523726		372458		151268		
20:44:41		523618		372598		151020		
20:44:43		522126		372842		149284		
20:44:45		519501		372821		146680		
20:44:48		540545		392749		147796		
20:44:50		553724		373192		180532		
20:44:52		528288		372680		155608		
20:44:54		522234		372702		149532		
20:44:56		519430		373370		146060		
20:44:58		511964		374212		137752		
20:45:00		511045		374161		136884		
20:45:02		501626		374166		127460		
20:45:04		502529		374697		127832		
20:45:06		500192		374344		125848		
20:45:08		495478		374342		121136		
20:45:10		494255		374359		119896		
20:45:12		492223		374559		117664		
20:45:14		556313		435177		121136		
20:45:16		550931		375235		175696		
20:45:18		549712		374760		174952		
20:45:20		540963		374815		166148		
20:45:22		546126		379358		166768		
20:45:24		538564		374896		163668		
20:45:26		532845		374881		157964		
20:45:28		525860		374840		151020		
20:45:30		524713		374809		149904		
20:45:32		519321		374873		144448		
20:45:34		517576		374864		142712		
20:45:36		515967		374867		141100		
20:45:38		516841		375245		141596		
20:45:40		514004		374764		139240		
20:45:42		513914		374798		139116		
20:45:44		507860		374820		133040		
20:45:46		509644		375736		133908		
20:45:48		502378		375042		127336		
20:45:50		492995		375455		117540		
20:45:52		490098		375534		114564		
20:45:54		491738		376182		115556		
20:45:56		488004		379764		108240		
20:45:58		495512		386776		108736		
20:46:01		525638		396418		129220		
20:46:03		493288		366200		127088		
20:46:05		500339		370647		129692		
20:46:07		503205		368057		135148		
20:46:09		557968		421828		136140		
20:46:11		550443		368051		182392		
20:46:13		550748		369348		181400		
20:46:15		553738		369238		184500		
20:46:17		546915		368739		178176		
20:46:19		535180		368784		166396		
20:46:21		527244		368784		158460		
20:46:23		525388		368788		156600		
20:46:25		523855		368743		155112		
20:46:27		513432		368736		144696		
20:46:29		509240		368760		140480		
20:46:31		503163		368759		134404		
20:46:33		504221		369321		134900		
20:46:35		504830		369310		135520		
20:46:37		499253		368817		130436		
20:46:39		496289		368829		127460		
20:46:41		494270		368794		125476		
20:46:43		493806		368826		124980		
20:46:45		487537		368757		118780		
20:46:47		485853		368809		117044		
20:46:49		483669		368857		114812		
20:46:51		515007		399691		115316		
20:46:53		506590		369334		137256		
20:46:55		514954		369514		145440		
20:46:57		512509		368805		143704		
20:46:59		505627		368867		136760		
20:47:01		507201		369573		137628		
20:47:03		503647		368871		134776		
20:47:05		505005		369485		135520		
20:47:07		536668		399040		137628		
20:47:09		566939		391243		175696		
20:47:11		606253		430557		175696		
20:47:14		550395		369367		181028		
20:47:16		558332		369368		188964		
20:47:18		551190		368922		182268		
20:47:20		552996		369364		183632		
20:47:22		545386		368822		176564		
20:47:24		538677		368933		169744		
20:47:26		528808		368860		159948		
20:47:28		524053		368817		155236		
20:47:30		521174		368914		152260		
20:47:32		516670		370982		145688		
20:47:34		517760		372072		145688		
20:47:36		523133		376453		146680		
20:47:38		519525		372101		147424		
20:47:40		515569		371617		143952		
20:47:42		512760		371660		141100		
20:47:44		510458		371714		138744		
20:47:46		503935		371887		132048		
20:47:48		500645		371821		128824		
20:47:50		501061		372237		128824		
20:47:52		496548		371940		124608		
20:47:54		493444		371936		121508		
20:47:56		494862		372610		122252		
20:47:58		490248		372336		117912		
20:48:00		493854		372842		121012		
20:48:02		496049		372805		123244		
20:48:04		487885		372453		115432		
20:48:06		533629		418197		115432		
20:48:08		522477		372945		149532		
20:48:10		531600		377976		153624		
20:48:12		528539		373055		155484		
20:48:14		516548		372472		144076		
20:48:16		513427		372451		140976		
20:48:18		503230		372422		130808		
20:48:20		506411		375355		131056		
20:48:23		506614		373078		133536		
20:48:25		495771		372527		123244		
20:48:27		500705		375973		124732		
20:48:29		535987		409147		126840		
20:48:31		527230		373110		154120		
20:48:33		525719		372591		153128		
20:48:35		518683		372623		146060		
20:48:37		522127		375943		146184		
20:48:39		519237		372805		146432		
20:48:41		520339		373287		147052		
20:48:43		513655		372927		140728		
20:48:45		515136		373540		141596		
20:48:47		510844		373092		137752		
20:48:49		511576		373576		138000		
20:48:51		511823		373575		138248		
20:48:53		509666		373030		136636		
20:48:55		503882		373074		130808		
20:48:57		500160		373816		126344		
20:48:59		502230		375018		127212		
20:49:01		504334		375014		129320		
20:49:03		500646		374550		126096		
20:49:05		499858		374506		125352		
20:49:07		501110		375262		125848		
20:49:09		532839		402155		130684		
20:49:11		522104		375300		146804		
20:49:13		522104		375424		146680		
20:49:15		522653		375353		147300		
20:49:17		519995		375051		144944		
20:49:19		517856		375020		142836		
20:49:21		517871		375035		142836		
20:49:23		513797		375053		138744		
20:49:25		511471		374959		136512		
20:49:27		552336		415452		136884		
20:49:29		537385		400501		136884		
20:49:31		525087		388203		136884		
20:49:33		559741		375613		184128		
20:49:36		541725		375081		166644		
20:49:38		538903		375235		163668		
20:49:40		531974		375126		156848		
20:49:42		526782		375142		151640		
20:49:44		523248		375204		148044		
20:49:46		522296		375244		147052		
20:49:48		516248		375148		141100		
20:49:50		511669		375405		136264		
20:49:52		545607		408971		136636		
20:49:54		527702		376310		151392		
20:49:56		529162		380622		148540		
20:49:58		535350		380486		154864		
20:50:00		527759		364191		163568		
20:50:02		513735		366559		147176		
20:50:04		515161		367117		148044		
20:50:06		516634		368838		147796		
20:50:08		512784		368088		144696		
20:50:10		512586		368014		144572		
20:50:12		511069		369225		141844		
20:50:14		508197		369205		138992		
20:50:16		504368		369344		135024		
20:50:18		499098		369282		129816		
20:50:20		495261		369289		125972		
20:50:22		489444		369300		120144		
20:50:24		483181		369361		113820		
20:50:26		480332		369364		110968		
20:50:28		478886		369282		109604		
20:50:30		474265		369373		104892		
20:50:32		469792		369364		100428		
20:50:34		465865		369281		96584		
20:50:36		483816		387232		96584		
20:50:38		491822		369694		122128		
20:50:40		482372		369172		113200		
20:50:42		485644		372196		113448		
20:50:44		489156		369756		119400		
20:50:46		487115		369203		117912		
20:50:49		488301		369769		118532		
20:50:51		488440		369784		118656		
20:50:53		491817		371673		120144		
20:50:55		485916		369368		116548		
20:50:57		485973		369425		116548		
20:50:59		484241		369429		114812		
20:51:01		486139		370459		115680		
20:51:03		482964		369268		113696		
20:51:05		518845		404653		114192		
20:51:07		507599		369723		137876		
20:51:09		507599		369723		137876		
20:51:11		587666		369810		217856		
20:51:13		547392		369216		178176		
20:51:15		549199		369783		179416		
20:51:17		543914		369210		174704		
20:51:19		535809		369289		166520		
20:51:21		528438		369234		159204		
20:51:23		519585		369185		150400		
20:51:25		511749		369285		142464		
20:51:27		512750		369790		142960		
20:51:29		510807		369335		141472		
20:51:31		506944		369316		137628		
20:51:33		509112		373220		135892		
20:51:35		507672		371780		135892		
20:51:37		503596		371920		131676		
20:51:39		505432		373632		131800		
20:51:41		504537		372117		132420		
20:51:43		502305		372117		130188		
20:51:45		538478		407298		131180		
20:51:47		526111		372859		153252		
20:51:49		527174		372806		154368		
20:51:51		522495		372343		150152		
20:51:53		512652		372296		140356		
20:51:55		505703		372291		133412		
20:51:57		501670		372350		129320		
20:52:00		495937		372693		123244		
20:52:02		493099		372707		120392		
20:52:04		489078		372778		116300		
20:52:06		493935		377015		116920		
20:52:08		493935		373295		120640		
20:52:10		489400		372852		116548		
20:52:12		486605		372909		113696		
20:52:14		487381		373685		113696		
20:52:16		483795		372827		110968		
20:52:18		484378		373410		110968		
20:52:20		478133		372869		105264		
20:52:22		477332		372812		104520		
20:52:24		536415		431399		105016		
20:52:26		535406		373474		161932		
20:52:28		537391		374095		163296		
20:52:30		553896		381796		172100		
20:52:32		569949		373545		196404		
20:52:34		558186		373066		185120		
20:52:36		545236		373012		172224		
20:52:38		530690		372974		157716		
20:52:40		530516		373048		157468		
20:52:42		529335		372983		156352		
20:52:44		520591		373291		147300		
20:52:46		514665		373441		141224		
20:52:48		512918		373430		139488		
20:52:50		509748		373360		136388		
20:52:52		504358		373426		130932		
20:52:54		503868		373432		130436		
20:52:56		505070		374014		131056		
20:52:58		498715		374107		124608		
20:53:00		494796		374900		119896		
20:53:02		487911		374835		113076		
20:53:04		484786		374934		109852		
20:53:06		484652		374924		109728		
20:53:08		485349		375621		109728		
20:53:11		485811		375711		110100		
20:53:13		484794		375314		109480		
20:53:15		528847		418995		109852		
20:53:17		529582		375834		153748		
20:53:19		525654		375502		150152		
20:53:21		525504		375476		150028		
20:53:23		514712		375472		139240		
20:53:25		513022		375394		137628		
20:53:27		503947		375495		128452		
20:53:29		501220		375496		125724		
20:53:31		498279		375407		122872		
20:53:33		493596		375436		118160		
20:53:35		491479		375551		115928		
20:53:37		492186		376010		116176		
20:53:39		523121		406449		116672		
20:53:41		513479		375975		137504		
20:53:43		508252		375460		132792		
20:53:45		512461		376073		136388		
20:53:47		514691		377187		137504		
20:53:49		526040		376012		150028		
20:53:51		521469		375781		145688		
20:53:53		534570		389130		145440		
20:53:55		531533		376669		154864		
20:53:57		519234		380366		138868		
20:53:59		515963		380443		135520		
20:54:01		508732		366756		141976		
20:54:03		527960		386232		141728		
20:54:05		575388		367444		207944		
20:54:07		514156		368336		145820		
20:54:09		525962		370346		155616		
20:54:11		517691		368275		149416		
20:54:13		512553		369461		143092		
20:54:16		506612		369472		137140		
20:54:18		510611		369999		140612		
20:54:20		500359		369419		130940		
20:54:22		495474		369494		125980		
20:54:24		542306		415954		126352		
20:54:26		528422		369954		158468		
20:54:28		532040		372828		159212		
20:54:30		527099		369623		157476		
20:54:32		543436		385464		157972		
20:54:34		551129		369969		181160		
20:54:36		537728		369464		168264		
20:54:38		534902		369490		165412		
20:54:40		560699		394791		165908		
20:54:42		539943		370067		169876		
20:54:44		559769		370053		189716		
20:54:46		553950		369566		184384		
20:54:48		557867		370011		187856		
20:54:50		555761		369517		186244		
20:54:52		558331		372087		186244		
20:54:54		558234		369874		188360		
20:54:56		565418		376066		189352		
20:54:58		563245		369925		193320		
20:55:00		564207		369895		194312		
20:55:02		561704		369376		192328		
20:55:04		560136		369544		190592		
20:55:06		567929		375105		192824		
20:55:08		570351		369963		200388		
20:55:10		572712		370960		201752		
20:55:12		572058		369562		202496		
20:55:13		570103		367607		202496		
