record in kb
time		total		used		free
[19:52:50]		1048572		56		1048516
[19:52:53]		1048572		56		1048516
[19:52:56]		1048572		56		1048516
[19:52:59]		1048572		56		1048516
[19:53:02]		1048572		56		1048516
[19:53:05]		1048572		56		1048516
[19:53:08]		1048572		56		1048516
[19:53:11]		1048572		56		1048516
[19:53:14]		1048572		56		1048516
[19:53:17]		1048572		56		1048516
[19:53:20]		1048572		56		1048516
[19:53:23]		1048572		56		1048516
[19:53:26]		1048572		56		1048516
[19:53:29]		1048572		56		1048516
[19:53:32]		1048572		56		1048516
[19:53:35]		1048572		56		1048516
[19:53:38]		1048572		56		1048516
[19:53:41]		1048572		56		1048516
[19:53:44]		1048572		56		1048516
[19:53:47]		1048572		56		1048516
[19:53:50]		1048572		56		1048516
[19:53:53]		1048572		56		1048516
[19:53:56]		1048572		56		1048516
[19:53:59]		1048572		56		1048516
[19:54:02]		1048572		56		1048516
[19:54:05]		1048572		56		1048516
[19:54:08]		1048572		56		1048516
[19:54:11]		1048572		56		1048516
[19:54:14]		1048572		56		1048516
[19:54:17]		1048572		56		1048516
[19:54:20]		1048572		56		1048516
[19:54:23]		1048572		56		1048516
[19:54:26]		1048572		56		1048516
[19:54:29]		1048572		56		1048516
[19:54:32]		1048572		56		1048516
[19:54:35]		1048572		56		1048516
[19:54:38]		1048572		56		1048516
[19:54:41]		1048572		56		1048516
[19:54:44]		1048572		56		1048516
[19:54:47]		1048572		56		1048516
[19:54:50]		1048572		56		1048516
[19:54:53]		1048572		56		1048516
[19:54:56]		1048572		56		1048516
[19:54:59]		1048572		56		1048516
[19:55:02]		1048572		56		1048516
[19:55:05]		1048572		56		1048516
[19:55:08]		1048572		56		1048516
[19:55:11]		1048572		56		1048516
[19:55:14]		1048572		56		1048516
[19:55:17]		1048572		56		1048516
[19:55:20]		1048572		56		1048516
[19:55:23]		1048572		56		1048516
[19:55:26]		1048572		56		1048516
[19:55:29]		1048572		56		1048516
[19:55:32]		1048572		56		1048516
[19:55:35]		1048572		56		1048516
[19:55:38]		1048572		56		1048516
[19:55:41]		1048572		56		1048516
[19:55:44]		1048572		56		1048516
[19:55:47]		1048572		56		1048516
[19:55:50]		1048572		56		1048516
[19:55:53]		1048572		56		1048516
[19:55:56]		1048572		56		1048516
[19:55:59]		1048572		56		1048516
[19:56:02]		1048572		56		1048516
[19:56:05]		1048572		56		1048516
[19:56:08]		1048572		56		1048516
[19:56:11]		1048572		56		1048516
[19:56:14]		1048572		56		1048516
[19:56:17]		1048572		56		1048516
[19:56:20]		1048572		56		1048516
[19:56:23]		1048572		56		1048516
[19:56:27]		1048572		56		1048516
[19:56:30]		1048572		56		1048516
[19:56:33]		1048572		56		1048516
[19:56:36]		1048572		56		1048516
[19:56:39]		1048572		56		1048516
[19:56:42]		1048572		56		1048516
[19:56:45]		1048572		56		1048516
[19:56:48]		1048572		56		1048516
[19:56:51]		1048572		56		1048516
[19:56:54]		1048572		56		1048516
[19:56:57]		1048572		56		1048516
[19:57:00]		1048572		56		1048516
[19:57:03]		1048572		56		1048516
[19:57:06]		1048572		56		1048516
[19:57:09]		1048572		56		1048516
[19:57:12]		1048572		56		1048516
[19:57:15]		1048572		56		1048516
[19:57:18]		1048572		56		1048516
[19:57:21]		1048572		56		1048516
[19:57:24]		1048572		56		1048516
[19:57:27]		1048572		56		1048516
[19:57:30]		1048572		56		1048516
[19:57:33]		1048572		56		1048516
[19:57:36]		1048572		56		1048516
[19:57:39]		1048572		56		1048516
[19:57:42]		1048572		56		1048516
[19:57:45]		1048572		56		1048516
[19:57:48]		1048572		56		1048516
[19:57:51]		1048572		56		1048516
[19:57:54]		1048572		56		1048516
[19:57:57]		1048572		56		1048516
[19:58:00]		1048572		56		1048516
[19:58:03]		1048572		56		1048516
[19:58:06]		1048572		56		1048516
[19:58:09]		1048572		56		1048516
[19:58:12]		1048572		56		1048516
[19:58:15]		1048572		56		1048516
[19:58:18]		1048572		56		1048516
[19:58:21]		1048572		56		1048516
[19:58:24]		1048572		56		1048516
[19:58:27]		1048572		56		1048516
[19:58:30]		1048572		56		1048516
[19:58:33]		1048572		56		1048516
[19:58:36]		1048572		56		1048516
[19:58:39]		1048572		56		1048516
[19:58:42]		1048572		56		1048516
[19:58:45]		1048572		56		1048516
[19:58:48]		1048572		56		1048516
[19:58:51]		1048572		56		1048516
[19:58:54]		1048572		56		1048516
[19:58:57]		1048572		56		1048516
[19:59:00]		1048572		56		1048516
[19:59:03]		1048572		56		1048516
[19:59:06]		1048572		56		1048516
[19:59:09]		1048572		56		1048516
[19:59:12]		1048572		56		1048516
[19:59:15]		1048572		56		1048516
[19:59:18]		1048572		56		1048516
[19:59:21]		1048572		56		1048516
[19:59:24]		1048572		56		1048516
[19:59:27]		1048572		56		1048516
[19:59:30]		1048572		56		1048516
[19:59:33]		1048572		56		1048516
[19:59:36]		1048572		56		1048516
[19:59:39]		1048572		56		1048516
[19:59:42]		1048572		56		1048516
[19:59:45]		1048572		56		1048516
[19:59:48]		1048572		56		1048516
[19:59:51]		1048572		56		1048516
[19:59:54]		1048572		56		1048516
[19:59:57]		1048572		56		1048516
[20:00:00]		1048572		56		1048516
[20:00:03]		1048572		56		1048516
[20:00:06]		1048572		56		1048516
[20:00:09]		1048572		56		1048516
[20:00:12]		1048572		56		1048516
[20:00:15]		1048572		56		1048516
[20:00:18]		1048572		56		1048516
[20:00:21]		1048572		56		1048516
[20:00:24]		1048572		56		1048516
[20:00:27]		1048572		56		1048516
[20:00:30]		1048572		56		1048516
[20:00:33]		1048572		56		1048516
[20:00:36]		1048572		56		1048516
[20:00:39]		1048572		56		1048516
[20:00:42]		1048572		56		1048516
[20:00:45]		1048572		56		1048516
[20:00:48]		1048572		56		1048516
[20:00:51]		1048572		56		1048516
[20:00:54]		1048572		56		1048516
[20:00:57]		1048572		56		1048516
[20:01:00]		1048572		56		1048516
[20:01:03]		1048572		56		1048516
[20:01:06]		1048572		56		1048516
[20:01:09]		1048572		56		1048516
[20:01:12]		1048572		56		1048516
[20:01:15]		1048572		56		1048516
[20:01:18]		1048572		56		1048516
[20:01:21]		1048572		56		1048516
[20:01:24]		1048572		56		1048516
[20:01:27]		1048572		56		1048516
[20:01:30]		1048572		56		1048516
[20:01:33]		1048572		56		1048516
[20:01:36]		1048572		56		1048516
[20:01:39]		1048572		56		1048516
[20:01:42]		1048572		56		1048516
[20:01:45]		1048572		56		1048516
[20:01:48]		1048572		56		1048516
[20:01:51]		1048572		56		1048516
[20:01:54]		1048572		56		1048516
[20:01:57]		1048572		56		1048516
[20:02:00]		1048572		56		1048516
[20:02:03]		1048572		56		1048516
[20:02:06]		1048572		56		1048516
[20:02:09]		1048572		56		1048516
[20:02:12]		1048572		56		1048516
[20:02:15]		1048572		56		1048516
[20:02:18]		1048572		56		1048516
[20:02:21]		1048572		56		1048516
[20:02:24]		1048572		56		1048516
[20:02:27]		1048572		56		1048516
[20:02:30]		1048572		56		1048516
[20:02:33]		1048572		56		1048516
[20:02:36]		1048572		56		1048516
[20:02:39]		1048572		56		1048516
[20:02:42]		1048572		56		1048516
[20:02:45]		1048572		56		1048516
[20:02:48]		1048572		56		1048516
[20:02:51]		1048572		56		1048516
[20:02:54]		1048572		56		1048516
[20:02:57]		1048572		56		1048516
[20:03:00]		1048572		56		1048516
[20:03:03]		1048572		56		1048516
[20:03:06]		1048572		56		1048516
[20:03:09]		1048572		56		1048516
[20:03:12]		1048572		56		1048516
[20:03:15]		1048572		56		1048516
[20:03:18]		1048572		56		1048516
[20:03:21]		1048572		56		1048516
[20:03:24]		1048572		56		1048516
[20:03:27]		1048572		56		1048516
[20:03:30]		1048572		56		1048516
[20:03:33]		1048572		56		1048516
[20:03:36]		1048572		56		1048516
[20:03:39]		1048572		56		1048516
[20:03:42]		1048572		56		1048516
[20:03:45]		1048572		56		1048516
[20:03:48]		1048572		56		1048516
[20:03:51]		1048572		56		1048516
[20:03:54]		1048572		56		1048516
[20:03:57]		1048572		56		1048516
[20:04:00]		1048572		56		1048516
[20:04:03]		1048572		56		1048516
[20:04:06]		1048572		56		1048516
[20:04:09]		1048572		56		1048516
[20:04:12]		1048572		56		1048516
[20:04:15]		1048572		56		1048516
[20:04:18]		1048572		56		1048516
[20:04:21]		1048572		56		1048516
[20:04:24]		1048572		56		1048516
[20:04:27]		1048572		56		1048516
[20:04:30]		1048572		56		1048516
[20:04:33]		1048572		56		1048516
[20:04:36]		1048572		56		1048516
[20:04:39]		1048572		56		1048516
[20:04:42]		1048572		56		1048516
[20:04:45]		1048572		56		1048516
[20:04:48]		1048572		56		1048516
[20:04:51]		1048572		56		1048516
[20:04:54]		1048572		56		1048516
[20:04:57]		1048572		56		1048516
[20:05:00]		1048572		56		1048516
[20:05:03]		1048572		56		1048516
[20:05:06]		1048572		56		1048516
[20:05:09]		1048572		56		1048516
[20:05:12]		1048572		56		1048516
[20:05:15]		1048572		56		1048516
[20:05:18]		1048572		56		1048516
[20:05:21]		1048572		56		1048516
[20:05:24]		1048572		56		1048516
[20:05:27]		1048572		56		1048516
[20:05:30]		1048572		56		1048516
[20:05:33]		1048572		56		1048516
[20:05:36]		1048572		56		1048516
[20:05:39]		1048572		56		1048516
[20:05:42]		1048572		56		1048516
[20:05:45]		1048572		56		1048516
[20:05:48]		1048572		56		1048516
[20:05:51]		1048572		56		1048516
[20:05:54]		1048572		56		1048516
[20:05:57]		1048572		56		1048516
[20:06:00]		1048572		56		1048516
[20:06:03]		1048572		56		1048516
[20:06:06]		1048572		56		1048516
[20:06:09]		1048572		56		1048516
[20:06:12]		1048572		56		1048516
[20:06:15]		1048572		56		1048516
[20:06:18]		1048572		56		1048516
[20:06:21]		1048572		56		1048516
[20:06:24]		1048572		56		1048516
[20:06:27]		1048572		56		1048516
[20:06:30]		1048572		56		1048516
[20:06:33]		1048572		56		1048516
[20:06:36]		1048572		56		1048516
[20:06:39]		1048572		56		1048516
[20:06:42]		1048572		56		1048516
[20:06:45]		1048572		56		1048516
[20:06:48]		1048572		56		1048516
[20:06:51]		1048572		56		1048516
[20:06:54]		1048572		56		1048516
[20:06:57]		1048572		56		1048516
[20:07:00]		1048572		56		1048516
[20:07:03]		1048572		56		1048516
[20:07:06]		1048572		56		1048516
[20:07:09]		1048572		56		1048516
[20:07:12]		1048572		56		1048516
[20:07:15]		1048572		56		1048516
[20:07:18]		1048572		56		1048516
[20:07:21]		1048572		56		1048516
[20:07:24]		1048572		56		1048516
[20:07:27]		1048572		56		1048516
[20:07:30]		1048572		56		1048516
[20:07:33]		1048572		56		1048516
[20:07:36]		1048572		56		1048516
[20:07:39]		1048572		56		1048516
[20:07:42]		1048572		56		1048516
[20:07:45]		1048572		56		1048516
[20:07:48]		1048572		56		1048516
[20:07:51]		1048572		56		1048516
[20:07:54]		1048572		56		1048516
[20:07:57]		1048572		56		1048516
[20:08:00]		1048572		56		1048516
[20:08:03]		1048572		56		1048516
[20:08:06]		1048572		56		1048516
[20:08:09]		1048572		56		1048516
[20:08:12]		1048572		56		1048516
[20:08:15]		1048572		56		1048516
[20:08:18]		1048572		56		1048516
[20:08:21]		1048572		56		1048516
[20:08:24]		1048572		56		1048516
[20:08:27]		1048572		56		1048516
[20:08:30]		1048572		56		1048516
[20:08:33]		1048572		56		1048516
[20:08:36]		1048572		56		1048516
[20:08:39]		1048572		56		1048516
[20:08:42]		1048572		56		1048516
[20:08:45]		1048572		56		1048516
[20:08:48]		1048572		56		1048516
[20:08:51]		1048572		56		1048516
[20:08:54]		1048572		56		1048516
[20:08:57]		1048572		56		1048516
[20:09:00]		1048572		56		1048516
[20:09:03]		1048572		56		1048516
[20:09:06]		1048572		56		1048516
[20:09:09]		1048572		56		1048516
[20:09:12]		1048572		56		1048516
[20:09:15]		1048572		56		1048516
[20:09:18]		1048572		56		1048516
[20:09:21]		1048572		56		1048516
[20:09:24]		1048572		56		1048516
[20:09:27]		1048572		56		1048516
[20:09:30]		1048572		56		1048516
[20:09:33]		1048572		56		1048516
[20:09:36]		1048572		56		1048516
[20:09:39]		1048572		56		1048516
[20:09:42]		1048572		56		1048516
[20:09:45]		1048572		56		1048516
[20:09:48]		1048572		56		1048516
[20:09:51]		1048572		56		1048516
[20:09:54]		1048572		56		1048516
[20:09:57]		1048572		56		1048516
[20:10:00]		1048572		56		1048516
[20:10:03]		1048572		56		1048516
[20:10:06]		1048572		56		1048516
[20:10:09]		1048572		56		1048516
[20:10:12]		1048572		56		1048516
[20:10:15]		1048572		56		1048516
[20:10:18]		1048572		56		1048516
[20:10:21]		1048572		56		1048516
[20:10:24]		1048572		56		1048516
[20:10:27]		1048572		56		1048516
[20:10:30]		1048572		56		1048516
[20:10:33]		1048572		56		1048516
[20:10:36]		1048572		56		1048516
[20:10:39]		1048572		56		1048516
[20:10:42]		1048572		56		1048516
[20:10:45]		1048572		56		1048516
[20:10:48]		1048572		56		1048516
[20:10:51]		1048572		56		1048516
[20:10:54]		1048572		56		1048516
[20:10:58]		1048572		56		1048516
[20:11:01]		1048572		56		1048516
[20:11:04]		1048572		56		1048516
[20:11:07]		1048572		56		1048516
[20:11:10]		1048572		56		1048516
[20:11:13]		1048572		56		1048516
[20:11:16]		1048572		56		1048516
[20:11:19]		1048572		56		1048516
[20:11:22]		1048572		56		1048516
[20:11:25]		1048572		56		1048516
[20:11:28]		1048572		56		1048516
[20:11:31]		1048572		56		1048516
[20:11:34]		1048572		56		1048516
[20:11:37]		1048572		56		1048516
[20:11:40]		1048572		56		1048516
[20:11:43]		1048572		56		1048516
[20:11:46]		1048572		56		1048516
[20:11:49]		1048572		56		1048516
[20:11:52]		1048572		56		1048516
[20:11:55]		1048572		56		1048516
[20:11:58]		1048572		56		1048516
[20:12:01]		1048572		56		1048516
[20:12:04]		1048572		56		1048516
[20:12:07]		1048572		56		1048516
[20:12:10]		1048572		56		1048516
[20:12:13]		1048572		56		1048516
[20:12:16]		1048572		56		1048516
[20:12:19]		1048572		56		1048516
[20:12:22]		1048572		56		1048516
[20:12:25]		1048572		56		1048516
[20:12:28]		1048572		56		1048516
[20:12:31]		1048572		56		1048516
[20:12:34]		1048572		56		1048516
[20:12:37]		1048572		56		1048516
[20:12:40]		1048572		56		1048516
[20:12:43]		1048572		56		1048516
[20:12:46]		1048572		56		1048516
[20:12:49]		1048572		56		1048516
[20:12:52]		1048572		56		1048516
[20:12:55]		1048572		56		1048516
[20:12:58]		1048572		56		1048516
[20:13:01]		1048572		56		1048516
[20:13:04]		1048572		56		1048516
[20:13:07]		1048572		56		1048516
[20:13:10]		1048572		56		1048516
[20:13:13]		1048572		56		1048516
[20:13:16]		1048572		56		1048516
[20:13:19]		1048572		56		1048516
[20:13:22]		1048572		56		1048516
[20:13:25]		1048572		56		1048516
[20:13:28]		1048572		56		1048516
[20:13:31]		1048572		56		1048516
[20:13:34]		1048572		56		1048516
[20:13:37]		1048572		56		1048516
[20:13:40]		1048572		56		1048516
[20:13:43]		1048572		56		1048516
[20:13:46]		1048572		56		1048516
[20:13:49]		1048572		56		1048516
[20:13:52]		1048572		56		1048516
[20:13:55]		1048572		56		1048516
[20:13:58]		1048572		56		1048516
[20:14:01]		1048572		56		1048516
[20:14:04]		1048572		56		1048516
[20:14:07]		1048572		56		1048516
[20:14:10]		1048572		56		1048516
[20:14:13]		1048572		56		1048516
[20:14:16]		1048572		56		1048516
[20:14:19]		1048572		56		1048516
[20:14:22]		1048572		56		1048516
[20:14:25]		1048572		56		1048516
[20:14:28]		1048572		56		1048516
[20:14:31]		1048572		56		1048516
[20:14:34]		1048572		56		1048516
[20:14:37]		1048572		56		1048516
[20:14:40]		1048572		56		1048516
[20:14:43]		1048572		56		1048516
[20:14:46]		1048572		56		1048516
[20:14:49]		1048572		56		1048516
[20:14:52]		1048572		56		1048516
[20:14:55]		1048572		56		1048516
[20:14:58]		1048572		56		1048516
[20:15:01]		1048572		56		1048516
[20:15:04]		1048572		56		1048516
[20:15:07]		1048572		56		1048516
[20:15:10]		1048572		56		1048516
[20:15:13]		1048572		56		1048516
[20:15:16]		1048572		56		1048516
[20:15:19]		1048572		56		1048516
[20:15:22]		1048572		56		1048516
[20:15:25]		1048572		56		1048516
[20:15:28]		1048572		56		1048516
[20:15:31]		1048572		56		1048516
[20:15:34]		1048572		56		1048516
[20:15:37]		1048572		56		1048516
[20:15:40]		1048572		56		1048516
[20:15:43]		1048572		56		1048516
[20:15:46]		1048572		56		1048516
[20:15:49]		1048572		56		1048516
[20:15:52]		1048572		56		1048516
[20:15:55]		1048572		56		1048516
[20:15:58]		1048572		56		1048516
[20:16:01]		1048572		56		1048516
[20:16:04]		1048572		56		1048516
[20:16:07]		1048572		56		1048516
[20:16:10]		1048572		56		1048516
[20:16:13]		1048572		56		1048516
[20:16:16]		1048572		56		1048516
[20:16:19]		1048572		56		1048516
[20:16:22]		1048572		56		1048516
[20:16:25]		1048572		56		1048516
[20:16:28]		1048572		56		1048516
[20:16:31]		1048572		56		1048516
[20:16:34]		1048572		56		1048516
[20:16:37]		1048572		56		1048516
[20:16:40]		1048572		56		1048516
[20:16:43]		1048572		56		1048516
[20:16:46]		1048572		56		1048516
[20:16:49]		1048572		56		1048516
[20:16:52]		1048572		56		1048516
[20:16:55]		1048572		56		1048516
[20:16:58]		1048572		56		1048516
[20:17:01]		1048572		56		1048516
[20:17:04]		1048572		56		1048516
[20:17:07]		1048572		56		1048516
[20:17:10]		1048572		56		1048516
[20:17:13]		1048572		56		1048516
[20:17:16]		1048572		56		1048516
[20:17:19]		1048572		56		1048516
[20:17:22]		1048572		56		1048516
[20:17:25]		1048572		56		1048516
[20:17:28]		1048572		56		1048516
[20:17:31]		1048572		56		1048516
[20:17:34]		1048572		56		1048516
[20:17:37]		1048572		56		1048516
[20:17:40]		1048572		56		1048516
[20:17:43]		1048572		56		1048516
[20:17:46]		1048572		56		1048516
[20:17:49]		1048572		56		1048516
[20:17:52]		1048572		56		1048516
[20:17:55]		1048572		56		1048516
[20:17:58]		1048572		56		1048516
[20:18:01]		1048572		56		1048516
[20:18:04]		1048572		56		1048516
[20:18:07]		1048572		56		1048516
[20:18:10]		1048572		56		1048516
[20:18:13]		1048572		56		1048516
[20:18:16]		1048572		56		1048516
[20:18:19]		1048572		56		1048516
[20:18:22]		1048572		56		1048516
[20:18:25]		1048572		56		1048516
[20:18:28]		1048572		56		1048516
[20:18:31]		1048572		56		1048516
[20:18:34]		1048572		56		1048516
[20:18:37]		1048572		56		1048516
[20:18:40]		1048572		56		1048516
[20:18:43]		1048572		56		1048516
[20:18:46]		1048572		56		1048516
[20:18:49]		1048572		56		1048516
[20:18:52]		1048572		56		1048516
[20:18:55]		1048572		56		1048516
[20:18:58]		1048572		56		1048516
[20:19:01]		1048572		56		1048516
[20:19:04]		1048572		56		1048516
[20:19:07]		1048572		56		1048516
[20:19:10]		1048572		56		1048516
[20:19:13]		1048572		56		1048516
[20:19:16]		1048572		56		1048516
[20:19:19]		1048572		56		1048516
[20:19:22]		1048572		56		1048516
[20:19:25]		1048572		56		1048516
[20:19:28]		1048572		56		1048516
[20:19:31]		1048572		56		1048516
[20:19:34]		1048572		56		1048516
[20:19:37]		1048572		56		1048516
[20:19:40]		1048572		56		1048516
[20:19:43]		1048572		56		1048516
[20:19:46]		1048572		56		1048516
[20:19:49]		1048572		56		1048516
[20:19:52]		1048572		56		1048516
[20:19:55]		1048572		56		1048516
[20:19:58]		1048572		56		1048516
[20:20:01]		1048572		56		1048516
[20:20:04]		1048572		56		1048516
[20:20:07]		1048572		56		1048516
[20:20:10]		1048572		56		1048516
[20:20:13]		1048572		56		1048516
[20:20:16]		1048572		56		1048516
[20:20:19]		1048572		56		1048516
[20:20:22]		1048572		56		1048516
[20:20:25]		1048572		56		1048516
[20:20:28]		1048572		56		1048516
[20:20:31]		1048572		56		1048516
[20:20:34]		1048572		56		1048516
[20:20:37]		1048572		56		1048516
[20:20:40]		1048572		56		1048516
[20:20:43]		1048572		56		1048516
[20:20:46]		1048572		56		1048516
[20:20:49]		1048572		56		1048516
[20:20:52]		1048572		56		1048516
[20:20:55]		1048572		56		1048516
[20:20:58]		1048572		56		1048516
[20:21:01]		1048572		56		1048516
[20:21:04]		1048572		56		1048516
[20:21:07]		1048572		56		1048516
[20:21:10]		1048572		56		1048516
[20:21:13]		1048572		56		1048516
[20:21:16]		1048572		56		1048516
[20:21:19]		1048572		56		1048516
[20:21:22]		1048572		56		1048516
[20:21:25]		1048572		56		1048516
[20:21:28]		1048572		56		1048516
[20:21:31]		1048572		56		1048516
[20:21:34]		1048572		56		1048516
[20:21:37]		1048572		56		1048516
[20:21:40]		1048572		56		1048516
[20:21:43]		1048572		56		1048516
[20:21:46]		1048572		56		1048516
[20:21:49]		1048572		56		1048516
[20:21:52]		1048572		56		1048516
[20:21:55]		1048572		56		1048516
[20:21:58]		1048572		56		1048516
[20:22:01]		1048572		56		1048516
[20:22:04]		1048572		56		1048516
[20:22:07]		1048572		56		1048516
[20:22:10]		1048572		56		1048516
[20:22:13]		1048572		56		1048516
[20:22:16]		1048572		56		1048516
[20:22:19]		1048572		56		1048516
[20:22:22]		1048572		56		1048516
[20:22:25]		1048572		56		1048516
[20:22:28]		1048572		56		1048516
[20:22:31]		1048572		56		1048516
[20:22:34]		1048572		56		1048516
[20:22:37]		1048572		56		1048516
[20:22:40]		1048572		56		1048516
[20:22:43]		1048572		56		1048516
[20:22:46]		1048572		56		1048516
[20:22:49]		1048572		56		1048516
[20:22:52]		1048572		56		1048516
[20:22:55]		1048572		56		1048516
[20:22:58]		1048572		56		1048516
[20:23:01]		1048572		56		1048516
[20:23:04]		1048572		56		1048516
[20:23:07]		1048572		56		1048516
[20:23:10]		1048572		56		1048516
[20:23:13]		1048572		56		1048516
[20:23:16]		1048572		56		1048516
[20:23:19]		1048572		56		1048516
[20:23:22]		1048572		56		1048516
[20:23:25]		1048572		56		1048516
[20:23:28]		1048572		56		1048516
[20:23:31]		1048572		56		1048516
[20:23:34]		1048572		56		1048516
[20:23:37]		1048572		56		1048516
[20:23:40]		1048572		56		1048516
[20:23:43]		1048572		56		1048516
[20:23:46]		1048572		56		1048516
[20:23:50]		1048572		56		1048516
[20:23:53]		1048572		56		1048516
[20:23:56]		1048572		56		1048516
[20:23:59]		1048572		56		1048516
[20:24:02]		1048572		56		1048516
[20:24:05]		1048572		56		1048516
[20:24:08]		1048572		56		1048516
[20:24:11]		1048572		56		1048516
[20:24:14]		1048572		56		1048516
[20:24:17]		1048572		56		1048516
[20:24:20]		1048572		56		1048516
[20:24:23]		1048572		56		1048516
[20:24:26]		1048572		56		1048516
[20:24:29]		1048572		56		1048516
[20:24:32]		1048572		56		1048516
[20:24:35]		1048572		56		1048516
[20:24:38]		1048572		56		1048516
[20:24:41]		1048572		56		1048516
[20:24:44]		1048572		56		1048516
[20:24:47]		1048572		56		1048516
[20:24:50]		1048572		56		1048516
[20:24:53]		1048572		56		1048516
[20:24:56]		1048572		56		1048516
[20:24:59]		1048572		56		1048516
[20:25:02]		1048572		56		1048516
[20:25:05]		1048572		56		1048516
[20:25:08]		1048572		56		1048516
[20:25:11]		1048572		56		1048516
[20:25:14]		1048572		56		1048516
[20:25:17]		1048572		56		1048516
[20:25:20]		1048572		56		1048516
[20:25:23]		1048572		56		1048516
[20:25:26]		1048572		56		1048516
[20:25:29]		1048572		56		1048516
[20:25:32]		1048572		56		1048516
[20:25:35]		1048572		56		1048516
[20:25:38]		1048572		56		1048516
[20:25:41]		1048572		56		1048516
[20:25:44]		1048572		56		1048516
[20:25:47]		1048572		56		1048516
[20:25:50]		1048572		56		1048516
[20:25:53]		1048572		56		1048516
[20:25:56]		1048572		56		1048516
[20:25:59]		1048572		56		1048516
[20:26:02]		1048572		56		1048516
[20:26:05]		1048572		56		1048516
[20:26:08]		1048572		56		1048516
[20:26:11]		1048572		56		1048516
[20:26:14]		1048572		56		1048516
[20:26:17]		1048572		56		1048516
[20:26:20]		1048572		56		1048516
[20:26:23]		1048572		56		1048516
[20:26:26]		1048572		56		1048516
[20:26:29]		1048572		56		1048516
[20:26:32]		1048572		56		1048516
[20:26:35]		1048572		56		1048516
[20:26:38]		1048572		56		1048516
[20:26:41]		1048572		56		1048516
[20:26:44]		1048572		56		1048516
[20:26:47]		1048572		56		1048516
[20:26:50]		1048572		56		1048516
[20:26:53]		1048572		56		1048516
[20:26:56]		1048572		56		1048516
[20:26:59]		1048572		56		1048516
[20:27:02]		1048572		56		1048516
[20:27:05]		1048572		56		1048516
[20:27:08]		1048572		56		1048516
[20:27:11]		1048572		56		1048516
[20:27:14]		1048572		56		1048516
[20:27:17]		1048572		56		1048516
[20:27:20]		1048572		56		1048516
[20:27:23]		1048572		56		1048516
[20:27:26]		1048572		56		1048516
[20:27:29]		1048572		56		1048516
[20:27:32]		1048572		56		1048516
[20:27:35]		1048572		56		1048516
[20:27:38]		1048572		56		1048516
[20:27:41]		1048572		56		1048516
[20:27:44]		1048572		56		1048516
[20:27:47]		1048572		56		1048516
[20:27:50]		1048572		56		1048516
[20:27:53]		1048572		56		1048516
[20:27:56]		1048572		56		1048516
[20:27:59]		1048572		56		1048516
[20:28:02]		1048572		56		1048516
[20:28:05]		1048572		56		1048516
[20:28:08]		1048572		56		1048516
[20:28:11]		1048572		56		1048516
[20:28:14]		1048572		56		1048516
[20:28:17]		1048572		56		1048516
[20:28:20]		1048572		56		1048516
[20:28:23]		1048572		56		1048516
[20:28:26]		1048572		56		1048516
[20:28:29]		1048572		56		1048516
[20:28:32]		1048572		56		1048516
[20:28:35]		1048572		56		1048516
[20:28:38]		1048572		56		1048516
[20:28:41]		1048572		56		1048516
[20:28:44]		1048572		56		1048516
[20:28:47]		1048572		56		1048516
[20:28:50]		1048572		56		1048516
[20:28:53]		1048572		56		1048516
[20:28:56]		1048572		56		1048516
[20:28:59]		1048572		56		1048516
[20:29:02]		1048572		56		1048516
[20:29:05]		1048572		56		1048516
[20:29:08]		1048572		56		1048516
[20:29:11]		1048572		56		1048516
[20:29:14]		1048572		56		1048516
[20:29:17]		1048572		56		1048516
[20:29:20]		1048572		56		1048516
[20:29:23]		1048572		56		1048516
[20:29:26]		1048572		56		1048516
[20:29:29]		1048572		56		1048516
[20:29:32]		1048572		56		1048516
[20:29:35]		1048572		56		1048516
[20:29:38]		1048572		56		1048516
[20:29:41]		1048572		56		1048516
[20:29:44]		1048572		56		1048516
[20:29:47]		1048572		56		1048516
[20:29:50]		1048572		56		1048516
[20:29:53]		1048572		56		1048516
[20:29:56]		1048572		56		1048516
[20:29:59]		1048572		56		1048516
[20:30:02]		1048572		56		1048516
[20:30:05]		1048572		56		1048516
[20:30:08]		1048572		56		1048516
[20:30:11]		1048572		56		1048516
[20:30:14]		1048572		56		1048516
[20:30:17]		1048572		56		1048516
[20:30:20]		1048572		56		1048516
[20:30:23]		1048572		56		1048516
[20:30:26]		1048572		56		1048516
[20:30:29]		1048572		56		1048516
[20:30:32]		1048572		56		1048516
[20:30:35]		1048572		56		1048516
[20:30:38]		1048572		56		1048516
[20:30:41]		1048572		56		1048516
[20:30:44]		1048572		56		1048516
[20:30:47]		1048572		56		1048516
[20:30:50]		1048572		56		1048516
[20:30:53]		1048572		56		1048516
[20:30:56]		1048572		56		1048516
[20:30:59]		1048572		56		1048516
[20:31:02]		1048572		56		1048516
[20:31:05]		1048572		56		1048516
[20:31:08]		1048572		56		1048516
[20:31:11]		1048572		56		1048516
[20:31:14]		1048572		56		1048516
[20:31:17]		1048572		56		1048516
[20:31:20]		1048572		56		1048516
[20:31:23]		1048572		56		1048516
[20:31:26]		1048572		56		1048516
[20:31:29]		1048572		56		1048516
[20:31:32]		1048572		56		1048516
[20:31:35]		1048572		56		1048516
[20:31:38]		1048572		56		1048516
[20:31:41]		1048572		56		1048516
[20:31:44]		1048572		56		1048516
[20:31:47]		1048572		56		1048516
[20:31:50]		1048572		56		1048516
[20:31:53]		1048572		56		1048516
[20:31:56]		1048572		56		1048516
[20:31:59]		1048572		56		1048516
[20:32:02]		1048572		56		1048516
[20:32:05]		1048572		56		1048516
[20:32:08]		1048572		56		1048516
[20:32:11]		1048572		56		1048516
[20:32:14]		1048572		56		1048516
[20:32:17]		1048572		56		1048516
[20:32:20]		1048572		56		1048516
[20:32:23]		1048572		56		1048516
[20:32:26]		1048572		56		1048516
[20:32:29]		1048572		56		1048516
[20:32:32]		1048572		56		1048516
[20:32:35]		1048572		56		1048516
[20:32:38]		1048572		56		1048516
[20:32:41]		1048572		56		1048516
[20:32:44]		1048572		56		1048516
[20:32:47]		1048572		56		1048516
[20:32:50]		1048572		56		1048516
[20:32:53]		1048572		56		1048516
[20:32:56]		1048572		56		1048516
[20:32:59]		1048572		56		1048516
[20:33:02]		1048572		56		1048516
[20:33:05]		1048572		56		1048516
[20:33:08]		1048572		56		1048516
[20:33:11]		1048572		56		1048516
[20:33:14]		1048572		56		1048516
[20:33:17]		1048572		56		1048516
[20:33:20]		1048572		56		1048516
[20:33:23]		1048572		56		1048516
[20:33:26]		1048572		56		1048516
[20:33:29]		1048572		56		1048516
[20:33:32]		1048572		56		1048516
[20:33:35]		1048572		56		1048516
[20:33:38]		1048572		56		1048516
[20:33:41]		1048572		56		1048516
[20:33:44]		1048572		56		1048516
[20:33:47]		1048572		56		1048516
[20:33:50]		1048572		56		1048516
[20:33:53]		1048572		56		1048516
[20:33:56]		1048572		56		1048516
[20:33:59]		1048572		56		1048516
[20:34:02]		1048572		56		1048516
[20:34:05]		1048572		56		1048516
[20:34:08]		1048572		56		1048516
[20:34:11]		1048572		56		1048516
[20:34:14]		1048572		56		1048516
[20:34:17]		1048572		56		1048516
[20:34:20]		1048572		56		1048516
[20:34:23]		1048572		56		1048516
[20:34:26]		1048572		56		1048516
[20:34:29]		1048572		56		1048516
[20:34:32]		1048572		56		1048516
[20:34:35]		1048572		56		1048516
[20:34:38]		1048572		56		1048516
[20:34:41]		1048572		56		1048516
[20:34:44]		1048572		56		1048516
[20:34:47]		1048572		56		1048516
[20:34:50]		1048572		56		1048516
[20:34:53]		1048572		56		1048516
[20:34:56]		1048572		56		1048516
[20:34:59]		1048572		56		1048516
[20:35:02]		1048572		56		1048516
[20:35:05]		1048572		56		1048516
[20:35:08]		1048572		56		1048516
[20:35:11]		1048572		56		1048516
[20:35:14]		1048572		56		1048516
[20:35:17]		1048572		56		1048516
[20:35:20]		1048572		56		1048516
[20:35:23]		1048572		56		1048516
[20:35:26]		1048572		56		1048516
[20:35:29]		1048572		56		1048516
[20:35:32]		1048572		56		1048516
[20:35:35]		1048572		56		1048516
[20:35:38]		1048572		56		1048516
[20:35:41]		1048572		56		1048516
[20:35:44]		1048572		56		1048516
[20:35:47]		1048572		56		1048516
[20:35:50]		1048572		56		1048516
[20:35:53]		1048572		56		1048516
[20:35:56]		1048572		56		1048516
[20:35:59]		1048572		56		1048516
[20:36:02]		1048572		56		1048516
[20:36:05]		1048572		56		1048516
[20:36:08]		1048572		56		1048516
[20:36:11]		1048572		56		1048516
[20:36:14]		1048572		56		1048516
[20:36:17]		1048572		56		1048516
[20:36:20]		1048572		56		1048516
[20:36:23]		1048572		56		1048516
[20:36:26]		1048572		56		1048516
[20:36:29]		1048572		56		1048516
[20:36:32]		1048572		56		1048516
[20:36:35]		1048572		56		1048516
[20:36:38]		1048572		56		1048516
[20:36:41]		1048572		56		1048516
[20:36:44]		1048572		56		1048516
[20:36:47]		1048572		56		1048516
[20:36:50]		1048572		56		1048516
[20:36:53]		1048572		56		1048516
[20:36:56]		1048572		56		1048516
[20:36:59]		1048572		56		1048516
[20:37:02]		1048572		56		1048516
[20:37:05]		1048572		56		1048516
[20:37:08]		1048572		56		1048516
[20:37:11]		1048572		56		1048516
[20:37:14]		1048572		56		1048516
[20:37:17]		1048572		56		1048516
[20:37:20]		1048572		56		1048516
[20:37:23]		1048572		56		1048516
[20:37:26]		1048572		56		1048516
[20:37:29]		1048572		56		1048516
[20:37:32]		1048572		56		1048516
[20:37:35]		1048572		56		1048516
[20:37:38]		1048572		56		1048516
[20:37:41]		1048572		56		1048516
[20:37:44]		1048572		56		1048516
[20:37:47]		1048572		56		1048516
[20:37:50]		1048572		56		1048516
[20:37:54]		1048572		56		1048516
[20:37:57]		1048572		56		1048516
[20:38:00]		1048572		56		1048516
[20:38:03]		1048572		56		1048516
[20:38:06]		1048572		56		1048516
[20:38:09]		1048572		56		1048516
[20:38:12]		1048572		56		1048516
[20:38:15]		1048572		56		1048516
[20:38:18]		1048572		56		1048516
[20:38:21]		1048572		56		1048516
[20:38:24]		1048572		56		1048516
[20:38:27]		1048572		56		1048516
[20:38:30]		1048572		56		1048516
[20:38:33]		1048572		56		1048516
[20:38:36]		1048572		56		1048516
[20:38:39]		1048572		56		1048516
[20:38:42]		1048572		56		1048516
[20:38:45]		1048572		56		1048516
[20:38:48]		1048572		56		1048516
[20:38:51]		1048572		56		1048516
[20:38:54]		1048572		56		1048516
[20:38:57]		1048572		56		1048516
[20:39:00]		1048572		56		1048516
[20:39:03]		1048572		56		1048516
[20:39:06]		1048572		56		1048516
[20:39:09]		1048572		56		1048516
[20:39:12]		1048572		56		1048516
[20:39:15]		1048572		56		1048516
[20:39:18]		1048572		56		1048516
[20:39:21]		1048572		56		1048516
[20:39:24]		1048572		56		1048516
[20:39:27]		1048572		56		1048516
[20:39:30]		1048572		56		1048516
[20:39:33]		1048572		56		1048516
[20:39:36]		1048572		56		1048516
[20:39:39]		1048572		56		1048516
[20:39:42]		1048572		56		1048516
[20:39:45]		1048572		56		1048516
[20:39:48]		1048572		56		1048516
[20:39:51]		1048572		56		1048516
[20:39:54]		1048572		56		1048516
[20:39:57]		1048572		56		1048516
[20:40:00]		1048572		56		1048516
[20:40:03]		1048572		56		1048516
[20:40:06]		1048572		56		1048516
[20:40:09]		1048572		56		1048516
[20:40:12]		1048572		56		1048516
[20:40:15]		1048572		56		1048516
[20:40:18]		1048572		56		1048516
[20:40:21]		1048572		56		1048516
[20:40:24]		1048572		56		1048516
[20:40:27]		1048572		56		1048516
[20:40:30]		1048572		56		1048516
[20:40:33]		1048572		56		1048516
[20:40:36]		1048572		56		1048516
[20:40:39]		1048572		56		1048516
[20:40:42]		1048572		56		1048516
[20:40:45]		1048572		56		1048516
[20:40:48]		1048572		56		1048516
[20:40:51]		1048572		56		1048516
[20:40:54]		1048572		56		1048516
[20:40:57]		1048572		56		1048516
[20:41:00]		1048572		56		1048516
[20:41:03]		1048572		56		1048516
[20:41:06]		1048572		56		1048516
[20:41:09]		1048572		56		1048516
[20:41:12]		1048572		56		1048516
[20:41:15]		1048572		56		1048516
[20:41:18]		1048572		56		1048516
[20:41:21]		1048572		56		1048516
[20:41:24]		1048572		56		1048516
[20:41:27]		1048572		56		1048516
[20:41:30]		1048572		56		1048516
[20:41:33]		1048572		56		1048516
[20:41:36]		1048572		56		1048516
[20:41:39]		1048572		56		1048516
[20:41:42]		1048572		56		1048516
[20:41:45]		1048572		56		1048516
[20:41:48]		1048572		56		1048516
[20:41:51]		1048572		56		1048516
[20:41:54]		1048572		56		1048516
[20:41:57]		1048572		56		1048516
[20:42:00]		1048572		56		1048516
[20:42:03]		1048572		56		1048516
[20:42:06]		1048572		56		1048516
[20:42:09]		1048572		56		1048516
[20:42:12]		1048572		56		1048516
[20:42:15]		1048572		56		1048516
[20:42:18]		1048572		56		1048516
[20:42:21]		1048572		56		1048516
[20:42:24]		1048572		56		1048516
[20:42:27]		1048572		56		1048516
[20:42:30]		1048572		56		1048516
[20:42:33]		1048572		56		1048516
[20:42:36]		1048572		56		1048516
[20:42:39]		1048572		56		1048516
[20:42:42]		1048572		56		1048516
[20:42:45]		1048572		56		1048516
[20:42:48]		1048572		56		1048516
[20:42:51]		1048572		56		1048516
[20:42:54]		1048572		56		1048516
[20:42:57]		1048572		56		1048516
[20:43:00]		1048572		56		1048516
[20:43:03]		1048572		56		1048516
[20:43:06]		1048572		56		1048516
[20:43:09]		1048572		56		1048516
[20:43:12]		1048572		56		1048516
[20:43:15]		1048572		56		1048516
[20:43:18]		1048572		56		1048516
[20:43:21]		1048572		56		1048516
[20:43:24]		1048572		56		1048516
[20:43:27]		1048572		56		1048516
[20:43:30]		1048572		56		1048516
[20:43:33]		1048572		56		1048516
[20:43:36]		1048572		56		1048516
[20:43:39]		1048572		56		1048516
[20:43:42]		1048572		56		1048516
[20:43:45]		1048572		56		1048516
[20:43:48]		1048572		56		1048516
[20:43:51]		1048572		56		1048516
[20:43:54]		1048572		56		1048516
[20:43:57]		1048572		56		1048516
[20:44:00]		1048572		56		1048516
[20:44:03]		1048572		56		1048516
[20:44:06]		1048572		56		1048516
[20:44:09]		1048572		56		1048516
[20:44:12]		1048572		56		1048516
[20:44:15]		1048572		56		1048516
[20:44:18]		1048572		56		1048516
[20:44:21]		1048572		56		1048516
[20:44:24]		1048572		56		1048516
[20:44:27]		1048572		56		1048516
[20:44:30]		1048572		56		1048516
[20:44:33]		1048572		56		1048516
[20:44:36]		1048572		56		1048516
[20:44:39]		1048572		56		1048516
[20:44:42]		1048572		56		1048516
[20:44:45]		1048572		56		1048516
[20:44:48]		1048572		56		1048516
[20:44:51]		1048572		56		1048516
[20:44:54]		1048572		56		1048516
[20:44:57]		1048572		56		1048516
[20:45:00]		1048572		56		1048516
[20:45:03]		1048572		56		1048516
[20:45:06]		1048572		56		1048516
[20:45:09]		1048572		56		1048516
[20:45:12]		1048572		56		1048516
[20:45:15]		1048572		56		1048516
[20:45:18]		1048572		56		1048516
[20:45:21]		1048572		56		1048516
[20:45:24]		1048572		56		1048516
[20:45:27]		1048572		56		1048516
[20:45:30]		1048572		56		1048516
[20:45:33]		1048572		56		1048516
[20:45:36]		1048572		56		1048516
[20:45:39]		1048572		56		1048516
[20:45:42]		1048572		56		1048516
[20:45:45]		1048572		56		1048516
[20:45:48]		1048572		56		1048516
[20:45:51]		1048572		56		1048516
[20:45:54]		1048572		56		1048516
[20:45:57]		1048572		56		1048516
[20:46:00]		1048572		56		1048516
[20:46:03]		1048572		56		1048516
[20:46:06]		1048572		56		1048516
[20:46:09]		1048572		56		1048516
[20:46:12]		1048572		56		1048516
[20:46:15]		1048572		56		1048516
[20:46:18]		1048572		56		1048516
[20:46:21]		1048572		56		1048516
[20:46:24]		1048572		56		1048516
[20:46:27]		1048572		56		1048516
[20:46:30]		1048572		56		1048516
[20:46:33]		1048572		56		1048516
[20:46:36]		1048572		56		1048516
[20:46:39]		1048572		56		1048516
[20:46:42]		1048572		56		1048516
[20:46:45]		1048572		56		1048516
[20:46:48]		1048572		56		1048516
[20:46:51]		1048572		56		1048516
[20:46:54]		1048572		56		1048516
[20:46:57]		1048572		56		1048516
[20:47:00]		1048572		56		1048516
[20:47:03]		1048572		56		1048516
[20:47:06]		1048572		56		1048516
[20:47:09]		1048572		56		1048516
[20:47:12]		1048572		56		1048516
[20:47:15]		1048572		56		1048516
[20:47:18]		1048572		56		1048516
[20:47:21]		1048572		56		1048516
[20:47:24]		1048572		56		1048516
[20:47:27]		1048572		56		1048516
[20:47:30]		1048572		56		1048516
[20:47:33]		1048572		56		1048516
[20:47:36]		1048572		56		1048516
[20:47:39]		1048572		56		1048516
[20:47:42]		1048572		56		1048516
[20:47:45]		1048572		56		1048516
[20:47:48]		1048572		56		1048516
[20:47:51]		1048572		56		1048516
[20:47:54]		1048572		56		1048516
[20:47:57]		1048572		56		1048516
[20:48:00]		1048572		56		1048516
[20:48:03]		1048572		56		1048516
[20:48:06]		1048572		56		1048516
[20:48:09]		1048572		56		1048516
[20:48:12]		1048572		56		1048516
[20:48:15]		1048572		56		1048516
[20:48:18]		1048572		56		1048516
[20:48:21]		1048572		56		1048516
[20:48:24]		1048572		56		1048516
[20:48:27]		1048572		56		1048516
[20:48:30]		1048572		56		1048516
[20:48:33]		1048572		56		1048516
[20:48:36]		1048572		56		1048516
[20:48:39]		1048572		56		1048516
[20:48:42]		1048572		56		1048516
[20:48:45]		1048572		56		1048516
[20:48:48]		1048572		56		1048516
[20:48:51]		1048572		56		1048516
[20:48:54]		1048572		56		1048516
[20:48:57]		1048572		56		1048516
[20:49:00]		1048572		56		1048516
[20:49:03]		1048572		56		1048516
[20:49:06]		1048572		56		1048516
[20:49:09]		1048572		56		1048516
[20:49:12]		1048572		56		1048516
[20:49:15]		1048572		56		1048516
[20:49:18]		1048572		56		1048516
[20:49:21]		1048572		56		1048516
[20:49:24]		1048572		56		1048516
[20:49:27]		1048572		56		1048516
[20:49:30]		1048572		56		1048516
[20:49:33]		1048572		56		1048516
[20:49:36]		1048572		56		1048516
[20:49:39]		1048572		56		1048516
[20:49:42]		1048572		56		1048516
[20:49:45]		1048572		56		1048516
[20:49:48]		1048572		56		1048516
[20:49:51]		1048572		56		1048516
[20:49:54]		1048572		56		1048516
[20:49:57]		1048572		56		1048516
[20:50:00]		1048572		56		1048516
[20:50:03]		1048572		56		1048516
[20:50:06]		1048572		56		1048516
[20:50:09]		1048572		56		1048516
[20:50:12]		1048572		56		1048516
[20:50:15]		1048572		56		1048516
[20:50:18]		1048572		56		1048516
[20:50:21]		1048572		56		1048516
[20:50:24]		1048572		56		1048516
[20:50:27]		1048572		56		1048516
[20:50:30]		1048572		56		1048516
[20:50:33]		1048572		56		1048516
[20:50:36]		1048572		56		1048516
[20:50:39]		1048572		56		1048516
[20:50:42]		1048572		56		1048516
[20:50:45]		1048572		56		1048516
[20:50:48]		1048572		56		1048516
[20:50:51]		1048572		56		1048516
[20:50:54]		1048572		56		1048516
[20:50:57]		1048572		56		1048516
[20:51:00]		1048572		56		1048516
[20:51:03]		1048572		56		1048516
[20:51:06]		1048572		56		1048516
[20:51:09]		1048572		56		1048516
[20:51:12]		1048572		56		1048516
[20:51:15]		1048572		56		1048516
[20:51:18]		1048572		56		1048516
[20:51:21]		1048572		56		1048516
[20:51:24]		1048572		56		1048516
[20:51:27]		1048572		56		1048516
[20:51:30]		1048572		56		1048516
[20:51:34]		1048572		56		1048516
[20:51:37]		1048572		56		1048516
[20:51:40]		1048572		56		1048516
[20:51:43]		1048572		56		1048516
[20:51:46]		1048572		56		1048516
[20:51:49]		1048572		56		1048516
[20:51:52]		1048572		56		1048516
[20:51:55]		1048572		56		1048516
[20:51:58]		1048572		56		1048516
[20:52:01]		1048572		56		1048516
[20:52:04]		1048572		56		1048516
[20:52:07]		1048572		56		1048516
[20:52:10]		1048572		56		1048516
[20:52:13]		1048572		56		1048516
[20:52:16]		1048572		56		1048516
[20:52:19]		1048572		56		1048516
[20:52:22]		1048572		56		1048516
[20:52:25]		1048572		56		1048516
[20:52:28]		1048572		56		1048516
[20:52:31]		1048572		56		1048516
[20:52:34]		1048572		56		1048516
[20:52:37]		1048572		56		1048516
[20:52:40]		1048572		56		1048516
[20:52:43]		1048572		56		1048516
[20:52:46]		1048572		56		1048516
[20:52:49]		1048572		56		1048516
[20:52:52]		1048572		56		1048516
[20:52:55]		1048572		56		1048516
[20:52:58]		1048572		56		1048516
[20:53:01]		1048572		56		1048516
[20:53:04]		1048572		56		1048516
[20:53:07]		1048572		56		1048516
[20:53:10]		1048572		56		1048516
[20:53:13]		1048572		56		1048516
[20:53:16]		1048572		56		1048516
[20:53:19]		1048572		56		1048516
[20:53:22]		1048572		56		1048516
[20:53:25]		1048572		56		1048516
[20:53:28]		1048572		56		1048516
[20:53:31]		1048572		56		1048516
[20:53:34]		1048572		56		1048516
[20:53:37]		1048572		56		1048516
[20:53:40]		1048572		56		1048516
[20:53:43]		1048572		56		1048516
[20:53:46]		1048572		56		1048516
[20:53:49]		1048572		56		1048516
[20:53:52]		1048572		56		1048516
[20:53:55]		1048572		56		1048516
[20:53:58]		1048572		56		1048516
[20:54:01]		1048572		56		1048516
[20:54:04]		1048572		56		1048516
[20:54:07]		1048572		56		1048516
[20:54:10]		1048572		56		1048516
[20:54:13]		1048572		56		1048516
[20:54:16]		1048572		56		1048516
[20:54:19]		1048572		56		1048516
[20:54:22]		1048572		56		1048516
[20:54:25]		1048572		56		1048516
[20:54:28]		1048572		56		1048516
[20:54:31]		1048572		56		1048516
[20:54:34]		1048572		56		1048516
[20:54:37]		1048572		56		1048516
[20:54:40]		1048572		56		1048516
[20:54:43]		1048572		56		1048516
[20:54:46]		1048572		56		1048516
[20:54:49]		1048572		56		1048516
